[2024-01-04T19:52:42.062+0000] {processor.py:161} INFO - Started process (PID=118) to work on /home/airflow/.local/lib/python3.8/site-packages/airflow/example_dags/example_nested_branch_dag.py
[2024-01-04T19:52:42.074+0000] {processor.py:830} INFO - Processing file /home/airflow/.local/lib/python3.8/site-packages/airflow/example_dags/example_nested_branch_dag.py for tasks to queue
[2024-01-04T19:52:42.080+0000] {logging_mixin.py:188} INFO - [2024-01-04T19:52:42.079+0000] {dagbag.py:538} INFO - Filling up the DagBag from /home/airflow/.local/lib/python3.8/site-packages/airflow/example_dags/example_nested_branch_dag.py
[2024-01-04T19:52:42.133+0000] {processor.py:840} INFO - DAG(s) 'example_nested_branch_dag' retrieved from /home/airflow/.local/lib/python3.8/site-packages/airflow/example_dags/example_nested_branch_dag.py
[2024-01-04T19:52:43.138+0000] {logging_mixin.py:188} INFO - [2024-01-04T19:52:43.138+0000] {dag.py:3033} INFO - Sync 1 DAGs
[2024-01-04T19:52:43.450+0000] {logging_mixin.py:188} INFO - [2024-01-04T19:52:43.450+0000] {dag.py:3820} INFO - Setting next_dagrun for example_nested_branch_dag to 2024-01-03T00:00:00+00:00, run_after=2024-01-04T00:00:00+00:00
[2024-01-04T19:52:43.515+0000] {processor.py:183} INFO - Processing /home/airflow/.local/lib/python3.8/site-packages/airflow/example_dags/example_nested_branch_dag.py took 1.460 seconds
[2024-01-04T19:53:18.200+0000] {processor.py:161} INFO - Started process (PID=174) to work on /home/airflow/.local/lib/python3.8/site-packages/airflow/example_dags/example_nested_branch_dag.py
[2024-01-04T19:53:18.202+0000] {processor.py:830} INFO - Processing file /home/airflow/.local/lib/python3.8/site-packages/airflow/example_dags/example_nested_branch_dag.py for tasks to queue
[2024-01-04T19:53:18.206+0000] {logging_mixin.py:188} INFO - [2024-01-04T19:53:18.205+0000] {dagbag.py:538} INFO - Filling up the DagBag from /home/airflow/.local/lib/python3.8/site-packages/airflow/example_dags/example_nested_branch_dag.py
[2024-01-04T19:53:18.229+0000] {processor.py:840} INFO - DAG(s) 'example_nested_branch_dag' retrieved from /home/airflow/.local/lib/python3.8/site-packages/airflow/example_dags/example_nested_branch_dag.py
[2024-01-04T19:53:18.274+0000] {logging_mixin.py:188} INFO - [2024-01-04T19:53:18.274+0000] {dag.py:3033} INFO - Sync 1 DAGs
[2024-01-04T19:53:18.321+0000] {logging_mixin.py:188} INFO - [2024-01-04T19:53:18.320+0000] {dag.py:3820} INFO - Setting next_dagrun for example_nested_branch_dag to 2024-01-03T00:00:00+00:00, run_after=2024-01-04T00:00:00+00:00
[2024-01-04T19:53:18.354+0000] {processor.py:183} INFO - Processing /home/airflow/.local/lib/python3.8/site-packages/airflow/example_dags/example_nested_branch_dag.py took 0.158 seconds
[2024-01-04T19:53:48.426+0000] {processor.py:161} INFO - Started process (PID=228) to work on /home/airflow/.local/lib/python3.8/site-packages/airflow/example_dags/example_nested_branch_dag.py
[2024-01-04T19:53:48.428+0000] {processor.py:830} INFO - Processing file /home/airflow/.local/lib/python3.8/site-packages/airflow/example_dags/example_nested_branch_dag.py for tasks to queue
[2024-01-04T19:53:48.431+0000] {logging_mixin.py:188} INFO - [2024-01-04T19:53:48.431+0000] {dagbag.py:538} INFO - Filling up the DagBag from /home/airflow/.local/lib/python3.8/site-packages/airflow/example_dags/example_nested_branch_dag.py
[2024-01-04T19:53:48.443+0000] {processor.py:840} INFO - DAG(s) 'example_nested_branch_dag' retrieved from /home/airflow/.local/lib/python3.8/site-packages/airflow/example_dags/example_nested_branch_dag.py
[2024-01-04T19:53:48.469+0000] {logging_mixin.py:188} INFO - [2024-01-04T19:53:48.469+0000] {dag.py:3033} INFO - Sync 1 DAGs
[2024-01-04T19:53:48.498+0000] {logging_mixin.py:188} INFO - [2024-01-04T19:53:48.497+0000] {dag.py:3820} INFO - Setting next_dagrun for example_nested_branch_dag to 2024-01-03T00:00:00+00:00, run_after=2024-01-04T00:00:00+00:00
[2024-01-04T19:53:48.533+0000] {processor.py:183} INFO - Processing /home/airflow/.local/lib/python3.8/site-packages/airflow/example_dags/example_nested_branch_dag.py took 0.112 seconds
[2024-01-04T19:54:24.955+0000] {processor.py:161} INFO - Started process (PID=284) to work on /home/airflow/.local/lib/python3.8/site-packages/airflow/example_dags/example_nested_branch_dag.py
[2024-01-04T19:54:24.957+0000] {processor.py:830} INFO - Processing file /home/airflow/.local/lib/python3.8/site-packages/airflow/example_dags/example_nested_branch_dag.py for tasks to queue
[2024-01-04T19:54:24.963+0000] {logging_mixin.py:188} INFO - [2024-01-04T19:54:24.963+0000] {dagbag.py:538} INFO - Filling up the DagBag from /home/airflow/.local/lib/python3.8/site-packages/airflow/example_dags/example_nested_branch_dag.py
[2024-01-04T19:54:24.984+0000] {processor.py:840} INFO - DAG(s) 'example_nested_branch_dag' retrieved from /home/airflow/.local/lib/python3.8/site-packages/airflow/example_dags/example_nested_branch_dag.py
[2024-01-04T19:54:25.048+0000] {logging_mixin.py:188} INFO - [2024-01-04T19:54:25.047+0000] {dag.py:3033} INFO - Sync 1 DAGs
[2024-01-04T19:54:25.177+0000] {logging_mixin.py:188} INFO - [2024-01-04T19:54:25.177+0000] {dag.py:3820} INFO - Setting next_dagrun for example_nested_branch_dag to 2024-01-03T00:00:00+00:00, run_after=2024-01-04T00:00:00+00:00
[2024-01-04T19:54:25.376+0000] {processor.py:183} INFO - Processing /home/airflow/.local/lib/python3.8/site-packages/airflow/example_dags/example_nested_branch_dag.py took 0.442 seconds
[2024-01-04T19:55:01.909+0000] {processor.py:161} INFO - Started process (PID=341) to work on /home/airflow/.local/lib/python3.8/site-packages/airflow/example_dags/example_nested_branch_dag.py
[2024-01-04T19:55:01.922+0000] {processor.py:830} INFO - Processing file /home/airflow/.local/lib/python3.8/site-packages/airflow/example_dags/example_nested_branch_dag.py for tasks to queue
[2024-01-04T19:55:01.925+0000] {logging_mixin.py:188} INFO - [2024-01-04T19:55:01.924+0000] {dagbag.py:538} INFO - Filling up the DagBag from /home/airflow/.local/lib/python3.8/site-packages/airflow/example_dags/example_nested_branch_dag.py
[2024-01-04T19:55:01.941+0000] {processor.py:840} INFO - DAG(s) 'example_nested_branch_dag' retrieved from /home/airflow/.local/lib/python3.8/site-packages/airflow/example_dags/example_nested_branch_dag.py
[2024-01-04T19:55:01.977+0000] {logging_mixin.py:188} INFO - [2024-01-04T19:55:01.977+0000] {dag.py:3033} INFO - Sync 1 DAGs
[2024-01-04T19:55:02.010+0000] {logging_mixin.py:188} INFO - [2024-01-04T19:55:02.010+0000] {dag.py:3820} INFO - Setting next_dagrun for example_nested_branch_dag to 2024-01-03T00:00:00+00:00, run_after=2024-01-04T00:00:00+00:00
[2024-01-04T19:55:02.098+0000] {processor.py:183} INFO - Processing /home/airflow/.local/lib/python3.8/site-packages/airflow/example_dags/example_nested_branch_dag.py took 0.192 seconds
[2024-01-04T19:55:43.742+0000] {processor.py:161} INFO - Started process (PID=401) to work on /home/airflow/.local/lib/python3.8/site-packages/airflow/example_dags/example_nested_branch_dag.py
[2024-01-04T19:55:43.744+0000] {processor.py:830} INFO - Processing file /home/airflow/.local/lib/python3.8/site-packages/airflow/example_dags/example_nested_branch_dag.py for tasks to queue
[2024-01-04T19:55:43.748+0000] {logging_mixin.py:188} INFO - [2024-01-04T19:55:43.747+0000] {dagbag.py:538} INFO - Filling up the DagBag from /home/airflow/.local/lib/python3.8/site-packages/airflow/example_dags/example_nested_branch_dag.py
[2024-01-04T19:55:43.780+0000] {processor.py:840} INFO - DAG(s) 'example_nested_branch_dag' retrieved from /home/airflow/.local/lib/python3.8/site-packages/airflow/example_dags/example_nested_branch_dag.py
[2024-01-04T19:55:43.845+0000] {logging_mixin.py:188} INFO - [2024-01-04T19:55:43.844+0000] {dag.py:3033} INFO - Sync 1 DAGs
[2024-01-04T19:55:43.922+0000] {logging_mixin.py:188} INFO - [2024-01-04T19:55:43.921+0000] {dag.py:3820} INFO - Setting next_dagrun for example_nested_branch_dag to 2024-01-03T00:00:00+00:00, run_after=2024-01-04T00:00:00+00:00
[2024-01-04T19:55:44.149+0000] {processor.py:183} INFO - Processing /home/airflow/.local/lib/python3.8/site-packages/airflow/example_dags/example_nested_branch_dag.py took 0.415 seconds
[2024-01-04T19:56:14.793+0000] {processor.py:161} INFO - Started process (PID=457) to work on /home/airflow/.local/lib/python3.8/site-packages/airflow/example_dags/example_nested_branch_dag.py
[2024-01-04T19:56:14.794+0000] {processor.py:830} INFO - Processing file /home/airflow/.local/lib/python3.8/site-packages/airflow/example_dags/example_nested_branch_dag.py for tasks to queue
[2024-01-04T19:56:14.799+0000] {logging_mixin.py:188} INFO - [2024-01-04T19:56:14.798+0000] {dagbag.py:538} INFO - Filling up the DagBag from /home/airflow/.local/lib/python3.8/site-packages/airflow/example_dags/example_nested_branch_dag.py
[2024-01-04T19:56:14.836+0000] {processor.py:840} INFO - DAG(s) 'example_nested_branch_dag' retrieved from /home/airflow/.local/lib/python3.8/site-packages/airflow/example_dags/example_nested_branch_dag.py
[2024-01-04T19:56:14.912+0000] {logging_mixin.py:188} INFO - [2024-01-04T19:56:14.911+0000] {dag.py:3033} INFO - Sync 1 DAGs
[2024-01-04T19:56:15.031+0000] {logging_mixin.py:188} INFO - [2024-01-04T19:56:15.021+0000] {dag.py:3820} INFO - Setting next_dagrun for example_nested_branch_dag to 2024-01-03T00:00:00+00:00, run_after=2024-01-04T00:00:00+00:00
[2024-01-04T19:56:15.161+0000] {processor.py:183} INFO - Processing /home/airflow/.local/lib/python3.8/site-packages/airflow/example_dags/example_nested_branch_dag.py took 0.376 seconds
[2024-01-04T19:56:47.667+0000] {processor.py:161} INFO - Started process (PID=511) to work on /home/airflow/.local/lib/python3.8/site-packages/airflow/example_dags/example_nested_branch_dag.py
[2024-01-04T19:56:47.668+0000] {processor.py:830} INFO - Processing file /home/airflow/.local/lib/python3.8/site-packages/airflow/example_dags/example_nested_branch_dag.py for tasks to queue
[2024-01-04T19:56:47.672+0000] {logging_mixin.py:188} INFO - [2024-01-04T19:56:47.671+0000] {dagbag.py:538} INFO - Filling up the DagBag from /home/airflow/.local/lib/python3.8/site-packages/airflow/example_dags/example_nested_branch_dag.py
[2024-01-04T19:56:47.686+0000] {processor.py:840} INFO - DAG(s) 'example_nested_branch_dag' retrieved from /home/airflow/.local/lib/python3.8/site-packages/airflow/example_dags/example_nested_branch_dag.py
[2024-01-04T19:56:47.760+0000] {logging_mixin.py:188} INFO - [2024-01-04T19:56:47.760+0000] {dag.py:3033} INFO - Sync 1 DAGs
[2024-01-04T19:56:47.788+0000] {logging_mixin.py:188} INFO - [2024-01-04T19:56:47.787+0000] {dag.py:3820} INFO - Setting next_dagrun for example_nested_branch_dag to 2024-01-03T00:00:00+00:00, run_after=2024-01-04T00:00:00+00:00
[2024-01-04T19:56:48.312+0000] {processor.py:183} INFO - Processing /home/airflow/.local/lib/python3.8/site-packages/airflow/example_dags/example_nested_branch_dag.py took 0.649 seconds
[2024-01-04T19:57:18.756+0000] {processor.py:161} INFO - Started process (PID=567) to work on /home/airflow/.local/lib/python3.8/site-packages/airflow/example_dags/example_nested_branch_dag.py
[2024-01-04T19:57:18.758+0000] {processor.py:830} INFO - Processing file /home/airflow/.local/lib/python3.8/site-packages/airflow/example_dags/example_nested_branch_dag.py for tasks to queue
[2024-01-04T19:57:18.761+0000] {logging_mixin.py:188} INFO - [2024-01-04T19:57:18.761+0000] {dagbag.py:538} INFO - Filling up the DagBag from /home/airflow/.local/lib/python3.8/site-packages/airflow/example_dags/example_nested_branch_dag.py
[2024-01-04T19:57:18.774+0000] {processor.py:840} INFO - DAG(s) 'example_nested_branch_dag' retrieved from /home/airflow/.local/lib/python3.8/site-packages/airflow/example_dags/example_nested_branch_dag.py
[2024-01-04T19:57:18.803+0000] {logging_mixin.py:188} INFO - [2024-01-04T19:57:18.803+0000] {dag.py:3033} INFO - Sync 1 DAGs
[2024-01-04T19:57:18.833+0000] {logging_mixin.py:188} INFO - [2024-01-04T19:57:18.833+0000] {dag.py:3820} INFO - Setting next_dagrun for example_nested_branch_dag to 2024-01-03T00:00:00+00:00, run_after=2024-01-04T00:00:00+00:00
[2024-01-04T19:57:18.870+0000] {processor.py:183} INFO - Processing /home/airflow/.local/lib/python3.8/site-packages/airflow/example_dags/example_nested_branch_dag.py took 0.117 seconds
[2024-01-04T19:57:49.383+0000] {processor.py:161} INFO - Started process (PID=623) to work on /home/airflow/.local/lib/python3.8/site-packages/airflow/example_dags/example_nested_branch_dag.py
[2024-01-04T19:57:49.385+0000] {processor.py:830} INFO - Processing file /home/airflow/.local/lib/python3.8/site-packages/airflow/example_dags/example_nested_branch_dag.py for tasks to queue
[2024-01-04T19:57:49.388+0000] {logging_mixin.py:188} INFO - [2024-01-04T19:57:49.387+0000] {dagbag.py:538} INFO - Filling up the DagBag from /home/airflow/.local/lib/python3.8/site-packages/airflow/example_dags/example_nested_branch_dag.py
[2024-01-04T19:57:49.404+0000] {processor.py:840} INFO - DAG(s) 'example_nested_branch_dag' retrieved from /home/airflow/.local/lib/python3.8/site-packages/airflow/example_dags/example_nested_branch_dag.py
[2024-01-04T19:57:49.435+0000] {logging_mixin.py:188} INFO - [2024-01-04T19:57:49.435+0000] {dag.py:3033} INFO - Sync 1 DAGs
[2024-01-04T19:57:49.464+0000] {logging_mixin.py:188} INFO - [2024-01-04T19:57:49.464+0000] {dag.py:3820} INFO - Setting next_dagrun for example_nested_branch_dag to 2024-01-03T00:00:00+00:00, run_after=2024-01-04T00:00:00+00:00
[2024-01-04T19:57:49.495+0000] {processor.py:183} INFO - Processing /home/airflow/.local/lib/python3.8/site-packages/airflow/example_dags/example_nested_branch_dag.py took 0.116 seconds
[2024-01-04T19:58:19.676+0000] {processor.py:161} INFO - Started process (PID=679) to work on /home/airflow/.local/lib/python3.8/site-packages/airflow/example_dags/example_nested_branch_dag.py
[2024-01-04T19:58:19.677+0000] {processor.py:830} INFO - Processing file /home/airflow/.local/lib/python3.8/site-packages/airflow/example_dags/example_nested_branch_dag.py for tasks to queue
[2024-01-04T19:58:19.680+0000] {logging_mixin.py:188} INFO - [2024-01-04T19:58:19.680+0000] {dagbag.py:538} INFO - Filling up the DagBag from /home/airflow/.local/lib/python3.8/site-packages/airflow/example_dags/example_nested_branch_dag.py
[2024-01-04T19:58:19.692+0000] {processor.py:840} INFO - DAG(s) 'example_nested_branch_dag' retrieved from /home/airflow/.local/lib/python3.8/site-packages/airflow/example_dags/example_nested_branch_dag.py
[2024-01-04T19:58:19.718+0000] {logging_mixin.py:188} INFO - [2024-01-04T19:58:19.718+0000] {dag.py:3033} INFO - Sync 1 DAGs
[2024-01-04T19:58:19.746+0000] {logging_mixin.py:188} INFO - [2024-01-04T19:58:19.745+0000] {dag.py:3820} INFO - Setting next_dagrun for example_nested_branch_dag to 2024-01-03T00:00:00+00:00, run_after=2024-01-04T00:00:00+00:00
[2024-01-04T19:58:19.777+0000] {processor.py:183} INFO - Processing /home/airflow/.local/lib/python3.8/site-packages/airflow/example_dags/example_nested_branch_dag.py took 0.105 seconds
[2024-01-04T19:58:50.191+0000] {processor.py:161} INFO - Started process (PID=735) to work on /home/airflow/.local/lib/python3.8/site-packages/airflow/example_dags/example_nested_branch_dag.py
[2024-01-04T19:58:50.192+0000] {processor.py:830} INFO - Processing file /home/airflow/.local/lib/python3.8/site-packages/airflow/example_dags/example_nested_branch_dag.py for tasks to queue
[2024-01-04T19:58:50.195+0000] {logging_mixin.py:188} INFO - [2024-01-04T19:58:50.195+0000] {dagbag.py:538} INFO - Filling up the DagBag from /home/airflow/.local/lib/python3.8/site-packages/airflow/example_dags/example_nested_branch_dag.py
[2024-01-04T19:58:50.206+0000] {processor.py:840} INFO - DAG(s) 'example_nested_branch_dag' retrieved from /home/airflow/.local/lib/python3.8/site-packages/airflow/example_dags/example_nested_branch_dag.py
[2024-01-04T19:58:50.235+0000] {logging_mixin.py:188} INFO - [2024-01-04T19:58:50.235+0000] {dag.py:3033} INFO - Sync 1 DAGs
[2024-01-04T19:58:50.265+0000] {logging_mixin.py:188} INFO - [2024-01-04T19:58:50.265+0000] {dag.py:3820} INFO - Setting next_dagrun for example_nested_branch_dag to 2024-01-03T00:00:00+00:00, run_after=2024-01-04T00:00:00+00:00
[2024-01-04T19:58:50.303+0000] {processor.py:183} INFO - Processing /home/airflow/.local/lib/python3.8/site-packages/airflow/example_dags/example_nested_branch_dag.py took 0.116 seconds
[2024-01-04T19:59:20.730+0000] {processor.py:161} INFO - Started process (PID=791) to work on /home/airflow/.local/lib/python3.8/site-packages/airflow/example_dags/example_nested_branch_dag.py
[2024-01-04T19:59:20.732+0000] {processor.py:830} INFO - Processing file /home/airflow/.local/lib/python3.8/site-packages/airflow/example_dags/example_nested_branch_dag.py for tasks to queue
[2024-01-04T19:59:20.735+0000] {logging_mixin.py:188} INFO - [2024-01-04T19:59:20.735+0000] {dagbag.py:538} INFO - Filling up the DagBag from /home/airflow/.local/lib/python3.8/site-packages/airflow/example_dags/example_nested_branch_dag.py
[2024-01-04T19:59:20.746+0000] {processor.py:840} INFO - DAG(s) 'example_nested_branch_dag' retrieved from /home/airflow/.local/lib/python3.8/site-packages/airflow/example_dags/example_nested_branch_dag.py
[2024-01-04T19:59:20.777+0000] {logging_mixin.py:188} INFO - [2024-01-04T19:59:20.776+0000] {dag.py:3033} INFO - Sync 1 DAGs
[2024-01-04T19:59:20.811+0000] {logging_mixin.py:188} INFO - [2024-01-04T19:59:20.811+0000] {dag.py:3820} INFO - Setting next_dagrun for example_nested_branch_dag to 2024-01-03T00:00:00+00:00, run_after=2024-01-04T00:00:00+00:00
[2024-01-04T19:59:20.842+0000] {processor.py:183} INFO - Processing /home/airflow/.local/lib/python3.8/site-packages/airflow/example_dags/example_nested_branch_dag.py took 0.115 seconds
[2024-01-04T19:59:51.134+0000] {processor.py:161} INFO - Started process (PID=848) to work on /home/airflow/.local/lib/python3.8/site-packages/airflow/example_dags/example_nested_branch_dag.py
[2024-01-04T19:59:51.143+0000] {processor.py:830} INFO - Processing file /home/airflow/.local/lib/python3.8/site-packages/airflow/example_dags/example_nested_branch_dag.py for tasks to queue
[2024-01-04T19:59:51.147+0000] {logging_mixin.py:188} INFO - [2024-01-04T19:59:51.147+0000] {dagbag.py:538} INFO - Filling up the DagBag from /home/airflow/.local/lib/python3.8/site-packages/airflow/example_dags/example_nested_branch_dag.py
[2024-01-04T19:59:51.162+0000] {processor.py:840} INFO - DAG(s) 'example_nested_branch_dag' retrieved from /home/airflow/.local/lib/python3.8/site-packages/airflow/example_dags/example_nested_branch_dag.py
[2024-01-04T19:59:51.192+0000] {logging_mixin.py:188} INFO - [2024-01-04T19:59:51.192+0000] {dag.py:3033} INFO - Sync 1 DAGs
[2024-01-04T19:59:51.221+0000] {logging_mixin.py:188} INFO - [2024-01-04T19:59:51.220+0000] {dag.py:3820} INFO - Setting next_dagrun for example_nested_branch_dag to 2024-01-03T00:00:00+00:00, run_after=2024-01-04T00:00:00+00:00
[2024-01-04T19:59:51.259+0000] {processor.py:183} INFO - Processing /home/airflow/.local/lib/python3.8/site-packages/airflow/example_dags/example_nested_branch_dag.py took 0.129 seconds
[2024-01-04T20:00:21.605+0000] {processor.py:161} INFO - Started process (PID=904) to work on /home/airflow/.local/lib/python3.8/site-packages/airflow/example_dags/example_nested_branch_dag.py
[2024-01-04T20:00:21.606+0000] {processor.py:830} INFO - Processing file /home/airflow/.local/lib/python3.8/site-packages/airflow/example_dags/example_nested_branch_dag.py for tasks to queue
[2024-01-04T20:00:21.609+0000] {logging_mixin.py:188} INFO - [2024-01-04T20:00:21.609+0000] {dagbag.py:538} INFO - Filling up the DagBag from /home/airflow/.local/lib/python3.8/site-packages/airflow/example_dags/example_nested_branch_dag.py
[2024-01-04T20:00:21.623+0000] {processor.py:840} INFO - DAG(s) 'example_nested_branch_dag' retrieved from /home/airflow/.local/lib/python3.8/site-packages/airflow/example_dags/example_nested_branch_dag.py
[2024-01-04T20:00:21.651+0000] {logging_mixin.py:188} INFO - [2024-01-04T20:00:21.651+0000] {dag.py:3033} INFO - Sync 1 DAGs
[2024-01-04T20:00:21.682+0000] {logging_mixin.py:188} INFO - [2024-01-04T20:00:21.682+0000] {dag.py:3820} INFO - Setting next_dagrun for example_nested_branch_dag to 2024-01-03T00:00:00+00:00, run_after=2024-01-04T00:00:00+00:00
[2024-01-04T20:00:21.715+0000] {processor.py:183} INFO - Processing /home/airflow/.local/lib/python3.8/site-packages/airflow/example_dags/example_nested_branch_dag.py took 0.114 seconds
