[2024-01-04T19:52:38.422+0000] {processor.py:161} INFO - Started process (PID=114) to work on /home/airflow/.local/lib/python3.8/site-packages/airflow/example_dags/example_bash_operator.py
[2024-01-04T19:52:38.425+0000] {processor.py:830} INFO - Processing file /home/airflow/.local/lib/python3.8/site-packages/airflow/example_dags/example_bash_operator.py for tasks to queue
[2024-01-04T19:52:38.435+0000] {logging_mixin.py:188} INFO - [2024-01-04T19:52:38.434+0000] {dagbag.py:538} INFO - Filling up the DagBag from /home/airflow/.local/lib/python3.8/site-packages/airflow/example_dags/example_bash_operator.py
[2024-01-04T19:52:38.497+0000] {processor.py:840} INFO - DAG(s) 'example_bash_operator' retrieved from /home/airflow/.local/lib/python3.8/site-packages/airflow/example_dags/example_bash_operator.py
[2024-01-04T19:52:38.975+0000] {logging_mixin.py:188} INFO - [2024-01-04T19:52:38.974+0000] {dag.py:3033} INFO - Sync 1 DAGs
[2024-01-04T19:52:39.085+0000] {logging_mixin.py:188} INFO - [2024-01-04T19:52:39.084+0000] {dag.py:3820} INFO - Setting next_dagrun for example_bash_operator to 2024-01-03T00:00:00+00:00, run_after=2024-01-04T00:00:00+00:00
[2024-01-04T19:52:39.164+0000] {processor.py:183} INFO - Processing /home/airflow/.local/lib/python3.8/site-packages/airflow/example_dags/example_bash_operator.py took 0.752 seconds
[2024-01-04T19:53:15.995+0000] {processor.py:161} INFO - Started process (PID=170) to work on /home/airflow/.local/lib/python3.8/site-packages/airflow/example_dags/example_bash_operator.py
[2024-01-04T19:53:15.998+0000] {processor.py:830} INFO - Processing file /home/airflow/.local/lib/python3.8/site-packages/airflow/example_dags/example_bash_operator.py for tasks to queue
[2024-01-04T19:53:16.004+0000] {logging_mixin.py:188} INFO - [2024-01-04T19:53:16.003+0000] {dagbag.py:538} INFO - Filling up the DagBag from /home/airflow/.local/lib/python3.8/site-packages/airflow/example_dags/example_bash_operator.py
[2024-01-04T19:53:16.045+0000] {processor.py:840} INFO - DAG(s) 'example_bash_operator' retrieved from /home/airflow/.local/lib/python3.8/site-packages/airflow/example_dags/example_bash_operator.py
[2024-01-04T19:53:16.108+0000] {logging_mixin.py:188} INFO - [2024-01-04T19:53:16.107+0000] {dag.py:3033} INFO - Sync 1 DAGs
[2024-01-04T19:53:16.160+0000] {logging_mixin.py:188} INFO - [2024-01-04T19:53:16.160+0000] {dag.py:3820} INFO - Setting next_dagrun for example_bash_operator to 2024-01-03T00:00:00+00:00, run_after=2024-01-04T00:00:00+00:00
[2024-01-04T19:53:16.202+0000] {processor.py:183} INFO - Processing /home/airflow/.local/lib/python3.8/site-packages/airflow/example_dags/example_bash_operator.py took 0.219 seconds
[2024-01-04T19:53:46.638+0000] {processor.py:161} INFO - Started process (PID=224) to work on /home/airflow/.local/lib/python3.8/site-packages/airflow/example_dags/example_bash_operator.py
[2024-01-04T19:53:46.646+0000] {processor.py:830} INFO - Processing file /home/airflow/.local/lib/python3.8/site-packages/airflow/example_dags/example_bash_operator.py for tasks to queue
[2024-01-04T19:53:46.649+0000] {logging_mixin.py:188} INFO - [2024-01-04T19:53:46.649+0000] {dagbag.py:538} INFO - Filling up the DagBag from /home/airflow/.local/lib/python3.8/site-packages/airflow/example_dags/example_bash_operator.py
[2024-01-04T19:53:46.672+0000] {processor.py:840} INFO - DAG(s) 'example_bash_operator' retrieved from /home/airflow/.local/lib/python3.8/site-packages/airflow/example_dags/example_bash_operator.py
[2024-01-04T19:53:46.718+0000] {logging_mixin.py:188} INFO - [2024-01-04T19:53:46.717+0000] {dag.py:3033} INFO - Sync 1 DAGs
[2024-01-04T19:53:46.767+0000] {logging_mixin.py:188} INFO - [2024-01-04T19:53:46.767+0000] {dag.py:3820} INFO - Setting next_dagrun for example_bash_operator to 2024-01-03T00:00:00+00:00, run_after=2024-01-04T00:00:00+00:00
[2024-01-04T19:53:46.797+0000] {processor.py:183} INFO - Processing /home/airflow/.local/lib/python3.8/site-packages/airflow/example_dags/example_bash_operator.py took 0.164 seconds
[2024-01-04T19:54:24.333+0000] {processor.py:161} INFO - Started process (PID=280) to work on /home/airflow/.local/lib/python3.8/site-packages/airflow/example_dags/example_bash_operator.py
[2024-01-04T19:54:24.335+0000] {processor.py:830} INFO - Processing file /home/airflow/.local/lib/python3.8/site-packages/airflow/example_dags/example_bash_operator.py for tasks to queue
[2024-01-04T19:54:24.339+0000] {logging_mixin.py:188} INFO - [2024-01-04T19:54:24.338+0000] {dagbag.py:538} INFO - Filling up the DagBag from /home/airflow/.local/lib/python3.8/site-packages/airflow/example_dags/example_bash_operator.py
[2024-01-04T19:54:24.358+0000] {processor.py:840} INFO - DAG(s) 'example_bash_operator' retrieved from /home/airflow/.local/lib/python3.8/site-packages/airflow/example_dags/example_bash_operator.py
[2024-01-04T19:54:24.412+0000] {logging_mixin.py:188} INFO - [2024-01-04T19:54:24.412+0000] {dag.py:3033} INFO - Sync 1 DAGs
[2024-01-04T19:54:24.448+0000] {logging_mixin.py:188} INFO - [2024-01-04T19:54:24.447+0000] {dag.py:3820} INFO - Setting next_dagrun for example_bash_operator to 2024-01-03T00:00:00+00:00, run_after=2024-01-04T00:00:00+00:00
[2024-01-04T19:54:24.504+0000] {processor.py:183} INFO - Processing /home/airflow/.local/lib/python3.8/site-packages/airflow/example_dags/example_bash_operator.py took 0.176 seconds
[2024-01-04T19:55:01.080+0000] {processor.py:161} INFO - Started process (PID=337) to work on /home/airflow/.local/lib/python3.8/site-packages/airflow/example_dags/example_bash_operator.py
[2024-01-04T19:55:01.086+0000] {processor.py:830} INFO - Processing file /home/airflow/.local/lib/python3.8/site-packages/airflow/example_dags/example_bash_operator.py for tasks to queue
[2024-01-04T19:55:01.089+0000] {logging_mixin.py:188} INFO - [2024-01-04T19:55:01.089+0000] {dagbag.py:538} INFO - Filling up the DagBag from /home/airflow/.local/lib/python3.8/site-packages/airflow/example_dags/example_bash_operator.py
[2024-01-04T19:55:01.107+0000] {processor.py:840} INFO - DAG(s) 'example_bash_operator' retrieved from /home/airflow/.local/lib/python3.8/site-packages/airflow/example_dags/example_bash_operator.py
[2024-01-04T19:55:01.148+0000] {logging_mixin.py:188} INFO - [2024-01-04T19:55:01.147+0000] {dag.py:3033} INFO - Sync 1 DAGs
[2024-01-04T19:55:01.179+0000] {logging_mixin.py:188} INFO - [2024-01-04T19:55:01.179+0000] {dag.py:3820} INFO - Setting next_dagrun for example_bash_operator to 2024-01-03T00:00:00+00:00, run_after=2024-01-04T00:00:00+00:00
[2024-01-04T19:55:01.262+0000] {processor.py:183} INFO - Processing /home/airflow/.local/lib/python3.8/site-packages/airflow/example_dags/example_bash_operator.py took 0.187 seconds
[2024-01-04T19:55:43.253+0000] {processor.py:161} INFO - Started process (PID=397) to work on /home/airflow/.local/lib/python3.8/site-packages/airflow/example_dags/example_bash_operator.py
[2024-01-04T19:55:43.254+0000] {processor.py:830} INFO - Processing file /home/airflow/.local/lib/python3.8/site-packages/airflow/example_dags/example_bash_operator.py for tasks to queue
[2024-01-04T19:55:43.257+0000] {logging_mixin.py:188} INFO - [2024-01-04T19:55:43.257+0000] {dagbag.py:538} INFO - Filling up the DagBag from /home/airflow/.local/lib/python3.8/site-packages/airflow/example_dags/example_bash_operator.py
[2024-01-04T19:55:43.278+0000] {processor.py:840} INFO - DAG(s) 'example_bash_operator' retrieved from /home/airflow/.local/lib/python3.8/site-packages/airflow/example_dags/example_bash_operator.py
[2024-01-04T19:55:43.345+0000] {logging_mixin.py:188} INFO - [2024-01-04T19:55:43.344+0000] {dag.py:3033} INFO - Sync 1 DAGs
[2024-01-04T19:55:43.404+0000] {logging_mixin.py:188} INFO - [2024-01-04T19:55:43.404+0000] {dag.py:3820} INFO - Setting next_dagrun for example_bash_operator to 2024-01-03T00:00:00+00:00, run_after=2024-01-04T00:00:00+00:00
[2024-01-04T19:55:43.455+0000] {processor.py:183} INFO - Processing /home/airflow/.local/lib/python3.8/site-packages/airflow/example_dags/example_bash_operator.py took 0.208 seconds
[2024-01-04T19:56:14.007+0000] {processor.py:161} INFO - Started process (PID=451) to work on /home/airflow/.local/lib/python3.8/site-packages/airflow/example_dags/example_bash_operator.py
[2024-01-04T19:56:14.008+0000] {processor.py:830} INFO - Processing file /home/airflow/.local/lib/python3.8/site-packages/airflow/example_dags/example_bash_operator.py for tasks to queue
[2024-01-04T19:56:14.011+0000] {logging_mixin.py:188} INFO - [2024-01-04T19:56:14.011+0000] {dagbag.py:538} INFO - Filling up the DagBag from /home/airflow/.local/lib/python3.8/site-packages/airflow/example_dags/example_bash_operator.py
[2024-01-04T19:56:14.027+0000] {processor.py:840} INFO - DAG(s) 'example_bash_operator' retrieved from /home/airflow/.local/lib/python3.8/site-packages/airflow/example_dags/example_bash_operator.py
[2024-01-04T19:56:14.065+0000] {logging_mixin.py:188} INFO - [2024-01-04T19:56:14.065+0000] {dag.py:3033} INFO - Sync 1 DAGs
[2024-01-04T19:56:14.093+0000] {logging_mixin.py:188} INFO - [2024-01-04T19:56:14.093+0000] {dag.py:3820} INFO - Setting next_dagrun for example_bash_operator to 2024-01-03T00:00:00+00:00, run_after=2024-01-04T00:00:00+00:00
[2024-01-04T19:56:14.133+0000] {processor.py:183} INFO - Processing /home/airflow/.local/lib/python3.8/site-packages/airflow/example_dags/example_bash_operator.py took 0.130 seconds
[2024-01-04T19:56:44.907+0000] {processor.py:161} INFO - Started process (PID=507) to work on /home/airflow/.local/lib/python3.8/site-packages/airflow/example_dags/example_bash_operator.py
[2024-01-04T19:56:44.908+0000] {processor.py:830} INFO - Processing file /home/airflow/.local/lib/python3.8/site-packages/airflow/example_dags/example_bash_operator.py for tasks to queue
[2024-01-04T19:56:44.910+0000] {logging_mixin.py:188} INFO - [2024-01-04T19:56:44.910+0000] {dagbag.py:538} INFO - Filling up the DagBag from /home/airflow/.local/lib/python3.8/site-packages/airflow/example_dags/example_bash_operator.py
[2024-01-04T19:56:44.924+0000] {processor.py:840} INFO - DAG(s) 'example_bash_operator' retrieved from /home/airflow/.local/lib/python3.8/site-packages/airflow/example_dags/example_bash_operator.py
[2024-01-04T19:56:44.959+0000] {logging_mixin.py:188} INFO - [2024-01-04T19:56:44.959+0000] {dag.py:3033} INFO - Sync 1 DAGs
[2024-01-04T19:56:44.989+0000] {logging_mixin.py:188} INFO - [2024-01-04T19:56:44.989+0000] {dag.py:3820} INFO - Setting next_dagrun for example_bash_operator to 2024-01-03T00:00:00+00:00, run_after=2024-01-04T00:00:00+00:00
[2024-01-04T19:56:45.219+0000] {processor.py:183} INFO - Processing /home/airflow/.local/lib/python3.8/site-packages/airflow/example_dags/example_bash_operator.py took 0.316 seconds
[2024-01-04T19:57:15.540+0000] {processor.py:161} INFO - Started process (PID=563) to work on /home/airflow/.local/lib/python3.8/site-packages/airflow/example_dags/example_bash_operator.py
[2024-01-04T19:57:15.541+0000] {processor.py:830} INFO - Processing file /home/airflow/.local/lib/python3.8/site-packages/airflow/example_dags/example_bash_operator.py for tasks to queue
[2024-01-04T19:57:15.545+0000] {logging_mixin.py:188} INFO - [2024-01-04T19:57:15.545+0000] {dagbag.py:538} INFO - Filling up the DagBag from /home/airflow/.local/lib/python3.8/site-packages/airflow/example_dags/example_bash_operator.py
[2024-01-04T19:57:15.562+0000] {processor.py:840} INFO - DAG(s) 'example_bash_operator' retrieved from /home/airflow/.local/lib/python3.8/site-packages/airflow/example_dags/example_bash_operator.py
[2024-01-04T19:57:15.603+0000] {logging_mixin.py:188} INFO - [2024-01-04T19:57:15.602+0000] {dag.py:3033} INFO - Sync 1 DAGs
[2024-01-04T19:57:15.631+0000] {logging_mixin.py:188} INFO - [2024-01-04T19:57:15.631+0000] {dag.py:3820} INFO - Setting next_dagrun for example_bash_operator to 2024-01-03T00:00:00+00:00, run_after=2024-01-04T00:00:00+00:00
[2024-01-04T19:57:15.664+0000] {processor.py:183} INFO - Processing /home/airflow/.local/lib/python3.8/site-packages/airflow/example_dags/example_bash_operator.py took 0.129 seconds
[2024-01-04T19:57:46.031+0000] {processor.py:161} INFO - Started process (PID=619) to work on /home/airflow/.local/lib/python3.8/site-packages/airflow/example_dags/example_bash_operator.py
[2024-01-04T19:57:46.036+0000] {processor.py:830} INFO - Processing file /home/airflow/.local/lib/python3.8/site-packages/airflow/example_dags/example_bash_operator.py for tasks to queue
[2024-01-04T19:57:46.043+0000] {logging_mixin.py:188} INFO - [2024-01-04T19:57:46.043+0000] {dagbag.py:538} INFO - Filling up the DagBag from /home/airflow/.local/lib/python3.8/site-packages/airflow/example_dags/example_bash_operator.py
[2024-01-04T19:57:46.066+0000] {processor.py:840} INFO - DAG(s) 'example_bash_operator' retrieved from /home/airflow/.local/lib/python3.8/site-packages/airflow/example_dags/example_bash_operator.py
[2024-01-04T19:57:46.113+0000] {logging_mixin.py:188} INFO - [2024-01-04T19:57:46.111+0000] {dag.py:3033} INFO - Sync 1 DAGs
[2024-01-04T19:57:46.151+0000] {logging_mixin.py:188} INFO - [2024-01-04T19:57:46.150+0000] {dag.py:3820} INFO - Setting next_dagrun for example_bash_operator to 2024-01-03T00:00:00+00:00, run_after=2024-01-04T00:00:00+00:00
[2024-01-04T19:57:46.189+0000] {processor.py:183} INFO - Processing /home/airflow/.local/lib/python3.8/site-packages/airflow/example_dags/example_bash_operator.py took 0.163 seconds
[2024-01-04T19:58:16.337+0000] {processor.py:161} INFO - Started process (PID=675) to work on /home/airflow/.local/lib/python3.8/site-packages/airflow/example_dags/example_bash_operator.py
[2024-01-04T19:58:16.339+0000] {processor.py:830} INFO - Processing file /home/airflow/.local/lib/python3.8/site-packages/airflow/example_dags/example_bash_operator.py for tasks to queue
[2024-01-04T19:58:16.342+0000] {logging_mixin.py:188} INFO - [2024-01-04T19:58:16.341+0000] {dagbag.py:538} INFO - Filling up the DagBag from /home/airflow/.local/lib/python3.8/site-packages/airflow/example_dags/example_bash_operator.py
[2024-01-04T19:58:16.358+0000] {processor.py:840} INFO - DAG(s) 'example_bash_operator' retrieved from /home/airflow/.local/lib/python3.8/site-packages/airflow/example_dags/example_bash_operator.py
[2024-01-04T19:58:16.398+0000] {logging_mixin.py:188} INFO - [2024-01-04T19:58:16.397+0000] {dag.py:3033} INFO - Sync 1 DAGs
[2024-01-04T19:58:16.429+0000] {logging_mixin.py:188} INFO - [2024-01-04T19:58:16.429+0000] {dag.py:3820} INFO - Setting next_dagrun for example_bash_operator to 2024-01-03T00:00:00+00:00, run_after=2024-01-04T00:00:00+00:00
[2024-01-04T19:58:16.453+0000] {processor.py:183} INFO - Processing /home/airflow/.local/lib/python3.8/site-packages/airflow/example_dags/example_bash_operator.py took 0.121 seconds
[2024-01-04T19:58:46.862+0000] {processor.py:161} INFO - Started process (PID=731) to work on /home/airflow/.local/lib/python3.8/site-packages/airflow/example_dags/example_bash_operator.py
[2024-01-04T19:58:46.863+0000] {processor.py:830} INFO - Processing file /home/airflow/.local/lib/python3.8/site-packages/airflow/example_dags/example_bash_operator.py for tasks to queue
[2024-01-04T19:58:46.866+0000] {logging_mixin.py:188} INFO - [2024-01-04T19:58:46.866+0000] {dagbag.py:538} INFO - Filling up the DagBag from /home/airflow/.local/lib/python3.8/site-packages/airflow/example_dags/example_bash_operator.py
[2024-01-04T19:58:46.880+0000] {processor.py:840} INFO - DAG(s) 'example_bash_operator' retrieved from /home/airflow/.local/lib/python3.8/site-packages/airflow/example_dags/example_bash_operator.py
[2024-01-04T19:58:46.918+0000] {logging_mixin.py:188} INFO - [2024-01-04T19:58:46.917+0000] {dag.py:3033} INFO - Sync 1 DAGs
[2024-01-04T19:58:46.949+0000] {logging_mixin.py:188} INFO - [2024-01-04T19:58:46.949+0000] {dag.py:3820} INFO - Setting next_dagrun for example_bash_operator to 2024-01-03T00:00:00+00:00, run_after=2024-01-04T00:00:00+00:00
[2024-01-04T19:58:46.976+0000] {processor.py:183} INFO - Processing /home/airflow/.local/lib/python3.8/site-packages/airflow/example_dags/example_bash_operator.py took 0.117 seconds
[2024-01-04T19:59:17.380+0000] {processor.py:161} INFO - Started process (PID=787) to work on /home/airflow/.local/lib/python3.8/site-packages/airflow/example_dags/example_bash_operator.py
[2024-01-04T19:59:17.382+0000] {processor.py:830} INFO - Processing file /home/airflow/.local/lib/python3.8/site-packages/airflow/example_dags/example_bash_operator.py for tasks to queue
[2024-01-04T19:59:17.386+0000] {logging_mixin.py:188} INFO - [2024-01-04T19:59:17.385+0000] {dagbag.py:538} INFO - Filling up the DagBag from /home/airflow/.local/lib/python3.8/site-packages/airflow/example_dags/example_bash_operator.py
[2024-01-04T19:59:17.406+0000] {processor.py:840} INFO - DAG(s) 'example_bash_operator' retrieved from /home/airflow/.local/lib/python3.8/site-packages/airflow/example_dags/example_bash_operator.py
[2024-01-04T19:59:17.465+0000] {logging_mixin.py:188} INFO - [2024-01-04T19:59:17.465+0000] {dag.py:3033} INFO - Sync 1 DAGs
[2024-01-04T19:59:17.507+0000] {logging_mixin.py:188} INFO - [2024-01-04T19:59:17.507+0000] {dag.py:3820} INFO - Setting next_dagrun for example_bash_operator to 2024-01-03T00:00:00+00:00, run_after=2024-01-04T00:00:00+00:00
[2024-01-04T19:59:17.546+0000] {processor.py:183} INFO - Processing /home/airflow/.local/lib/python3.8/site-packages/airflow/example_dags/example_bash_operator.py took 0.173 seconds
[2024-01-04T19:59:47.937+0000] {processor.py:161} INFO - Started process (PID=844) to work on /home/airflow/.local/lib/python3.8/site-packages/airflow/example_dags/example_bash_operator.py
[2024-01-04T19:59:47.939+0000] {processor.py:830} INFO - Processing file /home/airflow/.local/lib/python3.8/site-packages/airflow/example_dags/example_bash_operator.py for tasks to queue
[2024-01-04T19:59:47.942+0000] {logging_mixin.py:188} INFO - [2024-01-04T19:59:47.942+0000] {dagbag.py:538} INFO - Filling up the DagBag from /home/airflow/.local/lib/python3.8/site-packages/airflow/example_dags/example_bash_operator.py
[2024-01-04T19:59:47.956+0000] {processor.py:840} INFO - DAG(s) 'example_bash_operator' retrieved from /home/airflow/.local/lib/python3.8/site-packages/airflow/example_dags/example_bash_operator.py
[2024-01-04T19:59:47.995+0000] {logging_mixin.py:188} INFO - [2024-01-04T19:59:47.995+0000] {dag.py:3033} INFO - Sync 1 DAGs
[2024-01-04T19:59:48.026+0000] {logging_mixin.py:188} INFO - [2024-01-04T19:59:48.026+0000] {dag.py:3820} INFO - Setting next_dagrun for example_bash_operator to 2024-01-03T00:00:00+00:00, run_after=2024-01-04T00:00:00+00:00
[2024-01-04T19:59:48.053+0000] {processor.py:183} INFO - Processing /home/airflow/.local/lib/python3.8/site-packages/airflow/example_dags/example_bash_operator.py took 0.120 seconds
[2024-01-04T20:00:18.369+0000] {processor.py:161} INFO - Started process (PID=900) to work on /home/airflow/.local/lib/python3.8/site-packages/airflow/example_dags/example_bash_operator.py
[2024-01-04T20:00:18.371+0000] {processor.py:830} INFO - Processing file /home/airflow/.local/lib/python3.8/site-packages/airflow/example_dags/example_bash_operator.py for tasks to queue
[2024-01-04T20:00:18.373+0000] {logging_mixin.py:188} INFO - [2024-01-04T20:00:18.373+0000] {dagbag.py:538} INFO - Filling up the DagBag from /home/airflow/.local/lib/python3.8/site-packages/airflow/example_dags/example_bash_operator.py
[2024-01-04T20:00:18.387+0000] {processor.py:840} INFO - DAG(s) 'example_bash_operator' retrieved from /home/airflow/.local/lib/python3.8/site-packages/airflow/example_dags/example_bash_operator.py
[2024-01-04T20:00:18.421+0000] {logging_mixin.py:188} INFO - [2024-01-04T20:00:18.421+0000] {dag.py:3033} INFO - Sync 1 DAGs
[2024-01-04T20:00:18.454+0000] {logging_mixin.py:188} INFO - [2024-01-04T20:00:18.454+0000] {dag.py:3820} INFO - Setting next_dagrun for example_bash_operator to 2024-01-03T00:00:00+00:00, run_after=2024-01-04T00:00:00+00:00
[2024-01-04T20:00:18.490+0000] {processor.py:183} INFO - Processing /home/airflow/.local/lib/python3.8/site-packages/airflow/example_dags/example_bash_operator.py took 0.124 seconds
