[2024-01-04T19:53:00.310+0000] {processor.py:161} INFO - Started process (PID=128) to work on /home/airflow/.local/lib/python3.8/site-packages/airflow/example_dags/example_python_operator.py
[2024-01-04T19:53:00.312+0000] {processor.py:830} INFO - Processing file /home/airflow/.local/lib/python3.8/site-packages/airflow/example_dags/example_python_operator.py for tasks to queue
[2024-01-04T19:53:00.321+0000] {logging_mixin.py:188} INFO - [2024-01-04T19:53:00.319+0000] {dagbag.py:538} INFO - Filling up the DagBag from /home/airflow/.local/lib/python3.8/site-packages/airflow/example_dags/example_python_operator.py
[2024-01-04T19:53:00.364+0000] {processor.py:840} INFO - DAG(s) 'example_python_operator' retrieved from /home/airflow/.local/lib/python3.8/site-packages/airflow/example_dags/example_python_operator.py
[2024-01-04T19:53:00.744+0000] {logging_mixin.py:188} INFO - [2024-01-04T19:53:00.744+0000] {dag.py:3033} INFO - Sync 1 DAGs
[2024-01-04T19:53:00.899+0000] {logging_mixin.py:188} INFO - [2024-01-04T19:53:00.899+0000] {dag.py:3820} INFO - Setting next_dagrun for example_python_operator to None, run_after=None
[2024-01-04T19:53:01.034+0000] {processor.py:183} INFO - Processing /home/airflow/.local/lib/python3.8/site-packages/airflow/example_dags/example_python_operator.py took 0.729 seconds
[2024-01-04T19:53:35.255+0000] {processor.py:161} INFO - Started process (PID=184) to work on /home/airflow/.local/lib/python3.8/site-packages/airflow/example_dags/example_python_operator.py
[2024-01-04T19:53:35.300+0000] {processor.py:830} INFO - Processing file /home/airflow/.local/lib/python3.8/site-packages/airflow/example_dags/example_python_operator.py for tasks to queue
[2024-01-04T19:53:35.424+0000] {logging_mixin.py:188} INFO - [2024-01-04T19:53:35.423+0000] {dagbag.py:538} INFO - Filling up the DagBag from /home/airflow/.local/lib/python3.8/site-packages/airflow/example_dags/example_python_operator.py
[2024-01-04T19:53:36.558+0000] {processor.py:840} INFO - DAG(s) 'example_python_operator' retrieved from /home/airflow/.local/lib/python3.8/site-packages/airflow/example_dags/example_python_operator.py
[2024-01-04T19:53:36.674+0000] {logging_mixin.py:188} INFO - [2024-01-04T19:53:36.674+0000] {dag.py:3033} INFO - Sync 1 DAGs
[2024-01-04T19:53:36.714+0000] {logging_mixin.py:188} INFO - [2024-01-04T19:53:36.714+0000] {dag.py:3820} INFO - Setting next_dagrun for example_python_operator to None, run_after=None
[2024-01-04T19:53:37.551+0000] {processor.py:183} INFO - Processing /home/airflow/.local/lib/python3.8/site-packages/airflow/example_dags/example_python_operator.py took 2.304 seconds
[2024-01-04T19:54:08.883+0000] {processor.py:161} INFO - Started process (PID=240) to work on /home/airflow/.local/lib/python3.8/site-packages/airflow/example_dags/example_python_operator.py
[2024-01-04T19:54:08.889+0000] {processor.py:830} INFO - Processing file /home/airflow/.local/lib/python3.8/site-packages/airflow/example_dags/example_python_operator.py for tasks to queue
[2024-01-04T19:54:08.899+0000] {logging_mixin.py:188} INFO - [2024-01-04T19:54:08.899+0000] {dagbag.py:538} INFO - Filling up the DagBag from /home/airflow/.local/lib/python3.8/site-packages/airflow/example_dags/example_python_operator.py
[2024-01-04T19:54:09.016+0000] {processor.py:840} INFO - DAG(s) 'example_python_operator' retrieved from /home/airflow/.local/lib/python3.8/site-packages/airflow/example_dags/example_python_operator.py
[2024-01-04T19:54:09.147+0000] {logging_mixin.py:188} INFO - [2024-01-04T19:54:09.147+0000] {dag.py:3033} INFO - Sync 1 DAGs
[2024-01-04T19:54:09.202+0000] {logging_mixin.py:188} INFO - [2024-01-04T19:54:09.201+0000] {dag.py:3820} INFO - Setting next_dagrun for example_python_operator to None, run_after=None
[2024-01-04T19:54:09.498+0000] {processor.py:183} INFO - Processing /home/airflow/.local/lib/python3.8/site-packages/airflow/example_dags/example_python_operator.py took 0.634 seconds
[2024-01-04T19:54:40.733+0000] {processor.py:161} INFO - Started process (PID=303) to work on /home/airflow/.local/lib/python3.8/site-packages/airflow/example_dags/example_python_operator.py
[2024-01-04T19:54:40.736+0000] {processor.py:830} INFO - Processing file /home/airflow/.local/lib/python3.8/site-packages/airflow/example_dags/example_python_operator.py for tasks to queue
[2024-01-04T19:54:40.740+0000] {logging_mixin.py:188} INFO - [2024-01-04T19:54:40.739+0000] {dagbag.py:538} INFO - Filling up the DagBag from /home/airflow/.local/lib/python3.8/site-packages/airflow/example_dags/example_python_operator.py
[2024-01-04T19:54:40.758+0000] {processor.py:840} INFO - DAG(s) 'example_python_operator' retrieved from /home/airflow/.local/lib/python3.8/site-packages/airflow/example_dags/example_python_operator.py
[2024-01-04T19:54:40.848+0000] {logging_mixin.py:188} INFO - [2024-01-04T19:54:40.847+0000] {dag.py:3033} INFO - Sync 1 DAGs
[2024-01-04T19:54:40.927+0000] {logging_mixin.py:188} INFO - [2024-01-04T19:54:40.927+0000] {dag.py:3820} INFO - Setting next_dagrun for example_python_operator to None, run_after=None
[2024-01-04T19:54:41.058+0000] {processor.py:183} INFO - Processing /home/airflow/.local/lib/python3.8/site-packages/airflow/example_dags/example_python_operator.py took 0.329 seconds
[2024-01-04T19:55:11.925+0000] {processor.py:161} INFO - Started process (PID=357) to work on /home/airflow/.local/lib/python3.8/site-packages/airflow/example_dags/example_python_operator.py
[2024-01-04T19:55:11.927+0000] {processor.py:830} INFO - Processing file /home/airflow/.local/lib/python3.8/site-packages/airflow/example_dags/example_python_operator.py for tasks to queue
[2024-01-04T19:55:11.930+0000] {logging_mixin.py:188} INFO - [2024-01-04T19:55:11.930+0000] {dagbag.py:538} INFO - Filling up the DagBag from /home/airflow/.local/lib/python3.8/site-packages/airflow/example_dags/example_python_operator.py
[2024-01-04T19:55:11.949+0000] {processor.py:840} INFO - DAG(s) 'example_python_operator' retrieved from /home/airflow/.local/lib/python3.8/site-packages/airflow/example_dags/example_python_operator.py
[2024-01-04T19:55:11.977+0000] {logging_mixin.py:188} INFO - [2024-01-04T19:55:11.976+0000] {dag.py:3033} INFO - Sync 1 DAGs
[2024-01-04T19:55:11.994+0000] {logging_mixin.py:188} INFO - [2024-01-04T19:55:11.994+0000] {dag.py:3820} INFO - Setting next_dagrun for example_python_operator to None, run_after=None
[2024-01-04T19:55:12.024+0000] {processor.py:183} INFO - Processing /home/airflow/.local/lib/python3.8/site-packages/airflow/example_dags/example_python_operator.py took 0.104 seconds
[2024-01-04T19:55:46.017+0000] {processor.py:161} INFO - Started process (PID=415) to work on /home/airflow/.local/lib/python3.8/site-packages/airflow/example_dags/example_python_operator.py
[2024-01-04T19:55:46.022+0000] {processor.py:830} INFO - Processing file /home/airflow/.local/lib/python3.8/site-packages/airflow/example_dags/example_python_operator.py for tasks to queue
[2024-01-04T19:55:46.026+0000] {logging_mixin.py:188} INFO - [2024-01-04T19:55:46.025+0000] {dagbag.py:538} INFO - Filling up the DagBag from /home/airflow/.local/lib/python3.8/site-packages/airflow/example_dags/example_python_operator.py
[2024-01-04T19:55:46.060+0000] {processor.py:840} INFO - DAG(s) 'example_python_operator' retrieved from /home/airflow/.local/lib/python3.8/site-packages/airflow/example_dags/example_python_operator.py
[2024-01-04T19:55:46.101+0000] {logging_mixin.py:188} INFO - [2024-01-04T19:55:46.101+0000] {dag.py:3033} INFO - Sync 1 DAGs
[2024-01-04T19:55:46.131+0000] {logging_mixin.py:188} INFO - [2024-01-04T19:55:46.130+0000] {dag.py:3820} INFO - Setting next_dagrun for example_python_operator to None, run_after=None
[2024-01-04T19:55:46.186+0000] {processor.py:183} INFO - Processing /home/airflow/.local/lib/python3.8/site-packages/airflow/example_dags/example_python_operator.py took 0.180 seconds
[2024-01-04T19:56:21.307+0000] {processor.py:161} INFO - Started process (PID=471) to work on /home/airflow/.local/lib/python3.8/site-packages/airflow/example_dags/example_python_operator.py
[2024-01-04T19:56:21.308+0000] {processor.py:830} INFO - Processing file /home/airflow/.local/lib/python3.8/site-packages/airflow/example_dags/example_python_operator.py for tasks to queue
[2024-01-04T19:56:21.311+0000] {logging_mixin.py:188} INFO - [2024-01-04T19:56:21.310+0000] {dagbag.py:538} INFO - Filling up the DagBag from /home/airflow/.local/lib/python3.8/site-packages/airflow/example_dags/example_python_operator.py
[2024-01-04T19:56:21.328+0000] {processor.py:840} INFO - DAG(s) 'example_python_operator' retrieved from /home/airflow/.local/lib/python3.8/site-packages/airflow/example_dags/example_python_operator.py
[2024-01-04T19:56:21.361+0000] {logging_mixin.py:188} INFO - [2024-01-04T19:56:21.360+0000] {dag.py:3033} INFO - Sync 1 DAGs
[2024-01-04T19:56:21.376+0000] {logging_mixin.py:188} INFO - [2024-01-04T19:56:21.375+0000] {dag.py:3820} INFO - Setting next_dagrun for example_python_operator to None, run_after=None
[2024-01-04T19:56:21.613+0000] {processor.py:183} INFO - Processing /home/airflow/.local/lib/python3.8/site-packages/airflow/example_dags/example_python_operator.py took 0.310 seconds
[2024-01-04T19:56:52.237+0000] {processor.py:161} INFO - Started process (PID=527) to work on /home/airflow/.local/lib/python3.8/site-packages/airflow/example_dags/example_python_operator.py
[2024-01-04T19:56:52.239+0000] {processor.py:830} INFO - Processing file /home/airflow/.local/lib/python3.8/site-packages/airflow/example_dags/example_python_operator.py for tasks to queue
[2024-01-04T19:56:52.241+0000] {logging_mixin.py:188} INFO - [2024-01-04T19:56:52.241+0000] {dagbag.py:538} INFO - Filling up the DagBag from /home/airflow/.local/lib/python3.8/site-packages/airflow/example_dags/example_python_operator.py
[2024-01-04T19:56:52.257+0000] {processor.py:840} INFO - DAG(s) 'example_python_operator' retrieved from /home/airflow/.local/lib/python3.8/site-packages/airflow/example_dags/example_python_operator.py
[2024-01-04T19:56:52.287+0000] {logging_mixin.py:188} INFO - [2024-01-04T19:56:52.287+0000] {dag.py:3033} INFO - Sync 1 DAGs
[2024-01-04T19:56:52.307+0000] {logging_mixin.py:188} INFO - [2024-01-04T19:56:52.307+0000] {dag.py:3820} INFO - Setting next_dagrun for example_python_operator to None, run_after=None
[2024-01-04T19:56:52.338+0000] {processor.py:183} INFO - Processing /home/airflow/.local/lib/python3.8/site-packages/airflow/example_dags/example_python_operator.py took 0.105 seconds
[2024-01-04T19:57:22.990+0000] {processor.py:161} INFO - Started process (PID=583) to work on /home/airflow/.local/lib/python3.8/site-packages/airflow/example_dags/example_python_operator.py
[2024-01-04T19:57:22.991+0000] {processor.py:830} INFO - Processing file /home/airflow/.local/lib/python3.8/site-packages/airflow/example_dags/example_python_operator.py for tasks to queue
[2024-01-04T19:57:22.994+0000] {logging_mixin.py:188} INFO - [2024-01-04T19:57:22.994+0000] {dagbag.py:538} INFO - Filling up the DagBag from /home/airflow/.local/lib/python3.8/site-packages/airflow/example_dags/example_python_operator.py
[2024-01-04T19:57:23.010+0000] {processor.py:840} INFO - DAG(s) 'example_python_operator' retrieved from /home/airflow/.local/lib/python3.8/site-packages/airflow/example_dags/example_python_operator.py
[2024-01-04T19:57:23.037+0000] {logging_mixin.py:188} INFO - [2024-01-04T19:57:23.037+0000] {dag.py:3033} INFO - Sync 1 DAGs
[2024-01-04T19:57:23.053+0000] {logging_mixin.py:188} INFO - [2024-01-04T19:57:23.053+0000] {dag.py:3820} INFO - Setting next_dagrun for example_python_operator to None, run_after=None
[2024-01-04T19:57:23.084+0000] {processor.py:183} INFO - Processing /home/airflow/.local/lib/python3.8/site-packages/airflow/example_dags/example_python_operator.py took 0.099 seconds
[2024-01-04T19:57:53.604+0000] {processor.py:161} INFO - Started process (PID=636) to work on /home/airflow/.local/lib/python3.8/site-packages/airflow/example_dags/example_python_operator.py
[2024-01-04T19:57:53.605+0000] {processor.py:830} INFO - Processing file /home/airflow/.local/lib/python3.8/site-packages/airflow/example_dags/example_python_operator.py for tasks to queue
[2024-01-04T19:57:53.608+0000] {logging_mixin.py:188} INFO - [2024-01-04T19:57:53.607+0000] {dagbag.py:538} INFO - Filling up the DagBag from /home/airflow/.local/lib/python3.8/site-packages/airflow/example_dags/example_python_operator.py
[2024-01-04T19:57:53.621+0000] {processor.py:840} INFO - DAG(s) 'example_python_operator' retrieved from /home/airflow/.local/lib/python3.8/site-packages/airflow/example_dags/example_python_operator.py
[2024-01-04T19:57:53.648+0000] {logging_mixin.py:188} INFO - [2024-01-04T19:57:53.648+0000] {dag.py:3033} INFO - Sync 1 DAGs
[2024-01-04T19:57:53.663+0000] {logging_mixin.py:188} INFO - [2024-01-04T19:57:53.663+0000] {dag.py:3820} INFO - Setting next_dagrun for example_python_operator to None, run_after=None
[2024-01-04T19:57:53.695+0000] {processor.py:183} INFO - Processing /home/airflow/.local/lib/python3.8/site-packages/airflow/example_dags/example_python_operator.py took 0.094 seconds
[2024-01-04T19:58:23.870+0000] {processor.py:161} INFO - Started process (PID=692) to work on /home/airflow/.local/lib/python3.8/site-packages/airflow/example_dags/example_python_operator.py
[2024-01-04T19:58:23.872+0000] {processor.py:830} INFO - Processing file /home/airflow/.local/lib/python3.8/site-packages/airflow/example_dags/example_python_operator.py for tasks to queue
[2024-01-04T19:58:23.875+0000] {logging_mixin.py:188} INFO - [2024-01-04T19:58:23.874+0000] {dagbag.py:538} INFO - Filling up the DagBag from /home/airflow/.local/lib/python3.8/site-packages/airflow/example_dags/example_python_operator.py
[2024-01-04T19:58:23.888+0000] {processor.py:840} INFO - DAG(s) 'example_python_operator' retrieved from /home/airflow/.local/lib/python3.8/site-packages/airflow/example_dags/example_python_operator.py
[2024-01-04T19:58:23.915+0000] {logging_mixin.py:188} INFO - [2024-01-04T19:58:23.915+0000] {dag.py:3033} INFO - Sync 1 DAGs
[2024-01-04T19:58:23.941+0000] {logging_mixin.py:188} INFO - [2024-01-04T19:58:23.941+0000] {dag.py:3820} INFO - Setting next_dagrun for example_python_operator to None, run_after=None
[2024-01-04T19:58:23.977+0000] {processor.py:183} INFO - Processing /home/airflow/.local/lib/python3.8/site-packages/airflow/example_dags/example_python_operator.py took 0.111 seconds
[2024-01-04T19:58:54.325+0000] {processor.py:161} INFO - Started process (PID=748) to work on /home/airflow/.local/lib/python3.8/site-packages/airflow/example_dags/example_python_operator.py
[2024-01-04T19:58:54.326+0000] {processor.py:830} INFO - Processing file /home/airflow/.local/lib/python3.8/site-packages/airflow/example_dags/example_python_operator.py for tasks to queue
[2024-01-04T19:58:54.330+0000] {logging_mixin.py:188} INFO - [2024-01-04T19:58:54.329+0000] {dagbag.py:538} INFO - Filling up the DagBag from /home/airflow/.local/lib/python3.8/site-packages/airflow/example_dags/example_python_operator.py
[2024-01-04T19:58:54.342+0000] {processor.py:840} INFO - DAG(s) 'example_python_operator' retrieved from /home/airflow/.local/lib/python3.8/site-packages/airflow/example_dags/example_python_operator.py
[2024-01-04T19:58:54.372+0000] {logging_mixin.py:188} INFO - [2024-01-04T19:58:54.372+0000] {dag.py:3033} INFO - Sync 1 DAGs
[2024-01-04T19:58:54.390+0000] {logging_mixin.py:188} INFO - [2024-01-04T19:58:54.390+0000] {dag.py:3820} INFO - Setting next_dagrun for example_python_operator to None, run_after=None
[2024-01-04T19:58:54.424+0000] {processor.py:183} INFO - Processing /home/airflow/.local/lib/python3.8/site-packages/airflow/example_dags/example_python_operator.py took 0.102 seconds
[2024-01-04T19:59:24.713+0000] {processor.py:161} INFO - Started process (PID=803) to work on /home/airflow/.local/lib/python3.8/site-packages/airflow/example_dags/example_python_operator.py
[2024-01-04T19:59:24.715+0000] {processor.py:830} INFO - Processing file /home/airflow/.local/lib/python3.8/site-packages/airflow/example_dags/example_python_operator.py for tasks to queue
[2024-01-04T19:59:24.718+0000] {logging_mixin.py:188} INFO - [2024-01-04T19:59:24.717+0000] {dagbag.py:538} INFO - Filling up the DagBag from /home/airflow/.local/lib/python3.8/site-packages/airflow/example_dags/example_python_operator.py
[2024-01-04T19:59:24.732+0000] {processor.py:840} INFO - DAG(s) 'example_python_operator' retrieved from /home/airflow/.local/lib/python3.8/site-packages/airflow/example_dags/example_python_operator.py
[2024-01-04T19:59:24.763+0000] {logging_mixin.py:188} INFO - [2024-01-04T19:59:24.763+0000] {dag.py:3033} INFO - Sync 1 DAGs
[2024-01-04T19:59:24.781+0000] {logging_mixin.py:188} INFO - [2024-01-04T19:59:24.781+0000] {dag.py:3820} INFO - Setting next_dagrun for example_python_operator to None, run_after=None
[2024-01-04T19:59:24.816+0000] {processor.py:183} INFO - Processing /home/airflow/.local/lib/python3.8/site-packages/airflow/example_dags/example_python_operator.py took 0.107 seconds
[2024-01-04T19:59:55.102+0000] {processor.py:161} INFO - Started process (PID=860) to work on /home/airflow/.local/lib/python3.8/site-packages/airflow/example_dags/example_python_operator.py
[2024-01-04T19:59:55.104+0000] {processor.py:830} INFO - Processing file /home/airflow/.local/lib/python3.8/site-packages/airflow/example_dags/example_python_operator.py for tasks to queue
[2024-01-04T19:59:55.107+0000] {logging_mixin.py:188} INFO - [2024-01-04T19:59:55.106+0000] {dagbag.py:538} INFO - Filling up the DagBag from /home/airflow/.local/lib/python3.8/site-packages/airflow/example_dags/example_python_operator.py
[2024-01-04T19:59:55.122+0000] {processor.py:840} INFO - DAG(s) 'example_python_operator' retrieved from /home/airflow/.local/lib/python3.8/site-packages/airflow/example_dags/example_python_operator.py
[2024-01-04T19:59:55.149+0000] {logging_mixin.py:188} INFO - [2024-01-04T19:59:55.148+0000] {dag.py:3033} INFO - Sync 1 DAGs
[2024-01-04T19:59:55.165+0000] {logging_mixin.py:188} INFO - [2024-01-04T19:59:55.165+0000] {dag.py:3820} INFO - Setting next_dagrun for example_python_operator to None, run_after=None
[2024-01-04T19:59:55.190+0000] {processor.py:183} INFO - Processing /home/airflow/.local/lib/python3.8/site-packages/airflow/example_dags/example_python_operator.py took 0.093 seconds
[2024-01-04T20:00:26.262+0000] {processor.py:161} INFO - Started process (PID=916) to work on /home/airflow/.local/lib/python3.8/site-packages/airflow/example_dags/example_python_operator.py
[2024-01-04T20:00:26.263+0000] {processor.py:830} INFO - Processing file /home/airflow/.local/lib/python3.8/site-packages/airflow/example_dags/example_python_operator.py for tasks to queue
[2024-01-04T20:00:26.266+0000] {logging_mixin.py:188} INFO - [2024-01-04T20:00:26.266+0000] {dagbag.py:538} INFO - Filling up the DagBag from /home/airflow/.local/lib/python3.8/site-packages/airflow/example_dags/example_python_operator.py
[2024-01-04T20:00:26.280+0000] {processor.py:840} INFO - DAG(s) 'example_python_operator' retrieved from /home/airflow/.local/lib/python3.8/site-packages/airflow/example_dags/example_python_operator.py
[2024-01-04T20:00:26.314+0000] {logging_mixin.py:188} INFO - [2024-01-04T20:00:26.314+0000] {dag.py:3033} INFO - Sync 1 DAGs
[2024-01-04T20:00:26.334+0000] {logging_mixin.py:188} INFO - [2024-01-04T20:00:26.334+0000] {dag.py:3820} INFO - Setting next_dagrun for example_python_operator to None, run_after=None
[2024-01-04T20:00:26.369+0000] {processor.py:183} INFO - Processing /home/airflow/.local/lib/python3.8/site-packages/airflow/example_dags/example_python_operator.py took 0.111 seconds
