[2024-01-04T19:52:37.296+0000] {processor.py:161} INFO - Started process (PID=111) to work on /home/airflow/.local/lib/python3.8/site-packages/airflow/example_dags/example_sla_dag.py
[2024-01-04T19:52:37.298+0000] {processor.py:830} INFO - Processing file /home/airflow/.local/lib/python3.8/site-packages/airflow/example_dags/example_sla_dag.py for tasks to queue
[2024-01-04T19:52:37.306+0000] {logging_mixin.py:188} INFO - [2024-01-04T19:52:37.305+0000] {dagbag.py:538} INFO - Filling up the DagBag from /home/airflow/.local/lib/python3.8/site-packages/airflow/example_dags/example_sla_dag.py
[2024-01-04T19:52:37.326+0000] {processor.py:840} INFO - DAG(s) 'example_sla_dag' retrieved from /home/airflow/.local/lib/python3.8/site-packages/airflow/example_dags/example_sla_dag.py
[2024-01-04T19:52:37.676+0000] {logging_mixin.py:188} INFO - [2024-01-04T19:52:37.676+0000] {dag.py:3033} INFO - Sync 1 DAGs
[2024-01-04T19:52:37.771+0000] {logging_mixin.py:188} INFO - [2024-01-04T19:52:37.771+0000] {dag.py:3820} INFO - Setting next_dagrun for example_sla_dag to 2024-01-04T19:50:00+00:00, run_after=2024-01-04T19:52:00+00:00
[2024-01-04T19:52:37.832+0000] {processor.py:183} INFO - Processing /home/airflow/.local/lib/python3.8/site-packages/airflow/example_dags/example_sla_dag.py took 0.543 seconds
[2024-01-04T19:53:15.240+0000] {processor.py:161} INFO - Started process (PID=167) to work on /home/airflow/.local/lib/python3.8/site-packages/airflow/example_dags/example_sla_dag.py
[2024-01-04T19:53:15.243+0000] {processor.py:830} INFO - Processing file /home/airflow/.local/lib/python3.8/site-packages/airflow/example_dags/example_sla_dag.py for tasks to queue
[2024-01-04T19:53:15.248+0000] {logging_mixin.py:188} INFO - [2024-01-04T19:53:15.247+0000] {dagbag.py:538} INFO - Filling up the DagBag from /home/airflow/.local/lib/python3.8/site-packages/airflow/example_dags/example_sla_dag.py
[2024-01-04T19:53:15.266+0000] {processor.py:840} INFO - DAG(s) 'example_sla_dag' retrieved from /home/airflow/.local/lib/python3.8/site-packages/airflow/example_dags/example_sla_dag.py
[2024-01-04T19:53:15.310+0000] {logging_mixin.py:188} INFO - [2024-01-04T19:53:15.309+0000] {dag.py:3033} INFO - Sync 1 DAGs
[2024-01-04T19:53:15.374+0000] {logging_mixin.py:188} INFO - [2024-01-04T19:53:15.374+0000] {dag.py:3820} INFO - Setting next_dagrun for example_sla_dag to 2024-01-04T19:50:00+00:00, run_after=2024-01-04T19:52:00+00:00
[2024-01-04T19:53:15.447+0000] {processor.py:183} INFO - Processing /home/airflow/.local/lib/python3.8/site-packages/airflow/example_dags/example_sla_dag.py took 0.217 seconds
[2024-01-04T19:53:46.269+0000] {processor.py:161} INFO - Started process (PID=221) to work on /home/airflow/.local/lib/python3.8/site-packages/airflow/example_dags/example_sla_dag.py
[2024-01-04T19:53:46.271+0000] {processor.py:830} INFO - Processing file /home/airflow/.local/lib/python3.8/site-packages/airflow/example_dags/example_sla_dag.py for tasks to queue
[2024-01-04T19:53:46.275+0000] {logging_mixin.py:188} INFO - [2024-01-04T19:53:46.275+0000] {dagbag.py:538} INFO - Filling up the DagBag from /home/airflow/.local/lib/python3.8/site-packages/airflow/example_dags/example_sla_dag.py
[2024-01-04T19:53:46.290+0000] {processor.py:840} INFO - DAG(s) 'example_sla_dag' retrieved from /home/airflow/.local/lib/python3.8/site-packages/airflow/example_dags/example_sla_dag.py
[2024-01-04T19:53:46.324+0000] {logging_mixin.py:188} INFO - [2024-01-04T19:53:46.323+0000] {dag.py:3033} INFO - Sync 1 DAGs
[2024-01-04T19:53:46.373+0000] {logging_mixin.py:188} INFO - [2024-01-04T19:53:46.373+0000] {dag.py:3820} INFO - Setting next_dagrun for example_sla_dag to 2024-01-04T19:50:00+00:00, run_after=2024-01-04T19:52:00+00:00
[2024-01-04T19:53:46.407+0000] {processor.py:183} INFO - Processing /home/airflow/.local/lib/python3.8/site-packages/airflow/example_dags/example_sla_dag.py took 0.143 seconds
[2024-01-04T19:54:23.077+0000] {processor.py:161} INFO - Started process (PID=277) to work on /home/airflow/.local/lib/python3.8/site-packages/airflow/example_dags/example_sla_dag.py
[2024-01-04T19:54:23.079+0000] {processor.py:830} INFO - Processing file /home/airflow/.local/lib/python3.8/site-packages/airflow/example_dags/example_sla_dag.py for tasks to queue
[2024-01-04T19:54:23.083+0000] {logging_mixin.py:188} INFO - [2024-01-04T19:54:23.082+0000] {dagbag.py:538} INFO - Filling up the DagBag from /home/airflow/.local/lib/python3.8/site-packages/airflow/example_dags/example_sla_dag.py
[2024-01-04T19:54:23.102+0000] {processor.py:840} INFO - DAG(s) 'example_sla_dag' retrieved from /home/airflow/.local/lib/python3.8/site-packages/airflow/example_dags/example_sla_dag.py
[2024-01-04T19:54:23.155+0000] {logging_mixin.py:188} INFO - [2024-01-04T19:54:23.155+0000] {dag.py:3033} INFO - Sync 1 DAGs
[2024-01-04T19:54:23.254+0000] {logging_mixin.py:188} INFO - [2024-01-04T19:54:23.254+0000] {dag.py:3820} INFO - Setting next_dagrun for example_sla_dag to 2024-01-04T19:52:00+00:00, run_after=2024-01-04T19:54:00+00:00
[2024-01-04T19:54:23.342+0000] {processor.py:183} INFO - Processing /home/airflow/.local/lib/python3.8/site-packages/airflow/example_dags/example_sla_dag.py took 0.270 seconds
[2024-01-04T19:54:58.648+0000] {processor.py:161} INFO - Started process (PID=334) to work on /home/airflow/.local/lib/python3.8/site-packages/airflow/example_dags/example_sla_dag.py
[2024-01-04T19:54:58.753+0000] {processor.py:830} INFO - Processing file /home/airflow/.local/lib/python3.8/site-packages/airflow/example_dags/example_sla_dag.py for tasks to queue
[2024-01-04T19:54:58.756+0000] {logging_mixin.py:188} INFO - [2024-01-04T19:54:58.755+0000] {dagbag.py:538} INFO - Filling up the DagBag from /home/airflow/.local/lib/python3.8/site-packages/airflow/example_dags/example_sla_dag.py
[2024-01-04T19:54:58.768+0000] {processor.py:840} INFO - DAG(s) 'example_sla_dag' retrieved from /home/airflow/.local/lib/python3.8/site-packages/airflow/example_dags/example_sla_dag.py
[2024-01-04T19:54:58.841+0000] {logging_mixin.py:188} INFO - [2024-01-04T19:54:58.841+0000] {dag.py:3033} INFO - Sync 1 DAGs
[2024-01-04T19:54:58.874+0000] {logging_mixin.py:188} INFO - [2024-01-04T19:54:58.874+0000] {dag.py:3820} INFO - Setting next_dagrun for example_sla_dag to 2024-01-04T19:52:00+00:00, run_after=2024-01-04T19:54:00+00:00
[2024-01-04T19:54:58.969+0000] {processor.py:183} INFO - Processing /home/airflow/.local/lib/python3.8/site-packages/airflow/example_dags/example_sla_dag.py took 0.326 seconds
[2024-01-04T19:55:42.302+0000] {processor.py:161} INFO - Started process (PID=394) to work on /home/airflow/.local/lib/python3.8/site-packages/airflow/example_dags/example_sla_dag.py
[2024-01-04T19:55:42.314+0000] {processor.py:830} INFO - Processing file /home/airflow/.local/lib/python3.8/site-packages/airflow/example_dags/example_sla_dag.py for tasks to queue
[2024-01-04T19:55:42.338+0000] {logging_mixin.py:188} INFO - [2024-01-04T19:55:42.338+0000] {dagbag.py:538} INFO - Filling up the DagBag from /home/airflow/.local/lib/python3.8/site-packages/airflow/example_dags/example_sla_dag.py
[2024-01-04T19:55:42.373+0000] {processor.py:840} INFO - DAG(s) 'example_sla_dag' retrieved from /home/airflow/.local/lib/python3.8/site-packages/airflow/example_dags/example_sla_dag.py
[2024-01-04T19:55:42.412+0000] {logging_mixin.py:188} INFO - [2024-01-04T19:55:42.412+0000] {dag.py:3033} INFO - Sync 1 DAGs
[2024-01-04T19:55:42.529+0000] {logging_mixin.py:188} INFO - [2024-01-04T19:55:42.528+0000] {dag.py:3820} INFO - Setting next_dagrun for example_sla_dag to 2024-01-04T19:52:00+00:00, run_after=2024-01-04T19:54:00+00:00
[2024-01-04T19:55:42.665+0000] {processor.py:183} INFO - Processing /home/airflow/.local/lib/python3.8/site-packages/airflow/example_dags/example_sla_dag.py took 0.370 seconds
[2024-01-04T19:56:12.786+0000] {processor.py:161} INFO - Started process (PID=448) to work on /home/airflow/.local/lib/python3.8/site-packages/airflow/example_dags/example_sla_dag.py
[2024-01-04T19:56:12.787+0000] {processor.py:830} INFO - Processing file /home/airflow/.local/lib/python3.8/site-packages/airflow/example_dags/example_sla_dag.py for tasks to queue
[2024-01-04T19:56:12.789+0000] {logging_mixin.py:188} INFO - [2024-01-04T19:56:12.789+0000] {dagbag.py:538} INFO - Filling up the DagBag from /home/airflow/.local/lib/python3.8/site-packages/airflow/example_dags/example_sla_dag.py
[2024-01-04T19:56:12.803+0000] {processor.py:840} INFO - DAG(s) 'example_sla_dag' retrieved from /home/airflow/.local/lib/python3.8/site-packages/airflow/example_dags/example_sla_dag.py
[2024-01-04T19:56:12.827+0000] {logging_mixin.py:188} INFO - [2024-01-04T19:56:12.826+0000] {dag.py:3033} INFO - Sync 1 DAGs
[2024-01-04T19:56:12.857+0000] {logging_mixin.py:188} INFO - [2024-01-04T19:56:12.856+0000] {dag.py:3820} INFO - Setting next_dagrun for example_sla_dag to 2024-01-04T19:54:00+00:00, run_after=2024-01-04T19:56:00+00:00
[2024-01-04T19:56:12.899+0000] {processor.py:183} INFO - Processing /home/airflow/.local/lib/python3.8/site-packages/airflow/example_dags/example_sla_dag.py took 0.117 seconds
[2024-01-04T19:56:43.720+0000] {processor.py:161} INFO - Started process (PID=504) to work on /home/airflow/.local/lib/python3.8/site-packages/airflow/example_dags/example_sla_dag.py
[2024-01-04T19:56:43.727+0000] {processor.py:830} INFO - Processing file /home/airflow/.local/lib/python3.8/site-packages/airflow/example_dags/example_sla_dag.py for tasks to queue
[2024-01-04T19:56:43.730+0000] {logging_mixin.py:188} INFO - [2024-01-04T19:56:43.730+0000] {dagbag.py:538} INFO - Filling up the DagBag from /home/airflow/.local/lib/python3.8/site-packages/airflow/example_dags/example_sla_dag.py
[2024-01-04T19:56:43.740+0000] {processor.py:840} INFO - DAG(s) 'example_sla_dag' retrieved from /home/airflow/.local/lib/python3.8/site-packages/airflow/example_dags/example_sla_dag.py
[2024-01-04T19:56:43.765+0000] {logging_mixin.py:188} INFO - [2024-01-04T19:56:43.765+0000] {dag.py:3033} INFO - Sync 1 DAGs
[2024-01-04T19:56:43.799+0000] {logging_mixin.py:188} INFO - [2024-01-04T19:56:43.799+0000] {dag.py:3820} INFO - Setting next_dagrun for example_sla_dag to 2024-01-04T19:54:00+00:00, run_after=2024-01-04T19:56:00+00:00
[2024-01-04T19:56:43.836+0000] {processor.py:183} INFO - Processing /home/airflow/.local/lib/python3.8/site-packages/airflow/example_dags/example_sla_dag.py took 0.120 seconds
[2024-01-04T19:57:14.326+0000] {processor.py:161} INFO - Started process (PID=560) to work on /home/airflow/.local/lib/python3.8/site-packages/airflow/example_dags/example_sla_dag.py
[2024-01-04T19:57:14.327+0000] {processor.py:830} INFO - Processing file /home/airflow/.local/lib/python3.8/site-packages/airflow/example_dags/example_sla_dag.py for tasks to queue
[2024-01-04T19:57:14.331+0000] {logging_mixin.py:188} INFO - [2024-01-04T19:57:14.331+0000] {dagbag.py:538} INFO - Filling up the DagBag from /home/airflow/.local/lib/python3.8/site-packages/airflow/example_dags/example_sla_dag.py
[2024-01-04T19:57:14.341+0000] {processor.py:840} INFO - DAG(s) 'example_sla_dag' retrieved from /home/airflow/.local/lib/python3.8/site-packages/airflow/example_dags/example_sla_dag.py
[2024-01-04T19:57:14.369+0000] {logging_mixin.py:188} INFO - [2024-01-04T19:57:14.369+0000] {dag.py:3033} INFO - Sync 1 DAGs
[2024-01-04T19:57:14.402+0000] {logging_mixin.py:188} INFO - [2024-01-04T19:57:14.401+0000] {dag.py:3820} INFO - Setting next_dagrun for example_sla_dag to 2024-01-04T19:54:00+00:00, run_after=2024-01-04T19:56:00+00:00
[2024-01-04T19:57:14.437+0000] {processor.py:183} INFO - Processing /home/airflow/.local/lib/python3.8/site-packages/airflow/example_dags/example_sla_dag.py took 0.116 seconds
[2024-01-04T19:57:45.384+0000] {processor.py:161} INFO - Started process (PID=616) to work on /home/airflow/.local/lib/python3.8/site-packages/airflow/example_dags/example_sla_dag.py
[2024-01-04T19:57:45.385+0000] {processor.py:830} INFO - Processing file /home/airflow/.local/lib/python3.8/site-packages/airflow/example_dags/example_sla_dag.py for tasks to queue
[2024-01-04T19:57:45.392+0000] {logging_mixin.py:188} INFO - [2024-01-04T19:57:45.392+0000] {dagbag.py:538} INFO - Filling up the DagBag from /home/airflow/.local/lib/python3.8/site-packages/airflow/example_dags/example_sla_dag.py
[2024-01-04T19:57:45.407+0000] {processor.py:840} INFO - DAG(s) 'example_sla_dag' retrieved from /home/airflow/.local/lib/python3.8/site-packages/airflow/example_dags/example_sla_dag.py
[2024-01-04T19:57:45.450+0000] {logging_mixin.py:188} INFO - [2024-01-04T19:57:45.450+0000] {dag.py:3033} INFO - Sync 1 DAGs
[2024-01-04T19:57:45.548+0000] {logging_mixin.py:188} INFO - [2024-01-04T19:57:45.548+0000] {dag.py:3820} INFO - Setting next_dagrun for example_sla_dag to 2024-01-04T19:54:00+00:00, run_after=2024-01-04T19:56:00+00:00
[2024-01-04T19:57:45.631+0000] {processor.py:183} INFO - Processing /home/airflow/.local/lib/python3.8/site-packages/airflow/example_dags/example_sla_dag.py took 0.253 seconds
[2024-01-04T19:58:16.163+0000] {processor.py:161} INFO - Started process (PID=672) to work on /home/airflow/.local/lib/python3.8/site-packages/airflow/example_dags/example_sla_dag.py
[2024-01-04T19:58:16.165+0000] {processor.py:830} INFO - Processing file /home/airflow/.local/lib/python3.8/site-packages/airflow/example_dags/example_sla_dag.py for tasks to queue
[2024-01-04T19:58:16.168+0000] {logging_mixin.py:188} INFO - [2024-01-04T19:58:16.168+0000] {dagbag.py:538} INFO - Filling up the DagBag from /home/airflow/.local/lib/python3.8/site-packages/airflow/example_dags/example_sla_dag.py
[2024-01-04T19:58:16.178+0000] {processor.py:840} INFO - DAG(s) 'example_sla_dag' retrieved from /home/airflow/.local/lib/python3.8/site-packages/airflow/example_dags/example_sla_dag.py
[2024-01-04T19:58:16.206+0000] {logging_mixin.py:188} INFO - [2024-01-04T19:58:16.205+0000] {dag.py:3033} INFO - Sync 1 DAGs
[2024-01-04T19:58:16.239+0000] {logging_mixin.py:188} INFO - [2024-01-04T19:58:16.239+0000] {dag.py:3820} INFO - Setting next_dagrun for example_sla_dag to 2024-01-04T19:56:00+00:00, run_after=2024-01-04T19:58:00+00:00
[2024-01-04T19:58:16.271+0000] {processor.py:183} INFO - Processing /home/airflow/.local/lib/python3.8/site-packages/airflow/example_dags/example_sla_dag.py took 0.112 seconds
[2024-01-04T19:58:46.683+0000] {processor.py:161} INFO - Started process (PID=728) to work on /home/airflow/.local/lib/python3.8/site-packages/airflow/example_dags/example_sla_dag.py
[2024-01-04T19:58:46.685+0000] {processor.py:830} INFO - Processing file /home/airflow/.local/lib/python3.8/site-packages/airflow/example_dags/example_sla_dag.py for tasks to queue
[2024-01-04T19:58:46.690+0000] {logging_mixin.py:188} INFO - [2024-01-04T19:58:46.689+0000] {dagbag.py:538} INFO - Filling up the DagBag from /home/airflow/.local/lib/python3.8/site-packages/airflow/example_dags/example_sla_dag.py
[2024-01-04T19:58:46.705+0000] {processor.py:840} INFO - DAG(s) 'example_sla_dag' retrieved from /home/airflow/.local/lib/python3.8/site-packages/airflow/example_dags/example_sla_dag.py
[2024-01-04T19:58:46.737+0000] {logging_mixin.py:188} INFO - [2024-01-04T19:58:46.737+0000] {dag.py:3033} INFO - Sync 1 DAGs
[2024-01-04T19:58:46.770+0000] {logging_mixin.py:188} INFO - [2024-01-04T19:58:46.769+0000] {dag.py:3820} INFO - Setting next_dagrun for example_sla_dag to 2024-01-04T19:56:00+00:00, run_after=2024-01-04T19:58:00+00:00
[2024-01-04T19:58:46.803+0000] {processor.py:183} INFO - Processing /home/airflow/.local/lib/python3.8/site-packages/airflow/example_dags/example_sla_dag.py took 0.123 seconds
[2024-01-04T19:59:17.192+0000] {processor.py:161} INFO - Started process (PID=784) to work on /home/airflow/.local/lib/python3.8/site-packages/airflow/example_dags/example_sla_dag.py
[2024-01-04T19:59:17.193+0000] {processor.py:830} INFO - Processing file /home/airflow/.local/lib/python3.8/site-packages/airflow/example_dags/example_sla_dag.py for tasks to queue
[2024-01-04T19:59:17.197+0000] {logging_mixin.py:188} INFO - [2024-01-04T19:59:17.197+0000] {dagbag.py:538} INFO - Filling up the DagBag from /home/airflow/.local/lib/python3.8/site-packages/airflow/example_dags/example_sla_dag.py
[2024-01-04T19:59:17.209+0000] {processor.py:840} INFO - DAG(s) 'example_sla_dag' retrieved from /home/airflow/.local/lib/python3.8/site-packages/airflow/example_dags/example_sla_dag.py
[2024-01-04T19:59:17.237+0000] {logging_mixin.py:188} INFO - [2024-01-04T19:59:17.237+0000] {dag.py:3033} INFO - Sync 1 DAGs
[2024-01-04T19:59:17.282+0000] {logging_mixin.py:188} INFO - [2024-01-04T19:59:17.281+0000] {dag.py:3820} INFO - Setting next_dagrun for example_sla_dag to 2024-01-04T19:56:00+00:00, run_after=2024-01-04T19:58:00+00:00
[2024-01-04T19:59:17.316+0000] {processor.py:183} INFO - Processing /home/airflow/.local/lib/python3.8/site-packages/airflow/example_dags/example_sla_dag.py took 0.129 seconds
[2024-01-04T19:59:47.794+0000] {processor.py:161} INFO - Started process (PID=841) to work on /home/airflow/.local/lib/python3.8/site-packages/airflow/example_dags/example_sla_dag.py
[2024-01-04T19:59:47.796+0000] {processor.py:830} INFO - Processing file /home/airflow/.local/lib/python3.8/site-packages/airflow/example_dags/example_sla_dag.py for tasks to queue
[2024-01-04T19:59:47.799+0000] {logging_mixin.py:188} INFO - [2024-01-04T19:59:47.798+0000] {dagbag.py:538} INFO - Filling up the DagBag from /home/airflow/.local/lib/python3.8/site-packages/airflow/example_dags/example_sla_dag.py
[2024-01-04T19:59:47.809+0000] {processor.py:840} INFO - DAG(s) 'example_sla_dag' retrieved from /home/airflow/.local/lib/python3.8/site-packages/airflow/example_dags/example_sla_dag.py
[2024-01-04T19:59:47.830+0000] {logging_mixin.py:188} INFO - [2024-01-04T19:59:47.830+0000] {dag.py:3033} INFO - Sync 1 DAGs
[2024-01-04T19:59:47.861+0000] {logging_mixin.py:188} INFO - [2024-01-04T19:59:47.860+0000] {dag.py:3820} INFO - Setting next_dagrun for example_sla_dag to 2024-01-04T19:56:00+00:00, run_after=2024-01-04T19:58:00+00:00
[2024-01-04T19:59:47.888+0000] {processor.py:183} INFO - Processing /home/airflow/.local/lib/python3.8/site-packages/airflow/example_dags/example_sla_dag.py took 0.098 seconds
[2024-01-04T20:00:18.087+0000] {processor.py:161} INFO - Started process (PID=897) to work on /home/airflow/.local/lib/python3.8/site-packages/airflow/example_dags/example_sla_dag.py
[2024-01-04T20:00:18.088+0000] {processor.py:830} INFO - Processing file /home/airflow/.local/lib/python3.8/site-packages/airflow/example_dags/example_sla_dag.py for tasks to queue
[2024-01-04T20:00:18.090+0000] {logging_mixin.py:188} INFO - [2024-01-04T20:00:18.090+0000] {dagbag.py:538} INFO - Filling up the DagBag from /home/airflow/.local/lib/python3.8/site-packages/airflow/example_dags/example_sla_dag.py
[2024-01-04T20:00:18.099+0000] {processor.py:840} INFO - DAG(s) 'example_sla_dag' retrieved from /home/airflow/.local/lib/python3.8/site-packages/airflow/example_dags/example_sla_dag.py
[2024-01-04T20:00:18.124+0000] {logging_mixin.py:188} INFO - [2024-01-04T20:00:18.124+0000] {dag.py:3033} INFO - Sync 1 DAGs
[2024-01-04T20:00:18.154+0000] {logging_mixin.py:188} INFO - [2024-01-04T20:00:18.153+0000] {dag.py:3820} INFO - Setting next_dagrun for example_sla_dag to 2024-01-04T19:58:00+00:00, run_after=2024-01-04T20:00:00+00:00
[2024-01-04T20:00:18.189+0000] {processor.py:183} INFO - Processing /home/airflow/.local/lib/python3.8/site-packages/airflow/example_dags/example_sla_dag.py took 0.105 seconds
