[2024-01-04T19:53:02.279+0000] {processor.py:161} INFO - Started process (PID=132) to work on /home/airflow/.local/lib/python3.8/site-packages/airflow/example_dags/example_skip_dag.py
[2024-01-04T19:53:02.282+0000] {processor.py:830} INFO - Processing file /home/airflow/.local/lib/python3.8/site-packages/airflow/example_dags/example_skip_dag.py for tasks to queue
[2024-01-04T19:53:02.288+0000] {logging_mixin.py:188} INFO - [2024-01-04T19:53:02.288+0000] {dagbag.py:538} INFO - Filling up the DagBag from /home/airflow/.local/lib/python3.8/site-packages/airflow/example_dags/example_skip_dag.py
[2024-01-04T19:53:02.319+0000] {processor.py:840} INFO - DAG(s) 'example_skip_dag' retrieved from /home/airflow/.local/lib/python3.8/site-packages/airflow/example_dags/example_skip_dag.py
[2024-01-04T19:53:02.839+0000] {logging_mixin.py:188} INFO - [2024-01-04T19:53:02.838+0000] {dag.py:3033} INFO - Sync 1 DAGs
[2024-01-04T19:53:02.895+0000] {logging_mixin.py:188} INFO - [2024-01-04T19:53:02.894+0000] {dag.py:3820} INFO - Setting next_dagrun for example_skip_dag to 2024-01-03T00:00:00+00:00, run_after=2024-01-04T00:00:00+00:00
[2024-01-04T19:53:03.353+0000] {processor.py:183} INFO - Processing /home/airflow/.local/lib/python3.8/site-packages/airflow/example_dags/example_skip_dag.py took 1.089 seconds
[2024-01-04T19:53:38.844+0000] {processor.py:161} INFO - Started process (PID=194) to work on /home/airflow/.local/lib/python3.8/site-packages/airflow/example_dags/example_skip_dag.py
[2024-01-04T19:53:38.860+0000] {processor.py:830} INFO - Processing file /home/airflow/.local/lib/python3.8/site-packages/airflow/example_dags/example_skip_dag.py for tasks to queue
[2024-01-04T19:53:38.863+0000] {logging_mixin.py:188} INFO - [2024-01-04T19:53:38.863+0000] {dagbag.py:538} INFO - Filling up the DagBag from /home/airflow/.local/lib/python3.8/site-packages/airflow/example_dags/example_skip_dag.py
[2024-01-04T19:53:38.874+0000] {processor.py:840} INFO - DAG(s) 'example_skip_dag' retrieved from /home/airflow/.local/lib/python3.8/site-packages/airflow/example_dags/example_skip_dag.py
[2024-01-04T19:53:39.255+0000] {logging_mixin.py:188} INFO - [2024-01-04T19:53:39.255+0000] {dag.py:3033} INFO - Sync 1 DAGs
[2024-01-04T19:53:39.427+0000] {logging_mixin.py:188} INFO - [2024-01-04T19:53:39.426+0000] {dag.py:3820} INFO - Setting next_dagrun for example_skip_dag to 2024-01-03T00:00:00+00:00, run_after=2024-01-04T00:00:00+00:00
[2024-01-04T19:53:39.577+0000] {processor.py:183} INFO - Processing /home/airflow/.local/lib/python3.8/site-packages/airflow/example_dags/example_skip_dag.py took 0.736 seconds
[2024-01-04T19:54:09.679+0000] {processor.py:161} INFO - Started process (PID=250) to work on /home/airflow/.local/lib/python3.8/site-packages/airflow/example_dags/example_skip_dag.py
[2024-01-04T19:54:09.685+0000] {processor.py:830} INFO - Processing file /home/airflow/.local/lib/python3.8/site-packages/airflow/example_dags/example_skip_dag.py for tasks to queue
[2024-01-04T19:54:09.688+0000] {logging_mixin.py:188} INFO - [2024-01-04T19:54:09.687+0000] {dagbag.py:538} INFO - Filling up the DagBag from /home/airflow/.local/lib/python3.8/site-packages/airflow/example_dags/example_skip_dag.py
[2024-01-04T19:54:09.696+0000] {processor.py:840} INFO - DAG(s) 'example_skip_dag' retrieved from /home/airflow/.local/lib/python3.8/site-packages/airflow/example_dags/example_skip_dag.py
[2024-01-04T19:54:09.733+0000] {logging_mixin.py:188} INFO - [2024-01-04T19:54:09.733+0000] {dag.py:3033} INFO - Sync 1 DAGs
[2024-01-04T19:54:10.353+0000] {logging_mixin.py:188} INFO - [2024-01-04T19:54:10.352+0000] {dag.py:3820} INFO - Setting next_dagrun for example_skip_dag to 2024-01-03T00:00:00+00:00, run_after=2024-01-04T00:00:00+00:00
[2024-01-04T19:54:10.405+0000] {processor.py:183} INFO - Processing /home/airflow/.local/lib/python3.8/site-packages/airflow/example_dags/example_skip_dag.py took 0.728 seconds
[2024-01-04T19:54:42.643+0000] {processor.py:161} INFO - Started process (PID=306) to work on /home/airflow/.local/lib/python3.8/site-packages/airflow/example_dags/example_skip_dag.py
[2024-01-04T19:54:42.783+0000] {processor.py:830} INFO - Processing file /home/airflow/.local/lib/python3.8/site-packages/airflow/example_dags/example_skip_dag.py for tasks to queue
[2024-01-04T19:54:42.787+0000] {logging_mixin.py:188} INFO - [2024-01-04T19:54:42.787+0000] {dagbag.py:538} INFO - Filling up the DagBag from /home/airflow/.local/lib/python3.8/site-packages/airflow/example_dags/example_skip_dag.py
[2024-01-04T19:54:42.796+0000] {processor.py:840} INFO - DAG(s) 'example_skip_dag' retrieved from /home/airflow/.local/lib/python3.8/site-packages/airflow/example_dags/example_skip_dag.py
[2024-01-04T19:54:42.827+0000] {logging_mixin.py:188} INFO - [2024-01-04T19:54:42.827+0000] {dag.py:3033} INFO - Sync 1 DAGs
[2024-01-04T19:54:42.874+0000] {logging_mixin.py:188} INFO - [2024-01-04T19:54:42.874+0000] {dag.py:3820} INFO - Setting next_dagrun for example_skip_dag to 2024-01-03T00:00:00+00:00, run_after=2024-01-04T00:00:00+00:00
[2024-01-04T19:54:43.066+0000] {processor.py:183} INFO - Processing /home/airflow/.local/lib/python3.8/site-packages/airflow/example_dags/example_skip_dag.py took 0.426 seconds
[2024-01-04T19:55:13.277+0000] {processor.py:161} INFO - Started process (PID=360) to work on /home/airflow/.local/lib/python3.8/site-packages/airflow/example_dags/example_skip_dag.py
[2024-01-04T19:55:13.279+0000] {processor.py:830} INFO - Processing file /home/airflow/.local/lib/python3.8/site-packages/airflow/example_dags/example_skip_dag.py for tasks to queue
[2024-01-04T19:55:13.284+0000] {logging_mixin.py:188} INFO - [2024-01-04T19:55:13.283+0000] {dagbag.py:538} INFO - Filling up the DagBag from /home/airflow/.local/lib/python3.8/site-packages/airflow/example_dags/example_skip_dag.py
[2024-01-04T19:55:13.293+0000] {processor.py:840} INFO - DAG(s) 'example_skip_dag' retrieved from /home/airflow/.local/lib/python3.8/site-packages/airflow/example_dags/example_skip_dag.py
[2024-01-04T19:55:13.331+0000] {logging_mixin.py:188} INFO - [2024-01-04T19:55:13.331+0000] {dag.py:3033} INFO - Sync 1 DAGs
[2024-01-04T19:55:13.375+0000] {logging_mixin.py:188} INFO - [2024-01-04T19:55:13.374+0000] {dag.py:3820} INFO - Setting next_dagrun for example_skip_dag to 2024-01-03T00:00:00+00:00, run_after=2024-01-04T00:00:00+00:00
[2024-01-04T19:55:13.418+0000] {processor.py:183} INFO - Processing /home/airflow/.local/lib/python3.8/site-packages/airflow/example_dags/example_skip_dag.py took 0.146 seconds
[2024-01-04T19:55:46.358+0000] {processor.py:161} INFO - Started process (PID=418) to work on /home/airflow/.local/lib/python3.8/site-packages/airflow/example_dags/example_skip_dag.py
[2024-01-04T19:55:46.360+0000] {processor.py:830} INFO - Processing file /home/airflow/.local/lib/python3.8/site-packages/airflow/example_dags/example_skip_dag.py for tasks to queue
[2024-01-04T19:55:46.364+0000] {logging_mixin.py:188} INFO - [2024-01-04T19:55:46.364+0000] {dagbag.py:538} INFO - Filling up the DagBag from /home/airflow/.local/lib/python3.8/site-packages/airflow/example_dags/example_skip_dag.py
[2024-01-04T19:55:46.376+0000] {processor.py:840} INFO - DAG(s) 'example_skip_dag' retrieved from /home/airflow/.local/lib/python3.8/site-packages/airflow/example_dags/example_skip_dag.py
[2024-01-04T19:55:46.441+0000] {logging_mixin.py:188} INFO - [2024-01-04T19:55:46.441+0000] {dag.py:3033} INFO - Sync 1 DAGs
[2024-01-04T19:55:46.503+0000] {logging_mixin.py:188} INFO - [2024-01-04T19:55:46.503+0000] {dag.py:3820} INFO - Setting next_dagrun for example_skip_dag to 2024-01-03T00:00:00+00:00, run_after=2024-01-04T00:00:00+00:00
[2024-01-04T19:55:46.558+0000] {processor.py:183} INFO - Processing /home/airflow/.local/lib/python3.8/site-packages/airflow/example_dags/example_skip_dag.py took 0.207 seconds
[2024-01-04T19:56:21.793+0000] {processor.py:161} INFO - Started process (PID=475) to work on /home/airflow/.local/lib/python3.8/site-packages/airflow/example_dags/example_skip_dag.py
[2024-01-04T19:56:21.794+0000] {processor.py:830} INFO - Processing file /home/airflow/.local/lib/python3.8/site-packages/airflow/example_dags/example_skip_dag.py for tasks to queue
[2024-01-04T19:56:21.796+0000] {logging_mixin.py:188} INFO - [2024-01-04T19:56:21.796+0000] {dagbag.py:538} INFO - Filling up the DagBag from /home/airflow/.local/lib/python3.8/site-packages/airflow/example_dags/example_skip_dag.py
[2024-01-04T19:56:21.805+0000] {processor.py:840} INFO - DAG(s) 'example_skip_dag' retrieved from /home/airflow/.local/lib/python3.8/site-packages/airflow/example_dags/example_skip_dag.py
[2024-01-04T19:56:21.834+0000] {logging_mixin.py:188} INFO - [2024-01-04T19:56:21.833+0000] {dag.py:3033} INFO - Sync 1 DAGs
[2024-01-04T19:56:21.863+0000] {logging_mixin.py:188} INFO - [2024-01-04T19:56:21.863+0000] {dag.py:3820} INFO - Setting next_dagrun for example_skip_dag to 2024-01-03T00:00:00+00:00, run_after=2024-01-04T00:00:00+00:00
[2024-01-04T19:56:21.894+0000] {processor.py:183} INFO - Processing /home/airflow/.local/lib/python3.8/site-packages/airflow/example_dags/example_skip_dag.py took 0.105 seconds
[2024-01-04T19:56:52.518+0000] {processor.py:161} INFO - Started process (PID=531) to work on /home/airflow/.local/lib/python3.8/site-packages/airflow/example_dags/example_skip_dag.py
[2024-01-04T19:56:52.519+0000] {processor.py:830} INFO - Processing file /home/airflow/.local/lib/python3.8/site-packages/airflow/example_dags/example_skip_dag.py for tasks to queue
[2024-01-04T19:56:52.522+0000] {logging_mixin.py:188} INFO - [2024-01-04T19:56:52.522+0000] {dagbag.py:538} INFO - Filling up the DagBag from /home/airflow/.local/lib/python3.8/site-packages/airflow/example_dags/example_skip_dag.py
[2024-01-04T19:56:52.531+0000] {processor.py:840} INFO - DAG(s) 'example_skip_dag' retrieved from /home/airflow/.local/lib/python3.8/site-packages/airflow/example_dags/example_skip_dag.py
[2024-01-04T19:56:52.557+0000] {logging_mixin.py:188} INFO - [2024-01-04T19:56:52.557+0000] {dag.py:3033} INFO - Sync 1 DAGs
[2024-01-04T19:56:52.588+0000] {logging_mixin.py:188} INFO - [2024-01-04T19:56:52.587+0000] {dag.py:3820} INFO - Setting next_dagrun for example_skip_dag to 2024-01-03T00:00:00+00:00, run_after=2024-01-04T00:00:00+00:00
[2024-01-04T19:56:52.616+0000] {processor.py:183} INFO - Processing /home/airflow/.local/lib/python3.8/site-packages/airflow/example_dags/example_skip_dag.py took 0.101 seconds
[2024-01-04T19:57:23.345+0000] {processor.py:161} INFO - Started process (PID=587) to work on /home/airflow/.local/lib/python3.8/site-packages/airflow/example_dags/example_skip_dag.py
[2024-01-04T19:57:23.347+0000] {processor.py:830} INFO - Processing file /home/airflow/.local/lib/python3.8/site-packages/airflow/example_dags/example_skip_dag.py for tasks to queue
[2024-01-04T19:57:23.349+0000] {logging_mixin.py:188} INFO - [2024-01-04T19:57:23.349+0000] {dagbag.py:538} INFO - Filling up the DagBag from /home/airflow/.local/lib/python3.8/site-packages/airflow/example_dags/example_skip_dag.py
[2024-01-04T19:57:23.358+0000] {processor.py:840} INFO - DAG(s) 'example_skip_dag' retrieved from /home/airflow/.local/lib/python3.8/site-packages/airflow/example_dags/example_skip_dag.py
[2024-01-04T19:57:23.383+0000] {logging_mixin.py:188} INFO - [2024-01-04T19:57:23.383+0000] {dag.py:3033} INFO - Sync 1 DAGs
[2024-01-04T19:57:23.411+0000] {logging_mixin.py:188} INFO - [2024-01-04T19:57:23.411+0000] {dag.py:3820} INFO - Setting next_dagrun for example_skip_dag to 2024-01-03T00:00:00+00:00, run_after=2024-01-04T00:00:00+00:00
[2024-01-04T19:57:23.446+0000] {processor.py:183} INFO - Processing /home/airflow/.local/lib/python3.8/site-packages/airflow/example_dags/example_skip_dag.py took 0.105 seconds
[2024-01-04T19:57:53.875+0000] {processor.py:161} INFO - Started process (PID=640) to work on /home/airflow/.local/lib/python3.8/site-packages/airflow/example_dags/example_skip_dag.py
[2024-01-04T19:57:53.877+0000] {processor.py:830} INFO - Processing file /home/airflow/.local/lib/python3.8/site-packages/airflow/example_dags/example_skip_dag.py for tasks to queue
[2024-01-04T19:57:53.880+0000] {logging_mixin.py:188} INFO - [2024-01-04T19:57:53.880+0000] {dagbag.py:538} INFO - Filling up the DagBag from /home/airflow/.local/lib/python3.8/site-packages/airflow/example_dags/example_skip_dag.py
[2024-01-04T19:57:53.889+0000] {processor.py:840} INFO - DAG(s) 'example_skip_dag' retrieved from /home/airflow/.local/lib/python3.8/site-packages/airflow/example_dags/example_skip_dag.py
[2024-01-04T19:57:53.915+0000] {logging_mixin.py:188} INFO - [2024-01-04T19:57:53.915+0000] {dag.py:3033} INFO - Sync 1 DAGs
[2024-01-04T19:57:53.961+0000] {logging_mixin.py:188} INFO - [2024-01-04T19:57:53.961+0000] {dag.py:3820} INFO - Setting next_dagrun for example_skip_dag to 2024-01-03T00:00:00+00:00, run_after=2024-01-04T00:00:00+00:00
[2024-01-04T19:57:54.001+0000] {processor.py:183} INFO - Processing /home/airflow/.local/lib/python3.8/site-packages/airflow/example_dags/example_skip_dag.py took 0.129 seconds
[2024-01-04T19:58:24.162+0000] {processor.py:161} INFO - Started process (PID=696) to work on /home/airflow/.local/lib/python3.8/site-packages/airflow/example_dags/example_skip_dag.py
[2024-01-04T19:58:24.163+0000] {processor.py:830} INFO - Processing file /home/airflow/.local/lib/python3.8/site-packages/airflow/example_dags/example_skip_dag.py for tasks to queue
[2024-01-04T19:58:24.166+0000] {logging_mixin.py:188} INFO - [2024-01-04T19:58:24.166+0000] {dagbag.py:538} INFO - Filling up the DagBag from /home/airflow/.local/lib/python3.8/site-packages/airflow/example_dags/example_skip_dag.py
[2024-01-04T19:58:24.174+0000] {processor.py:840} INFO - DAG(s) 'example_skip_dag' retrieved from /home/airflow/.local/lib/python3.8/site-packages/airflow/example_dags/example_skip_dag.py
[2024-01-04T19:58:24.202+0000] {logging_mixin.py:188} INFO - [2024-01-04T19:58:24.202+0000] {dag.py:3033} INFO - Sync 1 DAGs
[2024-01-04T19:58:24.227+0000] {logging_mixin.py:188} INFO - [2024-01-04T19:58:24.227+0000] {dag.py:3820} INFO - Setting next_dagrun for example_skip_dag to 2024-01-03T00:00:00+00:00, run_after=2024-01-04T00:00:00+00:00
[2024-01-04T19:58:24.266+0000] {processor.py:183} INFO - Processing /home/airflow/.local/lib/python3.8/site-packages/airflow/example_dags/example_skip_dag.py took 0.107 seconds
[2024-01-04T19:58:54.664+0000] {processor.py:161} INFO - Started process (PID=752) to work on /home/airflow/.local/lib/python3.8/site-packages/airflow/example_dags/example_skip_dag.py
[2024-01-04T19:58:54.665+0000] {processor.py:830} INFO - Processing file /home/airflow/.local/lib/python3.8/site-packages/airflow/example_dags/example_skip_dag.py for tasks to queue
[2024-01-04T19:58:54.668+0000] {logging_mixin.py:188} INFO - [2024-01-04T19:58:54.668+0000] {dagbag.py:538} INFO - Filling up the DagBag from /home/airflow/.local/lib/python3.8/site-packages/airflow/example_dags/example_skip_dag.py
[2024-01-04T19:58:54.680+0000] {processor.py:840} INFO - DAG(s) 'example_skip_dag' retrieved from /home/airflow/.local/lib/python3.8/site-packages/airflow/example_dags/example_skip_dag.py
[2024-01-04T19:58:54.706+0000] {logging_mixin.py:188} INFO - [2024-01-04T19:58:54.706+0000] {dag.py:3033} INFO - Sync 1 DAGs
[2024-01-04T19:58:54.742+0000] {logging_mixin.py:188} INFO - [2024-01-04T19:58:54.742+0000] {dag.py:3820} INFO - Setting next_dagrun for example_skip_dag to 2024-01-03T00:00:00+00:00, run_after=2024-01-04T00:00:00+00:00
[2024-01-04T19:58:54.770+0000] {processor.py:183} INFO - Processing /home/airflow/.local/lib/python3.8/site-packages/airflow/example_dags/example_skip_dag.py took 0.111 seconds
[2024-01-04T19:59:25.029+0000] {processor.py:161} INFO - Started process (PID=808) to work on /home/airflow/.local/lib/python3.8/site-packages/airflow/example_dags/example_skip_dag.py
[2024-01-04T19:59:25.030+0000] {processor.py:830} INFO - Processing file /home/airflow/.local/lib/python3.8/site-packages/airflow/example_dags/example_skip_dag.py for tasks to queue
[2024-01-04T19:59:25.033+0000] {logging_mixin.py:188} INFO - [2024-01-04T19:59:25.033+0000] {dagbag.py:538} INFO - Filling up the DagBag from /home/airflow/.local/lib/python3.8/site-packages/airflow/example_dags/example_skip_dag.py
[2024-01-04T19:59:25.044+0000] {processor.py:840} INFO - DAG(s) 'example_skip_dag' retrieved from /home/airflow/.local/lib/python3.8/site-packages/airflow/example_dags/example_skip_dag.py
[2024-01-04T19:59:25.083+0000] {logging_mixin.py:188} INFO - [2024-01-04T19:59:25.082+0000] {dag.py:3033} INFO - Sync 1 DAGs
[2024-01-04T19:59:25.139+0000] {logging_mixin.py:188} INFO - [2024-01-04T19:59:25.138+0000] {dag.py:3820} INFO - Setting next_dagrun for example_skip_dag to 2024-01-03T00:00:00+00:00, run_after=2024-01-04T00:00:00+00:00
[2024-01-04T19:59:25.172+0000] {processor.py:183} INFO - Processing /home/airflow/.local/lib/python3.8/site-packages/airflow/example_dags/example_skip_dag.py took 0.147 seconds
[2024-01-04T19:59:55.487+0000] {processor.py:161} INFO - Started process (PID=865) to work on /home/airflow/.local/lib/python3.8/site-packages/airflow/example_dags/example_skip_dag.py
[2024-01-04T19:59:55.490+0000] {processor.py:830} INFO - Processing file /home/airflow/.local/lib/python3.8/site-packages/airflow/example_dags/example_skip_dag.py for tasks to queue
[2024-01-04T19:59:55.495+0000] {logging_mixin.py:188} INFO - [2024-01-04T19:59:55.495+0000] {dagbag.py:538} INFO - Filling up the DagBag from /home/airflow/.local/lib/python3.8/site-packages/airflow/example_dags/example_skip_dag.py
[2024-01-04T19:59:55.505+0000] {processor.py:840} INFO - DAG(s) 'example_skip_dag' retrieved from /home/airflow/.local/lib/python3.8/site-packages/airflow/example_dags/example_skip_dag.py
[2024-01-04T19:59:55.530+0000] {logging_mixin.py:188} INFO - [2024-01-04T19:59:55.530+0000] {dag.py:3033} INFO - Sync 1 DAGs
[2024-01-04T19:59:55.554+0000] {logging_mixin.py:188} INFO - [2024-01-04T19:59:55.553+0000] {dag.py:3820} INFO - Setting next_dagrun for example_skip_dag to 2024-01-03T00:00:00+00:00, run_after=2024-01-04T00:00:00+00:00
[2024-01-04T19:59:55.582+0000] {processor.py:183} INFO - Processing /home/airflow/.local/lib/python3.8/site-packages/airflow/example_dags/example_skip_dag.py took 0.099 seconds
[2024-01-04T20:00:26.552+0000] {processor.py:161} INFO - Started process (PID=920) to work on /home/airflow/.local/lib/python3.8/site-packages/airflow/example_dags/example_skip_dag.py
[2024-01-04T20:00:26.554+0000] {processor.py:830} INFO - Processing file /home/airflow/.local/lib/python3.8/site-packages/airflow/example_dags/example_skip_dag.py for tasks to queue
[2024-01-04T20:00:26.557+0000] {logging_mixin.py:188} INFO - [2024-01-04T20:00:26.556+0000] {dagbag.py:538} INFO - Filling up the DagBag from /home/airflow/.local/lib/python3.8/site-packages/airflow/example_dags/example_skip_dag.py
[2024-01-04T20:00:26.565+0000] {processor.py:840} INFO - DAG(s) 'example_skip_dag' retrieved from /home/airflow/.local/lib/python3.8/site-packages/airflow/example_dags/example_skip_dag.py
[2024-01-04T20:00:26.594+0000] {logging_mixin.py:188} INFO - [2024-01-04T20:00:26.594+0000] {dag.py:3033} INFO - Sync 1 DAGs
[2024-01-04T20:00:26.622+0000] {logging_mixin.py:188} INFO - [2024-01-04T20:00:26.622+0000] {dag.py:3820} INFO - Setting next_dagrun for example_skip_dag to 2024-01-03T00:00:00+00:00, run_after=2024-01-04T00:00:00+00:00
[2024-01-04T20:00:26.653+0000] {processor.py:183} INFO - Processing /home/airflow/.local/lib/python3.8/site-packages/airflow/example_dags/example_skip_dag.py took 0.105 seconds
