[2024-01-04T19:52:32.731+0000] {processor.py:161} INFO - Started process (PID=107) to work on /home/airflow/.local/lib/python3.8/site-packages/airflow/example_dags/example_branch_python_dop_operator_3.py
[2024-01-04T19:52:32.734+0000] {processor.py:830} INFO - Processing file /home/airflow/.local/lib/python3.8/site-packages/airflow/example_dags/example_branch_python_dop_operator_3.py for tasks to queue
[2024-01-04T19:52:32.745+0000] {logging_mixin.py:188} INFO - [2024-01-04T19:52:32.740+0000] {dagbag.py:538} INFO - Filling up the DagBag from /home/airflow/.local/lib/python3.8/site-packages/airflow/example_dags/example_branch_python_dop_operator_3.py
[2024-01-04T19:52:32.792+0000] {processor.py:840} INFO - DAG(s) 'example_branch_dop_operator_v3' retrieved from /home/airflow/.local/lib/python3.8/site-packages/airflow/example_dags/example_branch_python_dop_operator_3.py
[2024-01-04T19:52:33.377+0000] {logging_mixin.py:188} INFO - [2024-01-04T19:52:33.376+0000] {dag.py:3033} INFO - Sync 1 DAGs
[2024-01-04T19:52:33.465+0000] {logging_mixin.py:188} INFO - [2024-01-04T19:52:33.465+0000] {dag.py:3820} INFO - Setting next_dagrun for example_branch_dop_operator_v3 to 2024-01-04T19:51:00+00:00, run_after=2024-01-04T19:52:00+00:00
[2024-01-04T19:52:33.819+0000] {processor.py:183} INFO - Processing /home/airflow/.local/lib/python3.8/site-packages/airflow/example_dags/example_branch_python_dop_operator_3.py took 1.101 seconds
[2024-01-04T19:53:14.033+0000] {processor.py:161} INFO - Started process (PID=163) to work on /home/airflow/.local/lib/python3.8/site-packages/airflow/example_dags/example_branch_python_dop_operator_3.py
[2024-01-04T19:53:14.035+0000] {processor.py:830} INFO - Processing file /home/airflow/.local/lib/python3.8/site-packages/airflow/example_dags/example_branch_python_dop_operator_3.py for tasks to queue
[2024-01-04T19:53:14.040+0000] {logging_mixin.py:188} INFO - [2024-01-04T19:53:14.040+0000] {dagbag.py:538} INFO - Filling up the DagBag from /home/airflow/.local/lib/python3.8/site-packages/airflow/example_dags/example_branch_python_dop_operator_3.py
[2024-01-04T19:53:14.064+0000] {processor.py:840} INFO - DAG(s) 'example_branch_dop_operator_v3' retrieved from /home/airflow/.local/lib/python3.8/site-packages/airflow/example_dags/example_branch_python_dop_operator_3.py
[2024-01-04T19:53:14.116+0000] {logging_mixin.py:188} INFO - [2024-01-04T19:53:14.115+0000] {dag.py:3033} INFO - Sync 1 DAGs
[2024-01-04T19:53:14.184+0000] {logging_mixin.py:188} INFO - [2024-01-04T19:53:14.183+0000] {dag.py:3820} INFO - Setting next_dagrun for example_branch_dop_operator_v3 to 2024-01-04T19:52:00+00:00, run_after=2024-01-04T19:53:00+00:00
[2024-01-04T19:53:14.239+0000] {processor.py:183} INFO - Processing /home/airflow/.local/lib/python3.8/site-packages/airflow/example_dags/example_branch_python_dop_operator_3.py took 0.211 seconds
[2024-01-04T19:53:44.896+0000] {processor.py:161} INFO - Started process (PID=217) to work on /home/airflow/.local/lib/python3.8/site-packages/airflow/example_dags/example_branch_python_dop_operator_3.py
[2024-01-04T19:53:44.899+0000] {processor.py:830} INFO - Processing file /home/airflow/.local/lib/python3.8/site-packages/airflow/example_dags/example_branch_python_dop_operator_3.py for tasks to queue
[2024-01-04T19:53:44.902+0000] {logging_mixin.py:188} INFO - [2024-01-04T19:53:44.901+0000] {dagbag.py:538} INFO - Filling up the DagBag from /home/airflow/.local/lib/python3.8/site-packages/airflow/example_dags/example_branch_python_dop_operator_3.py
[2024-01-04T19:53:44.915+0000] {processor.py:840} INFO - DAG(s) 'example_branch_dop_operator_v3' retrieved from /home/airflow/.local/lib/python3.8/site-packages/airflow/example_dags/example_branch_python_dop_operator_3.py
[2024-01-04T19:53:44.944+0000] {logging_mixin.py:188} INFO - [2024-01-04T19:53:44.944+0000] {dag.py:3033} INFO - Sync 1 DAGs
[2024-01-04T19:53:44.977+0000] {logging_mixin.py:188} INFO - [2024-01-04T19:53:44.977+0000] {dag.py:3820} INFO - Setting next_dagrun for example_branch_dop_operator_v3 to 2024-01-04T19:52:00+00:00, run_after=2024-01-04T19:53:00+00:00
[2024-01-04T19:53:45.006+0000] {processor.py:183} INFO - Processing /home/airflow/.local/lib/python3.8/site-packages/airflow/example_dags/example_branch_python_dop_operator_3.py took 0.115 seconds
[2024-01-04T19:54:22.556+0000] {processor.py:161} INFO - Started process (PID=273) to work on /home/airflow/.local/lib/python3.8/site-packages/airflow/example_dags/example_branch_python_dop_operator_3.py
[2024-01-04T19:54:22.557+0000] {processor.py:830} INFO - Processing file /home/airflow/.local/lib/python3.8/site-packages/airflow/example_dags/example_branch_python_dop_operator_3.py for tasks to queue
[2024-01-04T19:54:22.562+0000] {logging_mixin.py:188} INFO - [2024-01-04T19:54:22.561+0000] {dagbag.py:538} INFO - Filling up the DagBag from /home/airflow/.local/lib/python3.8/site-packages/airflow/example_dags/example_branch_python_dop_operator_3.py
[2024-01-04T19:54:22.613+0000] {processor.py:840} INFO - DAG(s) 'example_branch_dop_operator_v3' retrieved from /home/airflow/.local/lib/python3.8/site-packages/airflow/example_dags/example_branch_python_dop_operator_3.py
[2024-01-04T19:54:22.699+0000] {logging_mixin.py:188} INFO - [2024-01-04T19:54:22.699+0000] {dag.py:3033} INFO - Sync 1 DAGs
[2024-01-04T19:54:22.760+0000] {logging_mixin.py:188} INFO - [2024-01-04T19:54:22.759+0000] {dag.py:3820} INFO - Setting next_dagrun for example_branch_dop_operator_v3 to 2024-01-04T19:53:00+00:00, run_after=2024-01-04T19:54:00+00:00
[2024-01-04T19:54:22.804+0000] {processor.py:183} INFO - Processing /home/airflow/.local/lib/python3.8/site-packages/airflow/example_dags/example_branch_python_dop_operator_3.py took 0.255 seconds
[2024-01-04T19:54:54.717+0000] {processor.py:161} INFO - Started process (PID=326) to work on /home/airflow/.local/lib/python3.8/site-packages/airflow/example_dags/example_branch_python_dop_operator_3.py
[2024-01-04T19:54:54.720+0000] {processor.py:830} INFO - Processing file /home/airflow/.local/lib/python3.8/site-packages/airflow/example_dags/example_branch_python_dop_operator_3.py for tasks to queue
[2024-01-04T19:54:54.730+0000] {logging_mixin.py:188} INFO - [2024-01-04T19:54:54.727+0000] {dagbag.py:538} INFO - Filling up the DagBag from /home/airflow/.local/lib/python3.8/site-packages/airflow/example_dags/example_branch_python_dop_operator_3.py
[2024-01-04T19:54:54.765+0000] {processor.py:840} INFO - DAG(s) 'example_branch_dop_operator_v3' retrieved from /home/airflow/.local/lib/python3.8/site-packages/airflow/example_dags/example_branch_python_dop_operator_3.py
[2024-01-04T19:54:54.837+0000] {logging_mixin.py:188} INFO - [2024-01-04T19:54:54.836+0000] {dag.py:3033} INFO - Sync 1 DAGs
[2024-01-04T19:54:54.912+0000] {logging_mixin.py:188} INFO - [2024-01-04T19:54:54.912+0000] {dag.py:3820} INFO - Setting next_dagrun for example_branch_dop_operator_v3 to 2024-01-04T19:53:00+00:00, run_after=2024-01-04T19:54:00+00:00
[2024-01-04T19:54:55.106+0000] {processor.py:183} INFO - Processing /home/airflow/.local/lib/python3.8/site-packages/airflow/example_dags/example_branch_python_dop_operator_3.py took 0.398 seconds
[2024-01-04T19:55:34.242+0000] {processor.py:161} INFO - Started process (PID=380) to work on /home/airflow/.local/lib/python3.8/site-packages/airflow/example_dags/example_branch_python_dop_operator_3.py
[2024-01-04T19:55:34.380+0000] {processor.py:830} INFO - Processing file /home/airflow/.local/lib/python3.8/site-packages/airflow/example_dags/example_branch_python_dop_operator_3.py for tasks to queue
[2024-01-04T19:55:34.385+0000] {logging_mixin.py:188} INFO - [2024-01-04T19:55:34.384+0000] {dagbag.py:538} INFO - Filling up the DagBag from /home/airflow/.local/lib/python3.8/site-packages/airflow/example_dags/example_branch_python_dop_operator_3.py
[2024-01-04T19:55:34.435+0000] {processor.py:840} INFO - DAG(s) 'example_branch_dop_operator_v3' retrieved from /home/airflow/.local/lib/python3.8/site-packages/airflow/example_dags/example_branch_python_dop_operator_3.py
[2024-01-04T19:55:34.639+0000] {logging_mixin.py:188} INFO - [2024-01-04T19:55:34.639+0000] {dag.py:3033} INFO - Sync 1 DAGs
[2024-01-04T19:55:34.885+0000] {logging_mixin.py:188} INFO - [2024-01-04T19:55:34.885+0000] {dag.py:3820} INFO - Setting next_dagrun for example_branch_dop_operator_v3 to 2024-01-04T19:54:00+00:00, run_after=2024-01-04T19:55:00+00:00
[2024-01-04T19:55:35.555+0000] {processor.py:183} INFO - Processing /home/airflow/.local/lib/python3.8/site-packages/airflow/example_dags/example_branch_python_dop_operator_3.py took 1.318 seconds
[2024-01-04T19:56:06.408+0000] {processor.py:161} INFO - Started process (PID=435) to work on /home/airflow/.local/lib/python3.8/site-packages/airflow/example_dags/example_branch_python_dop_operator_3.py
[2024-01-04T19:56:06.409+0000] {processor.py:830} INFO - Processing file /home/airflow/.local/lib/python3.8/site-packages/airflow/example_dags/example_branch_python_dop_operator_3.py for tasks to queue
[2024-01-04T19:56:06.412+0000] {logging_mixin.py:188} INFO - [2024-01-04T19:56:06.412+0000] {dagbag.py:538} INFO - Filling up the DagBag from /home/airflow/.local/lib/python3.8/site-packages/airflow/example_dags/example_branch_python_dop_operator_3.py
[2024-01-04T19:56:06.422+0000] {processor.py:840} INFO - DAG(s) 'example_branch_dop_operator_v3' retrieved from /home/airflow/.local/lib/python3.8/site-packages/airflow/example_dags/example_branch_python_dop_operator_3.py
[2024-01-04T19:56:06.449+0000] {logging_mixin.py:188} INFO - [2024-01-04T19:56:06.449+0000] {dag.py:3033} INFO - Sync 1 DAGs
[2024-01-04T19:56:06.478+0000] {logging_mixin.py:188} INFO - [2024-01-04T19:56:06.478+0000] {dag.py:3820} INFO - Setting next_dagrun for example_branch_dop_operator_v3 to 2024-01-04T19:55:00+00:00, run_after=2024-01-04T19:56:00+00:00
[2024-01-04T19:56:06.509+0000] {processor.py:183} INFO - Processing /home/airflow/.local/lib/python3.8/site-packages/airflow/example_dags/example_branch_python_dop_operator_3.py took 0.104 seconds
[2024-01-04T19:56:36.946+0000] {processor.py:161} INFO - Started process (PID=491) to work on /home/airflow/.local/lib/python3.8/site-packages/airflow/example_dags/example_branch_python_dop_operator_3.py
[2024-01-04T19:56:36.948+0000] {processor.py:830} INFO - Processing file /home/airflow/.local/lib/python3.8/site-packages/airflow/example_dags/example_branch_python_dop_operator_3.py for tasks to queue
[2024-01-04T19:56:36.951+0000] {logging_mixin.py:188} INFO - [2024-01-04T19:56:36.951+0000] {dagbag.py:538} INFO - Filling up the DagBag from /home/airflow/.local/lib/python3.8/site-packages/airflow/example_dags/example_branch_python_dop_operator_3.py
[2024-01-04T19:56:36.961+0000] {processor.py:840} INFO - DAG(s) 'example_branch_dop_operator_v3' retrieved from /home/airflow/.local/lib/python3.8/site-packages/airflow/example_dags/example_branch_python_dop_operator_3.py
[2024-01-04T19:56:36.987+0000] {logging_mixin.py:188} INFO - [2024-01-04T19:56:36.986+0000] {dag.py:3033} INFO - Sync 1 DAGs
[2024-01-04T19:56:37.023+0000] {logging_mixin.py:188} INFO - [2024-01-04T19:56:37.023+0000] {dag.py:3820} INFO - Setting next_dagrun for example_branch_dop_operator_v3 to 2024-01-04T19:55:00+00:00, run_after=2024-01-04T19:56:00+00:00
[2024-01-04T19:56:37.057+0000] {processor.py:183} INFO - Processing /home/airflow/.local/lib/python3.8/site-packages/airflow/example_dags/example_branch_python_dop_operator_3.py took 0.114 seconds
[2024-01-04T19:57:07.709+0000] {processor.py:161} INFO - Started process (PID=547) to work on /home/airflow/.local/lib/python3.8/site-packages/airflow/example_dags/example_branch_python_dop_operator_3.py
[2024-01-04T19:57:07.711+0000] {processor.py:830} INFO - Processing file /home/airflow/.local/lib/python3.8/site-packages/airflow/example_dags/example_branch_python_dop_operator_3.py for tasks to queue
[2024-01-04T19:57:07.714+0000] {logging_mixin.py:188} INFO - [2024-01-04T19:57:07.713+0000] {dagbag.py:538} INFO - Filling up the DagBag from /home/airflow/.local/lib/python3.8/site-packages/airflow/example_dags/example_branch_python_dop_operator_3.py
[2024-01-04T19:57:07.724+0000] {processor.py:840} INFO - DAG(s) 'example_branch_dop_operator_v3' retrieved from /home/airflow/.local/lib/python3.8/site-packages/airflow/example_dags/example_branch_python_dop_operator_3.py
[2024-01-04T19:57:07.753+0000] {logging_mixin.py:188} INFO - [2024-01-04T19:57:07.753+0000] {dag.py:3033} INFO - Sync 1 DAGs
[2024-01-04T19:57:07.792+0000] {logging_mixin.py:188} INFO - [2024-01-04T19:57:07.792+0000] {dag.py:3820} INFO - Setting next_dagrun for example_branch_dop_operator_v3 to 2024-01-04T19:56:00+00:00, run_after=2024-01-04T19:57:00+00:00
[2024-01-04T19:57:07.828+0000] {processor.py:183} INFO - Processing /home/airflow/.local/lib/python3.8/site-packages/airflow/example_dags/example_branch_python_dop_operator_3.py took 0.123 seconds
[2024-01-04T19:57:38.089+0000] {processor.py:161} INFO - Started process (PID=603) to work on /home/airflow/.local/lib/python3.8/site-packages/airflow/example_dags/example_branch_python_dop_operator_3.py
[2024-01-04T19:57:38.091+0000] {processor.py:830} INFO - Processing file /home/airflow/.local/lib/python3.8/site-packages/airflow/example_dags/example_branch_python_dop_operator_3.py for tasks to queue
[2024-01-04T19:57:38.094+0000] {logging_mixin.py:188} INFO - [2024-01-04T19:57:38.093+0000] {dagbag.py:538} INFO - Filling up the DagBag from /home/airflow/.local/lib/python3.8/site-packages/airflow/example_dags/example_branch_python_dop_operator_3.py
[2024-01-04T19:57:38.107+0000] {processor.py:840} INFO - DAG(s) 'example_branch_dop_operator_v3' retrieved from /home/airflow/.local/lib/python3.8/site-packages/airflow/example_dags/example_branch_python_dop_operator_3.py
[2024-01-04T19:57:38.136+0000] {logging_mixin.py:188} INFO - [2024-01-04T19:57:38.136+0000] {dag.py:3033} INFO - Sync 1 DAGs
[2024-01-04T19:57:38.174+0000] {logging_mixin.py:188} INFO - [2024-01-04T19:57:38.174+0000] {dag.py:3820} INFO - Setting next_dagrun for example_branch_dop_operator_v3 to 2024-01-04T19:56:00+00:00, run_after=2024-01-04T19:57:00+00:00
[2024-01-04T19:57:38.209+0000] {processor.py:183} INFO - Processing /home/airflow/.local/lib/python3.8/site-packages/airflow/example_dags/example_branch_python_dop_operator_3.py took 0.123 seconds
[2024-01-04T19:58:08.416+0000] {processor.py:161} INFO - Started process (PID=659) to work on /home/airflow/.local/lib/python3.8/site-packages/airflow/example_dags/example_branch_python_dop_operator_3.py
[2024-01-04T19:58:08.418+0000] {processor.py:830} INFO - Processing file /home/airflow/.local/lib/python3.8/site-packages/airflow/example_dags/example_branch_python_dop_operator_3.py for tasks to queue
[2024-01-04T19:58:08.422+0000] {logging_mixin.py:188} INFO - [2024-01-04T19:58:08.421+0000] {dagbag.py:538} INFO - Filling up the DagBag from /home/airflow/.local/lib/python3.8/site-packages/airflow/example_dags/example_branch_python_dop_operator_3.py
[2024-01-04T19:58:08.433+0000] {processor.py:840} INFO - DAG(s) 'example_branch_dop_operator_v3' retrieved from /home/airflow/.local/lib/python3.8/site-packages/airflow/example_dags/example_branch_python_dop_operator_3.py
[2024-01-04T19:58:08.460+0000] {logging_mixin.py:188} INFO - [2024-01-04T19:58:08.460+0000] {dag.py:3033} INFO - Sync 1 DAGs
[2024-01-04T19:58:08.491+0000] {logging_mixin.py:188} INFO - [2024-01-04T19:58:08.491+0000] {dag.py:3820} INFO - Setting next_dagrun for example_branch_dop_operator_v3 to 2024-01-04T19:57:00+00:00, run_after=2024-01-04T19:58:00+00:00
[2024-01-04T19:58:08.523+0000] {processor.py:183} INFO - Processing /home/airflow/.local/lib/python3.8/site-packages/airflow/example_dags/example_branch_python_dop_operator_3.py took 0.110 seconds
[2024-01-04T19:58:38.988+0000] {processor.py:161} INFO - Started process (PID=715) to work on /home/airflow/.local/lib/python3.8/site-packages/airflow/example_dags/example_branch_python_dop_operator_3.py
[2024-01-04T19:58:38.989+0000] {processor.py:830} INFO - Processing file /home/airflow/.local/lib/python3.8/site-packages/airflow/example_dags/example_branch_python_dop_operator_3.py for tasks to queue
[2024-01-04T19:58:38.993+0000] {logging_mixin.py:188} INFO - [2024-01-04T19:58:38.992+0000] {dagbag.py:538} INFO - Filling up the DagBag from /home/airflow/.local/lib/python3.8/site-packages/airflow/example_dags/example_branch_python_dop_operator_3.py
[2024-01-04T19:58:39.006+0000] {processor.py:840} INFO - DAG(s) 'example_branch_dop_operator_v3' retrieved from /home/airflow/.local/lib/python3.8/site-packages/airflow/example_dags/example_branch_python_dop_operator_3.py
[2024-01-04T19:58:39.036+0000] {logging_mixin.py:188} INFO - [2024-01-04T19:58:39.036+0000] {dag.py:3033} INFO - Sync 1 DAGs
[2024-01-04T19:58:39.077+0000] {logging_mixin.py:188} INFO - [2024-01-04T19:58:39.077+0000] {dag.py:3820} INFO - Setting next_dagrun for example_branch_dop_operator_v3 to 2024-01-04T19:57:00+00:00, run_after=2024-01-04T19:58:00+00:00
[2024-01-04T19:58:39.123+0000] {processor.py:183} INFO - Processing /home/airflow/.local/lib/python3.8/site-packages/airflow/example_dags/example_branch_python_dop_operator_3.py took 0.140 seconds
[2024-01-04T19:59:09.544+0000] {processor.py:161} INFO - Started process (PID=771) to work on /home/airflow/.local/lib/python3.8/site-packages/airflow/example_dags/example_branch_python_dop_operator_3.py
[2024-01-04T19:59:09.545+0000] {processor.py:830} INFO - Processing file /home/airflow/.local/lib/python3.8/site-packages/airflow/example_dags/example_branch_python_dop_operator_3.py for tasks to queue
[2024-01-04T19:59:09.548+0000] {logging_mixin.py:188} INFO - [2024-01-04T19:59:09.548+0000] {dagbag.py:538} INFO - Filling up the DagBag from /home/airflow/.local/lib/python3.8/site-packages/airflow/example_dags/example_branch_python_dop_operator_3.py
[2024-01-04T19:59:09.559+0000] {processor.py:840} INFO - DAG(s) 'example_branch_dop_operator_v3' retrieved from /home/airflow/.local/lib/python3.8/site-packages/airflow/example_dags/example_branch_python_dop_operator_3.py
[2024-01-04T19:59:09.581+0000] {logging_mixin.py:188} INFO - [2024-01-04T19:59:09.581+0000] {dag.py:3033} INFO - Sync 1 DAGs
[2024-01-04T19:59:09.612+0000] {logging_mixin.py:188} INFO - [2024-01-04T19:59:09.612+0000] {dag.py:3820} INFO - Setting next_dagrun for example_branch_dop_operator_v3 to 2024-01-04T19:58:00+00:00, run_after=2024-01-04T19:59:00+00:00
[2024-01-04T19:59:09.644+0000] {processor.py:183} INFO - Processing /home/airflow/.local/lib/python3.8/site-packages/airflow/example_dags/example_branch_python_dop_operator_3.py took 0.104 seconds
[2024-01-04T19:59:40.217+0000] {processor.py:161} INFO - Started process (PID=827) to work on /home/airflow/.local/lib/python3.8/site-packages/airflow/example_dags/example_branch_python_dop_operator_3.py
[2024-01-04T19:59:40.220+0000] {processor.py:830} INFO - Processing file /home/airflow/.local/lib/python3.8/site-packages/airflow/example_dags/example_branch_python_dop_operator_3.py for tasks to queue
[2024-01-04T19:59:40.223+0000] {logging_mixin.py:188} INFO - [2024-01-04T19:59:40.223+0000] {dagbag.py:538} INFO - Filling up the DagBag from /home/airflow/.local/lib/python3.8/site-packages/airflow/example_dags/example_branch_python_dop_operator_3.py
[2024-01-04T19:59:40.234+0000] {processor.py:840} INFO - DAG(s) 'example_branch_dop_operator_v3' retrieved from /home/airflow/.local/lib/python3.8/site-packages/airflow/example_dags/example_branch_python_dop_operator_3.py
[2024-01-04T19:59:40.260+0000] {logging_mixin.py:188} INFO - [2024-01-04T19:59:40.259+0000] {dag.py:3033} INFO - Sync 1 DAGs
[2024-01-04T19:59:40.291+0000] {logging_mixin.py:188} INFO - [2024-01-04T19:59:40.290+0000] {dag.py:3820} INFO - Setting next_dagrun for example_branch_dop_operator_v3 to 2024-01-04T19:58:00+00:00, run_after=2024-01-04T19:59:00+00:00
[2024-01-04T19:59:40.324+0000] {processor.py:183} INFO - Processing /home/airflow/.local/lib/python3.8/site-packages/airflow/example_dags/example_branch_python_dop_operator_3.py took 0.112 seconds
[2024-01-04T20:00:10.500+0000] {processor.py:161} INFO - Started process (PID=884) to work on /home/airflow/.local/lib/python3.8/site-packages/airflow/example_dags/example_branch_python_dop_operator_3.py
[2024-01-04T20:00:10.501+0000] {processor.py:830} INFO - Processing file /home/airflow/.local/lib/python3.8/site-packages/airflow/example_dags/example_branch_python_dop_operator_3.py for tasks to queue
[2024-01-04T20:00:10.504+0000] {logging_mixin.py:188} INFO - [2024-01-04T20:00:10.504+0000] {dagbag.py:538} INFO - Filling up the DagBag from /home/airflow/.local/lib/python3.8/site-packages/airflow/example_dags/example_branch_python_dop_operator_3.py
[2024-01-04T20:00:10.518+0000] {processor.py:840} INFO - DAG(s) 'example_branch_dop_operator_v3' retrieved from /home/airflow/.local/lib/python3.8/site-packages/airflow/example_dags/example_branch_python_dop_operator_3.py
[2024-01-04T20:00:10.550+0000] {logging_mixin.py:188} INFO - [2024-01-04T20:00:10.549+0000] {dag.py:3033} INFO - Sync 1 DAGs
[2024-01-04T20:00:10.587+0000] {logging_mixin.py:188} INFO - [2024-01-04T20:00:10.587+0000] {dag.py:3820} INFO - Setting next_dagrun for example_branch_dop_operator_v3 to 2024-01-04T19:59:00+00:00, run_after=2024-01-04T20:00:00+00:00
[2024-01-04T20:00:10.626+0000] {processor.py:183} INFO - Processing /home/airflow/.local/lib/python3.8/site-packages/airflow/example_dags/example_branch_python_dop_operator_3.py took 0.130 seconds
