[2024-01-04T19:52:39.379+0000] {processor.py:161} INFO - Started process (PID=117) to work on /home/airflow/.local/lib/python3.8/site-packages/airflow/example_dags/example_datasets.py
[2024-01-04T19:52:39.381+0000] {processor.py:830} INFO - Processing file /home/airflow/.local/lib/python3.8/site-packages/airflow/example_dags/example_datasets.py for tasks to queue
[2024-01-04T19:52:39.388+0000] {logging_mixin.py:188} INFO - [2024-01-04T19:52:39.386+0000] {dagbag.py:538} INFO - Filling up the DagBag from /home/airflow/.local/lib/python3.8/site-packages/airflow/example_dags/example_datasets.py
[2024-01-04T19:52:39.451+0000] {processor.py:840} INFO - DAG(s) 'dataset_consumes_1_and_2', 'dataset_consumes_1', 'dataset_consumes_unknown_never_scheduled', 'dataset_consumes_1_never_scheduled', 'dataset_produces_1', 'dataset_produces_2' retrieved from /home/airflow/.local/lib/python3.8/site-packages/airflow/example_dags/example_datasets.py
[2024-01-04T19:52:40.200+0000] {logging_mixin.py:188} INFO - [2024-01-04T19:52:40.200+0000] {dag.py:3033} INFO - Sync 6 DAGs
[2024-01-04T19:52:40.284+0000] {logging_mixin.py:188} INFO - [2024-01-04T19:52:40.284+0000] {dag.py:3820} INFO - Setting next_dagrun for dataset_consumes_1 to None, run_after=None
[2024-01-04T19:52:40.293+0000] {logging_mixin.py:188} INFO - [2024-01-04T19:52:40.293+0000] {dag.py:3820} INFO - Setting next_dagrun for dataset_consumes_1_and_2 to None, run_after=None
[2024-01-04T19:52:40.296+0000] {logging_mixin.py:188} INFO - [2024-01-04T19:52:40.295+0000] {dag.py:3820} INFO - Setting next_dagrun for dataset_consumes_1_never_scheduled to None, run_after=None
[2024-01-04T19:52:40.298+0000] {logging_mixin.py:188} INFO - [2024-01-04T19:52:40.298+0000] {dag.py:3820} INFO - Setting next_dagrun for dataset_consumes_unknown_never_scheduled to None, run_after=None
[2024-01-04T19:52:40.305+0000] {logging_mixin.py:188} INFO - [2024-01-04T19:52:40.305+0000] {dag.py:3820} INFO - Setting next_dagrun for dataset_produces_1 to 2024-01-03T00:00:00+00:00, run_after=2024-01-04T00:00:00+00:00
[2024-01-04T19:52:40.309+0000] {logging_mixin.py:188} INFO - [2024-01-04T19:52:40.309+0000] {dag.py:3820} INFO - Setting next_dagrun for dataset_produces_2 to None, run_after=None
[2024-01-04T19:52:41.983+0000] {processor.py:183} INFO - Processing /home/airflow/.local/lib/python3.8/site-packages/airflow/example_dags/example_datasets.py took 2.611 seconds
[2024-01-04T19:53:16.953+0000] {processor.py:161} INFO - Started process (PID=173) to work on /home/airflow/.local/lib/python3.8/site-packages/airflow/example_dags/example_datasets.py
[2024-01-04T19:53:16.955+0000] {processor.py:830} INFO - Processing file /home/airflow/.local/lib/python3.8/site-packages/airflow/example_dags/example_datasets.py for tasks to queue
[2024-01-04T19:53:16.959+0000] {logging_mixin.py:188} INFO - [2024-01-04T19:53:16.958+0000] {dagbag.py:538} INFO - Filling up the DagBag from /home/airflow/.local/lib/python3.8/site-packages/airflow/example_dags/example_datasets.py
[2024-01-04T19:53:16.973+0000] {processor.py:840} INFO - DAG(s) 'dataset_consumes_1', 'dataset_produces_2', 'dataset_consumes_unknown_never_scheduled', 'dataset_produces_1', 'dataset_consumes_1_and_2', 'dataset_consumes_1_never_scheduled' retrieved from /home/airflow/.local/lib/python3.8/site-packages/airflow/example_dags/example_datasets.py
[2024-01-04T19:53:17.019+0000] {logging_mixin.py:188} INFO - [2024-01-04T19:53:17.018+0000] {dag.py:3033} INFO - Sync 6 DAGs
[2024-01-04T19:53:17.049+0000] {logging_mixin.py:188} INFO - [2024-01-04T19:53:17.049+0000] {dag.py:3820} INFO - Setting next_dagrun for dataset_consumes_1 to None, run_after=None
[2024-01-04T19:53:17.056+0000] {logging_mixin.py:188} INFO - [2024-01-04T19:53:17.056+0000] {dag.py:3820} INFO - Setting next_dagrun for dataset_consumes_1_and_2 to None, run_after=None
[2024-01-04T19:53:17.059+0000] {logging_mixin.py:188} INFO - [2024-01-04T19:53:17.059+0000] {dag.py:3820} INFO - Setting next_dagrun for dataset_consumes_1_never_scheduled to None, run_after=None
[2024-01-04T19:53:17.061+0000] {logging_mixin.py:188} INFO - [2024-01-04T19:53:17.061+0000] {dag.py:3820} INFO - Setting next_dagrun for dataset_consumes_unknown_never_scheduled to None, run_after=None
[2024-01-04T19:53:17.065+0000] {logging_mixin.py:188} INFO - [2024-01-04T19:53:17.065+0000] {dag.py:3820} INFO - Setting next_dagrun for dataset_produces_1 to 2024-01-03T00:00:00+00:00, run_after=2024-01-04T00:00:00+00:00
[2024-01-04T19:53:17.068+0000] {logging_mixin.py:188} INFO - [2024-01-04T19:53:17.068+0000] {dag.py:3820} INFO - Setting next_dagrun for dataset_produces_2 to None, run_after=None
[2024-01-04T19:53:18.158+0000] {processor.py:183} INFO - Processing /home/airflow/.local/lib/python3.8/site-packages/airflow/example_dags/example_datasets.py took 1.212 seconds
[2024-01-04T19:53:48.217+0000] {processor.py:161} INFO - Started process (PID=227) to work on /home/airflow/.local/lib/python3.8/site-packages/airflow/example_dags/example_datasets.py
[2024-01-04T19:53:48.219+0000] {processor.py:830} INFO - Processing file /home/airflow/.local/lib/python3.8/site-packages/airflow/example_dags/example_datasets.py for tasks to queue
[2024-01-04T19:53:48.223+0000] {logging_mixin.py:188} INFO - [2024-01-04T19:53:48.223+0000] {dagbag.py:538} INFO - Filling up the DagBag from /home/airflow/.local/lib/python3.8/site-packages/airflow/example_dags/example_datasets.py
[2024-01-04T19:53:48.240+0000] {processor.py:840} INFO - DAG(s) 'dataset_produces_2', 'dataset_consumes_unknown_never_scheduled', 'dataset_consumes_1', 'dataset_produces_1', 'dataset_consumes_1_and_2', 'dataset_consumes_1_never_scheduled' retrieved from /home/airflow/.local/lib/python3.8/site-packages/airflow/example_dags/example_datasets.py
[2024-01-04T19:53:48.292+0000] {logging_mixin.py:188} INFO - [2024-01-04T19:53:48.292+0000] {dag.py:3033} INFO - Sync 6 DAGs
[2024-01-04T19:53:48.319+0000] {logging_mixin.py:188} INFO - [2024-01-04T19:53:48.319+0000] {dag.py:3820} INFO - Setting next_dagrun for dataset_consumes_1 to None, run_after=None
[2024-01-04T19:53:48.324+0000] {logging_mixin.py:188} INFO - [2024-01-04T19:53:48.324+0000] {dag.py:3820} INFO - Setting next_dagrun for dataset_consumes_1_and_2 to None, run_after=None
[2024-01-04T19:53:48.326+0000] {logging_mixin.py:188} INFO - [2024-01-04T19:53:48.326+0000] {dag.py:3820} INFO - Setting next_dagrun for dataset_consumes_1_never_scheduled to None, run_after=None
[2024-01-04T19:53:48.328+0000] {logging_mixin.py:188} INFO - [2024-01-04T19:53:48.328+0000] {dag.py:3820} INFO - Setting next_dagrun for dataset_consumes_unknown_never_scheduled to None, run_after=None
[2024-01-04T19:53:48.332+0000] {logging_mixin.py:188} INFO - [2024-01-04T19:53:48.332+0000] {dag.py:3820} INFO - Setting next_dagrun for dataset_produces_1 to 2024-01-03T00:00:00+00:00, run_after=2024-01-04T00:00:00+00:00
[2024-01-04T19:53:48.335+0000] {logging_mixin.py:188} INFO - [2024-01-04T19:53:48.334+0000] {dag.py:3820} INFO - Setting next_dagrun for dataset_produces_2 to None, run_after=None
[2024-01-04T19:53:48.382+0000] {processor.py:183} INFO - Processing /home/airflow/.local/lib/python3.8/site-packages/airflow/example_dags/example_datasets.py took 0.168 seconds
[2024-01-04T19:54:24.656+0000] {processor.py:161} INFO - Started process (PID=283) to work on /home/airflow/.local/lib/python3.8/site-packages/airflow/example_dags/example_datasets.py
[2024-01-04T19:54:24.658+0000] {processor.py:830} INFO - Processing file /home/airflow/.local/lib/python3.8/site-packages/airflow/example_dags/example_datasets.py for tasks to queue
[2024-01-04T19:54:24.662+0000] {logging_mixin.py:188} INFO - [2024-01-04T19:54:24.662+0000] {dagbag.py:538} INFO - Filling up the DagBag from /home/airflow/.local/lib/python3.8/site-packages/airflow/example_dags/example_datasets.py
[2024-01-04T19:54:24.681+0000] {processor.py:840} INFO - DAG(s) 'dataset_produces_1', 'dataset_consumes_1_never_scheduled', 'dataset_consumes_unknown_never_scheduled', 'dataset_consumes_1_and_2', 'dataset_consumes_1', 'dataset_produces_2' retrieved from /home/airflow/.local/lib/python3.8/site-packages/airflow/example_dags/example_datasets.py
[2024-01-04T19:54:24.784+0000] {logging_mixin.py:188} INFO - [2024-01-04T19:54:24.783+0000] {dag.py:3033} INFO - Sync 6 DAGs
[2024-01-04T19:54:24.841+0000] {logging_mixin.py:188} INFO - [2024-01-04T19:54:24.840+0000] {dag.py:3820} INFO - Setting next_dagrun for dataset_consumes_1 to None, run_after=None
[2024-01-04T19:54:24.848+0000] {logging_mixin.py:188} INFO - [2024-01-04T19:54:24.848+0000] {dag.py:3820} INFO - Setting next_dagrun for dataset_consumes_1_and_2 to None, run_after=None
[2024-01-04T19:54:24.851+0000] {logging_mixin.py:188} INFO - [2024-01-04T19:54:24.851+0000] {dag.py:3820} INFO - Setting next_dagrun for dataset_consumes_1_never_scheduled to None, run_after=None
[2024-01-04T19:54:24.856+0000] {logging_mixin.py:188} INFO - [2024-01-04T19:54:24.856+0000] {dag.py:3820} INFO - Setting next_dagrun for dataset_consumes_unknown_never_scheduled to None, run_after=None
[2024-01-04T19:54:24.869+0000] {logging_mixin.py:188} INFO - [2024-01-04T19:54:24.868+0000] {dag.py:3820} INFO - Setting next_dagrun for dataset_produces_1 to 2024-01-03T00:00:00+00:00, run_after=2024-01-04T00:00:00+00:00
[2024-01-04T19:54:24.876+0000] {logging_mixin.py:188} INFO - [2024-01-04T19:54:24.875+0000] {dag.py:3820} INFO - Setting next_dagrun for dataset_produces_2 to None, run_after=None
[2024-01-04T19:54:25.342+0000] {processor.py:183} INFO - Processing /home/airflow/.local/lib/python3.8/site-packages/airflow/example_dags/example_datasets.py took 0.693 seconds
[2024-01-04T19:55:01.539+0000] {processor.py:161} INFO - Started process (PID=340) to work on /home/airflow/.local/lib/python3.8/site-packages/airflow/example_dags/example_datasets.py
[2024-01-04T19:55:01.593+0000] {processor.py:830} INFO - Processing file /home/airflow/.local/lib/python3.8/site-packages/airflow/example_dags/example_datasets.py for tasks to queue
[2024-01-04T19:55:01.602+0000] {logging_mixin.py:188} INFO - [2024-01-04T19:55:01.600+0000] {dagbag.py:538} INFO - Filling up the DagBag from /home/airflow/.local/lib/python3.8/site-packages/airflow/example_dags/example_datasets.py
[2024-01-04T19:55:01.622+0000] {processor.py:840} INFO - DAG(s) 'dataset_produces_2', 'dataset_consumes_1_and_2', 'dataset_consumes_1_never_scheduled', 'dataset_consumes_1', 'dataset_produces_1', 'dataset_consumes_unknown_never_scheduled' retrieved from /home/airflow/.local/lib/python3.8/site-packages/airflow/example_dags/example_datasets.py
[2024-01-04T19:55:01.673+0000] {logging_mixin.py:188} INFO - [2024-01-04T19:55:01.673+0000] {dag.py:3033} INFO - Sync 6 DAGs
[2024-01-04T19:55:01.704+0000] {logging_mixin.py:188} INFO - [2024-01-04T19:55:01.704+0000] {dag.py:3820} INFO - Setting next_dagrun for dataset_consumes_1 to None, run_after=None
[2024-01-04T19:55:01.710+0000] {logging_mixin.py:188} INFO - [2024-01-04T19:55:01.709+0000] {dag.py:3820} INFO - Setting next_dagrun for dataset_consumes_1_and_2 to None, run_after=None
[2024-01-04T19:55:01.712+0000] {logging_mixin.py:188} INFO - [2024-01-04T19:55:01.712+0000] {dag.py:3820} INFO - Setting next_dagrun for dataset_consumes_1_never_scheduled to None, run_after=None
[2024-01-04T19:55:01.714+0000] {logging_mixin.py:188} INFO - [2024-01-04T19:55:01.714+0000] {dag.py:3820} INFO - Setting next_dagrun for dataset_consumes_unknown_never_scheduled to None, run_after=None
[2024-01-04T19:55:01.719+0000] {logging_mixin.py:188} INFO - [2024-01-04T19:55:01.719+0000] {dag.py:3820} INFO - Setting next_dagrun for dataset_produces_1 to 2024-01-03T00:00:00+00:00, run_after=2024-01-04T00:00:00+00:00
[2024-01-04T19:55:01.721+0000] {logging_mixin.py:188} INFO - [2024-01-04T19:55:01.721+0000] {dag.py:3820} INFO - Setting next_dagrun for dataset_produces_2 to None, run_after=None
[2024-01-04T19:55:01.935+0000] {processor.py:183} INFO - Processing /home/airflow/.local/lib/python3.8/site-packages/airflow/example_dags/example_datasets.py took 0.400 seconds
[2024-01-04T19:55:43.648+0000] {processor.py:161} INFO - Started process (PID=400) to work on /home/airflow/.local/lib/python3.8/site-packages/airflow/example_dags/example_datasets.py
[2024-01-04T19:55:43.650+0000] {processor.py:830} INFO - Processing file /home/airflow/.local/lib/python3.8/site-packages/airflow/example_dags/example_datasets.py for tasks to queue
[2024-01-04T19:55:43.655+0000] {logging_mixin.py:188} INFO - [2024-01-04T19:55:43.654+0000] {dagbag.py:538} INFO - Filling up the DagBag from /home/airflow/.local/lib/python3.8/site-packages/airflow/example_dags/example_datasets.py
[2024-01-04T19:55:43.672+0000] {processor.py:840} INFO - DAG(s) 'dataset_consumes_1_never_scheduled', 'dataset_consumes_unknown_never_scheduled', 'dataset_produces_2', 'dataset_consumes_1_and_2', 'dataset_consumes_1', 'dataset_produces_1' retrieved from /home/airflow/.local/lib/python3.8/site-packages/airflow/example_dags/example_datasets.py
[2024-01-04T19:55:43.760+0000] {logging_mixin.py:188} INFO - [2024-01-04T19:55:43.759+0000] {dag.py:3033} INFO - Sync 6 DAGs
[2024-01-04T19:55:43.835+0000] {logging_mixin.py:188} INFO - [2024-01-04T19:55:43.835+0000] {dag.py:3820} INFO - Setting next_dagrun for dataset_consumes_1 to None, run_after=None
[2024-01-04T19:55:43.847+0000] {logging_mixin.py:188} INFO - [2024-01-04T19:55:43.844+0000] {dag.py:3820} INFO - Setting next_dagrun for dataset_consumes_1_and_2 to None, run_after=None
[2024-01-04T19:55:43.856+0000] {logging_mixin.py:188} INFO - [2024-01-04T19:55:43.855+0000] {dag.py:3820} INFO - Setting next_dagrun for dataset_consumes_1_never_scheduled to None, run_after=None
[2024-01-04T19:55:43.860+0000] {logging_mixin.py:188} INFO - [2024-01-04T19:55:43.859+0000] {dag.py:3820} INFO - Setting next_dagrun for dataset_consumes_unknown_never_scheduled to None, run_after=None
[2024-01-04T19:55:43.875+0000] {logging_mixin.py:188} INFO - [2024-01-04T19:55:43.874+0000] {dag.py:3820} INFO - Setting next_dagrun for dataset_produces_1 to 2024-01-03T00:00:00+00:00, run_after=2024-01-04T00:00:00+00:00
[2024-01-04T19:55:43.881+0000] {logging_mixin.py:188} INFO - [2024-01-04T19:55:43.881+0000] {dag.py:3820} INFO - Setting next_dagrun for dataset_produces_2 to None, run_after=None
[2024-01-04T19:55:44.139+0000] {processor.py:183} INFO - Processing /home/airflow/.local/lib/python3.8/site-packages/airflow/example_dags/example_datasets.py took 0.495 seconds
[2024-01-04T19:56:14.413+0000] {processor.py:161} INFO - Started process (PID=455) to work on /home/airflow/.local/lib/python3.8/site-packages/airflow/example_dags/example_datasets.py
[2024-01-04T19:56:14.416+0000] {processor.py:830} INFO - Processing file /home/airflow/.local/lib/python3.8/site-packages/airflow/example_dags/example_datasets.py for tasks to queue
[2024-01-04T19:56:14.426+0000] {logging_mixin.py:188} INFO - [2024-01-04T19:56:14.425+0000] {dagbag.py:538} INFO - Filling up the DagBag from /home/airflow/.local/lib/python3.8/site-packages/airflow/example_dags/example_datasets.py
[2024-01-04T19:56:14.464+0000] {processor.py:840} INFO - DAG(s) 'dataset_produces_1', 'dataset_consumes_1_and_2', 'dataset_consumes_unknown_never_scheduled', 'dataset_consumes_1', 'dataset_consumes_1_never_scheduled', 'dataset_produces_2' retrieved from /home/airflow/.local/lib/python3.8/site-packages/airflow/example_dags/example_datasets.py
[2024-01-04T19:56:14.567+0000] {logging_mixin.py:188} INFO - [2024-01-04T19:56:14.567+0000] {dag.py:3033} INFO - Sync 6 DAGs
[2024-01-04T19:56:14.607+0000] {logging_mixin.py:188} INFO - [2024-01-04T19:56:14.607+0000] {dag.py:3820} INFO - Setting next_dagrun for dataset_consumes_1 to None, run_after=None
[2024-01-04T19:56:14.616+0000] {logging_mixin.py:188} INFO - [2024-01-04T19:56:14.616+0000] {dag.py:3820} INFO - Setting next_dagrun for dataset_consumes_1_and_2 to None, run_after=None
[2024-01-04T19:56:14.619+0000] {logging_mixin.py:188} INFO - [2024-01-04T19:56:14.618+0000] {dag.py:3820} INFO - Setting next_dagrun for dataset_consumes_1_never_scheduled to None, run_after=None
[2024-01-04T19:56:14.621+0000] {logging_mixin.py:188} INFO - [2024-01-04T19:56:14.621+0000] {dag.py:3820} INFO - Setting next_dagrun for dataset_consumes_unknown_never_scheduled to None, run_after=None
[2024-01-04T19:56:14.626+0000] {logging_mixin.py:188} INFO - [2024-01-04T19:56:14.625+0000] {dag.py:3820} INFO - Setting next_dagrun for dataset_produces_1 to 2024-01-03T00:00:00+00:00, run_after=2024-01-04T00:00:00+00:00
[2024-01-04T19:56:14.632+0000] {logging_mixin.py:188} INFO - [2024-01-04T19:56:14.631+0000] {dag.py:3820} INFO - Setting next_dagrun for dataset_produces_2 to None, run_after=None
[2024-01-04T19:56:14.742+0000] {processor.py:183} INFO - Processing /home/airflow/.local/lib/python3.8/site-packages/airflow/example_dags/example_datasets.py took 0.340 seconds
[2024-01-04T19:56:47.374+0000] {processor.py:161} INFO - Started process (PID=510) to work on /home/airflow/.local/lib/python3.8/site-packages/airflow/example_dags/example_datasets.py
[2024-01-04T19:56:47.376+0000] {processor.py:830} INFO - Processing file /home/airflow/.local/lib/python3.8/site-packages/airflow/example_dags/example_datasets.py for tasks to queue
[2024-01-04T19:56:47.379+0000] {logging_mixin.py:188} INFO - [2024-01-04T19:56:47.378+0000] {dagbag.py:538} INFO - Filling up the DagBag from /home/airflow/.local/lib/python3.8/site-packages/airflow/example_dags/example_datasets.py
[2024-01-04T19:56:47.392+0000] {processor.py:840} INFO - DAG(s) 'dataset_consumes_1_never_scheduled', 'dataset_consumes_1', 'dataset_produces_1', 'dataset_produces_2', 'dataset_consumes_1_and_2', 'dataset_consumes_unknown_never_scheduled' retrieved from /home/airflow/.local/lib/python3.8/site-packages/airflow/example_dags/example_datasets.py
[2024-01-04T19:56:47.459+0000] {logging_mixin.py:188} INFO - [2024-01-04T19:56:47.459+0000] {dag.py:3033} INFO - Sync 6 DAGs
[2024-01-04T19:56:47.617+0000] {logging_mixin.py:188} INFO - [2024-01-04T19:56:47.617+0000] {dag.py:3820} INFO - Setting next_dagrun for dataset_consumes_1 to None, run_after=None
[2024-01-04T19:56:47.623+0000] {logging_mixin.py:188} INFO - [2024-01-04T19:56:47.622+0000] {dag.py:3820} INFO - Setting next_dagrun for dataset_consumes_1_and_2 to None, run_after=None
[2024-01-04T19:56:47.626+0000] {logging_mixin.py:188} INFO - [2024-01-04T19:56:47.626+0000] {dag.py:3820} INFO - Setting next_dagrun for dataset_consumes_1_never_scheduled to None, run_after=None
[2024-01-04T19:56:47.629+0000] {logging_mixin.py:188} INFO - [2024-01-04T19:56:47.628+0000] {dag.py:3820} INFO - Setting next_dagrun for dataset_consumes_unknown_never_scheduled to None, run_after=None
[2024-01-04T19:56:47.633+0000] {logging_mixin.py:188} INFO - [2024-01-04T19:56:47.633+0000] {dag.py:3820} INFO - Setting next_dagrun for dataset_produces_1 to 2024-01-03T00:00:00+00:00, run_after=2024-01-04T00:00:00+00:00
[2024-01-04T19:56:47.636+0000] {logging_mixin.py:188} INFO - [2024-01-04T19:56:47.635+0000] {dag.py:3820} INFO - Setting next_dagrun for dataset_produces_2 to None, run_after=None
[2024-01-04T19:56:48.096+0000] {processor.py:183} INFO - Processing /home/airflow/.local/lib/python3.8/site-packages/airflow/example_dags/example_datasets.py took 0.726 seconds
[2024-01-04T19:57:18.756+0000] {processor.py:161} INFO - Started process (PID=566) to work on /home/airflow/.local/lib/python3.8/site-packages/airflow/example_dags/example_datasets.py
[2024-01-04T19:57:18.758+0000] {processor.py:830} INFO - Processing file /home/airflow/.local/lib/python3.8/site-packages/airflow/example_dags/example_datasets.py for tasks to queue
[2024-01-04T19:57:18.761+0000] {logging_mixin.py:188} INFO - [2024-01-04T19:57:18.761+0000] {dagbag.py:538} INFO - Filling up the DagBag from /home/airflow/.local/lib/python3.8/site-packages/airflow/example_dags/example_datasets.py
[2024-01-04T19:57:18.772+0000] {processor.py:840} INFO - DAG(s) 'dataset_produces_2', 'dataset_consumes_1', 'dataset_produces_1', 'dataset_consumes_1_never_scheduled', 'dataset_consumes_1_and_2', 'dataset_consumes_unknown_never_scheduled' retrieved from /home/airflow/.local/lib/python3.8/site-packages/airflow/example_dags/example_datasets.py
[2024-01-04T19:57:18.824+0000] {logging_mixin.py:188} INFO - [2024-01-04T19:57:18.824+0000] {dag.py:3033} INFO - Sync 6 DAGs
[2024-01-04T19:57:18.854+0000] {logging_mixin.py:188} INFO - [2024-01-04T19:57:18.853+0000] {dag.py:3820} INFO - Setting next_dagrun for dataset_consumes_1 to None, run_after=None
[2024-01-04T19:57:18.859+0000] {logging_mixin.py:188} INFO - [2024-01-04T19:57:18.859+0000] {dag.py:3820} INFO - Setting next_dagrun for dataset_consumes_1_and_2 to None, run_after=None
[2024-01-04T19:57:18.862+0000] {logging_mixin.py:188} INFO - [2024-01-04T19:57:18.861+0000] {dag.py:3820} INFO - Setting next_dagrun for dataset_consumes_1_never_scheduled to None, run_after=None
[2024-01-04T19:57:18.864+0000] {logging_mixin.py:188} INFO - [2024-01-04T19:57:18.864+0000] {dag.py:3820} INFO - Setting next_dagrun for dataset_consumes_unknown_never_scheduled to None, run_after=None
[2024-01-04T19:57:18.869+0000] {logging_mixin.py:188} INFO - [2024-01-04T19:57:18.869+0000] {dag.py:3820} INFO - Setting next_dagrun for dataset_produces_1 to 2024-01-03T00:00:00+00:00, run_after=2024-01-04T00:00:00+00:00
[2024-01-04T19:57:18.872+0000] {logging_mixin.py:188} INFO - [2024-01-04T19:57:18.871+0000] {dag.py:3820} INFO - Setting next_dagrun for dataset_produces_2 to None, run_after=None
[2024-01-04T19:57:18.919+0000] {processor.py:183} INFO - Processing /home/airflow/.local/lib/python3.8/site-packages/airflow/example_dags/example_datasets.py took 0.166 seconds
[2024-01-04T19:57:49.384+0000] {processor.py:161} INFO - Started process (PID=622) to work on /home/airflow/.local/lib/python3.8/site-packages/airflow/example_dags/example_datasets.py
[2024-01-04T19:57:49.386+0000] {processor.py:830} INFO - Processing file /home/airflow/.local/lib/python3.8/site-packages/airflow/example_dags/example_datasets.py for tasks to queue
[2024-01-04T19:57:49.389+0000] {logging_mixin.py:188} INFO - [2024-01-04T19:57:49.388+0000] {dagbag.py:538} INFO - Filling up the DagBag from /home/airflow/.local/lib/python3.8/site-packages/airflow/example_dags/example_datasets.py
[2024-01-04T19:57:49.403+0000] {processor.py:840} INFO - DAG(s) 'dataset_consumes_1_never_scheduled', 'dataset_consumes_unknown_never_scheduled', 'dataset_produces_1', 'dataset_consumes_1', 'dataset_produces_2', 'dataset_consumes_1_and_2' retrieved from /home/airflow/.local/lib/python3.8/site-packages/airflow/example_dags/example_datasets.py
[2024-01-04T19:57:49.453+0000] {logging_mixin.py:188} INFO - [2024-01-04T19:57:49.453+0000] {dag.py:3033} INFO - Sync 6 DAGs
[2024-01-04T19:57:49.482+0000] {logging_mixin.py:188} INFO - [2024-01-04T19:57:49.482+0000] {dag.py:3820} INFO - Setting next_dagrun for dataset_consumes_1 to None, run_after=None
[2024-01-04T19:57:49.487+0000] {logging_mixin.py:188} INFO - [2024-01-04T19:57:49.487+0000] {dag.py:3820} INFO - Setting next_dagrun for dataset_consumes_1_and_2 to None, run_after=None
[2024-01-04T19:57:49.490+0000] {logging_mixin.py:188} INFO - [2024-01-04T19:57:49.490+0000] {dag.py:3820} INFO - Setting next_dagrun for dataset_consumes_1_never_scheduled to None, run_after=None
[2024-01-04T19:57:49.492+0000] {logging_mixin.py:188} INFO - [2024-01-04T19:57:49.492+0000] {dag.py:3820} INFO - Setting next_dagrun for dataset_consumes_unknown_never_scheduled to None, run_after=None
[2024-01-04T19:57:49.495+0000] {logging_mixin.py:188} INFO - [2024-01-04T19:57:49.495+0000] {dag.py:3820} INFO - Setting next_dagrun for dataset_produces_1 to 2024-01-03T00:00:00+00:00, run_after=2024-01-04T00:00:00+00:00
[2024-01-04T19:57:49.498+0000] {logging_mixin.py:188} INFO - [2024-01-04T19:57:49.498+0000] {dag.py:3820} INFO - Setting next_dagrun for dataset_produces_2 to None, run_after=None
[2024-01-04T19:57:49.546+0000] {processor.py:183} INFO - Processing /home/airflow/.local/lib/python3.8/site-packages/airflow/example_dags/example_datasets.py took 0.164 seconds
[2024-01-04T19:58:19.675+0000] {processor.py:161} INFO - Started process (PID=678) to work on /home/airflow/.local/lib/python3.8/site-packages/airflow/example_dags/example_datasets.py
[2024-01-04T19:58:19.677+0000] {processor.py:830} INFO - Processing file /home/airflow/.local/lib/python3.8/site-packages/airflow/example_dags/example_datasets.py for tasks to queue
[2024-01-04T19:58:19.680+0000] {logging_mixin.py:188} INFO - [2024-01-04T19:58:19.680+0000] {dagbag.py:538} INFO - Filling up the DagBag from /home/airflow/.local/lib/python3.8/site-packages/airflow/example_dags/example_datasets.py
[2024-01-04T19:58:19.691+0000] {processor.py:840} INFO - DAG(s) 'dataset_consumes_1_never_scheduled', 'dataset_consumes_1_and_2', 'dataset_produces_1', 'dataset_consumes_unknown_never_scheduled', 'dataset_consumes_1', 'dataset_produces_2' retrieved from /home/airflow/.local/lib/python3.8/site-packages/airflow/example_dags/example_datasets.py
[2024-01-04T19:58:19.738+0000] {logging_mixin.py:188} INFO - [2024-01-04T19:58:19.737+0000] {dag.py:3033} INFO - Sync 6 DAGs
[2024-01-04T19:58:19.767+0000] {logging_mixin.py:188} INFO - [2024-01-04T19:58:19.767+0000] {dag.py:3820} INFO - Setting next_dagrun for dataset_consumes_1 to None, run_after=None
[2024-01-04T19:58:19.772+0000] {logging_mixin.py:188} INFO - [2024-01-04T19:58:19.772+0000] {dag.py:3820} INFO - Setting next_dagrun for dataset_consumes_1_and_2 to None, run_after=None
[2024-01-04T19:58:19.774+0000] {logging_mixin.py:188} INFO - [2024-01-04T19:58:19.774+0000] {dag.py:3820} INFO - Setting next_dagrun for dataset_consumes_1_never_scheduled to None, run_after=None
[2024-01-04T19:58:19.776+0000] {logging_mixin.py:188} INFO - [2024-01-04T19:58:19.776+0000] {dag.py:3820} INFO - Setting next_dagrun for dataset_consumes_unknown_never_scheduled to None, run_after=None
[2024-01-04T19:58:19.780+0000] {logging_mixin.py:188} INFO - [2024-01-04T19:58:19.779+0000] {dag.py:3820} INFO - Setting next_dagrun for dataset_produces_1 to 2024-01-03T00:00:00+00:00, run_after=2024-01-04T00:00:00+00:00
[2024-01-04T19:58:19.783+0000] {logging_mixin.py:188} INFO - [2024-01-04T19:58:19.783+0000] {dag.py:3820} INFO - Setting next_dagrun for dataset_produces_2 to None, run_after=None
[2024-01-04T19:58:19.854+0000] {processor.py:183} INFO - Processing /home/airflow/.local/lib/python3.8/site-packages/airflow/example_dags/example_datasets.py took 0.182 seconds
[2024-01-04T19:58:50.191+0000] {processor.py:161} INFO - Started process (PID=734) to work on /home/airflow/.local/lib/python3.8/site-packages/airflow/example_dags/example_datasets.py
[2024-01-04T19:58:50.192+0000] {processor.py:830} INFO - Processing file /home/airflow/.local/lib/python3.8/site-packages/airflow/example_dags/example_datasets.py for tasks to queue
[2024-01-04T19:58:50.195+0000] {logging_mixin.py:188} INFO - [2024-01-04T19:58:50.195+0000] {dagbag.py:538} INFO - Filling up the DagBag from /home/airflow/.local/lib/python3.8/site-packages/airflow/example_dags/example_datasets.py
[2024-01-04T19:58:50.205+0000] {processor.py:840} INFO - DAG(s) 'dataset_consumes_1_and_2', 'dataset_consumes_unknown_never_scheduled', 'dataset_produces_2', 'dataset_consumes_1', 'dataset_consumes_1_never_scheduled', 'dataset_produces_1' retrieved from /home/airflow/.local/lib/python3.8/site-packages/airflow/example_dags/example_datasets.py
[2024-01-04T19:58:50.255+0000] {logging_mixin.py:188} INFO - [2024-01-04T19:58:50.255+0000] {dag.py:3033} INFO - Sync 6 DAGs
[2024-01-04T19:58:50.284+0000] {logging_mixin.py:188} INFO - [2024-01-04T19:58:50.284+0000] {dag.py:3820} INFO - Setting next_dagrun for dataset_consumes_1 to None, run_after=None
[2024-01-04T19:58:50.289+0000] {logging_mixin.py:188} INFO - [2024-01-04T19:58:50.289+0000] {dag.py:3820} INFO - Setting next_dagrun for dataset_consumes_1_and_2 to None, run_after=None
[2024-01-04T19:58:50.292+0000] {logging_mixin.py:188} INFO - [2024-01-04T19:58:50.292+0000] {dag.py:3820} INFO - Setting next_dagrun for dataset_consumes_1_never_scheduled to None, run_after=None
[2024-01-04T19:58:50.295+0000] {logging_mixin.py:188} INFO - [2024-01-04T19:58:50.295+0000] {dag.py:3820} INFO - Setting next_dagrun for dataset_consumes_unknown_never_scheduled to None, run_after=None
[2024-01-04T19:58:50.299+0000] {logging_mixin.py:188} INFO - [2024-01-04T19:58:50.299+0000] {dag.py:3820} INFO - Setting next_dagrun for dataset_produces_1 to 2024-01-03T00:00:00+00:00, run_after=2024-01-04T00:00:00+00:00
[2024-01-04T19:58:50.302+0000] {logging_mixin.py:188} INFO - [2024-01-04T19:58:50.302+0000] {dag.py:3820} INFO - Setting next_dagrun for dataset_produces_2 to None, run_after=None
[2024-01-04T19:58:50.353+0000] {processor.py:183} INFO - Processing /home/airflow/.local/lib/python3.8/site-packages/airflow/example_dags/example_datasets.py took 0.166 seconds
[2024-01-04T19:59:20.730+0000] {processor.py:161} INFO - Started process (PID=790) to work on /home/airflow/.local/lib/python3.8/site-packages/airflow/example_dags/example_datasets.py
[2024-01-04T19:59:20.732+0000] {processor.py:830} INFO - Processing file /home/airflow/.local/lib/python3.8/site-packages/airflow/example_dags/example_datasets.py for tasks to queue
[2024-01-04T19:59:20.735+0000] {logging_mixin.py:188} INFO - [2024-01-04T19:59:20.735+0000] {dagbag.py:538} INFO - Filling up the DagBag from /home/airflow/.local/lib/python3.8/site-packages/airflow/example_dags/example_datasets.py
[2024-01-04T19:59:20.745+0000] {processor.py:840} INFO - DAG(s) 'dataset_produces_1', 'dataset_consumes_1_and_2', 'dataset_produces_2', 'dataset_consumes_1_never_scheduled', 'dataset_consumes_1', 'dataset_consumes_unknown_never_scheduled' retrieved from /home/airflow/.local/lib/python3.8/site-packages/airflow/example_dags/example_datasets.py
[2024-01-04T19:59:20.802+0000] {logging_mixin.py:188} INFO - [2024-01-04T19:59:20.802+0000] {dag.py:3033} INFO - Sync 6 DAGs
[2024-01-04T19:59:20.831+0000] {logging_mixin.py:188} INFO - [2024-01-04T19:59:20.830+0000] {dag.py:3820} INFO - Setting next_dagrun for dataset_consumes_1 to None, run_after=None
[2024-01-04T19:59:20.837+0000] {logging_mixin.py:188} INFO - [2024-01-04T19:59:20.837+0000] {dag.py:3820} INFO - Setting next_dagrun for dataset_consumes_1_and_2 to None, run_after=None
[2024-01-04T19:59:20.840+0000] {logging_mixin.py:188} INFO - [2024-01-04T19:59:20.839+0000] {dag.py:3820} INFO - Setting next_dagrun for dataset_consumes_1_never_scheduled to None, run_after=None
[2024-01-04T19:59:20.842+0000] {logging_mixin.py:188} INFO - [2024-01-04T19:59:20.842+0000] {dag.py:3820} INFO - Setting next_dagrun for dataset_consumes_unknown_never_scheduled to None, run_after=None
[2024-01-04T19:59:20.847+0000] {logging_mixin.py:188} INFO - [2024-01-04T19:59:20.846+0000] {dag.py:3820} INFO - Setting next_dagrun for dataset_produces_1 to 2024-01-03T00:00:00+00:00, run_after=2024-01-04T00:00:00+00:00
[2024-01-04T19:59:20.852+0000] {logging_mixin.py:188} INFO - [2024-01-04T19:59:20.851+0000] {dag.py:3820} INFO - Setting next_dagrun for dataset_produces_2 to None, run_after=None
[2024-01-04T19:59:20.903+0000] {processor.py:183} INFO - Processing /home/airflow/.local/lib/python3.8/site-packages/airflow/example_dags/example_datasets.py took 0.177 seconds
[2024-01-04T19:59:51.134+0000] {processor.py:161} INFO - Started process (PID=847) to work on /home/airflow/.local/lib/python3.8/site-packages/airflow/example_dags/example_datasets.py
[2024-01-04T19:59:51.143+0000] {processor.py:830} INFO - Processing file /home/airflow/.local/lib/python3.8/site-packages/airflow/example_dags/example_datasets.py for tasks to queue
[2024-01-04T19:59:51.147+0000] {logging_mixin.py:188} INFO - [2024-01-04T19:59:51.146+0000] {dagbag.py:538} INFO - Filling up the DagBag from /home/airflow/.local/lib/python3.8/site-packages/airflow/example_dags/example_datasets.py
[2024-01-04T19:59:51.159+0000] {processor.py:840} INFO - DAG(s) 'dataset_produces_2', 'dataset_produces_1', 'dataset_consumes_1', 'dataset_consumes_1_and_2', 'dataset_consumes_1_never_scheduled', 'dataset_consumes_unknown_never_scheduled' retrieved from /home/airflow/.local/lib/python3.8/site-packages/airflow/example_dags/example_datasets.py
[2024-01-04T19:59:51.211+0000] {logging_mixin.py:188} INFO - [2024-01-04T19:59:51.210+0000] {dag.py:3033} INFO - Sync 6 DAGs
[2024-01-04T19:59:51.239+0000] {logging_mixin.py:188} INFO - [2024-01-04T19:59:51.239+0000] {dag.py:3820} INFO - Setting next_dagrun for dataset_consumes_1 to None, run_after=None
[2024-01-04T19:59:51.244+0000] {logging_mixin.py:188} INFO - [2024-01-04T19:59:51.244+0000] {dag.py:3820} INFO - Setting next_dagrun for dataset_consumes_1_and_2 to None, run_after=None
[2024-01-04T19:59:51.247+0000] {logging_mixin.py:188} INFO - [2024-01-04T19:59:51.247+0000] {dag.py:3820} INFO - Setting next_dagrun for dataset_consumes_1_never_scheduled to None, run_after=None
[2024-01-04T19:59:51.250+0000] {logging_mixin.py:188} INFO - [2024-01-04T19:59:51.250+0000] {dag.py:3820} INFO - Setting next_dagrun for dataset_consumes_unknown_never_scheduled to None, run_after=None
[2024-01-04T19:59:51.256+0000] {logging_mixin.py:188} INFO - [2024-01-04T19:59:51.256+0000] {dag.py:3820} INFO - Setting next_dagrun for dataset_produces_1 to 2024-01-03T00:00:00+00:00, run_after=2024-01-04T00:00:00+00:00
[2024-01-04T19:59:51.258+0000] {logging_mixin.py:188} INFO - [2024-01-04T19:59:51.258+0000] {dag.py:3820} INFO - Setting next_dagrun for dataset_produces_2 to None, run_after=None
[2024-01-04T19:59:51.321+0000] {processor.py:183} INFO - Processing /home/airflow/.local/lib/python3.8/site-packages/airflow/example_dags/example_datasets.py took 0.191 seconds
[2024-01-04T20:00:21.605+0000] {processor.py:161} INFO - Started process (PID=903) to work on /home/airflow/.local/lib/python3.8/site-packages/airflow/example_dags/example_datasets.py
[2024-01-04T20:00:21.606+0000] {processor.py:830} INFO - Processing file /home/airflow/.local/lib/python3.8/site-packages/airflow/example_dags/example_datasets.py for tasks to queue
[2024-01-04T20:00:21.609+0000] {logging_mixin.py:188} INFO - [2024-01-04T20:00:21.608+0000] {dagbag.py:538} INFO - Filling up the DagBag from /home/airflow/.local/lib/python3.8/site-packages/airflow/example_dags/example_datasets.py
[2024-01-04T20:00:21.623+0000] {processor.py:840} INFO - DAG(s) 'dataset_consumes_1_and_2', 'dataset_produces_2', 'dataset_consumes_1_never_scheduled', 'dataset_consumes_1', 'dataset_produces_1', 'dataset_consumes_unknown_never_scheduled' retrieved from /home/airflow/.local/lib/python3.8/site-packages/airflow/example_dags/example_datasets.py
[2024-01-04T20:00:21.674+0000] {logging_mixin.py:188} INFO - [2024-01-04T20:00:21.674+0000] {dag.py:3033} INFO - Sync 6 DAGs
[2024-01-04T20:00:21.707+0000] {logging_mixin.py:188} INFO - [2024-01-04T20:00:21.707+0000] {dag.py:3820} INFO - Setting next_dagrun for dataset_consumes_1 to None, run_after=None
[2024-01-04T20:00:21.712+0000] {logging_mixin.py:188} INFO - [2024-01-04T20:00:21.711+0000] {dag.py:3820} INFO - Setting next_dagrun for dataset_consumes_1_and_2 to None, run_after=None
[2024-01-04T20:00:21.713+0000] {logging_mixin.py:188} INFO - [2024-01-04T20:00:21.713+0000] {dag.py:3820} INFO - Setting next_dagrun for dataset_consumes_1_never_scheduled to None, run_after=None
[2024-01-04T20:00:21.716+0000] {logging_mixin.py:188} INFO - [2024-01-04T20:00:21.716+0000] {dag.py:3820} INFO - Setting next_dagrun for dataset_consumes_unknown_never_scheduled to None, run_after=None
[2024-01-04T20:00:21.723+0000] {logging_mixin.py:188} INFO - [2024-01-04T20:00:21.723+0000] {dag.py:3820} INFO - Setting next_dagrun for dataset_produces_1 to 2024-01-03T00:00:00+00:00, run_after=2024-01-04T00:00:00+00:00
[2024-01-04T20:00:21.726+0000] {logging_mixin.py:188} INFO - [2024-01-04T20:00:21.726+0000] {dag.py:3820} INFO - Setting next_dagrun for dataset_produces_2 to None, run_after=None
[2024-01-04T20:00:21.791+0000] {processor.py:183} INFO - Processing /home/airflow/.local/lib/python3.8/site-packages/airflow/example_dags/example_datasets.py took 0.190 seconds
