[2024-01-04T19:52:51.065+0000] {processor.py:161} INFO - Started process (PID=123) to work on /home/airflow/.local/lib/python3.8/site-packages/airflow/example_dags/example_short_circuit_operator.py
[2024-01-04T19:52:51.095+0000] {processor.py:830} INFO - Processing file /home/airflow/.local/lib/python3.8/site-packages/airflow/example_dags/example_short_circuit_operator.py for tasks to queue
[2024-01-04T19:52:51.172+0000] {logging_mixin.py:188} INFO - [2024-01-04T19:52:51.167+0000] {dagbag.py:538} INFO - Filling up the DagBag from /home/airflow/.local/lib/python3.8/site-packages/airflow/example_dags/example_short_circuit_operator.py
[2024-01-04T19:52:51.300+0000] {processor.py:840} INFO - DAG(s) 'example_short_circuit_operator' retrieved from /home/airflow/.local/lib/python3.8/site-packages/airflow/example_dags/example_short_circuit_operator.py
[2024-01-04T19:52:54.380+0000] {logging_mixin.py:188} INFO - [2024-01-04T19:52:54.380+0000] {dag.py:3033} INFO - Sync 1 DAGs
[2024-01-04T19:52:57.637+0000] {logging_mixin.py:188} INFO - [2024-01-04T19:52:57.636+0000] {dag.py:3820} INFO - Setting next_dagrun for example_short_circuit_operator to 2024-01-03T00:00:00+00:00, run_after=2024-01-04T00:00:00+00:00
[2024-01-04T19:52:58.460+0000] {processor.py:183} INFO - Processing /home/airflow/.local/lib/python3.8/site-packages/airflow/example_dags/example_short_circuit_operator.py took 7.447 seconds
[2024-01-04T19:53:29.265+0000] {processor.py:161} INFO - Started process (PID=179) to work on /home/airflow/.local/lib/python3.8/site-packages/airflow/example_dags/example_short_circuit_operator.py
[2024-01-04T19:53:29.267+0000] {processor.py:830} INFO - Processing file /home/airflow/.local/lib/python3.8/site-packages/airflow/example_dags/example_short_circuit_operator.py for tasks to queue
[2024-01-04T19:53:29.271+0000] {logging_mixin.py:188} INFO - [2024-01-04T19:53:29.271+0000] {dagbag.py:538} INFO - Filling up the DagBag from /home/airflow/.local/lib/python3.8/site-packages/airflow/example_dags/example_short_circuit_operator.py
[2024-01-04T19:53:29.289+0000] {processor.py:840} INFO - DAG(s) 'example_short_circuit_operator' retrieved from /home/airflow/.local/lib/python3.8/site-packages/airflow/example_dags/example_short_circuit_operator.py
[2024-01-04T19:53:29.348+0000] {logging_mixin.py:188} INFO - [2024-01-04T19:53:29.347+0000] {dag.py:3033} INFO - Sync 1 DAGs
[2024-01-04T19:53:29.387+0000] {logging_mixin.py:188} INFO - [2024-01-04T19:53:29.386+0000] {dag.py:3820} INFO - Setting next_dagrun for example_short_circuit_operator to 2024-01-03T00:00:00+00:00, run_after=2024-01-04T00:00:00+00:00
[2024-01-04T19:53:29.655+0000] {processor.py:183} INFO - Processing /home/airflow/.local/lib/python3.8/site-packages/airflow/example_dags/example_short_circuit_operator.py took 0.393 seconds
[2024-01-04T19:54:00.293+0000] {processor.py:161} INFO - Started process (PID=235) to work on /home/airflow/.local/lib/python3.8/site-packages/airflow/example_dags/example_short_circuit_operator.py
[2024-01-04T19:54:00.294+0000] {processor.py:830} INFO - Processing file /home/airflow/.local/lib/python3.8/site-packages/airflow/example_dags/example_short_circuit_operator.py for tasks to queue
[2024-01-04T19:54:00.297+0000] {logging_mixin.py:188} INFO - [2024-01-04T19:54:00.296+0000] {dagbag.py:538} INFO - Filling up the DagBag from /home/airflow/.local/lib/python3.8/site-packages/airflow/example_dags/example_short_circuit_operator.py
[2024-01-04T19:54:00.309+0000] {processor.py:840} INFO - DAG(s) 'example_short_circuit_operator' retrieved from /home/airflow/.local/lib/python3.8/site-packages/airflow/example_dags/example_short_circuit_operator.py
[2024-01-04T19:54:00.340+0000] {logging_mixin.py:188} INFO - [2024-01-04T19:54:00.339+0000] {dag.py:3033} INFO - Sync 1 DAGs
[2024-01-04T19:54:00.367+0000] {logging_mixin.py:188} INFO - [2024-01-04T19:54:00.367+0000] {dag.py:3820} INFO - Setting next_dagrun for example_short_circuit_operator to 2024-01-03T00:00:00+00:00, run_after=2024-01-04T00:00:00+00:00
[2024-01-04T19:54:00.404+0000] {processor.py:183} INFO - Processing /home/airflow/.local/lib/python3.8/site-packages/airflow/example_dags/example_short_circuit_operator.py took 0.116 seconds
[2024-01-04T19:54:37.249+0000] {processor.py:161} INFO - Started process (PID=291) to work on /home/airflow/.local/lib/python3.8/site-packages/airflow/example_dags/example_short_circuit_operator.py
[2024-01-04T19:54:37.252+0000] {processor.py:830} INFO - Processing file /home/airflow/.local/lib/python3.8/site-packages/airflow/example_dags/example_short_circuit_operator.py for tasks to queue
[2024-01-04T19:54:37.286+0000] {logging_mixin.py:188} INFO - [2024-01-04T19:54:37.285+0000] {dagbag.py:538} INFO - Filling up the DagBag from /home/airflow/.local/lib/python3.8/site-packages/airflow/example_dags/example_short_circuit_operator.py
[2024-01-04T19:54:37.328+0000] {processor.py:840} INFO - DAG(s) 'example_short_circuit_operator' retrieved from /home/airflow/.local/lib/python3.8/site-packages/airflow/example_dags/example_short_circuit_operator.py
[2024-01-04T19:54:37.524+0000] {logging_mixin.py:188} INFO - [2024-01-04T19:54:37.523+0000] {dag.py:3033} INFO - Sync 1 DAGs
[2024-01-04T19:54:37.616+0000] {logging_mixin.py:188} INFO - [2024-01-04T19:54:37.615+0000] {dag.py:3820} INFO - Setting next_dagrun for example_short_circuit_operator to 2024-01-03T00:00:00+00:00, run_after=2024-01-04T00:00:00+00:00
[2024-01-04T19:54:37.751+0000] {processor.py:183} INFO - Processing /home/airflow/.local/lib/python3.8/site-packages/airflow/example_dags/example_short_circuit_operator.py took 0.520 seconds
[2024-01-04T19:55:08.511+0000] {processor.py:161} INFO - Started process (PID=346) to work on /home/airflow/.local/lib/python3.8/site-packages/airflow/example_dags/example_short_circuit_operator.py
[2024-01-04T19:55:08.513+0000] {processor.py:830} INFO - Processing file /home/airflow/.local/lib/python3.8/site-packages/airflow/example_dags/example_short_circuit_operator.py for tasks to queue
[2024-01-04T19:55:08.515+0000] {logging_mixin.py:188} INFO - [2024-01-04T19:55:08.515+0000] {dagbag.py:538} INFO - Filling up the DagBag from /home/airflow/.local/lib/python3.8/site-packages/airflow/example_dags/example_short_circuit_operator.py
[2024-01-04T19:55:08.528+0000] {processor.py:840} INFO - DAG(s) 'example_short_circuit_operator' retrieved from /home/airflow/.local/lib/python3.8/site-packages/airflow/example_dags/example_short_circuit_operator.py
[2024-01-04T19:55:08.592+0000] {logging_mixin.py:188} INFO - [2024-01-04T19:55:08.591+0000] {dag.py:3033} INFO - Sync 1 DAGs
[2024-01-04T19:55:08.628+0000] {logging_mixin.py:188} INFO - [2024-01-04T19:55:08.628+0000] {dag.py:3820} INFO - Setting next_dagrun for example_short_circuit_operator to 2024-01-03T00:00:00+00:00, run_after=2024-01-04T00:00:00+00:00
[2024-01-04T19:55:08.654+0000] {processor.py:183} INFO - Processing /home/airflow/.local/lib/python3.8/site-packages/airflow/example_dags/example_short_circuit_operator.py took 0.147 seconds
[2024-01-04T19:55:45.443+0000] {processor.py:161} INFO - Started process (PID=410) to work on /home/airflow/.local/lib/python3.8/site-packages/airflow/example_dags/example_short_circuit_operator.py
[2024-01-04T19:55:45.504+0000] {processor.py:830} INFO - Processing file /home/airflow/.local/lib/python3.8/site-packages/airflow/example_dags/example_short_circuit_operator.py for tasks to queue
[2024-01-04T19:55:45.508+0000] {logging_mixin.py:188} INFO - [2024-01-04T19:55:45.508+0000] {dagbag.py:538} INFO - Filling up the DagBag from /home/airflow/.local/lib/python3.8/site-packages/airflow/example_dags/example_short_circuit_operator.py
[2024-01-04T19:55:45.520+0000] {processor.py:840} INFO - DAG(s) 'example_short_circuit_operator' retrieved from /home/airflow/.local/lib/python3.8/site-packages/airflow/example_dags/example_short_circuit_operator.py
[2024-01-04T19:55:45.572+0000] {logging_mixin.py:188} INFO - [2024-01-04T19:55:45.572+0000] {dag.py:3033} INFO - Sync 1 DAGs
[2024-01-04T19:55:45.621+0000] {logging_mixin.py:188} INFO - [2024-01-04T19:55:45.621+0000] {dag.py:3820} INFO - Setting next_dagrun for example_short_circuit_operator to 2024-01-03T00:00:00+00:00, run_after=2024-01-04T00:00:00+00:00
[2024-01-04T19:55:45.679+0000] {processor.py:183} INFO - Processing /home/airflow/.local/lib/python3.8/site-packages/airflow/example_dags/example_short_circuit_operator.py took 0.242 seconds
[2024-01-04T19:56:20.631+0000] {processor.py:161} INFO - Started process (PID=464) to work on /home/airflow/.local/lib/python3.8/site-packages/airflow/example_dags/example_short_circuit_operator.py
[2024-01-04T19:56:20.633+0000] {processor.py:830} INFO - Processing file /home/airflow/.local/lib/python3.8/site-packages/airflow/example_dags/example_short_circuit_operator.py for tasks to queue
[2024-01-04T19:56:20.638+0000] {logging_mixin.py:188} INFO - [2024-01-04T19:56:20.637+0000] {dagbag.py:538} INFO - Filling up the DagBag from /home/airflow/.local/lib/python3.8/site-packages/airflow/example_dags/example_short_circuit_operator.py
[2024-01-04T19:56:20.665+0000] {processor.py:840} INFO - DAG(s) 'example_short_circuit_operator' retrieved from /home/airflow/.local/lib/python3.8/site-packages/airflow/example_dags/example_short_circuit_operator.py
[2024-01-04T19:56:20.712+0000] {logging_mixin.py:188} INFO - [2024-01-04T19:56:20.711+0000] {dag.py:3033} INFO - Sync 1 DAGs
[2024-01-04T19:56:20.807+0000] {logging_mixin.py:188} INFO - [2024-01-04T19:56:20.807+0000] {dag.py:3820} INFO - Setting next_dagrun for example_short_circuit_operator to 2024-01-03T00:00:00+00:00, run_after=2024-01-04T00:00:00+00:00
[2024-01-04T19:56:20.843+0000] {processor.py:183} INFO - Processing /home/airflow/.local/lib/python3.8/site-packages/airflow/example_dags/example_short_circuit_operator.py took 0.218 seconds
[2024-01-04T19:56:51.667+0000] {processor.py:161} INFO - Started process (PID=520) to work on /home/airflow/.local/lib/python3.8/site-packages/airflow/example_dags/example_short_circuit_operator.py
[2024-01-04T19:56:51.668+0000] {processor.py:830} INFO - Processing file /home/airflow/.local/lib/python3.8/site-packages/airflow/example_dags/example_short_circuit_operator.py for tasks to queue
[2024-01-04T19:56:51.671+0000] {logging_mixin.py:188} INFO - [2024-01-04T19:56:51.670+0000] {dagbag.py:538} INFO - Filling up the DagBag from /home/airflow/.local/lib/python3.8/site-packages/airflow/example_dags/example_short_circuit_operator.py
[2024-01-04T19:56:51.680+0000] {processor.py:840} INFO - DAG(s) 'example_short_circuit_operator' retrieved from /home/airflow/.local/lib/python3.8/site-packages/airflow/example_dags/example_short_circuit_operator.py
[2024-01-04T19:56:51.707+0000] {logging_mixin.py:188} INFO - [2024-01-04T19:56:51.707+0000] {dag.py:3033} INFO - Sync 1 DAGs
[2024-01-04T19:56:51.751+0000] {logging_mixin.py:188} INFO - [2024-01-04T19:56:51.750+0000] {dag.py:3820} INFO - Setting next_dagrun for example_short_circuit_operator to 2024-01-03T00:00:00+00:00, run_after=2024-01-04T00:00:00+00:00
[2024-01-04T19:56:51.786+0000] {processor.py:183} INFO - Processing /home/airflow/.local/lib/python3.8/site-packages/airflow/example_dags/example_short_circuit_operator.py took 0.122 seconds
[2024-01-04T19:57:22.353+0000] {processor.py:161} INFO - Started process (PID=574) to work on /home/airflow/.local/lib/python3.8/site-packages/airflow/example_dags/example_short_circuit_operator.py
[2024-01-04T19:57:22.354+0000] {processor.py:830} INFO - Processing file /home/airflow/.local/lib/python3.8/site-packages/airflow/example_dags/example_short_circuit_operator.py for tasks to queue
[2024-01-04T19:57:22.357+0000] {logging_mixin.py:188} INFO - [2024-01-04T19:57:22.357+0000] {dagbag.py:538} INFO - Filling up the DagBag from /home/airflow/.local/lib/python3.8/site-packages/airflow/example_dags/example_short_circuit_operator.py
[2024-01-04T19:57:22.365+0000] {processor.py:840} INFO - DAG(s) 'example_short_circuit_operator' retrieved from /home/airflow/.local/lib/python3.8/site-packages/airflow/example_dags/example_short_circuit_operator.py
[2024-01-04T19:57:22.394+0000] {logging_mixin.py:188} INFO - [2024-01-04T19:57:22.394+0000] {dag.py:3033} INFO - Sync 1 DAGs
[2024-01-04T19:57:22.423+0000] {logging_mixin.py:188} INFO - [2024-01-04T19:57:22.423+0000] {dag.py:3820} INFO - Setting next_dagrun for example_short_circuit_operator to 2024-01-03T00:00:00+00:00, run_after=2024-01-04T00:00:00+00:00
[2024-01-04T19:57:22.454+0000] {processor.py:183} INFO - Processing /home/airflow/.local/lib/python3.8/site-packages/airflow/example_dags/example_short_circuit_operator.py took 0.105 seconds
[2024-01-04T19:57:53.119+0000] {processor.py:161} INFO - Started process (PID=630) to work on /home/airflow/.local/lib/python3.8/site-packages/airflow/example_dags/example_short_circuit_operator.py
[2024-01-04T19:57:53.121+0000] {processor.py:830} INFO - Processing file /home/airflow/.local/lib/python3.8/site-packages/airflow/example_dags/example_short_circuit_operator.py for tasks to queue
[2024-01-04T19:57:53.124+0000] {logging_mixin.py:188} INFO - [2024-01-04T19:57:53.123+0000] {dagbag.py:538} INFO - Filling up the DagBag from /home/airflow/.local/lib/python3.8/site-packages/airflow/example_dags/example_short_circuit_operator.py
[2024-01-04T19:57:53.133+0000] {processor.py:840} INFO - DAG(s) 'example_short_circuit_operator' retrieved from /home/airflow/.local/lib/python3.8/site-packages/airflow/example_dags/example_short_circuit_operator.py
[2024-01-04T19:57:53.165+0000] {logging_mixin.py:188} INFO - [2024-01-04T19:57:53.165+0000] {dag.py:3033} INFO - Sync 1 DAGs
[2024-01-04T19:57:53.192+0000] {logging_mixin.py:188} INFO - [2024-01-04T19:57:53.192+0000] {dag.py:3820} INFO - Setting next_dagrun for example_short_circuit_operator to 2024-01-03T00:00:00+00:00, run_after=2024-01-04T00:00:00+00:00
[2024-01-04T19:57:53.230+0000] {processor.py:183} INFO - Processing /home/airflow/.local/lib/python3.8/site-packages/airflow/example_dags/example_short_circuit_operator.py took 0.114 seconds
[2024-01-04T19:58:23.265+0000] {processor.py:161} INFO - Started process (PID=686) to work on /home/airflow/.local/lib/python3.8/site-packages/airflow/example_dags/example_short_circuit_operator.py
[2024-01-04T19:58:23.267+0000] {processor.py:830} INFO - Processing file /home/airflow/.local/lib/python3.8/site-packages/airflow/example_dags/example_short_circuit_operator.py for tasks to queue
[2024-01-04T19:58:23.270+0000] {logging_mixin.py:188} INFO - [2024-01-04T19:58:23.270+0000] {dagbag.py:538} INFO - Filling up the DagBag from /home/airflow/.local/lib/python3.8/site-packages/airflow/example_dags/example_short_circuit_operator.py
[2024-01-04T19:58:23.279+0000] {processor.py:840} INFO - DAG(s) 'example_short_circuit_operator' retrieved from /home/airflow/.local/lib/python3.8/site-packages/airflow/example_dags/example_short_circuit_operator.py
[2024-01-04T19:58:23.306+0000] {logging_mixin.py:188} INFO - [2024-01-04T19:58:23.306+0000] {dag.py:3033} INFO - Sync 1 DAGs
[2024-01-04T19:58:23.332+0000] {logging_mixin.py:188} INFO - [2024-01-04T19:58:23.332+0000] {dag.py:3820} INFO - Setting next_dagrun for example_short_circuit_operator to 2024-01-03T00:00:00+00:00, run_after=2024-01-04T00:00:00+00:00
[2024-01-04T19:58:23.362+0000] {processor.py:183} INFO - Processing /home/airflow/.local/lib/python3.8/site-packages/airflow/example_dags/example_short_circuit_operator.py took 0.102 seconds
[2024-01-04T19:58:53.797+0000] {processor.py:161} INFO - Started process (PID=742) to work on /home/airflow/.local/lib/python3.8/site-packages/airflow/example_dags/example_short_circuit_operator.py
[2024-01-04T19:58:53.798+0000] {processor.py:830} INFO - Processing file /home/airflow/.local/lib/python3.8/site-packages/airflow/example_dags/example_short_circuit_operator.py for tasks to queue
[2024-01-04T19:58:53.801+0000] {logging_mixin.py:188} INFO - [2024-01-04T19:58:53.800+0000] {dagbag.py:538} INFO - Filling up the DagBag from /home/airflow/.local/lib/python3.8/site-packages/airflow/example_dags/example_short_circuit_operator.py
[2024-01-04T19:58:53.810+0000] {processor.py:840} INFO - DAG(s) 'example_short_circuit_operator' retrieved from /home/airflow/.local/lib/python3.8/site-packages/airflow/example_dags/example_short_circuit_operator.py
[2024-01-04T19:58:53.842+0000] {logging_mixin.py:188} INFO - [2024-01-04T19:58:53.842+0000] {dag.py:3033} INFO - Sync 1 DAGs
[2024-01-04T19:58:53.875+0000] {logging_mixin.py:188} INFO - [2024-01-04T19:58:53.874+0000] {dag.py:3820} INFO - Setting next_dagrun for example_short_circuit_operator to 2024-01-03T00:00:00+00:00, run_after=2024-01-04T00:00:00+00:00
[2024-01-04T19:58:53.916+0000] {processor.py:183} INFO - Processing /home/airflow/.local/lib/python3.8/site-packages/airflow/example_dags/example_short_circuit_operator.py took 0.124 seconds
[2024-01-04T19:59:24.333+0000] {processor.py:161} INFO - Started process (PID=798) to work on /home/airflow/.local/lib/python3.8/site-packages/airflow/example_dags/example_short_circuit_operator.py
[2024-01-04T19:59:24.335+0000] {processor.py:830} INFO - Processing file /home/airflow/.local/lib/python3.8/site-packages/airflow/example_dags/example_short_circuit_operator.py for tasks to queue
[2024-01-04T19:59:24.338+0000] {logging_mixin.py:188} INFO - [2024-01-04T19:59:24.337+0000] {dagbag.py:538} INFO - Filling up the DagBag from /home/airflow/.local/lib/python3.8/site-packages/airflow/example_dags/example_short_circuit_operator.py
[2024-01-04T19:59:24.347+0000] {processor.py:840} INFO - DAG(s) 'example_short_circuit_operator' retrieved from /home/airflow/.local/lib/python3.8/site-packages/airflow/example_dags/example_short_circuit_operator.py
[2024-01-04T19:59:24.379+0000] {logging_mixin.py:188} INFO - [2024-01-04T19:59:24.379+0000] {dag.py:3033} INFO - Sync 1 DAGs
[2024-01-04T19:59:24.415+0000] {logging_mixin.py:188} INFO - [2024-01-04T19:59:24.415+0000] {dag.py:3820} INFO - Setting next_dagrun for example_short_circuit_operator to 2024-01-03T00:00:00+00:00, run_after=2024-01-04T00:00:00+00:00
[2024-01-04T19:59:24.448+0000] {processor.py:183} INFO - Processing /home/airflow/.local/lib/python3.8/site-packages/airflow/example_dags/example_short_circuit_operator.py took 0.119 seconds
[2024-01-04T19:59:54.734+0000] {processor.py:161} INFO - Started process (PID=855) to work on /home/airflow/.local/lib/python3.8/site-packages/airflow/example_dags/example_short_circuit_operator.py
[2024-01-04T19:59:54.736+0000] {processor.py:830} INFO - Processing file /home/airflow/.local/lib/python3.8/site-packages/airflow/example_dags/example_short_circuit_operator.py for tasks to queue
[2024-01-04T19:59:54.739+0000] {logging_mixin.py:188} INFO - [2024-01-04T19:59:54.739+0000] {dagbag.py:538} INFO - Filling up the DagBag from /home/airflow/.local/lib/python3.8/site-packages/airflow/example_dags/example_short_circuit_operator.py
[2024-01-04T19:59:54.753+0000] {processor.py:840} INFO - DAG(s) 'example_short_circuit_operator' retrieved from /home/airflow/.local/lib/python3.8/site-packages/airflow/example_dags/example_short_circuit_operator.py
[2024-01-04T19:59:54.787+0000] {logging_mixin.py:188} INFO - [2024-01-04T19:59:54.787+0000] {dag.py:3033} INFO - Sync 1 DAGs
[2024-01-04T19:59:54.821+0000] {logging_mixin.py:188} INFO - [2024-01-04T19:59:54.821+0000] {dag.py:3820} INFO - Setting next_dagrun for example_short_circuit_operator to 2024-01-03T00:00:00+00:00, run_after=2024-01-04T00:00:00+00:00
[2024-01-04T19:59:54.852+0000] {processor.py:183} INFO - Processing /home/airflow/.local/lib/python3.8/site-packages/airflow/example_dags/example_short_circuit_operator.py took 0.123 seconds
[2024-01-04T20:00:25.709+0000] {processor.py:161} INFO - Started process (PID=911) to work on /home/airflow/.local/lib/python3.8/site-packages/airflow/example_dags/example_short_circuit_operator.py
[2024-01-04T20:00:25.711+0000] {processor.py:830} INFO - Processing file /home/airflow/.local/lib/python3.8/site-packages/airflow/example_dags/example_short_circuit_operator.py for tasks to queue
[2024-01-04T20:00:25.714+0000] {logging_mixin.py:188} INFO - [2024-01-04T20:00:25.713+0000] {dagbag.py:538} INFO - Filling up the DagBag from /home/airflow/.local/lib/python3.8/site-packages/airflow/example_dags/example_short_circuit_operator.py
[2024-01-04T20:00:25.723+0000] {processor.py:840} INFO - DAG(s) 'example_short_circuit_operator' retrieved from /home/airflow/.local/lib/python3.8/site-packages/airflow/example_dags/example_short_circuit_operator.py
[2024-01-04T20:00:25.793+0000] {logging_mixin.py:188} INFO - [2024-01-04T20:00:25.793+0000] {dag.py:3033} INFO - Sync 1 DAGs
[2024-01-04T20:00:25.816+0000] {logging_mixin.py:188} INFO - [2024-01-04T20:00:25.816+0000] {dag.py:3820} INFO - Setting next_dagrun for example_short_circuit_operator to 2024-01-03T00:00:00+00:00, run_after=2024-01-04T00:00:00+00:00
[2024-01-04T20:00:25.977+0000] {processor.py:183} INFO - Processing /home/airflow/.local/lib/python3.8/site-packages/airflow/example_dags/example_short_circuit_operator.py took 0.272 seconds
