[2024-01-04T19:53:04.224+0000] {processor.py:161} INFO - Started process (PID=143) to work on /home/airflow/.local/lib/python3.8/site-packages/airflow/example_dags/example_external_task_marker_dag.py
[2024-01-04T19:53:04.227+0000] {processor.py:830} INFO - Processing file /home/airflow/.local/lib/python3.8/site-packages/airflow/example_dags/example_external_task_marker_dag.py for tasks to queue
[2024-01-04T19:53:04.232+0000] {logging_mixin.py:188} INFO - [2024-01-04T19:53:04.231+0000] {dagbag.py:538} INFO - Filling up the DagBag from /home/airflow/.local/lib/python3.8/site-packages/airflow/example_dags/example_external_task_marker_dag.py
[2024-01-04T19:53:04.247+0000] {processor.py:840} INFO - DAG(s) 'example_external_task_marker_parent', 'example_external_task_marker_child' retrieved from /home/airflow/.local/lib/python3.8/site-packages/airflow/example_dags/example_external_task_marker_dag.py
[2024-01-04T19:53:04.561+0000] {logging_mixin.py:188} INFO - [2024-01-04T19:53:04.561+0000] {dag.py:3033} INFO - Sync 2 DAGs
[2024-01-04T19:53:04.589+0000] {logging_mixin.py:188} INFO - [2024-01-04T19:53:04.588+0000] {dag.py:3820} INFO - Setting next_dagrun for example_external_task_marker_child to None, run_after=None
[2024-01-04T19:53:04.598+0000] {logging_mixin.py:188} INFO - [2024-01-04T19:53:04.597+0000] {dag.py:3820} INFO - Setting next_dagrun for example_external_task_marker_parent to None, run_after=None
[2024-01-04T19:53:04.656+0000] {processor.py:183} INFO - Processing /home/airflow/.local/lib/python3.8/site-packages/airflow/example_dags/example_external_task_marker_dag.py took 0.439 seconds
[2024-01-04T19:53:40.157+0000] {processor.py:161} INFO - Started process (PID=199) to work on /home/airflow/.local/lib/python3.8/site-packages/airflow/example_dags/example_external_task_marker_dag.py
[2024-01-04T19:53:40.160+0000] {processor.py:830} INFO - Processing file /home/airflow/.local/lib/python3.8/site-packages/airflow/example_dags/example_external_task_marker_dag.py for tasks to queue
[2024-01-04T19:53:40.165+0000] {logging_mixin.py:188} INFO - [2024-01-04T19:53:40.164+0000] {dagbag.py:538} INFO - Filling up the DagBag from /home/airflow/.local/lib/python3.8/site-packages/airflow/example_dags/example_external_task_marker_dag.py
[2024-01-04T19:53:40.190+0000] {processor.py:840} INFO - DAG(s) 'example_external_task_marker_child', 'example_external_task_marker_parent' retrieved from /home/airflow/.local/lib/python3.8/site-packages/airflow/example_dags/example_external_task_marker_dag.py
[2024-01-04T19:53:40.276+0000] {logging_mixin.py:188} INFO - [2024-01-04T19:53:40.275+0000] {dag.py:3033} INFO - Sync 2 DAGs
[2024-01-04T19:53:40.313+0000] {logging_mixin.py:188} INFO - [2024-01-04T19:53:40.313+0000] {dag.py:3820} INFO - Setting next_dagrun for example_external_task_marker_child to None, run_after=None
[2024-01-04T19:53:40.326+0000] {logging_mixin.py:188} INFO - [2024-01-04T19:53:40.325+0000] {dag.py:3820} INFO - Setting next_dagrun for example_external_task_marker_parent to None, run_after=None
[2024-01-04T19:53:40.373+0000] {processor.py:183} INFO - Processing /home/airflow/.local/lib/python3.8/site-packages/airflow/example_dags/example_external_task_marker_dag.py took 0.228 seconds
[2024-01-04T19:54:11.294+0000] {processor.py:161} INFO - Started process (PID=255) to work on /home/airflow/.local/lib/python3.8/site-packages/airflow/example_dags/example_external_task_marker_dag.py
[2024-01-04T19:54:11.319+0000] {processor.py:830} INFO - Processing file /home/airflow/.local/lib/python3.8/site-packages/airflow/example_dags/example_external_task_marker_dag.py for tasks to queue
[2024-01-04T19:54:11.322+0000] {logging_mixin.py:188} INFO - [2024-01-04T19:54:11.322+0000] {dagbag.py:538} INFO - Filling up the DagBag from /home/airflow/.local/lib/python3.8/site-packages/airflow/example_dags/example_external_task_marker_dag.py
[2024-01-04T19:54:11.330+0000] {processor.py:840} INFO - DAG(s) 'example_external_task_marker_child', 'example_external_task_marker_parent' retrieved from /home/airflow/.local/lib/python3.8/site-packages/airflow/example_dags/example_external_task_marker_dag.py
[2024-01-04T19:54:11.362+0000] {logging_mixin.py:188} INFO - [2024-01-04T19:54:11.362+0000] {dag.py:3033} INFO - Sync 2 DAGs
[2024-01-04T19:54:11.380+0000] {logging_mixin.py:188} INFO - [2024-01-04T19:54:11.379+0000] {dag.py:3820} INFO - Setting next_dagrun for example_external_task_marker_child to None, run_after=None
[2024-01-04T19:54:11.385+0000] {logging_mixin.py:188} INFO - [2024-01-04T19:54:11.384+0000] {dag.py:3820} INFO - Setting next_dagrun for example_external_task_marker_parent to None, run_after=None
[2024-01-04T19:54:11.736+0000] {processor.py:183} INFO - Processing /home/airflow/.local/lib/python3.8/site-packages/airflow/example_dags/example_external_task_marker_dag.py took 0.447 seconds
[2024-01-04T19:54:52.392+0000] {processor.py:161} INFO - Started process (PID=314) to work on /home/airflow/.local/lib/python3.8/site-packages/airflow/example_dags/example_external_task_marker_dag.py
[2024-01-04T19:54:52.395+0000] {processor.py:830} INFO - Processing file /home/airflow/.local/lib/python3.8/site-packages/airflow/example_dags/example_external_task_marker_dag.py for tasks to queue
[2024-01-04T19:54:52.408+0000] {logging_mixin.py:188} INFO - [2024-01-04T19:54:52.407+0000] {dagbag.py:538} INFO - Filling up the DagBag from /home/airflow/.local/lib/python3.8/site-packages/airflow/example_dags/example_external_task_marker_dag.py
[2024-01-04T19:54:52.429+0000] {processor.py:840} INFO - DAG(s) 'example_external_task_marker_parent', 'example_external_task_marker_child' retrieved from /home/airflow/.local/lib/python3.8/site-packages/airflow/example_dags/example_external_task_marker_dag.py
[2024-01-04T19:54:52.480+0000] {logging_mixin.py:188} INFO - [2024-01-04T19:54:52.479+0000] {dag.py:3033} INFO - Sync 2 DAGs
[2024-01-04T19:54:52.558+0000] {logging_mixin.py:188} INFO - [2024-01-04T19:54:52.557+0000] {dag.py:3820} INFO - Setting next_dagrun for example_external_task_marker_child to None, run_after=None
[2024-01-04T19:54:52.569+0000] {logging_mixin.py:188} INFO - [2024-01-04T19:54:52.569+0000] {dag.py:3820} INFO - Setting next_dagrun for example_external_task_marker_parent to None, run_after=None
[2024-01-04T19:54:52.621+0000] {processor.py:183} INFO - Processing /home/airflow/.local/lib/python3.8/site-packages/airflow/example_dags/example_external_task_marker_dag.py took 0.235 seconds
[2024-01-04T19:55:22.868+0000] {processor.py:161} INFO - Started process (PID=368) to work on /home/airflow/.local/lib/python3.8/site-packages/airflow/example_dags/example_external_task_marker_dag.py
[2024-01-04T19:55:22.884+0000] {processor.py:830} INFO - Processing file /home/airflow/.local/lib/python3.8/site-packages/airflow/example_dags/example_external_task_marker_dag.py for tasks to queue
[2024-01-04T19:55:22.888+0000] {logging_mixin.py:188} INFO - [2024-01-04T19:55:22.888+0000] {dagbag.py:538} INFO - Filling up the DagBag from /home/airflow/.local/lib/python3.8/site-packages/airflow/example_dags/example_external_task_marker_dag.py
[2024-01-04T19:55:22.894+0000] {processor.py:840} INFO - DAG(s) 'example_external_task_marker_parent', 'example_external_task_marker_child' retrieved from /home/airflow/.local/lib/python3.8/site-packages/airflow/example_dags/example_external_task_marker_dag.py
[2024-01-04T19:55:22.925+0000] {logging_mixin.py:188} INFO - [2024-01-04T19:55:22.925+0000] {dag.py:3033} INFO - Sync 2 DAGs
[2024-01-04T19:55:22.942+0000] {logging_mixin.py:188} INFO - [2024-01-04T19:55:22.942+0000] {dag.py:3820} INFO - Setting next_dagrun for example_external_task_marker_child to None, run_after=None
[2024-01-04T19:55:22.949+0000] {logging_mixin.py:188} INFO - [2024-01-04T19:55:22.949+0000] {dag.py:3820} INFO - Setting next_dagrun for example_external_task_marker_parent to None, run_after=None
[2024-01-04T19:55:23.478+0000] {processor.py:183} INFO - Processing /home/airflow/.local/lib/python3.8/site-packages/airflow/example_dags/example_external_task_marker_dag.py took 0.614 seconds
[2024-01-04T19:55:53.895+0000] {processor.py:161} INFO - Started process (PID=424) to work on /home/airflow/.local/lib/python3.8/site-packages/airflow/example_dags/example_external_task_marker_dag.py
[2024-01-04T19:55:53.896+0000] {processor.py:830} INFO - Processing file /home/airflow/.local/lib/python3.8/site-packages/airflow/example_dags/example_external_task_marker_dag.py for tasks to queue
[2024-01-04T19:55:53.899+0000] {logging_mixin.py:188} INFO - [2024-01-04T19:55:53.899+0000] {dagbag.py:538} INFO - Filling up the DagBag from /home/airflow/.local/lib/python3.8/site-packages/airflow/example_dags/example_external_task_marker_dag.py
[2024-01-04T19:55:53.908+0000] {processor.py:840} INFO - DAG(s) 'example_external_task_marker_child', 'example_external_task_marker_parent' retrieved from /home/airflow/.local/lib/python3.8/site-packages/airflow/example_dags/example_external_task_marker_dag.py
[2024-01-04T19:55:54.000+0000] {logging_mixin.py:188} INFO - [2024-01-04T19:55:53.999+0000] {dag.py:3033} INFO - Sync 2 DAGs
[2024-01-04T19:55:54.056+0000] {logging_mixin.py:188} INFO - [2024-01-04T19:55:54.055+0000] {dag.py:3820} INFO - Setting next_dagrun for example_external_task_marker_child to None, run_after=None
[2024-01-04T19:55:54.065+0000] {logging_mixin.py:188} INFO - [2024-01-04T19:55:54.065+0000] {dag.py:3820} INFO - Setting next_dagrun for example_external_task_marker_parent to None, run_after=None
[2024-01-04T19:55:54.121+0000] {processor.py:183} INFO - Processing /home/airflow/.local/lib/python3.8/site-packages/airflow/example_dags/example_external_task_marker_dag.py took 0.230 seconds
[2024-01-04T19:56:24.183+0000] {processor.py:161} INFO - Started process (PID=480) to work on /home/airflow/.local/lib/python3.8/site-packages/airflow/example_dags/example_external_task_marker_dag.py
[2024-01-04T19:56:24.184+0000] {processor.py:830} INFO - Processing file /home/airflow/.local/lib/python3.8/site-packages/airflow/example_dags/example_external_task_marker_dag.py for tasks to queue
[2024-01-04T19:56:24.188+0000] {logging_mixin.py:188} INFO - [2024-01-04T19:56:24.187+0000] {dagbag.py:538} INFO - Filling up the DagBag from /home/airflow/.local/lib/python3.8/site-packages/airflow/example_dags/example_external_task_marker_dag.py
[2024-01-04T19:56:24.195+0000] {processor.py:840} INFO - DAG(s) 'example_external_task_marker_parent', 'example_external_task_marker_child' retrieved from /home/airflow/.local/lib/python3.8/site-packages/airflow/example_dags/example_external_task_marker_dag.py
[2024-01-04T19:56:24.235+0000] {logging_mixin.py:188} INFO - [2024-01-04T19:56:24.235+0000] {dag.py:3033} INFO - Sync 2 DAGs
[2024-01-04T19:56:24.254+0000] {logging_mixin.py:188} INFO - [2024-01-04T19:56:24.253+0000] {dag.py:3820} INFO - Setting next_dagrun for example_external_task_marker_child to None, run_after=None
[2024-01-04T19:56:24.260+0000] {logging_mixin.py:188} INFO - [2024-01-04T19:56:24.260+0000] {dag.py:3820} INFO - Setting next_dagrun for example_external_task_marker_parent to None, run_after=None
[2024-01-04T19:56:24.295+0000] {processor.py:183} INFO - Processing /home/airflow/.local/lib/python3.8/site-packages/airflow/example_dags/example_external_task_marker_dag.py took 0.118 seconds
[2024-01-04T19:56:54.957+0000] {processor.py:161} INFO - Started process (PID=536) to work on /home/airflow/.local/lib/python3.8/site-packages/airflow/example_dags/example_external_task_marker_dag.py
[2024-01-04T19:56:54.959+0000] {processor.py:830} INFO - Processing file /home/airflow/.local/lib/python3.8/site-packages/airflow/example_dags/example_external_task_marker_dag.py for tasks to queue
[2024-01-04T19:56:54.963+0000] {logging_mixin.py:188} INFO - [2024-01-04T19:56:54.962+0000] {dagbag.py:538} INFO - Filling up the DagBag from /home/airflow/.local/lib/python3.8/site-packages/airflow/example_dags/example_external_task_marker_dag.py
[2024-01-04T19:56:54.970+0000] {processor.py:840} INFO - DAG(s) 'example_external_task_marker_parent', 'example_external_task_marker_child' retrieved from /home/airflow/.local/lib/python3.8/site-packages/airflow/example_dags/example_external_task_marker_dag.py
[2024-01-04T19:56:55.001+0000] {logging_mixin.py:188} INFO - [2024-01-04T19:56:55.001+0000] {dag.py:3033} INFO - Sync 2 DAGs
[2024-01-04T19:56:55.016+0000] {logging_mixin.py:188} INFO - [2024-01-04T19:56:55.016+0000] {dag.py:3820} INFO - Setting next_dagrun for example_external_task_marker_child to None, run_after=None
[2024-01-04T19:56:55.021+0000] {logging_mixin.py:188} INFO - [2024-01-04T19:56:55.021+0000] {dag.py:3820} INFO - Setting next_dagrun for example_external_task_marker_parent to None, run_after=None
[2024-01-04T19:56:55.058+0000] {processor.py:183} INFO - Processing /home/airflow/.local/lib/python3.8/site-packages/airflow/example_dags/example_external_task_marker_dag.py took 0.104 seconds
[2024-01-04T19:57:25.518+0000] {processor.py:161} INFO - Started process (PID=592) to work on /home/airflow/.local/lib/python3.8/site-packages/airflow/example_dags/example_external_task_marker_dag.py
[2024-01-04T19:57:25.519+0000] {processor.py:830} INFO - Processing file /home/airflow/.local/lib/python3.8/site-packages/airflow/example_dags/example_external_task_marker_dag.py for tasks to queue
[2024-01-04T19:57:25.523+0000] {logging_mixin.py:188} INFO - [2024-01-04T19:57:25.523+0000] {dagbag.py:538} INFO - Filling up the DagBag from /home/airflow/.local/lib/python3.8/site-packages/airflow/example_dags/example_external_task_marker_dag.py
[2024-01-04T19:57:25.530+0000] {processor.py:840} INFO - DAG(s) 'example_external_task_marker_child', 'example_external_task_marker_parent' retrieved from /home/airflow/.local/lib/python3.8/site-packages/airflow/example_dags/example_external_task_marker_dag.py
[2024-01-04T19:57:25.562+0000] {logging_mixin.py:188} INFO - [2024-01-04T19:57:25.562+0000] {dag.py:3033} INFO - Sync 2 DAGs
[2024-01-04T19:57:25.578+0000] {logging_mixin.py:188} INFO - [2024-01-04T19:57:25.577+0000] {dag.py:3820} INFO - Setting next_dagrun for example_external_task_marker_child to None, run_after=None
[2024-01-04T19:57:25.582+0000] {logging_mixin.py:188} INFO - [2024-01-04T19:57:25.582+0000] {dag.py:3820} INFO - Setting next_dagrun for example_external_task_marker_parent to None, run_after=None
[2024-01-04T19:57:25.613+0000] {processor.py:183} INFO - Processing /home/airflow/.local/lib/python3.8/site-packages/airflow/example_dags/example_external_task_marker_dag.py took 0.098 seconds
[2024-01-04T19:57:56.591+0000] {processor.py:161} INFO - Started process (PID=648) to work on /home/airflow/.local/lib/python3.8/site-packages/airflow/example_dags/example_external_task_marker_dag.py
[2024-01-04T19:57:56.592+0000] {processor.py:830} INFO - Processing file /home/airflow/.local/lib/python3.8/site-packages/airflow/example_dags/example_external_task_marker_dag.py for tasks to queue
[2024-01-04T19:57:56.596+0000] {logging_mixin.py:188} INFO - [2024-01-04T19:57:56.595+0000] {dagbag.py:538} INFO - Filling up the DagBag from /home/airflow/.local/lib/python3.8/site-packages/airflow/example_dags/example_external_task_marker_dag.py
[2024-01-04T19:57:56.612+0000] {processor.py:840} INFO - DAG(s) 'example_external_task_marker_parent', 'example_external_task_marker_child' retrieved from /home/airflow/.local/lib/python3.8/site-packages/airflow/example_dags/example_external_task_marker_dag.py
[2024-01-04T19:57:56.654+0000] {logging_mixin.py:188} INFO - [2024-01-04T19:57:56.654+0000] {dag.py:3033} INFO - Sync 2 DAGs
[2024-01-04T19:57:56.671+0000] {logging_mixin.py:188} INFO - [2024-01-04T19:57:56.670+0000] {dag.py:3820} INFO - Setting next_dagrun for example_external_task_marker_child to None, run_after=None
[2024-01-04T19:57:56.676+0000] {logging_mixin.py:188} INFO - [2024-01-04T19:57:56.675+0000] {dag.py:3820} INFO - Setting next_dagrun for example_external_task_marker_parent to None, run_after=None
[2024-01-04T19:57:56.758+0000] {processor.py:183} INFO - Processing /home/airflow/.local/lib/python3.8/site-packages/airflow/example_dags/example_external_task_marker_dag.py took 0.170 seconds
[2024-01-04T19:58:27.129+0000] {processor.py:161} INFO - Started process (PID=704) to work on /home/airflow/.local/lib/python3.8/site-packages/airflow/example_dags/example_external_task_marker_dag.py
[2024-01-04T19:58:27.130+0000] {processor.py:830} INFO - Processing file /home/airflow/.local/lib/python3.8/site-packages/airflow/example_dags/example_external_task_marker_dag.py for tasks to queue
[2024-01-04T19:58:27.133+0000] {logging_mixin.py:188} INFO - [2024-01-04T19:58:27.133+0000] {dagbag.py:538} INFO - Filling up the DagBag from /home/airflow/.local/lib/python3.8/site-packages/airflow/example_dags/example_external_task_marker_dag.py
[2024-01-04T19:58:27.140+0000] {processor.py:840} INFO - DAG(s) 'example_external_task_marker_child', 'example_external_task_marker_parent' retrieved from /home/airflow/.local/lib/python3.8/site-packages/airflow/example_dags/example_external_task_marker_dag.py
[2024-01-04T19:58:27.174+0000] {logging_mixin.py:188} INFO - [2024-01-04T19:58:27.174+0000] {dag.py:3033} INFO - Sync 2 DAGs
[2024-01-04T19:58:27.191+0000] {logging_mixin.py:188} INFO - [2024-01-04T19:58:27.190+0000] {dag.py:3820} INFO - Setting next_dagrun for example_external_task_marker_child to None, run_after=None
[2024-01-04T19:58:27.196+0000] {logging_mixin.py:188} INFO - [2024-01-04T19:58:27.195+0000] {dag.py:3820} INFO - Setting next_dagrun for example_external_task_marker_parent to None, run_after=None
[2024-01-04T19:58:27.232+0000] {processor.py:183} INFO - Processing /home/airflow/.local/lib/python3.8/site-packages/airflow/example_dags/example_external_task_marker_dag.py took 0.107 seconds
[2024-01-04T19:58:57.560+0000] {processor.py:161} INFO - Started process (PID=760) to work on /home/airflow/.local/lib/python3.8/site-packages/airflow/example_dags/example_external_task_marker_dag.py
[2024-01-04T19:58:57.561+0000] {processor.py:830} INFO - Processing file /home/airflow/.local/lib/python3.8/site-packages/airflow/example_dags/example_external_task_marker_dag.py for tasks to queue
[2024-01-04T19:58:57.565+0000] {logging_mixin.py:188} INFO - [2024-01-04T19:58:57.565+0000] {dagbag.py:538} INFO - Filling up the DagBag from /home/airflow/.local/lib/python3.8/site-packages/airflow/example_dags/example_external_task_marker_dag.py
[2024-01-04T19:58:57.573+0000] {processor.py:840} INFO - DAG(s) 'example_external_task_marker_child', 'example_external_task_marker_parent' retrieved from /home/airflow/.local/lib/python3.8/site-packages/airflow/example_dags/example_external_task_marker_dag.py
[2024-01-04T19:58:57.607+0000] {logging_mixin.py:188} INFO - [2024-01-04T19:58:57.607+0000] {dag.py:3033} INFO - Sync 2 DAGs
[2024-01-04T19:58:57.626+0000] {logging_mixin.py:188} INFO - [2024-01-04T19:58:57.626+0000] {dag.py:3820} INFO - Setting next_dagrun for example_external_task_marker_child to None, run_after=None
[2024-01-04T19:58:57.633+0000] {logging_mixin.py:188} INFO - [2024-01-04T19:58:57.633+0000] {dag.py:3820} INFO - Setting next_dagrun for example_external_task_marker_parent to None, run_after=None
[2024-01-04T19:58:57.662+0000] {processor.py:183} INFO - Processing /home/airflow/.local/lib/python3.8/site-packages/airflow/example_dags/example_external_task_marker_dag.py took 0.106 seconds
[2024-01-04T19:59:28.026+0000] {processor.py:161} INFO - Started process (PID=816) to work on /home/airflow/.local/lib/python3.8/site-packages/airflow/example_dags/example_external_task_marker_dag.py
[2024-01-04T19:59:28.027+0000] {processor.py:830} INFO - Processing file /home/airflow/.local/lib/python3.8/site-packages/airflow/example_dags/example_external_task_marker_dag.py for tasks to queue
[2024-01-04T19:59:28.030+0000] {logging_mixin.py:188} INFO - [2024-01-04T19:59:28.030+0000] {dagbag.py:538} INFO - Filling up the DagBag from /home/airflow/.local/lib/python3.8/site-packages/airflow/example_dags/example_external_task_marker_dag.py
[2024-01-04T19:59:28.045+0000] {processor.py:840} INFO - DAG(s) 'example_external_task_marker_parent', 'example_external_task_marker_child' retrieved from /home/airflow/.local/lib/python3.8/site-packages/airflow/example_dags/example_external_task_marker_dag.py
[2024-01-04T19:59:28.104+0000] {logging_mixin.py:188} INFO - [2024-01-04T19:59:28.104+0000] {dag.py:3033} INFO - Sync 2 DAGs
[2024-01-04T19:59:28.160+0000] {logging_mixin.py:188} INFO - [2024-01-04T19:59:28.160+0000] {dag.py:3820} INFO - Setting next_dagrun for example_external_task_marker_child to None, run_after=None
[2024-01-04T19:59:28.176+0000] {logging_mixin.py:188} INFO - [2024-01-04T19:59:28.176+0000] {dag.py:3820} INFO - Setting next_dagrun for example_external_task_marker_parent to None, run_after=None
[2024-01-04T19:59:28.232+0000] {processor.py:183} INFO - Processing /home/airflow/.local/lib/python3.8/site-packages/airflow/example_dags/example_external_task_marker_dag.py took 0.214 seconds
[2024-01-04T19:59:58.858+0000] {processor.py:161} INFO - Started process (PID=871) to work on /home/airflow/.local/lib/python3.8/site-packages/airflow/example_dags/example_external_task_marker_dag.py
[2024-01-04T19:59:58.860+0000] {processor.py:830} INFO - Processing file /home/airflow/.local/lib/python3.8/site-packages/airflow/example_dags/example_external_task_marker_dag.py for tasks to queue
[2024-01-04T19:59:58.863+0000] {logging_mixin.py:188} INFO - [2024-01-04T19:59:58.862+0000] {dagbag.py:538} INFO - Filling up the DagBag from /home/airflow/.local/lib/python3.8/site-packages/airflow/example_dags/example_external_task_marker_dag.py
[2024-01-04T19:59:58.873+0000] {processor.py:840} INFO - DAG(s) 'example_external_task_marker_child', 'example_external_task_marker_parent' retrieved from /home/airflow/.local/lib/python3.8/site-packages/airflow/example_dags/example_external_task_marker_dag.py
[2024-01-04T19:59:58.908+0000] {logging_mixin.py:188} INFO - [2024-01-04T19:59:58.908+0000] {dag.py:3033} INFO - Sync 2 DAGs
[2024-01-04T19:59:58.925+0000] {logging_mixin.py:188} INFO - [2024-01-04T19:59:58.925+0000] {dag.py:3820} INFO - Setting next_dagrun for example_external_task_marker_child to None, run_after=None
[2024-01-04T19:59:58.930+0000] {logging_mixin.py:188} INFO - [2024-01-04T19:59:58.930+0000] {dag.py:3820} INFO - Setting next_dagrun for example_external_task_marker_parent to None, run_after=None
[2024-01-04T19:59:58.960+0000] {processor.py:183} INFO - Processing /home/airflow/.local/lib/python3.8/site-packages/airflow/example_dags/example_external_task_marker_dag.py took 0.106 seconds
[2024-01-04T20:00:29.039+0000] {processor.py:161} INFO - Started process (PID=927) to work on /home/airflow/.local/lib/python3.8/site-packages/airflow/example_dags/example_external_task_marker_dag.py
[2024-01-04T20:00:29.041+0000] {processor.py:830} INFO - Processing file /home/airflow/.local/lib/python3.8/site-packages/airflow/example_dags/example_external_task_marker_dag.py for tasks to queue
[2024-01-04T20:00:29.043+0000] {logging_mixin.py:188} INFO - [2024-01-04T20:00:29.043+0000] {dagbag.py:538} INFO - Filling up the DagBag from /home/airflow/.local/lib/python3.8/site-packages/airflow/example_dags/example_external_task_marker_dag.py
[2024-01-04T20:00:29.051+0000] {processor.py:840} INFO - DAG(s) 'example_external_task_marker_child', 'example_external_task_marker_parent' retrieved from /home/airflow/.local/lib/python3.8/site-packages/airflow/example_dags/example_external_task_marker_dag.py
[2024-01-04T20:00:29.083+0000] {logging_mixin.py:188} INFO - [2024-01-04T20:00:29.083+0000] {dag.py:3033} INFO - Sync 2 DAGs
[2024-01-04T20:00:29.105+0000] {logging_mixin.py:188} INFO - [2024-01-04T20:00:29.105+0000] {dag.py:3820} INFO - Setting next_dagrun for example_external_task_marker_child to None, run_after=None
[2024-01-04T20:00:29.112+0000] {logging_mixin.py:188} INFO - [2024-01-04T20:00:29.111+0000] {dag.py:3820} INFO - Setting next_dagrun for example_external_task_marker_parent to None, run_after=None
[2024-01-04T20:00:29.147+0000] {processor.py:183} INFO - Processing /home/airflow/.local/lib/python3.8/site-packages/airflow/example_dags/example_external_task_marker_dag.py took 0.113 seconds
