[2024-01-04T19:52:48.931+0000] {processor.py:161} INFO - Started process (PID=121) to work on /home/airflow/.local/lib/python3.8/site-packages/airflow/example_dags/example_sensors.py
[2024-01-04T19:52:48.933+0000] {processor.py:830} INFO - Processing file /home/airflow/.local/lib/python3.8/site-packages/airflow/example_dags/example_sensors.py for tasks to queue
[2024-01-04T19:52:48.942+0000] {logging_mixin.py:188} INFO - [2024-01-04T19:52:48.939+0000] {dagbag.py:538} INFO - Filling up the DagBag from /home/airflow/.local/lib/python3.8/site-packages/airflow/example_dags/example_sensors.py
[2024-01-04T19:52:48.986+0000] {processor.py:840} INFO - DAG(s) 'example_sensors' retrieved from /home/airflow/.local/lib/python3.8/site-packages/airflow/example_dags/example_sensors.py
[2024-01-04T19:52:49.492+0000] {logging_mixin.py:188} INFO - [2024-01-04T19:52:49.491+0000] {dag.py:3033} INFO - Sync 1 DAGs
[2024-01-04T19:52:49.568+0000] {logging_mixin.py:188} INFO - [2024-01-04T19:52:49.568+0000] {dag.py:3820} INFO - Setting next_dagrun for example_sensors to None, run_after=None
[2024-01-04T19:52:49.671+0000] {processor.py:183} INFO - Processing /home/airflow/.local/lib/python3.8/site-packages/airflow/example_dags/example_sensors.py took 0.755 seconds
[2024-01-04T19:53:20.927+0000] {processor.py:161} INFO - Started process (PID=177) to work on /home/airflow/.local/lib/python3.8/site-packages/airflow/example_dags/example_sensors.py
[2024-01-04T19:53:20.928+0000] {processor.py:830} INFO - Processing file /home/airflow/.local/lib/python3.8/site-packages/airflow/example_dags/example_sensors.py for tasks to queue
[2024-01-04T19:53:20.931+0000] {logging_mixin.py:188} INFO - [2024-01-04T19:53:20.931+0000] {dagbag.py:538} INFO - Filling up the DagBag from /home/airflow/.local/lib/python3.8/site-packages/airflow/example_dags/example_sensors.py
[2024-01-04T19:53:20.941+0000] {processor.py:840} INFO - DAG(s) 'example_sensors' retrieved from /home/airflow/.local/lib/python3.8/site-packages/airflow/example_dags/example_sensors.py
[2024-01-04T19:53:21.004+0000] {logging_mixin.py:188} INFO - [2024-01-04T19:53:21.004+0000] {dag.py:3033} INFO - Sync 1 DAGs
[2024-01-04T19:53:21.022+0000] {logging_mixin.py:188} INFO - [2024-01-04T19:53:21.021+0000] {dag.py:3820} INFO - Setting next_dagrun for example_sensors to None, run_after=None
[2024-01-04T19:53:21.139+0000] {processor.py:183} INFO - Processing /home/airflow/.local/lib/python3.8/site-packages/airflow/example_dags/example_sensors.py took 0.217 seconds
[2024-01-04T19:53:51.643+0000] {processor.py:161} INFO - Started process (PID=233) to work on /home/airflow/.local/lib/python3.8/site-packages/airflow/example_dags/example_sensors.py
[2024-01-04T19:53:51.645+0000] {processor.py:830} INFO - Processing file /home/airflow/.local/lib/python3.8/site-packages/airflow/example_dags/example_sensors.py for tasks to queue
[2024-01-04T19:53:51.653+0000] {logging_mixin.py:188} INFO - [2024-01-04T19:53:51.652+0000] {dagbag.py:538} INFO - Filling up the DagBag from /home/airflow/.local/lib/python3.8/site-packages/airflow/example_dags/example_sensors.py
[2024-01-04T19:53:52.730+0000] {processor.py:840} INFO - DAG(s) 'example_sensors' retrieved from /home/airflow/.local/lib/python3.8/site-packages/airflow/example_dags/example_sensors.py
[2024-01-04T19:53:53.429+0000] {logging_mixin.py:188} INFO - [2024-01-04T19:53:53.428+0000] {dag.py:3033} INFO - Sync 1 DAGs
[2024-01-04T19:53:53.498+0000] {logging_mixin.py:188} INFO - [2024-01-04T19:53:53.497+0000] {dag.py:3820} INFO - Setting next_dagrun for example_sensors to None, run_after=None
[2024-01-04T19:53:54.096+0000] {processor.py:183} INFO - Processing /home/airflow/.local/lib/python3.8/site-packages/airflow/example_dags/example_sensors.py took 2.462 seconds
[2024-01-04T19:54:25.767+0000] {processor.py:161} INFO - Started process (PID=287) to work on /home/airflow/.local/lib/python3.8/site-packages/airflow/example_dags/example_sensors.py
[2024-01-04T19:54:25.771+0000] {processor.py:830} INFO - Processing file /home/airflow/.local/lib/python3.8/site-packages/airflow/example_dags/example_sensors.py for tasks to queue
[2024-01-04T19:54:25.784+0000] {logging_mixin.py:188} INFO - [2024-01-04T19:54:25.783+0000] {dagbag.py:538} INFO - Filling up the DagBag from /home/airflow/.local/lib/python3.8/site-packages/airflow/example_dags/example_sensors.py
[2024-01-04T19:54:25.811+0000] {processor.py:840} INFO - DAG(s) 'example_sensors' retrieved from /home/airflow/.local/lib/python3.8/site-packages/airflow/example_dags/example_sensors.py
[2024-01-04T19:54:33.717+0000] {logging_mixin.py:188} INFO - [2024-01-04T19:54:33.716+0000] {dag.py:3033} INFO - Sync 1 DAGs
[2024-01-04T19:54:33.802+0000] {logging_mixin.py:188} INFO - [2024-01-04T19:54:33.802+0000] {dag.py:3820} INFO - Setting next_dagrun for example_sensors to None, run_after=None
[2024-01-04T19:54:36.689+0000] {processor.py:183} INFO - Processing /home/airflow/.local/lib/python3.8/site-packages/airflow/example_dags/example_sensors.py took 10.930 seconds
[2024-01-04T19:55:07.332+0000] {processor.py:161} INFO - Started process (PID=344) to work on /home/airflow/.local/lib/python3.8/site-packages/airflow/example_dags/example_sensors.py
[2024-01-04T19:55:07.358+0000] {processor.py:830} INFO - Processing file /home/airflow/.local/lib/python3.8/site-packages/airflow/example_dags/example_sensors.py for tasks to queue
[2024-01-04T19:55:07.361+0000] {logging_mixin.py:188} INFO - [2024-01-04T19:55:07.361+0000] {dagbag.py:538} INFO - Filling up the DagBag from /home/airflow/.local/lib/python3.8/site-packages/airflow/example_dags/example_sensors.py
[2024-01-04T19:55:07.378+0000] {processor.py:840} INFO - DAG(s) 'example_sensors' retrieved from /home/airflow/.local/lib/python3.8/site-packages/airflow/example_dags/example_sensors.py
[2024-01-04T19:55:07.423+0000] {logging_mixin.py:188} INFO - [2024-01-04T19:55:07.423+0000] {dag.py:3033} INFO - Sync 1 DAGs
[2024-01-04T19:55:07.439+0000] {logging_mixin.py:188} INFO - [2024-01-04T19:55:07.438+0000] {dag.py:3820} INFO - Setting next_dagrun for example_sensors to None, run_after=None
[2024-01-04T19:55:07.470+0000] {processor.py:183} INFO - Processing /home/airflow/.local/lib/python3.8/site-packages/airflow/example_dags/example_sensors.py took 0.142 seconds
[2024-01-04T19:55:44.696+0000] {processor.py:161} INFO - Started process (PID=408) to work on /home/airflow/.local/lib/python3.8/site-packages/airflow/example_dags/example_sensors.py
[2024-01-04T19:55:44.711+0000] {processor.py:830} INFO - Processing file /home/airflow/.local/lib/python3.8/site-packages/airflow/example_dags/example_sensors.py for tasks to queue
[2024-01-04T19:55:44.714+0000] {logging_mixin.py:188} INFO - [2024-01-04T19:55:44.714+0000] {dagbag.py:538} INFO - Filling up the DagBag from /home/airflow/.local/lib/python3.8/site-packages/airflow/example_dags/example_sensors.py
[2024-01-04T19:55:44.727+0000] {processor.py:840} INFO - DAG(s) 'example_sensors' retrieved from /home/airflow/.local/lib/python3.8/site-packages/airflow/example_dags/example_sensors.py
[2024-01-04T19:55:44.761+0000] {logging_mixin.py:188} INFO - [2024-01-04T19:55:44.761+0000] {dag.py:3033} INFO - Sync 1 DAGs
[2024-01-04T19:55:44.782+0000] {logging_mixin.py:188} INFO - [2024-01-04T19:55:44.782+0000] {dag.py:3820} INFO - Setting next_dagrun for example_sensors to None, run_after=None
[2024-01-04T19:55:45.066+0000] {processor.py:183} INFO - Processing /home/airflow/.local/lib/python3.8/site-packages/airflow/example_dags/example_sensors.py took 0.373 seconds
[2024-01-04T19:56:19.912+0000] {processor.py:161} INFO - Started process (PID=462) to work on /home/airflow/.local/lib/python3.8/site-packages/airflow/example_dags/example_sensors.py
[2024-01-04T19:56:19.914+0000] {processor.py:830} INFO - Processing file /home/airflow/.local/lib/python3.8/site-packages/airflow/example_dags/example_sensors.py for tasks to queue
[2024-01-04T19:56:19.917+0000] {logging_mixin.py:188} INFO - [2024-01-04T19:56:19.917+0000] {dagbag.py:538} INFO - Filling up the DagBag from /home/airflow/.local/lib/python3.8/site-packages/airflow/example_dags/example_sensors.py
[2024-01-04T19:56:19.927+0000] {processor.py:840} INFO - DAG(s) 'example_sensors' retrieved from /home/airflow/.local/lib/python3.8/site-packages/airflow/example_dags/example_sensors.py
[2024-01-04T19:56:20.042+0000] {logging_mixin.py:188} INFO - [2024-01-04T19:56:20.042+0000] {dag.py:3033} INFO - Sync 1 DAGs
[2024-01-04T19:56:20.060+0000] {logging_mixin.py:188} INFO - [2024-01-04T19:56:20.060+0000] {dag.py:3820} INFO - Setting next_dagrun for example_sensors to None, run_after=None
[2024-01-04T19:56:20.608+0000] {processor.py:183} INFO - Processing /home/airflow/.local/lib/python3.8/site-packages/airflow/example_dags/example_sensors.py took 0.699 seconds
[2024-01-04T19:56:51.540+0000] {processor.py:161} INFO - Started process (PID=519) to work on /home/airflow/.local/lib/python3.8/site-packages/airflow/example_dags/example_sensors.py
[2024-01-04T19:56:51.541+0000] {processor.py:830} INFO - Processing file /home/airflow/.local/lib/python3.8/site-packages/airflow/example_dags/example_sensors.py for tasks to queue
[2024-01-04T19:56:51.545+0000] {logging_mixin.py:188} INFO - [2024-01-04T19:56:51.545+0000] {dagbag.py:538} INFO - Filling up the DagBag from /home/airflow/.local/lib/python3.8/site-packages/airflow/example_dags/example_sensors.py
[2024-01-04T19:56:51.559+0000] {processor.py:840} INFO - DAG(s) 'example_sensors' retrieved from /home/airflow/.local/lib/python3.8/site-packages/airflow/example_dags/example_sensors.py
[2024-01-04T19:56:51.589+0000] {logging_mixin.py:188} INFO - [2024-01-04T19:56:51.588+0000] {dag.py:3033} INFO - Sync 1 DAGs
[2024-01-04T19:56:51.606+0000] {logging_mixin.py:188} INFO - [2024-01-04T19:56:51.605+0000] {dag.py:3820} INFO - Setting next_dagrun for example_sensors to None, run_after=None
[2024-01-04T19:56:51.638+0000] {processor.py:183} INFO - Processing /home/airflow/.local/lib/python3.8/site-packages/airflow/example_dags/example_sensors.py took 0.102 seconds
[2024-01-04T19:57:22.182+0000] {processor.py:161} INFO - Started process (PID=572) to work on /home/airflow/.local/lib/python3.8/site-packages/airflow/example_dags/example_sensors.py
[2024-01-04T19:57:22.185+0000] {processor.py:830} INFO - Processing file /home/airflow/.local/lib/python3.8/site-packages/airflow/example_dags/example_sensors.py for tasks to queue
[2024-01-04T19:57:22.193+0000] {logging_mixin.py:188} INFO - [2024-01-04T19:57:22.192+0000] {dagbag.py:538} INFO - Filling up the DagBag from /home/airflow/.local/lib/python3.8/site-packages/airflow/example_dags/example_sensors.py
[2024-01-04T19:57:22.213+0000] {processor.py:840} INFO - DAG(s) 'example_sensors' retrieved from /home/airflow/.local/lib/python3.8/site-packages/airflow/example_dags/example_sensors.py
[2024-01-04T19:57:22.249+0000] {logging_mixin.py:188} INFO - [2024-01-04T19:57:22.249+0000] {dag.py:3033} INFO - Sync 1 DAGs
[2024-01-04T19:57:22.268+0000] {logging_mixin.py:188} INFO - [2024-01-04T19:57:22.268+0000] {dag.py:3820} INFO - Setting next_dagrun for example_sensors to None, run_after=None
[2024-01-04T19:57:22.299+0000] {processor.py:183} INFO - Processing /home/airflow/.local/lib/python3.8/site-packages/airflow/example_dags/example_sensors.py took 0.121 seconds
[2024-01-04T19:57:52.820+0000] {processor.py:161} INFO - Started process (PID=628) to work on /home/airflow/.local/lib/python3.8/site-packages/airflow/example_dags/example_sensors.py
[2024-01-04T19:57:52.823+0000] {processor.py:830} INFO - Processing file /home/airflow/.local/lib/python3.8/site-packages/airflow/example_dags/example_sensors.py for tasks to queue
[2024-01-04T19:57:52.828+0000] {logging_mixin.py:188} INFO - [2024-01-04T19:57:52.827+0000] {dagbag.py:538} INFO - Filling up the DagBag from /home/airflow/.local/lib/python3.8/site-packages/airflow/example_dags/example_sensors.py
[2024-01-04T19:57:52.841+0000] {processor.py:840} INFO - DAG(s) 'example_sensors' retrieved from /home/airflow/.local/lib/python3.8/site-packages/airflow/example_dags/example_sensors.py
[2024-01-04T19:57:52.878+0000] {logging_mixin.py:188} INFO - [2024-01-04T19:57:52.877+0000] {dag.py:3033} INFO - Sync 1 DAGs
[2024-01-04T19:57:52.896+0000] {logging_mixin.py:188} INFO - [2024-01-04T19:57:52.895+0000] {dag.py:3820} INFO - Setting next_dagrun for example_sensors to None, run_after=None
[2024-01-04T19:57:52.929+0000] {processor.py:183} INFO - Processing /home/airflow/.local/lib/python3.8/site-packages/airflow/example_dags/example_sensors.py took 0.114 seconds
[2024-01-04T19:58:23.102+0000] {processor.py:161} INFO - Started process (PID=684) to work on /home/airflow/.local/lib/python3.8/site-packages/airflow/example_dags/example_sensors.py
[2024-01-04T19:58:23.104+0000] {processor.py:830} INFO - Processing file /home/airflow/.local/lib/python3.8/site-packages/airflow/example_dags/example_sensors.py for tasks to queue
[2024-01-04T19:58:23.108+0000] {logging_mixin.py:188} INFO - [2024-01-04T19:58:23.108+0000] {dagbag.py:538} INFO - Filling up the DagBag from /home/airflow/.local/lib/python3.8/site-packages/airflow/example_dags/example_sensors.py
[2024-01-04T19:58:23.125+0000] {processor.py:840} INFO - DAG(s) 'example_sensors' retrieved from /home/airflow/.local/lib/python3.8/site-packages/airflow/example_dags/example_sensors.py
[2024-01-04T19:58:23.161+0000] {logging_mixin.py:188} INFO - [2024-01-04T19:58:23.161+0000] {dag.py:3033} INFO - Sync 1 DAGs
[2024-01-04T19:58:23.179+0000] {logging_mixin.py:188} INFO - [2024-01-04T19:58:23.178+0000] {dag.py:3820} INFO - Setting next_dagrun for example_sensors to None, run_after=None
[2024-01-04T19:58:23.210+0000] {processor.py:183} INFO - Processing /home/airflow/.local/lib/python3.8/site-packages/airflow/example_dags/example_sensors.py took 0.114 seconds
[2024-01-04T19:58:53.624+0000] {processor.py:161} INFO - Started process (PID=740) to work on /home/airflow/.local/lib/python3.8/site-packages/airflow/example_dags/example_sensors.py
[2024-01-04T19:58:53.627+0000] {processor.py:830} INFO - Processing file /home/airflow/.local/lib/python3.8/site-packages/airflow/example_dags/example_sensors.py for tasks to queue
[2024-01-04T19:58:53.631+0000] {logging_mixin.py:188} INFO - [2024-01-04T19:58:53.631+0000] {dagbag.py:538} INFO - Filling up the DagBag from /home/airflow/.local/lib/python3.8/site-packages/airflow/example_dags/example_sensors.py
[2024-01-04T19:58:53.648+0000] {processor.py:840} INFO - DAG(s) 'example_sensors' retrieved from /home/airflow/.local/lib/python3.8/site-packages/airflow/example_dags/example_sensors.py
[2024-01-04T19:58:53.688+0000] {logging_mixin.py:188} INFO - [2024-01-04T19:58:53.688+0000] {dag.py:3033} INFO - Sync 1 DAGs
[2024-01-04T19:58:53.706+0000] {logging_mixin.py:188} INFO - [2024-01-04T19:58:53.705+0000] {dag.py:3820} INFO - Setting next_dagrun for example_sensors to None, run_after=None
[2024-01-04T19:58:53.746+0000] {processor.py:183} INFO - Processing /home/airflow/.local/lib/python3.8/site-packages/airflow/example_dags/example_sensors.py took 0.128 seconds
[2024-01-04T19:59:24.190+0000] {processor.py:161} INFO - Started process (PID=796) to work on /home/airflow/.local/lib/python3.8/site-packages/airflow/example_dags/example_sensors.py
[2024-01-04T19:59:24.191+0000] {processor.py:830} INFO - Processing file /home/airflow/.local/lib/python3.8/site-packages/airflow/example_dags/example_sensors.py for tasks to queue
[2024-01-04T19:59:24.193+0000] {logging_mixin.py:188} INFO - [2024-01-04T19:59:24.193+0000] {dagbag.py:538} INFO - Filling up the DagBag from /home/airflow/.local/lib/python3.8/site-packages/airflow/example_dags/example_sensors.py
[2024-01-04T19:59:24.206+0000] {processor.py:840} INFO - DAG(s) 'example_sensors' retrieved from /home/airflow/.local/lib/python3.8/site-packages/airflow/example_dags/example_sensors.py
[2024-01-04T19:59:24.238+0000] {logging_mixin.py:188} INFO - [2024-01-04T19:59:24.238+0000] {dag.py:3033} INFO - Sync 1 DAGs
[2024-01-04T19:59:24.255+0000] {logging_mixin.py:188} INFO - [2024-01-04T19:59:24.255+0000] {dag.py:3820} INFO - Setting next_dagrun for example_sensors to None, run_after=None
[2024-01-04T19:59:24.288+0000] {processor.py:183} INFO - Processing /home/airflow/.local/lib/python3.8/site-packages/airflow/example_dags/example_sensors.py took 0.103 seconds
[2024-01-04T19:59:54.572+0000] {processor.py:161} INFO - Started process (PID=853) to work on /home/airflow/.local/lib/python3.8/site-packages/airflow/example_dags/example_sensors.py
[2024-01-04T19:59:54.574+0000] {processor.py:830} INFO - Processing file /home/airflow/.local/lib/python3.8/site-packages/airflow/example_dags/example_sensors.py for tasks to queue
[2024-01-04T19:59:54.577+0000] {logging_mixin.py:188} INFO - [2024-01-04T19:59:54.577+0000] {dagbag.py:538} INFO - Filling up the DagBag from /home/airflow/.local/lib/python3.8/site-packages/airflow/example_dags/example_sensors.py
[2024-01-04T19:59:54.588+0000] {processor.py:840} INFO - DAG(s) 'example_sensors' retrieved from /home/airflow/.local/lib/python3.8/site-packages/airflow/example_dags/example_sensors.py
[2024-01-04T19:59:54.618+0000] {logging_mixin.py:188} INFO - [2024-01-04T19:59:54.618+0000] {dag.py:3033} INFO - Sync 1 DAGs
[2024-01-04T19:59:54.632+0000] {logging_mixin.py:188} INFO - [2024-01-04T19:59:54.632+0000] {dag.py:3820} INFO - Setting next_dagrun for example_sensors to None, run_after=None
[2024-01-04T19:59:54.668+0000] {processor.py:183} INFO - Processing /home/airflow/.local/lib/python3.8/site-packages/airflow/example_dags/example_sensors.py took 0.099 seconds
[2024-01-04T20:00:25.112+0000] {processor.py:161} INFO - Started process (PID=909) to work on /home/airflow/.local/lib/python3.8/site-packages/airflow/example_dags/example_sensors.py
[2024-01-04T20:00:25.113+0000] {processor.py:830} INFO - Processing file /home/airflow/.local/lib/python3.8/site-packages/airflow/example_dags/example_sensors.py for tasks to queue
[2024-01-04T20:00:25.116+0000] {logging_mixin.py:188} INFO - [2024-01-04T20:00:25.116+0000] {dagbag.py:538} INFO - Filling up the DagBag from /home/airflow/.local/lib/python3.8/site-packages/airflow/example_dags/example_sensors.py
[2024-01-04T20:00:25.126+0000] {processor.py:840} INFO - DAG(s) 'example_sensors' retrieved from /home/airflow/.local/lib/python3.8/site-packages/airflow/example_dags/example_sensors.py
[2024-01-04T20:00:25.158+0000] {logging_mixin.py:188} INFO - [2024-01-04T20:00:25.158+0000] {dag.py:3033} INFO - Sync 1 DAGs
[2024-01-04T20:00:25.176+0000] {logging_mixin.py:188} INFO - [2024-01-04T20:00:25.176+0000] {dag.py:3820} INFO - Setting next_dagrun for example_sensors to None, run_after=None
[2024-01-04T20:00:25.439+0000] {processor.py:183} INFO - Processing /home/airflow/.local/lib/python3.8/site-packages/airflow/example_dags/example_sensors.py took 0.332 seconds
