[2024-01-04T19:53:03.973+0000] {processor.py:161} INFO - Started process (PID=142) to work on /home/airflow/.local/lib/python3.8/site-packages/airflow/example_dags/example_complex.py
[2024-01-04T19:53:03.975+0000] {processor.py:830} INFO - Processing file /home/airflow/.local/lib/python3.8/site-packages/airflow/example_dags/example_complex.py for tasks to queue
[2024-01-04T19:53:03.980+0000] {logging_mixin.py:188} INFO - [2024-01-04T19:53:03.979+0000] {dagbag.py:538} INFO - Filling up the DagBag from /home/airflow/.local/lib/python3.8/site-packages/airflow/example_dags/example_complex.py
[2024-01-04T19:53:04.009+0000] {processor.py:840} INFO - DAG(s) 'example_complex' retrieved from /home/airflow/.local/lib/python3.8/site-packages/airflow/example_dags/example_complex.py
[2024-01-04T19:53:04.278+0000] {logging_mixin.py:188} INFO - [2024-01-04T19:53:04.277+0000] {dag.py:3033} INFO - Sync 1 DAGs
[2024-01-04T19:53:04.306+0000] {logging_mixin.py:188} INFO - [2024-01-04T19:53:04.306+0000] {dag.py:3820} INFO - Setting next_dagrun for example_complex to None, run_after=None
[2024-01-04T19:53:04.357+0000] {processor.py:183} INFO - Processing /home/airflow/.local/lib/python3.8/site-packages/airflow/example_dags/example_complex.py took 0.391 seconds
[2024-01-04T19:53:39.979+0000] {processor.py:161} INFO - Started process (PID=198) to work on /home/airflow/.local/lib/python3.8/site-packages/airflow/example_dags/example_complex.py
[2024-01-04T19:53:39.981+0000] {processor.py:830} INFO - Processing file /home/airflow/.local/lib/python3.8/site-packages/airflow/example_dags/example_complex.py for tasks to queue
[2024-01-04T19:53:39.987+0000] {logging_mixin.py:188} INFO - [2024-01-04T19:53:39.986+0000] {dagbag.py:538} INFO - Filling up the DagBag from /home/airflow/.local/lib/python3.8/site-packages/airflow/example_dags/example_complex.py
[2024-01-04T19:53:40.006+0000] {processor.py:840} INFO - DAG(s) 'example_complex' retrieved from /home/airflow/.local/lib/python3.8/site-packages/airflow/example_dags/example_complex.py
[2024-01-04T19:53:40.084+0000] {logging_mixin.py:188} INFO - [2024-01-04T19:53:40.082+0000] {dag.py:3033} INFO - Sync 1 DAGs
[2024-01-04T19:53:40.135+0000] {logging_mixin.py:188} INFO - [2024-01-04T19:53:40.135+0000] {dag.py:3820} INFO - Setting next_dagrun for example_complex to None, run_after=None
[2024-01-04T19:53:40.211+0000] {processor.py:183} INFO - Processing /home/airflow/.local/lib/python3.8/site-packages/airflow/example_dags/example_complex.py took 0.237 seconds
[2024-01-04T19:54:11.144+0000] {processor.py:161} INFO - Started process (PID=254) to work on /home/airflow/.local/lib/python3.8/site-packages/airflow/example_dags/example_complex.py
[2024-01-04T19:54:11.186+0000] {processor.py:830} INFO - Processing file /home/airflow/.local/lib/python3.8/site-packages/airflow/example_dags/example_complex.py for tasks to queue
[2024-01-04T19:54:11.190+0000] {logging_mixin.py:188} INFO - [2024-01-04T19:54:11.189+0000] {dagbag.py:538} INFO - Filling up the DagBag from /home/airflow/.local/lib/python3.8/site-packages/airflow/example_dags/example_complex.py
[2024-01-04T19:54:11.216+0000] {processor.py:840} INFO - DAG(s) 'example_complex' retrieved from /home/airflow/.local/lib/python3.8/site-packages/airflow/example_dags/example_complex.py
[2024-01-04T19:54:11.272+0000] {logging_mixin.py:188} INFO - [2024-01-04T19:54:11.272+0000] {dag.py:3033} INFO - Sync 1 DAGs
[2024-01-04T19:54:11.293+0000] {logging_mixin.py:188} INFO - [2024-01-04T19:54:11.292+0000] {dag.py:3820} INFO - Setting next_dagrun for example_complex to None, run_after=None
[2024-01-04T19:54:11.502+0000] {processor.py:183} INFO - Processing /home/airflow/.local/lib/python3.8/site-packages/airflow/example_dags/example_complex.py took 0.362 seconds
[2024-01-04T19:54:51.363+0000] {processor.py:161} INFO - Started process (PID=313) to work on /home/airflow/.local/lib/python3.8/site-packages/airflow/example_dags/example_complex.py
[2024-01-04T19:54:51.370+0000] {processor.py:830} INFO - Processing file /home/airflow/.local/lib/python3.8/site-packages/airflow/example_dags/example_complex.py for tasks to queue
[2024-01-04T19:54:51.379+0000] {logging_mixin.py:188} INFO - [2024-01-04T19:54:51.378+0000] {dagbag.py:538} INFO - Filling up the DagBag from /home/airflow/.local/lib/python3.8/site-packages/airflow/example_dags/example_complex.py
[2024-01-04T19:54:51.391+0000] {processor.py:840} INFO - DAG(s) 'example_complex' retrieved from /home/airflow/.local/lib/python3.8/site-packages/airflow/example_dags/example_complex.py
[2024-01-04T19:54:51.432+0000] {logging_mixin.py:188} INFO - [2024-01-04T19:54:51.431+0000] {dag.py:3033} INFO - Sync 1 DAGs
[2024-01-04T19:54:51.449+0000] {logging_mixin.py:188} INFO - [2024-01-04T19:54:51.448+0000] {dag.py:3820} INFO - Setting next_dagrun for example_complex to None, run_after=None
[2024-01-04T19:54:52.337+0000] {processor.py:183} INFO - Processing /home/airflow/.local/lib/python3.8/site-packages/airflow/example_dags/example_complex.py took 0.978 seconds
[2024-01-04T19:55:22.664+0000] {processor.py:161} INFO - Started process (PID=367) to work on /home/airflow/.local/lib/python3.8/site-packages/airflow/example_dags/example_complex.py
[2024-01-04T19:55:22.699+0000] {processor.py:830} INFO - Processing file /home/airflow/.local/lib/python3.8/site-packages/airflow/example_dags/example_complex.py for tasks to queue
[2024-01-04T19:55:22.703+0000] {logging_mixin.py:188} INFO - [2024-01-04T19:55:22.703+0000] {dagbag.py:538} INFO - Filling up the DagBag from /home/airflow/.local/lib/python3.8/site-packages/airflow/example_dags/example_complex.py
[2024-01-04T19:55:22.716+0000] {processor.py:840} INFO - DAG(s) 'example_complex' retrieved from /home/airflow/.local/lib/python3.8/site-packages/airflow/example_dags/example_complex.py
[2024-01-04T19:55:22.755+0000] {logging_mixin.py:188} INFO - [2024-01-04T19:55:22.754+0000] {dag.py:3033} INFO - Sync 1 DAGs
[2024-01-04T19:55:22.772+0000] {logging_mixin.py:188} INFO - [2024-01-04T19:55:22.772+0000] {dag.py:3820} INFO - Setting next_dagrun for example_complex to None, run_after=None
[2024-01-04T19:55:23.478+0000] {processor.py:183} INFO - Processing /home/airflow/.local/lib/python3.8/site-packages/airflow/example_dags/example_complex.py took 0.819 seconds
[2024-01-04T19:55:53.895+0000] {processor.py:161} INFO - Started process (PID=423) to work on /home/airflow/.local/lib/python3.8/site-packages/airflow/example_dags/example_complex.py
[2024-01-04T19:55:53.896+0000] {processor.py:830} INFO - Processing file /home/airflow/.local/lib/python3.8/site-packages/airflow/example_dags/example_complex.py for tasks to queue
[2024-01-04T19:55:53.899+0000] {logging_mixin.py:188} INFO - [2024-01-04T19:55:53.899+0000] {dagbag.py:538} INFO - Filling up the DagBag from /home/airflow/.local/lib/python3.8/site-packages/airflow/example_dags/example_complex.py
[2024-01-04T19:55:53.915+0000] {processor.py:840} INFO - DAG(s) 'example_complex' retrieved from /home/airflow/.local/lib/python3.8/site-packages/airflow/example_dags/example_complex.py
[2024-01-04T19:55:54.011+0000] {logging_mixin.py:188} INFO - [2024-01-04T19:55:54.010+0000] {dag.py:3033} INFO - Sync 1 DAGs
[2024-01-04T19:55:54.066+0000] {logging_mixin.py:188} INFO - [2024-01-04T19:55:54.065+0000] {dag.py:3820} INFO - Setting next_dagrun for example_complex to None, run_after=None
[2024-01-04T19:55:54.127+0000] {processor.py:183} INFO - Processing /home/airflow/.local/lib/python3.8/site-packages/airflow/example_dags/example_complex.py took 0.236 seconds
[2024-01-04T19:56:24.182+0000] {processor.py:161} INFO - Started process (PID=479) to work on /home/airflow/.local/lib/python3.8/site-packages/airflow/example_dags/example_complex.py
[2024-01-04T19:56:24.183+0000] {processor.py:830} INFO - Processing file /home/airflow/.local/lib/python3.8/site-packages/airflow/example_dags/example_complex.py for tasks to queue
[2024-01-04T19:56:24.188+0000] {logging_mixin.py:188} INFO - [2024-01-04T19:56:24.187+0000] {dagbag.py:538} INFO - Filling up the DagBag from /home/airflow/.local/lib/python3.8/site-packages/airflow/example_dags/example_complex.py
[2024-01-04T19:56:24.201+0000] {processor.py:840} INFO - DAG(s) 'example_complex' retrieved from /home/airflow/.local/lib/python3.8/site-packages/airflow/example_dags/example_complex.py
[2024-01-04T19:56:24.254+0000] {logging_mixin.py:188} INFO - [2024-01-04T19:56:24.253+0000] {dag.py:3033} INFO - Sync 1 DAGs
[2024-01-04T19:56:24.276+0000] {logging_mixin.py:188} INFO - [2024-01-04T19:56:24.275+0000] {dag.py:3820} INFO - Setting next_dagrun for example_complex to None, run_after=None
[2024-01-04T19:56:24.305+0000] {processor.py:183} INFO - Processing /home/airflow/.local/lib/python3.8/site-packages/airflow/example_dags/example_complex.py took 0.129 seconds
[2024-01-04T19:56:54.957+0000] {processor.py:161} INFO - Started process (PID=535) to work on /home/airflow/.local/lib/python3.8/site-packages/airflow/example_dags/example_complex.py
[2024-01-04T19:56:54.959+0000] {processor.py:830} INFO - Processing file /home/airflow/.local/lib/python3.8/site-packages/airflow/example_dags/example_complex.py for tasks to queue
[2024-01-04T19:56:54.962+0000] {logging_mixin.py:188} INFO - [2024-01-04T19:56:54.962+0000] {dagbag.py:538} INFO - Filling up the DagBag from /home/airflow/.local/lib/python3.8/site-packages/airflow/example_dags/example_complex.py
[2024-01-04T19:56:54.975+0000] {processor.py:840} INFO - DAG(s) 'example_complex' retrieved from /home/airflow/.local/lib/python3.8/site-packages/airflow/example_dags/example_complex.py
[2024-01-04T19:56:55.013+0000] {logging_mixin.py:188} INFO - [2024-01-04T19:56:55.013+0000] {dag.py:3033} INFO - Sync 1 DAGs
[2024-01-04T19:56:55.031+0000] {logging_mixin.py:188} INFO - [2024-01-04T19:56:55.030+0000] {dag.py:3820} INFO - Setting next_dagrun for example_complex to None, run_after=None
[2024-01-04T19:56:55.062+0000] {processor.py:183} INFO - Processing /home/airflow/.local/lib/python3.8/site-packages/airflow/example_dags/example_complex.py took 0.108 seconds
[2024-01-04T19:57:25.517+0000] {processor.py:161} INFO - Started process (PID=591) to work on /home/airflow/.local/lib/python3.8/site-packages/airflow/example_dags/example_complex.py
[2024-01-04T19:57:25.519+0000] {processor.py:830} INFO - Processing file /home/airflow/.local/lib/python3.8/site-packages/airflow/example_dags/example_complex.py for tasks to queue
[2024-01-04T19:57:25.523+0000] {logging_mixin.py:188} INFO - [2024-01-04T19:57:25.522+0000] {dagbag.py:538} INFO - Filling up the DagBag from /home/airflow/.local/lib/python3.8/site-packages/airflow/example_dags/example_complex.py
[2024-01-04T19:57:25.537+0000] {processor.py:840} INFO - DAG(s) 'example_complex' retrieved from /home/airflow/.local/lib/python3.8/site-packages/airflow/example_dags/example_complex.py
[2024-01-04T19:57:25.577+0000] {logging_mixin.py:188} INFO - [2024-01-04T19:57:25.577+0000] {dag.py:3033} INFO - Sync 1 DAGs
[2024-01-04T19:57:25.594+0000] {logging_mixin.py:188} INFO - [2024-01-04T19:57:25.593+0000] {dag.py:3820} INFO - Setting next_dagrun for example_complex to None, run_after=None
[2024-01-04T19:57:25.621+0000] {processor.py:183} INFO - Processing /home/airflow/.local/lib/python3.8/site-packages/airflow/example_dags/example_complex.py took 0.107 seconds
[2024-01-04T19:57:56.591+0000] {processor.py:161} INFO - Started process (PID=647) to work on /home/airflow/.local/lib/python3.8/site-packages/airflow/example_dags/example_complex.py
[2024-01-04T19:57:56.593+0000] {processor.py:830} INFO - Processing file /home/airflow/.local/lib/python3.8/site-packages/airflow/example_dags/example_complex.py for tasks to queue
[2024-01-04T19:57:56.596+0000] {logging_mixin.py:188} INFO - [2024-01-04T19:57:56.595+0000] {dagbag.py:538} INFO - Filling up the DagBag from /home/airflow/.local/lib/python3.8/site-packages/airflow/example_dags/example_complex.py
[2024-01-04T19:57:56.620+0000] {processor.py:840} INFO - DAG(s) 'example_complex' retrieved from /home/airflow/.local/lib/python3.8/site-packages/airflow/example_dags/example_complex.py
[2024-01-04T19:57:56.664+0000] {logging_mixin.py:188} INFO - [2024-01-04T19:57:56.664+0000] {dag.py:3033} INFO - Sync 1 DAGs
[2024-01-04T19:57:56.680+0000] {logging_mixin.py:188} INFO - [2024-01-04T19:57:56.679+0000] {dag.py:3820} INFO - Setting next_dagrun for example_complex to None, run_after=None
[2024-01-04T19:57:56.807+0000] {processor.py:183} INFO - Processing /home/airflow/.local/lib/python3.8/site-packages/airflow/example_dags/example_complex.py took 0.219 seconds
[2024-01-04T19:58:27.128+0000] {processor.py:161} INFO - Started process (PID=703) to work on /home/airflow/.local/lib/python3.8/site-packages/airflow/example_dags/example_complex.py
[2024-01-04T19:58:27.129+0000] {processor.py:830} INFO - Processing file /home/airflow/.local/lib/python3.8/site-packages/airflow/example_dags/example_complex.py for tasks to queue
[2024-01-04T19:58:27.133+0000] {logging_mixin.py:188} INFO - [2024-01-04T19:58:27.132+0000] {dagbag.py:538} INFO - Filling up the DagBag from /home/airflow/.local/lib/python3.8/site-packages/airflow/example_dags/example_complex.py
[2024-01-04T19:58:27.146+0000] {processor.py:840} INFO - DAG(s) 'example_complex' retrieved from /home/airflow/.local/lib/python3.8/site-packages/airflow/example_dags/example_complex.py
[2024-01-04T19:58:27.188+0000] {logging_mixin.py:188} INFO - [2024-01-04T19:58:27.188+0000] {dag.py:3033} INFO - Sync 1 DAGs
[2024-01-04T19:58:27.204+0000] {logging_mixin.py:188} INFO - [2024-01-04T19:58:27.204+0000] {dag.py:3820} INFO - Setting next_dagrun for example_complex to None, run_after=None
[2024-01-04T19:58:27.236+0000] {processor.py:183} INFO - Processing /home/airflow/.local/lib/python3.8/site-packages/airflow/example_dags/example_complex.py took 0.112 seconds
[2024-01-04T19:58:57.559+0000] {processor.py:161} INFO - Started process (PID=759) to work on /home/airflow/.local/lib/python3.8/site-packages/airflow/example_dags/example_complex.py
[2024-01-04T19:58:57.561+0000] {processor.py:830} INFO - Processing file /home/airflow/.local/lib/python3.8/site-packages/airflow/example_dags/example_complex.py for tasks to queue
[2024-01-04T19:58:57.565+0000] {logging_mixin.py:188} INFO - [2024-01-04T19:58:57.565+0000] {dagbag.py:538} INFO - Filling up the DagBag from /home/airflow/.local/lib/python3.8/site-packages/airflow/example_dags/example_complex.py
[2024-01-04T19:58:57.581+0000] {processor.py:840} INFO - DAG(s) 'example_complex' retrieved from /home/airflow/.local/lib/python3.8/site-packages/airflow/example_dags/example_complex.py
[2024-01-04T19:58:57.623+0000] {logging_mixin.py:188} INFO - [2024-01-04T19:58:57.623+0000] {dag.py:3033} INFO - Sync 1 DAGs
[2024-01-04T19:58:57.642+0000] {logging_mixin.py:188} INFO - [2024-01-04T19:58:57.641+0000] {dag.py:3820} INFO - Setting next_dagrun for example_complex to None, run_after=None
[2024-01-04T19:58:57.680+0000] {processor.py:183} INFO - Processing /home/airflow/.local/lib/python3.8/site-packages/airflow/example_dags/example_complex.py took 0.124 seconds
[2024-01-04T19:59:28.026+0000] {processor.py:161} INFO - Started process (PID=815) to work on /home/airflow/.local/lib/python3.8/site-packages/airflow/example_dags/example_complex.py
[2024-01-04T19:59:28.027+0000] {processor.py:830} INFO - Processing file /home/airflow/.local/lib/python3.8/site-packages/airflow/example_dags/example_complex.py for tasks to queue
[2024-01-04T19:59:28.030+0000] {logging_mixin.py:188} INFO - [2024-01-04T19:59:28.030+0000] {dagbag.py:538} INFO - Filling up the DagBag from /home/airflow/.local/lib/python3.8/site-packages/airflow/example_dags/example_complex.py
[2024-01-04T19:59:28.057+0000] {processor.py:840} INFO - DAG(s) 'example_complex' retrieved from /home/airflow/.local/lib/python3.8/site-packages/airflow/example_dags/example_complex.py
[2024-01-04T19:59:28.150+0000] {logging_mixin.py:188} INFO - [2024-01-04T19:59:28.149+0000] {dag.py:3033} INFO - Sync 1 DAGs
[2024-01-04T19:59:28.195+0000] {logging_mixin.py:188} INFO - [2024-01-04T19:59:28.194+0000] {dag.py:3820} INFO - Setting next_dagrun for example_complex to None, run_after=None
[2024-01-04T19:59:28.248+0000] {processor.py:183} INFO - Processing /home/airflow/.local/lib/python3.8/site-packages/airflow/example_dags/example_complex.py took 0.230 seconds
[2024-01-04T19:59:58.857+0000] {processor.py:161} INFO - Started process (PID=870) to work on /home/airflow/.local/lib/python3.8/site-packages/airflow/example_dags/example_complex.py
[2024-01-04T19:59:58.859+0000] {processor.py:830} INFO - Processing file /home/airflow/.local/lib/python3.8/site-packages/airflow/example_dags/example_complex.py for tasks to queue
[2024-01-04T19:59:58.862+0000] {logging_mixin.py:188} INFO - [2024-01-04T19:59:58.862+0000] {dagbag.py:538} INFO - Filling up the DagBag from /home/airflow/.local/lib/python3.8/site-packages/airflow/example_dags/example_complex.py
[2024-01-04T19:59:58.879+0000] {processor.py:840} INFO - DAG(s) 'example_complex' retrieved from /home/airflow/.local/lib/python3.8/site-packages/airflow/example_dags/example_complex.py
[2024-01-04T19:59:58.921+0000] {logging_mixin.py:188} INFO - [2024-01-04T19:59:58.920+0000] {dag.py:3033} INFO - Sync 1 DAGs
[2024-01-04T19:59:58.937+0000] {logging_mixin.py:188} INFO - [2024-01-04T19:59:58.936+0000] {dag.py:3820} INFO - Setting next_dagrun for example_complex to None, run_after=None
[2024-01-04T19:59:58.965+0000] {processor.py:183} INFO - Processing /home/airflow/.local/lib/python3.8/site-packages/airflow/example_dags/example_complex.py took 0.111 seconds
[2024-01-04T20:00:29.039+0000] {processor.py:161} INFO - Started process (PID=926) to work on /home/airflow/.local/lib/python3.8/site-packages/airflow/example_dags/example_complex.py
[2024-01-04T20:00:29.041+0000] {processor.py:830} INFO - Processing file /home/airflow/.local/lib/python3.8/site-packages/airflow/example_dags/example_complex.py for tasks to queue
[2024-01-04T20:00:29.043+0000] {logging_mixin.py:188} INFO - [2024-01-04T20:00:29.043+0000] {dagbag.py:538} INFO - Filling up the DagBag from /home/airflow/.local/lib/python3.8/site-packages/airflow/example_dags/example_complex.py
[2024-01-04T20:00:29.058+0000] {processor.py:840} INFO - DAG(s) 'example_complex' retrieved from /home/airflow/.local/lib/python3.8/site-packages/airflow/example_dags/example_complex.py
[2024-01-04T20:00:29.102+0000] {logging_mixin.py:188} INFO - [2024-01-04T20:00:29.101+0000] {dag.py:3033} INFO - Sync 1 DAGs
[2024-01-04T20:00:29.121+0000] {logging_mixin.py:188} INFO - [2024-01-04T20:00:29.120+0000] {dag.py:3820} INFO - Setting next_dagrun for example_complex to None, run_after=None
[2024-01-04T20:00:29.154+0000] {processor.py:183} INFO - Processing /home/airflow/.local/lib/python3.8/site-packages/airflow/example_dags/example_complex.py took 0.120 seconds
