[2024-01-04T19:53:04.417+0000] {processor.py:161} INFO - Started process (PID=144) to work on /home/airflow/.local/lib/python3.8/site-packages/airflow/example_dags/example_setup_teardown.py
[2024-01-04T19:53:04.419+0000] {processor.py:830} INFO - Processing file /home/airflow/.local/lib/python3.8/site-packages/airflow/example_dags/example_setup_teardown.py for tasks to queue
[2024-01-04T19:53:04.425+0000] {logging_mixin.py:188} INFO - [2024-01-04T19:53:04.424+0000] {dagbag.py:538} INFO - Filling up the DagBag from /home/airflow/.local/lib/python3.8/site-packages/airflow/example_dags/example_setup_teardown.py
[2024-01-04T19:53:04.443+0000] {processor.py:840} INFO - DAG(s) 'example_setup_teardown' retrieved from /home/airflow/.local/lib/python3.8/site-packages/airflow/example_dags/example_setup_teardown.py
[2024-01-04T19:53:04.739+0000] {logging_mixin.py:188} INFO - [2024-01-04T19:53:04.739+0000] {dag.py:3033} INFO - Sync 1 DAGs
[2024-01-04T19:53:04.796+0000] {logging_mixin.py:188} INFO - [2024-01-04T19:53:04.795+0000] {dag.py:3820} INFO - Setting next_dagrun for example_setup_teardown to 2024-01-03T00:00:00+00:00, run_after=2024-01-04T00:00:00+00:00
[2024-01-04T19:53:04.863+0000] {processor.py:183} INFO - Processing /home/airflow/.local/lib/python3.8/site-packages/airflow/example_dags/example_setup_teardown.py took 0.452 seconds
[2024-01-04T19:53:40.286+0000] {processor.py:161} INFO - Started process (PID=200) to work on /home/airflow/.local/lib/python3.8/site-packages/airflow/example_dags/example_setup_teardown.py
[2024-01-04T19:53:40.288+0000] {processor.py:830} INFO - Processing file /home/airflow/.local/lib/python3.8/site-packages/airflow/example_dags/example_setup_teardown.py for tasks to queue
[2024-01-04T19:53:40.293+0000] {logging_mixin.py:188} INFO - [2024-01-04T19:53:40.293+0000] {dagbag.py:538} INFO - Filling up the DagBag from /home/airflow/.local/lib/python3.8/site-packages/airflow/example_dags/example_setup_teardown.py
[2024-01-04T19:53:40.311+0000] {processor.py:840} INFO - DAG(s) 'example_setup_teardown' retrieved from /home/airflow/.local/lib/python3.8/site-packages/airflow/example_dags/example_setup_teardown.py
[2024-01-04T19:53:40.362+0000] {logging_mixin.py:188} INFO - [2024-01-04T19:53:40.361+0000] {dag.py:3033} INFO - Sync 1 DAGs
[2024-01-04T19:53:40.446+0000] {logging_mixin.py:188} INFO - [2024-01-04T19:53:40.446+0000] {dag.py:3820} INFO - Setting next_dagrun for example_setup_teardown to 2024-01-03T00:00:00+00:00, run_after=2024-01-04T00:00:00+00:00
[2024-01-04T19:53:40.545+0000] {processor.py:183} INFO - Processing /home/airflow/.local/lib/python3.8/site-packages/airflow/example_dags/example_setup_teardown.py took 0.269 seconds
[2024-01-04T19:54:12.044+0000] {processor.py:161} INFO - Started process (PID=258) to work on /home/airflow/.local/lib/python3.8/site-packages/airflow/example_dags/example_setup_teardown.py
[2024-01-04T19:54:12.056+0000] {processor.py:830} INFO - Processing file /home/airflow/.local/lib/python3.8/site-packages/airflow/example_dags/example_setup_teardown.py for tasks to queue
[2024-01-04T19:54:12.060+0000] {logging_mixin.py:188} INFO - [2024-01-04T19:54:12.059+0000] {dagbag.py:538} INFO - Filling up the DagBag from /home/airflow/.local/lib/python3.8/site-packages/airflow/example_dags/example_setup_teardown.py
[2024-01-04T19:54:12.068+0000] {processor.py:840} INFO - DAG(s) 'example_setup_teardown' retrieved from /home/airflow/.local/lib/python3.8/site-packages/airflow/example_dags/example_setup_teardown.py
[2024-01-04T19:54:12.097+0000] {logging_mixin.py:188} INFO - [2024-01-04T19:54:12.097+0000] {dag.py:3033} INFO - Sync 1 DAGs
[2024-01-04T19:54:12.129+0000] {logging_mixin.py:188} INFO - [2024-01-04T19:54:12.129+0000] {dag.py:3820} INFO - Setting next_dagrun for example_setup_teardown to 2024-01-03T00:00:00+00:00, run_after=2024-01-04T00:00:00+00:00
[2024-01-04T19:54:12.392+0000] {processor.py:183} INFO - Processing /home/airflow/.local/lib/python3.8/site-packages/airflow/example_dags/example_setup_teardown.py took 0.353 seconds
[2024-01-04T19:54:52.679+0000] {processor.py:161} INFO - Started process (PID=315) to work on /home/airflow/.local/lib/python3.8/site-packages/airflow/example_dags/example_setup_teardown.py
[2024-01-04T19:54:52.680+0000] {processor.py:830} INFO - Processing file /home/airflow/.local/lib/python3.8/site-packages/airflow/example_dags/example_setup_teardown.py for tasks to queue
[2024-01-04T19:54:52.683+0000] {logging_mixin.py:188} INFO - [2024-01-04T19:54:52.683+0000] {dagbag.py:538} INFO - Filling up the DagBag from /home/airflow/.local/lib/python3.8/site-packages/airflow/example_dags/example_setup_teardown.py
[2024-01-04T19:54:52.692+0000] {processor.py:840} INFO - DAG(s) 'example_setup_teardown' retrieved from /home/airflow/.local/lib/python3.8/site-packages/airflow/example_dags/example_setup_teardown.py
[2024-01-04T19:54:52.723+0000] {logging_mixin.py:188} INFO - [2024-01-04T19:54:52.722+0000] {dag.py:3033} INFO - Sync 1 DAGs
[2024-01-04T19:54:52.758+0000] {logging_mixin.py:188} INFO - [2024-01-04T19:54:52.757+0000] {dag.py:3820} INFO - Setting next_dagrun for example_setup_teardown to 2024-01-03T00:00:00+00:00, run_after=2024-01-04T00:00:00+00:00
[2024-01-04T19:54:52.799+0000] {processor.py:183} INFO - Processing /home/airflow/.local/lib/python3.8/site-packages/airflow/example_dags/example_setup_teardown.py took 0.126 seconds
[2024-01-04T19:55:23.528+0000] {processor.py:161} INFO - Started process (PID=369) to work on /home/airflow/.local/lib/python3.8/site-packages/airflow/example_dags/example_setup_teardown.py
[2024-01-04T19:55:23.555+0000] {processor.py:830} INFO - Processing file /home/airflow/.local/lib/python3.8/site-packages/airflow/example_dags/example_setup_teardown.py for tasks to queue
[2024-01-04T19:55:23.558+0000] {logging_mixin.py:188} INFO - [2024-01-04T19:55:23.558+0000] {dagbag.py:538} INFO - Filling up the DagBag from /home/airflow/.local/lib/python3.8/site-packages/airflow/example_dags/example_setup_teardown.py
[2024-01-04T19:55:23.567+0000] {processor.py:840} INFO - DAG(s) 'example_setup_teardown' retrieved from /home/airflow/.local/lib/python3.8/site-packages/airflow/example_dags/example_setup_teardown.py
[2024-01-04T19:55:23.595+0000] {logging_mixin.py:188} INFO - [2024-01-04T19:55:23.595+0000] {dag.py:3033} INFO - Sync 1 DAGs
[2024-01-04T19:55:23.620+0000] {logging_mixin.py:188} INFO - [2024-01-04T19:55:23.619+0000] {dag.py:3820} INFO - Setting next_dagrun for example_setup_teardown to 2024-01-03T00:00:00+00:00, run_after=2024-01-04T00:00:00+00:00
[2024-01-04T19:55:24.286+0000] {processor.py:183} INFO - Processing /home/airflow/.local/lib/python3.8/site-packages/airflow/example_dags/example_setup_teardown.py took 0.768 seconds
[2024-01-04T19:55:54.959+0000] {processor.py:161} INFO - Started process (PID=426) to work on /home/airflow/.local/lib/python3.8/site-packages/airflow/example_dags/example_setup_teardown.py
[2024-01-04T19:55:54.960+0000] {processor.py:830} INFO - Processing file /home/airflow/.local/lib/python3.8/site-packages/airflow/example_dags/example_setup_teardown.py for tasks to queue
[2024-01-04T19:55:54.964+0000] {logging_mixin.py:188} INFO - [2024-01-04T19:55:54.963+0000] {dagbag.py:538} INFO - Filling up the DagBag from /home/airflow/.local/lib/python3.8/site-packages/airflow/example_dags/example_setup_teardown.py
[2024-01-04T19:55:54.971+0000] {processor.py:840} INFO - DAG(s) 'example_setup_teardown' retrieved from /home/airflow/.local/lib/python3.8/site-packages/airflow/example_dags/example_setup_teardown.py
[2024-01-04T19:55:55.007+0000] {logging_mixin.py:188} INFO - [2024-01-04T19:55:55.007+0000] {dag.py:3033} INFO - Sync 1 DAGs
[2024-01-04T19:55:55.035+0000] {logging_mixin.py:188} INFO - [2024-01-04T19:55:55.035+0000] {dag.py:3820} INFO - Setting next_dagrun for example_setup_teardown to 2024-01-03T00:00:00+00:00, run_after=2024-01-04T00:00:00+00:00
[2024-01-04T19:55:55.071+0000] {processor.py:183} INFO - Processing /home/airflow/.local/lib/python3.8/site-packages/airflow/example_dags/example_setup_teardown.py took 0.116 seconds
[2024-01-04T19:56:25.351+0000] {processor.py:161} INFO - Started process (PID=482) to work on /home/airflow/.local/lib/python3.8/site-packages/airflow/example_dags/example_setup_teardown.py
[2024-01-04T19:56:25.354+0000] {processor.py:830} INFO - Processing file /home/airflow/.local/lib/python3.8/site-packages/airflow/example_dags/example_setup_teardown.py for tasks to queue
[2024-01-04T19:56:25.357+0000] {logging_mixin.py:188} INFO - [2024-01-04T19:56:25.357+0000] {dagbag.py:538} INFO - Filling up the DagBag from /home/airflow/.local/lib/python3.8/site-packages/airflow/example_dags/example_setup_teardown.py
[2024-01-04T19:56:25.366+0000] {processor.py:840} INFO - DAG(s) 'example_setup_teardown' retrieved from /home/airflow/.local/lib/python3.8/site-packages/airflow/example_dags/example_setup_teardown.py
[2024-01-04T19:56:25.393+0000] {logging_mixin.py:188} INFO - [2024-01-04T19:56:25.393+0000] {dag.py:3033} INFO - Sync 1 DAGs
[2024-01-04T19:56:25.428+0000] {logging_mixin.py:188} INFO - [2024-01-04T19:56:25.428+0000] {dag.py:3820} INFO - Setting next_dagrun for example_setup_teardown to 2024-01-03T00:00:00+00:00, run_after=2024-01-04T00:00:00+00:00
[2024-01-04T19:56:25.463+0000] {processor.py:183} INFO - Processing /home/airflow/.local/lib/python3.8/site-packages/airflow/example_dags/example_setup_teardown.py took 0.115 seconds
[2024-01-04T19:56:56.002+0000] {processor.py:161} INFO - Started process (PID=538) to work on /home/airflow/.local/lib/python3.8/site-packages/airflow/example_dags/example_setup_teardown.py
[2024-01-04T19:56:56.003+0000] {processor.py:830} INFO - Processing file /home/airflow/.local/lib/python3.8/site-packages/airflow/example_dags/example_setup_teardown.py for tasks to queue
[2024-01-04T19:56:56.006+0000] {logging_mixin.py:188} INFO - [2024-01-04T19:56:56.006+0000] {dagbag.py:538} INFO - Filling up the DagBag from /home/airflow/.local/lib/python3.8/site-packages/airflow/example_dags/example_setup_teardown.py
[2024-01-04T19:56:56.015+0000] {processor.py:840} INFO - DAG(s) 'example_setup_teardown' retrieved from /home/airflow/.local/lib/python3.8/site-packages/airflow/example_dags/example_setup_teardown.py
[2024-01-04T19:56:56.044+0000] {logging_mixin.py:188} INFO - [2024-01-04T19:56:56.044+0000] {dag.py:3033} INFO - Sync 1 DAGs
[2024-01-04T19:56:56.075+0000] {logging_mixin.py:188} INFO - [2024-01-04T19:56:56.074+0000] {dag.py:3820} INFO - Setting next_dagrun for example_setup_teardown to 2024-01-03T00:00:00+00:00, run_after=2024-01-04T00:00:00+00:00
[2024-01-04T19:56:56.107+0000] {processor.py:183} INFO - Processing /home/airflow/.local/lib/python3.8/site-packages/airflow/example_dags/example_setup_teardown.py took 0.109 seconds
[2024-01-04T19:57:26.677+0000] {processor.py:161} INFO - Started process (PID=594) to work on /home/airflow/.local/lib/python3.8/site-packages/airflow/example_dags/example_setup_teardown.py
[2024-01-04T19:57:26.680+0000] {processor.py:830} INFO - Processing file /home/airflow/.local/lib/python3.8/site-packages/airflow/example_dags/example_setup_teardown.py for tasks to queue
[2024-01-04T19:57:26.683+0000] {logging_mixin.py:188} INFO - [2024-01-04T19:57:26.682+0000] {dagbag.py:538} INFO - Filling up the DagBag from /home/airflow/.local/lib/python3.8/site-packages/airflow/example_dags/example_setup_teardown.py
[2024-01-04T19:57:26.696+0000] {processor.py:840} INFO - DAG(s) 'example_setup_teardown' retrieved from /home/airflow/.local/lib/python3.8/site-packages/airflow/example_dags/example_setup_teardown.py
[2024-01-04T19:57:26.728+0000] {logging_mixin.py:188} INFO - [2024-01-04T19:57:26.728+0000] {dag.py:3033} INFO - Sync 1 DAGs
[2024-01-04T19:57:26.775+0000] {logging_mixin.py:188} INFO - [2024-01-04T19:57:26.769+0000] {dag.py:3820} INFO - Setting next_dagrun for example_setup_teardown to 2024-01-03T00:00:00+00:00, run_after=2024-01-04T00:00:00+00:00
[2024-01-04T19:57:26.836+0000] {processor.py:183} INFO - Processing /home/airflow/.local/lib/python3.8/site-packages/airflow/example_dags/example_setup_teardown.py took 0.169 seconds
[2024-01-04T19:57:57.816+0000] {processor.py:161} INFO - Started process (PID=650) to work on /home/airflow/.local/lib/python3.8/site-packages/airflow/example_dags/example_setup_teardown.py
[2024-01-04T19:57:57.817+0000] {processor.py:830} INFO - Processing file /home/airflow/.local/lib/python3.8/site-packages/airflow/example_dags/example_setup_teardown.py for tasks to queue
[2024-01-04T19:57:57.820+0000] {logging_mixin.py:188} INFO - [2024-01-04T19:57:57.819+0000] {dagbag.py:538} INFO - Filling up the DagBag from /home/airflow/.local/lib/python3.8/site-packages/airflow/example_dags/example_setup_teardown.py
[2024-01-04T19:57:57.827+0000] {processor.py:840} INFO - DAG(s) 'example_setup_teardown' retrieved from /home/airflow/.local/lib/python3.8/site-packages/airflow/example_dags/example_setup_teardown.py
[2024-01-04T19:57:57.858+0000] {logging_mixin.py:188} INFO - [2024-01-04T19:57:57.858+0000] {dag.py:3033} INFO - Sync 1 DAGs
[2024-01-04T19:57:57.890+0000] {logging_mixin.py:188} INFO - [2024-01-04T19:57:57.890+0000] {dag.py:3820} INFO - Setting next_dagrun for example_setup_teardown to 2024-01-03T00:00:00+00:00, run_after=2024-01-04T00:00:00+00:00
[2024-01-04T19:57:57.922+0000] {processor.py:183} INFO - Processing /home/airflow/.local/lib/python3.8/site-packages/airflow/example_dags/example_setup_teardown.py took 0.112 seconds
[2024-01-04T19:58:28.154+0000] {processor.py:161} INFO - Started process (PID=706) to work on /home/airflow/.local/lib/python3.8/site-packages/airflow/example_dags/example_setup_teardown.py
[2024-01-04T19:58:28.156+0000] {processor.py:830} INFO - Processing file /home/airflow/.local/lib/python3.8/site-packages/airflow/example_dags/example_setup_teardown.py for tasks to queue
[2024-01-04T19:58:28.159+0000] {logging_mixin.py:188} INFO - [2024-01-04T19:58:28.158+0000] {dagbag.py:538} INFO - Filling up the DagBag from /home/airflow/.local/lib/python3.8/site-packages/airflow/example_dags/example_setup_teardown.py
[2024-01-04T19:58:28.167+0000] {processor.py:840} INFO - DAG(s) 'example_setup_teardown' retrieved from /home/airflow/.local/lib/python3.8/site-packages/airflow/example_dags/example_setup_teardown.py
[2024-01-04T19:58:28.198+0000] {logging_mixin.py:188} INFO - [2024-01-04T19:58:28.197+0000] {dag.py:3033} INFO - Sync 1 DAGs
[2024-01-04T19:58:28.225+0000] {logging_mixin.py:188} INFO - [2024-01-04T19:58:28.225+0000] {dag.py:3820} INFO - Setting next_dagrun for example_setup_teardown to 2024-01-03T00:00:00+00:00, run_after=2024-01-04T00:00:00+00:00
[2024-01-04T19:58:28.263+0000] {processor.py:183} INFO - Processing /home/airflow/.local/lib/python3.8/site-packages/airflow/example_dags/example_setup_teardown.py took 0.113 seconds
[2024-01-04T19:58:58.719+0000] {processor.py:161} INFO - Started process (PID=762) to work on /home/airflow/.local/lib/python3.8/site-packages/airflow/example_dags/example_setup_teardown.py
[2024-01-04T19:58:58.721+0000] {processor.py:830} INFO - Processing file /home/airflow/.local/lib/python3.8/site-packages/airflow/example_dags/example_setup_teardown.py for tasks to queue
[2024-01-04T19:58:58.724+0000] {logging_mixin.py:188} INFO - [2024-01-04T19:58:58.723+0000] {dagbag.py:538} INFO - Filling up the DagBag from /home/airflow/.local/lib/python3.8/site-packages/airflow/example_dags/example_setup_teardown.py
[2024-01-04T19:58:58.733+0000] {processor.py:840} INFO - DAG(s) 'example_setup_teardown' retrieved from /home/airflow/.local/lib/python3.8/site-packages/airflow/example_dags/example_setup_teardown.py
[2024-01-04T19:58:58.762+0000] {logging_mixin.py:188} INFO - [2024-01-04T19:58:58.762+0000] {dag.py:3033} INFO - Sync 1 DAGs
[2024-01-04T19:58:58.797+0000] {logging_mixin.py:188} INFO - [2024-01-04T19:58:58.797+0000] {dag.py:3820} INFO - Setting next_dagrun for example_setup_teardown to 2024-01-03T00:00:00+00:00, run_after=2024-01-04T00:00:00+00:00
[2024-01-04T19:58:58.829+0000] {processor.py:183} INFO - Processing /home/airflow/.local/lib/python3.8/site-packages/airflow/example_dags/example_setup_teardown.py took 0.116 seconds
[2024-01-04T19:59:29.303+0000] {processor.py:161} INFO - Started process (PID=818) to work on /home/airflow/.local/lib/python3.8/site-packages/airflow/example_dags/example_setup_teardown.py
[2024-01-04T19:59:29.304+0000] {processor.py:830} INFO - Processing file /home/airflow/.local/lib/python3.8/site-packages/airflow/example_dags/example_setup_teardown.py for tasks to queue
[2024-01-04T19:59:29.310+0000] {logging_mixin.py:188} INFO - [2024-01-04T19:59:29.310+0000] {dagbag.py:538} INFO - Filling up the DagBag from /home/airflow/.local/lib/python3.8/site-packages/airflow/example_dags/example_setup_teardown.py
[2024-01-04T19:59:29.331+0000] {processor.py:840} INFO - DAG(s) 'example_setup_teardown' retrieved from /home/airflow/.local/lib/python3.8/site-packages/airflow/example_dags/example_setup_teardown.py
[2024-01-04T19:59:29.367+0000] {logging_mixin.py:188} INFO - [2024-01-04T19:59:29.367+0000] {dag.py:3033} INFO - Sync 1 DAGs
[2024-01-04T19:59:29.409+0000] {logging_mixin.py:188} INFO - [2024-01-04T19:59:29.409+0000] {dag.py:3820} INFO - Setting next_dagrun for example_setup_teardown to 2024-01-03T00:00:00+00:00, run_after=2024-01-04T00:00:00+00:00
[2024-01-04T19:59:29.454+0000] {processor.py:183} INFO - Processing /home/airflow/.local/lib/python3.8/site-packages/airflow/example_dags/example_setup_teardown.py took 0.157 seconds
[2024-01-04T19:59:59.596+0000] {processor.py:161} INFO - Started process (PID=875) to work on /home/airflow/.local/lib/python3.8/site-packages/airflow/example_dags/example_setup_teardown.py
[2024-01-04T19:59:59.600+0000] {processor.py:830} INFO - Processing file /home/airflow/.local/lib/python3.8/site-packages/airflow/example_dags/example_setup_teardown.py for tasks to queue
[2024-01-04T19:59:59.603+0000] {logging_mixin.py:188} INFO - [2024-01-04T19:59:59.602+0000] {dagbag.py:538} INFO - Filling up the DagBag from /home/airflow/.local/lib/python3.8/site-packages/airflow/example_dags/example_setup_teardown.py
[2024-01-04T19:59:59.611+0000] {processor.py:840} INFO - DAG(s) 'example_setup_teardown' retrieved from /home/airflow/.local/lib/python3.8/site-packages/airflow/example_dags/example_setup_teardown.py
[2024-01-04T19:59:59.644+0000] {logging_mixin.py:188} INFO - [2024-01-04T19:59:59.644+0000] {dag.py:3033} INFO - Sync 1 DAGs
[2024-01-04T19:59:59.690+0000] {logging_mixin.py:188} INFO - [2024-01-04T19:59:59.689+0000] {dag.py:3820} INFO - Setting next_dagrun for example_setup_teardown to 2024-01-03T00:00:00+00:00, run_after=2024-01-04T00:00:00+00:00
[2024-01-04T19:59:59.741+0000] {processor.py:183} INFO - Processing /home/airflow/.local/lib/python3.8/site-packages/airflow/example_dags/example_setup_teardown.py took 0.150 seconds
