[2024-01-04T19:51:26.318+0000] {processor.py:161} INFO - Started process (PID=67) to work on /home/airflow/.local/lib/python3.8/site-packages/airflow/example_dags/tutorial_taskflow_api.py
[2024-01-04T19:51:27.180+0000] {processor.py:830} INFO - Processing file /home/airflow/.local/lib/python3.8/site-packages/airflow/example_dags/tutorial_taskflow_api.py for tasks to queue
[2024-01-04T19:51:28.285+0000] {logging_mixin.py:188} INFO - [2024-01-04T19:51:28.086+0000] {dagbag.py:538} INFO - Filling up the DagBag from /home/airflow/.local/lib/python3.8/site-packages/airflow/example_dags/tutorial_taskflow_api.py
[2024-01-04T19:51:31.903+0000] {processor.py:840} INFO - DAG(s) 'tutorial_taskflow_api' retrieved from /home/airflow/.local/lib/python3.8/site-packages/airflow/example_dags/tutorial_taskflow_api.py
[2024-01-04T19:51:54.142+0000] {logging_mixin.py:188} INFO - [2024-01-04T19:51:54.141+0000] {dag.py:3033} INFO - Sync 1 DAGs
[2024-01-04T19:51:54.359+0000] {logging_mixin.py:188} INFO - [2024-01-04T19:51:54.358+0000] {dag.py:3820} INFO - Setting next_dagrun for tutorial_taskflow_api to None, run_after=None
[2024-01-04T19:51:54.969+0000] {processor.py:183} INFO - Processing /home/airflow/.local/lib/python3.8/site-packages/airflow/example_dags/tutorial_taskflow_api.py took 28.610 seconds
[2024-01-04T19:53:06.890+0000] {processor.py:161} INFO - Started process (PID=155) to work on /home/airflow/.local/lib/python3.8/site-packages/airflow/example_dags/tutorial_taskflow_api.py
[2024-01-04T19:53:06.892+0000] {processor.py:830} INFO - Processing file /home/airflow/.local/lib/python3.8/site-packages/airflow/example_dags/tutorial_taskflow_api.py for tasks to queue
[2024-01-04T19:53:06.897+0000] {logging_mixin.py:188} INFO - [2024-01-04T19:53:06.896+0000] {dagbag.py:538} INFO - Filling up the DagBag from /home/airflow/.local/lib/python3.8/site-packages/airflow/example_dags/tutorial_taskflow_api.py
[2024-01-04T19:53:06.912+0000] {processor.py:840} INFO - DAG(s) 'tutorial_taskflow_api' retrieved from /home/airflow/.local/lib/python3.8/site-packages/airflow/example_dags/tutorial_taskflow_api.py
[2024-01-04T19:53:06.955+0000] {logging_mixin.py:188} INFO - [2024-01-04T19:53:06.954+0000] {dag.py:3033} INFO - Sync 1 DAGs
[2024-01-04T19:53:06.991+0000] {logging_mixin.py:188} INFO - [2024-01-04T19:53:06.991+0000] {dag.py:3820} INFO - Setting next_dagrun for tutorial_taskflow_api to None, run_after=None
[2024-01-04T19:53:07.056+0000] {processor.py:183} INFO - Processing /home/airflow/.local/lib/python3.8/site-packages/airflow/example_dags/tutorial_taskflow_api.py took 0.174 seconds
[2024-01-04T19:53:41.331+0000] {processor.py:161} INFO - Started process (PID=205) to work on /home/airflow/.local/lib/python3.8/site-packages/airflow/example_dags/tutorial_taskflow_api.py
[2024-01-04T19:53:41.335+0000] {processor.py:830} INFO - Processing file /home/airflow/.local/lib/python3.8/site-packages/airflow/example_dags/tutorial_taskflow_api.py for tasks to queue
[2024-01-04T19:53:41.340+0000] {logging_mixin.py:188} INFO - [2024-01-04T19:53:41.340+0000] {dagbag.py:538} INFO - Filling up the DagBag from /home/airflow/.local/lib/python3.8/site-packages/airflow/example_dags/tutorial_taskflow_api.py
[2024-01-04T19:53:41.375+0000] {processor.py:840} INFO - DAG(s) 'tutorial_taskflow_api' retrieved from /home/airflow/.local/lib/python3.8/site-packages/airflow/example_dags/tutorial_taskflow_api.py
[2024-01-04T19:53:41.443+0000] {logging_mixin.py:188} INFO - [2024-01-04T19:53:41.442+0000] {dag.py:3033} INFO - Sync 1 DAGs
[2024-01-04T19:53:41.503+0000] {logging_mixin.py:188} INFO - [2024-01-04T19:53:41.502+0000] {dag.py:3820} INFO - Setting next_dagrun for tutorial_taskflow_api to None, run_after=None
[2024-01-04T19:53:41.596+0000] {processor.py:183} INFO - Processing /home/airflow/.local/lib/python3.8/site-packages/airflow/example_dags/tutorial_taskflow_api.py took 0.276 seconds
[2024-01-04T19:54:12.570+0000] {processor.py:161} INFO - Started process (PID=261) to work on /home/airflow/.local/lib/python3.8/site-packages/airflow/example_dags/tutorial_taskflow_api.py
[2024-01-04T19:54:12.613+0000] {processor.py:830} INFO - Processing file /home/airflow/.local/lib/python3.8/site-packages/airflow/example_dags/tutorial_taskflow_api.py for tasks to queue
[2024-01-04T19:54:12.618+0000] {logging_mixin.py:188} INFO - [2024-01-04T19:54:12.618+0000] {dagbag.py:538} INFO - Filling up the DagBag from /home/airflow/.local/lib/python3.8/site-packages/airflow/example_dags/tutorial_taskflow_api.py
[2024-01-04T19:54:12.632+0000] {processor.py:840} INFO - DAG(s) 'tutorial_taskflow_api' retrieved from /home/airflow/.local/lib/python3.8/site-packages/airflow/example_dags/tutorial_taskflow_api.py
[2024-01-04T19:54:12.687+0000] {logging_mixin.py:188} INFO - [2024-01-04T19:54:12.686+0000] {dag.py:3033} INFO - Sync 1 DAGs
[2024-01-04T19:54:12.767+0000] {logging_mixin.py:188} INFO - [2024-01-04T19:54:12.767+0000] {dag.py:3820} INFO - Setting next_dagrun for tutorial_taskflow_api to None, run_after=None
[2024-01-04T19:54:12.899+0000] {processor.py:183} INFO - Processing /home/airflow/.local/lib/python3.8/site-packages/airflow/example_dags/tutorial_taskflow_api.py took 0.334 seconds
[2024-01-04T19:54:53.150+0000] {processor.py:161} INFO - Started process (PID=318) to work on /home/airflow/.local/lib/python3.8/site-packages/airflow/example_dags/tutorial_taskflow_api.py
[2024-01-04T19:54:53.152+0000] {processor.py:830} INFO - Processing file /home/airflow/.local/lib/python3.8/site-packages/airflow/example_dags/tutorial_taskflow_api.py for tasks to queue
[2024-01-04T19:54:53.155+0000] {logging_mixin.py:188} INFO - [2024-01-04T19:54:53.155+0000] {dagbag.py:538} INFO - Filling up the DagBag from /home/airflow/.local/lib/python3.8/site-packages/airflow/example_dags/tutorial_taskflow_api.py
[2024-01-04T19:54:53.165+0000] {processor.py:840} INFO - DAG(s) 'tutorial_taskflow_api' retrieved from /home/airflow/.local/lib/python3.8/site-packages/airflow/example_dags/tutorial_taskflow_api.py
[2024-01-04T19:54:53.219+0000] {logging_mixin.py:188} INFO - [2024-01-04T19:54:53.218+0000] {dag.py:3033} INFO - Sync 1 DAGs
[2024-01-04T19:54:53.253+0000] {logging_mixin.py:188} INFO - [2024-01-04T19:54:53.253+0000] {dag.py:3820} INFO - Setting next_dagrun for tutorial_taskflow_api to None, run_after=None
[2024-01-04T19:54:53.311+0000] {processor.py:183} INFO - Processing /home/airflow/.local/lib/python3.8/site-packages/airflow/example_dags/tutorial_taskflow_api.py took 0.165 seconds
[2024-01-04T19:55:24.517+0000] {processor.py:161} INFO - Started process (PID=371) to work on /home/airflow/.local/lib/python3.8/site-packages/airflow/example_dags/tutorial_taskflow_api.py
[2024-01-04T19:55:24.532+0000] {processor.py:830} INFO - Processing file /home/airflow/.local/lib/python3.8/site-packages/airflow/example_dags/tutorial_taskflow_api.py for tasks to queue
[2024-01-04T19:55:24.536+0000] {logging_mixin.py:188} INFO - [2024-01-04T19:55:24.536+0000] {dagbag.py:538} INFO - Filling up the DagBag from /home/airflow/.local/lib/python3.8/site-packages/airflow/example_dags/tutorial_taskflow_api.py
[2024-01-04T19:55:24.543+0000] {processor.py:840} INFO - DAG(s) 'tutorial_taskflow_api' retrieved from /home/airflow/.local/lib/python3.8/site-packages/airflow/example_dags/tutorial_taskflow_api.py
[2024-01-04T19:55:24.570+0000] {logging_mixin.py:188} INFO - [2024-01-04T19:55:24.570+0000] {dag.py:3033} INFO - Sync 1 DAGs
[2024-01-04T19:55:24.598+0000] {logging_mixin.py:188} INFO - [2024-01-04T19:55:24.598+0000] {dag.py:3820} INFO - Setting next_dagrun for tutorial_taskflow_api to None, run_after=None
[2024-01-04T19:55:25.035+0000] {processor.py:183} INFO - Processing /home/airflow/.local/lib/python3.8/site-packages/airflow/example_dags/tutorial_taskflow_api.py took 0.523 seconds
[2024-01-04T19:55:55.106+0000] {processor.py:161} INFO - Started process (PID=427) to work on /home/airflow/.local/lib/python3.8/site-packages/airflow/example_dags/tutorial_taskflow_api.py
[2024-01-04T19:55:55.107+0000] {processor.py:830} INFO - Processing file /home/airflow/.local/lib/python3.8/site-packages/airflow/example_dags/tutorial_taskflow_api.py for tasks to queue
[2024-01-04T19:55:55.110+0000] {logging_mixin.py:188} INFO - [2024-01-04T19:55:55.110+0000] {dagbag.py:538} INFO - Filling up the DagBag from /home/airflow/.local/lib/python3.8/site-packages/airflow/example_dags/tutorial_taskflow_api.py
[2024-01-04T19:55:55.122+0000] {processor.py:840} INFO - DAG(s) 'tutorial_taskflow_api' retrieved from /home/airflow/.local/lib/python3.8/site-packages/airflow/example_dags/tutorial_taskflow_api.py
[2024-01-04T19:55:55.149+0000] {logging_mixin.py:188} INFO - [2024-01-04T19:55:55.148+0000] {dag.py:3033} INFO - Sync 1 DAGs
[2024-01-04T19:55:55.164+0000] {logging_mixin.py:188} INFO - [2024-01-04T19:55:55.164+0000] {dag.py:3820} INFO - Setting next_dagrun for tutorial_taskflow_api to None, run_after=None
[2024-01-04T19:55:55.542+0000] {processor.py:183} INFO - Processing /home/airflow/.local/lib/python3.8/site-packages/airflow/example_dags/tutorial_taskflow_api.py took 0.440 seconds
[2024-01-04T19:56:26.384+0000] {processor.py:161} INFO - Started process (PID=483) to work on /home/airflow/.local/lib/python3.8/site-packages/airflow/example_dags/tutorial_taskflow_api.py
[2024-01-04T19:56:26.386+0000] {processor.py:830} INFO - Processing file /home/airflow/.local/lib/python3.8/site-packages/airflow/example_dags/tutorial_taskflow_api.py for tasks to queue
[2024-01-04T19:56:26.390+0000] {logging_mixin.py:188} INFO - [2024-01-04T19:56:26.390+0000] {dagbag.py:538} INFO - Filling up the DagBag from /home/airflow/.local/lib/python3.8/site-packages/airflow/example_dags/tutorial_taskflow_api.py
[2024-01-04T19:56:26.397+0000] {processor.py:840} INFO - DAG(s) 'tutorial_taskflow_api' retrieved from /home/airflow/.local/lib/python3.8/site-packages/airflow/example_dags/tutorial_taskflow_api.py
[2024-01-04T19:56:26.421+0000] {logging_mixin.py:188} INFO - [2024-01-04T19:56:26.421+0000] {dag.py:3033} INFO - Sync 1 DAGs
[2024-01-04T19:56:26.436+0000] {logging_mixin.py:188} INFO - [2024-01-04T19:56:26.436+0000] {dag.py:3820} INFO - Setting next_dagrun for tutorial_taskflow_api to None, run_after=None
[2024-01-04T19:56:26.475+0000] {processor.py:183} INFO - Processing /home/airflow/.local/lib/python3.8/site-packages/airflow/example_dags/tutorial_taskflow_api.py took 0.096 seconds
[2024-01-04T19:56:57.122+0000] {processor.py:161} INFO - Started process (PID=539) to work on /home/airflow/.local/lib/python3.8/site-packages/airflow/example_dags/tutorial_taskflow_api.py
[2024-01-04T19:56:57.124+0000] {processor.py:830} INFO - Processing file /home/airflow/.local/lib/python3.8/site-packages/airflow/example_dags/tutorial_taskflow_api.py for tasks to queue
[2024-01-04T19:56:57.126+0000] {logging_mixin.py:188} INFO - [2024-01-04T19:56:57.126+0000] {dagbag.py:538} INFO - Filling up the DagBag from /home/airflow/.local/lib/python3.8/site-packages/airflow/example_dags/tutorial_taskflow_api.py
[2024-01-04T19:56:57.134+0000] {processor.py:840} INFO - DAG(s) 'tutorial_taskflow_api' retrieved from /home/airflow/.local/lib/python3.8/site-packages/airflow/example_dags/tutorial_taskflow_api.py
[2024-01-04T19:56:57.160+0000] {logging_mixin.py:188} INFO - [2024-01-04T19:56:57.160+0000] {dag.py:3033} INFO - Sync 1 DAGs
[2024-01-04T19:56:57.179+0000] {logging_mixin.py:188} INFO - [2024-01-04T19:56:57.179+0000] {dag.py:3820} INFO - Setting next_dagrun for tutorial_taskflow_api to None, run_after=None
[2024-01-04T19:56:57.211+0000] {processor.py:183} INFO - Processing /home/airflow/.local/lib/python3.8/site-packages/airflow/example_dags/tutorial_taskflow_api.py took 0.092 seconds
[2024-01-04T19:57:27.736+0000] {processor.py:161} INFO - Started process (PID=595) to work on /home/airflow/.local/lib/python3.8/site-packages/airflow/example_dags/tutorial_taskflow_api.py
[2024-01-04T19:57:27.738+0000] {processor.py:830} INFO - Processing file /home/airflow/.local/lib/python3.8/site-packages/airflow/example_dags/tutorial_taskflow_api.py for tasks to queue
[2024-01-04T19:57:27.744+0000] {logging_mixin.py:188} INFO - [2024-01-04T19:57:27.743+0000] {dagbag.py:538} INFO - Filling up the DagBag from /home/airflow/.local/lib/python3.8/site-packages/airflow/example_dags/tutorial_taskflow_api.py
[2024-01-04T19:57:27.758+0000] {processor.py:840} INFO - DAG(s) 'tutorial_taskflow_api' retrieved from /home/airflow/.local/lib/python3.8/site-packages/airflow/example_dags/tutorial_taskflow_api.py
[2024-01-04T19:57:27.797+0000] {logging_mixin.py:188} INFO - [2024-01-04T19:57:27.797+0000] {dag.py:3033} INFO - Sync 1 DAGs
[2024-01-04T19:57:27.819+0000] {logging_mixin.py:188} INFO - [2024-01-04T19:57:27.818+0000] {dag.py:3820} INFO - Setting next_dagrun for tutorial_taskflow_api to None, run_after=None
[2024-01-04T19:57:28.071+0000] {processor.py:183} INFO - Processing /home/airflow/.local/lib/python3.8/site-packages/airflow/example_dags/tutorial_taskflow_api.py took 0.341 seconds
[2024-01-04T19:57:58.871+0000] {processor.py:161} INFO - Started process (PID=651) to work on /home/airflow/.local/lib/python3.8/site-packages/airflow/example_dags/tutorial_taskflow_api.py
[2024-01-04T19:57:58.872+0000] {processor.py:830} INFO - Processing file /home/airflow/.local/lib/python3.8/site-packages/airflow/example_dags/tutorial_taskflow_api.py for tasks to queue
[2024-01-04T19:57:58.875+0000] {logging_mixin.py:188} INFO - [2024-01-04T19:57:58.875+0000] {dagbag.py:538} INFO - Filling up the DagBag from /home/airflow/.local/lib/python3.8/site-packages/airflow/example_dags/tutorial_taskflow_api.py
[2024-01-04T19:57:58.883+0000] {processor.py:840} INFO - DAG(s) 'tutorial_taskflow_api' retrieved from /home/airflow/.local/lib/python3.8/site-packages/airflow/example_dags/tutorial_taskflow_api.py
[2024-01-04T19:57:58.909+0000] {logging_mixin.py:188} INFO - [2024-01-04T19:57:58.909+0000] {dag.py:3033} INFO - Sync 1 DAGs
[2024-01-04T19:57:58.929+0000] {logging_mixin.py:188} INFO - [2024-01-04T19:57:58.929+0000] {dag.py:3820} INFO - Setting next_dagrun for tutorial_taskflow_api to None, run_after=None
[2024-01-04T19:57:58.968+0000] {processor.py:183} INFO - Processing /home/airflow/.local/lib/python3.8/site-packages/airflow/example_dags/tutorial_taskflow_api.py took 0.100 seconds
[2024-01-04T19:58:29.321+0000] {processor.py:161} INFO - Started process (PID=707) to work on /home/airflow/.local/lib/python3.8/site-packages/airflow/example_dags/tutorial_taskflow_api.py
[2024-01-04T19:58:29.326+0000] {processor.py:830} INFO - Processing file /home/airflow/.local/lib/python3.8/site-packages/airflow/example_dags/tutorial_taskflow_api.py for tasks to queue
[2024-01-04T19:58:29.329+0000] {logging_mixin.py:188} INFO - [2024-01-04T19:58:29.329+0000] {dagbag.py:538} INFO - Filling up the DagBag from /home/airflow/.local/lib/python3.8/site-packages/airflow/example_dags/tutorial_taskflow_api.py
[2024-01-04T19:58:29.337+0000] {processor.py:840} INFO - DAG(s) 'tutorial_taskflow_api' retrieved from /home/airflow/.local/lib/python3.8/site-packages/airflow/example_dags/tutorial_taskflow_api.py
[2024-01-04T19:58:29.378+0000] {logging_mixin.py:188} INFO - [2024-01-04T19:58:29.377+0000] {dag.py:3033} INFO - Sync 1 DAGs
[2024-01-04T19:58:29.403+0000] {logging_mixin.py:188} INFO - [2024-01-04T19:58:29.403+0000] {dag.py:3820} INFO - Setting next_dagrun for tutorial_taskflow_api to None, run_after=None
[2024-01-04T19:58:29.461+0000] {processor.py:183} INFO - Processing /home/airflow/.local/lib/python3.8/site-packages/airflow/example_dags/tutorial_taskflow_api.py took 0.146 seconds
[2024-01-04T19:58:59.888+0000] {processor.py:161} INFO - Started process (PID=763) to work on /home/airflow/.local/lib/python3.8/site-packages/airflow/example_dags/tutorial_taskflow_api.py
[2024-01-04T19:58:59.890+0000] {processor.py:830} INFO - Processing file /home/airflow/.local/lib/python3.8/site-packages/airflow/example_dags/tutorial_taskflow_api.py for tasks to queue
[2024-01-04T19:58:59.892+0000] {logging_mixin.py:188} INFO - [2024-01-04T19:58:59.892+0000] {dagbag.py:538} INFO - Filling up the DagBag from /home/airflow/.local/lib/python3.8/site-packages/airflow/example_dags/tutorial_taskflow_api.py
[2024-01-04T19:58:59.903+0000] {processor.py:840} INFO - DAG(s) 'tutorial_taskflow_api' retrieved from /home/airflow/.local/lib/python3.8/site-packages/airflow/example_dags/tutorial_taskflow_api.py
[2024-01-04T19:58:59.937+0000] {logging_mixin.py:188} INFO - [2024-01-04T19:58:59.937+0000] {dag.py:3033} INFO - Sync 1 DAGs
[2024-01-04T19:58:59.954+0000] {logging_mixin.py:188} INFO - [2024-01-04T19:58:59.954+0000] {dag.py:3820} INFO - Setting next_dagrun for tutorial_taskflow_api to None, run_after=None
[2024-01-04T19:58:59.989+0000] {processor.py:183} INFO - Processing /home/airflow/.local/lib/python3.8/site-packages/airflow/example_dags/tutorial_taskflow_api.py took 0.107 seconds
[2024-01-04T19:59:30.359+0000] {processor.py:161} INFO - Started process (PID=819) to work on /home/airflow/.local/lib/python3.8/site-packages/airflow/example_dags/tutorial_taskflow_api.py
[2024-01-04T19:59:30.361+0000] {processor.py:830} INFO - Processing file /home/airflow/.local/lib/python3.8/site-packages/airflow/example_dags/tutorial_taskflow_api.py for tasks to queue
[2024-01-04T19:59:30.364+0000] {logging_mixin.py:188} INFO - [2024-01-04T19:59:30.364+0000] {dagbag.py:538} INFO - Filling up the DagBag from /home/airflow/.local/lib/python3.8/site-packages/airflow/example_dags/tutorial_taskflow_api.py
[2024-01-04T19:59:30.377+0000] {processor.py:840} INFO - DAG(s) 'tutorial_taskflow_api' retrieved from /home/airflow/.local/lib/python3.8/site-packages/airflow/example_dags/tutorial_taskflow_api.py
[2024-01-04T19:59:30.413+0000] {logging_mixin.py:188} INFO - [2024-01-04T19:59:30.413+0000] {dag.py:3033} INFO - Sync 1 DAGs
[2024-01-04T19:59:30.437+0000] {logging_mixin.py:188} INFO - [2024-01-04T19:59:30.437+0000] {dag.py:3820} INFO - Setting next_dagrun for tutorial_taskflow_api to None, run_after=None
[2024-01-04T19:59:30.481+0000] {processor.py:183} INFO - Processing /home/airflow/.local/lib/python3.8/site-packages/airflow/example_dags/tutorial_taskflow_api.py took 0.129 seconds
[2024-01-04T20:00:00.800+0000] {processor.py:161} INFO - Started process (PID=876) to work on /home/airflow/.local/lib/python3.8/site-packages/airflow/example_dags/tutorial_taskflow_api.py
[2024-01-04T20:00:00.802+0000] {processor.py:830} INFO - Processing file /home/airflow/.local/lib/python3.8/site-packages/airflow/example_dags/tutorial_taskflow_api.py for tasks to queue
[2024-01-04T20:00:00.805+0000] {logging_mixin.py:188} INFO - [2024-01-04T20:00:00.805+0000] {dagbag.py:538} INFO - Filling up the DagBag from /home/airflow/.local/lib/python3.8/site-packages/airflow/example_dags/tutorial_taskflow_api.py
[2024-01-04T20:00:00.814+0000] {processor.py:840} INFO - DAG(s) 'tutorial_taskflow_api' retrieved from /home/airflow/.local/lib/python3.8/site-packages/airflow/example_dags/tutorial_taskflow_api.py
[2024-01-04T20:00:00.848+0000] {logging_mixin.py:188} INFO - [2024-01-04T20:00:00.847+0000] {dag.py:3033} INFO - Sync 1 DAGs
[2024-01-04T20:00:00.869+0000] {logging_mixin.py:188} INFO - [2024-01-04T20:00:00.868+0000] {dag.py:3820} INFO - Setting next_dagrun for tutorial_taskflow_api to None, run_after=None
[2024-01-04T20:00:00.911+0000] {processor.py:183} INFO - Processing /home/airflow/.local/lib/python3.8/site-packages/airflow/example_dags/tutorial_taskflow_api.py took 0.114 seconds
