[2024-01-04T19:51:58.009+0000] {processor.py:161} INFO - Started process (PID=85) to work on /home/airflow/.local/lib/python3.8/site-packages/airflow/example_dags/tutorial_dag.py
[2024-01-04T19:51:58.092+0000] {processor.py:830} INFO - Processing file /home/airflow/.local/lib/python3.8/site-packages/airflow/example_dags/tutorial_dag.py for tasks to queue
[2024-01-04T19:51:58.122+0000] {logging_mixin.py:188} INFO - [2024-01-04T19:51:58.121+0000] {dagbag.py:538} INFO - Filling up the DagBag from /home/airflow/.local/lib/python3.8/site-packages/airflow/example_dags/tutorial_dag.py
[2024-01-04T19:51:58.210+0000] {processor.py:840} INFO - DAG(s) 'tutorial_dag' retrieved from /home/airflow/.local/lib/python3.8/site-packages/airflow/example_dags/tutorial_dag.py
[2024-01-04T19:52:10.125+0000] {logging_mixin.py:188} INFO - [2024-01-04T19:52:10.125+0000] {dag.py:3033} INFO - Sync 1 DAGs
[2024-01-04T19:52:10.155+0000] {logging_mixin.py:188} INFO - [2024-01-04T19:52:10.154+0000] {dag.py:3820} INFO - Setting next_dagrun for tutorial_dag to None, run_after=None
[2024-01-04T19:52:17.907+0000] {processor.py:183} INFO - Processing /home/airflow/.local/lib/python3.8/site-packages/airflow/example_dags/tutorial_dag.py took 19.970 seconds
[2024-01-04T19:53:09.634+0000] {processor.py:161} INFO - Started process (PID=157) to work on /home/airflow/.local/lib/python3.8/site-packages/airflow/example_dags/tutorial_dag.py
[2024-01-04T19:53:09.975+0000] {processor.py:830} INFO - Processing file /home/airflow/.local/lib/python3.8/site-packages/airflow/example_dags/tutorial_dag.py for tasks to queue
[2024-01-04T19:53:09.984+0000] {logging_mixin.py:188} INFO - [2024-01-04T19:53:09.983+0000] {dagbag.py:538} INFO - Filling up the DagBag from /home/airflow/.local/lib/python3.8/site-packages/airflow/example_dags/tutorial_dag.py
[2024-01-04T19:53:10.170+0000] {processor.py:840} INFO - DAG(s) 'tutorial_dag' retrieved from /home/airflow/.local/lib/python3.8/site-packages/airflow/example_dags/tutorial_dag.py
[2024-01-04T19:53:10.435+0000] {logging_mixin.py:188} INFO - [2024-01-04T19:53:10.435+0000] {dag.py:3033} INFO - Sync 1 DAGs
[2024-01-04T19:53:10.652+0000] {logging_mixin.py:188} INFO - [2024-01-04T19:53:10.652+0000] {dag.py:3820} INFO - Setting next_dagrun for tutorial_dag to None, run_after=None
[2024-01-04T19:53:11.556+0000] {processor.py:183} INFO - Processing /home/airflow/.local/lib/python3.8/site-packages/airflow/example_dags/tutorial_dag.py took 1.927 seconds
[2024-01-04T19:53:42.382+0000] {processor.py:161} INFO - Started process (PID=211) to work on /home/airflow/.local/lib/python3.8/site-packages/airflow/example_dags/tutorial_dag.py
[2024-01-04T19:53:42.385+0000] {processor.py:830} INFO - Processing file /home/airflow/.local/lib/python3.8/site-packages/airflow/example_dags/tutorial_dag.py for tasks to queue
[2024-01-04T19:53:42.392+0000] {logging_mixin.py:188} INFO - [2024-01-04T19:53:42.391+0000] {dagbag.py:538} INFO - Filling up the DagBag from /home/airflow/.local/lib/python3.8/site-packages/airflow/example_dags/tutorial_dag.py
[2024-01-04T19:53:42.405+0000] {processor.py:840} INFO - DAG(s) 'tutorial_dag' retrieved from /home/airflow/.local/lib/python3.8/site-packages/airflow/example_dags/tutorial_dag.py
[2024-01-04T19:53:42.526+0000] {logging_mixin.py:188} INFO - [2024-01-04T19:53:42.526+0000] {dag.py:3033} INFO - Sync 1 DAGs
[2024-01-04T19:53:42.573+0000] {logging_mixin.py:188} INFO - [2024-01-04T19:53:42.572+0000] {dag.py:3820} INFO - Setting next_dagrun for tutorial_dag to None, run_after=None
[2024-01-04T19:53:42.616+0000] {processor.py:183} INFO - Processing /home/airflow/.local/lib/python3.8/site-packages/airflow/example_dags/tutorial_dag.py took 0.241 seconds
[2024-01-04T19:54:13.692+0000] {processor.py:161} INFO - Started process (PID=267) to work on /home/airflow/.local/lib/python3.8/site-packages/airflow/example_dags/tutorial_dag.py
[2024-01-04T19:54:13.716+0000] {processor.py:830} INFO - Processing file /home/airflow/.local/lib/python3.8/site-packages/airflow/example_dags/tutorial_dag.py for tasks to queue
[2024-01-04T19:54:13.720+0000] {logging_mixin.py:188} INFO - [2024-01-04T19:54:13.719+0000] {dagbag.py:538} INFO - Filling up the DagBag from /home/airflow/.local/lib/python3.8/site-packages/airflow/example_dags/tutorial_dag.py
[2024-01-04T19:54:13.729+0000] {processor.py:840} INFO - DAG(s) 'tutorial_dag' retrieved from /home/airflow/.local/lib/python3.8/site-packages/airflow/example_dags/tutorial_dag.py
[2024-01-04T19:54:13.759+0000] {logging_mixin.py:188} INFO - [2024-01-04T19:54:13.759+0000] {dag.py:3033} INFO - Sync 1 DAGs
[2024-01-04T19:54:13.776+0000] {logging_mixin.py:188} INFO - [2024-01-04T19:54:13.775+0000] {dag.py:3820} INFO - Setting next_dagrun for tutorial_dag to None, run_after=None
[2024-01-04T19:54:13.871+0000] {processor.py:183} INFO - Processing /home/airflow/.local/lib/python3.8/site-packages/airflow/example_dags/tutorial_dag.py took 0.183 seconds
[2024-01-04T19:54:53.551+0000] {processor.py:161} INFO - Started process (PID=320) to work on /home/airflow/.local/lib/python3.8/site-packages/airflow/example_dags/tutorial_dag.py
[2024-01-04T19:54:53.554+0000] {processor.py:830} INFO - Processing file /home/airflow/.local/lib/python3.8/site-packages/airflow/example_dags/tutorial_dag.py for tasks to queue
[2024-01-04T19:54:53.560+0000] {logging_mixin.py:188} INFO - [2024-01-04T19:54:53.559+0000] {dagbag.py:538} INFO - Filling up the DagBag from /home/airflow/.local/lib/python3.8/site-packages/airflow/example_dags/tutorial_dag.py
[2024-01-04T19:54:53.573+0000] {processor.py:840} INFO - DAG(s) 'tutorial_dag' retrieved from /home/airflow/.local/lib/python3.8/site-packages/airflow/example_dags/tutorial_dag.py
[2024-01-04T19:54:53.615+0000] {logging_mixin.py:188} INFO - [2024-01-04T19:54:53.614+0000] {dag.py:3033} INFO - Sync 1 DAGs
[2024-01-04T19:54:53.637+0000] {logging_mixin.py:188} INFO - [2024-01-04T19:54:53.637+0000] {dag.py:3820} INFO - Setting next_dagrun for tutorial_dag to None, run_after=None
[2024-01-04T19:54:53.855+0000] {processor.py:183} INFO - Processing /home/airflow/.local/lib/python3.8/site-packages/airflow/example_dags/tutorial_dag.py took 0.309 seconds
[2024-01-04T19:55:25.780+0000] {processor.py:161} INFO - Started process (PID=375) to work on /home/airflow/.local/lib/python3.8/site-packages/airflow/example_dags/tutorial_dag.py
[2024-01-04T19:55:25.860+0000] {processor.py:830} INFO - Processing file /home/airflow/.local/lib/python3.8/site-packages/airflow/example_dags/tutorial_dag.py for tasks to queue
[2024-01-04T19:55:25.865+0000] {logging_mixin.py:188} INFO - [2024-01-04T19:55:25.864+0000] {dagbag.py:538} INFO - Filling up the DagBag from /home/airflow/.local/lib/python3.8/site-packages/airflow/example_dags/tutorial_dag.py
[2024-01-04T19:55:25.873+0000] {processor.py:840} INFO - DAG(s) 'tutorial_dag' retrieved from /home/airflow/.local/lib/python3.8/site-packages/airflow/example_dags/tutorial_dag.py
[2024-01-04T19:55:25.905+0000] {logging_mixin.py:188} INFO - [2024-01-04T19:55:25.904+0000] {dag.py:3033} INFO - Sync 1 DAGs
[2024-01-04T19:55:25.924+0000] {logging_mixin.py:188} INFO - [2024-01-04T19:55:25.924+0000] {dag.py:3820} INFO - Setting next_dagrun for tutorial_dag to None, run_after=None
[2024-01-04T19:55:26.854+0000] {processor.py:183} INFO - Processing /home/airflow/.local/lib/python3.8/site-packages/airflow/example_dags/tutorial_dag.py took 1.078 seconds
[2024-01-04T19:55:57.607+0000] {processor.py:161} INFO - Started process (PID=430) to work on /home/airflow/.local/lib/python3.8/site-packages/airflow/example_dags/tutorial_dag.py
[2024-01-04T19:55:57.608+0000] {processor.py:830} INFO - Processing file /home/airflow/.local/lib/python3.8/site-packages/airflow/example_dags/tutorial_dag.py for tasks to queue
[2024-01-04T19:55:57.610+0000] {logging_mixin.py:188} INFO - [2024-01-04T19:55:57.610+0000] {dagbag.py:538} INFO - Filling up the DagBag from /home/airflow/.local/lib/python3.8/site-packages/airflow/example_dags/tutorial_dag.py
[2024-01-04T19:55:57.618+0000] {processor.py:840} INFO - DAG(s) 'tutorial_dag' retrieved from /home/airflow/.local/lib/python3.8/site-packages/airflow/example_dags/tutorial_dag.py
[2024-01-04T19:55:57.645+0000] {logging_mixin.py:188} INFO - [2024-01-04T19:55:57.645+0000] {dag.py:3033} INFO - Sync 1 DAGs
[2024-01-04T19:55:57.660+0000] {logging_mixin.py:188} INFO - [2024-01-04T19:55:57.660+0000] {dag.py:3820} INFO - Setting next_dagrun for tutorial_dag to None, run_after=None
[2024-01-04T19:55:57.944+0000] {processor.py:183} INFO - Processing /home/airflow/.local/lib/python3.8/site-packages/airflow/example_dags/tutorial_dag.py took 0.340 seconds
[2024-01-04T19:56:28.562+0000] {processor.py:161} INFO - Started process (PID=486) to work on /home/airflow/.local/lib/python3.8/site-packages/airflow/example_dags/tutorial_dag.py
[2024-01-04T19:56:28.563+0000] {processor.py:830} INFO - Processing file /home/airflow/.local/lib/python3.8/site-packages/airflow/example_dags/tutorial_dag.py for tasks to queue
[2024-01-04T19:56:28.567+0000] {logging_mixin.py:188} INFO - [2024-01-04T19:56:28.567+0000] {dagbag.py:538} INFO - Filling up the DagBag from /home/airflow/.local/lib/python3.8/site-packages/airflow/example_dags/tutorial_dag.py
[2024-01-04T19:56:28.575+0000] {processor.py:840} INFO - DAG(s) 'tutorial_dag' retrieved from /home/airflow/.local/lib/python3.8/site-packages/airflow/example_dags/tutorial_dag.py
[2024-01-04T19:56:28.599+0000] {logging_mixin.py:188} INFO - [2024-01-04T19:56:28.599+0000] {dag.py:3033} INFO - Sync 1 DAGs
[2024-01-04T19:56:28.615+0000] {logging_mixin.py:188} INFO - [2024-01-04T19:56:28.615+0000] {dag.py:3820} INFO - Setting next_dagrun for tutorial_dag to None, run_after=None
[2024-01-04T19:56:28.650+0000] {processor.py:183} INFO - Processing /home/airflow/.local/lib/python3.8/site-packages/airflow/example_dags/tutorial_dag.py took 0.092 seconds
[2024-01-04T19:56:59.295+0000] {processor.py:161} INFO - Started process (PID=542) to work on /home/airflow/.local/lib/python3.8/site-packages/airflow/example_dags/tutorial_dag.py
[2024-01-04T19:56:59.297+0000] {processor.py:830} INFO - Processing file /home/airflow/.local/lib/python3.8/site-packages/airflow/example_dags/tutorial_dag.py for tasks to queue
[2024-01-04T19:56:59.302+0000] {logging_mixin.py:188} INFO - [2024-01-04T19:56:59.302+0000] {dagbag.py:538} INFO - Filling up the DagBag from /home/airflow/.local/lib/python3.8/site-packages/airflow/example_dags/tutorial_dag.py
[2024-01-04T19:56:59.308+0000] {processor.py:840} INFO - DAG(s) 'tutorial_dag' retrieved from /home/airflow/.local/lib/python3.8/site-packages/airflow/example_dags/tutorial_dag.py
[2024-01-04T19:56:59.337+0000] {logging_mixin.py:188} INFO - [2024-01-04T19:56:59.337+0000] {dag.py:3033} INFO - Sync 1 DAGs
[2024-01-04T19:56:59.353+0000] {logging_mixin.py:188} INFO - [2024-01-04T19:56:59.353+0000] {dag.py:3820} INFO - Setting next_dagrun for tutorial_dag to None, run_after=None
[2024-01-04T19:56:59.393+0000] {processor.py:183} INFO - Processing /home/airflow/.local/lib/python3.8/site-packages/airflow/example_dags/tutorial_dag.py took 0.101 seconds
[2024-01-04T19:57:29.616+0000] {processor.py:161} INFO - Started process (PID=598) to work on /home/airflow/.local/lib/python3.8/site-packages/airflow/example_dags/tutorial_dag.py
[2024-01-04T19:57:29.617+0000] {processor.py:830} INFO - Processing file /home/airflow/.local/lib/python3.8/site-packages/airflow/example_dags/tutorial_dag.py for tasks to queue
[2024-01-04T19:57:29.621+0000] {logging_mixin.py:188} INFO - [2024-01-04T19:57:29.620+0000] {dagbag.py:538} INFO - Filling up the DagBag from /home/airflow/.local/lib/python3.8/site-packages/airflow/example_dags/tutorial_dag.py
[2024-01-04T19:57:29.629+0000] {processor.py:840} INFO - DAG(s) 'tutorial_dag' retrieved from /home/airflow/.local/lib/python3.8/site-packages/airflow/example_dags/tutorial_dag.py
[2024-01-04T19:57:29.659+0000] {logging_mixin.py:188} INFO - [2024-01-04T19:57:29.658+0000] {dag.py:3033} INFO - Sync 1 DAGs
[2024-01-04T19:57:29.692+0000] {logging_mixin.py:188} INFO - [2024-01-04T19:57:29.691+0000] {dag.py:3820} INFO - Setting next_dagrun for tutorial_dag to None, run_after=None
[2024-01-04T19:57:29.737+0000] {processor.py:183} INFO - Processing /home/airflow/.local/lib/python3.8/site-packages/airflow/example_dags/tutorial_dag.py took 0.126 seconds
[2024-01-04T19:57:59.980+0000] {processor.py:161} INFO - Started process (PID=653) to work on /home/airflow/.local/lib/python3.8/site-packages/airflow/example_dags/tutorial_dag.py
[2024-01-04T19:57:59.981+0000] {processor.py:830} INFO - Processing file /home/airflow/.local/lib/python3.8/site-packages/airflow/example_dags/tutorial_dag.py for tasks to queue
[2024-01-04T19:57:59.985+0000] {logging_mixin.py:188} INFO - [2024-01-04T19:57:59.984+0000] {dagbag.py:538} INFO - Filling up the DagBag from /home/airflow/.local/lib/python3.8/site-packages/airflow/example_dags/tutorial_dag.py
[2024-01-04T19:57:59.991+0000] {processor.py:840} INFO - DAG(s) 'tutorial_dag' retrieved from /home/airflow/.local/lib/python3.8/site-packages/airflow/example_dags/tutorial_dag.py
[2024-01-04T19:58:00.020+0000] {logging_mixin.py:188} INFO - [2024-01-04T19:58:00.020+0000] {dag.py:3033} INFO - Sync 1 DAGs
[2024-01-04T19:58:00.037+0000] {logging_mixin.py:188} INFO - [2024-01-04T19:58:00.037+0000] {dag.py:3820} INFO - Setting next_dagrun for tutorial_dag to None, run_after=None
[2024-01-04T19:58:00.070+0000] {processor.py:183} INFO - Processing /home/airflow/.local/lib/python3.8/site-packages/airflow/example_dags/tutorial_dag.py took 0.094 seconds
[2024-01-04T19:58:30.512+0000] {processor.py:161} INFO - Started process (PID=709) to work on /home/airflow/.local/lib/python3.8/site-packages/airflow/example_dags/tutorial_dag.py
[2024-01-04T19:58:30.513+0000] {processor.py:830} INFO - Processing file /home/airflow/.local/lib/python3.8/site-packages/airflow/example_dags/tutorial_dag.py for tasks to queue
[2024-01-04T19:58:30.516+0000] {logging_mixin.py:188} INFO - [2024-01-04T19:58:30.516+0000] {dagbag.py:538} INFO - Filling up the DagBag from /home/airflow/.local/lib/python3.8/site-packages/airflow/example_dags/tutorial_dag.py
[2024-01-04T19:58:30.524+0000] {processor.py:840} INFO - DAG(s) 'tutorial_dag' retrieved from /home/airflow/.local/lib/python3.8/site-packages/airflow/example_dags/tutorial_dag.py
[2024-01-04T19:58:30.550+0000] {logging_mixin.py:188} INFO - [2024-01-04T19:58:30.550+0000] {dag.py:3033} INFO - Sync 1 DAGs
[2024-01-04T19:58:30.567+0000] {logging_mixin.py:188} INFO - [2024-01-04T19:58:30.567+0000] {dag.py:3820} INFO - Setting next_dagrun for tutorial_dag to None, run_after=None
[2024-01-04T19:58:30.604+0000] {processor.py:183} INFO - Processing /home/airflow/.local/lib/python3.8/site-packages/airflow/example_dags/tutorial_dag.py took 0.096 seconds
[2024-01-04T19:59:01.040+0000] {processor.py:161} INFO - Started process (PID=765) to work on /home/airflow/.local/lib/python3.8/site-packages/airflow/example_dags/tutorial_dag.py
[2024-01-04T19:59:01.041+0000] {processor.py:830} INFO - Processing file /home/airflow/.local/lib/python3.8/site-packages/airflow/example_dags/tutorial_dag.py for tasks to queue
[2024-01-04T19:59:01.045+0000] {logging_mixin.py:188} INFO - [2024-01-04T19:59:01.044+0000] {dagbag.py:538} INFO - Filling up the DagBag from /home/airflow/.local/lib/python3.8/site-packages/airflow/example_dags/tutorial_dag.py
[2024-01-04T19:59:01.055+0000] {processor.py:840} INFO - DAG(s) 'tutorial_dag' retrieved from /home/airflow/.local/lib/python3.8/site-packages/airflow/example_dags/tutorial_dag.py
[2024-01-04T19:59:01.081+0000] {logging_mixin.py:188} INFO - [2024-01-04T19:59:01.080+0000] {dag.py:3033} INFO - Sync 1 DAGs
[2024-01-04T19:59:01.097+0000] {logging_mixin.py:188} INFO - [2024-01-04T19:59:01.097+0000] {dag.py:3820} INFO - Setting next_dagrun for tutorial_dag to None, run_after=None
[2024-01-04T19:59:01.133+0000] {processor.py:183} INFO - Processing /home/airflow/.local/lib/python3.8/site-packages/airflow/example_dags/tutorial_dag.py took 0.097 seconds
[2024-01-04T19:59:31.592+0000] {processor.py:161} INFO - Started process (PID=821) to work on /home/airflow/.local/lib/python3.8/site-packages/airflow/example_dags/tutorial_dag.py
[2024-01-04T19:59:31.596+0000] {processor.py:830} INFO - Processing file /home/airflow/.local/lib/python3.8/site-packages/airflow/example_dags/tutorial_dag.py for tasks to queue
[2024-01-04T19:59:31.603+0000] {logging_mixin.py:188} INFO - [2024-01-04T19:59:31.603+0000] {dagbag.py:538} INFO - Filling up the DagBag from /home/airflow/.local/lib/python3.8/site-packages/airflow/example_dags/tutorial_dag.py
[2024-01-04T19:59:31.617+0000] {processor.py:840} INFO - DAG(s) 'tutorial_dag' retrieved from /home/airflow/.local/lib/python3.8/site-packages/airflow/example_dags/tutorial_dag.py
[2024-01-04T19:59:31.682+0000] {logging_mixin.py:188} INFO - [2024-01-04T19:59:31.682+0000] {dag.py:3033} INFO - Sync 1 DAGs
[2024-01-04T19:59:31.736+0000] {logging_mixin.py:188} INFO - [2024-01-04T19:59:31.735+0000] {dag.py:3820} INFO - Setting next_dagrun for tutorial_dag to None, run_after=None
[2024-01-04T19:59:31.800+0000] {processor.py:183} INFO - Processing /home/airflow/.local/lib/python3.8/site-packages/airflow/example_dags/tutorial_dag.py took 0.216 seconds
[2024-01-04T20:00:01.958+0000] {processor.py:161} INFO - Started process (PID=878) to work on /home/airflow/.local/lib/python3.8/site-packages/airflow/example_dags/tutorial_dag.py
[2024-01-04T20:00:01.983+0000] {processor.py:830} INFO - Processing file /home/airflow/.local/lib/python3.8/site-packages/airflow/example_dags/tutorial_dag.py for tasks to queue
[2024-01-04T20:00:01.987+0000] {logging_mixin.py:188} INFO - [2024-01-04T20:00:01.987+0000] {dagbag.py:538} INFO - Filling up the DagBag from /home/airflow/.local/lib/python3.8/site-packages/airflow/example_dags/tutorial_dag.py
[2024-01-04T20:00:01.993+0000] {processor.py:840} INFO - DAG(s) 'tutorial_dag' retrieved from /home/airflow/.local/lib/python3.8/site-packages/airflow/example_dags/tutorial_dag.py
[2024-01-04T20:00:02.021+0000] {logging_mixin.py:188} INFO - [2024-01-04T20:00:02.020+0000] {dag.py:3033} INFO - Sync 1 DAGs
[2024-01-04T20:00:02.037+0000] {logging_mixin.py:188} INFO - [2024-01-04T20:00:02.037+0000] {dag.py:3820} INFO - Setting next_dagrun for tutorial_dag to None, run_after=None
[2024-01-04T20:00:02.067+0000] {processor.py:183} INFO - Processing /home/airflow/.local/lib/python3.8/site-packages/airflow/example_dags/tutorial_dag.py took 0.113 seconds
