[2024-01-04T19:51:03.848+0000] {processor.py:161} INFO - Started process (PID=59) to work on /opt/airflow/dags/my_dag.py
[2024-01-04T19:51:04.051+0000] {processor.py:830} INFO - Processing file /opt/airflow/dags/my_dag.py for tasks to queue
[2024-01-04T19:51:04.293+0000] {logging_mixin.py:188} INFO - [2024-01-04T19:51:04.268+0000] {dagbag.py:538} INFO - Filling up the DagBag from /opt/airflow/dags/my_dag.py
[2024-01-04T19:51:07.637+0000] {processor.py:840} INFO - DAG(s) 'my_dag' retrieved from /opt/airflow/dags/my_dag.py
[2024-01-04T19:51:23.783+0000] {logging_mixin.py:188} INFO - [2024-01-04T19:51:23.782+0000] {dag.py:3033} INFO - Sync 1 DAGs
[2024-01-04T19:51:24.187+0000] {logging_mixin.py:188} INFO - [2024-01-04T19:51:24.187+0000] {dag.py:3820} INFO - Setting next_dagrun for my_dag to 2024-01-03T00:00:00+00:00, run_after=2024-01-04T00:00:00+00:00
[2024-01-04T19:51:24.440+0000] {processor.py:183} INFO - Processing /opt/airflow/dags/my_dag.py took 20.734 seconds
[2024-01-04T19:53:05.782+0000] {processor.py:161} INFO - Started process (PID=151) to work on /opt/airflow/dags/my_dag.py
[2024-01-04T19:53:05.785+0000] {processor.py:830} INFO - Processing file /opt/airflow/dags/my_dag.py for tasks to queue
[2024-01-04T19:53:05.794+0000] {logging_mixin.py:188} INFO - [2024-01-04T19:53:05.793+0000] {dagbag.py:538} INFO - Filling up the DagBag from /opt/airflow/dags/my_dag.py
[2024-01-04T19:53:05.845+0000] {processor.py:840} INFO - DAG(s) 'my_dag' retrieved from /opt/airflow/dags/my_dag.py
[2024-01-04T19:53:05.918+0000] {logging_mixin.py:188} INFO - [2024-01-04T19:53:05.918+0000] {dag.py:3033} INFO - Sync 1 DAGs
[2024-01-04T19:53:06.027+0000] {logging_mixin.py:188} INFO - [2024-01-04T19:53:06.026+0000] {dag.py:3820} INFO - Setting next_dagrun for my_dag to 2024-01-04T00:00:00+00:00, run_after=2024-01-05T00:00:00+00:00
[2024-01-04T19:53:06.098+0000] {processor.py:183} INFO - Processing /opt/airflow/dags/my_dag.py took 0.323 seconds
[2024-01-04T19:53:40.809+0000] {processor.py:161} INFO - Started process (PID=202) to work on /opt/airflow/dags/my_dag.py
[2024-01-04T19:53:40.812+0000] {processor.py:830} INFO - Processing file /opt/airflow/dags/my_dag.py for tasks to queue
[2024-01-04T19:53:40.822+0000] {logging_mixin.py:188} INFO - [2024-01-04T19:53:40.820+0000] {dagbag.py:538} INFO - Filling up the DagBag from /opt/airflow/dags/my_dag.py
[2024-01-04T19:53:40.921+0000] {processor.py:840} INFO - DAG(s) 'my_dag' retrieved from /opt/airflow/dags/my_dag.py
[2024-01-04T19:53:41.005+0000] {logging_mixin.py:188} INFO - [2024-01-04T19:53:41.004+0000] {dag.py:3033} INFO - Sync 1 DAGs
[2024-01-04T19:53:41.090+0000] {logging_mixin.py:188} INFO - [2024-01-04T19:53:41.090+0000] {dag.py:3820} INFO - Setting next_dagrun for my_dag to 2024-01-04T00:00:00+00:00, run_after=2024-01-05T00:00:00+00:00
[2024-01-04T19:53:41.155+0000] {processor.py:183} INFO - Processing /opt/airflow/dags/my_dag.py took 0.352 seconds
[2024-01-04T19:54:11.689+0000] {processor.py:161} INFO - Started process (PID=256) to work on /opt/airflow/dags/my_dag.py
[2024-01-04T19:54:11.721+0000] {processor.py:830} INFO - Processing file /opt/airflow/dags/my_dag.py for tasks to queue
[2024-01-04T19:54:11.724+0000] {logging_mixin.py:188} INFO - [2024-01-04T19:54:11.723+0000] {dagbag.py:538} INFO - Filling up the DagBag from /opt/airflow/dags/my_dag.py
[2024-01-04T19:54:11.785+0000] {processor.py:840} INFO - DAG(s) 'my_dag' retrieved from /opt/airflow/dags/my_dag.py
[2024-01-04T19:54:11.811+0000] {logging_mixin.py:188} INFO - [2024-01-04T19:54:11.811+0000] {dag.py:3033} INFO - Sync 1 DAGs
[2024-01-04T19:54:11.837+0000] {logging_mixin.py:188} INFO - [2024-01-04T19:54:11.837+0000] {dag.py:3820} INFO - Setting next_dagrun for my_dag to 2024-01-04T00:00:00+00:00, run_after=2024-01-05T00:00:00+00:00
[2024-01-04T19:54:11.989+0000] {processor.py:183} INFO - Processing /opt/airflow/dags/my_dag.py took 0.304 seconds
[2024-01-04T19:54:43.147+0000] {processor.py:161} INFO - Started process (PID=307) to work on /opt/airflow/dags/my_dag.py
[2024-01-04T19:54:43.149+0000] {processor.py:830} INFO - Processing file /opt/airflow/dags/my_dag.py for tasks to queue
[2024-01-04T19:54:43.154+0000] {logging_mixin.py:188} INFO - [2024-01-04T19:54:43.153+0000] {dagbag.py:538} INFO - Filling up the DagBag from /opt/airflow/dags/my_dag.py
[2024-01-04T19:54:43.180+0000] {processor.py:840} INFO - DAG(s) 'my_dag' retrieved from /opt/airflow/dags/my_dag.py
[2024-01-04T19:54:43.209+0000] {logging_mixin.py:188} INFO - [2024-01-04T19:54:43.209+0000] {dag.py:3033} INFO - Sync 1 DAGs
[2024-01-04T19:54:43.283+0000] {logging_mixin.py:188} INFO - [2024-01-04T19:54:43.283+0000] {dag.py:3820} INFO - Setting next_dagrun for my_dag to 2024-01-04T00:00:00+00:00, run_after=2024-01-05T00:00:00+00:00
[2024-01-04T19:54:43.340+0000] {processor.py:183} INFO - Processing /opt/airflow/dags/my_dag.py took 0.198 seconds
[2024-01-04T19:55:13.487+0000] {processor.py:161} INFO - Started process (PID=361) to work on /opt/airflow/dags/my_dag.py
[2024-01-04T19:55:13.489+0000] {processor.py:830} INFO - Processing file /opt/airflow/dags/my_dag.py for tasks to queue
[2024-01-04T19:55:13.496+0000] {logging_mixin.py:188} INFO - [2024-01-04T19:55:13.495+0000] {dagbag.py:538} INFO - Filling up the DagBag from /opt/airflow/dags/my_dag.py
[2024-01-04T19:55:13.536+0000] {processor.py:840} INFO - DAG(s) 'my_dag' retrieved from /opt/airflow/dags/my_dag.py
[2024-01-04T19:55:13.575+0000] {logging_mixin.py:188} INFO - [2024-01-04T19:55:13.575+0000] {dag.py:3033} INFO - Sync 1 DAGs
[2024-01-04T19:55:13.613+0000] {logging_mixin.py:188} INFO - [2024-01-04T19:55:13.612+0000] {dag.py:3820} INFO - Setting next_dagrun for my_dag to 2024-01-04T00:00:00+00:00, run_after=2024-01-05T00:00:00+00:00
[2024-01-04T19:55:13.654+0000] {processor.py:183} INFO - Processing /opt/airflow/dags/my_dag.py took 0.172 seconds
[2024-01-04T19:55:44.511+0000] {processor.py:161} INFO - Started process (PID=406) to work on /opt/airflow/dags/my_dag.py
[2024-01-04T19:55:44.513+0000] {processor.py:830} INFO - Processing file /opt/airflow/dags/my_dag.py for tasks to queue
[2024-01-04T19:55:44.515+0000] {logging_mixin.py:188} INFO - [2024-01-04T19:55:44.515+0000] {dagbag.py:538} INFO - Filling up the DagBag from /opt/airflow/dags/my_dag.py
[2024-01-04T19:55:44.542+0000] {processor.py:840} INFO - DAG(s) 'my_dag' retrieved from /opt/airflow/dags/my_dag.py
[2024-01-04T19:55:44.568+0000] {logging_mixin.py:188} INFO - [2024-01-04T19:55:44.567+0000] {dag.py:3033} INFO - Sync 1 DAGs
[2024-01-04T19:55:44.599+0000] {logging_mixin.py:188} INFO - [2024-01-04T19:55:44.599+0000] {dag.py:3820} INFO - Setting next_dagrun for my_dag to 2024-01-04T00:00:00+00:00, run_after=2024-01-05T00:00:00+00:00
[2024-01-04T19:55:44.641+0000] {processor.py:183} INFO - Processing /opt/airflow/dags/my_dag.py took 0.134 seconds
[2024-01-04T19:56:16.927+0000] {processor.py:161} INFO - Started process (PID=459) to work on /opt/airflow/dags/my_dag.py
[2024-01-04T19:56:16.929+0000] {processor.py:830} INFO - Processing file /opt/airflow/dags/my_dag.py for tasks to queue
[2024-01-04T19:56:16.936+0000] {logging_mixin.py:188} INFO - [2024-01-04T19:56:16.936+0000] {dagbag.py:538} INFO - Filling up the DagBag from /opt/airflow/dags/my_dag.py
[2024-01-04T19:56:17.092+0000] {processor.py:840} INFO - DAG(s) 'my_dag' retrieved from /opt/airflow/dags/my_dag.py
[2024-01-04T19:56:19.610+0000] {logging_mixin.py:188} INFO - [2024-01-04T19:56:19.610+0000] {dag.py:3033} INFO - Sync 1 DAGs
[2024-01-04T19:56:19.696+0000] {logging_mixin.py:188} INFO - [2024-01-04T19:56:19.696+0000] {dag.py:3820} INFO - Setting next_dagrun for my_dag to 2024-01-04T00:00:00+00:00, run_after=2024-01-05T00:00:00+00:00
[2024-01-04T19:56:20.416+0000] {processor.py:183} INFO - Processing /opt/airflow/dags/my_dag.py took 3.498 seconds
[2024-01-04T19:56:50.744+0000] {processor.py:161} INFO - Started process (PID=517) to work on /opt/airflow/dags/my_dag.py
[2024-01-04T19:56:50.746+0000] {processor.py:830} INFO - Processing file /opt/airflow/dags/my_dag.py for tasks to queue
[2024-01-04T19:56:50.749+0000] {logging_mixin.py:188} INFO - [2024-01-04T19:56:50.749+0000] {dagbag.py:538} INFO - Filling up the DagBag from /opt/airflow/dags/my_dag.py
[2024-01-04T19:56:50.875+0000] {processor.py:840} INFO - DAG(s) 'my_dag' retrieved from /opt/airflow/dags/my_dag.py
[2024-01-04T19:56:51.268+0000] {logging_mixin.py:188} INFO - [2024-01-04T19:56:51.268+0000] {dag.py:3033} INFO - Sync 1 DAGs
[2024-01-04T19:56:51.315+0000] {logging_mixin.py:188} INFO - [2024-01-04T19:56:51.315+0000] {dag.py:3820} INFO - Setting next_dagrun for my_dag to 2024-01-04T00:00:00+00:00, run_after=2024-01-05T00:00:00+00:00
[2024-01-04T19:56:51.352+0000] {processor.py:183} INFO - Processing /opt/airflow/dags/my_dag.py took 0.612 seconds
[2024-01-04T19:57:22.170+0000] {processor.py:161} INFO - Started process (PID=571) to work on /opt/airflow/dags/my_dag.py
[2024-01-04T19:57:22.172+0000] {processor.py:830} INFO - Processing file /opt/airflow/dags/my_dag.py for tasks to queue
[2024-01-04T19:57:22.176+0000] {logging_mixin.py:188} INFO - [2024-01-04T19:57:22.176+0000] {dagbag.py:538} INFO - Filling up the DagBag from /opt/airflow/dags/my_dag.py
[2024-01-04T19:57:22.213+0000] {processor.py:840} INFO - DAG(s) 'my_dag' retrieved from /opt/airflow/dags/my_dag.py
[2024-01-04T19:57:22.246+0000] {logging_mixin.py:188} INFO - [2024-01-04T19:57:22.245+0000] {dag.py:3033} INFO - Sync 1 DAGs
[2024-01-04T19:57:22.278+0000] {logging_mixin.py:188} INFO - [2024-01-04T19:57:22.278+0000] {dag.py:3820} INFO - Setting next_dagrun for my_dag to 2024-01-04T00:00:00+00:00, run_after=2024-01-05T00:00:00+00:00
[2024-01-04T19:57:22.318+0000] {processor.py:183} INFO - Processing /opt/airflow/dags/my_dag.py took 0.154 seconds
[2024-01-04T19:57:52.808+0000] {processor.py:161} INFO - Started process (PID=627) to work on /opt/airflow/dags/my_dag.py
[2024-01-04T19:57:52.811+0000] {processor.py:830} INFO - Processing file /opt/airflow/dags/my_dag.py for tasks to queue
[2024-01-04T19:57:52.815+0000] {logging_mixin.py:188} INFO - [2024-01-04T19:57:52.814+0000] {dagbag.py:538} INFO - Filling up the DagBag from /opt/airflow/dags/my_dag.py
[2024-01-04T19:57:52.844+0000] {processor.py:840} INFO - DAG(s) 'my_dag' retrieved from /opt/airflow/dags/my_dag.py
[2024-01-04T19:57:52.873+0000] {logging_mixin.py:188} INFO - [2024-01-04T19:57:52.872+0000] {dag.py:3033} INFO - Sync 1 DAGs
[2024-01-04T19:57:52.905+0000] {logging_mixin.py:188} INFO - [2024-01-04T19:57:52.905+0000] {dag.py:3820} INFO - Setting next_dagrun for my_dag to 2024-01-04T00:00:00+00:00, run_after=2024-01-05T00:00:00+00:00
[2024-01-04T19:57:52.938+0000] {processor.py:183} INFO - Processing /opt/airflow/dags/my_dag.py took 0.135 seconds
[2024-01-04T19:58:23.094+0000] {processor.py:161} INFO - Started process (PID=683) to work on /opt/airflow/dags/my_dag.py
[2024-01-04T19:58:23.095+0000] {processor.py:830} INFO - Processing file /opt/airflow/dags/my_dag.py for tasks to queue
[2024-01-04T19:58:23.099+0000] {logging_mixin.py:188} INFO - [2024-01-04T19:58:23.098+0000] {dagbag.py:538} INFO - Filling up the DagBag from /opt/airflow/dags/my_dag.py
[2024-01-04T19:58:23.131+0000] {processor.py:840} INFO - DAG(s) 'my_dag' retrieved from /opt/airflow/dags/my_dag.py
[2024-01-04T19:58:23.159+0000] {logging_mixin.py:188} INFO - [2024-01-04T19:58:23.159+0000] {dag.py:3033} INFO - Sync 1 DAGs
[2024-01-04T19:58:23.195+0000] {logging_mixin.py:188} INFO - [2024-01-04T19:58:23.195+0000] {dag.py:3820} INFO - Setting next_dagrun for my_dag to 2024-01-04T00:00:00+00:00, run_after=2024-01-05T00:00:00+00:00
[2024-01-04T19:58:23.225+0000] {processor.py:183} INFO - Processing /opt/airflow/dags/my_dag.py took 0.139 seconds
[2024-01-04T19:58:53.614+0000] {processor.py:161} INFO - Started process (PID=739) to work on /opt/airflow/dags/my_dag.py
[2024-01-04T19:58:53.616+0000] {processor.py:830} INFO - Processing file /opt/airflow/dags/my_dag.py for tasks to queue
[2024-01-04T19:58:53.621+0000] {logging_mixin.py:188} INFO - [2024-01-04T19:58:53.620+0000] {dagbag.py:538} INFO - Filling up the DagBag from /opt/airflow/dags/my_dag.py
[2024-01-04T19:58:53.654+0000] {processor.py:840} INFO - DAG(s) 'my_dag' retrieved from /opt/airflow/dags/my_dag.py
[2024-01-04T19:58:53.689+0000] {logging_mixin.py:188} INFO - [2024-01-04T19:58:53.688+0000] {dag.py:3033} INFO - Sync 1 DAGs
[2024-01-04T19:58:53.724+0000] {logging_mixin.py:188} INFO - [2024-01-04T19:58:53.724+0000] {dag.py:3820} INFO - Setting next_dagrun for my_dag to 2024-01-04T00:00:00+00:00, run_after=2024-01-05T00:00:00+00:00
[2024-01-04T19:58:53.761+0000] {processor.py:183} INFO - Processing /opt/airflow/dags/my_dag.py took 0.156 seconds
[2024-01-04T19:59:24.177+0000] {processor.py:161} INFO - Started process (PID=795) to work on /opt/airflow/dags/my_dag.py
[2024-01-04T19:59:24.179+0000] {processor.py:830} INFO - Processing file /opt/airflow/dags/my_dag.py for tasks to queue
[2024-01-04T19:59:24.182+0000] {logging_mixin.py:188} INFO - [2024-01-04T19:59:24.181+0000] {dagbag.py:538} INFO - Filling up the DagBag from /opt/airflow/dags/my_dag.py
[2024-01-04T19:59:24.208+0000] {processor.py:840} INFO - DAG(s) 'my_dag' retrieved from /opt/airflow/dags/my_dag.py
[2024-01-04T19:59:24.232+0000] {logging_mixin.py:188} INFO - [2024-01-04T19:59:24.232+0000] {dag.py:3033} INFO - Sync 1 DAGs
[2024-01-04T19:59:24.265+0000] {logging_mixin.py:188} INFO - [2024-01-04T19:59:24.265+0000] {dag.py:3820} INFO - Setting next_dagrun for my_dag to 2024-01-04T00:00:00+00:00, run_after=2024-01-05T00:00:00+00:00
[2024-01-04T19:59:24.297+0000] {processor.py:183} INFO - Processing /opt/airflow/dags/my_dag.py took 0.124 seconds
[2024-01-04T19:59:54.561+0000] {processor.py:161} INFO - Started process (PID=852) to work on /opt/airflow/dags/my_dag.py
[2024-01-04T19:59:54.566+0000] {processor.py:830} INFO - Processing file /opt/airflow/dags/my_dag.py for tasks to queue
[2024-01-04T19:59:54.569+0000] {logging_mixin.py:188} INFO - [2024-01-04T19:59:54.569+0000] {dagbag.py:538} INFO - Filling up the DagBag from /opt/airflow/dags/my_dag.py
[2024-01-04T19:59:54.597+0000] {processor.py:840} INFO - DAG(s) 'my_dag' retrieved from /opt/airflow/dags/my_dag.py
[2024-01-04T19:59:54.622+0000] {logging_mixin.py:188} INFO - [2024-01-04T19:59:54.622+0000] {dag.py:3033} INFO - Sync 1 DAGs
[2024-01-04T19:59:54.649+0000] {logging_mixin.py:188} INFO - [2024-01-04T19:59:54.649+0000] {dag.py:3820} INFO - Setting next_dagrun for my_dag to 2024-01-04T00:00:00+00:00, run_after=2024-01-05T00:00:00+00:00
[2024-01-04T19:59:54.687+0000] {processor.py:183} INFO - Processing /opt/airflow/dags/my_dag.py took 0.130 seconds
[2024-01-04T20:00:25.057+0000] {processor.py:161} INFO - Started process (PID=908) to work on /opt/airflow/dags/my_dag.py
[2024-01-04T20:00:25.059+0000] {processor.py:830} INFO - Processing file /opt/airflow/dags/my_dag.py for tasks to queue
[2024-01-04T20:00:25.061+0000] {logging_mixin.py:188} INFO - [2024-01-04T20:00:25.061+0000] {dagbag.py:538} INFO - Filling up the DagBag from /opt/airflow/dags/my_dag.py
[2024-01-04T20:00:25.123+0000] {processor.py:840} INFO - DAG(s) 'my_dag' retrieved from /opt/airflow/dags/my_dag.py
[2024-01-04T20:00:25.183+0000] {logging_mixin.py:188} INFO - [2024-01-04T20:00:25.183+0000] {dag.py:3033} INFO - Sync 1 DAGs
[2024-01-04T20:00:25.212+0000] {logging_mixin.py:188} INFO - [2024-01-04T20:00:25.212+0000] {dag.py:3820} INFO - Setting next_dagrun for my_dag to 2024-01-04T00:00:00+00:00, run_after=2024-01-05T00:00:00+00:00
[2024-01-04T20:00:25.677+0000] {processor.py:183} INFO - Processing /opt/airflow/dags/my_dag.py took 0.623 seconds
