[2023-12-31T05:24:44.990+0000] {processor.py:161} INFO - Started process (PID=122) to work on /home/airflow/.local/lib/python3.8/site-packages/airflow/example_dags/example_skip_dag.py
[2023-12-31T05:24:46.607+0000] {processor.py:830} INFO - Processing file /home/airflow/.local/lib/python3.8/site-packages/airflow/example_dags/example_skip_dag.py for tasks to queue
[2023-12-31T05:24:46.611+0000] {logging_mixin.py:188} INFO - [2023-12-31T05:24:46.611+0000] {dagbag.py:538} INFO - Filling up the DagBag from /home/airflow/.local/lib/python3.8/site-packages/airflow/example_dags/example_skip_dag.py
[2023-12-31T05:24:47.707+0000] {processor.py:840} INFO - DAG(s) 'example_skip_dag' retrieved from /home/airflow/.local/lib/python3.8/site-packages/airflow/example_dags/example_skip_dag.py
[2023-12-31T05:24:47.958+0000] {logging_mixin.py:188} INFO - [2023-12-31T05:24:47.958+0000] {dag.py:3033} INFO - Sync 1 DAGs
[2023-12-31T05:24:48.026+0000] {logging_mixin.py:188} INFO - [2023-12-31T05:24:48.026+0000] {dag.py:3820} INFO - Setting next_dagrun for example_skip_dag to 2023-12-30T00:00:00+00:00, run_after=2023-12-31T00:00:00+00:00
[2023-12-31T05:24:48.331+0000] {processor.py:183} INFO - Processing /home/airflow/.local/lib/python3.8/site-packages/airflow/example_dags/example_skip_dag.py took 3.346 seconds
[2023-12-31T05:25:18.641+0000] {processor.py:161} INFO - Started process (PID=178) to work on /home/airflow/.local/lib/python3.8/site-packages/airflow/example_dags/example_skip_dag.py
[2023-12-31T05:25:18.642+0000] {processor.py:830} INFO - Processing file /home/airflow/.local/lib/python3.8/site-packages/airflow/example_dags/example_skip_dag.py for tasks to queue
[2023-12-31T05:25:18.645+0000] {logging_mixin.py:188} INFO - [2023-12-31T05:25:18.645+0000] {dagbag.py:538} INFO - Filling up the DagBag from /home/airflow/.local/lib/python3.8/site-packages/airflow/example_dags/example_skip_dag.py
[2023-12-31T05:25:18.654+0000] {processor.py:840} INFO - DAG(s) 'example_skip_dag' retrieved from /home/airflow/.local/lib/python3.8/site-packages/airflow/example_dags/example_skip_dag.py
[2023-12-31T05:25:18.690+0000] {logging_mixin.py:188} INFO - [2023-12-31T05:25:18.689+0000] {dag.py:3033} INFO - Sync 1 DAGs
[2023-12-31T05:25:18.718+0000] {logging_mixin.py:188} INFO - [2023-12-31T05:25:18.718+0000] {dag.py:3820} INFO - Setting next_dagrun for example_skip_dag to 2023-12-30T00:00:00+00:00, run_after=2023-12-31T00:00:00+00:00
[2023-12-31T05:25:18.748+0000] {processor.py:183} INFO - Processing /home/airflow/.local/lib/python3.8/site-packages/airflow/example_dags/example_skip_dag.py took 0.113 seconds
[2023-12-31T05:25:50.107+0000] {processor.py:161} INFO - Started process (PID=235) to work on /home/airflow/.local/lib/python3.8/site-packages/airflow/example_dags/example_skip_dag.py
[2023-12-31T05:25:50.112+0000] {processor.py:830} INFO - Processing file /home/airflow/.local/lib/python3.8/site-packages/airflow/example_dags/example_skip_dag.py for tasks to queue
[2023-12-31T05:25:50.125+0000] {logging_mixin.py:188} INFO - [2023-12-31T05:25:50.124+0000] {dagbag.py:538} INFO - Filling up the DagBag from /home/airflow/.local/lib/python3.8/site-packages/airflow/example_dags/example_skip_dag.py
[2023-12-31T05:25:50.896+0000] {processor.py:840} INFO - DAG(s) 'example_skip_dag' retrieved from /home/airflow/.local/lib/python3.8/site-packages/airflow/example_dags/example_skip_dag.py
[2023-12-31T05:25:55.609+0000] {logging_mixin.py:188} INFO - [2023-12-31T05:25:55.609+0000] {dag.py:3033} INFO - Sync 1 DAGs
[2023-12-31T05:25:55.896+0000] {logging_mixin.py:188} INFO - [2023-12-31T05:25:55.895+0000] {dag.py:3820} INFO - Setting next_dagrun for example_skip_dag to 2023-12-30T00:00:00+00:00, run_after=2023-12-31T00:00:00+00:00
[2023-12-31T05:26:12.535+0000] {processor.py:183} INFO - Processing /home/airflow/.local/lib/python3.8/site-packages/airflow/example_dags/example_skip_dag.py took 22.451 seconds
[2023-12-31T05:26:43.669+0000] {processor.py:161} INFO - Started process (PID=292) to work on /home/airflow/.local/lib/python3.8/site-packages/airflow/example_dags/example_skip_dag.py
[2023-12-31T05:26:43.671+0000] {processor.py:830} INFO - Processing file /home/airflow/.local/lib/python3.8/site-packages/airflow/example_dags/example_skip_dag.py for tasks to queue
[2023-12-31T05:26:43.675+0000] {logging_mixin.py:188} INFO - [2023-12-31T05:26:43.675+0000] {dagbag.py:538} INFO - Filling up the DagBag from /home/airflow/.local/lib/python3.8/site-packages/airflow/example_dags/example_skip_dag.py
[2023-12-31T05:26:43.685+0000] {processor.py:840} INFO - DAG(s) 'example_skip_dag' retrieved from /home/airflow/.local/lib/python3.8/site-packages/airflow/example_dags/example_skip_dag.py
[2023-12-31T05:26:43.726+0000] {logging_mixin.py:188} INFO - [2023-12-31T05:26:43.725+0000] {dag.py:3033} INFO - Sync 1 DAGs
[2023-12-31T05:26:43.950+0000] {logging_mixin.py:188} INFO - [2023-12-31T05:26:43.949+0000] {dag.py:3820} INFO - Setting next_dagrun for example_skip_dag to 2023-12-30T00:00:00+00:00, run_after=2023-12-31T00:00:00+00:00
[2023-12-31T05:26:44.014+0000] {processor.py:183} INFO - Processing /home/airflow/.local/lib/python3.8/site-packages/airflow/example_dags/example_skip_dag.py took 0.348 seconds
[2023-12-31T05:27:14.772+0000] {processor.py:161} INFO - Started process (PID=348) to work on /home/airflow/.local/lib/python3.8/site-packages/airflow/example_dags/example_skip_dag.py
[2023-12-31T05:27:14.788+0000] {processor.py:830} INFO - Processing file /home/airflow/.local/lib/python3.8/site-packages/airflow/example_dags/example_skip_dag.py for tasks to queue
[2023-12-31T05:27:14.791+0000] {logging_mixin.py:188} INFO - [2023-12-31T05:27:14.790+0000] {dagbag.py:538} INFO - Filling up the DagBag from /home/airflow/.local/lib/python3.8/site-packages/airflow/example_dags/example_skip_dag.py
[2023-12-31T05:27:14.800+0000] {processor.py:840} INFO - DAG(s) 'example_skip_dag' retrieved from /home/airflow/.local/lib/python3.8/site-packages/airflow/example_dags/example_skip_dag.py
[2023-12-31T05:27:14.826+0000] {logging_mixin.py:188} INFO - [2023-12-31T05:27:14.826+0000] {dag.py:3033} INFO - Sync 1 DAGs
[2023-12-31T05:27:14.871+0000] {logging_mixin.py:188} INFO - [2023-12-31T05:27:14.871+0000] {dag.py:3820} INFO - Setting next_dagrun for example_skip_dag to 2023-12-30T00:00:00+00:00, run_after=2023-12-31T00:00:00+00:00
[2023-12-31T05:27:15.616+0000] {processor.py:183} INFO - Processing /home/airflow/.local/lib/python3.8/site-packages/airflow/example_dags/example_skip_dag.py took 0.848 seconds
[2023-12-31T05:27:45.992+0000] {processor.py:161} INFO - Started process (PID=404) to work on /home/airflow/.local/lib/python3.8/site-packages/airflow/example_dags/example_skip_dag.py
[2023-12-31T05:27:46.003+0000] {processor.py:830} INFO - Processing file /home/airflow/.local/lib/python3.8/site-packages/airflow/example_dags/example_skip_dag.py for tasks to queue
[2023-12-31T05:27:46.006+0000] {logging_mixin.py:188} INFO - [2023-12-31T05:27:46.006+0000] {dagbag.py:538} INFO - Filling up the DagBag from /home/airflow/.local/lib/python3.8/site-packages/airflow/example_dags/example_skip_dag.py
[2023-12-31T05:27:46.015+0000] {processor.py:840} INFO - DAG(s) 'example_skip_dag' retrieved from /home/airflow/.local/lib/python3.8/site-packages/airflow/example_dags/example_skip_dag.py
[2023-12-31T05:27:46.042+0000] {logging_mixin.py:188} INFO - [2023-12-31T05:27:46.041+0000] {dag.py:3033} INFO - Sync 1 DAGs
[2023-12-31T05:27:46.068+0000] {logging_mixin.py:188} INFO - [2023-12-31T05:27:46.068+0000] {dag.py:3820} INFO - Setting next_dagrun for example_skip_dag to 2023-12-30T00:00:00+00:00, run_after=2023-12-31T00:00:00+00:00
[2023-12-31T05:27:46.105+0000] {processor.py:183} INFO - Processing /home/airflow/.local/lib/python3.8/site-packages/airflow/example_dags/example_skip_dag.py took 0.117 seconds
[2023-12-31T05:28:16.728+0000] {processor.py:161} INFO - Started process (PID=460) to work on /home/airflow/.local/lib/python3.8/site-packages/airflow/example_dags/example_skip_dag.py
[2023-12-31T05:28:16.729+0000] {processor.py:830} INFO - Processing file /home/airflow/.local/lib/python3.8/site-packages/airflow/example_dags/example_skip_dag.py for tasks to queue
[2023-12-31T05:28:16.735+0000] {logging_mixin.py:188} INFO - [2023-12-31T05:28:16.733+0000] {dagbag.py:538} INFO - Filling up the DagBag from /home/airflow/.local/lib/python3.8/site-packages/airflow/example_dags/example_skip_dag.py
[2023-12-31T05:28:16.745+0000] {processor.py:840} INFO - DAG(s) 'example_skip_dag' retrieved from /home/airflow/.local/lib/python3.8/site-packages/airflow/example_dags/example_skip_dag.py
[2023-12-31T05:28:16.778+0000] {logging_mixin.py:188} INFO - [2023-12-31T05:28:16.778+0000] {dag.py:3033} INFO - Sync 1 DAGs
[2023-12-31T05:28:16.818+0000] {logging_mixin.py:188} INFO - [2023-12-31T05:28:16.818+0000] {dag.py:3820} INFO - Setting next_dagrun for example_skip_dag to 2023-12-30T00:00:00+00:00, run_after=2023-12-31T00:00:00+00:00
[2023-12-31T05:28:16.848+0000] {processor.py:183} INFO - Processing /home/airflow/.local/lib/python3.8/site-packages/airflow/example_dags/example_skip_dag.py took 0.123 seconds
[2023-12-31T05:28:47.584+0000] {processor.py:161} INFO - Started process (PID=516) to work on /home/airflow/.local/lib/python3.8/site-packages/airflow/example_dags/example_skip_dag.py
[2023-12-31T05:28:47.585+0000] {processor.py:830} INFO - Processing file /home/airflow/.local/lib/python3.8/site-packages/airflow/example_dags/example_skip_dag.py for tasks to queue
[2023-12-31T05:28:47.588+0000] {logging_mixin.py:188} INFO - [2023-12-31T05:28:47.588+0000] {dagbag.py:538} INFO - Filling up the DagBag from /home/airflow/.local/lib/python3.8/site-packages/airflow/example_dags/example_skip_dag.py
[2023-12-31T05:28:47.598+0000] {processor.py:840} INFO - DAG(s) 'example_skip_dag' retrieved from /home/airflow/.local/lib/python3.8/site-packages/airflow/example_dags/example_skip_dag.py
[2023-12-31T05:28:47.623+0000] {logging_mixin.py:188} INFO - [2023-12-31T05:28:47.623+0000] {dag.py:3033} INFO - Sync 1 DAGs
[2023-12-31T05:28:47.659+0000] {logging_mixin.py:188} INFO - [2023-12-31T05:28:47.659+0000] {dag.py:3820} INFO - Setting next_dagrun for example_skip_dag to 2023-12-30T00:00:00+00:00, run_after=2023-12-31T00:00:00+00:00
[2023-12-31T05:28:47.693+0000] {processor.py:183} INFO - Processing /home/airflow/.local/lib/python3.8/site-packages/airflow/example_dags/example_skip_dag.py took 0.112 seconds
[2023-12-31T05:29:17.891+0000] {processor.py:161} INFO - Started process (PID=572) to work on /home/airflow/.local/lib/python3.8/site-packages/airflow/example_dags/example_skip_dag.py
[2023-12-31T05:29:17.893+0000] {processor.py:830} INFO - Processing file /home/airflow/.local/lib/python3.8/site-packages/airflow/example_dags/example_skip_dag.py for tasks to queue
[2023-12-31T05:29:17.905+0000] {logging_mixin.py:188} INFO - [2023-12-31T05:29:17.904+0000] {dagbag.py:538} INFO - Filling up the DagBag from /home/airflow/.local/lib/python3.8/site-packages/airflow/example_dags/example_skip_dag.py
[2023-12-31T05:29:17.925+0000] {processor.py:840} INFO - DAG(s) 'example_skip_dag' retrieved from /home/airflow/.local/lib/python3.8/site-packages/airflow/example_dags/example_skip_dag.py
[2023-12-31T05:29:17.965+0000] {logging_mixin.py:188} INFO - [2023-12-31T05:29:17.965+0000] {dag.py:3033} INFO - Sync 1 DAGs
[2023-12-31T05:29:18.005+0000] {logging_mixin.py:188} INFO - [2023-12-31T05:29:18.005+0000] {dag.py:3820} INFO - Setting next_dagrun for example_skip_dag to 2023-12-30T00:00:00+00:00, run_after=2023-12-31T00:00:00+00:00
[2023-12-31T05:29:18.559+0000] {processor.py:183} INFO - Processing /home/airflow/.local/lib/python3.8/site-packages/airflow/example_dags/example_skip_dag.py took 0.685 seconds
[2023-12-31T05:29:48.628+0000] {processor.py:161} INFO - Started process (PID=628) to work on /home/airflow/.local/lib/python3.8/site-packages/airflow/example_dags/example_skip_dag.py
[2023-12-31T05:29:48.758+0000] {processor.py:830} INFO - Processing file /home/airflow/.local/lib/python3.8/site-packages/airflow/example_dags/example_skip_dag.py for tasks to queue
[2023-12-31T05:29:48.761+0000] {logging_mixin.py:188} INFO - [2023-12-31T05:29:48.761+0000] {dagbag.py:538} INFO - Filling up the DagBag from /home/airflow/.local/lib/python3.8/site-packages/airflow/example_dags/example_skip_dag.py
[2023-12-31T05:29:48.869+0000] {processor.py:840} INFO - DAG(s) 'example_skip_dag' retrieved from /home/airflow/.local/lib/python3.8/site-packages/airflow/example_dags/example_skip_dag.py
[2023-12-31T05:29:49.214+0000] {logging_mixin.py:188} INFO - [2023-12-31T05:29:49.213+0000] {dag.py:3033} INFO - Sync 1 DAGs
[2023-12-31T05:29:49.638+0000] {logging_mixin.py:188} INFO - [2023-12-31T05:29:49.638+0000] {dag.py:3820} INFO - Setting next_dagrun for example_skip_dag to 2023-12-30T00:00:00+00:00, run_after=2023-12-31T00:00:00+00:00
[2023-12-31T05:29:49.770+0000] {processor.py:183} INFO - Processing /home/airflow/.local/lib/python3.8/site-packages/airflow/example_dags/example_skip_dag.py took 1.148 seconds
[2023-12-31T05:30:20.110+0000] {processor.py:161} INFO - Started process (PID=682) to work on /home/airflow/.local/lib/python3.8/site-packages/airflow/example_dags/example_skip_dag.py
[2023-12-31T05:30:20.112+0000] {processor.py:830} INFO - Processing file /home/airflow/.local/lib/python3.8/site-packages/airflow/example_dags/example_skip_dag.py for tasks to queue
[2023-12-31T05:30:20.116+0000] {logging_mixin.py:188} INFO - [2023-12-31T05:30:20.115+0000] {dagbag.py:538} INFO - Filling up the DagBag from /home/airflow/.local/lib/python3.8/site-packages/airflow/example_dags/example_skip_dag.py
[2023-12-31T05:30:20.124+0000] {processor.py:840} INFO - DAG(s) 'example_skip_dag' retrieved from /home/airflow/.local/lib/python3.8/site-packages/airflow/example_dags/example_skip_dag.py
[2023-12-31T05:30:20.160+0000] {logging_mixin.py:188} INFO - [2023-12-31T05:30:20.159+0000] {dag.py:3033} INFO - Sync 1 DAGs
[2023-12-31T05:30:20.194+0000] {logging_mixin.py:188} INFO - [2023-12-31T05:30:20.193+0000] {dag.py:3820} INFO - Setting next_dagrun for example_skip_dag to 2023-12-30T00:00:00+00:00, run_after=2023-12-31T00:00:00+00:00
[2023-12-31T05:30:20.239+0000] {processor.py:183} INFO - Processing /home/airflow/.local/lib/python3.8/site-packages/airflow/example_dags/example_skip_dag.py took 0.134 seconds
[2023-12-31T05:30:51.122+0000] {processor.py:161} INFO - Started process (PID=738) to work on /home/airflow/.local/lib/python3.8/site-packages/airflow/example_dags/example_skip_dag.py
[2023-12-31T05:30:51.124+0000] {processor.py:830} INFO - Processing file /home/airflow/.local/lib/python3.8/site-packages/airflow/example_dags/example_skip_dag.py for tasks to queue
[2023-12-31T05:30:51.127+0000] {logging_mixin.py:188} INFO - [2023-12-31T05:30:51.127+0000] {dagbag.py:538} INFO - Filling up the DagBag from /home/airflow/.local/lib/python3.8/site-packages/airflow/example_dags/example_skip_dag.py
[2023-12-31T05:30:51.134+0000] {processor.py:840} INFO - DAG(s) 'example_skip_dag' retrieved from /home/airflow/.local/lib/python3.8/site-packages/airflow/example_dags/example_skip_dag.py
[2023-12-31T05:30:51.164+0000] {logging_mixin.py:188} INFO - [2023-12-31T05:30:51.164+0000] {dag.py:3033} INFO - Sync 1 DAGs
[2023-12-31T05:30:51.190+0000] {logging_mixin.py:188} INFO - [2023-12-31T05:30:51.190+0000] {dag.py:3820} INFO - Setting next_dagrun for example_skip_dag to 2023-12-30T00:00:00+00:00, run_after=2023-12-31T00:00:00+00:00
[2023-12-31T05:30:51.226+0000] {processor.py:183} INFO - Processing /home/airflow/.local/lib/python3.8/site-packages/airflow/example_dags/example_skip_dag.py took 0.108 seconds
[2023-12-31T05:31:21.367+0000] {processor.py:161} INFO - Started process (PID=794) to work on /home/airflow/.local/lib/python3.8/site-packages/airflow/example_dags/example_skip_dag.py
[2023-12-31T05:31:21.369+0000] {processor.py:830} INFO - Processing file /home/airflow/.local/lib/python3.8/site-packages/airflow/example_dags/example_skip_dag.py for tasks to queue
[2023-12-31T05:31:21.373+0000] {logging_mixin.py:188} INFO - [2023-12-31T05:31:21.372+0000] {dagbag.py:538} INFO - Filling up the DagBag from /home/airflow/.local/lib/python3.8/site-packages/airflow/example_dags/example_skip_dag.py
[2023-12-31T05:31:21.381+0000] {processor.py:840} INFO - DAG(s) 'example_skip_dag' retrieved from /home/airflow/.local/lib/python3.8/site-packages/airflow/example_dags/example_skip_dag.py
[2023-12-31T05:31:21.415+0000] {logging_mixin.py:188} INFO - [2023-12-31T05:31:21.415+0000] {dag.py:3033} INFO - Sync 1 DAGs
[2023-12-31T05:31:21.445+0000] {logging_mixin.py:188} INFO - [2023-12-31T05:31:21.445+0000] {dag.py:3820} INFO - Setting next_dagrun for example_skip_dag to 2023-12-30T00:00:00+00:00, run_after=2023-12-31T00:00:00+00:00
[2023-12-31T05:31:21.485+0000] {processor.py:183} INFO - Processing /home/airflow/.local/lib/python3.8/site-packages/airflow/example_dags/example_skip_dag.py took 0.121 seconds
[2023-12-31T05:31:51.684+0000] {processor.py:161} INFO - Started process (PID=850) to work on /home/airflow/.local/lib/python3.8/site-packages/airflow/example_dags/example_skip_dag.py
[2023-12-31T05:31:51.687+0000] {processor.py:830} INFO - Processing file /home/airflow/.local/lib/python3.8/site-packages/airflow/example_dags/example_skip_dag.py for tasks to queue
[2023-12-31T05:31:51.694+0000] {logging_mixin.py:188} INFO - [2023-12-31T05:31:51.693+0000] {dagbag.py:538} INFO - Filling up the DagBag from /home/airflow/.local/lib/python3.8/site-packages/airflow/example_dags/example_skip_dag.py
[2023-12-31T05:31:51.703+0000] {processor.py:840} INFO - DAG(s) 'example_skip_dag' retrieved from /home/airflow/.local/lib/python3.8/site-packages/airflow/example_dags/example_skip_dag.py
[2023-12-31T05:31:51.746+0000] {logging_mixin.py:188} INFO - [2023-12-31T05:31:51.745+0000] {dag.py:3033} INFO - Sync 1 DAGs
[2023-12-31T05:31:51.790+0000] {logging_mixin.py:188} INFO - [2023-12-31T05:31:51.790+0000] {dag.py:3820} INFO - Setting next_dagrun for example_skip_dag to 2023-12-30T00:00:00+00:00, run_after=2023-12-31T00:00:00+00:00
[2023-12-31T05:31:51.830+0000] {processor.py:183} INFO - Processing /home/airflow/.local/lib/python3.8/site-packages/airflow/example_dags/example_skip_dag.py took 0.151 seconds
[2023-12-31T05:32:21.934+0000] {processor.py:161} INFO - Started process (PID=906) to work on /home/airflow/.local/lib/python3.8/site-packages/airflow/example_dags/example_skip_dag.py
[2023-12-31T05:32:21.937+0000] {processor.py:830} INFO - Processing file /home/airflow/.local/lib/python3.8/site-packages/airflow/example_dags/example_skip_dag.py for tasks to queue
[2023-12-31T05:32:21.946+0000] {logging_mixin.py:188} INFO - [2023-12-31T05:32:21.943+0000] {dagbag.py:538} INFO - Filling up the DagBag from /home/airflow/.local/lib/python3.8/site-packages/airflow/example_dags/example_skip_dag.py
[2023-12-31T05:32:21.961+0000] {processor.py:840} INFO - DAG(s) 'example_skip_dag' retrieved from /home/airflow/.local/lib/python3.8/site-packages/airflow/example_dags/example_skip_dag.py
[2023-12-31T05:32:21.993+0000] {logging_mixin.py:188} INFO - [2023-12-31T05:32:21.993+0000] {dag.py:3033} INFO - Sync 1 DAGs
[2023-12-31T05:32:22.027+0000] {logging_mixin.py:188} INFO - [2023-12-31T05:32:22.027+0000] {dag.py:3820} INFO - Setting next_dagrun for example_skip_dag to 2023-12-30T00:00:00+00:00, run_after=2023-12-31T00:00:00+00:00
[2023-12-31T05:32:22.066+0000] {processor.py:183} INFO - Processing /home/airflow/.local/lib/python3.8/site-packages/airflow/example_dags/example_skip_dag.py took 0.139 seconds
[2023-12-31T05:32:53.551+0000] {processor.py:161} INFO - Started process (PID=961) to work on /home/airflow/.local/lib/python3.8/site-packages/airflow/example_dags/example_skip_dag.py
[2023-12-31T05:32:53.608+0000] {processor.py:830} INFO - Processing file /home/airflow/.local/lib/python3.8/site-packages/airflow/example_dags/example_skip_dag.py for tasks to queue
[2023-12-31T05:32:53.742+0000] {logging_mixin.py:188} INFO - [2023-12-31T05:32:53.741+0000] {dagbag.py:538} INFO - Filling up the DagBag from /home/airflow/.local/lib/python3.8/site-packages/airflow/example_dags/example_skip_dag.py
[2023-12-31T05:32:53.934+0000] {processor.py:840} INFO - DAG(s) 'example_skip_dag' retrieved from /home/airflow/.local/lib/python3.8/site-packages/airflow/example_dags/example_skip_dag.py
[2023-12-31T05:32:54.029+0000] {logging_mixin.py:188} INFO - [2023-12-31T05:32:54.029+0000] {dag.py:3033} INFO - Sync 1 DAGs
[2023-12-31T05:32:54.127+0000] {logging_mixin.py:188} INFO - [2023-12-31T05:32:54.126+0000] {dag.py:3820} INFO - Setting next_dagrun for example_skip_dag to 2023-12-30T00:00:00+00:00, run_after=2023-12-31T00:00:00+00:00
[2023-12-31T05:32:54.238+0000] {processor.py:183} INFO - Processing /home/airflow/.local/lib/python3.8/site-packages/airflow/example_dags/example_skip_dag.py took 0.840 seconds
[2023-12-31T05:33:49.378+0000] {processor.py:161} INFO - Started process (PID=1027) to work on /home/airflow/.local/lib/python3.8/site-packages/airflow/example_dags/example_skip_dag.py
[2023-12-31T05:33:49.380+0000] {processor.py:830} INFO - Processing file /home/airflow/.local/lib/python3.8/site-packages/airflow/example_dags/example_skip_dag.py for tasks to queue
[2023-12-31T05:33:49.385+0000] {logging_mixin.py:188} INFO - [2023-12-31T05:33:49.384+0000] {dagbag.py:538} INFO - Filling up the DagBag from /home/airflow/.local/lib/python3.8/site-packages/airflow/example_dags/example_skip_dag.py
[2023-12-31T05:33:49.399+0000] {processor.py:840} INFO - DAG(s) 'example_skip_dag' retrieved from /home/airflow/.local/lib/python3.8/site-packages/airflow/example_dags/example_skip_dag.py
[2023-12-31T05:33:49.435+0000] {logging_mixin.py:188} INFO - [2023-12-31T05:33:49.435+0000] {dag.py:3033} INFO - Sync 1 DAGs
[2023-12-31T05:33:49.471+0000] {logging_mixin.py:188} INFO - [2023-12-31T05:33:49.471+0000] {dag.py:3820} INFO - Setting next_dagrun for example_skip_dag to 2023-12-30T00:00:00+00:00, run_after=2023-12-31T00:00:00+00:00
[2023-12-31T05:33:49.500+0000] {processor.py:183} INFO - Processing /home/airflow/.local/lib/python3.8/site-packages/airflow/example_dags/example_skip_dag.py took 0.127 seconds
[2023-12-31T05:34:43.818+0000] {processor.py:161} INFO - Started process (PID=1090) to work on /home/airflow/.local/lib/python3.8/site-packages/airflow/example_dags/example_skip_dag.py
[2023-12-31T05:34:43.823+0000] {processor.py:830} INFO - Processing file /home/airflow/.local/lib/python3.8/site-packages/airflow/example_dags/example_skip_dag.py for tasks to queue
[2023-12-31T05:34:43.828+0000] {logging_mixin.py:188} INFO - [2023-12-31T05:34:43.828+0000] {dagbag.py:538} INFO - Filling up the DagBag from /home/airflow/.local/lib/python3.8/site-packages/airflow/example_dags/example_skip_dag.py
[2023-12-31T05:34:43.843+0000] {processor.py:840} INFO - DAG(s) 'example_skip_dag' retrieved from /home/airflow/.local/lib/python3.8/site-packages/airflow/example_dags/example_skip_dag.py
[2023-12-31T05:34:43.887+0000] {logging_mixin.py:188} INFO - [2023-12-31T05:34:43.887+0000] {dag.py:3033} INFO - Sync 1 DAGs
[2023-12-31T05:34:43.926+0000] {logging_mixin.py:188} INFO - [2023-12-31T05:34:43.926+0000] {dag.py:3820} INFO - Setting next_dagrun for example_skip_dag to 2023-12-30T00:00:00+00:00, run_after=2023-12-31T00:00:00+00:00
[2023-12-31T05:34:43.971+0000] {processor.py:183} INFO - Processing /home/airflow/.local/lib/python3.8/site-packages/airflow/example_dags/example_skip_dag.py took 0.159 seconds
[2023-12-31T05:35:14.778+0000] {processor.py:161} INFO - Started process (PID=1146) to work on /home/airflow/.local/lib/python3.8/site-packages/airflow/example_dags/example_skip_dag.py
[2023-12-31T05:35:14.780+0000] {processor.py:830} INFO - Processing file /home/airflow/.local/lib/python3.8/site-packages/airflow/example_dags/example_skip_dag.py for tasks to queue
[2023-12-31T05:35:14.790+0000] {logging_mixin.py:188} INFO - [2023-12-31T05:35:14.788+0000] {dagbag.py:538} INFO - Filling up the DagBag from /home/airflow/.local/lib/python3.8/site-packages/airflow/example_dags/example_skip_dag.py
[2023-12-31T05:35:14.808+0000] {processor.py:840} INFO - DAG(s) 'example_skip_dag' retrieved from /home/airflow/.local/lib/python3.8/site-packages/airflow/example_dags/example_skip_dag.py
[2023-12-31T05:35:14.863+0000] {logging_mixin.py:188} INFO - [2023-12-31T05:35:14.863+0000] {dag.py:3033} INFO - Sync 1 DAGs
[2023-12-31T05:35:14.921+0000] {logging_mixin.py:188} INFO - [2023-12-31T05:35:14.920+0000] {dag.py:3820} INFO - Setting next_dagrun for example_skip_dag to 2023-12-30T00:00:00+00:00, run_after=2023-12-31T00:00:00+00:00
[2023-12-31T05:35:14.987+0000] {processor.py:183} INFO - Processing /home/airflow/.local/lib/python3.8/site-packages/airflow/example_dags/example_skip_dag.py took 0.216 seconds
[2023-12-31T05:35:48.152+0000] {processor.py:161} INFO - Started process (PID=1202) to work on /home/airflow/.local/lib/python3.8/site-packages/airflow/example_dags/example_skip_dag.py
[2023-12-31T05:35:48.190+0000] {processor.py:830} INFO - Processing file /home/airflow/.local/lib/python3.8/site-packages/airflow/example_dags/example_skip_dag.py for tasks to queue
[2023-12-31T05:35:48.197+0000] {logging_mixin.py:188} INFO - [2023-12-31T05:35:48.196+0000] {dagbag.py:538} INFO - Filling up the DagBag from /home/airflow/.local/lib/python3.8/site-packages/airflow/example_dags/example_skip_dag.py
[2023-12-31T05:35:48.215+0000] {processor.py:840} INFO - DAG(s) 'example_skip_dag' retrieved from /home/airflow/.local/lib/python3.8/site-packages/airflow/example_dags/example_skip_dag.py
[2023-12-31T05:35:48.243+0000] {logging_mixin.py:188} INFO - [2023-12-31T05:35:48.243+0000] {dag.py:3033} INFO - Sync 1 DAGs
[2023-12-31T05:35:48.277+0000] {logging_mixin.py:188} INFO - [2023-12-31T05:35:48.277+0000] {dag.py:3820} INFO - Setting next_dagrun for example_skip_dag to 2023-12-30T00:00:00+00:00, run_after=2023-12-31T00:00:00+00:00
[2023-12-31T05:35:48.575+0000] {processor.py:183} INFO - Processing /home/airflow/.local/lib/python3.8/site-packages/airflow/example_dags/example_skip_dag.py took 0.428 seconds
[2023-12-31T05:36:18.928+0000] {processor.py:161} INFO - Started process (PID=1258) to work on /home/airflow/.local/lib/python3.8/site-packages/airflow/example_dags/example_skip_dag.py
[2023-12-31T05:36:18.930+0000] {processor.py:830} INFO - Processing file /home/airflow/.local/lib/python3.8/site-packages/airflow/example_dags/example_skip_dag.py for tasks to queue
[2023-12-31T05:36:18.934+0000] {logging_mixin.py:188} INFO - [2023-12-31T05:36:18.934+0000] {dagbag.py:538} INFO - Filling up the DagBag from /home/airflow/.local/lib/python3.8/site-packages/airflow/example_dags/example_skip_dag.py
[2023-12-31T05:36:18.944+0000] {processor.py:840} INFO - DAG(s) 'example_skip_dag' retrieved from /home/airflow/.local/lib/python3.8/site-packages/airflow/example_dags/example_skip_dag.py
[2023-12-31T05:36:18.974+0000] {logging_mixin.py:188} INFO - [2023-12-31T05:36:18.974+0000] {dag.py:3033} INFO - Sync 1 DAGs
[2023-12-31T05:36:19.029+0000] {logging_mixin.py:188} INFO - [2023-12-31T05:36:19.028+0000] {dag.py:3820} INFO - Setting next_dagrun for example_skip_dag to 2023-12-30T00:00:00+00:00, run_after=2023-12-31T00:00:00+00:00
[2023-12-31T05:36:19.063+0000] {processor.py:183} INFO - Processing /home/airflow/.local/lib/python3.8/site-packages/airflow/example_dags/example_skip_dag.py took 0.143 seconds
[2023-12-31T05:36:49.849+0000] {processor.py:161} INFO - Started process (PID=1314) to work on /home/airflow/.local/lib/python3.8/site-packages/airflow/example_dags/example_skip_dag.py
[2023-12-31T05:36:49.858+0000] {processor.py:830} INFO - Processing file /home/airflow/.local/lib/python3.8/site-packages/airflow/example_dags/example_skip_dag.py for tasks to queue
[2023-12-31T05:36:49.861+0000] {logging_mixin.py:188} INFO - [2023-12-31T05:36:49.861+0000] {dagbag.py:538} INFO - Filling up the DagBag from /home/airflow/.local/lib/python3.8/site-packages/airflow/example_dags/example_skip_dag.py
[2023-12-31T05:36:49.875+0000] {processor.py:840} INFO - DAG(s) 'example_skip_dag' retrieved from /home/airflow/.local/lib/python3.8/site-packages/airflow/example_dags/example_skip_dag.py
[2023-12-31T05:36:49.930+0000] {logging_mixin.py:188} INFO - [2023-12-31T05:36:49.929+0000] {dag.py:3033} INFO - Sync 1 DAGs
[2023-12-31T05:36:49.975+0000] {logging_mixin.py:188} INFO - [2023-12-31T05:36:49.974+0000] {dag.py:3820} INFO - Setting next_dagrun for example_skip_dag to 2023-12-30T00:00:00+00:00, run_after=2023-12-31T00:00:00+00:00
[2023-12-31T05:36:50.065+0000] {processor.py:183} INFO - Processing /home/airflow/.local/lib/python3.8/site-packages/airflow/example_dags/example_skip_dag.py took 0.222 seconds
[2023-12-31T05:37:21.065+0000] {processor.py:161} INFO - Started process (PID=1370) to work on /home/airflow/.local/lib/python3.8/site-packages/airflow/example_dags/example_skip_dag.py
[2023-12-31T05:37:21.067+0000] {processor.py:830} INFO - Processing file /home/airflow/.local/lib/python3.8/site-packages/airflow/example_dags/example_skip_dag.py for tasks to queue
[2023-12-31T05:37:21.070+0000] {logging_mixin.py:188} INFO - [2023-12-31T05:37:21.070+0000] {dagbag.py:538} INFO - Filling up the DagBag from /home/airflow/.local/lib/python3.8/site-packages/airflow/example_dags/example_skip_dag.py
[2023-12-31T05:37:21.082+0000] {processor.py:840} INFO - DAG(s) 'example_skip_dag' retrieved from /home/airflow/.local/lib/python3.8/site-packages/airflow/example_dags/example_skip_dag.py
[2023-12-31T05:37:21.119+0000] {logging_mixin.py:188} INFO - [2023-12-31T05:37:21.119+0000] {dag.py:3033} INFO - Sync 1 DAGs
[2023-12-31T05:37:21.161+0000] {logging_mixin.py:188} INFO - [2023-12-31T05:37:21.160+0000] {dag.py:3820} INFO - Setting next_dagrun for example_skip_dag to 2023-12-30T00:00:00+00:00, run_after=2023-12-31T00:00:00+00:00
[2023-12-31T05:37:21.206+0000] {processor.py:183} INFO - Processing /home/airflow/.local/lib/python3.8/site-packages/airflow/example_dags/example_skip_dag.py took 0.146 seconds
[2023-12-31T05:37:51.407+0000] {processor.py:161} INFO - Started process (PID=1426) to work on /home/airflow/.local/lib/python3.8/site-packages/airflow/example_dags/example_skip_dag.py
[2023-12-31T05:37:51.409+0000] {processor.py:830} INFO - Processing file /home/airflow/.local/lib/python3.8/site-packages/airflow/example_dags/example_skip_dag.py for tasks to queue
[2023-12-31T05:37:51.412+0000] {logging_mixin.py:188} INFO - [2023-12-31T05:37:51.411+0000] {dagbag.py:538} INFO - Filling up the DagBag from /home/airflow/.local/lib/python3.8/site-packages/airflow/example_dags/example_skip_dag.py
[2023-12-31T05:37:51.422+0000] {processor.py:840} INFO - DAG(s) 'example_skip_dag' retrieved from /home/airflow/.local/lib/python3.8/site-packages/airflow/example_dags/example_skip_dag.py
[2023-12-31T05:37:51.453+0000] {logging_mixin.py:188} INFO - [2023-12-31T05:37:51.453+0000] {dag.py:3033} INFO - Sync 1 DAGs
[2023-12-31T05:37:51.482+0000] {logging_mixin.py:188} INFO - [2023-12-31T05:37:51.481+0000] {dag.py:3820} INFO - Setting next_dagrun for example_skip_dag to 2023-12-30T00:00:00+00:00, run_after=2023-12-31T00:00:00+00:00
[2023-12-31T05:37:51.510+0000] {processor.py:183} INFO - Processing /home/airflow/.local/lib/python3.8/site-packages/airflow/example_dags/example_skip_dag.py took 0.108 seconds
[2023-12-31T05:38:23.666+0000] {processor.py:161} INFO - Started process (PID=1482) to work on /home/airflow/.local/lib/python3.8/site-packages/airflow/example_dags/example_skip_dag.py
[2023-12-31T05:38:23.668+0000] {processor.py:830} INFO - Processing file /home/airflow/.local/lib/python3.8/site-packages/airflow/example_dags/example_skip_dag.py for tasks to queue
[2023-12-31T05:38:23.672+0000] {logging_mixin.py:188} INFO - [2023-12-31T05:38:23.672+0000] {dagbag.py:538} INFO - Filling up the DagBag from /home/airflow/.local/lib/python3.8/site-packages/airflow/example_dags/example_skip_dag.py
[2023-12-31T05:38:23.684+0000] {processor.py:840} INFO - DAG(s) 'example_skip_dag' retrieved from /home/airflow/.local/lib/python3.8/site-packages/airflow/example_dags/example_skip_dag.py
[2023-12-31T05:38:23.718+0000] {logging_mixin.py:188} INFO - [2023-12-31T05:38:23.717+0000] {dag.py:3033} INFO - Sync 1 DAGs
[2023-12-31T05:38:23.812+0000] {logging_mixin.py:188} INFO - [2023-12-31T05:38:23.812+0000] {dag.py:3820} INFO - Setting next_dagrun for example_skip_dag to 2023-12-30T00:00:00+00:00, run_after=2023-12-31T00:00:00+00:00
[2023-12-31T05:38:24.060+0000] {processor.py:183} INFO - Processing /home/airflow/.local/lib/python3.8/site-packages/airflow/example_dags/example_skip_dag.py took 0.399 seconds
[2023-12-31T05:38:54.867+0000] {processor.py:161} INFO - Started process (PID=1537) to work on /home/airflow/.local/lib/python3.8/site-packages/airflow/example_dags/example_skip_dag.py
[2023-12-31T05:38:54.871+0000] {processor.py:830} INFO - Processing file /home/airflow/.local/lib/python3.8/site-packages/airflow/example_dags/example_skip_dag.py for tasks to queue
[2023-12-31T05:38:54.876+0000] {logging_mixin.py:188} INFO - [2023-12-31T05:38:54.876+0000] {dagbag.py:538} INFO - Filling up the DagBag from /home/airflow/.local/lib/python3.8/site-packages/airflow/example_dags/example_skip_dag.py
[2023-12-31T05:38:54.891+0000] {processor.py:840} INFO - DAG(s) 'example_skip_dag' retrieved from /home/airflow/.local/lib/python3.8/site-packages/airflow/example_dags/example_skip_dag.py
[2023-12-31T05:38:54.942+0000] {logging_mixin.py:188} INFO - [2023-12-31T05:38:54.942+0000] {dag.py:3033} INFO - Sync 1 DAGs
[2023-12-31T05:38:54.981+0000] {logging_mixin.py:188} INFO - [2023-12-31T05:38:54.981+0000] {dag.py:3820} INFO - Setting next_dagrun for example_skip_dag to 2023-12-30T00:00:00+00:00, run_after=2023-12-31T00:00:00+00:00
[2023-12-31T05:38:55.011+0000] {processor.py:183} INFO - Processing /home/airflow/.local/lib/python3.8/site-packages/airflow/example_dags/example_skip_dag.py took 0.149 seconds
[2023-12-31T05:39:25.255+0000] {processor.py:161} INFO - Started process (PID=1593) to work on /home/airflow/.local/lib/python3.8/site-packages/airflow/example_dags/example_skip_dag.py
[2023-12-31T05:39:25.257+0000] {processor.py:830} INFO - Processing file /home/airflow/.local/lib/python3.8/site-packages/airflow/example_dags/example_skip_dag.py for tasks to queue
[2023-12-31T05:39:25.261+0000] {logging_mixin.py:188} INFO - [2023-12-31T05:39:25.260+0000] {dagbag.py:538} INFO - Filling up the DagBag from /home/airflow/.local/lib/python3.8/site-packages/airflow/example_dags/example_skip_dag.py
[2023-12-31T05:39:25.270+0000] {processor.py:840} INFO - DAG(s) 'example_skip_dag' retrieved from /home/airflow/.local/lib/python3.8/site-packages/airflow/example_dags/example_skip_dag.py
[2023-12-31T05:39:25.301+0000] {logging_mixin.py:188} INFO - [2023-12-31T05:39:25.301+0000] {dag.py:3033} INFO - Sync 1 DAGs
[2023-12-31T05:39:25.327+0000] {logging_mixin.py:188} INFO - [2023-12-31T05:39:25.327+0000] {dag.py:3820} INFO - Setting next_dagrun for example_skip_dag to 2023-12-30T00:00:00+00:00, run_after=2023-12-31T00:00:00+00:00
[2023-12-31T05:39:25.358+0000] {processor.py:183} INFO - Processing /home/airflow/.local/lib/python3.8/site-packages/airflow/example_dags/example_skip_dag.py took 0.108 seconds
[2023-12-31T05:39:55.481+0000] {processor.py:161} INFO - Started process (PID=1649) to work on /home/airflow/.local/lib/python3.8/site-packages/airflow/example_dags/example_skip_dag.py
[2023-12-31T05:39:55.488+0000] {processor.py:830} INFO - Processing file /home/airflow/.local/lib/python3.8/site-packages/airflow/example_dags/example_skip_dag.py for tasks to queue
[2023-12-31T05:39:55.495+0000] {logging_mixin.py:188} INFO - [2023-12-31T05:39:55.494+0000] {dagbag.py:538} INFO - Filling up the DagBag from /home/airflow/.local/lib/python3.8/site-packages/airflow/example_dags/example_skip_dag.py
[2023-12-31T05:39:55.526+0000] {processor.py:840} INFO - DAG(s) 'example_skip_dag' retrieved from /home/airflow/.local/lib/python3.8/site-packages/airflow/example_dags/example_skip_dag.py
[2023-12-31T05:39:55.622+0000] {logging_mixin.py:188} INFO - [2023-12-31T05:39:55.622+0000] {dag.py:3033} INFO - Sync 1 DAGs
[2023-12-31T05:39:55.715+0000] {logging_mixin.py:188} INFO - [2023-12-31T05:39:55.714+0000] {dag.py:3820} INFO - Setting next_dagrun for example_skip_dag to 2023-12-30T00:00:00+00:00, run_after=2023-12-31T00:00:00+00:00
[2023-12-31T05:39:55.915+0000] {processor.py:183} INFO - Processing /home/airflow/.local/lib/python3.8/site-packages/airflow/example_dags/example_skip_dag.py took 0.442 seconds
[2023-12-31T05:40:26.059+0000] {processor.py:161} INFO - Started process (PID=1705) to work on /home/airflow/.local/lib/python3.8/site-packages/airflow/example_dags/example_skip_dag.py
[2023-12-31T05:40:26.061+0000] {processor.py:830} INFO - Processing file /home/airflow/.local/lib/python3.8/site-packages/airflow/example_dags/example_skip_dag.py for tasks to queue
[2023-12-31T05:40:26.064+0000] {logging_mixin.py:188} INFO - [2023-12-31T05:40:26.064+0000] {dagbag.py:538} INFO - Filling up the DagBag from /home/airflow/.local/lib/python3.8/site-packages/airflow/example_dags/example_skip_dag.py
[2023-12-31T05:40:26.075+0000] {processor.py:840} INFO - DAG(s) 'example_skip_dag' retrieved from /home/airflow/.local/lib/python3.8/site-packages/airflow/example_dags/example_skip_dag.py
[2023-12-31T05:40:26.112+0000] {logging_mixin.py:188} INFO - [2023-12-31T05:40:26.112+0000] {dag.py:3033} INFO - Sync 1 DAGs
[2023-12-31T05:40:26.152+0000] {logging_mixin.py:188} INFO - [2023-12-31T05:40:26.151+0000] {dag.py:3820} INFO - Setting next_dagrun for example_skip_dag to 2023-12-30T00:00:00+00:00, run_after=2023-12-31T00:00:00+00:00
[2023-12-31T05:40:26.197+0000] {processor.py:183} INFO - Processing /home/airflow/.local/lib/python3.8/site-packages/airflow/example_dags/example_skip_dag.py took 0.145 seconds
[2023-12-31T05:40:56.704+0000] {processor.py:161} INFO - Started process (PID=1761) to work on /home/airflow/.local/lib/python3.8/site-packages/airflow/example_dags/example_skip_dag.py
[2023-12-31T05:40:56.705+0000] {processor.py:830} INFO - Processing file /home/airflow/.local/lib/python3.8/site-packages/airflow/example_dags/example_skip_dag.py for tasks to queue
[2023-12-31T05:40:56.708+0000] {logging_mixin.py:188} INFO - [2023-12-31T05:40:56.708+0000] {dagbag.py:538} INFO - Filling up the DagBag from /home/airflow/.local/lib/python3.8/site-packages/airflow/example_dags/example_skip_dag.py
[2023-12-31T05:40:56.718+0000] {processor.py:840} INFO - DAG(s) 'example_skip_dag' retrieved from /home/airflow/.local/lib/python3.8/site-packages/airflow/example_dags/example_skip_dag.py
[2023-12-31T05:40:56.749+0000] {logging_mixin.py:188} INFO - [2023-12-31T05:40:56.748+0000] {dag.py:3033} INFO - Sync 1 DAGs
[2023-12-31T05:40:56.782+0000] {logging_mixin.py:188} INFO - [2023-12-31T05:40:56.781+0000] {dag.py:3820} INFO - Setting next_dagrun for example_skip_dag to 2023-12-30T00:00:00+00:00, run_after=2023-12-31T00:00:00+00:00
[2023-12-31T05:40:56.810+0000] {processor.py:183} INFO - Processing /home/airflow/.local/lib/python3.8/site-packages/airflow/example_dags/example_skip_dag.py took 0.110 seconds
[2023-12-31T05:41:27.410+0000] {processor.py:161} INFO - Started process (PID=1818) to work on /home/airflow/.local/lib/python3.8/site-packages/airflow/example_dags/example_skip_dag.py
[2023-12-31T05:41:27.412+0000] {processor.py:830} INFO - Processing file /home/airflow/.local/lib/python3.8/site-packages/airflow/example_dags/example_skip_dag.py for tasks to queue
[2023-12-31T05:41:27.423+0000] {logging_mixin.py:188} INFO - [2023-12-31T05:41:27.422+0000] {dagbag.py:538} INFO - Filling up the DagBag from /home/airflow/.local/lib/python3.8/site-packages/airflow/example_dags/example_skip_dag.py
[2023-12-31T05:41:27.448+0000] {processor.py:840} INFO - DAG(s) 'example_skip_dag' retrieved from /home/airflow/.local/lib/python3.8/site-packages/airflow/example_dags/example_skip_dag.py
[2023-12-31T05:41:27.503+0000] {logging_mixin.py:188} INFO - [2023-12-31T05:41:27.502+0000] {dag.py:3033} INFO - Sync 1 DAGs
[2023-12-31T05:41:27.541+0000] {logging_mixin.py:188} INFO - [2023-12-31T05:41:27.541+0000] {dag.py:3820} INFO - Setting next_dagrun for example_skip_dag to 2023-12-30T00:00:00+00:00, run_after=2023-12-31T00:00:00+00:00
[2023-12-31T05:41:27.579+0000] {processor.py:183} INFO - Processing /home/airflow/.local/lib/python3.8/site-packages/airflow/example_dags/example_skip_dag.py took 0.175 seconds
[2023-12-31T05:41:59.208+0000] {processor.py:161} INFO - Started process (PID=1874) to work on /home/airflow/.local/lib/python3.8/site-packages/airflow/example_dags/example_skip_dag.py
[2023-12-31T05:41:59.210+0000] {processor.py:830} INFO - Processing file /home/airflow/.local/lib/python3.8/site-packages/airflow/example_dags/example_skip_dag.py for tasks to queue
[2023-12-31T05:41:59.213+0000] {logging_mixin.py:188} INFO - [2023-12-31T05:41:59.213+0000] {dagbag.py:538} INFO - Filling up the DagBag from /home/airflow/.local/lib/python3.8/site-packages/airflow/example_dags/example_skip_dag.py
[2023-12-31T05:41:59.224+0000] {processor.py:840} INFO - DAG(s) 'example_skip_dag' retrieved from /home/airflow/.local/lib/python3.8/site-packages/airflow/example_dags/example_skip_dag.py
[2023-12-31T05:41:59.266+0000] {logging_mixin.py:188} INFO - [2023-12-31T05:41:59.265+0000] {dag.py:3033} INFO - Sync 1 DAGs
[2023-12-31T05:41:59.307+0000] {logging_mixin.py:188} INFO - [2023-12-31T05:41:59.306+0000] {dag.py:3820} INFO - Setting next_dagrun for example_skip_dag to 2023-12-30T00:00:00+00:00, run_after=2023-12-31T00:00:00+00:00
[2023-12-31T05:41:59.357+0000] {processor.py:183} INFO - Processing /home/airflow/.local/lib/python3.8/site-packages/airflow/example_dags/example_skip_dag.py took 0.153 seconds
[2023-12-31T05:42:31.786+0000] {processor.py:161} INFO - Started process (PID=1931) to work on /home/airflow/.local/lib/python3.8/site-packages/airflow/example_dags/example_skip_dag.py
[2023-12-31T05:42:31.803+0000] {processor.py:830} INFO - Processing file /home/airflow/.local/lib/python3.8/site-packages/airflow/example_dags/example_skip_dag.py for tasks to queue
[2023-12-31T05:42:31.811+0000] {logging_mixin.py:188} INFO - [2023-12-31T05:42:31.809+0000] {dagbag.py:538} INFO - Filling up the DagBag from /home/airflow/.local/lib/python3.8/site-packages/airflow/example_dags/example_skip_dag.py
[2023-12-31T05:42:31.840+0000] {processor.py:840} INFO - DAG(s) 'example_skip_dag' retrieved from /home/airflow/.local/lib/python3.8/site-packages/airflow/example_dags/example_skip_dag.py
[2023-12-31T05:42:31.909+0000] {logging_mixin.py:188} INFO - [2023-12-31T05:42:31.908+0000] {dag.py:3033} INFO - Sync 1 DAGs
[2023-12-31T05:42:31.983+0000] {logging_mixin.py:188} INFO - [2023-12-31T05:42:31.982+0000] {dag.py:3820} INFO - Setting next_dagrun for example_skip_dag to 2023-12-30T00:00:00+00:00, run_after=2023-12-31T00:00:00+00:00
[2023-12-31T05:42:32.465+0000] {processor.py:183} INFO - Processing /home/airflow/.local/lib/python3.8/site-packages/airflow/example_dags/example_skip_dag.py took 0.687 seconds
[2023-12-31T05:43:02.611+0000] {processor.py:161} INFO - Started process (PID=1987) to work on /home/airflow/.local/lib/python3.8/site-packages/airflow/example_dags/example_skip_dag.py
[2023-12-31T05:43:02.616+0000] {processor.py:830} INFO - Processing file /home/airflow/.local/lib/python3.8/site-packages/airflow/example_dags/example_skip_dag.py for tasks to queue
[2023-12-31T05:43:02.618+0000] {logging_mixin.py:188} INFO - [2023-12-31T05:43:02.617+0000] {dagbag.py:538} INFO - Filling up the DagBag from /home/airflow/.local/lib/python3.8/site-packages/airflow/example_dags/example_skip_dag.py
[2023-12-31T05:43:02.636+0000] {processor.py:840} INFO - DAG(s) 'example_skip_dag' retrieved from /home/airflow/.local/lib/python3.8/site-packages/airflow/example_dags/example_skip_dag.py
[2023-12-31T05:43:02.689+0000] {logging_mixin.py:188} INFO - [2023-12-31T05:43:02.689+0000] {dag.py:3033} INFO - Sync 1 DAGs
[2023-12-31T05:43:02.739+0000] {logging_mixin.py:188} INFO - [2023-12-31T05:43:02.739+0000] {dag.py:3820} INFO - Setting next_dagrun for example_skip_dag to 2023-12-30T00:00:00+00:00, run_after=2023-12-31T00:00:00+00:00
[2023-12-31T05:43:02.790+0000] {processor.py:183} INFO - Processing /home/airflow/.local/lib/python3.8/site-packages/airflow/example_dags/example_skip_dag.py took 0.186 seconds
[2023-12-31T05:43:33.650+0000] {processor.py:161} INFO - Started process (PID=2044) to work on /home/airflow/.local/lib/python3.8/site-packages/airflow/example_dags/example_skip_dag.py
[2023-12-31T05:43:33.684+0000] {processor.py:830} INFO - Processing file /home/airflow/.local/lib/python3.8/site-packages/airflow/example_dags/example_skip_dag.py for tasks to queue
[2023-12-31T05:43:33.686+0000] {logging_mixin.py:188} INFO - [2023-12-31T05:43:33.685+0000] {dagbag.py:538} INFO - Filling up the DagBag from /home/airflow/.local/lib/python3.8/site-packages/airflow/example_dags/example_skip_dag.py
[2023-12-31T05:43:33.698+0000] {processor.py:840} INFO - DAG(s) 'example_skip_dag' retrieved from /home/airflow/.local/lib/python3.8/site-packages/airflow/example_dags/example_skip_dag.py
[2023-12-31T05:43:33.726+0000] {logging_mixin.py:188} INFO - [2023-12-31T05:43:33.725+0000] {dag.py:3033} INFO - Sync 1 DAGs
[2023-12-31T05:43:33.759+0000] {logging_mixin.py:188} INFO - [2023-12-31T05:43:33.758+0000] {dag.py:3820} INFO - Setting next_dagrun for example_skip_dag to 2023-12-30T00:00:00+00:00, run_after=2023-12-31T00:00:00+00:00
[2023-12-31T05:43:34.228+0000] {processor.py:183} INFO - Processing /home/airflow/.local/lib/python3.8/site-packages/airflow/example_dags/example_skip_dag.py took 0.582 seconds
[2023-12-31T05:44:04.370+0000] {processor.py:161} INFO - Started process (PID=2100) to work on /home/airflow/.local/lib/python3.8/site-packages/airflow/example_dags/example_skip_dag.py
[2023-12-31T05:44:04.373+0000] {processor.py:830} INFO - Processing file /home/airflow/.local/lib/python3.8/site-packages/airflow/example_dags/example_skip_dag.py for tasks to queue
[2023-12-31T05:44:04.376+0000] {logging_mixin.py:188} INFO - [2023-12-31T05:44:04.375+0000] {dagbag.py:538} INFO - Filling up the DagBag from /home/airflow/.local/lib/python3.8/site-packages/airflow/example_dags/example_skip_dag.py
[2023-12-31T05:44:04.396+0000] {processor.py:840} INFO - DAG(s) 'example_skip_dag' retrieved from /home/airflow/.local/lib/python3.8/site-packages/airflow/example_dags/example_skip_dag.py
[2023-12-31T05:44:04.442+0000] {logging_mixin.py:188} INFO - [2023-12-31T05:44:04.442+0000] {dag.py:3033} INFO - Sync 1 DAGs
[2023-12-31T05:44:04.504+0000] {logging_mixin.py:188} INFO - [2023-12-31T05:44:04.504+0000] {dag.py:3820} INFO - Setting next_dagrun for example_skip_dag to 2023-12-30T00:00:00+00:00, run_after=2023-12-31T00:00:00+00:00
[2023-12-31T05:44:04.554+0000] {processor.py:183} INFO - Processing /home/airflow/.local/lib/python3.8/site-packages/airflow/example_dags/example_skip_dag.py took 0.189 seconds
[2023-12-31T05:44:35.439+0000] {processor.py:161} INFO - Started process (PID=2156) to work on /home/airflow/.local/lib/python3.8/site-packages/airflow/example_dags/example_skip_dag.py
[2023-12-31T05:44:35.442+0000] {processor.py:830} INFO - Processing file /home/airflow/.local/lib/python3.8/site-packages/airflow/example_dags/example_skip_dag.py for tasks to queue
[2023-12-31T05:44:35.444+0000] {logging_mixin.py:188} INFO - [2023-12-31T05:44:35.443+0000] {dagbag.py:538} INFO - Filling up the DagBag from /home/airflow/.local/lib/python3.8/site-packages/airflow/example_dags/example_skip_dag.py
[2023-12-31T05:44:35.461+0000] {processor.py:840} INFO - DAG(s) 'example_skip_dag' retrieved from /home/airflow/.local/lib/python3.8/site-packages/airflow/example_dags/example_skip_dag.py
[2023-12-31T05:44:35.503+0000] {logging_mixin.py:188} INFO - [2023-12-31T05:44:35.502+0000] {dag.py:3033} INFO - Sync 1 DAGs
[2023-12-31T05:44:35.551+0000] {logging_mixin.py:188} INFO - [2023-12-31T05:44:35.551+0000] {dag.py:3820} INFO - Setting next_dagrun for example_skip_dag to 2023-12-30T00:00:00+00:00, run_after=2023-12-31T00:00:00+00:00
[2023-12-31T05:44:35.595+0000] {processor.py:183} INFO - Processing /home/airflow/.local/lib/python3.8/site-packages/airflow/example_dags/example_skip_dag.py took 0.163 seconds
[2023-12-31T05:45:40.017+0000] {processor.py:161} INFO - Started process (PID=2232) to work on /home/airflow/.local/lib/python3.8/site-packages/airflow/example_dags/example_skip_dag.py
[2023-12-31T05:45:40.024+0000] {processor.py:830} INFO - Processing file /home/airflow/.local/lib/python3.8/site-packages/airflow/example_dags/example_skip_dag.py for tasks to queue
[2023-12-31T05:45:40.034+0000] {logging_mixin.py:188} INFO - [2023-12-31T05:45:40.033+0000] {dagbag.py:538} INFO - Filling up the DagBag from /home/airflow/.local/lib/python3.8/site-packages/airflow/example_dags/example_skip_dag.py
[2023-12-31T05:45:40.145+0000] {processor.py:840} INFO - DAG(s) 'example_skip_dag' retrieved from /home/airflow/.local/lib/python3.8/site-packages/airflow/example_dags/example_skip_dag.py
[2023-12-31T05:45:40.278+0000] {logging_mixin.py:188} INFO - [2023-12-31T05:45:40.278+0000] {dag.py:3033} INFO - Sync 1 DAGs
[2023-12-31T05:45:40.368+0000] {logging_mixin.py:188} INFO - [2023-12-31T05:45:40.367+0000] {dag.py:3820} INFO - Setting next_dagrun for example_skip_dag to 2023-12-30T00:00:00+00:00, run_after=2023-12-31T00:00:00+00:00
[2023-12-31T05:45:40.892+0000] {processor.py:183} INFO - Processing /home/airflow/.local/lib/python3.8/site-packages/airflow/example_dags/example_skip_dag.py took 0.912 seconds
[2023-12-31T05:46:11.805+0000] {processor.py:161} INFO - Started process (PID=2289) to work on /home/airflow/.local/lib/python3.8/site-packages/airflow/example_dags/example_skip_dag.py
[2023-12-31T05:46:11.838+0000] {processor.py:830} INFO - Processing file /home/airflow/.local/lib/python3.8/site-packages/airflow/example_dags/example_skip_dag.py for tasks to queue
[2023-12-31T05:46:11.839+0000] {logging_mixin.py:188} INFO - [2023-12-31T05:46:11.839+0000] {dagbag.py:538} INFO - Filling up the DagBag from /home/airflow/.local/lib/python3.8/site-packages/airflow/example_dags/example_skip_dag.py
[2023-12-31T05:46:11.893+0000] {processor.py:840} INFO - DAG(s) 'example_skip_dag' retrieved from /home/airflow/.local/lib/python3.8/site-packages/airflow/example_dags/example_skip_dag.py
[2023-12-31T05:46:11.922+0000] {logging_mixin.py:188} INFO - [2023-12-31T05:46:11.922+0000] {dag.py:3033} INFO - Sync 1 DAGs
[2023-12-31T05:46:12.130+0000] {logging_mixin.py:188} INFO - [2023-12-31T05:46:12.128+0000] {dag.py:3820} INFO - Setting next_dagrun for example_skip_dag to 2023-12-30T00:00:00+00:00, run_after=2023-12-31T00:00:00+00:00
[2023-12-31T05:46:12.398+0000] {processor.py:183} INFO - Processing /home/airflow/.local/lib/python3.8/site-packages/airflow/example_dags/example_skip_dag.py took 0.598 seconds
[2023-12-31T05:46:42.606+0000] {processor.py:161} INFO - Started process (PID=2339) to work on /home/airflow/.local/lib/python3.8/site-packages/airflow/example_dags/example_skip_dag.py
[2023-12-31T05:46:42.607+0000] {processor.py:830} INFO - Processing file /home/airflow/.local/lib/python3.8/site-packages/airflow/example_dags/example_skip_dag.py for tasks to queue
[2023-12-31T05:46:42.609+0000] {logging_mixin.py:188} INFO - [2023-12-31T05:46:42.608+0000] {dagbag.py:538} INFO - Filling up the DagBag from /home/airflow/.local/lib/python3.8/site-packages/airflow/example_dags/example_skip_dag.py
[2023-12-31T05:46:42.621+0000] {processor.py:840} INFO - DAG(s) 'example_skip_dag' retrieved from /home/airflow/.local/lib/python3.8/site-packages/airflow/example_dags/example_skip_dag.py
[2023-12-31T05:46:42.658+0000] {logging_mixin.py:188} INFO - [2023-12-31T05:46:42.658+0000] {dag.py:3033} INFO - Sync 1 DAGs
[2023-12-31T05:46:42.721+0000] {logging_mixin.py:188} INFO - [2023-12-31T05:46:42.720+0000] {dag.py:3820} INFO - Setting next_dagrun for example_skip_dag to 2023-12-30T00:00:00+00:00, run_after=2023-12-31T00:00:00+00:00
[2023-12-31T05:46:42.763+0000] {processor.py:183} INFO - Processing /home/airflow/.local/lib/python3.8/site-packages/airflow/example_dags/example_skip_dag.py took 0.162 seconds
[2023-12-31T05:47:13.710+0000] {processor.py:161} INFO - Started process (PID=2401) to work on /home/airflow/.local/lib/python3.8/site-packages/airflow/example_dags/example_skip_dag.py
[2023-12-31T05:47:13.712+0000] {processor.py:830} INFO - Processing file /home/airflow/.local/lib/python3.8/site-packages/airflow/example_dags/example_skip_dag.py for tasks to queue
[2023-12-31T05:47:13.714+0000] {logging_mixin.py:188} INFO - [2023-12-31T05:47:13.714+0000] {dagbag.py:538} INFO - Filling up the DagBag from /home/airflow/.local/lib/python3.8/site-packages/airflow/example_dags/example_skip_dag.py
[2023-12-31T05:47:13.725+0000] {processor.py:840} INFO - DAG(s) 'example_skip_dag' retrieved from /home/airflow/.local/lib/python3.8/site-packages/airflow/example_dags/example_skip_dag.py
[2023-12-31T05:47:13.758+0000] {logging_mixin.py:188} INFO - [2023-12-31T05:47:13.758+0000] {dag.py:3033} INFO - Sync 1 DAGs
[2023-12-31T05:47:13.790+0000] {logging_mixin.py:188} INFO - [2023-12-31T05:47:13.790+0000] {dag.py:3820} INFO - Setting next_dagrun for example_skip_dag to 2023-12-30T00:00:00+00:00, run_after=2023-12-31T00:00:00+00:00
[2023-12-31T05:47:13.838+0000] {processor.py:183} INFO - Processing /home/airflow/.local/lib/python3.8/site-packages/airflow/example_dags/example_skip_dag.py took 0.132 seconds
[2023-12-31T05:47:44.400+0000] {processor.py:161} INFO - Started process (PID=2457) to work on /home/airflow/.local/lib/python3.8/site-packages/airflow/example_dags/example_skip_dag.py
[2023-12-31T05:47:44.460+0000] {processor.py:830} INFO - Processing file /home/airflow/.local/lib/python3.8/site-packages/airflow/example_dags/example_skip_dag.py for tasks to queue
[2023-12-31T05:47:44.462+0000] {logging_mixin.py:188} INFO - [2023-12-31T05:47:44.461+0000] {dagbag.py:538} INFO - Filling up the DagBag from /home/airflow/.local/lib/python3.8/site-packages/airflow/example_dags/example_skip_dag.py
[2023-12-31T05:47:44.471+0000] {processor.py:840} INFO - DAG(s) 'example_skip_dag' retrieved from /home/airflow/.local/lib/python3.8/site-packages/airflow/example_dags/example_skip_dag.py
[2023-12-31T05:47:44.500+0000] {logging_mixin.py:188} INFO - [2023-12-31T05:47:44.499+0000] {dag.py:3033} INFO - Sync 1 DAGs
[2023-12-31T05:47:44.527+0000] {logging_mixin.py:188} INFO - [2023-12-31T05:47:44.526+0000] {dag.py:3820} INFO - Setting next_dagrun for example_skip_dag to 2023-12-30T00:00:00+00:00, run_after=2023-12-31T00:00:00+00:00
[2023-12-31T05:47:44.913+0000] {processor.py:183} INFO - Processing /home/airflow/.local/lib/python3.8/site-packages/airflow/example_dags/example_skip_dag.py took 0.518 seconds
[2023-12-31T05:48:15.099+0000] {processor.py:161} INFO - Started process (PID=2507) to work on /home/airflow/.local/lib/python3.8/site-packages/airflow/example_dags/example_skip_dag.py
[2023-12-31T05:48:15.101+0000] {processor.py:830} INFO - Processing file /home/airflow/.local/lib/python3.8/site-packages/airflow/example_dags/example_skip_dag.py for tasks to queue
[2023-12-31T05:48:15.103+0000] {logging_mixin.py:188} INFO - [2023-12-31T05:48:15.102+0000] {dagbag.py:538} INFO - Filling up the DagBag from /home/airflow/.local/lib/python3.8/site-packages/airflow/example_dags/example_skip_dag.py
[2023-12-31T05:48:15.115+0000] {processor.py:840} INFO - DAG(s) 'example_skip_dag' retrieved from /home/airflow/.local/lib/python3.8/site-packages/airflow/example_dags/example_skip_dag.py
[2023-12-31T05:48:15.155+0000] {logging_mixin.py:188} INFO - [2023-12-31T05:48:15.154+0000] {dag.py:3033} INFO - Sync 1 DAGs
[2023-12-31T05:48:15.186+0000] {logging_mixin.py:188} INFO - [2023-12-31T05:48:15.186+0000] {dag.py:3820} INFO - Setting next_dagrun for example_skip_dag to 2023-12-30T00:00:00+00:00, run_after=2023-12-31T00:00:00+00:00
[2023-12-31T05:48:15.388+0000] {processor.py:183} INFO - Processing /home/airflow/.local/lib/python3.8/site-packages/airflow/example_dags/example_skip_dag.py took 0.294 seconds
[2023-12-31T05:48:45.791+0000] {processor.py:161} INFO - Started process (PID=2563) to work on /home/airflow/.local/lib/python3.8/site-packages/airflow/example_dags/example_skip_dag.py
[2023-12-31T05:48:45.793+0000] {processor.py:830} INFO - Processing file /home/airflow/.local/lib/python3.8/site-packages/airflow/example_dags/example_skip_dag.py for tasks to queue
[2023-12-31T05:48:45.795+0000] {logging_mixin.py:188} INFO - [2023-12-31T05:48:45.794+0000] {dagbag.py:538} INFO - Filling up the DagBag from /home/airflow/.local/lib/python3.8/site-packages/airflow/example_dags/example_skip_dag.py
[2023-12-31T05:48:45.804+0000] {processor.py:840} INFO - DAG(s) 'example_skip_dag' retrieved from /home/airflow/.local/lib/python3.8/site-packages/airflow/example_dags/example_skip_dag.py
[2023-12-31T05:48:45.830+0000] {logging_mixin.py:188} INFO - [2023-12-31T05:48:45.830+0000] {dag.py:3033} INFO - Sync 1 DAGs
[2023-12-31T05:48:45.856+0000] {logging_mixin.py:188} INFO - [2023-12-31T05:48:45.855+0000] {dag.py:3820} INFO - Setting next_dagrun for example_skip_dag to 2023-12-30T00:00:00+00:00, run_after=2023-12-31T00:00:00+00:00
[2023-12-31T05:48:45.885+0000] {processor.py:183} INFO - Processing /home/airflow/.local/lib/python3.8/site-packages/airflow/example_dags/example_skip_dag.py took 0.098 seconds
