[2023-12-31T05:24:14.470+0000] {processor.py:161} INFO - Started process (PID=104) to work on /home/airflow/.local/lib/python3.8/site-packages/airflow/example_dags/example_bash_operator.py
[2023-12-31T05:24:14.472+0000] {processor.py:830} INFO - Processing file /home/airflow/.local/lib/python3.8/site-packages/airflow/example_dags/example_bash_operator.py for tasks to queue
[2023-12-31T05:24:14.474+0000] {logging_mixin.py:188} INFO - [2023-12-31T05:24:14.474+0000] {dagbag.py:538} INFO - Filling up the DagBag from /home/airflow/.local/lib/python3.8/site-packages/airflow/example_dags/example_bash_operator.py
[2023-12-31T05:24:14.650+0000] {processor.py:840} INFO - DAG(s) 'example_bash_operator' retrieved from /home/airflow/.local/lib/python3.8/site-packages/airflow/example_dags/example_bash_operator.py
[2023-12-31T05:24:15.113+0000] {logging_mixin.py:188} INFO - [2023-12-31T05:24:15.113+0000] {dag.py:3033} INFO - Sync 1 DAGs
[2023-12-31T05:24:15.149+0000] {logging_mixin.py:188} INFO - [2023-12-31T05:24:15.149+0000] {dag.py:3820} INFO - Setting next_dagrun for example_bash_operator to 2023-12-30T00:00:00+00:00, run_after=2023-12-31T00:00:00+00:00
[2023-12-31T05:24:15.309+0000] {processor.py:183} INFO - Processing /home/airflow/.local/lib/python3.8/site-packages/airflow/example_dags/example_bash_operator.py took 0.843 seconds
[2023-12-31T05:24:55.572+0000] {processor.py:161} INFO - Started process (PID=160) to work on /home/airflow/.local/lib/python3.8/site-packages/airflow/example_dags/example_bash_operator.py
[2023-12-31T05:24:55.573+0000] {processor.py:830} INFO - Processing file /home/airflow/.local/lib/python3.8/site-packages/airflow/example_dags/example_bash_operator.py for tasks to queue
[2023-12-31T05:24:55.577+0000] {logging_mixin.py:188} INFO - [2023-12-31T05:24:55.577+0000] {dagbag.py:538} INFO - Filling up the DagBag from /home/airflow/.local/lib/python3.8/site-packages/airflow/example_dags/example_bash_operator.py
[2023-12-31T05:24:55.599+0000] {processor.py:840} INFO - DAG(s) 'example_bash_operator' retrieved from /home/airflow/.local/lib/python3.8/site-packages/airflow/example_dags/example_bash_operator.py
[2023-12-31T05:24:55.650+0000] {logging_mixin.py:188} INFO - [2023-12-31T05:24:55.649+0000] {dag.py:3033} INFO - Sync 1 DAGs
[2023-12-31T05:24:55.693+0000] {logging_mixin.py:188} INFO - [2023-12-31T05:24:55.692+0000] {dag.py:3820} INFO - Setting next_dagrun for example_bash_operator to 2023-12-30T00:00:00+00:00, run_after=2023-12-31T00:00:00+00:00
[2023-12-31T05:24:55.736+0000] {processor.py:183} INFO - Processing /home/airflow/.local/lib/python3.8/site-packages/airflow/example_dags/example_bash_operator.py took 0.170 seconds
[2023-12-31T05:25:28.889+0000] {processor.py:161} INFO - Started process (PID=215) to work on /home/airflow/.local/lib/python3.8/site-packages/airflow/example_dags/example_bash_operator.py
[2023-12-31T05:25:28.890+0000] {processor.py:830} INFO - Processing file /home/airflow/.local/lib/python3.8/site-packages/airflow/example_dags/example_bash_operator.py for tasks to queue
[2023-12-31T05:25:28.894+0000] {logging_mixin.py:188} INFO - [2023-12-31T05:25:28.894+0000] {dagbag.py:538} INFO - Filling up the DagBag from /home/airflow/.local/lib/python3.8/site-packages/airflow/example_dags/example_bash_operator.py
[2023-12-31T05:25:28.912+0000] {processor.py:840} INFO - DAG(s) 'example_bash_operator' retrieved from /home/airflow/.local/lib/python3.8/site-packages/airflow/example_dags/example_bash_operator.py
[2023-12-31T05:25:28.952+0000] {logging_mixin.py:188} INFO - [2023-12-31T05:25:28.952+0000] {dag.py:3033} INFO - Sync 1 DAGs
[2023-12-31T05:25:29.181+0000] {logging_mixin.py:188} INFO - [2023-12-31T05:25:29.181+0000] {dag.py:3820} INFO - Setting next_dagrun for example_bash_operator to 2023-12-30T00:00:00+00:00, run_after=2023-12-31T00:00:00+00:00
[2023-12-31T05:25:32.011+0000] {processor.py:183} INFO - Processing /home/airflow/.local/lib/python3.8/site-packages/airflow/example_dags/example_bash_operator.py took 3.127 seconds
[2023-12-31T05:26:22.926+0000] {processor.py:161} INFO - Started process (PID=266) to work on /home/airflow/.local/lib/python3.8/site-packages/airflow/example_dags/example_bash_operator.py
[2023-12-31T05:26:22.929+0000] {processor.py:830} INFO - Processing file /home/airflow/.local/lib/python3.8/site-packages/airflow/example_dags/example_bash_operator.py for tasks to queue
[2023-12-31T05:26:22.935+0000] {logging_mixin.py:188} INFO - [2023-12-31T05:26:22.935+0000] {dagbag.py:538} INFO - Filling up the DagBag from /home/airflow/.local/lib/python3.8/site-packages/airflow/example_dags/example_bash_operator.py
[2023-12-31T05:26:22.958+0000] {processor.py:840} INFO - DAG(s) 'example_bash_operator' retrieved from /home/airflow/.local/lib/python3.8/site-packages/airflow/example_dags/example_bash_operator.py
[2023-12-31T05:26:23.030+0000] {logging_mixin.py:188} INFO - [2023-12-31T05:26:23.030+0000] {dag.py:3033} INFO - Sync 1 DAGs
[2023-12-31T05:26:23.119+0000] {logging_mixin.py:188} INFO - [2023-12-31T05:26:23.118+0000] {dag.py:3820} INFO - Setting next_dagrun for example_bash_operator to 2023-12-30T00:00:00+00:00, run_after=2023-12-31T00:00:00+00:00
[2023-12-31T05:26:23.200+0000] {processor.py:183} INFO - Processing /home/airflow/.local/lib/python3.8/site-packages/airflow/example_dags/example_bash_operator.py took 0.280 seconds
[2023-12-31T05:26:53.972+0000] {processor.py:161} INFO - Started process (PID=322) to work on /home/airflow/.local/lib/python3.8/site-packages/airflow/example_dags/example_bash_operator.py
[2023-12-31T05:26:53.974+0000] {processor.py:830} INFO - Processing file /home/airflow/.local/lib/python3.8/site-packages/airflow/example_dags/example_bash_operator.py for tasks to queue
[2023-12-31T05:26:53.977+0000] {logging_mixin.py:188} INFO - [2023-12-31T05:26:53.977+0000] {dagbag.py:538} INFO - Filling up the DagBag from /home/airflow/.local/lib/python3.8/site-packages/airflow/example_dags/example_bash_operator.py
[2023-12-31T05:26:53.994+0000] {processor.py:840} INFO - DAG(s) 'example_bash_operator' retrieved from /home/airflow/.local/lib/python3.8/site-packages/airflow/example_dags/example_bash_operator.py
[2023-12-31T05:26:54.038+0000] {logging_mixin.py:188} INFO - [2023-12-31T05:26:54.038+0000] {dag.py:3033} INFO - Sync 1 DAGs
[2023-12-31T05:26:54.095+0000] {logging_mixin.py:188} INFO - [2023-12-31T05:26:54.095+0000] {dag.py:3820} INFO - Setting next_dagrun for example_bash_operator to 2023-12-30T00:00:00+00:00, run_after=2023-12-31T00:00:00+00:00
[2023-12-31T05:26:54.148+0000] {processor.py:183} INFO - Processing /home/airflow/.local/lib/python3.8/site-packages/airflow/example_dags/example_bash_operator.py took 0.179 seconds
[2023-12-31T05:27:26.138+0000] {processor.py:161} INFO - Started process (PID=378) to work on /home/airflow/.local/lib/python3.8/site-packages/airflow/example_dags/example_bash_operator.py
[2023-12-31T05:27:26.143+0000] {processor.py:830} INFO - Processing file /home/airflow/.local/lib/python3.8/site-packages/airflow/example_dags/example_bash_operator.py for tasks to queue
[2023-12-31T05:27:26.152+0000] {logging_mixin.py:188} INFO - [2023-12-31T05:27:26.151+0000] {dagbag.py:538} INFO - Filling up the DagBag from /home/airflow/.local/lib/python3.8/site-packages/airflow/example_dags/example_bash_operator.py
[2023-12-31T05:27:26.193+0000] {processor.py:840} INFO - DAG(s) 'example_bash_operator' retrieved from /home/airflow/.local/lib/python3.8/site-packages/airflow/example_dags/example_bash_operator.py
[2023-12-31T05:27:26.285+0000] {logging_mixin.py:188} INFO - [2023-12-31T05:27:26.285+0000] {dag.py:3033} INFO - Sync 1 DAGs
[2023-12-31T05:27:26.355+0000] {logging_mixin.py:188} INFO - [2023-12-31T05:27:26.355+0000] {dag.py:3820} INFO - Setting next_dagrun for example_bash_operator to 2023-12-30T00:00:00+00:00, run_after=2023-12-31T00:00:00+00:00
[2023-12-31T05:27:26.404+0000] {processor.py:183} INFO - Processing /home/airflow/.local/lib/python3.8/site-packages/airflow/example_dags/example_bash_operator.py took 0.271 seconds
[2023-12-31T05:27:56.939+0000] {processor.py:161} INFO - Started process (PID=434) to work on /home/airflow/.local/lib/python3.8/site-packages/airflow/example_dags/example_bash_operator.py
[2023-12-31T05:27:56.940+0000] {processor.py:830} INFO - Processing file /home/airflow/.local/lib/python3.8/site-packages/airflow/example_dags/example_bash_operator.py for tasks to queue
[2023-12-31T05:27:56.943+0000] {logging_mixin.py:188} INFO - [2023-12-31T05:27:56.942+0000] {dagbag.py:538} INFO - Filling up the DagBag from /home/airflow/.local/lib/python3.8/site-packages/airflow/example_dags/example_bash_operator.py
[2023-12-31T05:27:56.959+0000] {processor.py:840} INFO - DAG(s) 'example_bash_operator' retrieved from /home/airflow/.local/lib/python3.8/site-packages/airflow/example_dags/example_bash_operator.py
[2023-12-31T05:27:57.000+0000] {logging_mixin.py:188} INFO - [2023-12-31T05:27:56.999+0000] {dag.py:3033} INFO - Sync 1 DAGs
[2023-12-31T05:27:57.028+0000] {logging_mixin.py:188} INFO - [2023-12-31T05:27:57.028+0000] {dag.py:3820} INFO - Setting next_dagrun for example_bash_operator to 2023-12-30T00:00:00+00:00, run_after=2023-12-31T00:00:00+00:00
[2023-12-31T05:27:57.062+0000] {processor.py:183} INFO - Processing /home/airflow/.local/lib/python3.8/site-packages/airflow/example_dags/example_bash_operator.py took 0.127 seconds
[2023-12-31T05:28:27.644+0000] {processor.py:161} INFO - Started process (PID=490) to work on /home/airflow/.local/lib/python3.8/site-packages/airflow/example_dags/example_bash_operator.py
[2023-12-31T05:28:27.646+0000] {processor.py:830} INFO - Processing file /home/airflow/.local/lib/python3.8/site-packages/airflow/example_dags/example_bash_operator.py for tasks to queue
[2023-12-31T05:28:27.650+0000] {logging_mixin.py:188} INFO - [2023-12-31T05:28:27.649+0000] {dagbag.py:538} INFO - Filling up the DagBag from /home/airflow/.local/lib/python3.8/site-packages/airflow/example_dags/example_bash_operator.py
[2023-12-31T05:28:27.681+0000] {processor.py:840} INFO - DAG(s) 'example_bash_operator' retrieved from /home/airflow/.local/lib/python3.8/site-packages/airflow/example_dags/example_bash_operator.py
[2023-12-31T05:28:27.737+0000] {logging_mixin.py:188} INFO - [2023-12-31T05:28:27.737+0000] {dag.py:3033} INFO - Sync 1 DAGs
[2023-12-31T05:28:27.792+0000] {logging_mixin.py:188} INFO - [2023-12-31T05:28:27.792+0000] {dag.py:3820} INFO - Setting next_dagrun for example_bash_operator to 2023-12-30T00:00:00+00:00, run_after=2023-12-31T00:00:00+00:00
[2023-12-31T05:28:27.827+0000] {processor.py:183} INFO - Processing /home/airflow/.local/lib/python3.8/site-packages/airflow/example_dags/example_bash_operator.py took 0.190 seconds
[2023-12-31T05:28:58.311+0000] {processor.py:161} INFO - Started process (PID=546) to work on /home/airflow/.local/lib/python3.8/site-packages/airflow/example_dags/example_bash_operator.py
[2023-12-31T05:28:58.313+0000] {processor.py:830} INFO - Processing file /home/airflow/.local/lib/python3.8/site-packages/airflow/example_dags/example_bash_operator.py for tasks to queue
[2023-12-31T05:28:58.320+0000] {logging_mixin.py:188} INFO - [2023-12-31T05:28:58.319+0000] {dagbag.py:538} INFO - Filling up the DagBag from /home/airflow/.local/lib/python3.8/site-packages/airflow/example_dags/example_bash_operator.py
[2023-12-31T05:28:58.341+0000] {processor.py:840} INFO - DAG(s) 'example_bash_operator' retrieved from /home/airflow/.local/lib/python3.8/site-packages/airflow/example_dags/example_bash_operator.py
[2023-12-31T05:28:58.379+0000] {logging_mixin.py:188} INFO - [2023-12-31T05:28:58.379+0000] {dag.py:3033} INFO - Sync 1 DAGs
[2023-12-31T05:28:58.411+0000] {logging_mixin.py:188} INFO - [2023-12-31T05:28:58.411+0000] {dag.py:3820} INFO - Setting next_dagrun for example_bash_operator to 2023-12-30T00:00:00+00:00, run_after=2023-12-31T00:00:00+00:00
[2023-12-31T05:28:58.445+0000] {processor.py:183} INFO - Processing /home/airflow/.local/lib/python3.8/site-packages/airflow/example_dags/example_bash_operator.py took 0.139 seconds
[2023-12-31T05:29:29.341+0000] {processor.py:161} INFO - Started process (PID=602) to work on /home/airflow/.local/lib/python3.8/site-packages/airflow/example_dags/example_bash_operator.py
[2023-12-31T05:29:29.352+0000] {processor.py:830} INFO - Processing file /home/airflow/.local/lib/python3.8/site-packages/airflow/example_dags/example_bash_operator.py for tasks to queue
[2023-12-31T05:29:29.356+0000] {logging_mixin.py:188} INFO - [2023-12-31T05:29:29.355+0000] {dagbag.py:538} INFO - Filling up the DagBag from /home/airflow/.local/lib/python3.8/site-packages/airflow/example_dags/example_bash_operator.py
[2023-12-31T05:29:29.379+0000] {processor.py:840} INFO - DAG(s) 'example_bash_operator' retrieved from /home/airflow/.local/lib/python3.8/site-packages/airflow/example_dags/example_bash_operator.py
[2023-12-31T05:29:29.422+0000] {logging_mixin.py:188} INFO - [2023-12-31T05:29:29.422+0000] {dag.py:3033} INFO - Sync 1 DAGs
[2023-12-31T05:29:29.456+0000] {logging_mixin.py:188} INFO - [2023-12-31T05:29:29.456+0000] {dag.py:3820} INFO - Setting next_dagrun for example_bash_operator to 2023-12-30T00:00:00+00:00, run_after=2023-12-31T00:00:00+00:00
[2023-12-31T05:29:29.498+0000] {processor.py:183} INFO - Processing /home/airflow/.local/lib/python3.8/site-packages/airflow/example_dags/example_bash_operator.py took 0.165 seconds
[2023-12-31T05:30:06.219+0000] {processor.py:161} INFO - Started process (PID=658) to work on /home/airflow/.local/lib/python3.8/site-packages/airflow/example_dags/example_bash_operator.py
[2023-12-31T05:30:06.228+0000] {processor.py:830} INFO - Processing file /home/airflow/.local/lib/python3.8/site-packages/airflow/example_dags/example_bash_operator.py for tasks to queue
[2023-12-31T05:30:06.232+0000] {logging_mixin.py:188} INFO - [2023-12-31T05:30:06.231+0000] {dagbag.py:538} INFO - Filling up the DagBag from /home/airflow/.local/lib/python3.8/site-packages/airflow/example_dags/example_bash_operator.py
[2023-12-31T05:30:06.249+0000] {processor.py:840} INFO - DAG(s) 'example_bash_operator' retrieved from /home/airflow/.local/lib/python3.8/site-packages/airflow/example_dags/example_bash_operator.py
[2023-12-31T05:30:06.295+0000] {logging_mixin.py:188} INFO - [2023-12-31T05:30:06.295+0000] {dag.py:3033} INFO - Sync 1 DAGs
[2023-12-31T05:30:06.323+0000] {logging_mixin.py:188} INFO - [2023-12-31T05:30:06.323+0000] {dag.py:3820} INFO - Setting next_dagrun for example_bash_operator to 2023-12-30T00:00:00+00:00, run_after=2023-12-31T00:00:00+00:00
[2023-12-31T05:30:06.366+0000] {processor.py:183} INFO - Processing /home/airflow/.local/lib/python3.8/site-packages/airflow/example_dags/example_bash_operator.py took 0.151 seconds
[2023-12-31T05:30:36.513+0000] {processor.py:161} INFO - Started process (PID=714) to work on /home/airflow/.local/lib/python3.8/site-packages/airflow/example_dags/example_bash_operator.py
[2023-12-31T05:30:36.514+0000] {processor.py:830} INFO - Processing file /home/airflow/.local/lib/python3.8/site-packages/airflow/example_dags/example_bash_operator.py for tasks to queue
[2023-12-31T05:30:36.518+0000] {logging_mixin.py:188} INFO - [2023-12-31T05:30:36.518+0000] {dagbag.py:538} INFO - Filling up the DagBag from /home/airflow/.local/lib/python3.8/site-packages/airflow/example_dags/example_bash_operator.py
[2023-12-31T05:30:36.531+0000] {processor.py:840} INFO - DAG(s) 'example_bash_operator' retrieved from /home/airflow/.local/lib/python3.8/site-packages/airflow/example_dags/example_bash_operator.py
[2023-12-31T05:30:36.572+0000] {logging_mixin.py:188} INFO - [2023-12-31T05:30:36.572+0000] {dag.py:3033} INFO - Sync 1 DAGs
[2023-12-31T05:30:36.600+0000] {logging_mixin.py:188} INFO - [2023-12-31T05:30:36.599+0000] {dag.py:3820} INFO - Setting next_dagrun for example_bash_operator to 2023-12-30T00:00:00+00:00, run_after=2023-12-31T00:00:00+00:00
[2023-12-31T05:30:36.872+0000] {processor.py:183} INFO - Processing /home/airflow/.local/lib/python3.8/site-packages/airflow/example_dags/example_bash_operator.py took 0.364 seconds
[2023-12-31T05:31:07.492+0000] {processor.py:161} INFO - Started process (PID=770) to work on /home/airflow/.local/lib/python3.8/site-packages/airflow/example_dags/example_bash_operator.py
[2023-12-31T05:31:07.493+0000] {processor.py:830} INFO - Processing file /home/airflow/.local/lib/python3.8/site-packages/airflow/example_dags/example_bash_operator.py for tasks to queue
[2023-12-31T05:31:07.496+0000] {logging_mixin.py:188} INFO - [2023-12-31T05:31:07.496+0000] {dagbag.py:538} INFO - Filling up the DagBag from /home/airflow/.local/lib/python3.8/site-packages/airflow/example_dags/example_bash_operator.py
[2023-12-31T05:31:07.510+0000] {processor.py:840} INFO - DAG(s) 'example_bash_operator' retrieved from /home/airflow/.local/lib/python3.8/site-packages/airflow/example_dags/example_bash_operator.py
[2023-12-31T05:31:07.577+0000] {logging_mixin.py:188} INFO - [2023-12-31T05:31:07.577+0000] {dag.py:3033} INFO - Sync 1 DAGs
[2023-12-31T05:31:07.607+0000] {logging_mixin.py:188} INFO - [2023-12-31T05:31:07.607+0000] {dag.py:3820} INFO - Setting next_dagrun for example_bash_operator to 2023-12-30T00:00:00+00:00, run_after=2023-12-31T00:00:00+00:00
[2023-12-31T05:31:07.645+0000] {processor.py:183} INFO - Processing /home/airflow/.local/lib/python3.8/site-packages/airflow/example_dags/example_bash_operator.py took 0.157 seconds
[2023-12-31T05:31:37.890+0000] {processor.py:161} INFO - Started process (PID=826) to work on /home/airflow/.local/lib/python3.8/site-packages/airflow/example_dags/example_bash_operator.py
[2023-12-31T05:31:37.891+0000] {processor.py:830} INFO - Processing file /home/airflow/.local/lib/python3.8/site-packages/airflow/example_dags/example_bash_operator.py for tasks to queue
[2023-12-31T05:31:37.894+0000] {logging_mixin.py:188} INFO - [2023-12-31T05:31:37.893+0000] {dagbag.py:538} INFO - Filling up the DagBag from /home/airflow/.local/lib/python3.8/site-packages/airflow/example_dags/example_bash_operator.py
[2023-12-31T05:31:37.907+0000] {processor.py:840} INFO - DAG(s) 'example_bash_operator' retrieved from /home/airflow/.local/lib/python3.8/site-packages/airflow/example_dags/example_bash_operator.py
[2023-12-31T05:31:37.943+0000] {logging_mixin.py:188} INFO - [2023-12-31T05:31:37.943+0000] {dag.py:3033} INFO - Sync 1 DAGs
[2023-12-31T05:31:37.973+0000] {logging_mixin.py:188} INFO - [2023-12-31T05:31:37.973+0000] {dag.py:3820} INFO - Setting next_dagrun for example_bash_operator to 2023-12-30T00:00:00+00:00, run_after=2023-12-31T00:00:00+00:00
[2023-12-31T05:31:38.005+0000] {processor.py:183} INFO - Processing /home/airflow/.local/lib/python3.8/site-packages/airflow/example_dags/example_bash_operator.py took 0.118 seconds
[2023-12-31T05:32:08.399+0000] {processor.py:161} INFO - Started process (PID=882) to work on /home/airflow/.local/lib/python3.8/site-packages/airflow/example_dags/example_bash_operator.py
[2023-12-31T05:32:08.439+0000] {processor.py:830} INFO - Processing file /home/airflow/.local/lib/python3.8/site-packages/airflow/example_dags/example_bash_operator.py for tasks to queue
[2023-12-31T05:32:08.444+0000] {logging_mixin.py:188} INFO - [2023-12-31T05:32:08.443+0000] {dagbag.py:538} INFO - Filling up the DagBag from /home/airflow/.local/lib/python3.8/site-packages/airflow/example_dags/example_bash_operator.py
[2023-12-31T05:32:08.492+0000] {processor.py:840} INFO - DAG(s) 'example_bash_operator' retrieved from /home/airflow/.local/lib/python3.8/site-packages/airflow/example_dags/example_bash_operator.py
[2023-12-31T05:32:08.586+0000] {logging_mixin.py:188} INFO - [2023-12-31T05:32:08.586+0000] {dag.py:3033} INFO - Sync 1 DAGs
[2023-12-31T05:32:08.639+0000] {logging_mixin.py:188} INFO - [2023-12-31T05:32:08.639+0000] {dag.py:3820} INFO - Setting next_dagrun for example_bash_operator to 2023-12-30T00:00:00+00:00, run_after=2023-12-31T00:00:00+00:00
[2023-12-31T05:32:08.969+0000] {processor.py:183} INFO - Processing /home/airflow/.local/lib/python3.8/site-packages/airflow/example_dags/example_bash_operator.py took 0.578 seconds
[2023-12-31T05:32:39.171+0000] {processor.py:161} INFO - Started process (PID=938) to work on /home/airflow/.local/lib/python3.8/site-packages/airflow/example_dags/example_bash_operator.py
[2023-12-31T05:32:39.200+0000] {processor.py:830} INFO - Processing file /home/airflow/.local/lib/python3.8/site-packages/airflow/example_dags/example_bash_operator.py for tasks to queue
[2023-12-31T05:32:39.205+0000] {logging_mixin.py:188} INFO - [2023-12-31T05:32:39.204+0000] {dagbag.py:538} INFO - Filling up the DagBag from /home/airflow/.local/lib/python3.8/site-packages/airflow/example_dags/example_bash_operator.py
[2023-12-31T05:32:39.238+0000] {processor.py:840} INFO - DAG(s) 'example_bash_operator' retrieved from /home/airflow/.local/lib/python3.8/site-packages/airflow/example_dags/example_bash_operator.py
[2023-12-31T05:32:39.288+0000] {logging_mixin.py:188} INFO - [2023-12-31T05:32:39.288+0000] {dag.py:3033} INFO - Sync 1 DAGs
[2023-12-31T05:32:39.330+0000] {logging_mixin.py:188} INFO - [2023-12-31T05:32:39.329+0000] {dag.py:3820} INFO - Setting next_dagrun for example_bash_operator to 2023-12-30T00:00:00+00:00, run_after=2023-12-31T00:00:00+00:00
[2023-12-31T05:32:39.392+0000] {processor.py:183} INFO - Processing /home/airflow/.local/lib/python3.8/site-packages/airflow/example_dags/example_bash_operator.py took 0.236 seconds
[2023-12-31T05:33:46.133+0000] {processor.py:161} INFO - Started process (PID=1000) to work on /home/airflow/.local/lib/python3.8/site-packages/airflow/example_dags/example_bash_operator.py
[2023-12-31T05:33:46.135+0000] {processor.py:830} INFO - Processing file /home/airflow/.local/lib/python3.8/site-packages/airflow/example_dags/example_bash_operator.py for tasks to queue
[2023-12-31T05:33:46.138+0000] {logging_mixin.py:188} INFO - [2023-12-31T05:33:46.137+0000] {dagbag.py:538} INFO - Filling up the DagBag from /home/airflow/.local/lib/python3.8/site-packages/airflow/example_dags/example_bash_operator.py
[2023-12-31T05:33:46.189+0000] {processor.py:840} INFO - DAG(s) 'example_bash_operator' retrieved from /home/airflow/.local/lib/python3.8/site-packages/airflow/example_dags/example_bash_operator.py
[2023-12-31T05:33:46.245+0000] {logging_mixin.py:188} INFO - [2023-12-31T05:33:46.245+0000] {dag.py:3033} INFO - Sync 1 DAGs
[2023-12-31T05:33:46.277+0000] {logging_mixin.py:188} INFO - [2023-12-31T05:33:46.276+0000] {dag.py:3820} INFO - Setting next_dagrun for example_bash_operator to 2023-12-30T00:00:00+00:00, run_after=2023-12-31T00:00:00+00:00
[2023-12-31T05:33:46.473+0000] {processor.py:183} INFO - Processing /home/airflow/.local/lib/python3.8/site-packages/airflow/example_dags/example_bash_operator.py took 0.344 seconds
[2023-12-31T05:34:34.935+0000] {processor.py:161} INFO - Started process (PID=1063) to work on /home/airflow/.local/lib/python3.8/site-packages/airflow/example_dags/example_bash_operator.py
[2023-12-31T05:34:34.941+0000] {processor.py:830} INFO - Processing file /home/airflow/.local/lib/python3.8/site-packages/airflow/example_dags/example_bash_operator.py for tasks to queue
[2023-12-31T05:34:34.946+0000] {logging_mixin.py:188} INFO - [2023-12-31T05:34:34.945+0000] {dagbag.py:538} INFO - Filling up the DagBag from /home/airflow/.local/lib/python3.8/site-packages/airflow/example_dags/example_bash_operator.py
[2023-12-31T05:34:34.987+0000] {processor.py:840} INFO - DAG(s) 'example_bash_operator' retrieved from /home/airflow/.local/lib/python3.8/site-packages/airflow/example_dags/example_bash_operator.py
[2023-12-31T05:34:35.045+0000] {logging_mixin.py:188} INFO - [2023-12-31T05:34:35.044+0000] {dag.py:3033} INFO - Sync 1 DAGs
[2023-12-31T05:34:35.097+0000] {logging_mixin.py:188} INFO - [2023-12-31T05:34:35.097+0000] {dag.py:3820} INFO - Setting next_dagrun for example_bash_operator to 2023-12-30T00:00:00+00:00, run_after=2023-12-31T00:00:00+00:00
[2023-12-31T05:34:35.474+0000] {processor.py:183} INFO - Processing /home/airflow/.local/lib/python3.8/site-packages/airflow/example_dags/example_bash_operator.py took 0.545 seconds
[2023-12-31T05:35:06.499+0000] {processor.py:161} INFO - Started process (PID=1120) to work on /home/airflow/.local/lib/python3.8/site-packages/airflow/example_dags/example_bash_operator.py
[2023-12-31T05:35:06.507+0000] {processor.py:830} INFO - Processing file /home/airflow/.local/lib/python3.8/site-packages/airflow/example_dags/example_bash_operator.py for tasks to queue
[2023-12-31T05:35:06.512+0000] {logging_mixin.py:188} INFO - [2023-12-31T05:35:06.511+0000] {dagbag.py:538} INFO - Filling up the DagBag from /home/airflow/.local/lib/python3.8/site-packages/airflow/example_dags/example_bash_operator.py
[2023-12-31T05:35:06.541+0000] {processor.py:840} INFO - DAG(s) 'example_bash_operator' retrieved from /home/airflow/.local/lib/python3.8/site-packages/airflow/example_dags/example_bash_operator.py
[2023-12-31T05:35:06.609+0000] {logging_mixin.py:188} INFO - [2023-12-31T05:35:06.609+0000] {dag.py:3033} INFO - Sync 1 DAGs
[2023-12-31T05:35:06.647+0000] {logging_mixin.py:188} INFO - [2023-12-31T05:35:06.647+0000] {dag.py:3820} INFO - Setting next_dagrun for example_bash_operator to 2023-12-30T00:00:00+00:00, run_after=2023-12-31T00:00:00+00:00
[2023-12-31T05:35:06.684+0000] {processor.py:183} INFO - Processing /home/airflow/.local/lib/python3.8/site-packages/airflow/example_dags/example_bash_operator.py took 0.193 seconds
[2023-12-31T05:35:39.475+0000] {processor.py:161} INFO - Started process (PID=1177) to work on /home/airflow/.local/lib/python3.8/site-packages/airflow/example_dags/example_bash_operator.py
[2023-12-31T05:35:39.477+0000] {processor.py:830} INFO - Processing file /home/airflow/.local/lib/python3.8/site-packages/airflow/example_dags/example_bash_operator.py for tasks to queue
[2023-12-31T05:35:39.488+0000] {logging_mixin.py:188} INFO - [2023-12-31T05:35:39.487+0000] {dagbag.py:538} INFO - Filling up the DagBag from /home/airflow/.local/lib/python3.8/site-packages/airflow/example_dags/example_bash_operator.py
[2023-12-31T05:35:39.529+0000] {processor.py:840} INFO - DAG(s) 'example_bash_operator' retrieved from /home/airflow/.local/lib/python3.8/site-packages/airflow/example_dags/example_bash_operator.py
[2023-12-31T05:35:39.626+0000] {logging_mixin.py:188} INFO - [2023-12-31T05:35:39.626+0000] {dag.py:3033} INFO - Sync 1 DAGs
[2023-12-31T05:35:39.672+0000] {logging_mixin.py:188} INFO - [2023-12-31T05:35:39.672+0000] {dag.py:3820} INFO - Setting next_dagrun for example_bash_operator to 2023-12-30T00:00:00+00:00, run_after=2023-12-31T00:00:00+00:00
[2023-12-31T05:35:39.729+0000] {processor.py:183} INFO - Processing /home/airflow/.local/lib/python3.8/site-packages/airflow/example_dags/example_bash_operator.py took 0.263 seconds
[2023-12-31T05:36:10.240+0000] {processor.py:161} INFO - Started process (PID=1232) to work on /home/airflow/.local/lib/python3.8/site-packages/airflow/example_dags/example_bash_operator.py
[2023-12-31T05:36:10.242+0000] {processor.py:830} INFO - Processing file /home/airflow/.local/lib/python3.8/site-packages/airflow/example_dags/example_bash_operator.py for tasks to queue
[2023-12-31T05:36:10.247+0000] {logging_mixin.py:188} INFO - [2023-12-31T05:36:10.246+0000] {dagbag.py:538} INFO - Filling up the DagBag from /home/airflow/.local/lib/python3.8/site-packages/airflow/example_dags/example_bash_operator.py
[2023-12-31T05:36:10.266+0000] {processor.py:840} INFO - DAG(s) 'example_bash_operator' retrieved from /home/airflow/.local/lib/python3.8/site-packages/airflow/example_dags/example_bash_operator.py
[2023-12-31T05:36:10.311+0000] {logging_mixin.py:188} INFO - [2023-12-31T05:36:10.311+0000] {dag.py:3033} INFO - Sync 1 DAGs
[2023-12-31T05:36:10.345+0000] {logging_mixin.py:188} INFO - [2023-12-31T05:36:10.345+0000] {dag.py:3820} INFO - Setting next_dagrun for example_bash_operator to 2023-12-30T00:00:00+00:00, run_after=2023-12-31T00:00:00+00:00
[2023-12-31T05:36:10.377+0000] {processor.py:183} INFO - Processing /home/airflow/.local/lib/python3.8/site-packages/airflow/example_dags/example_bash_operator.py took 0.142 seconds
[2023-12-31T05:36:41.039+0000] {processor.py:161} INFO - Started process (PID=1288) to work on /home/airflow/.local/lib/python3.8/site-packages/airflow/example_dags/example_bash_operator.py
[2023-12-31T05:36:41.041+0000] {processor.py:830} INFO - Processing file /home/airflow/.local/lib/python3.8/site-packages/airflow/example_dags/example_bash_operator.py for tasks to queue
[2023-12-31T05:36:41.045+0000] {logging_mixin.py:188} INFO - [2023-12-31T05:36:41.045+0000] {dagbag.py:538} INFO - Filling up the DagBag from /home/airflow/.local/lib/python3.8/site-packages/airflow/example_dags/example_bash_operator.py
[2023-12-31T05:36:41.062+0000] {processor.py:840} INFO - DAG(s) 'example_bash_operator' retrieved from /home/airflow/.local/lib/python3.8/site-packages/airflow/example_dags/example_bash_operator.py
[2023-12-31T05:36:41.105+0000] {logging_mixin.py:188} INFO - [2023-12-31T05:36:41.105+0000] {dag.py:3033} INFO - Sync 1 DAGs
[2023-12-31T05:36:41.137+0000] {logging_mixin.py:188} INFO - [2023-12-31T05:36:41.137+0000] {dag.py:3820} INFO - Setting next_dagrun for example_bash_operator to 2023-12-30T00:00:00+00:00, run_after=2023-12-31T00:00:00+00:00
[2023-12-31T05:36:41.171+0000] {processor.py:183} INFO - Processing /home/airflow/.local/lib/python3.8/site-packages/airflow/example_dags/example_bash_operator.py took 0.136 seconds
[2023-12-31T05:37:11.873+0000] {processor.py:161} INFO - Started process (PID=1344) to work on /home/airflow/.local/lib/python3.8/site-packages/airflow/example_dags/example_bash_operator.py
[2023-12-31T05:37:11.875+0000] {processor.py:830} INFO - Processing file /home/airflow/.local/lib/python3.8/site-packages/airflow/example_dags/example_bash_operator.py for tasks to queue
[2023-12-31T05:37:11.879+0000] {logging_mixin.py:188} INFO - [2023-12-31T05:37:11.878+0000] {dagbag.py:538} INFO - Filling up the DagBag from /home/airflow/.local/lib/python3.8/site-packages/airflow/example_dags/example_bash_operator.py
[2023-12-31T05:37:11.902+0000] {processor.py:840} INFO - DAG(s) 'example_bash_operator' retrieved from /home/airflow/.local/lib/python3.8/site-packages/airflow/example_dags/example_bash_operator.py
[2023-12-31T05:37:11.965+0000] {logging_mixin.py:188} INFO - [2023-12-31T05:37:11.965+0000] {dag.py:3033} INFO - Sync 1 DAGs
[2023-12-31T05:37:12.012+0000] {logging_mixin.py:188} INFO - [2023-12-31T05:37:12.011+0000] {dag.py:3820} INFO - Setting next_dagrun for example_bash_operator to 2023-12-30T00:00:00+00:00, run_after=2023-12-31T00:00:00+00:00
[2023-12-31T05:37:12.486+0000] {processor.py:183} INFO - Processing /home/airflow/.local/lib/python3.8/site-packages/airflow/example_dags/example_bash_operator.py took 0.618 seconds
[2023-12-31T05:37:46.982+0000] {processor.py:161} INFO - Started process (PID=1406) to work on /home/airflow/.local/lib/python3.8/site-packages/airflow/example_dags/example_bash_operator.py
[2023-12-31T05:37:46.991+0000] {processor.py:830} INFO - Processing file /home/airflow/.local/lib/python3.8/site-packages/airflow/example_dags/example_bash_operator.py for tasks to queue
[2023-12-31T05:37:46.996+0000] {logging_mixin.py:188} INFO - [2023-12-31T05:37:46.996+0000] {dagbag.py:538} INFO - Filling up the DagBag from /home/airflow/.local/lib/python3.8/site-packages/airflow/example_dags/example_bash_operator.py
[2023-12-31T05:37:47.020+0000] {processor.py:840} INFO - DAG(s) 'example_bash_operator' retrieved from /home/airflow/.local/lib/python3.8/site-packages/airflow/example_dags/example_bash_operator.py
[2023-12-31T05:37:47.094+0000] {logging_mixin.py:188} INFO - [2023-12-31T05:37:47.094+0000] {dag.py:3033} INFO - Sync 1 DAGs
[2023-12-31T05:37:47.129+0000] {logging_mixin.py:188} INFO - [2023-12-31T05:37:47.129+0000] {dag.py:3820} INFO - Setting next_dagrun for example_bash_operator to 2023-12-30T00:00:00+00:00, run_after=2023-12-31T00:00:00+00:00
[2023-12-31T05:37:47.166+0000] {processor.py:183} INFO - Processing /home/airflow/.local/lib/python3.8/site-packages/airflow/example_dags/example_bash_operator.py took 0.188 seconds
[2023-12-31T05:38:21.373+0000] {processor.py:161} INFO - Started process (PID=1462) to work on /home/airflow/.local/lib/python3.8/site-packages/airflow/example_dags/example_bash_operator.py
[2023-12-31T05:38:21.375+0000] {processor.py:830} INFO - Processing file /home/airflow/.local/lib/python3.8/site-packages/airflow/example_dags/example_bash_operator.py for tasks to queue
[2023-12-31T05:38:21.389+0000] {logging_mixin.py:188} INFO - [2023-12-31T05:38:21.388+0000] {dagbag.py:538} INFO - Filling up the DagBag from /home/airflow/.local/lib/python3.8/site-packages/airflow/example_dags/example_bash_operator.py
[2023-12-31T05:38:21.446+0000] {processor.py:840} INFO - DAG(s) 'example_bash_operator' retrieved from /home/airflow/.local/lib/python3.8/site-packages/airflow/example_dags/example_bash_operator.py
[2023-12-31T05:38:21.562+0000] {logging_mixin.py:188} INFO - [2023-12-31T05:38:21.561+0000] {dag.py:3033} INFO - Sync 1 DAGs
[2023-12-31T05:38:21.629+0000] {logging_mixin.py:188} INFO - [2023-12-31T05:38:21.629+0000] {dag.py:3820} INFO - Setting next_dagrun for example_bash_operator to 2023-12-30T00:00:00+00:00, run_after=2023-12-31T00:00:00+00:00
[2023-12-31T05:38:21.675+0000] {processor.py:183} INFO - Processing /home/airflow/.local/lib/python3.8/site-packages/airflow/example_dags/example_bash_operator.py took 0.318 seconds
[2023-12-31T05:38:52.233+0000] {processor.py:161} INFO - Started process (PID=1519) to work on /home/airflow/.local/lib/python3.8/site-packages/airflow/example_dags/example_bash_operator.py
[2023-12-31T05:38:52.238+0000] {processor.py:830} INFO - Processing file /home/airflow/.local/lib/python3.8/site-packages/airflow/example_dags/example_bash_operator.py for tasks to queue
[2023-12-31T05:38:52.243+0000] {logging_mixin.py:188} INFO - [2023-12-31T05:38:52.242+0000] {dagbag.py:538} INFO - Filling up the DagBag from /home/airflow/.local/lib/python3.8/site-packages/airflow/example_dags/example_bash_operator.py
[2023-12-31T05:38:52.278+0000] {processor.py:840} INFO - DAG(s) 'example_bash_operator' retrieved from /home/airflow/.local/lib/python3.8/site-packages/airflow/example_dags/example_bash_operator.py
[2023-12-31T05:38:52.353+0000] {logging_mixin.py:188} INFO - [2023-12-31T05:38:52.353+0000] {dag.py:3033} INFO - Sync 1 DAGs
[2023-12-31T05:38:52.387+0000] {logging_mixin.py:188} INFO - [2023-12-31T05:38:52.386+0000] {dag.py:3820} INFO - Setting next_dagrun for example_bash_operator to 2023-12-30T00:00:00+00:00, run_after=2023-12-31T00:00:00+00:00
[2023-12-31T05:38:52.423+0000] {processor.py:183} INFO - Processing /home/airflow/.local/lib/python3.8/site-packages/airflow/example_dags/example_bash_operator.py took 0.196 seconds
[2023-12-31T05:39:22.519+0000] {processor.py:161} INFO - Started process (PID=1575) to work on /home/airflow/.local/lib/python3.8/site-packages/airflow/example_dags/example_bash_operator.py
[2023-12-31T05:39:22.521+0000] {processor.py:830} INFO - Processing file /home/airflow/.local/lib/python3.8/site-packages/airflow/example_dags/example_bash_operator.py for tasks to queue
[2023-12-31T05:39:22.523+0000] {logging_mixin.py:188} INFO - [2023-12-31T05:39:22.523+0000] {dagbag.py:538} INFO - Filling up the DagBag from /home/airflow/.local/lib/python3.8/site-packages/airflow/example_dags/example_bash_operator.py
[2023-12-31T05:39:22.538+0000] {processor.py:840} INFO - DAG(s) 'example_bash_operator' retrieved from /home/airflow/.local/lib/python3.8/site-packages/airflow/example_dags/example_bash_operator.py
[2023-12-31T05:39:22.588+0000] {logging_mixin.py:188} INFO - [2023-12-31T05:39:22.588+0000] {dag.py:3033} INFO - Sync 1 DAGs
[2023-12-31T05:39:22.622+0000] {logging_mixin.py:188} INFO - [2023-12-31T05:39:22.621+0000] {dag.py:3820} INFO - Setting next_dagrun for example_bash_operator to 2023-12-30T00:00:00+00:00, run_after=2023-12-31T00:00:00+00:00
[2023-12-31T05:39:22.654+0000] {processor.py:183} INFO - Processing /home/airflow/.local/lib/python3.8/site-packages/airflow/example_dags/example_bash_operator.py took 0.138 seconds
[2023-12-31T05:39:53.094+0000] {processor.py:161} INFO - Started process (PID=1631) to work on /home/airflow/.local/lib/python3.8/site-packages/airflow/example_dags/example_bash_operator.py
[2023-12-31T05:39:53.096+0000] {processor.py:830} INFO - Processing file /home/airflow/.local/lib/python3.8/site-packages/airflow/example_dags/example_bash_operator.py for tasks to queue
[2023-12-31T05:39:53.101+0000] {logging_mixin.py:188} INFO - [2023-12-31T05:39:53.100+0000] {dagbag.py:538} INFO - Filling up the DagBag from /home/airflow/.local/lib/python3.8/site-packages/airflow/example_dags/example_bash_operator.py
[2023-12-31T05:39:53.116+0000] {processor.py:840} INFO - DAG(s) 'example_bash_operator' retrieved from /home/airflow/.local/lib/python3.8/site-packages/airflow/example_dags/example_bash_operator.py
[2023-12-31T05:39:53.163+0000] {logging_mixin.py:188} INFO - [2023-12-31T05:39:53.163+0000] {dag.py:3033} INFO - Sync 1 DAGs
[2023-12-31T05:39:53.196+0000] {logging_mixin.py:188} INFO - [2023-12-31T05:39:53.196+0000] {dag.py:3820} INFO - Setting next_dagrun for example_bash_operator to 2023-12-30T00:00:00+00:00, run_after=2023-12-31T00:00:00+00:00
[2023-12-31T05:39:53.226+0000] {processor.py:183} INFO - Processing /home/airflow/.local/lib/python3.8/site-packages/airflow/example_dags/example_bash_operator.py took 0.136 seconds
[2023-12-31T05:40:23.775+0000] {processor.py:161} INFO - Started process (PID=1687) to work on /home/airflow/.local/lib/python3.8/site-packages/airflow/example_dags/example_bash_operator.py
[2023-12-31T05:40:23.777+0000] {processor.py:830} INFO - Processing file /home/airflow/.local/lib/python3.8/site-packages/airflow/example_dags/example_bash_operator.py for tasks to queue
[2023-12-31T05:40:23.782+0000] {logging_mixin.py:188} INFO - [2023-12-31T05:40:23.781+0000] {dagbag.py:538} INFO - Filling up the DagBag from /home/airflow/.local/lib/python3.8/site-packages/airflow/example_dags/example_bash_operator.py
[2023-12-31T05:40:23.805+0000] {processor.py:840} INFO - DAG(s) 'example_bash_operator' retrieved from /home/airflow/.local/lib/python3.8/site-packages/airflow/example_dags/example_bash_operator.py
[2023-12-31T05:40:23.849+0000] {logging_mixin.py:188} INFO - [2023-12-31T05:40:23.849+0000] {dag.py:3033} INFO - Sync 1 DAGs
[2023-12-31T05:40:23.887+0000] {logging_mixin.py:188} INFO - [2023-12-31T05:40:23.886+0000] {dag.py:3820} INFO - Setting next_dagrun for example_bash_operator to 2023-12-30T00:00:00+00:00, run_after=2023-12-31T00:00:00+00:00
[2023-12-31T05:40:23.928+0000] {processor.py:183} INFO - Processing /home/airflow/.local/lib/python3.8/site-packages/airflow/example_dags/example_bash_operator.py took 0.160 seconds
[2023-12-31T05:40:54.121+0000] {processor.py:161} INFO - Started process (PID=1743) to work on /home/airflow/.local/lib/python3.8/site-packages/airflow/example_dags/example_bash_operator.py
[2023-12-31T05:40:54.122+0000] {processor.py:830} INFO - Processing file /home/airflow/.local/lib/python3.8/site-packages/airflow/example_dags/example_bash_operator.py for tasks to queue
[2023-12-31T05:40:54.126+0000] {logging_mixin.py:188} INFO - [2023-12-31T05:40:54.126+0000] {dagbag.py:538} INFO - Filling up the DagBag from /home/airflow/.local/lib/python3.8/site-packages/airflow/example_dags/example_bash_operator.py
[2023-12-31T05:40:54.142+0000] {processor.py:840} INFO - DAG(s) 'example_bash_operator' retrieved from /home/airflow/.local/lib/python3.8/site-packages/airflow/example_dags/example_bash_operator.py
[2023-12-31T05:40:54.183+0000] {logging_mixin.py:188} INFO - [2023-12-31T05:40:54.183+0000] {dag.py:3033} INFO - Sync 1 DAGs
[2023-12-31T05:40:54.214+0000] {logging_mixin.py:188} INFO - [2023-12-31T05:40:54.213+0000] {dag.py:3820} INFO - Setting next_dagrun for example_bash_operator to 2023-12-30T00:00:00+00:00, run_after=2023-12-31T00:00:00+00:00
[2023-12-31T05:40:54.244+0000] {processor.py:183} INFO - Processing /home/airflow/.local/lib/python3.8/site-packages/airflow/example_dags/example_bash_operator.py took 0.126 seconds
[2023-12-31T05:41:24.371+0000] {processor.py:161} INFO - Started process (PID=1800) to work on /home/airflow/.local/lib/python3.8/site-packages/airflow/example_dags/example_bash_operator.py
[2023-12-31T05:41:24.373+0000] {processor.py:830} INFO - Processing file /home/airflow/.local/lib/python3.8/site-packages/airflow/example_dags/example_bash_operator.py for tasks to queue
[2023-12-31T05:41:24.376+0000] {logging_mixin.py:188} INFO - [2023-12-31T05:41:24.375+0000] {dagbag.py:538} INFO - Filling up the DagBag from /home/airflow/.local/lib/python3.8/site-packages/airflow/example_dags/example_bash_operator.py
[2023-12-31T05:41:24.403+0000] {processor.py:840} INFO - DAG(s) 'example_bash_operator' retrieved from /home/airflow/.local/lib/python3.8/site-packages/airflow/example_dags/example_bash_operator.py
[2023-12-31T05:41:24.456+0000] {logging_mixin.py:188} INFO - [2023-12-31T05:41:24.455+0000] {dag.py:3033} INFO - Sync 1 DAGs
[2023-12-31T05:41:24.501+0000] {logging_mixin.py:188} INFO - [2023-12-31T05:41:24.500+0000] {dag.py:3820} INFO - Setting next_dagrun for example_bash_operator to 2023-12-30T00:00:00+00:00, run_after=2023-12-31T00:00:00+00:00
[2023-12-31T05:41:24.540+0000] {processor.py:183} INFO - Processing /home/airflow/.local/lib/python3.8/site-packages/airflow/example_dags/example_bash_operator.py took 0.177 seconds
[2023-12-31T05:41:54.960+0000] {processor.py:161} INFO - Started process (PID=1856) to work on /home/airflow/.local/lib/python3.8/site-packages/airflow/example_dags/example_bash_operator.py
[2023-12-31T05:41:54.962+0000] {processor.py:830} INFO - Processing file /home/airflow/.local/lib/python3.8/site-packages/airflow/example_dags/example_bash_operator.py for tasks to queue
[2023-12-31T05:41:54.965+0000] {logging_mixin.py:188} INFO - [2023-12-31T05:41:54.965+0000] {dagbag.py:538} INFO - Filling up the DagBag from /home/airflow/.local/lib/python3.8/site-packages/airflow/example_dags/example_bash_operator.py
[2023-12-31T05:41:54.981+0000] {processor.py:840} INFO - DAG(s) 'example_bash_operator' retrieved from /home/airflow/.local/lib/python3.8/site-packages/airflow/example_dags/example_bash_operator.py
[2023-12-31T05:41:55.022+0000] {logging_mixin.py:188} INFO - [2023-12-31T05:41:55.021+0000] {dag.py:3033} INFO - Sync 1 DAGs
[2023-12-31T05:41:55.057+0000] {logging_mixin.py:188} INFO - [2023-12-31T05:41:55.057+0000] {dag.py:3820} INFO - Setting next_dagrun for example_bash_operator to 2023-12-30T00:00:00+00:00, run_after=2023-12-31T00:00:00+00:00
[2023-12-31T05:41:55.244+0000] {processor.py:183} INFO - Processing /home/airflow/.local/lib/python3.8/site-packages/airflow/example_dags/example_bash_operator.py took 0.288 seconds
