[2023-12-31T05:24:50.742+0000] {processor.py:161} INFO - Started process (PID=136) to work on /home/airflow/.local/lib/python3.8/site-packages/airflow/example_dags/example_latest_only.py
[2023-12-31T05:24:50.745+0000] {processor.py:830} INFO - Processing file /home/airflow/.local/lib/python3.8/site-packages/airflow/example_dags/example_latest_only.py for tasks to queue
[2023-12-31T05:24:50.754+0000] {logging_mixin.py:188} INFO - [2023-12-31T05:24:50.754+0000] {dagbag.py:538} INFO - Filling up the DagBag from /home/airflow/.local/lib/python3.8/site-packages/airflow/example_dags/example_latest_only.py
[2023-12-31T05:24:50.769+0000] {processor.py:840} INFO - DAG(s) 'latest_only' retrieved from /home/airflow/.local/lib/python3.8/site-packages/airflow/example_dags/example_latest_only.py
[2023-12-31T05:24:50.969+0000] {logging_mixin.py:188} INFO - [2023-12-31T05:24:50.969+0000] {dag.py:3033} INFO - Sync 1 DAGs
[2023-12-31T05:24:51.004+0000] {logging_mixin.py:188} INFO - [2023-12-31T05:24:51.004+0000] {dag.py:3820} INFO - Setting next_dagrun for latest_only to 2023-12-31T00:00:00+00:00, run_after=2023-12-31T04:00:00+00:00
[2023-12-31T05:24:51.044+0000] {processor.py:183} INFO - Processing /home/airflow/.local/lib/python3.8/site-packages/airflow/example_dags/example_latest_only.py took 0.309 seconds
[2023-12-31T05:25:21.179+0000] {processor.py:161} INFO - Started process (PID=193) to work on /home/airflow/.local/lib/python3.8/site-packages/airflow/example_dags/example_latest_only.py
[2023-12-31T05:25:21.181+0000] {processor.py:830} INFO - Processing file /home/airflow/.local/lib/python3.8/site-packages/airflow/example_dags/example_latest_only.py for tasks to queue
[2023-12-31T05:25:21.186+0000] {logging_mixin.py:188} INFO - [2023-12-31T05:25:21.185+0000] {dagbag.py:538} INFO - Filling up the DagBag from /home/airflow/.local/lib/python3.8/site-packages/airflow/example_dags/example_latest_only.py
[2023-12-31T05:25:21.200+0000] {processor.py:840} INFO - DAG(s) 'latest_only' retrieved from /home/airflow/.local/lib/python3.8/site-packages/airflow/example_dags/example_latest_only.py
[2023-12-31T05:25:21.248+0000] {logging_mixin.py:188} INFO - [2023-12-31T05:25:21.247+0000] {dag.py:3033} INFO - Sync 1 DAGs
[2023-12-31T05:25:21.315+0000] {logging_mixin.py:188} INFO - [2023-12-31T05:25:21.315+0000] {dag.py:3820} INFO - Setting next_dagrun for latest_only to 2023-12-31T00:00:00+00:00, run_after=2023-12-31T04:00:00+00:00
[2023-12-31T05:25:21.409+0000] {processor.py:183} INFO - Processing /home/airflow/.local/lib/python3.8/site-packages/airflow/example_dags/example_latest_only.py took 0.235 seconds
[2023-12-31T05:26:28.273+0000] {processor.py:161} INFO - Started process (PID=283) to work on /home/airflow/.local/lib/python3.8/site-packages/airflow/example_dags/example_latest_only.py
[2023-12-31T05:26:28.276+0000] {processor.py:830} INFO - Processing file /home/airflow/.local/lib/python3.8/site-packages/airflow/example_dags/example_latest_only.py for tasks to queue
[2023-12-31T05:26:28.280+0000] {logging_mixin.py:188} INFO - [2023-12-31T05:26:28.280+0000] {dagbag.py:538} INFO - Filling up the DagBag from /home/airflow/.local/lib/python3.8/site-packages/airflow/example_dags/example_latest_only.py
[2023-12-31T05:26:28.287+0000] {processor.py:840} INFO - DAG(s) 'latest_only' retrieved from /home/airflow/.local/lib/python3.8/site-packages/airflow/example_dags/example_latest_only.py
[2023-12-31T05:26:28.323+0000] {logging_mixin.py:188} INFO - [2023-12-31T05:26:28.322+0000] {dag.py:3033} INFO - Sync 1 DAGs
[2023-12-31T05:26:28.370+0000] {logging_mixin.py:188} INFO - [2023-12-31T05:26:28.369+0000] {dag.py:3820} INFO - Setting next_dagrun for latest_only to 2023-12-31T00:00:00+00:00, run_after=2023-12-31T04:00:00+00:00
[2023-12-31T05:26:28.425+0000] {processor.py:183} INFO - Processing /home/airflow/.local/lib/python3.8/site-packages/airflow/example_dags/example_latest_only.py took 0.158 seconds
[2023-12-31T05:26:58.750+0000] {processor.py:161} INFO - Started process (PID=340) to work on /home/airflow/.local/lib/python3.8/site-packages/airflow/example_dags/example_latest_only.py
[2023-12-31T05:26:58.752+0000] {processor.py:830} INFO - Processing file /home/airflow/.local/lib/python3.8/site-packages/airflow/example_dags/example_latest_only.py for tasks to queue
[2023-12-31T05:26:58.755+0000] {logging_mixin.py:188} INFO - [2023-12-31T05:26:58.755+0000] {dagbag.py:538} INFO - Filling up the DagBag from /home/airflow/.local/lib/python3.8/site-packages/airflow/example_dags/example_latest_only.py
[2023-12-31T05:26:58.765+0000] {processor.py:840} INFO - DAG(s) 'latest_only' retrieved from /home/airflow/.local/lib/python3.8/site-packages/airflow/example_dags/example_latest_only.py
[2023-12-31T05:26:58.796+0000] {logging_mixin.py:188} INFO - [2023-12-31T05:26:58.795+0000] {dag.py:3033} INFO - Sync 1 DAGs
[2023-12-31T05:26:58.824+0000] {logging_mixin.py:188} INFO - [2023-12-31T05:26:58.824+0000] {dag.py:3820} INFO - Setting next_dagrun for latest_only to 2023-12-31T00:00:00+00:00, run_after=2023-12-31T04:00:00+00:00
[2023-12-31T05:26:59.313+0000] {processor.py:183} INFO - Processing /home/airflow/.local/lib/python3.8/site-packages/airflow/example_dags/example_latest_only.py took 0.567 seconds
[2023-12-31T05:27:30.595+0000] {processor.py:161} INFO - Started process (PID=398) to work on /home/airflow/.local/lib/python3.8/site-packages/airflow/example_dags/example_latest_only.py
[2023-12-31T05:27:30.599+0000] {processor.py:830} INFO - Processing file /home/airflow/.local/lib/python3.8/site-packages/airflow/example_dags/example_latest_only.py for tasks to queue
[2023-12-31T05:27:30.605+0000] {logging_mixin.py:188} INFO - [2023-12-31T05:27:30.604+0000] {dagbag.py:538} INFO - Filling up the DagBag from /home/airflow/.local/lib/python3.8/site-packages/airflow/example_dags/example_latest_only.py
[2023-12-31T05:27:30.620+0000] {processor.py:840} INFO - DAG(s) 'latest_only' retrieved from /home/airflow/.local/lib/python3.8/site-packages/airflow/example_dags/example_latest_only.py
[2023-12-31T05:27:30.665+0000] {logging_mixin.py:188} INFO - [2023-12-31T05:27:30.665+0000] {dag.py:3033} INFO - Sync 1 DAGs
[2023-12-31T05:27:30.715+0000] {logging_mixin.py:188} INFO - [2023-12-31T05:27:30.715+0000] {dag.py:3820} INFO - Setting next_dagrun for latest_only to 2023-12-31T00:00:00+00:00, run_after=2023-12-31T04:00:00+00:00
[2023-12-31T05:27:30.775+0000] {processor.py:183} INFO - Processing /home/airflow/.local/lib/python3.8/site-packages/airflow/example_dags/example_latest_only.py took 0.187 seconds
[2023-12-31T05:28:01.651+0000] {processor.py:161} INFO - Started process (PID=454) to work on /home/airflow/.local/lib/python3.8/site-packages/airflow/example_dags/example_latest_only.py
[2023-12-31T05:28:01.653+0000] {processor.py:830} INFO - Processing file /home/airflow/.local/lib/python3.8/site-packages/airflow/example_dags/example_latest_only.py for tasks to queue
[2023-12-31T05:28:01.658+0000] {logging_mixin.py:188} INFO - [2023-12-31T05:28:01.657+0000] {dagbag.py:538} INFO - Filling up the DagBag from /home/airflow/.local/lib/python3.8/site-packages/airflow/example_dags/example_latest_only.py
[2023-12-31T05:28:01.665+0000] {processor.py:840} INFO - DAG(s) 'latest_only' retrieved from /home/airflow/.local/lib/python3.8/site-packages/airflow/example_dags/example_latest_only.py
[2023-12-31T05:28:01.699+0000] {logging_mixin.py:188} INFO - [2023-12-31T05:28:01.699+0000] {dag.py:3033} INFO - Sync 1 DAGs
[2023-12-31T05:28:01.733+0000] {logging_mixin.py:188} INFO - [2023-12-31T05:28:01.733+0000] {dag.py:3820} INFO - Setting next_dagrun for latest_only to 2023-12-31T00:00:00+00:00, run_after=2023-12-31T04:00:00+00:00
[2023-12-31T05:28:01.769+0000] {processor.py:183} INFO - Processing /home/airflow/.local/lib/python3.8/site-packages/airflow/example_dags/example_latest_only.py took 0.121 seconds
[2023-12-31T05:28:32.262+0000] {processor.py:161} INFO - Started process (PID=510) to work on /home/airflow/.local/lib/python3.8/site-packages/airflow/example_dags/example_latest_only.py
[2023-12-31T05:28:32.264+0000] {processor.py:830} INFO - Processing file /home/airflow/.local/lib/python3.8/site-packages/airflow/example_dags/example_latest_only.py for tasks to queue
[2023-12-31T05:28:32.267+0000] {logging_mixin.py:188} INFO - [2023-12-31T05:28:32.267+0000] {dagbag.py:538} INFO - Filling up the DagBag from /home/airflow/.local/lib/python3.8/site-packages/airflow/example_dags/example_latest_only.py
[2023-12-31T05:28:32.273+0000] {processor.py:840} INFO - DAG(s) 'latest_only' retrieved from /home/airflow/.local/lib/python3.8/site-packages/airflow/example_dags/example_latest_only.py
[2023-12-31T05:28:32.296+0000] {logging_mixin.py:188} INFO - [2023-12-31T05:28:32.296+0000] {dag.py:3033} INFO - Sync 1 DAGs
[2023-12-31T05:28:32.324+0000] {logging_mixin.py:188} INFO - [2023-12-31T05:28:32.323+0000] {dag.py:3820} INFO - Setting next_dagrun for latest_only to 2023-12-31T00:00:00+00:00, run_after=2023-12-31T04:00:00+00:00
[2023-12-31T05:28:32.350+0000] {processor.py:183} INFO - Processing /home/airflow/.local/lib/python3.8/site-packages/airflow/example_dags/example_latest_only.py took 0.093 seconds
[2023-12-31T05:29:04.599+0000] {processor.py:161} INFO - Started process (PID=566) to work on /home/airflow/.local/lib/python3.8/site-packages/airflow/example_dags/example_latest_only.py
[2023-12-31T05:29:04.715+0000] {processor.py:830} INFO - Processing file /home/airflow/.local/lib/python3.8/site-packages/airflow/example_dags/example_latest_only.py for tasks to queue
[2023-12-31T05:29:04.718+0000] {logging_mixin.py:188} INFO - [2023-12-31T05:29:04.718+0000] {dagbag.py:538} INFO - Filling up the DagBag from /home/airflow/.local/lib/python3.8/site-packages/airflow/example_dags/example_latest_only.py
[2023-12-31T05:29:04.725+0000] {processor.py:840} INFO - DAG(s) 'latest_only' retrieved from /home/airflow/.local/lib/python3.8/site-packages/airflow/example_dags/example_latest_only.py
[2023-12-31T05:29:04.749+0000] {logging_mixin.py:188} INFO - [2023-12-31T05:29:04.749+0000] {dag.py:3033} INFO - Sync 1 DAGs
[2023-12-31T05:29:04.778+0000] {logging_mixin.py:188} INFO - [2023-12-31T05:29:04.778+0000] {dag.py:3820} INFO - Setting next_dagrun for latest_only to 2023-12-31T00:00:00+00:00, run_after=2023-12-31T04:00:00+00:00
[2023-12-31T05:29:05.707+0000] {processor.py:183} INFO - Processing /home/airflow/.local/lib/python3.8/site-packages/airflow/example_dags/example_latest_only.py took 1.113 seconds
[2023-12-31T05:29:35.778+0000] {processor.py:161} INFO - Started process (PID=622) to work on /home/airflow/.local/lib/python3.8/site-packages/airflow/example_dags/example_latest_only.py
[2023-12-31T05:29:35.779+0000] {processor.py:830} INFO - Processing file /home/airflow/.local/lib/python3.8/site-packages/airflow/example_dags/example_latest_only.py for tasks to queue
[2023-12-31T05:29:35.783+0000] {logging_mixin.py:188} INFO - [2023-12-31T05:29:35.783+0000] {dagbag.py:538} INFO - Filling up the DagBag from /home/airflow/.local/lib/python3.8/site-packages/airflow/example_dags/example_latest_only.py
[2023-12-31T05:29:35.795+0000] {processor.py:840} INFO - DAG(s) 'latest_only' retrieved from /home/airflow/.local/lib/python3.8/site-packages/airflow/example_dags/example_latest_only.py
[2023-12-31T05:29:35.843+0000] {logging_mixin.py:188} INFO - [2023-12-31T05:29:35.843+0000] {dag.py:3033} INFO - Sync 1 DAGs
[2023-12-31T05:29:35.911+0000] {logging_mixin.py:188} INFO - [2023-12-31T05:29:35.910+0000] {dag.py:3820} INFO - Setting next_dagrun for latest_only to 2023-12-31T00:00:00+00:00, run_after=2023-12-31T04:00:00+00:00
[2023-12-31T05:29:35.975+0000] {processor.py:183} INFO - Processing /home/airflow/.local/lib/python3.8/site-packages/airflow/example_dags/example_latest_only.py took 0.203 seconds
[2023-12-31T05:30:10.733+0000] {processor.py:161} INFO - Started process (PID=678) to work on /home/airflow/.local/lib/python3.8/site-packages/airflow/example_dags/example_latest_only.py
[2023-12-31T05:30:10.735+0000] {processor.py:830} INFO - Processing file /home/airflow/.local/lib/python3.8/site-packages/airflow/example_dags/example_latest_only.py for tasks to queue
[2023-12-31T05:30:10.740+0000] {logging_mixin.py:188} INFO - [2023-12-31T05:30:10.740+0000] {dagbag.py:538} INFO - Filling up the DagBag from /home/airflow/.local/lib/python3.8/site-packages/airflow/example_dags/example_latest_only.py
[2023-12-31T05:30:10.750+0000] {processor.py:840} INFO - DAG(s) 'latest_only' retrieved from /home/airflow/.local/lib/python3.8/site-packages/airflow/example_dags/example_latest_only.py
[2023-12-31T05:30:10.785+0000] {logging_mixin.py:188} INFO - [2023-12-31T05:30:10.785+0000] {dag.py:3033} INFO - Sync 1 DAGs
[2023-12-31T05:30:10.825+0000] {logging_mixin.py:188} INFO - [2023-12-31T05:30:10.825+0000] {dag.py:3820} INFO - Setting next_dagrun for latest_only to 2023-12-31T00:00:00+00:00, run_after=2023-12-31T04:00:00+00:00
[2023-12-31T05:30:10.981+0000] {processor.py:183} INFO - Processing /home/airflow/.local/lib/python3.8/site-packages/airflow/example_dags/example_latest_only.py took 0.253 seconds
[2023-12-31T05:30:41.630+0000] {processor.py:161} INFO - Started process (PID=734) to work on /home/airflow/.local/lib/python3.8/site-packages/airflow/example_dags/example_latest_only.py
[2023-12-31T05:30:41.631+0000] {processor.py:830} INFO - Processing file /home/airflow/.local/lib/python3.8/site-packages/airflow/example_dags/example_latest_only.py for tasks to queue
[2023-12-31T05:30:41.633+0000] {logging_mixin.py:188} INFO - [2023-12-31T05:30:41.633+0000] {dagbag.py:538} INFO - Filling up the DagBag from /home/airflow/.local/lib/python3.8/site-packages/airflow/example_dags/example_latest_only.py
[2023-12-31T05:30:41.639+0000] {processor.py:840} INFO - DAG(s) 'latest_only' retrieved from /home/airflow/.local/lib/python3.8/site-packages/airflow/example_dags/example_latest_only.py
[2023-12-31T05:30:41.664+0000] {logging_mixin.py:188} INFO - [2023-12-31T05:30:41.664+0000] {dag.py:3033} INFO - Sync 1 DAGs
[2023-12-31T05:30:41.686+0000] {logging_mixin.py:188} INFO - [2023-12-31T05:30:41.685+0000] {dag.py:3820} INFO - Setting next_dagrun for latest_only to 2023-12-31T00:00:00+00:00, run_after=2023-12-31T04:00:00+00:00
[2023-12-31T05:30:42.261+0000] {processor.py:183} INFO - Processing /home/airflow/.local/lib/python3.8/site-packages/airflow/example_dags/example_latest_only.py took 0.634 seconds
[2023-12-31T05:31:13.007+0000] {processor.py:161} INFO - Started process (PID=790) to work on /home/airflow/.local/lib/python3.8/site-packages/airflow/example_dags/example_latest_only.py
[2023-12-31T05:31:13.009+0000] {processor.py:830} INFO - Processing file /home/airflow/.local/lib/python3.8/site-packages/airflow/example_dags/example_latest_only.py for tasks to queue
[2023-12-31T05:31:13.013+0000] {logging_mixin.py:188} INFO - [2023-12-31T05:31:13.013+0000] {dagbag.py:538} INFO - Filling up the DagBag from /home/airflow/.local/lib/python3.8/site-packages/airflow/example_dags/example_latest_only.py
[2023-12-31T05:31:13.022+0000] {processor.py:840} INFO - DAG(s) 'latest_only' retrieved from /home/airflow/.local/lib/python3.8/site-packages/airflow/example_dags/example_latest_only.py
[2023-12-31T05:31:13.075+0000] {logging_mixin.py:188} INFO - [2023-12-31T05:31:13.074+0000] {dag.py:3033} INFO - Sync 1 DAGs
[2023-12-31T05:31:13.122+0000] {logging_mixin.py:188} INFO - [2023-12-31T05:31:13.122+0000] {dag.py:3820} INFO - Setting next_dagrun for latest_only to 2023-12-31T00:00:00+00:00, run_after=2023-12-31T04:00:00+00:00
[2023-12-31T05:31:13.585+0000] {processor.py:183} INFO - Processing /home/airflow/.local/lib/python3.8/site-packages/airflow/example_dags/example_latest_only.py took 0.582 seconds
[2023-12-31T05:31:44.490+0000] {processor.py:161} INFO - Started process (PID=848) to work on /home/airflow/.local/lib/python3.8/site-packages/airflow/example_dags/example_latest_only.py
[2023-12-31T05:31:44.491+0000] {processor.py:830} INFO - Processing file /home/airflow/.local/lib/python3.8/site-packages/airflow/example_dags/example_latest_only.py for tasks to queue
[2023-12-31T05:31:44.495+0000] {logging_mixin.py:188} INFO - [2023-12-31T05:31:44.494+0000] {dagbag.py:538} INFO - Filling up the DagBag from /home/airflow/.local/lib/python3.8/site-packages/airflow/example_dags/example_latest_only.py
[2023-12-31T05:31:44.505+0000] {processor.py:840} INFO - DAG(s) 'latest_only' retrieved from /home/airflow/.local/lib/python3.8/site-packages/airflow/example_dags/example_latest_only.py
[2023-12-31T05:31:44.558+0000] {logging_mixin.py:188} INFO - [2023-12-31T05:31:44.557+0000] {dag.py:3033} INFO - Sync 1 DAGs
[2023-12-31T05:31:44.603+0000] {logging_mixin.py:188} INFO - [2023-12-31T05:31:44.602+0000] {dag.py:3820} INFO - Setting next_dagrun for latest_only to 2023-12-31T00:00:00+00:00, run_after=2023-12-31T04:00:00+00:00
[2023-12-31T05:31:44.653+0000] {processor.py:183} INFO - Processing /home/airflow/.local/lib/python3.8/site-packages/airflow/example_dags/example_latest_only.py took 0.167 seconds
[2023-12-31T05:32:15.600+0000] {processor.py:161} INFO - Started process (PID=904) to work on /home/airflow/.local/lib/python3.8/site-packages/airflow/example_dags/example_latest_only.py
[2023-12-31T05:32:15.602+0000] {processor.py:830} INFO - Processing file /home/airflow/.local/lib/python3.8/site-packages/airflow/example_dags/example_latest_only.py for tasks to queue
[2023-12-31T05:32:15.605+0000] {logging_mixin.py:188} INFO - [2023-12-31T05:32:15.604+0000] {dagbag.py:538} INFO - Filling up the DagBag from /home/airflow/.local/lib/python3.8/site-packages/airflow/example_dags/example_latest_only.py
[2023-12-31T05:32:15.612+0000] {processor.py:840} INFO - DAG(s) 'latest_only' retrieved from /home/airflow/.local/lib/python3.8/site-packages/airflow/example_dags/example_latest_only.py
[2023-12-31T05:32:15.647+0000] {logging_mixin.py:188} INFO - [2023-12-31T05:32:15.647+0000] {dag.py:3033} INFO - Sync 1 DAGs
[2023-12-31T05:32:15.686+0000] {logging_mixin.py:188} INFO - [2023-12-31T05:32:15.686+0000] {dag.py:3820} INFO - Setting next_dagrun for latest_only to 2023-12-31T00:00:00+00:00, run_after=2023-12-31T04:00:00+00:00
[2023-12-31T05:32:15.738+0000] {processor.py:183} INFO - Processing /home/airflow/.local/lib/python3.8/site-packages/airflow/example_dags/example_latest_only.py took 0.143 seconds
[2023-12-31T05:32:50.022+0000] {processor.py:161} INFO - Started process (PID=960) to work on /home/airflow/.local/lib/python3.8/site-packages/airflow/example_dags/example_latest_only.py
[2023-12-31T05:32:50.026+0000] {processor.py:830} INFO - Processing file /home/airflow/.local/lib/python3.8/site-packages/airflow/example_dags/example_latest_only.py for tasks to queue
[2023-12-31T05:32:50.055+0000] {logging_mixin.py:188} INFO - [2023-12-31T05:32:50.055+0000] {dagbag.py:538} INFO - Filling up the DagBag from /home/airflow/.local/lib/python3.8/site-packages/airflow/example_dags/example_latest_only.py
[2023-12-31T05:32:50.077+0000] {processor.py:840} INFO - DAG(s) 'latest_only' retrieved from /home/airflow/.local/lib/python3.8/site-packages/airflow/example_dags/example_latest_only.py
[2023-12-31T05:32:50.137+0000] {logging_mixin.py:188} INFO - [2023-12-31T05:32:50.137+0000] {dag.py:3033} INFO - Sync 1 DAGs
[2023-12-31T05:32:50.221+0000] {logging_mixin.py:188} INFO - [2023-12-31T05:32:50.220+0000] {dag.py:3820} INFO - Setting next_dagrun for latest_only to 2023-12-31T00:00:00+00:00, run_after=2023-12-31T04:00:00+00:00
[2023-12-31T05:32:50.291+0000] {processor.py:183} INFO - Processing /home/airflow/.local/lib/python3.8/site-packages/airflow/example_dags/example_latest_only.py took 0.279 seconds
[2023-12-31T05:33:50.110+0000] {processor.py:161} INFO - Started process (PID=1035) to work on /home/airflow/.local/lib/python3.8/site-packages/airflow/example_dags/example_latest_only.py
[2023-12-31T05:33:50.112+0000] {processor.py:830} INFO - Processing file /home/airflow/.local/lib/python3.8/site-packages/airflow/example_dags/example_latest_only.py for tasks to queue
[2023-12-31T05:33:50.115+0000] {logging_mixin.py:188} INFO - [2023-12-31T05:33:50.115+0000] {dagbag.py:538} INFO - Filling up the DagBag from /home/airflow/.local/lib/python3.8/site-packages/airflow/example_dags/example_latest_only.py
[2023-12-31T05:33:50.123+0000] {processor.py:840} INFO - DAG(s) 'latest_only' retrieved from /home/airflow/.local/lib/python3.8/site-packages/airflow/example_dags/example_latest_only.py
[2023-12-31T05:33:50.156+0000] {logging_mixin.py:188} INFO - [2023-12-31T05:33:50.156+0000] {dag.py:3033} INFO - Sync 1 DAGs
[2023-12-31T05:33:50.205+0000] {logging_mixin.py:188} INFO - [2023-12-31T05:33:50.204+0000] {dag.py:3820} INFO - Setting next_dagrun for latest_only to 2023-12-31T00:00:00+00:00, run_after=2023-12-31T04:00:00+00:00
[2023-12-31T05:33:50.282+0000] {processor.py:183} INFO - Processing /home/airflow/.local/lib/python3.8/site-packages/airflow/example_dags/example_latest_only.py took 0.176 seconds
[2023-12-31T05:34:44.710+0000] {processor.py:161} INFO - Started process (PID=1098) to work on /home/airflow/.local/lib/python3.8/site-packages/airflow/example_dags/example_latest_only.py
[2023-12-31T05:34:44.712+0000] {processor.py:830} INFO - Processing file /home/airflow/.local/lib/python3.8/site-packages/airflow/example_dags/example_latest_only.py for tasks to queue
[2023-12-31T05:34:44.717+0000] {logging_mixin.py:188} INFO - [2023-12-31T05:34:44.716+0000] {dagbag.py:538} INFO - Filling up the DagBag from /home/airflow/.local/lib/python3.8/site-packages/airflow/example_dags/example_latest_only.py
[2023-12-31T05:34:44.726+0000] {processor.py:840} INFO - DAG(s) 'latest_only' retrieved from /home/airflow/.local/lib/python3.8/site-packages/airflow/example_dags/example_latest_only.py
[2023-12-31T05:34:44.755+0000] {logging_mixin.py:188} INFO - [2023-12-31T05:34:44.755+0000] {dag.py:3033} INFO - Sync 1 DAGs
[2023-12-31T05:34:44.795+0000] {logging_mixin.py:188} INFO - [2023-12-31T05:34:44.795+0000] {dag.py:3820} INFO - Setting next_dagrun for latest_only to 2023-12-31T00:00:00+00:00, run_after=2023-12-31T04:00:00+00:00
[2023-12-31T05:34:44.835+0000] {processor.py:183} INFO - Processing /home/airflow/.local/lib/python3.8/site-packages/airflow/example_dags/example_latest_only.py took 0.129 seconds
[2023-12-31T05:35:16.401+0000] {processor.py:161} INFO - Started process (PID=1154) to work on /home/airflow/.local/lib/python3.8/site-packages/airflow/example_dags/example_latest_only.py
[2023-12-31T05:35:16.404+0000] {processor.py:830} INFO - Processing file /home/airflow/.local/lib/python3.8/site-packages/airflow/example_dags/example_latest_only.py for tasks to queue
[2023-12-31T05:35:16.407+0000] {logging_mixin.py:188} INFO - [2023-12-31T05:35:16.407+0000] {dagbag.py:538} INFO - Filling up the DagBag from /home/airflow/.local/lib/python3.8/site-packages/airflow/example_dags/example_latest_only.py
[2023-12-31T05:35:16.420+0000] {processor.py:840} INFO - DAG(s) 'latest_only' retrieved from /home/airflow/.local/lib/python3.8/site-packages/airflow/example_dags/example_latest_only.py
[2023-12-31T05:35:16.465+0000] {logging_mixin.py:188} INFO - [2023-12-31T05:35:16.464+0000] {dag.py:3033} INFO - Sync 1 DAGs
[2023-12-31T05:35:16.512+0000] {logging_mixin.py:188} INFO - [2023-12-31T05:35:16.512+0000] {dag.py:3820} INFO - Setting next_dagrun for latest_only to 2023-12-31T00:00:00+00:00, run_after=2023-12-31T04:00:00+00:00
[2023-12-31T05:35:16.574+0000] {processor.py:183} INFO - Processing /home/airflow/.local/lib/python3.8/site-packages/airflow/example_dags/example_latest_only.py took 0.181 seconds
[2023-12-31T05:35:50.068+0000] {processor.py:161} INFO - Started process (PID=1210) to work on /home/airflow/.local/lib/python3.8/site-packages/airflow/example_dags/example_latest_only.py
[2023-12-31T05:35:50.070+0000] {processor.py:830} INFO - Processing file /home/airflow/.local/lib/python3.8/site-packages/airflow/example_dags/example_latest_only.py for tasks to queue
[2023-12-31T05:35:50.077+0000] {logging_mixin.py:188} INFO - [2023-12-31T05:35:50.075+0000] {dagbag.py:538} INFO - Filling up the DagBag from /home/airflow/.local/lib/python3.8/site-packages/airflow/example_dags/example_latest_only.py
[2023-12-31T05:35:50.088+0000] {processor.py:840} INFO - DAG(s) 'latest_only' retrieved from /home/airflow/.local/lib/python3.8/site-packages/airflow/example_dags/example_latest_only.py
[2023-12-31T05:35:50.129+0000] {logging_mixin.py:188} INFO - [2023-12-31T05:35:50.129+0000] {dag.py:3033} INFO - Sync 1 DAGs
[2023-12-31T05:35:50.201+0000] {logging_mixin.py:188} INFO - [2023-12-31T05:35:50.201+0000] {dag.py:3820} INFO - Setting next_dagrun for latest_only to 2023-12-31T00:00:00+00:00, run_after=2023-12-31T04:00:00+00:00
[2023-12-31T05:35:50.264+0000] {processor.py:183} INFO - Processing /home/airflow/.local/lib/python3.8/site-packages/airflow/example_dags/example_latest_only.py took 0.203 seconds
[2023-12-31T05:36:21.729+0000] {processor.py:161} INFO - Started process (PID=1267) to work on /home/airflow/.local/lib/python3.8/site-packages/airflow/example_dags/example_latest_only.py
[2023-12-31T05:36:21.731+0000] {processor.py:830} INFO - Processing file /home/airflow/.local/lib/python3.8/site-packages/airflow/example_dags/example_latest_only.py for tasks to queue
[2023-12-31T05:36:21.736+0000] {logging_mixin.py:188} INFO - [2023-12-31T05:36:21.735+0000] {dagbag.py:538} INFO - Filling up the DagBag from /home/airflow/.local/lib/python3.8/site-packages/airflow/example_dags/example_latest_only.py
[2023-12-31T05:36:21.747+0000] {processor.py:840} INFO - DAG(s) 'latest_only' retrieved from /home/airflow/.local/lib/python3.8/site-packages/airflow/example_dags/example_latest_only.py
[2023-12-31T05:36:21.778+0000] {logging_mixin.py:188} INFO - [2023-12-31T05:36:21.777+0000] {dag.py:3033} INFO - Sync 1 DAGs
[2023-12-31T05:36:21.825+0000] {logging_mixin.py:188} INFO - [2023-12-31T05:36:21.824+0000] {dag.py:3820} INFO - Setting next_dagrun for latest_only to 2023-12-31T00:00:00+00:00, run_after=2023-12-31T04:00:00+00:00
[2023-12-31T05:36:21.871+0000] {processor.py:183} INFO - Processing /home/airflow/.local/lib/python3.8/site-packages/airflow/example_dags/example_latest_only.py took 0.149 seconds
[2023-12-31T05:36:53.166+0000] {processor.py:161} INFO - Started process (PID=1324) to work on /home/airflow/.local/lib/python3.8/site-packages/airflow/example_dags/example_latest_only.py
[2023-12-31T05:36:53.168+0000] {processor.py:830} INFO - Processing file /home/airflow/.local/lib/python3.8/site-packages/airflow/example_dags/example_latest_only.py for tasks to queue
[2023-12-31T05:36:53.173+0000] {logging_mixin.py:188} INFO - [2023-12-31T05:36:53.172+0000] {dagbag.py:538} INFO - Filling up the DagBag from /home/airflow/.local/lib/python3.8/site-packages/airflow/example_dags/example_latest_only.py
[2023-12-31T05:36:53.183+0000] {processor.py:840} INFO - DAG(s) 'latest_only' retrieved from /home/airflow/.local/lib/python3.8/site-packages/airflow/example_dags/example_latest_only.py
[2023-12-31T05:36:53.220+0000] {logging_mixin.py:188} INFO - [2023-12-31T05:36:53.219+0000] {dag.py:3033} INFO - Sync 1 DAGs
[2023-12-31T05:36:53.334+0000] {logging_mixin.py:188} INFO - [2023-12-31T05:36:53.333+0000] {dag.py:3820} INFO - Setting next_dagrun for latest_only to 2023-12-31T00:00:00+00:00, run_after=2023-12-31T04:00:00+00:00
[2023-12-31T05:36:53.423+0000] {processor.py:183} INFO - Processing /home/airflow/.local/lib/python3.8/site-packages/airflow/example_dags/example_latest_only.py took 0.263 seconds
[2023-12-31T05:37:24.268+0000] {processor.py:161} INFO - Started process (PID=1381) to work on /home/airflow/.local/lib/python3.8/site-packages/airflow/example_dags/example_latest_only.py
[2023-12-31T05:37:24.270+0000] {processor.py:830} INFO - Processing file /home/airflow/.local/lib/python3.8/site-packages/airflow/example_dags/example_latest_only.py for tasks to queue
[2023-12-31T05:37:24.274+0000] {logging_mixin.py:188} INFO - [2023-12-31T05:37:24.274+0000] {dagbag.py:538} INFO - Filling up the DagBag from /home/airflow/.local/lib/python3.8/site-packages/airflow/example_dags/example_latest_only.py
[2023-12-31T05:37:24.292+0000] {processor.py:840} INFO - DAG(s) 'latest_only' retrieved from /home/airflow/.local/lib/python3.8/site-packages/airflow/example_dags/example_latest_only.py
[2023-12-31T05:37:24.356+0000] {logging_mixin.py:188} INFO - [2023-12-31T05:37:24.356+0000] {dag.py:3033} INFO - Sync 1 DAGs
[2023-12-31T05:37:24.433+0000] {logging_mixin.py:188} INFO - [2023-12-31T05:37:24.433+0000] {dag.py:3820} INFO - Setting next_dagrun for latest_only to 2023-12-31T00:00:00+00:00, run_after=2023-12-31T04:00:00+00:00
[2023-12-31T05:37:24.488+0000] {processor.py:183} INFO - Processing /home/airflow/.local/lib/python3.8/site-packages/airflow/example_dags/example_latest_only.py took 0.231 seconds
[2023-12-31T05:37:55.514+0000] {processor.py:161} INFO - Started process (PID=1437) to work on /home/airflow/.local/lib/python3.8/site-packages/airflow/example_dags/example_latest_only.py
[2023-12-31T05:37:55.516+0000] {processor.py:830} INFO - Processing file /home/airflow/.local/lib/python3.8/site-packages/airflow/example_dags/example_latest_only.py for tasks to queue
[2023-12-31T05:37:55.520+0000] {logging_mixin.py:188} INFO - [2023-12-31T05:37:55.520+0000] {dagbag.py:538} INFO - Filling up the DagBag from /home/airflow/.local/lib/python3.8/site-packages/airflow/example_dags/example_latest_only.py
[2023-12-31T05:37:55.532+0000] {processor.py:840} INFO - DAG(s) 'latest_only' retrieved from /home/airflow/.local/lib/python3.8/site-packages/airflow/example_dags/example_latest_only.py
[2023-12-31T05:37:55.567+0000] {logging_mixin.py:188} INFO - [2023-12-31T05:37:55.567+0000] {dag.py:3033} INFO - Sync 1 DAGs
[2023-12-31T05:37:55.600+0000] {logging_mixin.py:188} INFO - [2023-12-31T05:37:55.600+0000] {dag.py:3820} INFO - Setting next_dagrun for latest_only to 2023-12-31T00:00:00+00:00, run_after=2023-12-31T04:00:00+00:00
[2023-12-31T05:37:55.634+0000] {processor.py:183} INFO - Processing /home/airflow/.local/lib/python3.8/site-packages/airflow/example_dags/example_latest_only.py took 0.126 seconds
[2023-12-31T05:38:26.303+0000] {processor.py:161} INFO - Started process (PID=1493) to work on /home/airflow/.local/lib/python3.8/site-packages/airflow/example_dags/example_latest_only.py
[2023-12-31T05:38:26.305+0000] {processor.py:830} INFO - Processing file /home/airflow/.local/lib/python3.8/site-packages/airflow/example_dags/example_latest_only.py for tasks to queue
[2023-12-31T05:38:26.311+0000] {logging_mixin.py:188} INFO - [2023-12-31T05:38:26.310+0000] {dagbag.py:538} INFO - Filling up the DagBag from /home/airflow/.local/lib/python3.8/site-packages/airflow/example_dags/example_latest_only.py
[2023-12-31T05:38:26.334+0000] {processor.py:840} INFO - DAG(s) 'latest_only' retrieved from /home/airflow/.local/lib/python3.8/site-packages/airflow/example_dags/example_latest_only.py
[2023-12-31T05:38:26.398+0000] {logging_mixin.py:188} INFO - [2023-12-31T05:38:26.398+0000] {dag.py:3033} INFO - Sync 1 DAGs
[2023-12-31T05:38:26.473+0000] {logging_mixin.py:188} INFO - [2023-12-31T05:38:26.473+0000] {dag.py:3820} INFO - Setting next_dagrun for latest_only to 2023-12-31T00:00:00+00:00, run_after=2023-12-31T04:00:00+00:00
[2023-12-31T05:38:26.528+0000] {processor.py:183} INFO - Processing /home/airflow/.local/lib/python3.8/site-packages/airflow/example_dags/example_latest_only.py took 0.241 seconds
[2023-12-31T05:38:56.747+0000] {processor.py:161} INFO - Started process (PID=1548) to work on /home/airflow/.local/lib/python3.8/site-packages/airflow/example_dags/example_latest_only.py
[2023-12-31T05:38:56.749+0000] {processor.py:830} INFO - Processing file /home/airflow/.local/lib/python3.8/site-packages/airflow/example_dags/example_latest_only.py for tasks to queue
[2023-12-31T05:38:56.753+0000] {logging_mixin.py:188} INFO - [2023-12-31T05:38:56.752+0000] {dagbag.py:538} INFO - Filling up the DagBag from /home/airflow/.local/lib/python3.8/site-packages/airflow/example_dags/example_latest_only.py
[2023-12-31T05:38:56.762+0000] {processor.py:840} INFO - DAG(s) 'latest_only' retrieved from /home/airflow/.local/lib/python3.8/site-packages/airflow/example_dags/example_latest_only.py
[2023-12-31T05:38:56.794+0000] {logging_mixin.py:188} INFO - [2023-12-31T05:38:56.794+0000] {dag.py:3033} INFO - Sync 1 DAGs
[2023-12-31T05:38:56.833+0000] {logging_mixin.py:188} INFO - [2023-12-31T05:38:56.833+0000] {dag.py:3820} INFO - Setting next_dagrun for latest_only to 2023-12-31T00:00:00+00:00, run_after=2023-12-31T04:00:00+00:00
[2023-12-31T05:38:56.871+0000] {processor.py:183} INFO - Processing /home/airflow/.local/lib/python3.8/site-packages/airflow/example_dags/example_latest_only.py took 0.129 seconds
[2023-12-31T05:39:26.917+0000] {processor.py:161} INFO - Started process (PID=1602) to work on /home/airflow/.local/lib/python3.8/site-packages/airflow/example_dags/example_latest_only.py
[2023-12-31T05:39:26.919+0000] {processor.py:830} INFO - Processing file /home/airflow/.local/lib/python3.8/site-packages/airflow/example_dags/example_latest_only.py for tasks to queue
[2023-12-31T05:39:26.923+0000] {logging_mixin.py:188} INFO - [2023-12-31T05:39:26.922+0000] {dagbag.py:538} INFO - Filling up the DagBag from /home/airflow/.local/lib/python3.8/site-packages/airflow/example_dags/example_latest_only.py
[2023-12-31T05:39:26.932+0000] {processor.py:840} INFO - DAG(s) 'latest_only' retrieved from /home/airflow/.local/lib/python3.8/site-packages/airflow/example_dags/example_latest_only.py
[2023-12-31T05:39:26.963+0000] {logging_mixin.py:188} INFO - [2023-12-31T05:39:26.963+0000] {dag.py:3033} INFO - Sync 1 DAGs
[2023-12-31T05:39:26.998+0000] {logging_mixin.py:188} INFO - [2023-12-31T05:39:26.998+0000] {dag.py:3820} INFO - Setting next_dagrun for latest_only to 2023-12-31T00:00:00+00:00, run_after=2023-12-31T04:00:00+00:00
[2023-12-31T05:39:27.029+0000] {processor.py:183} INFO - Processing /home/airflow/.local/lib/python3.8/site-packages/airflow/example_dags/example_latest_only.py took 0.117 seconds
[2023-12-31T05:39:57.851+0000] {processor.py:161} INFO - Started process (PID=1658) to work on /home/airflow/.local/lib/python3.8/site-packages/airflow/example_dags/example_latest_only.py
[2023-12-31T05:39:57.859+0000] {processor.py:830} INFO - Processing file /home/airflow/.local/lib/python3.8/site-packages/airflow/example_dags/example_latest_only.py for tasks to queue
[2023-12-31T05:39:57.870+0000] {logging_mixin.py:188} INFO - [2023-12-31T05:39:57.869+0000] {dagbag.py:538} INFO - Filling up the DagBag from /home/airflow/.local/lib/python3.8/site-packages/airflow/example_dags/example_latest_only.py
[2023-12-31T05:39:57.893+0000] {processor.py:840} INFO - DAG(s) 'latest_only' retrieved from /home/airflow/.local/lib/python3.8/site-packages/airflow/example_dags/example_latest_only.py
[2023-12-31T05:39:57.948+0000] {logging_mixin.py:188} INFO - [2023-12-31T05:39:57.947+0000] {dag.py:3033} INFO - Sync 1 DAGs
[2023-12-31T05:39:58.002+0000] {logging_mixin.py:188} INFO - [2023-12-31T05:39:58.002+0000] {dag.py:3820} INFO - Setting next_dagrun for latest_only to 2023-12-31T00:00:00+00:00, run_after=2023-12-31T04:00:00+00:00
[2023-12-31T05:39:58.069+0000] {processor.py:183} INFO - Processing /home/airflow/.local/lib/python3.8/site-packages/airflow/example_dags/example_latest_only.py took 0.232 seconds
[2023-12-31T05:40:28.230+0000] {processor.py:161} INFO - Started process (PID=1714) to work on /home/airflow/.local/lib/python3.8/site-packages/airflow/example_dags/example_latest_only.py
[2023-12-31T05:40:28.232+0000] {processor.py:830} INFO - Processing file /home/airflow/.local/lib/python3.8/site-packages/airflow/example_dags/example_latest_only.py for tasks to queue
[2023-12-31T05:40:28.235+0000] {logging_mixin.py:188} INFO - [2023-12-31T05:40:28.234+0000] {dagbag.py:538} INFO - Filling up the DagBag from /home/airflow/.local/lib/python3.8/site-packages/airflow/example_dags/example_latest_only.py
[2023-12-31T05:40:28.242+0000] {processor.py:840} INFO - DAG(s) 'latest_only' retrieved from /home/airflow/.local/lib/python3.8/site-packages/airflow/example_dags/example_latest_only.py
[2023-12-31T05:40:28.267+0000] {logging_mixin.py:188} INFO - [2023-12-31T05:40:28.267+0000] {dag.py:3033} INFO - Sync 1 DAGs
[2023-12-31T05:40:28.300+0000] {logging_mixin.py:188} INFO - [2023-12-31T05:40:28.300+0000] {dag.py:3820} INFO - Setting next_dagrun for latest_only to 2023-12-31T00:00:00+00:00, run_after=2023-12-31T04:00:00+00:00
[2023-12-31T05:40:28.334+0000] {processor.py:183} INFO - Processing /home/airflow/.local/lib/python3.8/site-packages/airflow/example_dags/example_latest_only.py took 0.109 seconds
[2023-12-31T05:40:58.784+0000] {processor.py:161} INFO - Started process (PID=1770) to work on /home/airflow/.local/lib/python3.8/site-packages/airflow/example_dags/example_latest_only.py
[2023-12-31T05:40:58.786+0000] {processor.py:830} INFO - Processing file /home/airflow/.local/lib/python3.8/site-packages/airflow/example_dags/example_latest_only.py for tasks to queue
[2023-12-31T05:40:58.789+0000] {logging_mixin.py:188} INFO - [2023-12-31T05:40:58.789+0000] {dagbag.py:538} INFO - Filling up the DagBag from /home/airflow/.local/lib/python3.8/site-packages/airflow/example_dags/example_latest_only.py
[2023-12-31T05:40:58.798+0000] {processor.py:840} INFO - DAG(s) 'latest_only' retrieved from /home/airflow/.local/lib/python3.8/site-packages/airflow/example_dags/example_latest_only.py
[2023-12-31T05:40:58.825+0000] {logging_mixin.py:188} INFO - [2023-12-31T05:40:58.825+0000] {dag.py:3033} INFO - Sync 1 DAGs
[2023-12-31T05:40:58.867+0000] {logging_mixin.py:188} INFO - [2023-12-31T05:40:58.867+0000] {dag.py:3820} INFO - Setting next_dagrun for latest_only to 2023-12-31T00:00:00+00:00, run_after=2023-12-31T04:00:00+00:00
[2023-12-31T05:40:58.910+0000] {processor.py:183} INFO - Processing /home/airflow/.local/lib/python3.8/site-packages/airflow/example_dags/example_latest_only.py took 0.131 seconds
[2023-12-31T05:41:30.699+0000] {processor.py:161} INFO - Started process (PID=1827) to work on /home/airflow/.local/lib/python3.8/site-packages/airflow/example_dags/example_latest_only.py
[2023-12-31T05:41:30.701+0000] {processor.py:830} INFO - Processing file /home/airflow/.local/lib/python3.8/site-packages/airflow/example_dags/example_latest_only.py for tasks to queue
[2023-12-31T05:41:30.705+0000] {logging_mixin.py:188} INFO - [2023-12-31T05:41:30.705+0000] {dagbag.py:538} INFO - Filling up the DagBag from /home/airflow/.local/lib/python3.8/site-packages/airflow/example_dags/example_latest_only.py
[2023-12-31T05:41:30.712+0000] {processor.py:840} INFO - DAG(s) 'latest_only' retrieved from /home/airflow/.local/lib/python3.8/site-packages/airflow/example_dags/example_latest_only.py
[2023-12-31T05:41:30.740+0000] {logging_mixin.py:188} INFO - [2023-12-31T05:41:30.740+0000] {dag.py:3033} INFO - Sync 1 DAGs
[2023-12-31T05:41:30.766+0000] {logging_mixin.py:188} INFO - [2023-12-31T05:41:30.766+0000] {dag.py:3820} INFO - Setting next_dagrun for latest_only to 2023-12-31T00:00:00+00:00, run_after=2023-12-31T04:00:00+00:00
[2023-12-31T05:41:31.117+0000] {processor.py:183} INFO - Processing /home/airflow/.local/lib/python3.8/site-packages/airflow/example_dags/example_latest_only.py took 0.421 seconds
[2023-12-31T05:42:01.230+0000] {processor.py:161} INFO - Started process (PID=1885) to work on /home/airflow/.local/lib/python3.8/site-packages/airflow/example_dags/example_latest_only.py
[2023-12-31T05:42:01.231+0000] {processor.py:830} INFO - Processing file /home/airflow/.local/lib/python3.8/site-packages/airflow/example_dags/example_latest_only.py for tasks to queue
[2023-12-31T05:42:01.234+0000] {logging_mixin.py:188} INFO - [2023-12-31T05:42:01.234+0000] {dagbag.py:538} INFO - Filling up the DagBag from /home/airflow/.local/lib/python3.8/site-packages/airflow/example_dags/example_latest_only.py
[2023-12-31T05:42:01.241+0000] {processor.py:840} INFO - DAG(s) 'latest_only' retrieved from /home/airflow/.local/lib/python3.8/site-packages/airflow/example_dags/example_latest_only.py
[2023-12-31T05:42:01.266+0000] {logging_mixin.py:188} INFO - [2023-12-31T05:42:01.266+0000] {dag.py:3033} INFO - Sync 1 DAGs
[2023-12-31T05:42:01.294+0000] {logging_mixin.py:188} INFO - [2023-12-31T05:42:01.293+0000] {dag.py:3820} INFO - Setting next_dagrun for latest_only to 2023-12-31T00:00:00+00:00, run_after=2023-12-31T04:00:00+00:00
[2023-12-31T05:42:01.321+0000] {processor.py:183} INFO - Processing /home/airflow/.local/lib/python3.8/site-packages/airflow/example_dags/example_latest_only.py took 0.095 seconds
