[2023-12-31T05:24:50.057+0000] {processor.py:161} INFO - Started process (PID=133) to work on /home/airflow/.local/lib/python3.8/site-packages/airflow/example_dags/example_external_task_marker_dag.py
[2023-12-31T05:24:50.060+0000] {processor.py:830} INFO - Processing file /home/airflow/.local/lib/python3.8/site-packages/airflow/example_dags/example_external_task_marker_dag.py for tasks to queue
[2023-12-31T05:24:50.066+0000] {logging_mixin.py:188} INFO - [2023-12-31T05:24:50.066+0000] {dagbag.py:538} INFO - Filling up the DagBag from /home/airflow/.local/lib/python3.8/site-packages/airflow/example_dags/example_external_task_marker_dag.py
[2023-12-31T05:24:50.085+0000] {processor.py:840} INFO - DAG(s) 'example_external_task_marker_child', 'example_external_task_marker_parent' retrieved from /home/airflow/.local/lib/python3.8/site-packages/airflow/example_dags/example_external_task_marker_dag.py
[2023-12-31T05:24:50.353+0000] {logging_mixin.py:188} INFO - [2023-12-31T05:24:50.352+0000] {dag.py:3033} INFO - Sync 2 DAGs
[2023-12-31T05:24:50.395+0000] {logging_mixin.py:188} INFO - [2023-12-31T05:24:50.395+0000] {dag.py:3820} INFO - Setting next_dagrun for example_external_task_marker_child to None, run_after=None
[2023-12-31T05:24:50.403+0000] {logging_mixin.py:188} INFO - [2023-12-31T05:24:50.402+0000] {dag.py:3820} INFO - Setting next_dagrun for example_external_task_marker_parent to None, run_after=None
[2023-12-31T05:24:50.465+0000] {processor.py:183} INFO - Processing /home/airflow/.local/lib/python3.8/site-packages/airflow/example_dags/example_external_task_marker_dag.py took 0.417 seconds
[2023-12-31T05:25:20.625+0000] {processor.py:161} INFO - Started process (PID=190) to work on /home/airflow/.local/lib/python3.8/site-packages/airflow/example_dags/example_external_task_marker_dag.py
[2023-12-31T05:25:20.644+0000] {processor.py:830} INFO - Processing file /home/airflow/.local/lib/python3.8/site-packages/airflow/example_dags/example_external_task_marker_dag.py for tasks to queue
[2023-12-31T05:25:20.648+0000] {logging_mixin.py:188} INFO - [2023-12-31T05:25:20.648+0000] {dagbag.py:538} INFO - Filling up the DagBag from /home/airflow/.local/lib/python3.8/site-packages/airflow/example_dags/example_external_task_marker_dag.py
[2023-12-31T05:25:20.665+0000] {processor.py:840} INFO - DAG(s) 'example_external_task_marker_parent', 'example_external_task_marker_child' retrieved from /home/airflow/.local/lib/python3.8/site-packages/airflow/example_dags/example_external_task_marker_dag.py
[2023-12-31T05:25:20.727+0000] {logging_mixin.py:188} INFO - [2023-12-31T05:25:20.727+0000] {dag.py:3033} INFO - Sync 2 DAGs
[2023-12-31T05:25:20.757+0000] {logging_mixin.py:188} INFO - [2023-12-31T05:25:20.756+0000] {dag.py:3820} INFO - Setting next_dagrun for example_external_task_marker_child to None, run_after=None
[2023-12-31T05:25:20.762+0000] {logging_mixin.py:188} INFO - [2023-12-31T05:25:20.762+0000] {dag.py:3820} INFO - Setting next_dagrun for example_external_task_marker_parent to None, run_after=None
[2023-12-31T05:25:20.793+0000] {processor.py:183} INFO - Processing /home/airflow/.local/lib/python3.8/site-packages/airflow/example_dags/example_external_task_marker_dag.py took 0.182 seconds
[2023-12-31T05:26:14.424+0000] {processor.py:161} INFO - Started process (PID=246) to work on /home/airflow/.local/lib/python3.8/site-packages/airflow/example_dags/example_external_task_marker_dag.py
[2023-12-31T05:26:14.427+0000] {processor.py:830} INFO - Processing file /home/airflow/.local/lib/python3.8/site-packages/airflow/example_dags/example_external_task_marker_dag.py for tasks to queue
[2023-12-31T05:26:14.434+0000] {logging_mixin.py:188} INFO - [2023-12-31T05:26:14.433+0000] {dagbag.py:538} INFO - Filling up the DagBag from /home/airflow/.local/lib/python3.8/site-packages/airflow/example_dags/example_external_task_marker_dag.py
[2023-12-31T05:26:14.472+0000] {processor.py:840} INFO - DAG(s) 'example_external_task_marker_child', 'example_external_task_marker_parent' retrieved from /home/airflow/.local/lib/python3.8/site-packages/airflow/example_dags/example_external_task_marker_dag.py
[2023-12-31T05:26:14.576+0000] {logging_mixin.py:188} INFO - [2023-12-31T05:26:14.575+0000] {dag.py:3033} INFO - Sync 2 DAGs
[2023-12-31T05:26:14.608+0000] {logging_mixin.py:188} INFO - [2023-12-31T05:26:14.608+0000] {dag.py:3820} INFO - Setting next_dagrun for example_external_task_marker_child to None, run_after=None
[2023-12-31T05:26:14.622+0000] {logging_mixin.py:188} INFO - [2023-12-31T05:26:14.622+0000] {dag.py:3820} INFO - Setting next_dagrun for example_external_task_marker_parent to None, run_after=None
[2023-12-31T05:26:14.684+0000] {processor.py:183} INFO - Processing /home/airflow/.local/lib/python3.8/site-packages/airflow/example_dags/example_external_task_marker_dag.py took 0.277 seconds
[2023-12-31T05:26:45.164+0000] {processor.py:161} INFO - Started process (PID=302) to work on /home/airflow/.local/lib/python3.8/site-packages/airflow/example_dags/example_external_task_marker_dag.py
[2023-12-31T05:26:45.239+0000] {processor.py:830} INFO - Processing file /home/airflow/.local/lib/python3.8/site-packages/airflow/example_dags/example_external_task_marker_dag.py for tasks to queue
[2023-12-31T05:26:45.410+0000] {logging_mixin.py:188} INFO - [2023-12-31T05:26:45.409+0000] {dagbag.py:538} INFO - Filling up the DagBag from /home/airflow/.local/lib/python3.8/site-packages/airflow/example_dags/example_external_task_marker_dag.py
[2023-12-31T05:26:45.432+0000] {processor.py:840} INFO - DAG(s) 'example_external_task_marker_parent', 'example_external_task_marker_child' retrieved from /home/airflow/.local/lib/python3.8/site-packages/airflow/example_dags/example_external_task_marker_dag.py
[2023-12-31T05:26:45.685+0000] {logging_mixin.py:188} INFO - [2023-12-31T05:26:45.685+0000] {dag.py:3033} INFO - Sync 2 DAGs
[2023-12-31T05:26:45.701+0000] {logging_mixin.py:188} INFO - [2023-12-31T05:26:45.701+0000] {dag.py:3820} INFO - Setting next_dagrun for example_external_task_marker_child to None, run_after=None
[2023-12-31T05:26:45.707+0000] {logging_mixin.py:188} INFO - [2023-12-31T05:26:45.706+0000] {dag.py:3820} INFO - Setting next_dagrun for example_external_task_marker_parent to None, run_after=None
[2023-12-31T05:26:46.253+0000] {processor.py:183} INFO - Processing /home/airflow/.local/lib/python3.8/site-packages/airflow/example_dags/example_external_task_marker_dag.py took 1.094 seconds
[2023-12-31T05:27:16.969+0000] {processor.py:161} INFO - Started process (PID=358) to work on /home/airflow/.local/lib/python3.8/site-packages/airflow/example_dags/example_external_task_marker_dag.py
[2023-12-31T05:27:16.971+0000] {processor.py:830} INFO - Processing file /home/airflow/.local/lib/python3.8/site-packages/airflow/example_dags/example_external_task_marker_dag.py for tasks to queue
[2023-12-31T05:27:16.974+0000] {logging_mixin.py:188} INFO - [2023-12-31T05:27:16.974+0000] {dagbag.py:538} INFO - Filling up the DagBag from /home/airflow/.local/lib/python3.8/site-packages/airflow/example_dags/example_external_task_marker_dag.py
[2023-12-31T05:27:16.982+0000] {processor.py:840} INFO - DAG(s) 'example_external_task_marker_child', 'example_external_task_marker_parent' retrieved from /home/airflow/.local/lib/python3.8/site-packages/airflow/example_dags/example_external_task_marker_dag.py
[2023-12-31T05:27:17.018+0000] {logging_mixin.py:188} INFO - [2023-12-31T05:27:17.017+0000] {dag.py:3033} INFO - Sync 2 DAGs
[2023-12-31T05:27:17.037+0000] {logging_mixin.py:188} INFO - [2023-12-31T05:27:17.037+0000] {dag.py:3820} INFO - Setting next_dagrun for example_external_task_marker_child to None, run_after=None
[2023-12-31T05:27:17.042+0000] {logging_mixin.py:188} INFO - [2023-12-31T05:27:17.042+0000] {dag.py:3820} INFO - Setting next_dagrun for example_external_task_marker_parent to None, run_after=None
[2023-12-31T05:27:17.478+0000] {processor.py:183} INFO - Processing /home/airflow/.local/lib/python3.8/site-packages/airflow/example_dags/example_external_task_marker_dag.py took 0.513 seconds
[2023-12-31T05:27:47.594+0000] {processor.py:161} INFO - Started process (PID=407) to work on /home/airflow/.local/lib/python3.8/site-packages/airflow/example_dags/example_external_task_marker_dag.py
[2023-12-31T05:27:47.620+0000] {processor.py:830} INFO - Processing file /home/airflow/.local/lib/python3.8/site-packages/airflow/example_dags/example_external_task_marker_dag.py for tasks to queue
[2023-12-31T05:27:47.623+0000] {logging_mixin.py:188} INFO - [2023-12-31T05:27:47.623+0000] {dagbag.py:538} INFO - Filling up the DagBag from /home/airflow/.local/lib/python3.8/site-packages/airflow/example_dags/example_external_task_marker_dag.py
[2023-12-31T05:27:47.634+0000] {processor.py:840} INFO - DAG(s) 'example_external_task_marker_parent', 'example_external_task_marker_child' retrieved from /home/airflow/.local/lib/python3.8/site-packages/airflow/example_dags/example_external_task_marker_dag.py
[2023-12-31T05:27:47.667+0000] {logging_mixin.py:188} INFO - [2023-12-31T05:27:47.667+0000] {dag.py:3033} INFO - Sync 2 DAGs
[2023-12-31T05:27:47.683+0000] {logging_mixin.py:188} INFO - [2023-12-31T05:27:47.682+0000] {dag.py:3820} INFO - Setting next_dagrun for example_external_task_marker_child to None, run_after=None
[2023-12-31T05:27:47.688+0000] {logging_mixin.py:188} INFO - [2023-12-31T05:27:47.687+0000] {dag.py:3820} INFO - Setting next_dagrun for example_external_task_marker_parent to None, run_after=None
[2023-12-31T05:27:48.104+0000] {processor.py:183} INFO - Processing /home/airflow/.local/lib/python3.8/site-packages/airflow/example_dags/example_external_task_marker_dag.py took 0.514 seconds
[2023-12-31T05:28:18.945+0000] {processor.py:161} INFO - Started process (PID=463) to work on /home/airflow/.local/lib/python3.8/site-packages/airflow/example_dags/example_external_task_marker_dag.py
[2023-12-31T05:28:18.947+0000] {processor.py:830} INFO - Processing file /home/airflow/.local/lib/python3.8/site-packages/airflow/example_dags/example_external_task_marker_dag.py for tasks to queue
[2023-12-31T05:28:18.952+0000] {logging_mixin.py:188} INFO - [2023-12-31T05:28:18.950+0000] {dagbag.py:538} INFO - Filling up the DagBag from /home/airflow/.local/lib/python3.8/site-packages/airflow/example_dags/example_external_task_marker_dag.py
[2023-12-31T05:28:18.960+0000] {processor.py:840} INFO - DAG(s) 'example_external_task_marker_parent', 'example_external_task_marker_child' retrieved from /home/airflow/.local/lib/python3.8/site-packages/airflow/example_dags/example_external_task_marker_dag.py
[2023-12-31T05:28:19.004+0000] {logging_mixin.py:188} INFO - [2023-12-31T05:28:19.004+0000] {dag.py:3033} INFO - Sync 2 DAGs
[2023-12-31T05:28:19.021+0000] {logging_mixin.py:188} INFO - [2023-12-31T05:28:19.021+0000] {dag.py:3820} INFO - Setting next_dagrun for example_external_task_marker_child to None, run_after=None
[2023-12-31T05:28:19.027+0000] {logging_mixin.py:188} INFO - [2023-12-31T05:28:19.027+0000] {dag.py:3820} INFO - Setting next_dagrun for example_external_task_marker_parent to None, run_after=None
[2023-12-31T05:28:19.059+0000] {processor.py:183} INFO - Processing /home/airflow/.local/lib/python3.8/site-packages/airflow/example_dags/example_external_task_marker_dag.py took 0.120 seconds
[2023-12-31T05:28:49.848+0000] {processor.py:161} INFO - Started process (PID=519) to work on /home/airflow/.local/lib/python3.8/site-packages/airflow/example_dags/example_external_task_marker_dag.py
[2023-12-31T05:28:49.849+0000] {processor.py:830} INFO - Processing file /home/airflow/.local/lib/python3.8/site-packages/airflow/example_dags/example_external_task_marker_dag.py for tasks to queue
[2023-12-31T05:28:49.852+0000] {logging_mixin.py:188} INFO - [2023-12-31T05:28:49.852+0000] {dagbag.py:538} INFO - Filling up the DagBag from /home/airflow/.local/lib/python3.8/site-packages/airflow/example_dags/example_external_task_marker_dag.py
[2023-12-31T05:28:49.861+0000] {processor.py:840} INFO - DAG(s) 'example_external_task_marker_child', 'example_external_task_marker_parent' retrieved from /home/airflow/.local/lib/python3.8/site-packages/airflow/example_dags/example_external_task_marker_dag.py
[2023-12-31T05:28:49.891+0000] {logging_mixin.py:188} INFO - [2023-12-31T05:28:49.891+0000] {dag.py:3033} INFO - Sync 2 DAGs
[2023-12-31T05:28:49.911+0000] {logging_mixin.py:188} INFO - [2023-12-31T05:28:49.911+0000] {dag.py:3820} INFO - Setting next_dagrun for example_external_task_marker_child to None, run_after=None
[2023-12-31T05:28:49.918+0000] {logging_mixin.py:188} INFO - [2023-12-31T05:28:49.918+0000] {dag.py:3820} INFO - Setting next_dagrun for example_external_task_marker_parent to None, run_after=None
[2023-12-31T05:28:49.959+0000] {processor.py:183} INFO - Processing /home/airflow/.local/lib/python3.8/site-packages/airflow/example_dags/example_external_task_marker_dag.py took 0.118 seconds
[2023-12-31T05:29:20.775+0000] {processor.py:161} INFO - Started process (PID=575) to work on /home/airflow/.local/lib/python3.8/site-packages/airflow/example_dags/example_external_task_marker_dag.py
[2023-12-31T05:29:20.779+0000] {processor.py:830} INFO - Processing file /home/airflow/.local/lib/python3.8/site-packages/airflow/example_dags/example_external_task_marker_dag.py for tasks to queue
[2023-12-31T05:29:20.784+0000] {logging_mixin.py:188} INFO - [2023-12-31T05:29:20.784+0000] {dagbag.py:538} INFO - Filling up the DagBag from /home/airflow/.local/lib/python3.8/site-packages/airflow/example_dags/example_external_task_marker_dag.py
[2023-12-31T05:29:20.796+0000] {processor.py:840} INFO - DAG(s) 'example_external_task_marker_parent', 'example_external_task_marker_child' retrieved from /home/airflow/.local/lib/python3.8/site-packages/airflow/example_dags/example_external_task_marker_dag.py
[2023-12-31T05:29:20.833+0000] {logging_mixin.py:188} INFO - [2023-12-31T05:29:20.833+0000] {dag.py:3033} INFO - Sync 2 DAGs
[2023-12-31T05:29:20.850+0000] {logging_mixin.py:188} INFO - [2023-12-31T05:29:20.849+0000] {dag.py:3820} INFO - Setting next_dagrun for example_external_task_marker_child to None, run_after=None
[2023-12-31T05:29:20.855+0000] {logging_mixin.py:188} INFO - [2023-12-31T05:29:20.855+0000] {dag.py:3820} INFO - Setting next_dagrun for example_external_task_marker_parent to None, run_after=None
[2023-12-31T05:29:20.893+0000] {processor.py:183} INFO - Processing /home/airflow/.local/lib/python3.8/site-packages/airflow/example_dags/example_external_task_marker_dag.py took 0.126 seconds
[2023-12-31T05:29:53.147+0000] {processor.py:161} INFO - Started process (PID=638) to work on /home/airflow/.local/lib/python3.8/site-packages/airflow/example_dags/example_external_task_marker_dag.py
[2023-12-31T05:29:53.150+0000] {processor.py:830} INFO - Processing file /home/airflow/.local/lib/python3.8/site-packages/airflow/example_dags/example_external_task_marker_dag.py for tasks to queue
[2023-12-31T05:29:53.162+0000] {logging_mixin.py:188} INFO - [2023-12-31T05:29:53.162+0000] {dagbag.py:538} INFO - Filling up the DagBag from /home/airflow/.local/lib/python3.8/site-packages/airflow/example_dags/example_external_task_marker_dag.py
[2023-12-31T05:29:53.186+0000] {processor.py:840} INFO - DAG(s) 'example_external_task_marker_parent', 'example_external_task_marker_child' retrieved from /home/airflow/.local/lib/python3.8/site-packages/airflow/example_dags/example_external_task_marker_dag.py
[2023-12-31T05:29:53.288+0000] {logging_mixin.py:188} INFO - [2023-12-31T05:29:53.288+0000] {dag.py:3033} INFO - Sync 2 DAGs
[2023-12-31T05:29:53.330+0000] {logging_mixin.py:188} INFO - [2023-12-31T05:29:53.330+0000] {dag.py:3820} INFO - Setting next_dagrun for example_external_task_marker_child to None, run_after=None
[2023-12-31T05:29:53.342+0000] {logging_mixin.py:188} INFO - [2023-12-31T05:29:53.342+0000] {dag.py:3820} INFO - Setting next_dagrun for example_external_task_marker_parent to None, run_after=None
[2023-12-31T05:29:53.400+0000] {processor.py:183} INFO - Processing /home/airflow/.local/lib/python3.8/site-packages/airflow/example_dags/example_external_task_marker_dag.py took 0.260 seconds
[2023-12-31T05:30:23.440+0000] {processor.py:161} INFO - Started process (PID=692) to work on /home/airflow/.local/lib/python3.8/site-packages/airflow/example_dags/example_external_task_marker_dag.py
[2023-12-31T05:30:23.441+0000] {processor.py:830} INFO - Processing file /home/airflow/.local/lib/python3.8/site-packages/airflow/example_dags/example_external_task_marker_dag.py for tasks to queue
[2023-12-31T05:30:23.444+0000] {logging_mixin.py:188} INFO - [2023-12-31T05:30:23.443+0000] {dagbag.py:538} INFO - Filling up the DagBag from /home/airflow/.local/lib/python3.8/site-packages/airflow/example_dags/example_external_task_marker_dag.py
[2023-12-31T05:30:23.452+0000] {processor.py:840} INFO - DAG(s) 'example_external_task_marker_child', 'example_external_task_marker_parent' retrieved from /home/airflow/.local/lib/python3.8/site-packages/airflow/example_dags/example_external_task_marker_dag.py
[2023-12-31T05:30:23.483+0000] {logging_mixin.py:188} INFO - [2023-12-31T05:30:23.482+0000] {dag.py:3033} INFO - Sync 2 DAGs
[2023-12-31T05:30:23.501+0000] {logging_mixin.py:188} INFO - [2023-12-31T05:30:23.501+0000] {dag.py:3820} INFO - Setting next_dagrun for example_external_task_marker_child to None, run_after=None
[2023-12-31T05:30:23.507+0000] {logging_mixin.py:188} INFO - [2023-12-31T05:30:23.506+0000] {dag.py:3820} INFO - Setting next_dagrun for example_external_task_marker_parent to None, run_after=None
[2023-12-31T05:30:23.543+0000] {processor.py:183} INFO - Processing /home/airflow/.local/lib/python3.8/site-packages/airflow/example_dags/example_external_task_marker_dag.py took 0.111 seconds
[2023-12-31T05:30:54.417+0000] {processor.py:161} INFO - Started process (PID=748) to work on /home/airflow/.local/lib/python3.8/site-packages/airflow/example_dags/example_external_task_marker_dag.py
[2023-12-31T05:30:54.419+0000] {processor.py:830} INFO - Processing file /home/airflow/.local/lib/python3.8/site-packages/airflow/example_dags/example_external_task_marker_dag.py for tasks to queue
[2023-12-31T05:30:54.422+0000] {logging_mixin.py:188} INFO - [2023-12-31T05:30:54.422+0000] {dagbag.py:538} INFO - Filling up the DagBag from /home/airflow/.local/lib/python3.8/site-packages/airflow/example_dags/example_external_task_marker_dag.py
[2023-12-31T05:30:54.430+0000] {processor.py:840} INFO - DAG(s) 'example_external_task_marker_child', 'example_external_task_marker_parent' retrieved from /home/airflow/.local/lib/python3.8/site-packages/airflow/example_dags/example_external_task_marker_dag.py
[2023-12-31T05:30:54.461+0000] {logging_mixin.py:188} INFO - [2023-12-31T05:30:54.461+0000] {dag.py:3033} INFO - Sync 2 DAGs
[2023-12-31T05:30:54.477+0000] {logging_mixin.py:188} INFO - [2023-12-31T05:30:54.477+0000] {dag.py:3820} INFO - Setting next_dagrun for example_external_task_marker_child to None, run_after=None
[2023-12-31T05:30:54.482+0000] {logging_mixin.py:188} INFO - [2023-12-31T05:30:54.481+0000] {dag.py:3820} INFO - Setting next_dagrun for example_external_task_marker_parent to None, run_after=None
[2023-12-31T05:30:54.511+0000] {processor.py:183} INFO - Processing /home/airflow/.local/lib/python3.8/site-packages/airflow/example_dags/example_external_task_marker_dag.py took 0.097 seconds
[2023-12-31T05:31:24.737+0000] {processor.py:161} INFO - Started process (PID=804) to work on /home/airflow/.local/lib/python3.8/site-packages/airflow/example_dags/example_external_task_marker_dag.py
[2023-12-31T05:31:24.739+0000] {processor.py:830} INFO - Processing file /home/airflow/.local/lib/python3.8/site-packages/airflow/example_dags/example_external_task_marker_dag.py for tasks to queue
[2023-12-31T05:31:24.743+0000] {logging_mixin.py:188} INFO - [2023-12-31T05:31:24.742+0000] {dagbag.py:538} INFO - Filling up the DagBag from /home/airflow/.local/lib/python3.8/site-packages/airflow/example_dags/example_external_task_marker_dag.py
[2023-12-31T05:31:24.751+0000] {processor.py:840} INFO - DAG(s) 'example_external_task_marker_child', 'example_external_task_marker_parent' retrieved from /home/airflow/.local/lib/python3.8/site-packages/airflow/example_dags/example_external_task_marker_dag.py
[2023-12-31T05:31:24.789+0000] {logging_mixin.py:188} INFO - [2023-12-31T05:31:24.788+0000] {dag.py:3033} INFO - Sync 2 DAGs
[2023-12-31T05:31:24.806+0000] {logging_mixin.py:188} INFO - [2023-12-31T05:31:24.806+0000] {dag.py:3820} INFO - Setting next_dagrun for example_external_task_marker_child to None, run_after=None
[2023-12-31T05:31:24.813+0000] {logging_mixin.py:188} INFO - [2023-12-31T05:31:24.812+0000] {dag.py:3820} INFO - Setting next_dagrun for example_external_task_marker_parent to None, run_after=None
[2023-12-31T05:31:24.843+0000] {processor.py:183} INFO - Processing /home/airflow/.local/lib/python3.8/site-packages/airflow/example_dags/example_external_task_marker_dag.py took 0.109 seconds
[2023-12-31T05:31:55.257+0000] {processor.py:161} INFO - Started process (PID=861) to work on /home/airflow/.local/lib/python3.8/site-packages/airflow/example_dags/example_external_task_marker_dag.py
[2023-12-31T05:31:55.259+0000] {processor.py:830} INFO - Processing file /home/airflow/.local/lib/python3.8/site-packages/airflow/example_dags/example_external_task_marker_dag.py for tasks to queue
[2023-12-31T05:31:55.263+0000] {logging_mixin.py:188} INFO - [2023-12-31T05:31:55.263+0000] {dagbag.py:538} INFO - Filling up the DagBag from /home/airflow/.local/lib/python3.8/site-packages/airflow/example_dags/example_external_task_marker_dag.py
[2023-12-31T05:31:55.273+0000] {processor.py:840} INFO - DAG(s) 'example_external_task_marker_parent', 'example_external_task_marker_child' retrieved from /home/airflow/.local/lib/python3.8/site-packages/airflow/example_dags/example_external_task_marker_dag.py
[2023-12-31T05:31:55.322+0000] {logging_mixin.py:188} INFO - [2023-12-31T05:31:55.322+0000] {dag.py:3033} INFO - Sync 2 DAGs
[2023-12-31T05:31:55.352+0000] {logging_mixin.py:188} INFO - [2023-12-31T05:31:55.351+0000] {dag.py:3820} INFO - Setting next_dagrun for example_external_task_marker_child to None, run_after=None
[2023-12-31T05:31:55.358+0000] {logging_mixin.py:188} INFO - [2023-12-31T05:31:55.357+0000] {dag.py:3820} INFO - Setting next_dagrun for example_external_task_marker_parent to None, run_after=None
[2023-12-31T05:31:55.406+0000] {processor.py:183} INFO - Processing /home/airflow/.local/lib/python3.8/site-packages/airflow/example_dags/example_external_task_marker_dag.py took 0.154 seconds
[2023-12-31T05:32:26.966+0000] {processor.py:161} INFO - Started process (PID=920) to work on /home/airflow/.local/lib/python3.8/site-packages/airflow/example_dags/example_external_task_marker_dag.py
[2023-12-31T05:32:26.968+0000] {processor.py:830} INFO - Processing file /home/airflow/.local/lib/python3.8/site-packages/airflow/example_dags/example_external_task_marker_dag.py for tasks to queue
[2023-12-31T05:32:26.974+0000] {logging_mixin.py:188} INFO - [2023-12-31T05:32:26.973+0000] {dagbag.py:538} INFO - Filling up the DagBag from /home/airflow/.local/lib/python3.8/site-packages/airflow/example_dags/example_external_task_marker_dag.py
[2023-12-31T05:32:26.984+0000] {processor.py:840} INFO - DAG(s) 'example_external_task_marker_parent', 'example_external_task_marker_child' retrieved from /home/airflow/.local/lib/python3.8/site-packages/airflow/example_dags/example_external_task_marker_dag.py
[2023-12-31T05:32:27.029+0000] {logging_mixin.py:188} INFO - [2023-12-31T05:32:27.029+0000] {dag.py:3033} INFO - Sync 2 DAGs
[2023-12-31T05:32:27.059+0000] {logging_mixin.py:188} INFO - [2023-12-31T05:32:27.059+0000] {dag.py:3820} INFO - Setting next_dagrun for example_external_task_marker_child to None, run_after=None
[2023-12-31T05:32:27.070+0000] {logging_mixin.py:188} INFO - [2023-12-31T05:32:27.070+0000] {dag.py:3820} INFO - Setting next_dagrun for example_external_task_marker_parent to None, run_after=None
[2023-12-31T05:32:27.121+0000] {processor.py:183} INFO - Processing /home/airflow/.local/lib/python3.8/site-packages/airflow/example_dags/example_external_task_marker_dag.py took 0.158 seconds
[2023-12-31T05:33:13.517+0000] {processor.py:161} INFO - Started process (PID=981) to work on /home/airflow/.local/lib/python3.8/site-packages/airflow/example_dags/example_external_task_marker_dag.py
[2023-12-31T05:33:13.587+0000] {processor.py:830} INFO - Processing file /home/airflow/.local/lib/python3.8/site-packages/airflow/example_dags/example_external_task_marker_dag.py for tasks to queue
[2023-12-31T05:33:13.590+0000] {logging_mixin.py:188} INFO - [2023-12-31T05:33:13.590+0000] {dagbag.py:538} INFO - Filling up the DagBag from /home/airflow/.local/lib/python3.8/site-packages/airflow/example_dags/example_external_task_marker_dag.py
[2023-12-31T05:33:13.790+0000] {processor.py:840} INFO - DAG(s) 'example_external_task_marker_child', 'example_external_task_marker_parent' retrieved from /home/airflow/.local/lib/python3.8/site-packages/airflow/example_dags/example_external_task_marker_dag.py
[2023-12-31T05:33:14.466+0000] {logging_mixin.py:188} INFO - [2023-12-31T05:33:14.465+0000] {dag.py:3033} INFO - Sync 2 DAGs
[2023-12-31T05:33:14.486+0000] {logging_mixin.py:188} INFO - [2023-12-31T05:33:14.485+0000] {dag.py:3820} INFO - Setting next_dagrun for example_external_task_marker_child to None, run_after=None
[2023-12-31T05:33:14.537+0000] {logging_mixin.py:188} INFO - [2023-12-31T05:33:14.536+0000] {dag.py:3820} INFO - Setting next_dagrun for example_external_task_marker_parent to None, run_after=None
[2023-12-31T05:33:15.002+0000] {processor.py:183} INFO - Processing /home/airflow/.local/lib/python3.8/site-packages/airflow/example_dags/example_external_task_marker_dag.py took 1.490 seconds
[2023-12-31T05:33:49.803+0000] {processor.py:161} INFO - Started process (PID=1032) to work on /home/airflow/.local/lib/python3.8/site-packages/airflow/example_dags/example_external_task_marker_dag.py
[2023-12-31T05:33:49.805+0000] {processor.py:830} INFO - Processing file /home/airflow/.local/lib/python3.8/site-packages/airflow/example_dags/example_external_task_marker_dag.py for tasks to queue
[2023-12-31T05:33:49.809+0000] {logging_mixin.py:188} INFO - [2023-12-31T05:33:49.808+0000] {dagbag.py:538} INFO - Filling up the DagBag from /home/airflow/.local/lib/python3.8/site-packages/airflow/example_dags/example_external_task_marker_dag.py
[2023-12-31T05:33:49.818+0000] {processor.py:840} INFO - DAG(s) 'example_external_task_marker_child', 'example_external_task_marker_parent' retrieved from /home/airflow/.local/lib/python3.8/site-packages/airflow/example_dags/example_external_task_marker_dag.py
[2023-12-31T05:33:49.870+0000] {logging_mixin.py:188} INFO - [2023-12-31T05:33:49.869+0000] {dag.py:3033} INFO - Sync 2 DAGs
[2023-12-31T05:33:49.898+0000] {logging_mixin.py:188} INFO - [2023-12-31T05:33:49.898+0000] {dag.py:3820} INFO - Setting next_dagrun for example_external_task_marker_child to None, run_after=None
[2023-12-31T05:33:49.905+0000] {logging_mixin.py:188} INFO - [2023-12-31T05:33:49.905+0000] {dag.py:3820} INFO - Setting next_dagrun for example_external_task_marker_parent to None, run_after=None
[2023-12-31T05:33:49.945+0000] {processor.py:183} INFO - Processing /home/airflow/.local/lib/python3.8/site-packages/airflow/example_dags/example_external_task_marker_dag.py took 0.147 seconds
[2023-12-31T05:34:44.297+0000] {processor.py:161} INFO - Started process (PID=1095) to work on /home/airflow/.local/lib/python3.8/site-packages/airflow/example_dags/example_external_task_marker_dag.py
[2023-12-31T05:34:44.300+0000] {processor.py:830} INFO - Processing file /home/airflow/.local/lib/python3.8/site-packages/airflow/example_dags/example_external_task_marker_dag.py for tasks to queue
[2023-12-31T05:34:44.307+0000] {logging_mixin.py:188} INFO - [2023-12-31T05:34:44.306+0000] {dagbag.py:538} INFO - Filling up the DagBag from /home/airflow/.local/lib/python3.8/site-packages/airflow/example_dags/example_external_task_marker_dag.py
[2023-12-31T05:34:44.323+0000] {processor.py:840} INFO - DAG(s) 'example_external_task_marker_child', 'example_external_task_marker_parent' retrieved from /home/airflow/.local/lib/python3.8/site-packages/airflow/example_dags/example_external_task_marker_dag.py
[2023-12-31T05:34:44.371+0000] {logging_mixin.py:188} INFO - [2023-12-31T05:34:44.371+0000] {dag.py:3033} INFO - Sync 2 DAGs
[2023-12-31T05:34:44.401+0000] {logging_mixin.py:188} INFO - [2023-12-31T05:34:44.401+0000] {dag.py:3820} INFO - Setting next_dagrun for example_external_task_marker_child to None, run_after=None
[2023-12-31T05:34:44.409+0000] {logging_mixin.py:188} INFO - [2023-12-31T05:34:44.408+0000] {dag.py:3820} INFO - Setting next_dagrun for example_external_task_marker_parent to None, run_after=None
[2023-12-31T05:34:44.456+0000] {processor.py:183} INFO - Processing /home/airflow/.local/lib/python3.8/site-packages/airflow/example_dags/example_external_task_marker_dag.py took 0.167 seconds
[2023-12-31T05:35:15.815+0000] {processor.py:161} INFO - Started process (PID=1151) to work on /home/airflow/.local/lib/python3.8/site-packages/airflow/example_dags/example_external_task_marker_dag.py
[2023-12-31T05:35:15.819+0000] {processor.py:830} INFO - Processing file /home/airflow/.local/lib/python3.8/site-packages/airflow/example_dags/example_external_task_marker_dag.py for tasks to queue
[2023-12-31T05:35:15.825+0000] {logging_mixin.py:188} INFO - [2023-12-31T05:35:15.824+0000] {dagbag.py:538} INFO - Filling up the DagBag from /home/airflow/.local/lib/python3.8/site-packages/airflow/example_dags/example_external_task_marker_dag.py
[2023-12-31T05:35:15.844+0000] {processor.py:840} INFO - DAG(s) 'example_external_task_marker_child', 'example_external_task_marker_parent' retrieved from /home/airflow/.local/lib/python3.8/site-packages/airflow/example_dags/example_external_task_marker_dag.py
[2023-12-31T05:35:15.963+0000] {logging_mixin.py:188} INFO - [2023-12-31T05:35:15.962+0000] {dag.py:3033} INFO - Sync 2 DAGs
[2023-12-31T05:35:15.998+0000] {logging_mixin.py:188} INFO - [2023-12-31T05:35:15.998+0000] {dag.py:3820} INFO - Setting next_dagrun for example_external_task_marker_child to None, run_after=None
[2023-12-31T05:35:16.008+0000] {logging_mixin.py:188} INFO - [2023-12-31T05:35:16.008+0000] {dag.py:3820} INFO - Setting next_dagrun for example_external_task_marker_parent to None, run_after=None
[2023-12-31T05:35:16.043+0000] {processor.py:183} INFO - Processing /home/airflow/.local/lib/python3.8/site-packages/airflow/example_dags/example_external_task_marker_dag.py took 0.245 seconds
[2023-12-31T05:35:49.642+0000] {processor.py:161} INFO - Started process (PID=1207) to work on /home/airflow/.local/lib/python3.8/site-packages/airflow/example_dags/example_external_task_marker_dag.py
[2023-12-31T05:35:49.661+0000] {processor.py:830} INFO - Processing file /home/airflow/.local/lib/python3.8/site-packages/airflow/example_dags/example_external_task_marker_dag.py for tasks to queue
[2023-12-31T05:35:49.667+0000] {logging_mixin.py:188} INFO - [2023-12-31T05:35:49.666+0000] {dagbag.py:538} INFO - Filling up the DagBag from /home/airflow/.local/lib/python3.8/site-packages/airflow/example_dags/example_external_task_marker_dag.py
[2023-12-31T05:35:49.710+0000] {processor.py:840} INFO - DAG(s) 'example_external_task_marker_parent', 'example_external_task_marker_child' retrieved from /home/airflow/.local/lib/python3.8/site-packages/airflow/example_dags/example_external_task_marker_dag.py
[2023-12-31T05:35:49.790+0000] {logging_mixin.py:188} INFO - [2023-12-31T05:35:49.790+0000] {dag.py:3033} INFO - Sync 2 DAGs
[2023-12-31T05:35:49.833+0000] {logging_mixin.py:188} INFO - [2023-12-31T05:35:49.833+0000] {dag.py:3820} INFO - Setting next_dagrun for example_external_task_marker_child to None, run_after=None
[2023-12-31T05:35:49.846+0000] {logging_mixin.py:188} INFO - [2023-12-31T05:35:49.845+0000] {dag.py:3820} INFO - Setting next_dagrun for example_external_task_marker_parent to None, run_after=None
[2023-12-31T05:35:49.902+0000] {processor.py:183} INFO - Processing /home/airflow/.local/lib/python3.8/site-packages/airflow/example_dags/example_external_task_marker_dag.py took 0.278 seconds
[2023-12-31T05:36:20.678+0000] {processor.py:161} INFO - Started process (PID=1263) to work on /home/airflow/.local/lib/python3.8/site-packages/airflow/example_dags/example_external_task_marker_dag.py
[2023-12-31T05:36:20.685+0000] {processor.py:830} INFO - Processing file /home/airflow/.local/lib/python3.8/site-packages/airflow/example_dags/example_external_task_marker_dag.py for tasks to queue
[2023-12-31T05:36:20.701+0000] {logging_mixin.py:188} INFO - [2023-12-31T05:36:20.700+0000] {dagbag.py:538} INFO - Filling up the DagBag from /home/airflow/.local/lib/python3.8/site-packages/airflow/example_dags/example_external_task_marker_dag.py
[2023-12-31T05:36:20.731+0000] {processor.py:840} INFO - DAG(s) 'example_external_task_marker_parent', 'example_external_task_marker_child' retrieved from /home/airflow/.local/lib/python3.8/site-packages/airflow/example_dags/example_external_task_marker_dag.py
[2023-12-31T05:36:20.860+0000] {logging_mixin.py:188} INFO - [2023-12-31T05:36:20.859+0000] {dag.py:3033} INFO - Sync 2 DAGs
[2023-12-31T05:36:20.942+0000] {logging_mixin.py:188} INFO - [2023-12-31T05:36:20.942+0000] {dag.py:3820} INFO - Setting next_dagrun for example_external_task_marker_child to None, run_after=None
[2023-12-31T05:36:20.966+0000] {logging_mixin.py:188} INFO - [2023-12-31T05:36:20.966+0000] {dag.py:3820} INFO - Setting next_dagrun for example_external_task_marker_parent to None, run_after=None
[2023-12-31T05:36:21.084+0000] {processor.py:183} INFO - Processing /home/airflow/.local/lib/python3.8/site-packages/airflow/example_dags/example_external_task_marker_dag.py took 0.429 seconds
[2023-12-31T05:36:52.678+0000] {processor.py:161} INFO - Started process (PID=1320) to work on /home/airflow/.local/lib/python3.8/site-packages/airflow/example_dags/example_external_task_marker_dag.py
[2023-12-31T05:36:52.682+0000] {processor.py:830} INFO - Processing file /home/airflow/.local/lib/python3.8/site-packages/airflow/example_dags/example_external_task_marker_dag.py for tasks to queue
[2023-12-31T05:36:52.700+0000] {logging_mixin.py:188} INFO - [2023-12-31T05:36:52.699+0000] {dagbag.py:538} INFO - Filling up the DagBag from /home/airflow/.local/lib/python3.8/site-packages/airflow/example_dags/example_external_task_marker_dag.py
[2023-12-31T05:36:52.725+0000] {processor.py:840} INFO - DAG(s) 'example_external_task_marker_child', 'example_external_task_marker_parent' retrieved from /home/airflow/.local/lib/python3.8/site-packages/airflow/example_dags/example_external_task_marker_dag.py
[2023-12-31T05:36:52.792+0000] {logging_mixin.py:188} INFO - [2023-12-31T05:36:52.791+0000] {dag.py:3033} INFO - Sync 2 DAGs
[2023-12-31T05:36:52.862+0000] {logging_mixin.py:188} INFO - [2023-12-31T05:36:52.862+0000] {dag.py:3820} INFO - Setting next_dagrun for example_external_task_marker_child to None, run_after=None
[2023-12-31T05:36:52.873+0000] {logging_mixin.py:188} INFO - [2023-12-31T05:36:52.873+0000] {dag.py:3820} INFO - Setting next_dagrun for example_external_task_marker_parent to None, run_after=None
[2023-12-31T05:36:52.937+0000] {processor.py:183} INFO - Processing /home/airflow/.local/lib/python3.8/site-packages/airflow/example_dags/example_external_task_marker_dag.py took 0.264 seconds
[2023-12-31T05:37:23.706+0000] {processor.py:161} INFO - Started process (PID=1376) to work on /home/airflow/.local/lib/python3.8/site-packages/airflow/example_dags/example_external_task_marker_dag.py
[2023-12-31T05:37:23.709+0000] {processor.py:830} INFO - Processing file /home/airflow/.local/lib/python3.8/site-packages/airflow/example_dags/example_external_task_marker_dag.py for tasks to queue
[2023-12-31T05:37:23.714+0000] {logging_mixin.py:188} INFO - [2023-12-31T05:37:23.713+0000] {dagbag.py:538} INFO - Filling up the DagBag from /home/airflow/.local/lib/python3.8/site-packages/airflow/example_dags/example_external_task_marker_dag.py
[2023-12-31T05:37:23.725+0000] {processor.py:840} INFO - DAG(s) 'example_external_task_marker_child', 'example_external_task_marker_parent' retrieved from /home/airflow/.local/lib/python3.8/site-packages/airflow/example_dags/example_external_task_marker_dag.py
[2023-12-31T05:37:23.768+0000] {logging_mixin.py:188} INFO - [2023-12-31T05:37:23.767+0000] {dag.py:3033} INFO - Sync 2 DAGs
[2023-12-31T05:37:23.799+0000] {logging_mixin.py:188} INFO - [2023-12-31T05:37:23.798+0000] {dag.py:3820} INFO - Setting next_dagrun for example_external_task_marker_child to None, run_after=None
[2023-12-31T05:37:23.808+0000] {logging_mixin.py:188} INFO - [2023-12-31T05:37:23.807+0000] {dag.py:3820} INFO - Setting next_dagrun for example_external_task_marker_parent to None, run_after=None
[2023-12-31T05:37:23.856+0000] {processor.py:183} INFO - Processing /home/airflow/.local/lib/python3.8/site-packages/airflow/example_dags/example_external_task_marker_dag.py took 0.156 seconds
[2023-12-31T05:37:53.970+0000] {processor.py:161} INFO - Started process (PID=1432) to work on /home/airflow/.local/lib/python3.8/site-packages/airflow/example_dags/example_external_task_marker_dag.py
[2023-12-31T05:37:53.972+0000] {processor.py:830} INFO - Processing file /home/airflow/.local/lib/python3.8/site-packages/airflow/example_dags/example_external_task_marker_dag.py for tasks to queue
[2023-12-31T05:37:53.977+0000] {logging_mixin.py:188} INFO - [2023-12-31T05:37:53.977+0000] {dagbag.py:538} INFO - Filling up the DagBag from /home/airflow/.local/lib/python3.8/site-packages/airflow/example_dags/example_external_task_marker_dag.py
[2023-12-31T05:37:53.989+0000] {processor.py:840} INFO - DAG(s) 'example_external_task_marker_child', 'example_external_task_marker_parent' retrieved from /home/airflow/.local/lib/python3.8/site-packages/airflow/example_dags/example_external_task_marker_dag.py
[2023-12-31T05:37:54.047+0000] {logging_mixin.py:188} INFO - [2023-12-31T05:37:54.047+0000] {dag.py:3033} INFO - Sync 2 DAGs
[2023-12-31T05:37:54.076+0000] {logging_mixin.py:188} INFO - [2023-12-31T05:37:54.076+0000] {dag.py:3820} INFO - Setting next_dagrun for example_external_task_marker_child to None, run_after=None
[2023-12-31T05:37:54.085+0000] {logging_mixin.py:188} INFO - [2023-12-31T05:37:54.085+0000] {dag.py:3820} INFO - Setting next_dagrun for example_external_task_marker_parent to None, run_after=None
[2023-12-31T05:37:54.139+0000] {processor.py:183} INFO - Processing /home/airflow/.local/lib/python3.8/site-packages/airflow/example_dags/example_external_task_marker_dag.py took 0.176 seconds
[2023-12-31T05:38:25.682+0000] {processor.py:161} INFO - Started process (PID=1488) to work on /home/airflow/.local/lib/python3.8/site-packages/airflow/example_dags/example_external_task_marker_dag.py
[2023-12-31T05:38:25.685+0000] {processor.py:830} INFO - Processing file /home/airflow/.local/lib/python3.8/site-packages/airflow/example_dags/example_external_task_marker_dag.py for tasks to queue
[2023-12-31T05:38:25.689+0000] {logging_mixin.py:188} INFO - [2023-12-31T05:38:25.688+0000] {dagbag.py:538} INFO - Filling up the DagBag from /home/airflow/.local/lib/python3.8/site-packages/airflow/example_dags/example_external_task_marker_dag.py
[2023-12-31T05:38:25.701+0000] {processor.py:840} INFO - DAG(s) 'example_external_task_marker_parent', 'example_external_task_marker_child' retrieved from /home/airflow/.local/lib/python3.8/site-packages/airflow/example_dags/example_external_task_marker_dag.py
[2023-12-31T05:38:25.750+0000] {logging_mixin.py:188} INFO - [2023-12-31T05:38:25.749+0000] {dag.py:3033} INFO - Sync 2 DAGs
[2023-12-31T05:38:25.786+0000] {logging_mixin.py:188} INFO - [2023-12-31T05:38:25.786+0000] {dag.py:3820} INFO - Setting next_dagrun for example_external_task_marker_child to None, run_after=None
[2023-12-31T05:38:25.795+0000] {logging_mixin.py:188} INFO - [2023-12-31T05:38:25.795+0000] {dag.py:3820} INFO - Setting next_dagrun for example_external_task_marker_parent to None, run_after=None
[2023-12-31T05:38:25.846+0000] {processor.py:183} INFO - Processing /home/airflow/.local/lib/python3.8/site-packages/airflow/example_dags/example_external_task_marker_dag.py took 0.170 seconds
[2023-12-31T05:38:56.306+0000] {processor.py:161} INFO - Started process (PID=1543) to work on /home/airflow/.local/lib/python3.8/site-packages/airflow/example_dags/example_external_task_marker_dag.py
[2023-12-31T05:38:56.307+0000] {processor.py:830} INFO - Processing file /home/airflow/.local/lib/python3.8/site-packages/airflow/example_dags/example_external_task_marker_dag.py for tasks to queue
[2023-12-31T05:38:56.310+0000] {logging_mixin.py:188} INFO - [2023-12-31T05:38:56.310+0000] {dagbag.py:538} INFO - Filling up the DagBag from /home/airflow/.local/lib/python3.8/site-packages/airflow/example_dags/example_external_task_marker_dag.py
[2023-12-31T05:38:56.321+0000] {processor.py:840} INFO - DAG(s) 'example_external_task_marker_parent', 'example_external_task_marker_child' retrieved from /home/airflow/.local/lib/python3.8/site-packages/airflow/example_dags/example_external_task_marker_dag.py
[2023-12-31T05:38:56.355+0000] {logging_mixin.py:188} INFO - [2023-12-31T05:38:56.355+0000] {dag.py:3033} INFO - Sync 2 DAGs
[2023-12-31T05:38:56.376+0000] {logging_mixin.py:188} INFO - [2023-12-31T05:38:56.375+0000] {dag.py:3820} INFO - Setting next_dagrun for example_external_task_marker_child to None, run_after=None
[2023-12-31T05:38:56.386+0000] {logging_mixin.py:188} INFO - [2023-12-31T05:38:56.385+0000] {dag.py:3820} INFO - Setting next_dagrun for example_external_task_marker_parent to None, run_after=None
[2023-12-31T05:38:56.423+0000] {processor.py:183} INFO - Processing /home/airflow/.local/lib/python3.8/site-packages/airflow/example_dags/example_external_task_marker_dag.py took 0.122 seconds
[2023-12-31T05:39:26.594+0000] {processor.py:161} INFO - Started process (PID=1599) to work on /home/airflow/.local/lib/python3.8/site-packages/airflow/example_dags/example_external_task_marker_dag.py
[2023-12-31T05:39:26.596+0000] {processor.py:830} INFO - Processing file /home/airflow/.local/lib/python3.8/site-packages/airflow/example_dags/example_external_task_marker_dag.py for tasks to queue
[2023-12-31T05:39:26.600+0000] {logging_mixin.py:188} INFO - [2023-12-31T05:39:26.599+0000] {dagbag.py:538} INFO - Filling up the DagBag from /home/airflow/.local/lib/python3.8/site-packages/airflow/example_dags/example_external_task_marker_dag.py
[2023-12-31T05:39:26.610+0000] {processor.py:840} INFO - DAG(s) 'example_external_task_marker_parent', 'example_external_task_marker_child' retrieved from /home/airflow/.local/lib/python3.8/site-packages/airflow/example_dags/example_external_task_marker_dag.py
[2023-12-31T05:39:26.644+0000] {logging_mixin.py:188} INFO - [2023-12-31T05:39:26.644+0000] {dag.py:3033} INFO - Sync 2 DAGs
[2023-12-31T05:39:26.669+0000] {logging_mixin.py:188} INFO - [2023-12-31T05:39:26.669+0000] {dag.py:3820} INFO - Setting next_dagrun for example_external_task_marker_child to None, run_after=None
[2023-12-31T05:39:26.675+0000] {logging_mixin.py:188} INFO - [2023-12-31T05:39:26.675+0000] {dag.py:3820} INFO - Setting next_dagrun for example_external_task_marker_parent to None, run_after=None
[2023-12-31T05:39:26.702+0000] {processor.py:183} INFO - Processing /home/airflow/.local/lib/python3.8/site-packages/airflow/example_dags/example_external_task_marker_dag.py took 0.113 seconds
[2023-12-31T05:39:57.263+0000] {processor.py:161} INFO - Started process (PID=1655) to work on /home/airflow/.local/lib/python3.8/site-packages/airflow/example_dags/example_external_task_marker_dag.py
[2023-12-31T05:39:57.264+0000] {processor.py:830} INFO - Processing file /home/airflow/.local/lib/python3.8/site-packages/airflow/example_dags/example_external_task_marker_dag.py for tasks to queue
[2023-12-31T05:39:57.268+0000] {logging_mixin.py:188} INFO - [2023-12-31T05:39:57.267+0000] {dagbag.py:538} INFO - Filling up the DagBag from /home/airflow/.local/lib/python3.8/site-packages/airflow/example_dags/example_external_task_marker_dag.py
[2023-12-31T05:39:57.281+0000] {processor.py:840} INFO - DAG(s) 'example_external_task_marker_parent', 'example_external_task_marker_child' retrieved from /home/airflow/.local/lib/python3.8/site-packages/airflow/example_dags/example_external_task_marker_dag.py
[2023-12-31T05:39:57.314+0000] {logging_mixin.py:188} INFO - [2023-12-31T05:39:57.313+0000] {dag.py:3033} INFO - Sync 2 DAGs
[2023-12-31T05:39:57.331+0000] {logging_mixin.py:188} INFO - [2023-12-31T05:39:57.331+0000] {dag.py:3820} INFO - Setting next_dagrun for example_external_task_marker_child to None, run_after=None
[2023-12-31T05:39:57.337+0000] {logging_mixin.py:188} INFO - [2023-12-31T05:39:57.336+0000] {dag.py:3820} INFO - Setting next_dagrun for example_external_task_marker_parent to None, run_after=None
[2023-12-31T05:39:57.606+0000] {processor.py:183} INFO - Processing /home/airflow/.local/lib/python3.8/site-packages/airflow/example_dags/example_external_task_marker_dag.py took 0.350 seconds
[2023-12-31T05:40:27.747+0000] {processor.py:161} INFO - Started process (PID=1711) to work on /home/airflow/.local/lib/python3.8/site-packages/airflow/example_dags/example_external_task_marker_dag.py
[2023-12-31T05:40:27.749+0000] {processor.py:830} INFO - Processing file /home/airflow/.local/lib/python3.8/site-packages/airflow/example_dags/example_external_task_marker_dag.py for tasks to queue
[2023-12-31T05:40:27.754+0000] {logging_mixin.py:188} INFO - [2023-12-31T05:40:27.753+0000] {dagbag.py:538} INFO - Filling up the DagBag from /home/airflow/.local/lib/python3.8/site-packages/airflow/example_dags/example_external_task_marker_dag.py
[2023-12-31T05:40:27.764+0000] {processor.py:840} INFO - DAG(s) 'example_external_task_marker_child', 'example_external_task_marker_parent' retrieved from /home/airflow/.local/lib/python3.8/site-packages/airflow/example_dags/example_external_task_marker_dag.py
[2023-12-31T05:40:27.799+0000] {logging_mixin.py:188} INFO - [2023-12-31T05:40:27.799+0000] {dag.py:3033} INFO - Sync 2 DAGs
[2023-12-31T05:40:27.819+0000] {logging_mixin.py:188} INFO - [2023-12-31T05:40:27.818+0000] {dag.py:3820} INFO - Setting next_dagrun for example_external_task_marker_child to None, run_after=None
[2023-12-31T05:40:27.825+0000] {logging_mixin.py:188} INFO - [2023-12-31T05:40:27.824+0000] {dag.py:3820} INFO - Setting next_dagrun for example_external_task_marker_parent to None, run_after=None
[2023-12-31T05:40:27.853+0000] {processor.py:183} INFO - Processing /home/airflow/.local/lib/python3.8/site-packages/airflow/example_dags/example_external_task_marker_dag.py took 0.111 seconds
[2023-12-31T05:40:58.437+0000] {processor.py:161} INFO - Started process (PID=1767) to work on /home/airflow/.local/lib/python3.8/site-packages/airflow/example_dags/example_external_task_marker_dag.py
[2023-12-31T05:40:58.438+0000] {processor.py:830} INFO - Processing file /home/airflow/.local/lib/python3.8/site-packages/airflow/example_dags/example_external_task_marker_dag.py for tasks to queue
[2023-12-31T05:40:58.442+0000] {logging_mixin.py:188} INFO - [2023-12-31T05:40:58.441+0000] {dagbag.py:538} INFO - Filling up the DagBag from /home/airflow/.local/lib/python3.8/site-packages/airflow/example_dags/example_external_task_marker_dag.py
[2023-12-31T05:40:58.450+0000] {processor.py:840} INFO - DAG(s) 'example_external_task_marker_parent', 'example_external_task_marker_child' retrieved from /home/airflow/.local/lib/python3.8/site-packages/airflow/example_dags/example_external_task_marker_dag.py
[2023-12-31T05:40:58.489+0000] {logging_mixin.py:188} INFO - [2023-12-31T05:40:58.488+0000] {dag.py:3033} INFO - Sync 2 DAGs
[2023-12-31T05:40:58.509+0000] {logging_mixin.py:188} INFO - [2023-12-31T05:40:58.509+0000] {dag.py:3820} INFO - Setting next_dagrun for example_external_task_marker_child to None, run_after=None
[2023-12-31T05:40:58.515+0000] {logging_mixin.py:188} INFO - [2023-12-31T05:40:58.515+0000] {dag.py:3820} INFO - Setting next_dagrun for example_external_task_marker_parent to None, run_after=None
[2023-12-31T05:40:58.553+0000] {processor.py:183} INFO - Processing /home/airflow/.local/lib/python3.8/site-packages/airflow/example_dags/example_external_task_marker_dag.py took 0.121 seconds
[2023-12-31T05:41:29.881+0000] {processor.py:161} INFO - Started process (PID=1824) to work on /home/airflow/.local/lib/python3.8/site-packages/airflow/example_dags/example_external_task_marker_dag.py
[2023-12-31T05:41:29.887+0000] {processor.py:830} INFO - Processing file /home/airflow/.local/lib/python3.8/site-packages/airflow/example_dags/example_external_task_marker_dag.py for tasks to queue
[2023-12-31T05:41:29.895+0000] {logging_mixin.py:188} INFO - [2023-12-31T05:41:29.895+0000] {dagbag.py:538} INFO - Filling up the DagBag from /home/airflow/.local/lib/python3.8/site-packages/airflow/example_dags/example_external_task_marker_dag.py
[2023-12-31T05:41:29.919+0000] {processor.py:840} INFO - DAG(s) 'example_external_task_marker_parent', 'example_external_task_marker_child' retrieved from /home/airflow/.local/lib/python3.8/site-packages/airflow/example_dags/example_external_task_marker_dag.py
[2023-12-31T05:41:29.978+0000] {logging_mixin.py:188} INFO - [2023-12-31T05:41:29.977+0000] {dag.py:3033} INFO - Sync 2 DAGs
[2023-12-31T05:41:30.036+0000] {logging_mixin.py:188} INFO - [2023-12-31T05:41:30.036+0000] {dag.py:3820} INFO - Setting next_dagrun for example_external_task_marker_child to None, run_after=None
[2023-12-31T05:41:30.055+0000] {logging_mixin.py:188} INFO - [2023-12-31T05:41:30.054+0000] {dag.py:3820} INFO - Setting next_dagrun for example_external_task_marker_parent to None, run_after=None
[2023-12-31T05:41:30.455+0000] {processor.py:183} INFO - Processing /home/airflow/.local/lib/python3.8/site-packages/airflow/example_dags/example_external_task_marker_dag.py took 0.581 seconds
[2023-12-31T05:42:00.853+0000] {processor.py:161} INFO - Started process (PID=1880) to work on /home/airflow/.local/lib/python3.8/site-packages/airflow/example_dags/example_external_task_marker_dag.py
[2023-12-31T05:42:00.858+0000] {processor.py:830} INFO - Processing file /home/airflow/.local/lib/python3.8/site-packages/airflow/example_dags/example_external_task_marker_dag.py for tasks to queue
[2023-12-31T05:42:00.862+0000] {logging_mixin.py:188} INFO - [2023-12-31T05:42:00.861+0000] {dagbag.py:538} INFO - Filling up the DagBag from /home/airflow/.local/lib/python3.8/site-packages/airflow/example_dags/example_external_task_marker_dag.py
[2023-12-31T05:42:00.869+0000] {processor.py:840} INFO - DAG(s) 'example_external_task_marker_child', 'example_external_task_marker_parent' retrieved from /home/airflow/.local/lib/python3.8/site-packages/airflow/example_dags/example_external_task_marker_dag.py
[2023-12-31T05:42:00.900+0000] {logging_mixin.py:188} INFO - [2023-12-31T05:42:00.899+0000] {dag.py:3033} INFO - Sync 2 DAGs
[2023-12-31T05:42:00.915+0000] {logging_mixin.py:188} INFO - [2023-12-31T05:42:00.915+0000] {dag.py:3820} INFO - Setting next_dagrun for example_external_task_marker_child to None, run_after=None
[2023-12-31T05:42:00.920+0000] {logging_mixin.py:188} INFO - [2023-12-31T05:42:00.919+0000] {dag.py:3820} INFO - Setting next_dagrun for example_external_task_marker_parent to None, run_after=None
[2023-12-31T05:42:00.950+0000] {processor.py:183} INFO - Processing /home/airflow/.local/lib/python3.8/site-packages/airflow/example_dags/example_external_task_marker_dag.py took 0.100 seconds
[2023-12-31T05:42:34.074+0000] {processor.py:161} INFO - Started process (PID=1936) to work on /home/airflow/.local/lib/python3.8/site-packages/airflow/example_dags/example_external_task_marker_dag.py
[2023-12-31T05:42:34.081+0000] {processor.py:830} INFO - Processing file /home/airflow/.local/lib/python3.8/site-packages/airflow/example_dags/example_external_task_marker_dag.py for tasks to queue
[2023-12-31T05:42:34.084+0000] {logging_mixin.py:188} INFO - [2023-12-31T05:42:34.083+0000] {dagbag.py:538} INFO - Filling up the DagBag from /home/airflow/.local/lib/python3.8/site-packages/airflow/example_dags/example_external_task_marker_dag.py
[2023-12-31T05:42:34.103+0000] {processor.py:840} INFO - DAG(s) 'example_external_task_marker_child', 'example_external_task_marker_parent' retrieved from /home/airflow/.local/lib/python3.8/site-packages/airflow/example_dags/example_external_task_marker_dag.py
[2023-12-31T05:42:34.187+0000] {logging_mixin.py:188} INFO - [2023-12-31T05:42:34.187+0000] {dag.py:3033} INFO - Sync 2 DAGs
[2023-12-31T05:42:34.250+0000] {logging_mixin.py:188} INFO - [2023-12-31T05:42:34.250+0000] {dag.py:3820} INFO - Setting next_dagrun for example_external_task_marker_child to None, run_after=None
[2023-12-31T05:42:34.267+0000] {logging_mixin.py:188} INFO - [2023-12-31T05:42:34.266+0000] {dag.py:3820} INFO - Setting next_dagrun for example_external_task_marker_parent to None, run_after=None
[2023-12-31T05:42:34.367+0000] {processor.py:183} INFO - Processing /home/airflow/.local/lib/python3.8/site-packages/airflow/example_dags/example_external_task_marker_dag.py took 0.313 seconds
[2023-12-31T05:43:04.671+0000] {processor.py:161} INFO - Started process (PID=1992) to work on /home/airflow/.local/lib/python3.8/site-packages/airflow/example_dags/example_external_task_marker_dag.py
[2023-12-31T05:43:04.673+0000] {processor.py:830} INFO - Processing file /home/airflow/.local/lib/python3.8/site-packages/airflow/example_dags/example_external_task_marker_dag.py for tasks to queue
[2023-12-31T05:43:04.675+0000] {logging_mixin.py:188} INFO - [2023-12-31T05:43:04.674+0000] {dagbag.py:538} INFO - Filling up the DagBag from /home/airflow/.local/lib/python3.8/site-packages/airflow/example_dags/example_external_task_marker_dag.py
[2023-12-31T05:43:04.683+0000] {processor.py:840} INFO - DAG(s) 'example_external_task_marker_parent', 'example_external_task_marker_child' retrieved from /home/airflow/.local/lib/python3.8/site-packages/airflow/example_dags/example_external_task_marker_dag.py
[2023-12-31T05:43:04.713+0000] {logging_mixin.py:188} INFO - [2023-12-31T05:43:04.713+0000] {dag.py:3033} INFO - Sync 2 DAGs
[2023-12-31T05:43:04.731+0000] {logging_mixin.py:188} INFO - [2023-12-31T05:43:04.731+0000] {dag.py:3820} INFO - Setting next_dagrun for example_external_task_marker_child to None, run_after=None
[2023-12-31T05:43:04.737+0000] {logging_mixin.py:188} INFO - [2023-12-31T05:43:04.737+0000] {dag.py:3820} INFO - Setting next_dagrun for example_external_task_marker_parent to None, run_after=None
[2023-12-31T05:43:04.908+0000] {processor.py:183} INFO - Processing /home/airflow/.local/lib/python3.8/site-packages/airflow/example_dags/example_external_task_marker_dag.py took 0.240 seconds
[2023-12-31T05:43:34.950+0000] {processor.py:161} INFO - Started process (PID=2049) to work on /home/airflow/.local/lib/python3.8/site-packages/airflow/example_dags/example_external_task_marker_dag.py
[2023-12-31T05:43:34.952+0000] {processor.py:830} INFO - Processing file /home/airflow/.local/lib/python3.8/site-packages/airflow/example_dags/example_external_task_marker_dag.py for tasks to queue
[2023-12-31T05:43:34.953+0000] {logging_mixin.py:188} INFO - [2023-12-31T05:43:34.953+0000] {dagbag.py:538} INFO - Filling up the DagBag from /home/airflow/.local/lib/python3.8/site-packages/airflow/example_dags/example_external_task_marker_dag.py
[2023-12-31T05:43:34.960+0000] {processor.py:840} INFO - DAG(s) 'example_external_task_marker_child', 'example_external_task_marker_parent' retrieved from /home/airflow/.local/lib/python3.8/site-packages/airflow/example_dags/example_external_task_marker_dag.py
[2023-12-31T05:43:34.989+0000] {logging_mixin.py:188} INFO - [2023-12-31T05:43:34.989+0000] {dag.py:3033} INFO - Sync 2 DAGs
[2023-12-31T05:43:35.006+0000] {logging_mixin.py:188} INFO - [2023-12-31T05:43:35.005+0000] {dag.py:3820} INFO - Setting next_dagrun for example_external_task_marker_child to None, run_after=None
[2023-12-31T05:43:35.011+0000] {logging_mixin.py:188} INFO - [2023-12-31T05:43:35.011+0000] {dag.py:3820} INFO - Setting next_dagrun for example_external_task_marker_parent to None, run_after=None
[2023-12-31T05:43:35.039+0000] {processor.py:183} INFO - Processing /home/airflow/.local/lib/python3.8/site-packages/airflow/example_dags/example_external_task_marker_dag.py took 0.092 seconds
[2023-12-31T05:44:05.621+0000] {processor.py:161} INFO - Started process (PID=2105) to work on /home/airflow/.local/lib/python3.8/site-packages/airflow/example_dags/example_external_task_marker_dag.py
[2023-12-31T05:44:05.629+0000] {processor.py:830} INFO - Processing file /home/airflow/.local/lib/python3.8/site-packages/airflow/example_dags/example_external_task_marker_dag.py for tasks to queue
[2023-12-31T05:44:05.631+0000] {logging_mixin.py:188} INFO - [2023-12-31T05:44:05.631+0000] {dagbag.py:538} INFO - Filling up the DagBag from /home/airflow/.local/lib/python3.8/site-packages/airflow/example_dags/example_external_task_marker_dag.py
[2023-12-31T05:44:05.640+0000] {processor.py:840} INFO - DAG(s) 'example_external_task_marker_parent', 'example_external_task_marker_child' retrieved from /home/airflow/.local/lib/python3.8/site-packages/airflow/example_dags/example_external_task_marker_dag.py
[2023-12-31T05:44:05.677+0000] {logging_mixin.py:188} INFO - [2023-12-31T05:44:05.677+0000] {dag.py:3033} INFO - Sync 2 DAGs
[2023-12-31T05:44:05.696+0000] {logging_mixin.py:188} INFO - [2023-12-31T05:44:05.696+0000] {dag.py:3820} INFO - Setting next_dagrun for example_external_task_marker_child to None, run_after=None
[2023-12-31T05:44:05.701+0000] {logging_mixin.py:188} INFO - [2023-12-31T05:44:05.701+0000] {dag.py:3820} INFO - Setting next_dagrun for example_external_task_marker_parent to None, run_after=None
[2023-12-31T05:44:05.731+0000] {processor.py:183} INFO - Processing /home/airflow/.local/lib/python3.8/site-packages/airflow/example_dags/example_external_task_marker_dag.py took 0.116 seconds
[2023-12-31T05:44:35.945+0000] {processor.py:161} INFO - Started process (PID=2161) to work on /home/airflow/.local/lib/python3.8/site-packages/airflow/example_dags/example_external_task_marker_dag.py
[2023-12-31T05:44:35.947+0000] {processor.py:830} INFO - Processing file /home/airflow/.local/lib/python3.8/site-packages/airflow/example_dags/example_external_task_marker_dag.py for tasks to queue
[2023-12-31T05:44:35.948+0000] {logging_mixin.py:188} INFO - [2023-12-31T05:44:35.948+0000] {dagbag.py:538} INFO - Filling up the DagBag from /home/airflow/.local/lib/python3.8/site-packages/airflow/example_dags/example_external_task_marker_dag.py
[2023-12-31T05:44:35.958+0000] {processor.py:840} INFO - DAG(s) 'example_external_task_marker_child', 'example_external_task_marker_parent' retrieved from /home/airflow/.local/lib/python3.8/site-packages/airflow/example_dags/example_external_task_marker_dag.py
[2023-12-31T05:44:36.000+0000] {logging_mixin.py:188} INFO - [2023-12-31T05:44:36.000+0000] {dag.py:3033} INFO - Sync 2 DAGs
[2023-12-31T05:44:36.022+0000] {logging_mixin.py:188} INFO - [2023-12-31T05:44:36.022+0000] {dag.py:3820} INFO - Setting next_dagrun for example_external_task_marker_child to None, run_after=None
[2023-12-31T05:44:36.031+0000] {logging_mixin.py:188} INFO - [2023-12-31T05:44:36.031+0000] {dag.py:3820} INFO - Setting next_dagrun for example_external_task_marker_parent to None, run_after=None
[2023-12-31T05:44:36.065+0000] {processor.py:183} INFO - Processing /home/airflow/.local/lib/python3.8/site-packages/airflow/example_dags/example_external_task_marker_dag.py took 0.126 seconds
[2023-12-31T05:45:42.336+0000] {processor.py:161} INFO - Started process (PID=2237) to work on /home/airflow/.local/lib/python3.8/site-packages/airflow/example_dags/example_external_task_marker_dag.py
[2023-12-31T05:45:42.338+0000] {processor.py:830} INFO - Processing file /home/airflow/.local/lib/python3.8/site-packages/airflow/example_dags/example_external_task_marker_dag.py for tasks to queue
[2023-12-31T05:45:42.343+0000] {logging_mixin.py:188} INFO - [2023-12-31T05:45:42.342+0000] {dagbag.py:538} INFO - Filling up the DagBag from /home/airflow/.local/lib/python3.8/site-packages/airflow/example_dags/example_external_task_marker_dag.py
[2023-12-31T05:45:42.360+0000] {processor.py:840} INFO - DAG(s) 'example_external_task_marker_child', 'example_external_task_marker_parent' retrieved from /home/airflow/.local/lib/python3.8/site-packages/airflow/example_dags/example_external_task_marker_dag.py
[2023-12-31T05:45:42.453+0000] {logging_mixin.py:188} INFO - [2023-12-31T05:45:42.452+0000] {dag.py:3033} INFO - Sync 2 DAGs
[2023-12-31T05:45:42.493+0000] {logging_mixin.py:188} INFO - [2023-12-31T05:45:42.492+0000] {dag.py:3820} INFO - Setting next_dagrun for example_external_task_marker_child to None, run_after=None
[2023-12-31T05:45:42.506+0000] {logging_mixin.py:188} INFO - [2023-12-31T05:45:42.506+0000] {dag.py:3820} INFO - Setting next_dagrun for example_external_task_marker_parent to None, run_after=None
[2023-12-31T05:45:42.556+0000] {processor.py:183} INFO - Processing /home/airflow/.local/lib/python3.8/site-packages/airflow/example_dags/example_external_task_marker_dag.py took 0.227 seconds
[2023-12-31T05:46:14.285+0000] {processor.py:161} INFO - Started process (PID=2294) to work on /home/airflow/.local/lib/python3.8/site-packages/airflow/example_dags/example_external_task_marker_dag.py
[2023-12-31T05:46:14.287+0000] {processor.py:830} INFO - Processing file /home/airflow/.local/lib/python3.8/site-packages/airflow/example_dags/example_external_task_marker_dag.py for tasks to queue
[2023-12-31T05:46:14.289+0000] {logging_mixin.py:188} INFO - [2023-12-31T05:46:14.288+0000] {dagbag.py:538} INFO - Filling up the DagBag from /home/airflow/.local/lib/python3.8/site-packages/airflow/example_dags/example_external_task_marker_dag.py
[2023-12-31T05:46:14.313+0000] {processor.py:840} INFO - DAG(s) 'example_external_task_marker_child', 'example_external_task_marker_parent' retrieved from /home/airflow/.local/lib/python3.8/site-packages/airflow/example_dags/example_external_task_marker_dag.py
[2023-12-31T05:46:14.554+0000] {logging_mixin.py:188} INFO - [2023-12-31T05:46:14.554+0000] {dag.py:3033} INFO - Sync 2 DAGs
[2023-12-31T05:46:14.574+0000] {logging_mixin.py:188} INFO - [2023-12-31T05:46:14.574+0000] {dag.py:3820} INFO - Setting next_dagrun for example_external_task_marker_child to None, run_after=None
[2023-12-31T05:46:14.584+0000] {logging_mixin.py:188} INFO - [2023-12-31T05:46:14.583+0000] {dag.py:3820} INFO - Setting next_dagrun for example_external_task_marker_parent to None, run_after=None
[2023-12-31T05:46:14.818+0000] {processor.py:183} INFO - Processing /home/airflow/.local/lib/python3.8/site-packages/airflow/example_dags/example_external_task_marker_dag.py took 0.539 seconds
[2023-12-31T05:46:45.346+0000] {processor.py:161} INFO - Started process (PID=2350) to work on /home/airflow/.local/lib/python3.8/site-packages/airflow/example_dags/example_external_task_marker_dag.py
[2023-12-31T05:46:45.349+0000] {processor.py:830} INFO - Processing file /home/airflow/.local/lib/python3.8/site-packages/airflow/example_dags/example_external_task_marker_dag.py for tasks to queue
[2023-12-31T05:46:45.352+0000] {logging_mixin.py:188} INFO - [2023-12-31T05:46:45.351+0000] {dagbag.py:538} INFO - Filling up the DagBag from /home/airflow/.local/lib/python3.8/site-packages/airflow/example_dags/example_external_task_marker_dag.py
[2023-12-31T05:46:45.366+0000] {processor.py:840} INFO - DAG(s) 'example_external_task_marker_parent', 'example_external_task_marker_child' retrieved from /home/airflow/.local/lib/python3.8/site-packages/airflow/example_dags/example_external_task_marker_dag.py
[2023-12-31T05:46:45.434+0000] {logging_mixin.py:188} INFO - [2023-12-31T05:46:45.434+0000] {dag.py:3033} INFO - Sync 2 DAGs
[2023-12-31T05:46:45.470+0000] {logging_mixin.py:188} INFO - [2023-12-31T05:46:45.470+0000] {dag.py:3820} INFO - Setting next_dagrun for example_external_task_marker_child to None, run_after=None
[2023-12-31T05:46:45.478+0000] {logging_mixin.py:188} INFO - [2023-12-31T05:46:45.477+0000] {dag.py:3820} INFO - Setting next_dagrun for example_external_task_marker_parent to None, run_after=None
[2023-12-31T05:46:45.536+0000] {processor.py:183} INFO - Processing /home/airflow/.local/lib/python3.8/site-packages/airflow/example_dags/example_external_task_marker_dag.py took 0.197 seconds
[2023-12-31T05:47:16.199+0000] {processor.py:161} INFO - Started process (PID=2406) to work on /home/airflow/.local/lib/python3.8/site-packages/airflow/example_dags/example_external_task_marker_dag.py
[2023-12-31T05:47:16.201+0000] {processor.py:830} INFO - Processing file /home/airflow/.local/lib/python3.8/site-packages/airflow/example_dags/example_external_task_marker_dag.py for tasks to queue
[2023-12-31T05:47:16.202+0000] {logging_mixin.py:188} INFO - [2023-12-31T05:47:16.202+0000] {dagbag.py:538} INFO - Filling up the DagBag from /home/airflow/.local/lib/python3.8/site-packages/airflow/example_dags/example_external_task_marker_dag.py
[2023-12-31T05:47:16.209+0000] {processor.py:840} INFO - DAG(s) 'example_external_task_marker_parent', 'example_external_task_marker_child' retrieved from /home/airflow/.local/lib/python3.8/site-packages/airflow/example_dags/example_external_task_marker_dag.py
[2023-12-31T05:47:16.243+0000] {logging_mixin.py:188} INFO - [2023-12-31T05:47:16.243+0000] {dag.py:3033} INFO - Sync 2 DAGs
[2023-12-31T05:47:16.260+0000] {logging_mixin.py:188} INFO - [2023-12-31T05:47:16.260+0000] {dag.py:3820} INFO - Setting next_dagrun for example_external_task_marker_child to None, run_after=None
[2023-12-31T05:47:16.265+0000] {logging_mixin.py:188} INFO - [2023-12-31T05:47:16.264+0000] {dag.py:3820} INFO - Setting next_dagrun for example_external_task_marker_parent to None, run_after=None
[2023-12-31T05:47:16.299+0000] {processor.py:183} INFO - Processing /home/airflow/.local/lib/python3.8/site-packages/airflow/example_dags/example_external_task_marker_dag.py took 0.104 seconds
[2023-12-31T05:47:47.251+0000] {processor.py:161} INFO - Started process (PID=2462) to work on /home/airflow/.local/lib/python3.8/site-packages/airflow/example_dags/example_external_task_marker_dag.py
[2023-12-31T05:47:47.268+0000] {processor.py:830} INFO - Processing file /home/airflow/.local/lib/python3.8/site-packages/airflow/example_dags/example_external_task_marker_dag.py for tasks to queue
[2023-12-31T05:47:47.271+0000] {logging_mixin.py:188} INFO - [2023-12-31T05:47:47.270+0000] {dagbag.py:538} INFO - Filling up the DagBag from /home/airflow/.local/lib/python3.8/site-packages/airflow/example_dags/example_external_task_marker_dag.py
[2023-12-31T05:47:47.279+0000] {processor.py:840} INFO - DAG(s) 'example_external_task_marker_child', 'example_external_task_marker_parent' retrieved from /home/airflow/.local/lib/python3.8/site-packages/airflow/example_dags/example_external_task_marker_dag.py
[2023-12-31T05:47:47.315+0000] {logging_mixin.py:188} INFO - [2023-12-31T05:47:47.315+0000] {dag.py:3033} INFO - Sync 2 DAGs
[2023-12-31T05:47:47.334+0000] {logging_mixin.py:188} INFO - [2023-12-31T05:47:47.333+0000] {dag.py:3820} INFO - Setting next_dagrun for example_external_task_marker_child to None, run_after=None
[2023-12-31T05:47:47.340+0000] {logging_mixin.py:188} INFO - [2023-12-31T05:47:47.340+0000] {dag.py:3820} INFO - Setting next_dagrun for example_external_task_marker_parent to None, run_after=None
[2023-12-31T05:47:47.468+0000] {processor.py:183} INFO - Processing /home/airflow/.local/lib/python3.8/site-packages/airflow/example_dags/example_external_task_marker_dag.py took 0.220 seconds
[2023-12-31T05:48:19.418+0000] {processor.py:161} INFO - Started process (PID=2519) to work on /home/airflow/.local/lib/python3.8/site-packages/airflow/example_dags/example_external_task_marker_dag.py
[2023-12-31T05:48:19.425+0000] {processor.py:830} INFO - Processing file /home/airflow/.local/lib/python3.8/site-packages/airflow/example_dags/example_external_task_marker_dag.py for tasks to queue
[2023-12-31T05:48:19.427+0000] {logging_mixin.py:188} INFO - [2023-12-31T05:48:19.427+0000] {dagbag.py:538} INFO - Filling up the DagBag from /home/airflow/.local/lib/python3.8/site-packages/airflow/example_dags/example_external_task_marker_dag.py
[2023-12-31T05:48:19.435+0000] {processor.py:840} INFO - DAG(s) 'example_external_task_marker_child', 'example_external_task_marker_parent' retrieved from /home/airflow/.local/lib/python3.8/site-packages/airflow/example_dags/example_external_task_marker_dag.py
[2023-12-31T05:48:19.467+0000] {logging_mixin.py:188} INFO - [2023-12-31T05:48:19.467+0000] {dag.py:3033} INFO - Sync 2 DAGs
[2023-12-31T05:48:19.482+0000] {logging_mixin.py:188} INFO - [2023-12-31T05:48:19.482+0000] {dag.py:3820} INFO - Setting next_dagrun for example_external_task_marker_child to None, run_after=None
[2023-12-31T05:48:19.487+0000] {logging_mixin.py:188} INFO - [2023-12-31T05:48:19.487+0000] {dag.py:3820} INFO - Setting next_dagrun for example_external_task_marker_parent to None, run_after=None
[2023-12-31T05:48:19.767+0000] {processor.py:183} INFO - Processing /home/airflow/.local/lib/python3.8/site-packages/airflow/example_dags/example_external_task_marker_dag.py took 0.354 seconds
[2023-12-31T05:48:50.181+0000] {processor.py:161} INFO - Started process (PID=2575) to work on /home/airflow/.local/lib/python3.8/site-packages/airflow/example_dags/example_external_task_marker_dag.py
[2023-12-31T05:48:50.182+0000] {processor.py:830} INFO - Processing file /home/airflow/.local/lib/python3.8/site-packages/airflow/example_dags/example_external_task_marker_dag.py for tasks to queue
[2023-12-31T05:48:50.183+0000] {logging_mixin.py:188} INFO - [2023-12-31T05:48:50.182+0000] {dagbag.py:538} INFO - Filling up the DagBag from /home/airflow/.local/lib/python3.8/site-packages/airflow/example_dags/example_external_task_marker_dag.py
[2023-12-31T05:48:50.189+0000] {processor.py:840} INFO - DAG(s) 'example_external_task_marker_child', 'example_external_task_marker_parent' retrieved from /home/airflow/.local/lib/python3.8/site-packages/airflow/example_dags/example_external_task_marker_dag.py
[2023-12-31T05:48:50.223+0000] {logging_mixin.py:188} INFO - [2023-12-31T05:48:50.223+0000] {dag.py:3033} INFO - Sync 2 DAGs
[2023-12-31T05:48:50.239+0000] {logging_mixin.py:188} INFO - [2023-12-31T05:48:50.238+0000] {dag.py:3820} INFO - Setting next_dagrun for example_external_task_marker_child to None, run_after=None
[2023-12-31T05:48:50.244+0000] {logging_mixin.py:188} INFO - [2023-12-31T05:48:50.244+0000] {dag.py:3820} INFO - Setting next_dagrun for example_external_task_marker_parent to None, run_after=None
[2023-12-31T05:48:50.271+0000] {processor.py:183} INFO - Processing /home/airflow/.local/lib/python3.8/site-packages/airflow/example_dags/example_external_task_marker_dag.py took 0.094 seconds
