[2023-12-31T05:24:21.371+0000] {processor.py:161} INFO - Started process (PID=111) to work on /home/airflow/.local/lib/python3.8/site-packages/airflow/example_dags/example_sensors.py
[2023-12-31T05:24:21.400+0000] {processor.py:830} INFO - Processing file /home/airflow/.local/lib/python3.8/site-packages/airflow/example_dags/example_sensors.py for tasks to queue
[2023-12-31T05:24:21.412+0000] {logging_mixin.py:188} INFO - [2023-12-31T05:24:21.411+0000] {dagbag.py:538} INFO - Filling up the DagBag from /home/airflow/.local/lib/python3.8/site-packages/airflow/example_dags/example_sensors.py
[2023-12-31T05:24:21.454+0000] {processor.py:840} INFO - DAG(s) 'example_sensors' retrieved from /home/airflow/.local/lib/python3.8/site-packages/airflow/example_dags/example_sensors.py
[2023-12-31T05:24:22.329+0000] {logging_mixin.py:188} INFO - [2023-12-31T05:24:22.328+0000] {dag.py:3033} INFO - Sync 1 DAGs
[2023-12-31T05:24:23.027+0000] {logging_mixin.py:188} INFO - [2023-12-31T05:24:23.026+0000] {dag.py:3820} INFO - Setting next_dagrun for example_sensors to None, run_after=None
[2023-12-31T05:24:26.844+0000] {processor.py:183} INFO - Processing /home/airflow/.local/lib/python3.8/site-packages/airflow/example_dags/example_sensors.py took 5.488 seconds
[2023-12-31T05:24:58.116+0000] {processor.py:161} INFO - Started process (PID=167) to work on /home/airflow/.local/lib/python3.8/site-packages/airflow/example_dags/example_sensors.py
[2023-12-31T05:24:58.117+0000] {processor.py:830} INFO - Processing file /home/airflow/.local/lib/python3.8/site-packages/airflow/example_dags/example_sensors.py for tasks to queue
[2023-12-31T05:24:58.121+0000] {logging_mixin.py:188} INFO - [2023-12-31T05:24:58.121+0000] {dagbag.py:538} INFO - Filling up the DagBag from /home/airflow/.local/lib/python3.8/site-packages/airflow/example_dags/example_sensors.py
[2023-12-31T05:24:58.141+0000] {processor.py:840} INFO - DAG(s) 'example_sensors' retrieved from /home/airflow/.local/lib/python3.8/site-packages/airflow/example_dags/example_sensors.py
[2023-12-31T05:24:58.179+0000] {logging_mixin.py:188} INFO - [2023-12-31T05:24:58.178+0000] {dag.py:3033} INFO - Sync 1 DAGs
[2023-12-31T05:24:58.196+0000] {logging_mixin.py:188} INFO - [2023-12-31T05:24:58.196+0000] {dag.py:3820} INFO - Setting next_dagrun for example_sensors to None, run_after=None
[2023-12-31T05:24:58.239+0000] {processor.py:183} INFO - Processing /home/airflow/.local/lib/python3.8/site-packages/airflow/example_dags/example_sensors.py took 0.127 seconds
[2023-12-31T05:25:34.850+0000] {processor.py:161} INFO - Started process (PID=222) to work on /home/airflow/.local/lib/python3.8/site-packages/airflow/example_dags/example_sensors.py
[2023-12-31T05:25:34.852+0000] {processor.py:830} INFO - Processing file /home/airflow/.local/lib/python3.8/site-packages/airflow/example_dags/example_sensors.py for tasks to queue
[2023-12-31T05:25:34.856+0000] {logging_mixin.py:188} INFO - [2023-12-31T05:25:34.855+0000] {dagbag.py:538} INFO - Filling up the DagBag from /home/airflow/.local/lib/python3.8/site-packages/airflow/example_dags/example_sensors.py
[2023-12-31T05:25:34.881+0000] {processor.py:840} INFO - DAG(s) 'example_sensors' retrieved from /home/airflow/.local/lib/python3.8/site-packages/airflow/example_dags/example_sensors.py
[2023-12-31T05:25:34.920+0000] {logging_mixin.py:188} INFO - [2023-12-31T05:25:34.920+0000] {dag.py:3033} INFO - Sync 1 DAGs
[2023-12-31T05:25:34.947+0000] {logging_mixin.py:188} INFO - [2023-12-31T05:25:34.946+0000] {dag.py:3820} INFO - Setting next_dagrun for example_sensors to None, run_after=None
[2023-12-31T05:25:34.997+0000] {processor.py:183} INFO - Processing /home/airflow/.local/lib/python3.8/site-packages/airflow/example_dags/example_sensors.py took 0.151 seconds
[2023-12-31T05:26:23.953+0000] {processor.py:161} INFO - Started process (PID=273) to work on /home/airflow/.local/lib/python3.8/site-packages/airflow/example_dags/example_sensors.py
[2023-12-31T05:26:23.955+0000] {processor.py:830} INFO - Processing file /home/airflow/.local/lib/python3.8/site-packages/airflow/example_dags/example_sensors.py for tasks to queue
[2023-12-31T05:26:23.959+0000] {logging_mixin.py:188} INFO - [2023-12-31T05:26:23.958+0000] {dagbag.py:538} INFO - Filling up the DagBag from /home/airflow/.local/lib/python3.8/site-packages/airflow/example_dags/example_sensors.py
[2023-12-31T05:26:23.976+0000] {processor.py:840} INFO - DAG(s) 'example_sensors' retrieved from /home/airflow/.local/lib/python3.8/site-packages/airflow/example_dags/example_sensors.py
[2023-12-31T05:26:24.025+0000] {logging_mixin.py:188} INFO - [2023-12-31T05:26:24.025+0000] {dag.py:3033} INFO - Sync 1 DAGs
[2023-12-31T05:26:24.045+0000] {logging_mixin.py:188} INFO - [2023-12-31T05:26:24.044+0000] {dag.py:3820} INFO - Setting next_dagrun for example_sensors to None, run_after=None
[2023-12-31T05:26:24.262+0000] {processor.py:183} INFO - Processing /home/airflow/.local/lib/python3.8/site-packages/airflow/example_dags/example_sensors.py took 0.314 seconds
[2023-12-31T05:26:54.902+0000] {processor.py:161} INFO - Started process (PID=329) to work on /home/airflow/.local/lib/python3.8/site-packages/airflow/example_dags/example_sensors.py
[2023-12-31T05:26:54.903+0000] {processor.py:830} INFO - Processing file /home/airflow/.local/lib/python3.8/site-packages/airflow/example_dags/example_sensors.py for tasks to queue
[2023-12-31T05:26:54.906+0000] {logging_mixin.py:188} INFO - [2023-12-31T05:26:54.906+0000] {dagbag.py:538} INFO - Filling up the DagBag from /home/airflow/.local/lib/python3.8/site-packages/airflow/example_dags/example_sensors.py
[2023-12-31T05:26:54.919+0000] {processor.py:840} INFO - DAG(s) 'example_sensors' retrieved from /home/airflow/.local/lib/python3.8/site-packages/airflow/example_dags/example_sensors.py
[2023-12-31T05:26:54.952+0000] {logging_mixin.py:188} INFO - [2023-12-31T05:26:54.952+0000] {dag.py:3033} INFO - Sync 1 DAGs
[2023-12-31T05:26:54.972+0000] {logging_mixin.py:188} INFO - [2023-12-31T05:26:54.972+0000] {dag.py:3820} INFO - Setting next_dagrun for example_sensors to None, run_after=None
[2023-12-31T05:26:55.029+0000] {processor.py:183} INFO - Processing /home/airflow/.local/lib/python3.8/site-packages/airflow/example_dags/example_sensors.py took 0.130 seconds
[2023-12-31T05:27:27.214+0000] {processor.py:161} INFO - Started process (PID=385) to work on /home/airflow/.local/lib/python3.8/site-packages/airflow/example_dags/example_sensors.py
[2023-12-31T05:27:27.216+0000] {processor.py:830} INFO - Processing file /home/airflow/.local/lib/python3.8/site-packages/airflow/example_dags/example_sensors.py for tasks to queue
[2023-12-31T05:27:27.220+0000] {logging_mixin.py:188} INFO - [2023-12-31T05:27:27.219+0000] {dagbag.py:538} INFO - Filling up the DagBag from /home/airflow/.local/lib/python3.8/site-packages/airflow/example_dags/example_sensors.py
[2023-12-31T05:27:27.244+0000] {processor.py:840} INFO - DAG(s) 'example_sensors' retrieved from /home/airflow/.local/lib/python3.8/site-packages/airflow/example_dags/example_sensors.py
[2023-12-31T05:27:27.295+0000] {logging_mixin.py:188} INFO - [2023-12-31T05:27:27.295+0000] {dag.py:3033} INFO - Sync 1 DAGs
[2023-12-31T05:27:27.313+0000] {logging_mixin.py:188} INFO - [2023-12-31T05:27:27.313+0000] {dag.py:3820} INFO - Setting next_dagrun for example_sensors to None, run_after=None
[2023-12-31T05:27:27.370+0000] {processor.py:183} INFO - Processing /home/airflow/.local/lib/python3.8/site-packages/airflow/example_dags/example_sensors.py took 0.161 seconds
[2023-12-31T05:27:57.557+0000] {processor.py:161} INFO - Started process (PID=441) to work on /home/airflow/.local/lib/python3.8/site-packages/airflow/example_dags/example_sensors.py
[2023-12-31T05:27:57.559+0000] {processor.py:830} INFO - Processing file /home/airflow/.local/lib/python3.8/site-packages/airflow/example_dags/example_sensors.py for tasks to queue
[2023-12-31T05:27:57.562+0000] {logging_mixin.py:188} INFO - [2023-12-31T05:27:57.561+0000] {dagbag.py:538} INFO - Filling up the DagBag from /home/airflow/.local/lib/python3.8/site-packages/airflow/example_dags/example_sensors.py
[2023-12-31T05:27:57.574+0000] {processor.py:840} INFO - DAG(s) 'example_sensors' retrieved from /home/airflow/.local/lib/python3.8/site-packages/airflow/example_dags/example_sensors.py
[2023-12-31T05:27:57.610+0000] {logging_mixin.py:188} INFO - [2023-12-31T05:27:57.610+0000] {dag.py:3033} INFO - Sync 1 DAGs
[2023-12-31T05:27:57.625+0000] {logging_mixin.py:188} INFO - [2023-12-31T05:27:57.625+0000] {dag.py:3820} INFO - Setting next_dagrun for example_sensors to None, run_after=None
[2023-12-31T05:27:57.652+0000] {processor.py:183} INFO - Processing /home/airflow/.local/lib/python3.8/site-packages/airflow/example_dags/example_sensors.py took 0.099 seconds
[2023-12-31T05:28:28.302+0000] {processor.py:161} INFO - Started process (PID=497) to work on /home/airflow/.local/lib/python3.8/site-packages/airflow/example_dags/example_sensors.py
[2023-12-31T05:28:28.304+0000] {processor.py:830} INFO - Processing file /home/airflow/.local/lib/python3.8/site-packages/airflow/example_dags/example_sensors.py for tasks to queue
[2023-12-31T05:28:28.308+0000] {logging_mixin.py:188} INFO - [2023-12-31T05:28:28.307+0000] {dagbag.py:538} INFO - Filling up the DagBag from /home/airflow/.local/lib/python3.8/site-packages/airflow/example_dags/example_sensors.py
[2023-12-31T05:28:28.323+0000] {processor.py:840} INFO - DAG(s) 'example_sensors' retrieved from /home/airflow/.local/lib/python3.8/site-packages/airflow/example_dags/example_sensors.py
[2023-12-31T05:28:28.366+0000] {logging_mixin.py:188} INFO - [2023-12-31T05:28:28.366+0000] {dag.py:3033} INFO - Sync 1 DAGs
[2023-12-31T05:28:28.387+0000] {logging_mixin.py:188} INFO - [2023-12-31T05:28:28.387+0000] {dag.py:3820} INFO - Setting next_dagrun for example_sensors to None, run_after=None
[2023-12-31T05:28:28.431+0000] {processor.py:183} INFO - Processing /home/airflow/.local/lib/python3.8/site-packages/airflow/example_dags/example_sensors.py took 0.132 seconds
[2023-12-31T05:28:59.109+0000] {processor.py:161} INFO - Started process (PID=553) to work on /home/airflow/.local/lib/python3.8/site-packages/airflow/example_dags/example_sensors.py
[2023-12-31T05:28:59.111+0000] {processor.py:830} INFO - Processing file /home/airflow/.local/lib/python3.8/site-packages/airflow/example_dags/example_sensors.py for tasks to queue
[2023-12-31T05:28:59.114+0000] {logging_mixin.py:188} INFO - [2023-12-31T05:28:59.114+0000] {dagbag.py:538} INFO - Filling up the DagBag from /home/airflow/.local/lib/python3.8/site-packages/airflow/example_dags/example_sensors.py
[2023-12-31T05:28:59.131+0000] {processor.py:840} INFO - DAG(s) 'example_sensors' retrieved from /home/airflow/.local/lib/python3.8/site-packages/airflow/example_dags/example_sensors.py
[2023-12-31T05:28:59.177+0000] {logging_mixin.py:188} INFO - [2023-12-31T05:28:59.177+0000] {dag.py:3033} INFO - Sync 1 DAGs
[2023-12-31T05:28:59.195+0000] {logging_mixin.py:188} INFO - [2023-12-31T05:28:59.194+0000] {dag.py:3820} INFO - Setting next_dagrun for example_sensors to None, run_after=None
[2023-12-31T05:28:59.300+0000] {processor.py:183} INFO - Processing /home/airflow/.local/lib/python3.8/site-packages/airflow/example_dags/example_sensors.py took 0.197 seconds
[2023-12-31T05:29:30.152+0000] {processor.py:161} INFO - Started process (PID=609) to work on /home/airflow/.local/lib/python3.8/site-packages/airflow/example_dags/example_sensors.py
[2023-12-31T05:29:30.156+0000] {processor.py:830} INFO - Processing file /home/airflow/.local/lib/python3.8/site-packages/airflow/example_dags/example_sensors.py for tasks to queue
[2023-12-31T05:29:30.159+0000] {logging_mixin.py:188} INFO - [2023-12-31T05:29:30.159+0000] {dagbag.py:538} INFO - Filling up the DagBag from /home/airflow/.local/lib/python3.8/site-packages/airflow/example_dags/example_sensors.py
[2023-12-31T05:29:30.173+0000] {processor.py:840} INFO - DAG(s) 'example_sensors' retrieved from /home/airflow/.local/lib/python3.8/site-packages/airflow/example_dags/example_sensors.py
[2023-12-31T05:29:30.214+0000] {logging_mixin.py:188} INFO - [2023-12-31T05:29:30.213+0000] {dag.py:3033} INFO - Sync 1 DAGs
[2023-12-31T05:29:30.233+0000] {logging_mixin.py:188} INFO - [2023-12-31T05:29:30.233+0000] {dag.py:3820} INFO - Setting next_dagrun for example_sensors to None, run_after=None
[2023-12-31T05:29:30.271+0000] {processor.py:183} INFO - Processing /home/airflow/.local/lib/python3.8/site-packages/airflow/example_dags/example_sensors.py took 0.124 seconds
[2023-12-31T05:30:06.985+0000] {processor.py:161} INFO - Started process (PID=665) to work on /home/airflow/.local/lib/python3.8/site-packages/airflow/example_dags/example_sensors.py
[2023-12-31T05:30:06.986+0000] {processor.py:830} INFO - Processing file /home/airflow/.local/lib/python3.8/site-packages/airflow/example_dags/example_sensors.py for tasks to queue
[2023-12-31T05:30:06.989+0000] {logging_mixin.py:188} INFO - [2023-12-31T05:30:06.989+0000] {dagbag.py:538} INFO - Filling up the DagBag from /home/airflow/.local/lib/python3.8/site-packages/airflow/example_dags/example_sensors.py
[2023-12-31T05:30:07.002+0000] {processor.py:840} INFO - DAG(s) 'example_sensors' retrieved from /home/airflow/.local/lib/python3.8/site-packages/airflow/example_dags/example_sensors.py
[2023-12-31T05:30:07.031+0000] {logging_mixin.py:188} INFO - [2023-12-31T05:30:07.031+0000] {dag.py:3033} INFO - Sync 1 DAGs
[2023-12-31T05:30:07.045+0000] {logging_mixin.py:188} INFO - [2023-12-31T05:30:07.044+0000] {dag.py:3820} INFO - Setting next_dagrun for example_sensors to None, run_after=None
[2023-12-31T05:30:07.089+0000] {processor.py:183} INFO - Processing /home/airflow/.local/lib/python3.8/site-packages/airflow/example_dags/example_sensors.py took 0.109 seconds
[2023-12-31T05:30:38.145+0000] {processor.py:161} INFO - Started process (PID=721) to work on /home/airflow/.local/lib/python3.8/site-packages/airflow/example_dags/example_sensors.py
[2023-12-31T05:30:38.146+0000] {processor.py:830} INFO - Processing file /home/airflow/.local/lib/python3.8/site-packages/airflow/example_dags/example_sensors.py for tasks to queue
[2023-12-31T05:30:38.149+0000] {logging_mixin.py:188} INFO - [2023-12-31T05:30:38.148+0000] {dagbag.py:538} INFO - Filling up the DagBag from /home/airflow/.local/lib/python3.8/site-packages/airflow/example_dags/example_sensors.py
[2023-12-31T05:30:38.158+0000] {processor.py:840} INFO - DAG(s) 'example_sensors' retrieved from /home/airflow/.local/lib/python3.8/site-packages/airflow/example_dags/example_sensors.py
[2023-12-31T05:30:38.187+0000] {logging_mixin.py:188} INFO - [2023-12-31T05:30:38.186+0000] {dag.py:3033} INFO - Sync 1 DAGs
[2023-12-31T05:30:38.205+0000] {logging_mixin.py:188} INFO - [2023-12-31T05:30:38.205+0000] {dag.py:3820} INFO - Setting next_dagrun for example_sensors to None, run_after=None
[2023-12-31T05:30:38.238+0000] {processor.py:183} INFO - Processing /home/airflow/.local/lib/python3.8/site-packages/airflow/example_dags/example_sensors.py took 0.097 seconds
[2023-12-31T05:31:08.911+0000] {processor.py:161} INFO - Started process (PID=777) to work on /home/airflow/.local/lib/python3.8/site-packages/airflow/example_dags/example_sensors.py
[2023-12-31T05:31:08.913+0000] {processor.py:830} INFO - Processing file /home/airflow/.local/lib/python3.8/site-packages/airflow/example_dags/example_sensors.py for tasks to queue
[2023-12-31T05:31:08.917+0000] {logging_mixin.py:188} INFO - [2023-12-31T05:31:08.916+0000] {dagbag.py:538} INFO - Filling up the DagBag from /home/airflow/.local/lib/python3.8/site-packages/airflow/example_dags/example_sensors.py
[2023-12-31T05:31:08.929+0000] {processor.py:840} INFO - DAG(s) 'example_sensors' retrieved from /home/airflow/.local/lib/python3.8/site-packages/airflow/example_dags/example_sensors.py
[2023-12-31T05:31:08.964+0000] {logging_mixin.py:188} INFO - [2023-12-31T05:31:08.964+0000] {dag.py:3033} INFO - Sync 1 DAGs
[2023-12-31T05:31:08.982+0000] {logging_mixin.py:188} INFO - [2023-12-31T05:31:08.981+0000] {dag.py:3820} INFO - Setting next_dagrun for example_sensors to None, run_after=None
[2023-12-31T05:31:09.012+0000] {processor.py:183} INFO - Processing /home/airflow/.local/lib/python3.8/site-packages/airflow/example_dags/example_sensors.py took 0.106 seconds
[2023-12-31T05:31:39.344+0000] {processor.py:161} INFO - Started process (PID=833) to work on /home/airflow/.local/lib/python3.8/site-packages/airflow/example_dags/example_sensors.py
[2023-12-31T05:31:39.346+0000] {processor.py:830} INFO - Processing file /home/airflow/.local/lib/python3.8/site-packages/airflow/example_dags/example_sensors.py for tasks to queue
[2023-12-31T05:31:39.349+0000] {logging_mixin.py:188} INFO - [2023-12-31T05:31:39.349+0000] {dagbag.py:538} INFO - Filling up the DagBag from /home/airflow/.local/lib/python3.8/site-packages/airflow/example_dags/example_sensors.py
[2023-12-31T05:31:39.368+0000] {processor.py:840} INFO - DAG(s) 'example_sensors' retrieved from /home/airflow/.local/lib/python3.8/site-packages/airflow/example_dags/example_sensors.py
[2023-12-31T05:31:39.408+0000] {logging_mixin.py:188} INFO - [2023-12-31T05:31:39.408+0000] {dag.py:3033} INFO - Sync 1 DAGs
[2023-12-31T05:31:39.430+0000] {logging_mixin.py:188} INFO - [2023-12-31T05:31:39.430+0000] {dag.py:3820} INFO - Setting next_dagrun for example_sensors to None, run_after=None
[2023-12-31T05:31:39.466+0000] {processor.py:183} INFO - Processing /home/airflow/.local/lib/python3.8/site-packages/airflow/example_dags/example_sensors.py took 0.128 seconds
[2023-12-31T05:32:10.239+0000] {processor.py:161} INFO - Started process (PID=889) to work on /home/airflow/.local/lib/python3.8/site-packages/airflow/example_dags/example_sensors.py
[2023-12-31T05:32:10.251+0000] {processor.py:830} INFO - Processing file /home/airflow/.local/lib/python3.8/site-packages/airflow/example_dags/example_sensors.py for tasks to queue
[2023-12-31T05:32:10.258+0000] {logging_mixin.py:188} INFO - [2023-12-31T05:32:10.257+0000] {dagbag.py:538} INFO - Filling up the DagBag from /home/airflow/.local/lib/python3.8/site-packages/airflow/example_dags/example_sensors.py
[2023-12-31T05:32:10.282+0000] {processor.py:840} INFO - DAG(s) 'example_sensors' retrieved from /home/airflow/.local/lib/python3.8/site-packages/airflow/example_dags/example_sensors.py
[2023-12-31T05:32:10.340+0000] {logging_mixin.py:188} INFO - [2023-12-31T05:32:10.339+0000] {dag.py:3033} INFO - Sync 1 DAGs
[2023-12-31T05:32:10.363+0000] {logging_mixin.py:188} INFO - [2023-12-31T05:32:10.363+0000] {dag.py:3820} INFO - Setting next_dagrun for example_sensors to None, run_after=None
[2023-12-31T05:32:10.414+0000] {processor.py:183} INFO - Processing /home/airflow/.local/lib/python3.8/site-packages/airflow/example_dags/example_sensors.py took 0.183 seconds
[2023-12-31T05:32:42.130+0000] {processor.py:161} INFO - Started process (PID=945) to work on /home/airflow/.local/lib/python3.8/site-packages/airflow/example_dags/example_sensors.py
[2023-12-31T05:32:42.133+0000] {processor.py:830} INFO - Processing file /home/airflow/.local/lib/python3.8/site-packages/airflow/example_dags/example_sensors.py for tasks to queue
[2023-12-31T05:32:42.146+0000] {logging_mixin.py:188} INFO - [2023-12-31T05:32:42.146+0000] {dagbag.py:538} INFO - Filling up the DagBag from /home/airflow/.local/lib/python3.8/site-packages/airflow/example_dags/example_sensors.py
[2023-12-31T05:32:42.173+0000] {processor.py:840} INFO - DAG(s) 'example_sensors' retrieved from /home/airflow/.local/lib/python3.8/site-packages/airflow/example_dags/example_sensors.py
[2023-12-31T05:32:42.283+0000] {logging_mixin.py:188} INFO - [2023-12-31T05:32:42.283+0000] {dag.py:3033} INFO - Sync 1 DAGs
[2023-12-31T05:32:42.347+0000] {logging_mixin.py:188} INFO - [2023-12-31T05:32:42.347+0000] {dag.py:3820} INFO - Setting next_dagrun for example_sensors to None, run_after=None
[2023-12-31T05:32:42.479+0000] {processor.py:183} INFO - Processing /home/airflow/.local/lib/python3.8/site-packages/airflow/example_dags/example_sensors.py took 0.355 seconds
[2023-12-31T05:33:47.525+0000] {processor.py:161} INFO - Started process (PID=1007) to work on /home/airflow/.local/lib/python3.8/site-packages/airflow/example_dags/example_sensors.py
[2023-12-31T05:33:47.526+0000] {processor.py:830} INFO - Processing file /home/airflow/.local/lib/python3.8/site-packages/airflow/example_dags/example_sensors.py for tasks to queue
[2023-12-31T05:33:47.530+0000] {logging_mixin.py:188} INFO - [2023-12-31T05:33:47.529+0000] {dagbag.py:538} INFO - Filling up the DagBag from /home/airflow/.local/lib/python3.8/site-packages/airflow/example_dags/example_sensors.py
[2023-12-31T05:33:47.546+0000] {processor.py:840} INFO - DAG(s) 'example_sensors' retrieved from /home/airflow/.local/lib/python3.8/site-packages/airflow/example_dags/example_sensors.py
[2023-12-31T05:33:47.584+0000] {logging_mixin.py:188} INFO - [2023-12-31T05:33:47.583+0000] {dag.py:3033} INFO - Sync 1 DAGs
[2023-12-31T05:33:47.609+0000] {logging_mixin.py:188} INFO - [2023-12-31T05:33:47.609+0000] {dag.py:3820} INFO - Setting next_dagrun for example_sensors to None, run_after=None
[2023-12-31T05:33:47.648+0000] {processor.py:183} INFO - Processing /home/airflow/.local/lib/python3.8/site-packages/airflow/example_dags/example_sensors.py took 0.128 seconds
[2023-12-31T05:34:41.249+0000] {processor.py:161} INFO - Started process (PID=1079) to work on /home/airflow/.local/lib/python3.8/site-packages/airflow/example_dags/example_sensors.py
[2023-12-31T05:34:41.261+0000] {processor.py:830} INFO - Processing file /home/airflow/.local/lib/python3.8/site-packages/airflow/example_dags/example_sensors.py for tasks to queue
[2023-12-31T05:34:41.266+0000] {logging_mixin.py:188} INFO - [2023-12-31T05:34:41.265+0000] {dagbag.py:538} INFO - Filling up the DagBag from /home/airflow/.local/lib/python3.8/site-packages/airflow/example_dags/example_sensors.py
[2023-12-31T05:34:41.294+0000] {processor.py:840} INFO - DAG(s) 'example_sensors' retrieved from /home/airflow/.local/lib/python3.8/site-packages/airflow/example_dags/example_sensors.py
[2023-12-31T05:34:41.376+0000] {logging_mixin.py:188} INFO - [2023-12-31T05:34:41.375+0000] {dag.py:3033} INFO - Sync 1 DAGs
[2023-12-31T05:34:41.403+0000] {logging_mixin.py:188} INFO - [2023-12-31T05:34:41.403+0000] {dag.py:3820} INFO - Setting next_dagrun for example_sensors to None, run_after=None
[2023-12-31T05:34:41.699+0000] {processor.py:183} INFO - Processing /home/airflow/.local/lib/python3.8/site-packages/airflow/example_dags/example_sensors.py took 0.457 seconds
[2023-12-31T05:35:11.872+0000] {processor.py:161} INFO - Started process (PID=1135) to work on /home/airflow/.local/lib/python3.8/site-packages/airflow/example_dags/example_sensors.py
[2023-12-31T05:35:11.894+0000] {processor.py:830} INFO - Processing file /home/airflow/.local/lib/python3.8/site-packages/airflow/example_dags/example_sensors.py for tasks to queue
[2023-12-31T05:35:11.899+0000] {logging_mixin.py:188} INFO - [2023-12-31T05:35:11.899+0000] {dagbag.py:538} INFO - Filling up the DagBag from /home/airflow/.local/lib/python3.8/site-packages/airflow/example_dags/example_sensors.py
[2023-12-31T05:35:11.918+0000] {processor.py:840} INFO - DAG(s) 'example_sensors' retrieved from /home/airflow/.local/lib/python3.8/site-packages/airflow/example_dags/example_sensors.py
[2023-12-31T05:35:12.000+0000] {logging_mixin.py:188} INFO - [2023-12-31T05:35:11.999+0000] {dag.py:3033} INFO - Sync 1 DAGs
[2023-12-31T05:35:12.044+0000] {logging_mixin.py:188} INFO - [2023-12-31T05:35:12.044+0000] {dag.py:3820} INFO - Setting next_dagrun for example_sensors to None, run_after=None
[2023-12-31T05:35:12.131+0000] {processor.py:183} INFO - Processing /home/airflow/.local/lib/python3.8/site-packages/airflow/example_dags/example_sensors.py took 0.266 seconds
[2023-12-31T05:35:43.681+0000] {processor.py:161} INFO - Started process (PID=1191) to work on /home/airflow/.local/lib/python3.8/site-packages/airflow/example_dags/example_sensors.py
[2023-12-31T05:35:43.769+0000] {processor.py:830} INFO - Processing file /home/airflow/.local/lib/python3.8/site-packages/airflow/example_dags/example_sensors.py for tasks to queue
[2023-12-31T05:35:43.777+0000] {logging_mixin.py:188} INFO - [2023-12-31T05:35:43.776+0000] {dagbag.py:538} INFO - Filling up the DagBag from /home/airflow/.local/lib/python3.8/site-packages/airflow/example_dags/example_sensors.py
[2023-12-31T05:35:43.799+0000] {processor.py:840} INFO - DAG(s) 'example_sensors' retrieved from /home/airflow/.local/lib/python3.8/site-packages/airflow/example_dags/example_sensors.py
[2023-12-31T05:35:43.830+0000] {logging_mixin.py:188} INFO - [2023-12-31T05:35:43.830+0000] {dag.py:3033} INFO - Sync 1 DAGs
[2023-12-31T05:35:43.892+0000] {logging_mixin.py:188} INFO - [2023-12-31T05:35:43.892+0000] {dag.py:3820} INFO - Setting next_dagrun for example_sensors to None, run_after=None
[2023-12-31T05:35:44.552+0000] {processor.py:183} INFO - Processing /home/airflow/.local/lib/python3.8/site-packages/airflow/example_dags/example_sensors.py took 0.875 seconds
[2023-12-31T05:36:14.656+0000] {processor.py:161} INFO - Started process (PID=1247) to work on /home/airflow/.local/lib/python3.8/site-packages/airflow/example_dags/example_sensors.py
[2023-12-31T05:36:14.659+0000] {processor.py:830} INFO - Processing file /home/airflow/.local/lib/python3.8/site-packages/airflow/example_dags/example_sensors.py for tasks to queue
[2023-12-31T05:36:14.663+0000] {logging_mixin.py:188} INFO - [2023-12-31T05:36:14.662+0000] {dagbag.py:538} INFO - Filling up the DagBag from /home/airflow/.local/lib/python3.8/site-packages/airflow/example_dags/example_sensors.py
[2023-12-31T05:36:14.677+0000] {processor.py:840} INFO - DAG(s) 'example_sensors' retrieved from /home/airflow/.local/lib/python3.8/site-packages/airflow/example_dags/example_sensors.py
[2023-12-31T05:36:14.719+0000] {logging_mixin.py:188} INFO - [2023-12-31T05:36:14.719+0000] {dag.py:3033} INFO - Sync 1 DAGs
[2023-12-31T05:36:14.745+0000] {logging_mixin.py:188} INFO - [2023-12-31T05:36:14.745+0000] {dag.py:3820} INFO - Setting next_dagrun for example_sensors to None, run_after=None
[2023-12-31T05:36:14.784+0000] {processor.py:183} INFO - Processing /home/airflow/.local/lib/python3.8/site-packages/airflow/example_dags/example_sensors.py took 0.133 seconds
[2023-12-31T05:36:45.227+0000] {processor.py:161} INFO - Started process (PID=1303) to work on /home/airflow/.local/lib/python3.8/site-packages/airflow/example_dags/example_sensors.py
[2023-12-31T05:36:45.239+0000] {processor.py:830} INFO - Processing file /home/airflow/.local/lib/python3.8/site-packages/airflow/example_dags/example_sensors.py for tasks to queue
[2023-12-31T05:36:45.242+0000] {logging_mixin.py:188} INFO - [2023-12-31T05:36:45.242+0000] {dagbag.py:538} INFO - Filling up the DagBag from /home/airflow/.local/lib/python3.8/site-packages/airflow/example_dags/example_sensors.py
[2023-12-31T05:36:45.257+0000] {processor.py:840} INFO - DAG(s) 'example_sensors' retrieved from /home/airflow/.local/lib/python3.8/site-packages/airflow/example_dags/example_sensors.py
[2023-12-31T05:36:45.303+0000] {logging_mixin.py:188} INFO - [2023-12-31T05:36:45.302+0000] {dag.py:3033} INFO - Sync 1 DAGs
[2023-12-31T05:36:45.331+0000] {logging_mixin.py:188} INFO - [2023-12-31T05:36:45.330+0000] {dag.py:3820} INFO - Setting next_dagrun for example_sensors to None, run_after=None
[2023-12-31T05:36:45.419+0000] {processor.py:183} INFO - Processing /home/airflow/.local/lib/python3.8/site-packages/airflow/example_dags/example_sensors.py took 0.196 seconds
[2023-12-31T05:37:15.860+0000] {processor.py:161} INFO - Started process (PID=1359) to work on /home/airflow/.local/lib/python3.8/site-packages/airflow/example_dags/example_sensors.py
[2023-12-31T05:37:15.862+0000] {processor.py:830} INFO - Processing file /home/airflow/.local/lib/python3.8/site-packages/airflow/example_dags/example_sensors.py for tasks to queue
[2023-12-31T05:37:15.865+0000] {logging_mixin.py:188} INFO - [2023-12-31T05:37:15.865+0000] {dagbag.py:538} INFO - Filling up the DagBag from /home/airflow/.local/lib/python3.8/site-packages/airflow/example_dags/example_sensors.py
[2023-12-31T05:37:15.878+0000] {processor.py:840} INFO - DAG(s) 'example_sensors' retrieved from /home/airflow/.local/lib/python3.8/site-packages/airflow/example_dags/example_sensors.py
[2023-12-31T05:37:15.914+0000] {logging_mixin.py:188} INFO - [2023-12-31T05:37:15.914+0000] {dag.py:3033} INFO - Sync 1 DAGs
[2023-12-31T05:37:15.934+0000] {logging_mixin.py:188} INFO - [2023-12-31T05:37:15.934+0000] {dag.py:3820} INFO - Setting next_dagrun for example_sensors to None, run_after=None
[2023-12-31T05:37:15.968+0000] {processor.py:183} INFO - Processing /home/airflow/.local/lib/python3.8/site-packages/airflow/example_dags/example_sensors.py took 0.112 seconds
[2023-12-31T05:37:47.963+0000] {processor.py:161} INFO - Started process (PID=1415) to work on /home/airflow/.local/lib/python3.8/site-packages/airflow/example_dags/example_sensors.py
[2023-12-31T05:37:47.986+0000] {processor.py:830} INFO - Processing file /home/airflow/.local/lib/python3.8/site-packages/airflow/example_dags/example_sensors.py for tasks to queue
[2023-12-31T05:37:47.990+0000] {logging_mixin.py:188} INFO - [2023-12-31T05:37:47.990+0000] {dagbag.py:538} INFO - Filling up the DagBag from /home/airflow/.local/lib/python3.8/site-packages/airflow/example_dags/example_sensors.py
[2023-12-31T05:37:48.010+0000] {processor.py:840} INFO - DAG(s) 'example_sensors' retrieved from /home/airflow/.local/lib/python3.8/site-packages/airflow/example_dags/example_sensors.py
[2023-12-31T05:37:48.047+0000] {logging_mixin.py:188} INFO - [2023-12-31T05:37:48.047+0000] {dag.py:3033} INFO - Sync 1 DAGs
[2023-12-31T05:37:48.065+0000] {logging_mixin.py:188} INFO - [2023-12-31T05:37:48.064+0000] {dag.py:3820} INFO - Setting next_dagrun for example_sensors to None, run_after=None
[2023-12-31T05:37:48.097+0000] {processor.py:183} INFO - Processing /home/airflow/.local/lib/python3.8/site-packages/airflow/example_dags/example_sensors.py took 0.138 seconds
[2023-12-31T05:38:22.196+0000] {processor.py:161} INFO - Started process (PID=1469) to work on /home/airflow/.local/lib/python3.8/site-packages/airflow/example_dags/example_sensors.py
[2023-12-31T05:38:22.198+0000] {processor.py:830} INFO - Processing file /home/airflow/.local/lib/python3.8/site-packages/airflow/example_dags/example_sensors.py for tasks to queue
[2023-12-31T05:38:22.201+0000] {logging_mixin.py:188} INFO - [2023-12-31T05:38:22.201+0000] {dagbag.py:538} INFO - Filling up the DagBag from /home/airflow/.local/lib/python3.8/site-packages/airflow/example_dags/example_sensors.py
[2023-12-31T05:38:22.219+0000] {processor.py:840} INFO - DAG(s) 'example_sensors' retrieved from /home/airflow/.local/lib/python3.8/site-packages/airflow/example_dags/example_sensors.py
[2023-12-31T05:38:22.263+0000] {logging_mixin.py:188} INFO - [2023-12-31T05:38:22.263+0000] {dag.py:3033} INFO - Sync 1 DAGs
[2023-12-31T05:38:22.284+0000] {logging_mixin.py:188} INFO - [2023-12-31T05:38:22.284+0000] {dag.py:3820} INFO - Setting next_dagrun for example_sensors to None, run_after=None
[2023-12-31T05:38:22.323+0000] {processor.py:183} INFO - Processing /home/airflow/.local/lib/python3.8/site-packages/airflow/example_dags/example_sensors.py took 0.131 seconds
[2023-12-31T05:38:52.917+0000] {processor.py:161} INFO - Started process (PID=1526) to work on /home/airflow/.local/lib/python3.8/site-packages/airflow/example_dags/example_sensors.py
[2023-12-31T05:38:52.918+0000] {processor.py:830} INFO - Processing file /home/airflow/.local/lib/python3.8/site-packages/airflow/example_dags/example_sensors.py for tasks to queue
[2023-12-31T05:38:52.921+0000] {logging_mixin.py:188} INFO - [2023-12-31T05:38:52.921+0000] {dagbag.py:538} INFO - Filling up the DagBag from /home/airflow/.local/lib/python3.8/site-packages/airflow/example_dags/example_sensors.py
[2023-12-31T05:38:52.932+0000] {processor.py:840} INFO - DAG(s) 'example_sensors' retrieved from /home/airflow/.local/lib/python3.8/site-packages/airflow/example_dags/example_sensors.py
[2023-12-31T05:38:52.972+0000] {logging_mixin.py:188} INFO - [2023-12-31T05:38:52.971+0000] {dag.py:3033} INFO - Sync 1 DAGs
[2023-12-31T05:38:52.988+0000] {logging_mixin.py:188} INFO - [2023-12-31T05:38:52.987+0000] {dag.py:3820} INFO - Setting next_dagrun for example_sensors to None, run_after=None
[2023-12-31T05:38:53.016+0000] {processor.py:183} INFO - Processing /home/airflow/.local/lib/python3.8/site-packages/airflow/example_dags/example_sensors.py took 0.103 seconds
[2023-12-31T05:39:23.191+0000] {processor.py:161} INFO - Started process (PID=1582) to work on /home/airflow/.local/lib/python3.8/site-packages/airflow/example_dags/example_sensors.py
[2023-12-31T05:39:23.193+0000] {processor.py:830} INFO - Processing file /home/airflow/.local/lib/python3.8/site-packages/airflow/example_dags/example_sensors.py for tasks to queue
[2023-12-31T05:39:23.196+0000] {logging_mixin.py:188} INFO - [2023-12-31T05:39:23.196+0000] {dagbag.py:538} INFO - Filling up the DagBag from /home/airflow/.local/lib/python3.8/site-packages/airflow/example_dags/example_sensors.py
[2023-12-31T05:39:23.208+0000] {processor.py:840} INFO - DAG(s) 'example_sensors' retrieved from /home/airflow/.local/lib/python3.8/site-packages/airflow/example_dags/example_sensors.py
[2023-12-31T05:39:23.240+0000] {logging_mixin.py:188} INFO - [2023-12-31T05:39:23.240+0000] {dag.py:3033} INFO - Sync 1 DAGs
[2023-12-31T05:39:23.256+0000] {logging_mixin.py:188} INFO - [2023-12-31T05:39:23.256+0000] {dag.py:3820} INFO - Setting next_dagrun for example_sensors to None, run_after=None
[2023-12-31T05:39:23.285+0000] {processor.py:183} INFO - Processing /home/airflow/.local/lib/python3.8/site-packages/airflow/example_dags/example_sensors.py took 0.098 seconds
[2023-12-31T05:39:53.838+0000] {processor.py:161} INFO - Started process (PID=1638) to work on /home/airflow/.local/lib/python3.8/site-packages/airflow/example_dags/example_sensors.py
[2023-12-31T05:39:53.840+0000] {processor.py:830} INFO - Processing file /home/airflow/.local/lib/python3.8/site-packages/airflow/example_dags/example_sensors.py for tasks to queue
[2023-12-31T05:39:53.843+0000] {logging_mixin.py:188} INFO - [2023-12-31T05:39:53.843+0000] {dagbag.py:538} INFO - Filling up the DagBag from /home/airflow/.local/lib/python3.8/site-packages/airflow/example_dags/example_sensors.py
[2023-12-31T05:39:53.859+0000] {processor.py:840} INFO - DAG(s) 'example_sensors' retrieved from /home/airflow/.local/lib/python3.8/site-packages/airflow/example_dags/example_sensors.py
[2023-12-31T05:39:53.900+0000] {logging_mixin.py:188} INFO - [2023-12-31T05:39:53.899+0000] {dag.py:3033} INFO - Sync 1 DAGs
[2023-12-31T05:39:53.925+0000] {logging_mixin.py:188} INFO - [2023-12-31T05:39:53.925+0000] {dag.py:3820} INFO - Setting next_dagrun for example_sensors to None, run_after=None
[2023-12-31T05:39:53.960+0000] {processor.py:183} INFO - Processing /home/airflow/.local/lib/python3.8/site-packages/airflow/example_dags/example_sensors.py took 0.128 seconds
[2023-12-31T05:40:24.980+0000] {processor.py:161} INFO - Started process (PID=1694) to work on /home/airflow/.local/lib/python3.8/site-packages/airflow/example_dags/example_sensors.py
[2023-12-31T05:40:24.983+0000] {processor.py:830} INFO - Processing file /home/airflow/.local/lib/python3.8/site-packages/airflow/example_dags/example_sensors.py for tasks to queue
[2023-12-31T05:40:24.986+0000] {logging_mixin.py:188} INFO - [2023-12-31T05:40:24.986+0000] {dagbag.py:538} INFO - Filling up the DagBag from /home/airflow/.local/lib/python3.8/site-packages/airflow/example_dags/example_sensors.py
[2023-12-31T05:40:25.002+0000] {processor.py:840} INFO - DAG(s) 'example_sensors' retrieved from /home/airflow/.local/lib/python3.8/site-packages/airflow/example_dags/example_sensors.py
[2023-12-31T05:40:25.044+0000] {logging_mixin.py:188} INFO - [2023-12-31T05:40:25.043+0000] {dag.py:3033} INFO - Sync 1 DAGs
[2023-12-31T05:40:25.064+0000] {logging_mixin.py:188} INFO - [2023-12-31T05:40:25.063+0000] {dag.py:3820} INFO - Setting next_dagrun for example_sensors to None, run_after=None
[2023-12-31T05:40:25.105+0000] {processor.py:183} INFO - Processing /home/airflow/.local/lib/python3.8/site-packages/airflow/example_dags/example_sensors.py took 0.131 seconds
[2023-12-31T05:40:55.784+0000] {processor.py:161} INFO - Started process (PID=1750) to work on /home/airflow/.local/lib/python3.8/site-packages/airflow/example_dags/example_sensors.py
[2023-12-31T05:40:55.785+0000] {processor.py:830} INFO - Processing file /home/airflow/.local/lib/python3.8/site-packages/airflow/example_dags/example_sensors.py for tasks to queue
[2023-12-31T05:40:55.788+0000] {logging_mixin.py:188} INFO - [2023-12-31T05:40:55.788+0000] {dagbag.py:538} INFO - Filling up the DagBag from /home/airflow/.local/lib/python3.8/site-packages/airflow/example_dags/example_sensors.py
[2023-12-31T05:40:55.801+0000] {processor.py:840} INFO - DAG(s) 'example_sensors' retrieved from /home/airflow/.local/lib/python3.8/site-packages/airflow/example_dags/example_sensors.py
[2023-12-31T05:40:55.837+0000] {logging_mixin.py:188} INFO - [2023-12-31T05:40:55.836+0000] {dag.py:3033} INFO - Sync 1 DAGs
[2023-12-31T05:40:55.856+0000] {logging_mixin.py:188} INFO - [2023-12-31T05:40:55.855+0000] {dag.py:3820} INFO - Setting next_dagrun for example_sensors to None, run_after=None
[2023-12-31T05:40:55.888+0000] {processor.py:183} INFO - Processing /home/airflow/.local/lib/python3.8/site-packages/airflow/example_dags/example_sensors.py took 0.108 seconds
[2023-12-31T05:41:26.095+0000] {processor.py:161} INFO - Started process (PID=1807) to work on /home/airflow/.local/lib/python3.8/site-packages/airflow/example_dags/example_sensors.py
[2023-12-31T05:41:26.096+0000] {processor.py:830} INFO - Processing file /home/airflow/.local/lib/python3.8/site-packages/airflow/example_dags/example_sensors.py for tasks to queue
[2023-12-31T05:41:26.102+0000] {logging_mixin.py:188} INFO - [2023-12-31T05:41:26.102+0000] {dagbag.py:538} INFO - Filling up the DagBag from /home/airflow/.local/lib/python3.8/site-packages/airflow/example_dags/example_sensors.py
[2023-12-31T05:41:26.117+0000] {processor.py:840} INFO - DAG(s) 'example_sensors' retrieved from /home/airflow/.local/lib/python3.8/site-packages/airflow/example_dags/example_sensors.py
[2023-12-31T05:41:26.160+0000] {logging_mixin.py:188} INFO - [2023-12-31T05:41:26.160+0000] {dag.py:3033} INFO - Sync 1 DAGs
[2023-12-31T05:41:26.187+0000] {logging_mixin.py:188} INFO - [2023-12-31T05:41:26.187+0000] {dag.py:3820} INFO - Setting next_dagrun for example_sensors to None, run_after=None
[2023-12-31T05:41:26.238+0000] {processor.py:183} INFO - Processing /home/airflow/.local/lib/python3.8/site-packages/airflow/example_dags/example_sensors.py took 0.148 seconds
[2023-12-31T05:41:57.041+0000] {processor.py:161} INFO - Started process (PID=1863) to work on /home/airflow/.local/lib/python3.8/site-packages/airflow/example_dags/example_sensors.py
[2023-12-31T05:41:57.043+0000] {processor.py:830} INFO - Processing file /home/airflow/.local/lib/python3.8/site-packages/airflow/example_dags/example_sensors.py for tasks to queue
[2023-12-31T05:41:57.047+0000] {logging_mixin.py:188} INFO - [2023-12-31T05:41:57.047+0000] {dagbag.py:538} INFO - Filling up the DagBag from /home/airflow/.local/lib/python3.8/site-packages/airflow/example_dags/example_sensors.py
[2023-12-31T05:41:57.076+0000] {processor.py:840} INFO - DAG(s) 'example_sensors' retrieved from /home/airflow/.local/lib/python3.8/site-packages/airflow/example_dags/example_sensors.py
[2023-12-31T05:41:57.126+0000] {logging_mixin.py:188} INFO - [2023-12-31T05:41:57.126+0000] {dag.py:3033} INFO - Sync 1 DAGs
[2023-12-31T05:41:57.157+0000] {logging_mixin.py:188} INFO - [2023-12-31T05:41:57.155+0000] {dag.py:3820} INFO - Setting next_dagrun for example_sensors to None, run_after=None
[2023-12-31T05:41:57.214+0000] {processor.py:183} INFO - Processing /home/airflow/.local/lib/python3.8/site-packages/airflow/example_dags/example_sensors.py took 0.183 seconds
[2023-12-31T05:42:27.671+0000] {processor.py:161} INFO - Started process (PID=1919) to work on /home/airflow/.local/lib/python3.8/site-packages/airflow/example_dags/example_sensors.py
[2023-12-31T05:42:27.673+0000] {processor.py:830} INFO - Processing file /home/airflow/.local/lib/python3.8/site-packages/airflow/example_dags/example_sensors.py for tasks to queue
[2023-12-31T05:42:27.678+0000] {logging_mixin.py:188} INFO - [2023-12-31T05:42:27.677+0000] {dagbag.py:538} INFO - Filling up the DagBag from /home/airflow/.local/lib/python3.8/site-packages/airflow/example_dags/example_sensors.py
[2023-12-31T05:42:27.693+0000] {processor.py:840} INFO - DAG(s) 'example_sensors' retrieved from /home/airflow/.local/lib/python3.8/site-packages/airflow/example_dags/example_sensors.py
[2023-12-31T05:42:27.730+0000] {logging_mixin.py:188} INFO - [2023-12-31T05:42:27.730+0000] {dag.py:3033} INFO - Sync 1 DAGs
[2023-12-31T05:42:27.747+0000] {logging_mixin.py:188} INFO - [2023-12-31T05:42:27.747+0000] {dag.py:3820} INFO - Setting next_dagrun for example_sensors to None, run_after=None
[2023-12-31T05:42:27.954+0000] {processor.py:183} INFO - Processing /home/airflow/.local/lib/python3.8/site-packages/airflow/example_dags/example_sensors.py took 0.289 seconds
[2023-12-31T05:42:58.370+0000] {processor.py:161} INFO - Started process (PID=1975) to work on /home/airflow/.local/lib/python3.8/site-packages/airflow/example_dags/example_sensors.py
[2023-12-31T05:42:58.374+0000] {processor.py:830} INFO - Processing file /home/airflow/.local/lib/python3.8/site-packages/airflow/example_dags/example_sensors.py for tasks to queue
[2023-12-31T05:42:58.379+0000] {logging_mixin.py:188} INFO - [2023-12-31T05:42:58.377+0000] {dagbag.py:538} INFO - Filling up the DagBag from /home/airflow/.local/lib/python3.8/site-packages/airflow/example_dags/example_sensors.py
[2023-12-31T05:42:58.427+0000] {processor.py:840} INFO - DAG(s) 'example_sensors' retrieved from /home/airflow/.local/lib/python3.8/site-packages/airflow/example_dags/example_sensors.py
[2023-12-31T05:42:58.530+0000] {logging_mixin.py:188} INFO - [2023-12-31T05:42:58.529+0000] {dag.py:3033} INFO - Sync 1 DAGs
[2023-12-31T05:42:58.585+0000] {logging_mixin.py:188} INFO - [2023-12-31T05:42:58.585+0000] {dag.py:3820} INFO - Setting next_dagrun for example_sensors to None, run_after=None
[2023-12-31T05:42:58.665+0000] {processor.py:183} INFO - Processing /home/airflow/.local/lib/python3.8/site-packages/airflow/example_dags/example_sensors.py took 0.313 seconds
[2023-12-31T05:43:29.170+0000] {processor.py:161} INFO - Started process (PID=2032) to work on /home/airflow/.local/lib/python3.8/site-packages/airflow/example_dags/example_sensors.py
[2023-12-31T05:43:29.180+0000] {processor.py:830} INFO - Processing file /home/airflow/.local/lib/python3.8/site-packages/airflow/example_dags/example_sensors.py for tasks to queue
[2023-12-31T05:43:29.182+0000] {logging_mixin.py:188} INFO - [2023-12-31T05:43:29.181+0000] {dagbag.py:538} INFO - Filling up the DagBag from /home/airflow/.local/lib/python3.8/site-packages/airflow/example_dags/example_sensors.py
[2023-12-31T05:43:29.195+0000] {processor.py:840} INFO - DAG(s) 'example_sensors' retrieved from /home/airflow/.local/lib/python3.8/site-packages/airflow/example_dags/example_sensors.py
[2023-12-31T05:43:29.224+0000] {logging_mixin.py:188} INFO - [2023-12-31T05:43:29.223+0000] {dag.py:3033} INFO - Sync 1 DAGs
[2023-12-31T05:43:29.239+0000] {logging_mixin.py:188} INFO - [2023-12-31T05:43:29.239+0000] {dag.py:3820} INFO - Setting next_dagrun for example_sensors to None, run_after=None
[2023-12-31T05:43:29.279+0000] {processor.py:183} INFO - Processing /home/airflow/.local/lib/python3.8/site-packages/airflow/example_dags/example_sensors.py took 0.113 seconds
[2023-12-31T05:44:02.133+0000] {processor.py:161} INFO - Started process (PID=2088) to work on /home/airflow/.local/lib/python3.8/site-packages/airflow/example_dags/example_sensors.py
[2023-12-31T05:44:02.135+0000] {processor.py:830} INFO - Processing file /home/airflow/.local/lib/python3.8/site-packages/airflow/example_dags/example_sensors.py for tasks to queue
[2023-12-31T05:44:02.137+0000] {logging_mixin.py:188} INFO - [2023-12-31T05:44:02.137+0000] {dagbag.py:538} INFO - Filling up the DagBag from /home/airflow/.local/lib/python3.8/site-packages/airflow/example_dags/example_sensors.py
[2023-12-31T05:44:02.157+0000] {processor.py:840} INFO - DAG(s) 'example_sensors' retrieved from /home/airflow/.local/lib/python3.8/site-packages/airflow/example_dags/example_sensors.py
[2023-12-31T05:44:02.215+0000] {logging_mixin.py:188} INFO - [2023-12-31T05:44:02.215+0000] {dag.py:3033} INFO - Sync 1 DAGs
[2023-12-31T05:44:02.240+0000] {logging_mixin.py:188} INFO - [2023-12-31T05:44:02.240+0000] {dag.py:3820} INFO - Setting next_dagrun for example_sensors to None, run_after=None
[2023-12-31T05:44:02.287+0000] {processor.py:183} INFO - Processing /home/airflow/.local/lib/python3.8/site-packages/airflow/example_dags/example_sensors.py took 0.170 seconds
[2023-12-31T05:44:33.823+0000] {processor.py:161} INFO - Started process (PID=2144) to work on /home/airflow/.local/lib/python3.8/site-packages/airflow/example_dags/example_sensors.py
[2023-12-31T05:44:33.833+0000] {processor.py:830} INFO - Processing file /home/airflow/.local/lib/python3.8/site-packages/airflow/example_dags/example_sensors.py for tasks to queue
[2023-12-31T05:44:33.836+0000] {logging_mixin.py:188} INFO - [2023-12-31T05:44:33.835+0000] {dagbag.py:538} INFO - Filling up the DagBag from /home/airflow/.local/lib/python3.8/site-packages/airflow/example_dags/example_sensors.py
[2023-12-31T05:44:33.875+0000] {processor.py:840} INFO - DAG(s) 'example_sensors' retrieved from /home/airflow/.local/lib/python3.8/site-packages/airflow/example_dags/example_sensors.py
[2023-12-31T05:44:33.960+0000] {logging_mixin.py:188} INFO - [2023-12-31T05:44:33.960+0000] {dag.py:3033} INFO - Sync 1 DAGs
[2023-12-31T05:44:33.991+0000] {logging_mixin.py:188} INFO - [2023-12-31T05:44:33.991+0000] {dag.py:3820} INFO - Setting next_dagrun for example_sensors to None, run_after=None
[2023-12-31T05:44:34.060+0000] {processor.py:183} INFO - Processing /home/airflow/.local/lib/python3.8/site-packages/airflow/example_dags/example_sensors.py took 0.246 seconds
[2023-12-31T05:45:32.226+0000] {processor.py:161} INFO - Started process (PID=2212) to work on /home/airflow/.local/lib/python3.8/site-packages/airflow/example_dags/example_sensors.py
[2023-12-31T05:45:32.228+0000] {processor.py:830} INFO - Processing file /home/airflow/.local/lib/python3.8/site-packages/airflow/example_dags/example_sensors.py for tasks to queue
[2023-12-31T05:45:32.230+0000] {logging_mixin.py:188} INFO - [2023-12-31T05:45:32.230+0000] {dagbag.py:538} INFO - Filling up the DagBag from /home/airflow/.local/lib/python3.8/site-packages/airflow/example_dags/example_sensors.py
[2023-12-31T05:45:32.259+0000] {processor.py:840} INFO - DAG(s) 'example_sensors' retrieved from /home/airflow/.local/lib/python3.8/site-packages/airflow/example_dags/example_sensors.py
[2023-12-31T05:45:32.653+0000] {logging_mixin.py:188} INFO - [2023-12-31T05:45:32.652+0000] {dag.py:3033} INFO - Sync 1 DAGs
[2023-12-31T05:45:32.681+0000] {logging_mixin.py:188} INFO - [2023-12-31T05:45:32.679+0000] {dag.py:3820} INFO - Setting next_dagrun for example_sensors to None, run_after=None
[2023-12-31T05:45:32.747+0000] {processor.py:183} INFO - Processing /home/airflow/.local/lib/python3.8/site-packages/airflow/example_dags/example_sensors.py took 0.529 seconds
[2023-12-31T05:46:04.654+0000] {processor.py:161} INFO - Started process (PID=2268) to work on /home/airflow/.local/lib/python3.8/site-packages/airflow/example_dags/example_sensors.py
[2023-12-31T05:46:04.767+0000] {processor.py:830} INFO - Processing file /home/airflow/.local/lib/python3.8/site-packages/airflow/example_dags/example_sensors.py for tasks to queue
[2023-12-31T05:46:04.769+0000] {logging_mixin.py:188} INFO - [2023-12-31T05:46:04.768+0000] {dagbag.py:538} INFO - Filling up the DagBag from /home/airflow/.local/lib/python3.8/site-packages/airflow/example_dags/example_sensors.py
[2023-12-31T05:46:04.827+0000] {processor.py:840} INFO - DAG(s) 'example_sensors' retrieved from /home/airflow/.local/lib/python3.8/site-packages/airflow/example_dags/example_sensors.py
[2023-12-31T05:46:04.905+0000] {logging_mixin.py:188} INFO - [2023-12-31T05:46:04.904+0000] {dag.py:3033} INFO - Sync 1 DAGs
[2023-12-31T05:46:05.103+0000] {logging_mixin.py:188} INFO - [2023-12-31T05:46:05.102+0000] {dag.py:3820} INFO - Setting next_dagrun for example_sensors to None, run_after=None
[2023-12-31T05:46:05.960+0000] {processor.py:183} INFO - Processing /home/airflow/.local/lib/python3.8/site-packages/airflow/example_dags/example_sensors.py took 1.309 seconds
[2023-12-31T05:46:36.483+0000] {processor.py:161} INFO - Started process (PID=2325) to work on /home/airflow/.local/lib/python3.8/site-packages/airflow/example_dags/example_sensors.py
[2023-12-31T05:46:36.484+0000] {processor.py:830} INFO - Processing file /home/airflow/.local/lib/python3.8/site-packages/airflow/example_dags/example_sensors.py for tasks to queue
[2023-12-31T05:46:36.487+0000] {logging_mixin.py:188} INFO - [2023-12-31T05:46:36.486+0000] {dagbag.py:538} INFO - Filling up the DagBag from /home/airflow/.local/lib/python3.8/site-packages/airflow/example_dags/example_sensors.py
[2023-12-31T05:46:36.576+0000] {processor.py:840} INFO - DAG(s) 'example_sensors' retrieved from /home/airflow/.local/lib/python3.8/site-packages/airflow/example_dags/example_sensors.py
[2023-12-31T05:46:36.655+0000] {logging_mixin.py:188} INFO - [2023-12-31T05:46:36.655+0000] {dag.py:3033} INFO - Sync 1 DAGs
[2023-12-31T05:46:36.723+0000] {logging_mixin.py:188} INFO - [2023-12-31T05:46:36.722+0000] {dag.py:3820} INFO - Setting next_dagrun for example_sensors to None, run_after=None
[2023-12-31T05:46:36.895+0000] {processor.py:183} INFO - Processing /home/airflow/.local/lib/python3.8/site-packages/airflow/example_dags/example_sensors.py took 0.418 seconds
[2023-12-31T05:47:07.918+0000] {processor.py:161} INFO - Started process (PID=2383) to work on /home/airflow/.local/lib/python3.8/site-packages/airflow/example_dags/example_sensors.py
[2023-12-31T05:47:07.919+0000] {processor.py:830} INFO - Processing file /home/airflow/.local/lib/python3.8/site-packages/airflow/example_dags/example_sensors.py for tasks to queue
[2023-12-31T05:47:07.920+0000] {logging_mixin.py:188} INFO - [2023-12-31T05:47:07.920+0000] {dagbag.py:538} INFO - Filling up the DagBag from /home/airflow/.local/lib/python3.8/site-packages/airflow/example_dags/example_sensors.py
[2023-12-31T05:47:07.935+0000] {processor.py:840} INFO - DAG(s) 'example_sensors' retrieved from /home/airflow/.local/lib/python3.8/site-packages/airflow/example_dags/example_sensors.py
[2023-12-31T05:47:07.970+0000] {logging_mixin.py:188} INFO - [2023-12-31T05:47:07.969+0000] {dag.py:3033} INFO - Sync 1 DAGs
[2023-12-31T05:47:07.998+0000] {logging_mixin.py:188} INFO - [2023-12-31T05:47:07.998+0000] {dag.py:3820} INFO - Setting next_dagrun for example_sensors to None, run_after=None
[2023-12-31T05:47:08.033+0000] {processor.py:183} INFO - Processing /home/airflow/.local/lib/python3.8/site-packages/airflow/example_dags/example_sensors.py took 0.120 seconds
[2023-12-31T05:47:38.786+0000] {processor.py:161} INFO - Started process (PID=2440) to work on /home/airflow/.local/lib/python3.8/site-packages/airflow/example_dags/example_sensors.py
[2023-12-31T05:47:38.787+0000] {processor.py:830} INFO - Processing file /home/airflow/.local/lib/python3.8/site-packages/airflow/example_dags/example_sensors.py for tasks to queue
[2023-12-31T05:47:38.788+0000] {logging_mixin.py:188} INFO - [2023-12-31T05:47:38.788+0000] {dagbag.py:538} INFO - Filling up the DagBag from /home/airflow/.local/lib/python3.8/site-packages/airflow/example_dags/example_sensors.py
[2023-12-31T05:47:38.802+0000] {processor.py:840} INFO - DAG(s) 'example_sensors' retrieved from /home/airflow/.local/lib/python3.8/site-packages/airflow/example_dags/example_sensors.py
[2023-12-31T05:47:38.832+0000] {logging_mixin.py:188} INFO - [2023-12-31T05:47:38.832+0000] {dag.py:3033} INFO - Sync 1 DAGs
[2023-12-31T05:47:38.851+0000] {logging_mixin.py:188} INFO - [2023-12-31T05:47:38.851+0000] {dag.py:3820} INFO - Setting next_dagrun for example_sensors to None, run_after=None
[2023-12-31T05:47:39.015+0000] {processor.py:183} INFO - Processing /home/airflow/.local/lib/python3.8/site-packages/airflow/example_dags/example_sensors.py took 0.234 seconds
[2023-12-31T05:48:09.238+0000] {processor.py:161} INFO - Started process (PID=2497) to work on /home/airflow/.local/lib/python3.8/site-packages/airflow/example_dags/example_sensors.py
[2023-12-31T05:48:09.240+0000] {processor.py:830} INFO - Processing file /home/airflow/.local/lib/python3.8/site-packages/airflow/example_dags/example_sensors.py for tasks to queue
[2023-12-31T05:48:09.242+0000] {logging_mixin.py:188} INFO - [2023-12-31T05:48:09.241+0000] {dagbag.py:538} INFO - Filling up the DagBag from /home/airflow/.local/lib/python3.8/site-packages/airflow/example_dags/example_sensors.py
[2023-12-31T05:48:09.256+0000] {processor.py:840} INFO - DAG(s) 'example_sensors' retrieved from /home/airflow/.local/lib/python3.8/site-packages/airflow/example_dags/example_sensors.py
[2023-12-31T05:48:09.288+0000] {logging_mixin.py:188} INFO - [2023-12-31T05:48:09.287+0000] {dag.py:3033} INFO - Sync 1 DAGs
[2023-12-31T05:48:09.303+0000] {logging_mixin.py:188} INFO - [2023-12-31T05:48:09.302+0000] {dag.py:3820} INFO - Setting next_dagrun for example_sensors to None, run_after=None
[2023-12-31T05:48:09.338+0000] {processor.py:183} INFO - Processing /home/airflow/.local/lib/python3.8/site-packages/airflow/example_dags/example_sensors.py took 0.104 seconds
[2023-12-31T05:48:39.807+0000] {processor.py:161} INFO - Started process (PID=2553) to work on /home/airflow/.local/lib/python3.8/site-packages/airflow/example_dags/example_sensors.py
[2023-12-31T05:48:39.820+0000] {processor.py:830} INFO - Processing file /home/airflow/.local/lib/python3.8/site-packages/airflow/example_dags/example_sensors.py for tasks to queue
[2023-12-31T05:48:39.822+0000] {logging_mixin.py:188} INFO - [2023-12-31T05:48:39.822+0000] {dagbag.py:538} INFO - Filling up the DagBag from /home/airflow/.local/lib/python3.8/site-packages/airflow/example_dags/example_sensors.py
[2023-12-31T05:48:39.834+0000] {processor.py:840} INFO - DAG(s) 'example_sensors' retrieved from /home/airflow/.local/lib/python3.8/site-packages/airflow/example_dags/example_sensors.py
[2023-12-31T05:48:39.866+0000] {logging_mixin.py:188} INFO - [2023-12-31T05:48:39.865+0000] {dag.py:3033} INFO - Sync 1 DAGs
[2023-12-31T05:48:39.879+0000] {logging_mixin.py:188} INFO - [2023-12-31T05:48:39.879+0000] {dag.py:3820} INFO - Setting next_dagrun for example_sensors to None, run_after=None
[2023-12-31T05:48:39.942+0000] {processor.py:183} INFO - Processing /home/airflow/.local/lib/python3.8/site-packages/airflow/example_dags/example_sensors.py took 0.139 seconds
