[2023-12-31T05:24:48.489+0000] {processor.py:161} INFO - Started process (PID=130) to work on /home/airflow/.local/lib/python3.8/site-packages/airflow/example_dags/example_branch_operator.py
[2023-12-31T05:24:48.496+0000] {processor.py:830} INFO - Processing file /home/airflow/.local/lib/python3.8/site-packages/airflow/example_dags/example_branch_operator.py for tasks to queue
[2023-12-31T05:24:48.500+0000] {logging_mixin.py:188} INFO - [2023-12-31T05:24:48.499+0000] {dagbag.py:538} INFO - Filling up the DagBag from /home/airflow/.local/lib/python3.8/site-packages/airflow/example_dags/example_branch_operator.py
[2023-12-31T05:24:48.690+0000] {processor.py:840} INFO - DAG(s) 'example_branch_operator' retrieved from /home/airflow/.local/lib/python3.8/site-packages/airflow/example_dags/example_branch_operator.py
[2023-12-31T05:24:48.876+0000] {logging_mixin.py:188} INFO - [2023-12-31T05:24:48.876+0000] {dag.py:3033} INFO - Sync 1 DAGs
[2023-12-31T05:24:48.904+0000] {logging_mixin.py:188} INFO - [2023-12-31T05:24:48.904+0000] {dag.py:3820} INFO - Setting next_dagrun for example_branch_operator to 2023-12-30T00:00:00+00:00, run_after=2023-12-31T00:00:00+00:00
[2023-12-31T05:24:49.689+0000] {processor.py:183} INFO - Processing /home/airflow/.local/lib/python3.8/site-packages/airflow/example_dags/example_branch_operator.py took 1.203 seconds
[2023-12-31T05:25:19.841+0000] {processor.py:161} INFO - Started process (PID=180) to work on /home/airflow/.local/lib/python3.8/site-packages/airflow/example_dags/example_branch_operator.py
[2023-12-31T05:25:19.842+0000] {processor.py:830} INFO - Processing file /home/airflow/.local/lib/python3.8/site-packages/airflow/example_dags/example_branch_operator.py for tasks to queue
[2023-12-31T05:25:19.845+0000] {logging_mixin.py:188} INFO - [2023-12-31T05:25:19.844+0000] {dagbag.py:538} INFO - Filling up the DagBag from /home/airflow/.local/lib/python3.8/site-packages/airflow/example_dags/example_branch_operator.py
[2023-12-31T05:25:19.873+0000] {processor.py:840} INFO - DAG(s) 'example_branch_operator' retrieved from /home/airflow/.local/lib/python3.8/site-packages/airflow/example_dags/example_branch_operator.py
[2023-12-31T05:25:19.910+0000] {logging_mixin.py:188} INFO - [2023-12-31T05:25:19.910+0000] {dag.py:3033} INFO - Sync 1 DAGs
[2023-12-31T05:25:19.946+0000] {logging_mixin.py:188} INFO - [2023-12-31T05:25:19.946+0000] {dag.py:3820} INFO - Setting next_dagrun for example_branch_operator to 2023-12-30T00:00:00+00:00, run_after=2023-12-31T00:00:00+00:00
[2023-12-31T05:25:19.975+0000] {processor.py:183} INFO - Processing /home/airflow/.local/lib/python3.8/site-packages/airflow/example_dags/example_branch_operator.py took 0.155 seconds
[2023-12-31T05:26:13.139+0000] {processor.py:161} INFO - Started process (PID=243) to work on /home/airflow/.local/lib/python3.8/site-packages/airflow/example_dags/example_branch_operator.py
[2023-12-31T05:26:13.148+0000] {processor.py:830} INFO - Processing file /home/airflow/.local/lib/python3.8/site-packages/airflow/example_dags/example_branch_operator.py for tasks to queue
[2023-12-31T05:26:13.152+0000] {logging_mixin.py:188} INFO - [2023-12-31T05:26:13.151+0000] {dagbag.py:538} INFO - Filling up the DagBag from /home/airflow/.local/lib/python3.8/site-packages/airflow/example_dags/example_branch_operator.py
[2023-12-31T05:26:13.734+0000] {processor.py:840} INFO - DAG(s) 'example_branch_operator' retrieved from /home/airflow/.local/lib/python3.8/site-packages/airflow/example_dags/example_branch_operator.py
[2023-12-31T05:26:13.886+0000] {logging_mixin.py:188} INFO - [2023-12-31T05:26:13.883+0000] {dag.py:3033} INFO - Sync 1 DAGs
[2023-12-31T05:26:13.981+0000] {logging_mixin.py:188} INFO - [2023-12-31T05:26:13.981+0000] {dag.py:3820} INFO - Setting next_dagrun for example_branch_operator to 2023-12-30T00:00:00+00:00, run_after=2023-12-31T00:00:00+00:00
[2023-12-31T05:26:14.072+0000] {processor.py:183} INFO - Processing /home/airflow/.local/lib/python3.8/site-packages/airflow/example_dags/example_branch_operator.py took 0.937 seconds
[2023-12-31T05:26:44.737+0000] {processor.py:161} INFO - Started process (PID=299) to work on /home/airflow/.local/lib/python3.8/site-packages/airflow/example_dags/example_branch_operator.py
[2023-12-31T05:26:44.740+0000] {processor.py:830} INFO - Processing file /home/airflow/.local/lib/python3.8/site-packages/airflow/example_dags/example_branch_operator.py for tasks to queue
[2023-12-31T05:26:44.744+0000] {logging_mixin.py:188} INFO - [2023-12-31T05:26:44.744+0000] {dagbag.py:538} INFO - Filling up the DagBag from /home/airflow/.local/lib/python3.8/site-packages/airflow/example_dags/example_branch_operator.py
[2023-12-31T05:26:44.799+0000] {processor.py:840} INFO - DAG(s) 'example_branch_operator' retrieved from /home/airflow/.local/lib/python3.8/site-packages/airflow/example_dags/example_branch_operator.py
[2023-12-31T05:26:44.897+0000] {logging_mixin.py:188} INFO - [2023-12-31T05:26:44.887+0000] {dag.py:3033} INFO - Sync 1 DAGs
[2023-12-31T05:26:44.961+0000] {logging_mixin.py:188} INFO - [2023-12-31T05:26:44.961+0000] {dag.py:3820} INFO - Setting next_dagrun for example_branch_operator to 2023-12-30T00:00:00+00:00, run_after=2023-12-31T00:00:00+00:00
[2023-12-31T05:26:45.101+0000] {processor.py:183} INFO - Processing /home/airflow/.local/lib/python3.8/site-packages/airflow/example_dags/example_branch_operator.py took 0.382 seconds
[2023-12-31T05:27:15.694+0000] {processor.py:161} INFO - Started process (PID=355) to work on /home/airflow/.local/lib/python3.8/site-packages/airflow/example_dags/example_branch_operator.py
[2023-12-31T05:27:15.695+0000] {processor.py:830} INFO - Processing file /home/airflow/.local/lib/python3.8/site-packages/airflow/example_dags/example_branch_operator.py for tasks to queue
[2023-12-31T05:27:15.700+0000] {logging_mixin.py:188} INFO - [2023-12-31T05:27:15.699+0000] {dagbag.py:538} INFO - Filling up the DagBag from /home/airflow/.local/lib/python3.8/site-packages/airflow/example_dags/example_branch_operator.py
[2023-12-31T05:27:15.727+0000] {processor.py:840} INFO - DAG(s) 'example_branch_operator' retrieved from /home/airflow/.local/lib/python3.8/site-packages/airflow/example_dags/example_branch_operator.py
[2023-12-31T05:27:15.771+0000] {logging_mixin.py:188} INFO - [2023-12-31T05:27:15.771+0000] {dag.py:3033} INFO - Sync 1 DAGs
[2023-12-31T05:27:15.807+0000] {logging_mixin.py:188} INFO - [2023-12-31T05:27:15.807+0000] {dag.py:3820} INFO - Setting next_dagrun for example_branch_operator to 2023-12-30T00:00:00+00:00, run_after=2023-12-31T00:00:00+00:00
[2023-12-31T05:27:16.302+0000] {processor.py:183} INFO - Processing /home/airflow/.local/lib/python3.8/site-packages/airflow/example_dags/example_branch_operator.py took 0.612 seconds
[2023-12-31T05:27:47.141+0000] {processor.py:161} INFO - Started process (PID=405) to work on /home/airflow/.local/lib/python3.8/site-packages/airflow/example_dags/example_branch_operator.py
[2023-12-31T05:27:47.143+0000] {processor.py:830} INFO - Processing file /home/airflow/.local/lib/python3.8/site-packages/airflow/example_dags/example_branch_operator.py for tasks to queue
[2023-12-31T05:27:47.147+0000] {logging_mixin.py:188} INFO - [2023-12-31T05:27:47.147+0000] {dagbag.py:538} INFO - Filling up the DagBag from /home/airflow/.local/lib/python3.8/site-packages/airflow/example_dags/example_branch_operator.py
[2023-12-31T05:27:47.178+0000] {processor.py:840} INFO - DAG(s) 'example_branch_operator' retrieved from /home/airflow/.local/lib/python3.8/site-packages/airflow/example_dags/example_branch_operator.py
[2023-12-31T05:27:47.229+0000] {logging_mixin.py:188} INFO - [2023-12-31T05:27:47.229+0000] {dag.py:3033} INFO - Sync 1 DAGs
[2023-12-31T05:27:47.261+0000] {logging_mixin.py:188} INFO - [2023-12-31T05:27:47.261+0000] {dag.py:3820} INFO - Setting next_dagrun for example_branch_operator to 2023-12-30T00:00:00+00:00, run_after=2023-12-31T00:00:00+00:00
[2023-12-31T05:27:47.795+0000] {processor.py:183} INFO - Processing /home/airflow/.local/lib/python3.8/site-packages/airflow/example_dags/example_branch_operator.py took 0.661 seconds
[2023-12-31T05:28:17.892+0000] {processor.py:161} INFO - Started process (PID=462) to work on /home/airflow/.local/lib/python3.8/site-packages/airflow/example_dags/example_branch_operator.py
[2023-12-31T05:28:17.894+0000] {processor.py:830} INFO - Processing file /home/airflow/.local/lib/python3.8/site-packages/airflow/example_dags/example_branch_operator.py for tasks to queue
[2023-12-31T05:28:17.897+0000] {logging_mixin.py:188} INFO - [2023-12-31T05:28:17.896+0000] {dagbag.py:538} INFO - Filling up the DagBag from /home/airflow/.local/lib/python3.8/site-packages/airflow/example_dags/example_branch_operator.py
[2023-12-31T05:28:17.919+0000] {processor.py:840} INFO - DAG(s) 'example_branch_operator' retrieved from /home/airflow/.local/lib/python3.8/site-packages/airflow/example_dags/example_branch_operator.py
[2023-12-31T05:28:17.951+0000] {logging_mixin.py:188} INFO - [2023-12-31T05:28:17.951+0000] {dag.py:3033} INFO - Sync 1 DAGs
[2023-12-31T05:28:17.983+0000] {logging_mixin.py:188} INFO - [2023-12-31T05:28:17.982+0000] {dag.py:3820} INFO - Setting next_dagrun for example_branch_operator to 2023-12-30T00:00:00+00:00, run_after=2023-12-31T00:00:00+00:00
[2023-12-31T05:28:18.019+0000] {processor.py:183} INFO - Processing /home/airflow/.local/lib/python3.8/site-packages/airflow/example_dags/example_branch_operator.py took 0.132 seconds
[2023-12-31T05:28:48.634+0000] {processor.py:161} INFO - Started process (PID=517) to work on /home/airflow/.local/lib/python3.8/site-packages/airflow/example_dags/example_branch_operator.py
[2023-12-31T05:28:48.636+0000] {processor.py:830} INFO - Processing file /home/airflow/.local/lib/python3.8/site-packages/airflow/example_dags/example_branch_operator.py for tasks to queue
[2023-12-31T05:28:48.639+0000] {logging_mixin.py:188} INFO - [2023-12-31T05:28:48.639+0000] {dagbag.py:538} INFO - Filling up the DagBag from /home/airflow/.local/lib/python3.8/site-packages/airflow/example_dags/example_branch_operator.py
[2023-12-31T05:28:48.681+0000] {processor.py:840} INFO - DAG(s) 'example_branch_operator' retrieved from /home/airflow/.local/lib/python3.8/site-packages/airflow/example_dags/example_branch_operator.py
[2023-12-31T05:28:48.736+0000] {logging_mixin.py:188} INFO - [2023-12-31T05:28:48.736+0000] {dag.py:3033} INFO - Sync 1 DAGs
[2023-12-31T05:28:48.773+0000] {logging_mixin.py:188} INFO - [2023-12-31T05:28:48.772+0000] {dag.py:3820} INFO - Setting next_dagrun for example_branch_operator to 2023-12-30T00:00:00+00:00, run_after=2023-12-31T00:00:00+00:00
[2023-12-31T05:28:48.809+0000] {processor.py:183} INFO - Processing /home/airflow/.local/lib/python3.8/site-packages/airflow/example_dags/example_branch_operator.py took 0.179 seconds
[2023-12-31T05:29:19.460+0000] {processor.py:161} INFO - Started process (PID=573) to work on /home/airflow/.local/lib/python3.8/site-packages/airflow/example_dags/example_branch_operator.py
[2023-12-31T05:29:19.560+0000] {processor.py:830} INFO - Processing file /home/airflow/.local/lib/python3.8/site-packages/airflow/example_dags/example_branch_operator.py for tasks to queue
[2023-12-31T05:29:19.562+0000] {logging_mixin.py:188} INFO - [2023-12-31T05:29:19.562+0000] {dagbag.py:538} INFO - Filling up the DagBag from /home/airflow/.local/lib/python3.8/site-packages/airflow/example_dags/example_branch_operator.py
[2023-12-31T05:29:19.586+0000] {processor.py:840} INFO - DAG(s) 'example_branch_operator' retrieved from /home/airflow/.local/lib/python3.8/site-packages/airflow/example_dags/example_branch_operator.py
[2023-12-31T05:29:19.618+0000] {logging_mixin.py:188} INFO - [2023-12-31T05:29:19.618+0000] {dag.py:3033} INFO - Sync 1 DAGs
[2023-12-31T05:29:19.645+0000] {logging_mixin.py:188} INFO - [2023-12-31T05:29:19.644+0000] {dag.py:3820} INFO - Setting next_dagrun for example_branch_operator to 2023-12-30T00:00:00+00:00, run_after=2023-12-31T00:00:00+00:00
[2023-12-31T05:29:20.427+0000] {processor.py:183} INFO - Processing /home/airflow/.local/lib/python3.8/site-packages/airflow/example_dags/example_branch_operator.py took 0.971 seconds
[2023-12-31T05:29:52.444+0000] {processor.py:161} INFO - Started process (PID=629) to work on /home/airflow/.local/lib/python3.8/site-packages/airflow/example_dags/example_branch_operator.py
[2023-12-31T05:29:52.459+0000] {processor.py:830} INFO - Processing file /home/airflow/.local/lib/python3.8/site-packages/airflow/example_dags/example_branch_operator.py for tasks to queue
[2023-12-31T05:29:52.463+0000] {logging_mixin.py:188} INFO - [2023-12-31T05:29:52.462+0000] {dagbag.py:538} INFO - Filling up the DagBag from /home/airflow/.local/lib/python3.8/site-packages/airflow/example_dags/example_branch_operator.py
[2023-12-31T05:29:52.524+0000] {processor.py:840} INFO - DAG(s) 'example_branch_operator' retrieved from /home/airflow/.local/lib/python3.8/site-packages/airflow/example_dags/example_branch_operator.py
[2023-12-31T05:29:52.603+0000] {logging_mixin.py:188} INFO - [2023-12-31T05:29:52.603+0000] {dag.py:3033} INFO - Sync 1 DAGs
[2023-12-31T05:29:52.665+0000] {logging_mixin.py:188} INFO - [2023-12-31T05:29:52.661+0000] {dag.py:3820} INFO - Setting next_dagrun for example_branch_operator to 2023-12-30T00:00:00+00:00, run_after=2023-12-31T00:00:00+00:00
[2023-12-31T05:29:52.733+0000] {processor.py:183} INFO - Processing /home/airflow/.local/lib/python3.8/site-packages/airflow/example_dags/example_branch_operator.py took 0.294 seconds
[2023-12-31T05:30:23.254+0000] {processor.py:161} INFO - Started process (PID=689) to work on /home/airflow/.local/lib/python3.8/site-packages/airflow/example_dags/example_branch_operator.py
[2023-12-31T05:30:23.256+0000] {processor.py:830} INFO - Processing file /home/airflow/.local/lib/python3.8/site-packages/airflow/example_dags/example_branch_operator.py for tasks to queue
[2023-12-31T05:30:23.259+0000] {logging_mixin.py:188} INFO - [2023-12-31T05:30:23.258+0000] {dagbag.py:538} INFO - Filling up the DagBag from /home/airflow/.local/lib/python3.8/site-packages/airflow/example_dags/example_branch_operator.py
[2023-12-31T05:30:23.288+0000] {processor.py:840} INFO - DAG(s) 'example_branch_operator' retrieved from /home/airflow/.local/lib/python3.8/site-packages/airflow/example_dags/example_branch_operator.py
[2023-12-31T05:30:23.324+0000] {logging_mixin.py:188} INFO - [2023-12-31T05:30:23.324+0000] {dag.py:3033} INFO - Sync 1 DAGs
[2023-12-31T05:30:23.358+0000] {logging_mixin.py:188} INFO - [2023-12-31T05:30:23.358+0000] {dag.py:3820} INFO - Setting next_dagrun for example_branch_operator to 2023-12-30T00:00:00+00:00, run_after=2023-12-31T00:00:00+00:00
[2023-12-31T05:30:23.396+0000] {processor.py:183} INFO - Processing /home/airflow/.local/lib/python3.8/site-packages/airflow/example_dags/example_branch_operator.py took 0.148 seconds
[2023-12-31T05:30:54.264+0000] {processor.py:161} INFO - Started process (PID=745) to work on /home/airflow/.local/lib/python3.8/site-packages/airflow/example_dags/example_branch_operator.py
[2023-12-31T05:30:54.266+0000] {processor.py:830} INFO - Processing file /home/airflow/.local/lib/python3.8/site-packages/airflow/example_dags/example_branch_operator.py for tasks to queue
[2023-12-31T05:30:54.269+0000] {logging_mixin.py:188} INFO - [2023-12-31T05:30:54.269+0000] {dagbag.py:538} INFO - Filling up the DagBag from /home/airflow/.local/lib/python3.8/site-packages/airflow/example_dags/example_branch_operator.py
[2023-12-31T05:30:54.290+0000] {processor.py:840} INFO - DAG(s) 'example_branch_operator' retrieved from /home/airflow/.local/lib/python3.8/site-packages/airflow/example_dags/example_branch_operator.py
[2023-12-31T05:30:54.324+0000] {logging_mixin.py:188} INFO - [2023-12-31T05:30:54.324+0000] {dag.py:3033} INFO - Sync 1 DAGs
[2023-12-31T05:30:54.353+0000] {logging_mixin.py:188} INFO - [2023-12-31T05:30:54.352+0000] {dag.py:3820} INFO - Setting next_dagrun for example_branch_operator to 2023-12-30T00:00:00+00:00, run_after=2023-12-31T00:00:00+00:00
[2023-12-31T05:30:54.383+0000] {processor.py:183} INFO - Processing /home/airflow/.local/lib/python3.8/site-packages/airflow/example_dags/example_branch_operator.py took 0.122 seconds
[2023-12-31T05:31:24.563+0000] {processor.py:161} INFO - Started process (PID=801) to work on /home/airflow/.local/lib/python3.8/site-packages/airflow/example_dags/example_branch_operator.py
[2023-12-31T05:31:24.564+0000] {processor.py:830} INFO - Processing file /home/airflow/.local/lib/python3.8/site-packages/airflow/example_dags/example_branch_operator.py for tasks to queue
[2023-12-31T05:31:24.568+0000] {logging_mixin.py:188} INFO - [2023-12-31T05:31:24.568+0000] {dagbag.py:538} INFO - Filling up the DagBag from /home/airflow/.local/lib/python3.8/site-packages/airflow/example_dags/example_branch_operator.py
[2023-12-31T05:31:24.594+0000] {processor.py:840} INFO - DAG(s) 'example_branch_operator' retrieved from /home/airflow/.local/lib/python3.8/site-packages/airflow/example_dags/example_branch_operator.py
[2023-12-31T05:31:24.634+0000] {logging_mixin.py:188} INFO - [2023-12-31T05:31:24.634+0000] {dag.py:3033} INFO - Sync 1 DAGs
[2023-12-31T05:31:24.665+0000] {logging_mixin.py:188} INFO - [2023-12-31T05:31:24.665+0000] {dag.py:3820} INFO - Setting next_dagrun for example_branch_operator to 2023-12-30T00:00:00+00:00, run_after=2023-12-31T00:00:00+00:00
[2023-12-31T05:31:24.700+0000] {processor.py:183} INFO - Processing /home/airflow/.local/lib/python3.8/site-packages/airflow/example_dags/example_branch_operator.py took 0.141 seconds
[2023-12-31T05:31:54.902+0000] {processor.py:161} INFO - Started process (PID=857) to work on /home/airflow/.local/lib/python3.8/site-packages/airflow/example_dags/example_branch_operator.py
[2023-12-31T05:31:54.904+0000] {processor.py:830} INFO - Processing file /home/airflow/.local/lib/python3.8/site-packages/airflow/example_dags/example_branch_operator.py for tasks to queue
[2023-12-31T05:31:54.907+0000] {logging_mixin.py:188} INFO - [2023-12-31T05:31:54.907+0000] {dagbag.py:538} INFO - Filling up the DagBag from /home/airflow/.local/lib/python3.8/site-packages/airflow/example_dags/example_branch_operator.py
[2023-12-31T05:31:54.942+0000] {processor.py:840} INFO - DAG(s) 'example_branch_operator' retrieved from /home/airflow/.local/lib/python3.8/site-packages/airflow/example_dags/example_branch_operator.py
[2023-12-31T05:31:54.986+0000] {logging_mixin.py:188} INFO - [2023-12-31T05:31:54.986+0000] {dag.py:3033} INFO - Sync 1 DAGs
[2023-12-31T05:31:55.021+0000] {logging_mixin.py:188} INFO - [2023-12-31T05:31:55.021+0000] {dag.py:3820} INFO - Setting next_dagrun for example_branch_operator to 2023-12-30T00:00:00+00:00, run_after=2023-12-31T00:00:00+00:00
[2023-12-31T05:31:55.061+0000] {processor.py:183} INFO - Processing /home/airflow/.local/lib/python3.8/site-packages/airflow/example_dags/example_branch_operator.py took 0.165 seconds
[2023-12-31T05:32:25.169+0000] {processor.py:161} INFO - Started process (PID=913) to work on /home/airflow/.local/lib/python3.8/site-packages/airflow/example_dags/example_branch_operator.py
[2023-12-31T05:32:25.180+0000] {processor.py:830} INFO - Processing file /home/airflow/.local/lib/python3.8/site-packages/airflow/example_dags/example_branch_operator.py for tasks to queue
[2023-12-31T05:32:25.185+0000] {logging_mixin.py:188} INFO - [2023-12-31T05:32:25.185+0000] {dagbag.py:538} INFO - Filling up the DagBag from /home/airflow/.local/lib/python3.8/site-packages/airflow/example_dags/example_branch_operator.py
[2023-12-31T05:32:25.245+0000] {processor.py:840} INFO - DAG(s) 'example_branch_operator' retrieved from /home/airflow/.local/lib/python3.8/site-packages/airflow/example_dags/example_branch_operator.py
[2023-12-31T05:32:25.309+0000] {logging_mixin.py:188} INFO - [2023-12-31T05:32:25.309+0000] {dag.py:3033} INFO - Sync 1 DAGs
[2023-12-31T05:32:25.399+0000] {logging_mixin.py:188} INFO - [2023-12-31T05:32:25.399+0000] {dag.py:3820} INFO - Setting next_dagrun for example_branch_operator to 2023-12-30T00:00:00+00:00, run_after=2023-12-31T00:00:00+00:00
[2023-12-31T05:32:25.980+0000] {processor.py:183} INFO - Processing /home/airflow/.local/lib/python3.8/site-packages/airflow/example_dags/example_branch_operator.py took 0.819 seconds
[2023-12-31T05:32:57.587+0000] {processor.py:161} INFO - Started process (PID=969) to work on /home/airflow/.local/lib/python3.8/site-packages/airflow/example_dags/example_branch_operator.py
[2023-12-31T05:32:57.592+0000] {processor.py:830} INFO - Processing file /home/airflow/.local/lib/python3.8/site-packages/airflow/example_dags/example_branch_operator.py for tasks to queue
[2023-12-31T05:32:57.972+0000] {logging_mixin.py:188} INFO - [2023-12-31T05:32:57.898+0000] {dagbag.py:538} INFO - Filling up the DagBag from /home/airflow/.local/lib/python3.8/site-packages/airflow/example_dags/example_branch_operator.py
[2023-12-31T05:32:59.183+0000] {processor.py:840} INFO - DAG(s) 'example_branch_operator' retrieved from /home/airflow/.local/lib/python3.8/site-packages/airflow/example_dags/example_branch_operator.py
[2023-12-31T05:33:00.221+0000] {logging_mixin.py:188} INFO - [2023-12-31T05:33:00.220+0000] {dag.py:3033} INFO - Sync 1 DAGs
[2023-12-31T05:33:00.769+0000] {logging_mixin.py:188} INFO - [2023-12-31T05:33:00.769+0000] {dag.py:3820} INFO - Setting next_dagrun for example_branch_operator to 2023-12-30T00:00:00+00:00, run_after=2023-12-31T00:00:00+00:00
[2023-12-31T05:33:00.926+0000] {processor.py:183} INFO - Processing /home/airflow/.local/lib/python3.8/site-packages/airflow/example_dags/example_branch_operator.py took 3.519 seconds
[2023-12-31T05:33:49.534+0000] {processor.py:161} INFO - Started process (PID=1029) to work on /home/airflow/.local/lib/python3.8/site-packages/airflow/example_dags/example_branch_operator.py
[2023-12-31T05:33:49.535+0000] {processor.py:830} INFO - Processing file /home/airflow/.local/lib/python3.8/site-packages/airflow/example_dags/example_branch_operator.py for tasks to queue
[2023-12-31T05:33:49.542+0000] {logging_mixin.py:188} INFO - [2023-12-31T05:33:49.541+0000] {dagbag.py:538} INFO - Filling up the DagBag from /home/airflow/.local/lib/python3.8/site-packages/airflow/example_dags/example_branch_operator.py
[2023-12-31T05:33:49.582+0000] {processor.py:840} INFO - DAG(s) 'example_branch_operator' retrieved from /home/airflow/.local/lib/python3.8/site-packages/airflow/example_dags/example_branch_operator.py
[2023-12-31T05:33:49.635+0000] {logging_mixin.py:188} INFO - [2023-12-31T05:33:49.635+0000] {dag.py:3033} INFO - Sync 1 DAGs
[2023-12-31T05:33:49.685+0000] {logging_mixin.py:188} INFO - [2023-12-31T05:33:49.685+0000] {dag.py:3820} INFO - Setting next_dagrun for example_branch_operator to 2023-12-30T00:00:00+00:00, run_after=2023-12-31T00:00:00+00:00
[2023-12-31T05:33:49.713+0000] {processor.py:183} INFO - Processing /home/airflow/.local/lib/python3.8/site-packages/airflow/example_dags/example_branch_operator.py took 0.184 seconds
[2023-12-31T05:34:44.029+0000] {processor.py:161} INFO - Started process (PID=1092) to work on /home/airflow/.local/lib/python3.8/site-packages/airflow/example_dags/example_branch_operator.py
[2023-12-31T05:34:44.032+0000] {processor.py:830} INFO - Processing file /home/airflow/.local/lib/python3.8/site-packages/airflow/example_dags/example_branch_operator.py for tasks to queue
[2023-12-31T05:34:44.036+0000] {logging_mixin.py:188} INFO - [2023-12-31T05:34:44.035+0000] {dagbag.py:538} INFO - Filling up the DagBag from /home/airflow/.local/lib/python3.8/site-packages/airflow/example_dags/example_branch_operator.py
[2023-12-31T05:34:44.071+0000] {processor.py:840} INFO - DAG(s) 'example_branch_operator' retrieved from /home/airflow/.local/lib/python3.8/site-packages/airflow/example_dags/example_branch_operator.py
[2023-12-31T05:34:44.119+0000] {logging_mixin.py:188} INFO - [2023-12-31T05:34:44.118+0000] {dag.py:3033} INFO - Sync 1 DAGs
[2023-12-31T05:34:44.172+0000] {logging_mixin.py:188} INFO - [2023-12-31T05:34:44.172+0000] {dag.py:3820} INFO - Setting next_dagrun for example_branch_operator to 2023-12-30T00:00:00+00:00, run_after=2023-12-31T00:00:00+00:00
[2023-12-31T05:34:44.212+0000] {processor.py:183} INFO - Processing /home/airflow/.local/lib/python3.8/site-packages/airflow/example_dags/example_branch_operator.py took 0.187 seconds
[2023-12-31T05:35:15.041+0000] {processor.py:161} INFO - Started process (PID=1148) to work on /home/airflow/.local/lib/python3.8/site-packages/airflow/example_dags/example_branch_operator.py
[2023-12-31T05:35:15.044+0000] {processor.py:830} INFO - Processing file /home/airflow/.local/lib/python3.8/site-packages/airflow/example_dags/example_branch_operator.py for tasks to queue
[2023-12-31T05:35:15.056+0000] {logging_mixin.py:188} INFO - [2023-12-31T05:35:15.055+0000] {dagbag.py:538} INFO - Filling up the DagBag from /home/airflow/.local/lib/python3.8/site-packages/airflow/example_dags/example_branch_operator.py
[2023-12-31T05:35:15.122+0000] {processor.py:840} INFO - DAG(s) 'example_branch_operator' retrieved from /home/airflow/.local/lib/python3.8/site-packages/airflow/example_dags/example_branch_operator.py
[2023-12-31T05:35:15.205+0000] {logging_mixin.py:188} INFO - [2023-12-31T05:35:15.205+0000] {dag.py:3033} INFO - Sync 1 DAGs
[2023-12-31T05:35:15.270+0000] {logging_mixin.py:188} INFO - [2023-12-31T05:35:15.269+0000] {dag.py:3820} INFO - Setting next_dagrun for example_branch_operator to 2023-12-30T00:00:00+00:00, run_after=2023-12-31T00:00:00+00:00
[2023-12-31T05:35:15.326+0000] {processor.py:183} INFO - Processing /home/airflow/.local/lib/python3.8/site-packages/airflow/example_dags/example_branch_operator.py took 0.291 seconds
[2023-12-31T05:35:48.750+0000] {processor.py:161} INFO - Started process (PID=1204) to work on /home/airflow/.local/lib/python3.8/site-packages/airflow/example_dags/example_branch_operator.py
[2023-12-31T05:35:48.764+0000] {processor.py:830} INFO - Processing file /home/airflow/.local/lib/python3.8/site-packages/airflow/example_dags/example_branch_operator.py for tasks to queue
[2023-12-31T05:35:48.781+0000] {logging_mixin.py:188} INFO - [2023-12-31T05:35:48.780+0000] {dagbag.py:538} INFO - Filling up the DagBag from /home/airflow/.local/lib/python3.8/site-packages/airflow/example_dags/example_branch_operator.py
[2023-12-31T05:35:48.917+0000] {processor.py:840} INFO - DAG(s) 'example_branch_operator' retrieved from /home/airflow/.local/lib/python3.8/site-packages/airflow/example_dags/example_branch_operator.py
[2023-12-31T05:35:49.045+0000] {logging_mixin.py:188} INFO - [2023-12-31T05:35:49.045+0000] {dag.py:3033} INFO - Sync 1 DAGs
[2023-12-31T05:35:49.157+0000] {logging_mixin.py:188} INFO - [2023-12-31T05:35:49.155+0000] {dag.py:3820} INFO - Setting next_dagrun for example_branch_operator to 2023-12-30T00:00:00+00:00, run_after=2023-12-31T00:00:00+00:00
[2023-12-31T05:35:49.280+0000] {processor.py:183} INFO - Processing /home/airflow/.local/lib/python3.8/site-packages/airflow/example_dags/example_branch_operator.py took 0.548 seconds
[2023-12-31T05:36:20.179+0000] {processor.py:161} INFO - Started process (PID=1260) to work on /home/airflow/.local/lib/python3.8/site-packages/airflow/example_dags/example_branch_operator.py
[2023-12-31T05:36:20.181+0000] {processor.py:830} INFO - Processing file /home/airflow/.local/lib/python3.8/site-packages/airflow/example_dags/example_branch_operator.py for tasks to queue
[2023-12-31T05:36:20.186+0000] {logging_mixin.py:188} INFO - [2023-12-31T05:36:20.185+0000] {dagbag.py:538} INFO - Filling up the DagBag from /home/airflow/.local/lib/python3.8/site-packages/airflow/example_dags/example_branch_operator.py
[2023-12-31T05:36:20.238+0000] {processor.py:840} INFO - DAG(s) 'example_branch_operator' retrieved from /home/airflow/.local/lib/python3.8/site-packages/airflow/example_dags/example_branch_operator.py
[2023-12-31T05:36:20.345+0000] {logging_mixin.py:188} INFO - [2023-12-31T05:36:20.344+0000] {dag.py:3033} INFO - Sync 1 DAGs
[2023-12-31T05:36:20.410+0000] {logging_mixin.py:188} INFO - [2023-12-31T05:36:20.409+0000] {dag.py:3820} INFO - Setting next_dagrun for example_branch_operator to 2023-12-30T00:00:00+00:00, run_after=2023-12-31T00:00:00+00:00
[2023-12-31T05:36:20.521+0000] {processor.py:183} INFO - Processing /home/airflow/.local/lib/python3.8/site-packages/airflow/example_dags/example_branch_operator.py took 0.348 seconds
[2023-12-31T05:36:51.157+0000] {processor.py:161} INFO - Started process (PID=1316) to work on /home/airflow/.local/lib/python3.8/site-packages/airflow/example_dags/example_branch_operator.py
[2023-12-31T05:36:51.186+0000] {processor.py:830} INFO - Processing file /home/airflow/.local/lib/python3.8/site-packages/airflow/example_dags/example_branch_operator.py for tasks to queue
[2023-12-31T05:36:51.190+0000] {logging_mixin.py:188} INFO - [2023-12-31T05:36:51.189+0000] {dagbag.py:538} INFO - Filling up the DagBag from /home/airflow/.local/lib/python3.8/site-packages/airflow/example_dags/example_branch_operator.py
[2023-12-31T05:36:51.281+0000] {processor.py:840} INFO - DAG(s) 'example_branch_operator' retrieved from /home/airflow/.local/lib/python3.8/site-packages/airflow/example_dags/example_branch_operator.py
[2023-12-31T05:36:51.344+0000] {logging_mixin.py:188} INFO - [2023-12-31T05:36:51.344+0000] {dag.py:3033} INFO - Sync 1 DAGs
[2023-12-31T05:36:51.388+0000] {logging_mixin.py:188} INFO - [2023-12-31T05:36:51.388+0000] {dag.py:3820} INFO - Setting next_dagrun for example_branch_operator to 2023-12-30T00:00:00+00:00, run_after=2023-12-31T00:00:00+00:00
[2023-12-31T05:36:51.830+0000] {processor.py:183} INFO - Processing /home/airflow/.local/lib/python3.8/site-packages/airflow/example_dags/example_branch_operator.py took 0.701 seconds
[2023-12-31T05:37:22.264+0000] {processor.py:161} INFO - Started process (PID=1372) to work on /home/airflow/.local/lib/python3.8/site-packages/airflow/example_dags/example_branch_operator.py
[2023-12-31T05:37:22.266+0000] {processor.py:830} INFO - Processing file /home/airflow/.local/lib/python3.8/site-packages/airflow/example_dags/example_branch_operator.py for tasks to queue
[2023-12-31T05:37:22.271+0000] {logging_mixin.py:188} INFO - [2023-12-31T05:37:22.270+0000] {dagbag.py:538} INFO - Filling up the DagBag from /home/airflow/.local/lib/python3.8/site-packages/airflow/example_dags/example_branch_operator.py
[2023-12-31T05:37:22.306+0000] {processor.py:840} INFO - DAG(s) 'example_branch_operator' retrieved from /home/airflow/.local/lib/python3.8/site-packages/airflow/example_dags/example_branch_operator.py
[2023-12-31T05:37:22.356+0000] {logging_mixin.py:188} INFO - [2023-12-31T05:37:22.356+0000] {dag.py:3033} INFO - Sync 1 DAGs
[2023-12-31T05:37:22.393+0000] {logging_mixin.py:188} INFO - [2023-12-31T05:37:22.392+0000] {dag.py:3820} INFO - Setting next_dagrun for example_branch_operator to 2023-12-30T00:00:00+00:00, run_after=2023-12-31T00:00:00+00:00
[2023-12-31T05:37:22.432+0000] {processor.py:183} INFO - Processing /home/airflow/.local/lib/python3.8/site-packages/airflow/example_dags/example_branch_operator.py took 0.174 seconds
[2023-12-31T05:37:52.571+0000] {processor.py:161} INFO - Started process (PID=1428) to work on /home/airflow/.local/lib/python3.8/site-packages/airflow/example_dags/example_branch_operator.py
[2023-12-31T05:37:52.574+0000] {processor.py:830} INFO - Processing file /home/airflow/.local/lib/python3.8/site-packages/airflow/example_dags/example_branch_operator.py for tasks to queue
[2023-12-31T05:37:52.577+0000] {logging_mixin.py:188} INFO - [2023-12-31T05:37:52.577+0000] {dagbag.py:538} INFO - Filling up the DagBag from /home/airflow/.local/lib/python3.8/site-packages/airflow/example_dags/example_branch_operator.py
[2023-12-31T05:37:52.599+0000] {processor.py:840} INFO - DAG(s) 'example_branch_operator' retrieved from /home/airflow/.local/lib/python3.8/site-packages/airflow/example_dags/example_branch_operator.py
[2023-12-31T05:37:52.632+0000] {logging_mixin.py:188} INFO - [2023-12-31T05:37:52.632+0000] {dag.py:3033} INFO - Sync 1 DAGs
[2023-12-31T05:37:52.662+0000] {logging_mixin.py:188} INFO - [2023-12-31T05:37:52.662+0000] {dag.py:3820} INFO - Setting next_dagrun for example_branch_operator to 2023-12-30T00:00:00+00:00, run_after=2023-12-31T00:00:00+00:00
[2023-12-31T05:37:52.704+0000] {processor.py:183} INFO - Processing /home/airflow/.local/lib/python3.8/site-packages/airflow/example_dags/example_branch_operator.py took 0.138 seconds
[2023-12-31T05:38:24.621+0000] {processor.py:161} INFO - Started process (PID=1484) to work on /home/airflow/.local/lib/python3.8/site-packages/airflow/example_dags/example_branch_operator.py
[2023-12-31T05:38:24.652+0000] {processor.py:830} INFO - Processing file /home/airflow/.local/lib/python3.8/site-packages/airflow/example_dags/example_branch_operator.py for tasks to queue
[2023-12-31T05:38:24.666+0000] {logging_mixin.py:188} INFO - [2023-12-31T05:38:24.666+0000] {dagbag.py:538} INFO - Filling up the DagBag from /home/airflow/.local/lib/python3.8/site-packages/airflow/example_dags/example_branch_operator.py
[2023-12-31T05:38:24.738+0000] {processor.py:840} INFO - DAG(s) 'example_branch_operator' retrieved from /home/airflow/.local/lib/python3.8/site-packages/airflow/example_dags/example_branch_operator.py
[2023-12-31T05:38:24.802+0000] {logging_mixin.py:188} INFO - [2023-12-31T05:38:24.801+0000] {dag.py:3033} INFO - Sync 1 DAGs
[2023-12-31T05:38:24.847+0000] {logging_mixin.py:188} INFO - [2023-12-31T05:38:24.846+0000] {dag.py:3820} INFO - Setting next_dagrun for example_branch_operator to 2023-12-30T00:00:00+00:00, run_after=2023-12-31T00:00:00+00:00
[2023-12-31T05:38:24.923+0000] {processor.py:183} INFO - Processing /home/airflow/.local/lib/python3.8/site-packages/airflow/example_dags/example_branch_operator.py took 0.307 seconds
[2023-12-31T05:38:55.058+0000] {processor.py:161} INFO - Started process (PID=1539) to work on /home/airflow/.local/lib/python3.8/site-packages/airflow/example_dags/example_branch_operator.py
[2023-12-31T05:38:55.059+0000] {processor.py:830} INFO - Processing file /home/airflow/.local/lib/python3.8/site-packages/airflow/example_dags/example_branch_operator.py for tasks to queue
[2023-12-31T05:38:55.064+0000] {logging_mixin.py:188} INFO - [2023-12-31T05:38:55.063+0000] {dagbag.py:538} INFO - Filling up the DagBag from /home/airflow/.local/lib/python3.8/site-packages/airflow/example_dags/example_branch_operator.py
[2023-12-31T05:38:55.092+0000] {processor.py:840} INFO - DAG(s) 'example_branch_operator' retrieved from /home/airflow/.local/lib/python3.8/site-packages/airflow/example_dags/example_branch_operator.py
[2023-12-31T05:38:55.129+0000] {logging_mixin.py:188} INFO - [2023-12-31T05:38:55.129+0000] {dag.py:3033} INFO - Sync 1 DAGs
[2023-12-31T05:38:55.165+0000] {logging_mixin.py:188} INFO - [2023-12-31T05:38:55.164+0000] {dag.py:3820} INFO - Setting next_dagrun for example_branch_operator to 2023-12-30T00:00:00+00:00, run_after=2023-12-31T00:00:00+00:00
[2023-12-31T05:38:55.210+0000] {processor.py:183} INFO - Processing /home/airflow/.local/lib/python3.8/site-packages/airflow/example_dags/example_branch_operator.py took 0.159 seconds
[2023-12-31T05:39:25.411+0000] {processor.py:161} INFO - Started process (PID=1595) to work on /home/airflow/.local/lib/python3.8/site-packages/airflow/example_dags/example_branch_operator.py
[2023-12-31T05:39:25.413+0000] {processor.py:830} INFO - Processing file /home/airflow/.local/lib/python3.8/site-packages/airflow/example_dags/example_branch_operator.py for tasks to queue
[2023-12-31T05:39:25.420+0000] {logging_mixin.py:188} INFO - [2023-12-31T05:39:25.419+0000] {dagbag.py:538} INFO - Filling up the DagBag from /home/airflow/.local/lib/python3.8/site-packages/airflow/example_dags/example_branch_operator.py
[2023-12-31T05:39:25.454+0000] {processor.py:840} INFO - DAG(s) 'example_branch_operator' retrieved from /home/airflow/.local/lib/python3.8/site-packages/airflow/example_dags/example_branch_operator.py
[2023-12-31T05:39:25.497+0000] {logging_mixin.py:188} INFO - [2023-12-31T05:39:25.497+0000] {dag.py:3033} INFO - Sync 1 DAGs
[2023-12-31T05:39:25.535+0000] {logging_mixin.py:188} INFO - [2023-12-31T05:39:25.535+0000] {dag.py:3820} INFO - Setting next_dagrun for example_branch_operator to 2023-12-30T00:00:00+00:00, run_after=2023-12-31T00:00:00+00:00
[2023-12-31T05:39:25.580+0000] {processor.py:183} INFO - Processing /home/airflow/.local/lib/python3.8/site-packages/airflow/example_dags/example_branch_operator.py took 0.174 seconds
[2023-12-31T05:39:55.963+0000] {processor.py:161} INFO - Started process (PID=1651) to work on /home/airflow/.local/lib/python3.8/site-packages/airflow/example_dags/example_branch_operator.py
[2023-12-31T05:39:55.965+0000] {processor.py:830} INFO - Processing file /home/airflow/.local/lib/python3.8/site-packages/airflow/example_dags/example_branch_operator.py for tasks to queue
[2023-12-31T05:39:55.970+0000] {logging_mixin.py:188} INFO - [2023-12-31T05:39:55.969+0000] {dagbag.py:538} INFO - Filling up the DagBag from /home/airflow/.local/lib/python3.8/site-packages/airflow/example_dags/example_branch_operator.py
[2023-12-31T05:39:56.000+0000] {processor.py:840} INFO - DAG(s) 'example_branch_operator' retrieved from /home/airflow/.local/lib/python3.8/site-packages/airflow/example_dags/example_branch_operator.py
[2023-12-31T05:39:56.049+0000] {logging_mixin.py:188} INFO - [2023-12-31T05:39:56.048+0000] {dag.py:3033} INFO - Sync 1 DAGs
[2023-12-31T05:39:56.092+0000] {logging_mixin.py:188} INFO - [2023-12-31T05:39:56.092+0000] {dag.py:3820} INFO - Setting next_dagrun for example_branch_operator to 2023-12-30T00:00:00+00:00, run_after=2023-12-31T00:00:00+00:00
[2023-12-31T05:39:56.541+0000] {processor.py:183} INFO - Processing /home/airflow/.local/lib/python3.8/site-packages/airflow/example_dags/example_branch_operator.py took 0.582 seconds
[2023-12-31T05:40:27.259+0000] {processor.py:161} INFO - Started process (PID=1707) to work on /home/airflow/.local/lib/python3.8/site-packages/airflow/example_dags/example_branch_operator.py
[2023-12-31T05:40:27.261+0000] {processor.py:830} INFO - Processing file /home/airflow/.local/lib/python3.8/site-packages/airflow/example_dags/example_branch_operator.py for tasks to queue
[2023-12-31T05:40:27.264+0000] {logging_mixin.py:188} INFO - [2023-12-31T05:40:27.264+0000] {dagbag.py:538} INFO - Filling up the DagBag from /home/airflow/.local/lib/python3.8/site-packages/airflow/example_dags/example_branch_operator.py
[2023-12-31T05:40:27.294+0000] {processor.py:840} INFO - DAG(s) 'example_branch_operator' retrieved from /home/airflow/.local/lib/python3.8/site-packages/airflow/example_dags/example_branch_operator.py
[2023-12-31T05:40:27.336+0000] {logging_mixin.py:188} INFO - [2023-12-31T05:40:27.336+0000] {dag.py:3033} INFO - Sync 1 DAGs
[2023-12-31T05:40:27.382+0000] {logging_mixin.py:188} INFO - [2023-12-31T05:40:27.382+0000] {dag.py:3820} INFO - Setting next_dagrun for example_branch_operator to 2023-12-30T00:00:00+00:00, run_after=2023-12-31T00:00:00+00:00
[2023-12-31T05:40:27.414+0000] {processor.py:183} INFO - Processing /home/airflow/.local/lib/python3.8/site-packages/airflow/example_dags/example_branch_operator.py took 0.160 seconds
[2023-12-31T05:40:57.869+0000] {processor.py:161} INFO - Started process (PID=1764) to work on /home/airflow/.local/lib/python3.8/site-packages/airflow/example_dags/example_branch_operator.py
[2023-12-31T05:40:57.870+0000] {processor.py:830} INFO - Processing file /home/airflow/.local/lib/python3.8/site-packages/airflow/example_dags/example_branch_operator.py for tasks to queue
[2023-12-31T05:40:57.873+0000] {logging_mixin.py:188} INFO - [2023-12-31T05:40:57.873+0000] {dagbag.py:538} INFO - Filling up the DagBag from /home/airflow/.local/lib/python3.8/site-packages/airflow/example_dags/example_branch_operator.py
[2023-12-31T05:40:57.903+0000] {processor.py:840} INFO - DAG(s) 'example_branch_operator' retrieved from /home/airflow/.local/lib/python3.8/site-packages/airflow/example_dags/example_branch_operator.py
[2023-12-31T05:40:57.937+0000] {logging_mixin.py:188} INFO - [2023-12-31T05:40:57.937+0000] {dag.py:3033} INFO - Sync 1 DAGs
[2023-12-31T05:40:57.970+0000] {logging_mixin.py:188} INFO - [2023-12-31T05:40:57.970+0000] {dag.py:3820} INFO - Setting next_dagrun for example_branch_operator to 2023-12-30T00:00:00+00:00, run_after=2023-12-31T00:00:00+00:00
[2023-12-31T05:40:58.004+0000] {processor.py:183} INFO - Processing /home/airflow/.local/lib/python3.8/site-packages/airflow/example_dags/example_branch_operator.py took 0.139 seconds
[2023-12-31T05:41:28.683+0000] {processor.py:161} INFO - Started process (PID=1821) to work on /home/airflow/.local/lib/python3.8/site-packages/airflow/example_dags/example_branch_operator.py
[2023-12-31T05:41:28.686+0000] {processor.py:830} INFO - Processing file /home/airflow/.local/lib/python3.8/site-packages/airflow/example_dags/example_branch_operator.py for tasks to queue
[2023-12-31T05:41:28.708+0000] {logging_mixin.py:188} INFO - [2023-12-31T05:41:28.707+0000] {dagbag.py:538} INFO - Filling up the DagBag from /home/airflow/.local/lib/python3.8/site-packages/airflow/example_dags/example_branch_operator.py
[2023-12-31T05:41:28.802+0000] {processor.py:840} INFO - DAG(s) 'example_branch_operator' retrieved from /home/airflow/.local/lib/python3.8/site-packages/airflow/example_dags/example_branch_operator.py
[2023-12-31T05:41:28.890+0000] {logging_mixin.py:188} INFO - [2023-12-31T05:41:28.890+0000] {dag.py:3033} INFO - Sync 1 DAGs
[2023-12-31T05:41:28.981+0000] {logging_mixin.py:188} INFO - [2023-12-31T05:41:28.980+0000] {dag.py:3820} INFO - Setting next_dagrun for example_branch_operator to 2023-12-30T00:00:00+00:00, run_after=2023-12-31T00:00:00+00:00
[2023-12-31T05:41:29.441+0000] {processor.py:183} INFO - Processing /home/airflow/.local/lib/python3.8/site-packages/airflow/example_dags/example_branch_operator.py took 0.764 seconds
[2023-12-31T05:42:00.384+0000] {processor.py:161} INFO - Started process (PID=1877) to work on /home/airflow/.local/lib/python3.8/site-packages/airflow/example_dags/example_branch_operator.py
[2023-12-31T05:42:00.386+0000] {processor.py:830} INFO - Processing file /home/airflow/.local/lib/python3.8/site-packages/airflow/example_dags/example_branch_operator.py for tasks to queue
[2023-12-31T05:42:00.389+0000] {logging_mixin.py:188} INFO - [2023-12-31T05:42:00.388+0000] {dagbag.py:538} INFO - Filling up the DagBag from /home/airflow/.local/lib/python3.8/site-packages/airflow/example_dags/example_branch_operator.py
[2023-12-31T05:42:00.411+0000] {processor.py:840} INFO - DAG(s) 'example_branch_operator' retrieved from /home/airflow/.local/lib/python3.8/site-packages/airflow/example_dags/example_branch_operator.py
[2023-12-31T05:42:00.445+0000] {logging_mixin.py:188} INFO - [2023-12-31T05:42:00.445+0000] {dag.py:3033} INFO - Sync 1 DAGs
[2023-12-31T05:42:00.474+0000] {logging_mixin.py:188} INFO - [2023-12-31T05:42:00.474+0000] {dag.py:3820} INFO - Setting next_dagrun for example_branch_operator to 2023-12-30T00:00:00+00:00, run_after=2023-12-31T00:00:00+00:00
[2023-12-31T05:42:00.507+0000] {processor.py:183} INFO - Processing /home/airflow/.local/lib/python3.8/site-packages/airflow/example_dags/example_branch_operator.py took 0.126 seconds
