[2023-12-31T05:24:18.254+0000] {processor.py:161} INFO - Started process (PID=108) to work on /home/airflow/.local/lib/python3.8/site-packages/airflow/example_dags/example_nested_branch_dag.py
[2023-12-31T05:24:18.255+0000] {processor.py:830} INFO - Processing file /home/airflow/.local/lib/python3.8/site-packages/airflow/example_dags/example_nested_branch_dag.py for tasks to queue
[2023-12-31T05:24:18.258+0000] {logging_mixin.py:188} INFO - [2023-12-31T05:24:18.257+0000] {dagbag.py:538} INFO - Filling up the DagBag from /home/airflow/.local/lib/python3.8/site-packages/airflow/example_dags/example_nested_branch_dag.py
[2023-12-31T05:24:18.308+0000] {processor.py:840} INFO - DAG(s) 'example_nested_branch_dag' retrieved from /home/airflow/.local/lib/python3.8/site-packages/airflow/example_dags/example_nested_branch_dag.py
[2023-12-31T05:24:19.553+0000] {logging_mixin.py:188} INFO - [2023-12-31T05:24:19.551+0000] {dag.py:3033} INFO - Sync 1 DAGs
[2023-12-31T05:24:19.877+0000] {logging_mixin.py:188} INFO - [2023-12-31T05:24:19.876+0000] {dag.py:3820} INFO - Setting next_dagrun for example_nested_branch_dag to 2023-12-30T00:00:00+00:00, run_after=2023-12-31T00:00:00+00:00
[2023-12-31T05:24:20.020+0000] {processor.py:183} INFO - Processing /home/airflow/.local/lib/python3.8/site-packages/airflow/example_dags/example_nested_branch_dag.py took 1.770 seconds
[2023-12-31T05:24:56.693+0000] {processor.py:161} INFO - Started process (PID=164) to work on /home/airflow/.local/lib/python3.8/site-packages/airflow/example_dags/example_nested_branch_dag.py
[2023-12-31T05:24:56.696+0000] {processor.py:830} INFO - Processing file /home/airflow/.local/lib/python3.8/site-packages/airflow/example_dags/example_nested_branch_dag.py for tasks to queue
[2023-12-31T05:24:56.706+0000] {logging_mixin.py:188} INFO - [2023-12-31T05:24:56.705+0000] {dagbag.py:538} INFO - Filling up the DagBag from /home/airflow/.local/lib/python3.8/site-packages/airflow/example_dags/example_nested_branch_dag.py
[2023-12-31T05:24:56.749+0000] {processor.py:840} INFO - DAG(s) 'example_nested_branch_dag' retrieved from /home/airflow/.local/lib/python3.8/site-packages/airflow/example_dags/example_nested_branch_dag.py
[2023-12-31T05:24:56.808+0000] {logging_mixin.py:188} INFO - [2023-12-31T05:24:56.808+0000] {dag.py:3033} INFO - Sync 1 DAGs
[2023-12-31T05:24:56.896+0000] {logging_mixin.py:188} INFO - [2023-12-31T05:24:56.895+0000] {dag.py:3820} INFO - Setting next_dagrun for example_nested_branch_dag to 2023-12-30T00:00:00+00:00, run_after=2023-12-31T00:00:00+00:00
[2023-12-31T05:24:56.967+0000] {processor.py:183} INFO - Processing /home/airflow/.local/lib/python3.8/site-packages/airflow/example_dags/example_nested_branch_dag.py took 0.281 seconds
[2023-12-31T05:25:34.366+0000] {processor.py:161} INFO - Started process (PID=219) to work on /home/airflow/.local/lib/python3.8/site-packages/airflow/example_dags/example_nested_branch_dag.py
[2023-12-31T05:25:34.367+0000] {processor.py:830} INFO - Processing file /home/airflow/.local/lib/python3.8/site-packages/airflow/example_dags/example_nested_branch_dag.py for tasks to queue
[2023-12-31T05:25:34.371+0000] {logging_mixin.py:188} INFO - [2023-12-31T05:25:34.371+0000] {dagbag.py:538} INFO - Filling up the DagBag from /home/airflow/.local/lib/python3.8/site-packages/airflow/example_dags/example_nested_branch_dag.py
[2023-12-31T05:25:34.398+0000] {processor.py:840} INFO - DAG(s) 'example_nested_branch_dag' retrieved from /home/airflow/.local/lib/python3.8/site-packages/airflow/example_dags/example_nested_branch_dag.py
[2023-12-31T05:25:34.457+0000] {logging_mixin.py:188} INFO - [2023-12-31T05:25:34.456+0000] {dag.py:3033} INFO - Sync 1 DAGs
[2023-12-31T05:25:34.536+0000] {logging_mixin.py:188} INFO - [2023-12-31T05:25:34.536+0000] {dag.py:3820} INFO - Setting next_dagrun for example_nested_branch_dag to 2023-12-30T00:00:00+00:00, run_after=2023-12-31T00:00:00+00:00
[2023-12-31T05:25:34.593+0000] {processor.py:183} INFO - Processing /home/airflow/.local/lib/python3.8/site-packages/airflow/example_dags/example_nested_branch_dag.py took 0.232 seconds
[2023-12-31T05:26:23.550+0000] {processor.py:161} INFO - Started process (PID=270) to work on /home/airflow/.local/lib/python3.8/site-packages/airflow/example_dags/example_nested_branch_dag.py
[2023-12-31T05:26:23.552+0000] {processor.py:830} INFO - Processing file /home/airflow/.local/lib/python3.8/site-packages/airflow/example_dags/example_nested_branch_dag.py for tasks to queue
[2023-12-31T05:26:23.556+0000] {logging_mixin.py:188} INFO - [2023-12-31T05:26:23.555+0000] {dagbag.py:538} INFO - Filling up the DagBag from /home/airflow/.local/lib/python3.8/site-packages/airflow/example_dags/example_nested_branch_dag.py
[2023-12-31T05:26:23.571+0000] {processor.py:840} INFO - DAG(s) 'example_nested_branch_dag' retrieved from /home/airflow/.local/lib/python3.8/site-packages/airflow/example_dags/example_nested_branch_dag.py
[2023-12-31T05:26:23.619+0000] {logging_mixin.py:188} INFO - [2023-12-31T05:26:23.619+0000] {dag.py:3033} INFO - Sync 1 DAGs
[2023-12-31T05:26:23.723+0000] {logging_mixin.py:188} INFO - [2023-12-31T05:26:23.722+0000] {dag.py:3820} INFO - Setting next_dagrun for example_nested_branch_dag to 2023-12-30T00:00:00+00:00, run_after=2023-12-31T00:00:00+00:00
[2023-12-31T05:26:23.783+0000] {processor.py:183} INFO - Processing /home/airflow/.local/lib/python3.8/site-packages/airflow/example_dags/example_nested_branch_dag.py took 0.237 seconds
[2023-12-31T05:26:54.390+0000] {processor.py:161} INFO - Started process (PID=326) to work on /home/airflow/.local/lib/python3.8/site-packages/airflow/example_dags/example_nested_branch_dag.py
[2023-12-31T05:26:54.392+0000] {processor.py:830} INFO - Processing file /home/airflow/.local/lib/python3.8/site-packages/airflow/example_dags/example_nested_branch_dag.py for tasks to queue
[2023-12-31T05:26:54.395+0000] {logging_mixin.py:188} INFO - [2023-12-31T05:26:54.395+0000] {dagbag.py:538} INFO - Filling up the DagBag from /home/airflow/.local/lib/python3.8/site-packages/airflow/example_dags/example_nested_branch_dag.py
[2023-12-31T05:26:54.414+0000] {processor.py:840} INFO - DAG(s) 'example_nested_branch_dag' retrieved from /home/airflow/.local/lib/python3.8/site-packages/airflow/example_dags/example_nested_branch_dag.py
[2023-12-31T05:26:54.449+0000] {logging_mixin.py:188} INFO - [2023-12-31T05:26:54.449+0000] {dag.py:3033} INFO - Sync 1 DAGs
[2023-12-31T05:26:54.481+0000] {logging_mixin.py:188} INFO - [2023-12-31T05:26:54.481+0000] {dag.py:3820} INFO - Setting next_dagrun for example_nested_branch_dag to 2023-12-30T00:00:00+00:00, run_after=2023-12-31T00:00:00+00:00
[2023-12-31T05:26:54.519+0000] {processor.py:183} INFO - Processing /home/airflow/.local/lib/python3.8/site-packages/airflow/example_dags/example_nested_branch_dag.py took 0.135 seconds
[2023-12-31T05:27:26.722+0000] {processor.py:161} INFO - Started process (PID=382) to work on /home/airflow/.local/lib/python3.8/site-packages/airflow/example_dags/example_nested_branch_dag.py
[2023-12-31T05:27:26.724+0000] {processor.py:830} INFO - Processing file /home/airflow/.local/lib/python3.8/site-packages/airflow/example_dags/example_nested_branch_dag.py for tasks to queue
[2023-12-31T05:27:26.729+0000] {logging_mixin.py:188} INFO - [2023-12-31T05:27:26.728+0000] {dagbag.py:538} INFO - Filling up the DagBag from /home/airflow/.local/lib/python3.8/site-packages/airflow/example_dags/example_nested_branch_dag.py
[2023-12-31T05:27:26.752+0000] {processor.py:840} INFO - DAG(s) 'example_nested_branch_dag' retrieved from /home/airflow/.local/lib/python3.8/site-packages/airflow/example_dags/example_nested_branch_dag.py
[2023-12-31T05:27:26.790+0000] {logging_mixin.py:188} INFO - [2023-12-31T05:27:26.790+0000] {dag.py:3033} INFO - Sync 1 DAGs
[2023-12-31T05:27:26.835+0000] {logging_mixin.py:188} INFO - [2023-12-31T05:27:26.834+0000] {dag.py:3820} INFO - Setting next_dagrun for example_nested_branch_dag to 2023-12-30T00:00:00+00:00, run_after=2023-12-31T00:00:00+00:00
[2023-12-31T05:27:26.877+0000] {processor.py:183} INFO - Processing /home/airflow/.local/lib/python3.8/site-packages/airflow/example_dags/example_nested_branch_dag.py took 0.162 seconds
[2023-12-31T05:27:57.284+0000] {processor.py:161} INFO - Started process (PID=438) to work on /home/airflow/.local/lib/python3.8/site-packages/airflow/example_dags/example_nested_branch_dag.py
[2023-12-31T05:27:57.286+0000] {processor.py:830} INFO - Processing file /home/airflow/.local/lib/python3.8/site-packages/airflow/example_dags/example_nested_branch_dag.py for tasks to queue
[2023-12-31T05:27:57.289+0000] {logging_mixin.py:188} INFO - [2023-12-31T05:27:57.288+0000] {dagbag.py:538} INFO - Filling up the DagBag from /home/airflow/.local/lib/python3.8/site-packages/airflow/example_dags/example_nested_branch_dag.py
[2023-12-31T05:27:57.303+0000] {processor.py:840} INFO - DAG(s) 'example_nested_branch_dag' retrieved from /home/airflow/.local/lib/python3.8/site-packages/airflow/example_dags/example_nested_branch_dag.py
[2023-12-31T05:27:57.333+0000] {logging_mixin.py:188} INFO - [2023-12-31T05:27:57.332+0000] {dag.py:3033} INFO - Sync 1 DAGs
[2023-12-31T05:27:57.361+0000] {logging_mixin.py:188} INFO - [2023-12-31T05:27:57.361+0000] {dag.py:3820} INFO - Setting next_dagrun for example_nested_branch_dag to 2023-12-30T00:00:00+00:00, run_after=2023-12-31T00:00:00+00:00
[2023-12-31T05:27:57.396+0000] {processor.py:183} INFO - Processing /home/airflow/.local/lib/python3.8/site-packages/airflow/example_dags/example_nested_branch_dag.py took 0.117 seconds
[2023-12-31T05:28:28.033+0000] {processor.py:161} INFO - Started process (PID=494) to work on /home/airflow/.local/lib/python3.8/site-packages/airflow/example_dags/example_nested_branch_dag.py
[2023-12-31T05:28:28.034+0000] {processor.py:830} INFO - Processing file /home/airflow/.local/lib/python3.8/site-packages/airflow/example_dags/example_nested_branch_dag.py for tasks to queue
[2023-12-31T05:28:28.037+0000] {logging_mixin.py:188} INFO - [2023-12-31T05:28:28.036+0000] {dagbag.py:538} INFO - Filling up the DagBag from /home/airflow/.local/lib/python3.8/site-packages/airflow/example_dags/example_nested_branch_dag.py
[2023-12-31T05:28:28.049+0000] {processor.py:840} INFO - DAG(s) 'example_nested_branch_dag' retrieved from /home/airflow/.local/lib/python3.8/site-packages/airflow/example_dags/example_nested_branch_dag.py
[2023-12-31T05:28:28.079+0000] {logging_mixin.py:188} INFO - [2023-12-31T05:28:28.079+0000] {dag.py:3033} INFO - Sync 1 DAGs
[2023-12-31T05:28:28.114+0000] {logging_mixin.py:188} INFO - [2023-12-31T05:28:28.114+0000] {dag.py:3820} INFO - Setting next_dagrun for example_nested_branch_dag to 2023-12-30T00:00:00+00:00, run_after=2023-12-31T00:00:00+00:00
[2023-12-31T05:28:28.145+0000] {processor.py:183} INFO - Processing /home/airflow/.local/lib/python3.8/site-packages/airflow/example_dags/example_nested_branch_dag.py took 0.116 seconds
[2023-12-31T05:28:58.759+0000] {processor.py:161} INFO - Started process (PID=550) to work on /home/airflow/.local/lib/python3.8/site-packages/airflow/example_dags/example_nested_branch_dag.py
[2023-12-31T05:28:58.760+0000] {processor.py:830} INFO - Processing file /home/airflow/.local/lib/python3.8/site-packages/airflow/example_dags/example_nested_branch_dag.py for tasks to queue
[2023-12-31T05:28:58.764+0000] {logging_mixin.py:188} INFO - [2023-12-31T05:28:58.764+0000] {dagbag.py:538} INFO - Filling up the DagBag from /home/airflow/.local/lib/python3.8/site-packages/airflow/example_dags/example_nested_branch_dag.py
[2023-12-31T05:28:58.782+0000] {processor.py:840} INFO - DAG(s) 'example_nested_branch_dag' retrieved from /home/airflow/.local/lib/python3.8/site-packages/airflow/example_dags/example_nested_branch_dag.py
[2023-12-31T05:28:58.822+0000] {logging_mixin.py:188} INFO - [2023-12-31T05:28:58.822+0000] {dag.py:3033} INFO - Sync 1 DAGs
[2023-12-31T05:28:58.871+0000] {logging_mixin.py:188} INFO - [2023-12-31T05:28:58.871+0000] {dag.py:3820} INFO - Setting next_dagrun for example_nested_branch_dag to 2023-12-30T00:00:00+00:00, run_after=2023-12-31T00:00:00+00:00
[2023-12-31T05:28:58.913+0000] {processor.py:183} INFO - Processing /home/airflow/.local/lib/python3.8/site-packages/airflow/example_dags/example_nested_branch_dag.py took 0.158 seconds
[2023-12-31T05:29:29.785+0000] {processor.py:161} INFO - Started process (PID=606) to work on /home/airflow/.local/lib/python3.8/site-packages/airflow/example_dags/example_nested_branch_dag.py
[2023-12-31T05:29:29.787+0000] {processor.py:830} INFO - Processing file /home/airflow/.local/lib/python3.8/site-packages/airflow/example_dags/example_nested_branch_dag.py for tasks to queue
[2023-12-31T05:29:29.791+0000] {logging_mixin.py:188} INFO - [2023-12-31T05:29:29.790+0000] {dagbag.py:538} INFO - Filling up the DagBag from /home/airflow/.local/lib/python3.8/site-packages/airflow/example_dags/example_nested_branch_dag.py
[2023-12-31T05:29:29.810+0000] {processor.py:840} INFO - DAG(s) 'example_nested_branch_dag' retrieved from /home/airflow/.local/lib/python3.8/site-packages/airflow/example_dags/example_nested_branch_dag.py
[2023-12-31T05:29:29.849+0000] {logging_mixin.py:188} INFO - [2023-12-31T05:29:29.849+0000] {dag.py:3033} INFO - Sync 1 DAGs
[2023-12-31T05:29:29.887+0000] {logging_mixin.py:188} INFO - [2023-12-31T05:29:29.887+0000] {dag.py:3820} INFO - Setting next_dagrun for example_nested_branch_dag to 2023-12-30T00:00:00+00:00, run_after=2023-12-31T00:00:00+00:00
[2023-12-31T05:29:29.923+0000] {processor.py:183} INFO - Processing /home/airflow/.local/lib/python3.8/site-packages/airflow/example_dags/example_nested_branch_dag.py took 0.143 seconds
[2023-12-31T05:30:06.660+0000] {processor.py:161} INFO - Started process (PID=662) to work on /home/airflow/.local/lib/python3.8/site-packages/airflow/example_dags/example_nested_branch_dag.py
[2023-12-31T05:30:06.662+0000] {processor.py:830} INFO - Processing file /home/airflow/.local/lib/python3.8/site-packages/airflow/example_dags/example_nested_branch_dag.py for tasks to queue
[2023-12-31T05:30:06.666+0000] {logging_mixin.py:188} INFO - [2023-12-31T05:30:06.666+0000] {dagbag.py:538} INFO - Filling up the DagBag from /home/airflow/.local/lib/python3.8/site-packages/airflow/example_dags/example_nested_branch_dag.py
[2023-12-31T05:30:06.684+0000] {processor.py:840} INFO - DAG(s) 'example_nested_branch_dag' retrieved from /home/airflow/.local/lib/python3.8/site-packages/airflow/example_dags/example_nested_branch_dag.py
[2023-12-31T05:30:06.714+0000] {logging_mixin.py:188} INFO - [2023-12-31T05:30:06.714+0000] {dag.py:3033} INFO - Sync 1 DAGs
[2023-12-31T05:30:06.751+0000] {logging_mixin.py:188} INFO - [2023-12-31T05:30:06.751+0000] {dag.py:3820} INFO - Setting next_dagrun for example_nested_branch_dag to 2023-12-30T00:00:00+00:00, run_after=2023-12-31T00:00:00+00:00
[2023-12-31T05:30:06.792+0000] {processor.py:183} INFO - Processing /home/airflow/.local/lib/python3.8/site-packages/airflow/example_dags/example_nested_branch_dag.py took 0.138 seconds
[2023-12-31T05:30:37.944+0000] {processor.py:161} INFO - Started process (PID=718) to work on /home/airflow/.local/lib/python3.8/site-packages/airflow/example_dags/example_nested_branch_dag.py
[2023-12-31T05:30:37.945+0000] {processor.py:830} INFO - Processing file /home/airflow/.local/lib/python3.8/site-packages/airflow/example_dags/example_nested_branch_dag.py for tasks to queue
[2023-12-31T05:30:37.948+0000] {logging_mixin.py:188} INFO - [2023-12-31T05:30:37.948+0000] {dagbag.py:538} INFO - Filling up the DagBag from /home/airflow/.local/lib/python3.8/site-packages/airflow/example_dags/example_nested_branch_dag.py
[2023-12-31T05:30:37.960+0000] {processor.py:840} INFO - DAG(s) 'example_nested_branch_dag' retrieved from /home/airflow/.local/lib/python3.8/site-packages/airflow/example_dags/example_nested_branch_dag.py
[2023-12-31T05:30:37.986+0000] {logging_mixin.py:188} INFO - [2023-12-31T05:30:37.986+0000] {dag.py:3033} INFO - Sync 1 DAGs
[2023-12-31T05:30:38.013+0000] {logging_mixin.py:188} INFO - [2023-12-31T05:30:38.012+0000] {dag.py:3820} INFO - Setting next_dagrun for example_nested_branch_dag to 2023-12-30T00:00:00+00:00, run_after=2023-12-31T00:00:00+00:00
[2023-12-31T05:30:38.038+0000] {processor.py:183} INFO - Processing /home/airflow/.local/lib/python3.8/site-packages/airflow/example_dags/example_nested_branch_dag.py took 0.099 seconds
[2023-12-31T05:31:08.655+0000] {processor.py:161} INFO - Started process (PID=774) to work on /home/airflow/.local/lib/python3.8/site-packages/airflow/example_dags/example_nested_branch_dag.py
[2023-12-31T05:31:08.656+0000] {processor.py:830} INFO - Processing file /home/airflow/.local/lib/python3.8/site-packages/airflow/example_dags/example_nested_branch_dag.py for tasks to queue
[2023-12-31T05:31:08.659+0000] {logging_mixin.py:188} INFO - [2023-12-31T05:31:08.659+0000] {dagbag.py:538} INFO - Filling up the DagBag from /home/airflow/.local/lib/python3.8/site-packages/airflow/example_dags/example_nested_branch_dag.py
[2023-12-31T05:31:08.671+0000] {processor.py:840} INFO - DAG(s) 'example_nested_branch_dag' retrieved from /home/airflow/.local/lib/python3.8/site-packages/airflow/example_dags/example_nested_branch_dag.py
[2023-12-31T05:31:08.697+0000] {logging_mixin.py:188} INFO - [2023-12-31T05:31:08.697+0000] {dag.py:3033} INFO - Sync 1 DAGs
[2023-12-31T05:31:08.726+0000] {logging_mixin.py:188} INFO - [2023-12-31T05:31:08.726+0000] {dag.py:3820} INFO - Setting next_dagrun for example_nested_branch_dag to 2023-12-30T00:00:00+00:00, run_after=2023-12-31T00:00:00+00:00
[2023-12-31T05:31:08.756+0000] {processor.py:183} INFO - Processing /home/airflow/.local/lib/python3.8/site-packages/airflow/example_dags/example_nested_branch_dag.py took 0.105 seconds
[2023-12-31T05:31:39.086+0000] {processor.py:161} INFO - Started process (PID=830) to work on /home/airflow/.local/lib/python3.8/site-packages/airflow/example_dags/example_nested_branch_dag.py
[2023-12-31T05:31:39.088+0000] {processor.py:830} INFO - Processing file /home/airflow/.local/lib/python3.8/site-packages/airflow/example_dags/example_nested_branch_dag.py for tasks to queue
[2023-12-31T05:31:39.090+0000] {logging_mixin.py:188} INFO - [2023-12-31T05:31:39.090+0000] {dagbag.py:538} INFO - Filling up the DagBag from /home/airflow/.local/lib/python3.8/site-packages/airflow/example_dags/example_nested_branch_dag.py
[2023-12-31T05:31:39.102+0000] {processor.py:840} INFO - DAG(s) 'example_nested_branch_dag' retrieved from /home/airflow/.local/lib/python3.8/site-packages/airflow/example_dags/example_nested_branch_dag.py
[2023-12-31T05:31:39.130+0000] {logging_mixin.py:188} INFO - [2023-12-31T05:31:39.130+0000] {dag.py:3033} INFO - Sync 1 DAGs
[2023-12-31T05:31:39.157+0000] {logging_mixin.py:188} INFO - [2023-12-31T05:31:39.157+0000] {dag.py:3820} INFO - Setting next_dagrun for example_nested_branch_dag to 2023-12-30T00:00:00+00:00, run_after=2023-12-31T00:00:00+00:00
[2023-12-31T05:31:39.190+0000] {processor.py:183} INFO - Processing /home/airflow/.local/lib/python3.8/site-packages/airflow/example_dags/example_nested_branch_dag.py took 0.109 seconds
[2023-12-31T05:32:09.807+0000] {processor.py:161} INFO - Started process (PID=886) to work on /home/airflow/.local/lib/python3.8/site-packages/airflow/example_dags/example_nested_branch_dag.py
[2023-12-31T05:32:09.809+0000] {processor.py:830} INFO - Processing file /home/airflow/.local/lib/python3.8/site-packages/airflow/example_dags/example_nested_branch_dag.py for tasks to queue
[2023-12-31T05:32:09.813+0000] {logging_mixin.py:188} INFO - [2023-12-31T05:32:09.812+0000] {dagbag.py:538} INFO - Filling up the DagBag from /home/airflow/.local/lib/python3.8/site-packages/airflow/example_dags/example_nested_branch_dag.py
[2023-12-31T05:32:09.843+0000] {processor.py:840} INFO - DAG(s) 'example_nested_branch_dag' retrieved from /home/airflow/.local/lib/python3.8/site-packages/airflow/example_dags/example_nested_branch_dag.py
[2023-12-31T05:32:09.884+0000] {logging_mixin.py:188} INFO - [2023-12-31T05:32:09.883+0000] {dag.py:3033} INFO - Sync 1 DAGs
[2023-12-31T05:32:09.938+0000] {logging_mixin.py:188} INFO - [2023-12-31T05:32:09.938+0000] {dag.py:3820} INFO - Setting next_dagrun for example_nested_branch_dag to 2023-12-30T00:00:00+00:00, run_after=2023-12-31T00:00:00+00:00
[2023-12-31T05:32:09.984+0000] {processor.py:183} INFO - Processing /home/airflow/.local/lib/python3.8/site-packages/airflow/example_dags/example_nested_branch_dag.py took 0.182 seconds
[2023-12-31T05:32:41.320+0000] {processor.py:161} INFO - Started process (PID=942) to work on /home/airflow/.local/lib/python3.8/site-packages/airflow/example_dags/example_nested_branch_dag.py
[2023-12-31T05:32:41.337+0000] {processor.py:830} INFO - Processing file /home/airflow/.local/lib/python3.8/site-packages/airflow/example_dags/example_nested_branch_dag.py for tasks to queue
[2023-12-31T05:32:41.356+0000] {logging_mixin.py:188} INFO - [2023-12-31T05:32:41.355+0000] {dagbag.py:538} INFO - Filling up the DagBag from /home/airflow/.local/lib/python3.8/site-packages/airflow/example_dags/example_nested_branch_dag.py
[2023-12-31T05:32:41.431+0000] {processor.py:840} INFO - DAG(s) 'example_nested_branch_dag' retrieved from /home/airflow/.local/lib/python3.8/site-packages/airflow/example_dags/example_nested_branch_dag.py
[2023-12-31T05:32:41.556+0000] {logging_mixin.py:188} INFO - [2023-12-31T05:32:41.556+0000] {dag.py:3033} INFO - Sync 1 DAGs
[2023-12-31T05:32:41.648+0000] {logging_mixin.py:188} INFO - [2023-12-31T05:32:41.647+0000] {dag.py:3820} INFO - Setting next_dagrun for example_nested_branch_dag to 2023-12-30T00:00:00+00:00, run_after=2023-12-31T00:00:00+00:00
[2023-12-31T05:32:41.873+0000] {processor.py:183} INFO - Processing /home/airflow/.local/lib/python3.8/site-packages/airflow/example_dags/example_nested_branch_dag.py took 0.561 seconds
[2023-12-31T05:33:47.352+0000] {processor.py:161} INFO - Started process (PID=1004) to work on /home/airflow/.local/lib/python3.8/site-packages/airflow/example_dags/example_nested_branch_dag.py
[2023-12-31T05:33:47.353+0000] {processor.py:830} INFO - Processing file /home/airflow/.local/lib/python3.8/site-packages/airflow/example_dags/example_nested_branch_dag.py for tasks to queue
[2023-12-31T05:33:47.357+0000] {logging_mixin.py:188} INFO - [2023-12-31T05:33:47.357+0000] {dagbag.py:538} INFO - Filling up the DagBag from /home/airflow/.local/lib/python3.8/site-packages/airflow/example_dags/example_nested_branch_dag.py
[2023-12-31T05:33:47.373+0000] {processor.py:840} INFO - DAG(s) 'example_nested_branch_dag' retrieved from /home/airflow/.local/lib/python3.8/site-packages/airflow/example_dags/example_nested_branch_dag.py
[2023-12-31T05:33:47.407+0000] {logging_mixin.py:188} INFO - [2023-12-31T05:33:47.406+0000] {dag.py:3033} INFO - Sync 1 DAGs
[2023-12-31T05:33:47.443+0000] {logging_mixin.py:188} INFO - [2023-12-31T05:33:47.443+0000] {dag.py:3820} INFO - Setting next_dagrun for example_nested_branch_dag to 2023-12-30T00:00:00+00:00, run_after=2023-12-31T00:00:00+00:00
[2023-12-31T05:33:47.480+0000] {processor.py:183} INFO - Processing /home/airflow/.local/lib/python3.8/site-packages/airflow/example_dags/example_nested_branch_dag.py took 0.134 seconds
[2023-12-31T05:34:40.801+0000] {processor.py:161} INFO - Started process (PID=1076) to work on /home/airflow/.local/lib/python3.8/site-packages/airflow/example_dags/example_nested_branch_dag.py
[2023-12-31T05:34:40.807+0000] {processor.py:830} INFO - Processing file /home/airflow/.local/lib/python3.8/site-packages/airflow/example_dags/example_nested_branch_dag.py for tasks to queue
[2023-12-31T05:34:40.811+0000] {logging_mixin.py:188} INFO - [2023-12-31T05:34:40.810+0000] {dagbag.py:538} INFO - Filling up the DagBag from /home/airflow/.local/lib/python3.8/site-packages/airflow/example_dags/example_nested_branch_dag.py
[2023-12-31T05:34:40.830+0000] {processor.py:840} INFO - DAG(s) 'example_nested_branch_dag' retrieved from /home/airflow/.local/lib/python3.8/site-packages/airflow/example_dags/example_nested_branch_dag.py
[2023-12-31T05:34:40.873+0000] {logging_mixin.py:188} INFO - [2023-12-31T05:34:40.872+0000] {dag.py:3033} INFO - Sync 1 DAGs
[2023-12-31T05:34:40.951+0000] {logging_mixin.py:188} INFO - [2023-12-31T05:34:40.951+0000] {dag.py:3820} INFO - Setting next_dagrun for example_nested_branch_dag to 2023-12-30T00:00:00+00:00, run_after=2023-12-31T00:00:00+00:00
[2023-12-31T05:34:41.027+0000] {processor.py:183} INFO - Processing /home/airflow/.local/lib/python3.8/site-packages/airflow/example_dags/example_nested_branch_dag.py took 0.232 seconds
[2023-12-31T05:35:11.220+0000] {processor.py:161} INFO - Started process (PID=1132) to work on /home/airflow/.local/lib/python3.8/site-packages/airflow/example_dags/example_nested_branch_dag.py
[2023-12-31T05:35:11.222+0000] {processor.py:830} INFO - Processing file /home/airflow/.local/lib/python3.8/site-packages/airflow/example_dags/example_nested_branch_dag.py for tasks to queue
[2023-12-31T05:35:11.227+0000] {logging_mixin.py:188} INFO - [2023-12-31T05:35:11.226+0000] {dagbag.py:538} INFO - Filling up the DagBag from /home/airflow/.local/lib/python3.8/site-packages/airflow/example_dags/example_nested_branch_dag.py
[2023-12-31T05:35:11.252+0000] {processor.py:840} INFO - DAG(s) 'example_nested_branch_dag' retrieved from /home/airflow/.local/lib/python3.8/site-packages/airflow/example_dags/example_nested_branch_dag.py
[2023-12-31T05:35:11.293+0000] {logging_mixin.py:188} INFO - [2023-12-31T05:35:11.292+0000] {dag.py:3033} INFO - Sync 1 DAGs
[2023-12-31T05:35:11.346+0000] {logging_mixin.py:188} INFO - [2023-12-31T05:35:11.346+0000] {dag.py:3820} INFO - Setting next_dagrun for example_nested_branch_dag to 2023-12-30T00:00:00+00:00, run_after=2023-12-31T00:00:00+00:00
[2023-12-31T05:35:11.392+0000] {processor.py:183} INFO - Processing /home/airflow/.local/lib/python3.8/site-packages/airflow/example_dags/example_nested_branch_dag.py took 0.179 seconds
[2023-12-31T05:35:42.613+0000] {processor.py:161} INFO - Started process (PID=1188) to work on /home/airflow/.local/lib/python3.8/site-packages/airflow/example_dags/example_nested_branch_dag.py
[2023-12-31T05:35:42.659+0000] {processor.py:830} INFO - Processing file /home/airflow/.local/lib/python3.8/site-packages/airflow/example_dags/example_nested_branch_dag.py for tasks to queue
[2023-12-31T05:35:42.663+0000] {logging_mixin.py:188} INFO - [2023-12-31T05:35:42.662+0000] {dagbag.py:538} INFO - Filling up the DagBag from /home/airflow/.local/lib/python3.8/site-packages/airflow/example_dags/example_nested_branch_dag.py
[2023-12-31T05:35:42.681+0000] {processor.py:840} INFO - DAG(s) 'example_nested_branch_dag' retrieved from /home/airflow/.local/lib/python3.8/site-packages/airflow/example_dags/example_nested_branch_dag.py
[2023-12-31T05:35:42.713+0000] {logging_mixin.py:188} INFO - [2023-12-31T05:35:42.713+0000] {dag.py:3033} INFO - Sync 1 DAGs
[2023-12-31T05:35:42.749+0000] {logging_mixin.py:188} INFO - [2023-12-31T05:35:42.748+0000] {dag.py:3820} INFO - Setting next_dagrun for example_nested_branch_dag to 2023-12-30T00:00:00+00:00, run_after=2023-12-31T00:00:00+00:00
[2023-12-31T05:35:43.341+0000] {processor.py:183} INFO - Processing /home/airflow/.local/lib/python3.8/site-packages/airflow/example_dags/example_nested_branch_dag.py took 0.734 seconds
[2023-12-31T05:36:13.483+0000] {processor.py:161} INFO - Started process (PID=1244) to work on /home/airflow/.local/lib/python3.8/site-packages/airflow/example_dags/example_nested_branch_dag.py
[2023-12-31T05:36:13.485+0000] {processor.py:830} INFO - Processing file /home/airflow/.local/lib/python3.8/site-packages/airflow/example_dags/example_nested_branch_dag.py for tasks to queue
[2023-12-31T05:36:13.489+0000] {logging_mixin.py:188} INFO - [2023-12-31T05:36:13.489+0000] {dagbag.py:538} INFO - Filling up the DagBag from /home/airflow/.local/lib/python3.8/site-packages/airflow/example_dags/example_nested_branch_dag.py
[2023-12-31T05:36:13.503+0000] {processor.py:840} INFO - DAG(s) 'example_nested_branch_dag' retrieved from /home/airflow/.local/lib/python3.8/site-packages/airflow/example_dags/example_nested_branch_dag.py
[2023-12-31T05:36:13.536+0000] {logging_mixin.py:188} INFO - [2023-12-31T05:36:13.536+0000] {dag.py:3033} INFO - Sync 1 DAGs
[2023-12-31T05:36:13.574+0000] {logging_mixin.py:188} INFO - [2023-12-31T05:36:13.573+0000] {dag.py:3820} INFO - Setting next_dagrun for example_nested_branch_dag to 2023-12-30T00:00:00+00:00, run_after=2023-12-31T00:00:00+00:00
[2023-12-31T05:36:13.605+0000] {processor.py:183} INFO - Processing /home/airflow/.local/lib/python3.8/site-packages/airflow/example_dags/example_nested_branch_dag.py took 0.126 seconds
[2023-12-31T05:36:43.933+0000] {processor.py:161} INFO - Started process (PID=1300) to work on /home/airflow/.local/lib/python3.8/site-packages/airflow/example_dags/example_nested_branch_dag.py
[2023-12-31T05:36:43.935+0000] {processor.py:830} INFO - Processing file /home/airflow/.local/lib/python3.8/site-packages/airflow/example_dags/example_nested_branch_dag.py for tasks to queue
[2023-12-31T05:36:43.937+0000] {logging_mixin.py:188} INFO - [2023-12-31T05:36:43.937+0000] {dagbag.py:538} INFO - Filling up the DagBag from /home/airflow/.local/lib/python3.8/site-packages/airflow/example_dags/example_nested_branch_dag.py
[2023-12-31T05:36:43.951+0000] {processor.py:840} INFO - DAG(s) 'example_nested_branch_dag' retrieved from /home/airflow/.local/lib/python3.8/site-packages/airflow/example_dags/example_nested_branch_dag.py
[2023-12-31T05:36:43.981+0000] {logging_mixin.py:188} INFO - [2023-12-31T05:36:43.980+0000] {dag.py:3033} INFO - Sync 1 DAGs
[2023-12-31T05:36:44.013+0000] {logging_mixin.py:188} INFO - [2023-12-31T05:36:44.013+0000] {dag.py:3820} INFO - Setting next_dagrun for example_nested_branch_dag to 2023-12-30T00:00:00+00:00, run_after=2023-12-31T00:00:00+00:00
[2023-12-31T05:36:44.040+0000] {processor.py:183} INFO - Processing /home/airflow/.local/lib/python3.8/site-packages/airflow/example_dags/example_nested_branch_dag.py took 0.111 seconds
[2023-12-31T05:37:14.483+0000] {processor.py:161} INFO - Started process (PID=1356) to work on /home/airflow/.local/lib/python3.8/site-packages/airflow/example_dags/example_nested_branch_dag.py
[2023-12-31T05:37:14.486+0000] {processor.py:830} INFO - Processing file /home/airflow/.local/lib/python3.8/site-packages/airflow/example_dags/example_nested_branch_dag.py for tasks to queue
[2023-12-31T05:37:14.491+0000] {logging_mixin.py:188} INFO - [2023-12-31T05:37:14.490+0000] {dagbag.py:538} INFO - Filling up the DagBag from /home/airflow/.local/lib/python3.8/site-packages/airflow/example_dags/example_nested_branch_dag.py
[2023-12-31T05:37:14.534+0000] {processor.py:840} INFO - DAG(s) 'example_nested_branch_dag' retrieved from /home/airflow/.local/lib/python3.8/site-packages/airflow/example_dags/example_nested_branch_dag.py
[2023-12-31T05:37:14.626+0000] {logging_mixin.py:188} INFO - [2023-12-31T05:37:14.625+0000] {dag.py:3033} INFO - Sync 1 DAGs
[2023-12-31T05:37:14.710+0000] {logging_mixin.py:188} INFO - [2023-12-31T05:37:14.709+0000] {dag.py:3820} INFO - Setting next_dagrun for example_nested_branch_dag to 2023-12-30T00:00:00+00:00, run_after=2023-12-31T00:00:00+00:00
[2023-12-31T05:37:14.801+0000] {processor.py:183} INFO - Processing /home/airflow/.local/lib/python3.8/site-packages/airflow/example_dags/example_nested_branch_dag.py took 0.324 seconds
[2023-12-31T05:37:47.595+0000] {processor.py:161} INFO - Started process (PID=1412) to work on /home/airflow/.local/lib/python3.8/site-packages/airflow/example_dags/example_nested_branch_dag.py
[2023-12-31T05:37:47.597+0000] {processor.py:830} INFO - Processing file /home/airflow/.local/lib/python3.8/site-packages/airflow/example_dags/example_nested_branch_dag.py for tasks to queue
[2023-12-31T05:37:47.600+0000] {logging_mixin.py:188} INFO - [2023-12-31T05:37:47.600+0000] {dagbag.py:538} INFO - Filling up the DagBag from /home/airflow/.local/lib/python3.8/site-packages/airflow/example_dags/example_nested_branch_dag.py
[2023-12-31T05:37:47.617+0000] {processor.py:840} INFO - DAG(s) 'example_nested_branch_dag' retrieved from /home/airflow/.local/lib/python3.8/site-packages/airflow/example_dags/example_nested_branch_dag.py
[2023-12-31T05:37:47.657+0000] {logging_mixin.py:188} INFO - [2023-12-31T05:37:47.657+0000] {dag.py:3033} INFO - Sync 1 DAGs
[2023-12-31T05:37:47.688+0000] {logging_mixin.py:188} INFO - [2023-12-31T05:37:47.688+0000] {dag.py:3820} INFO - Setting next_dagrun for example_nested_branch_dag to 2023-12-30T00:00:00+00:00, run_after=2023-12-31T00:00:00+00:00
[2023-12-31T05:37:47.751+0000] {processor.py:183} INFO - Processing /home/airflow/.local/lib/python3.8/site-packages/airflow/example_dags/example_nested_branch_dag.py took 0.161 seconds
[2023-12-31T05:38:21.929+0000] {processor.py:161} INFO - Started process (PID=1466) to work on /home/airflow/.local/lib/python3.8/site-packages/airflow/example_dags/example_nested_branch_dag.py
[2023-12-31T05:38:21.932+0000] {processor.py:830} INFO - Processing file /home/airflow/.local/lib/python3.8/site-packages/airflow/example_dags/example_nested_branch_dag.py for tasks to queue
[2023-12-31T05:38:21.935+0000] {logging_mixin.py:188} INFO - [2023-12-31T05:38:21.935+0000] {dagbag.py:538} INFO - Filling up the DagBag from /home/airflow/.local/lib/python3.8/site-packages/airflow/example_dags/example_nested_branch_dag.py
[2023-12-31T05:38:21.952+0000] {processor.py:840} INFO - DAG(s) 'example_nested_branch_dag' retrieved from /home/airflow/.local/lib/python3.8/site-packages/airflow/example_dags/example_nested_branch_dag.py
[2023-12-31T05:38:21.984+0000] {logging_mixin.py:188} INFO - [2023-12-31T05:38:21.983+0000] {dag.py:3033} INFO - Sync 1 DAGs
[2023-12-31T05:38:22.013+0000] {logging_mixin.py:188} INFO - [2023-12-31T05:38:22.012+0000] {dag.py:3820} INFO - Setting next_dagrun for example_nested_branch_dag to 2023-12-30T00:00:00+00:00, run_after=2023-12-31T00:00:00+00:00
[2023-12-31T05:38:22.042+0000] {processor.py:183} INFO - Processing /home/airflow/.local/lib/python3.8/site-packages/airflow/example_dags/example_nested_branch_dag.py took 0.119 seconds
[2023-12-31T05:38:52.624+0000] {processor.py:161} INFO - Started process (PID=1523) to work on /home/airflow/.local/lib/python3.8/site-packages/airflow/example_dags/example_nested_branch_dag.py
[2023-12-31T05:38:52.625+0000] {processor.py:830} INFO - Processing file /home/airflow/.local/lib/python3.8/site-packages/airflow/example_dags/example_nested_branch_dag.py for tasks to queue
[2023-12-31T05:38:52.629+0000] {logging_mixin.py:188} INFO - [2023-12-31T05:38:52.629+0000] {dagbag.py:538} INFO - Filling up the DagBag from /home/airflow/.local/lib/python3.8/site-packages/airflow/example_dags/example_nested_branch_dag.py
[2023-12-31T05:38:52.642+0000] {processor.py:840} INFO - DAG(s) 'example_nested_branch_dag' retrieved from /home/airflow/.local/lib/python3.8/site-packages/airflow/example_dags/example_nested_branch_dag.py
[2023-12-31T05:38:52.678+0000] {logging_mixin.py:188} INFO - [2023-12-31T05:38:52.678+0000] {dag.py:3033} INFO - Sync 1 DAGs
[2023-12-31T05:38:52.711+0000] {logging_mixin.py:188} INFO - [2023-12-31T05:38:52.711+0000] {dag.py:3820} INFO - Setting next_dagrun for example_nested_branch_dag to 2023-12-30T00:00:00+00:00, run_after=2023-12-31T00:00:00+00:00
[2023-12-31T05:38:52.755+0000] {processor.py:183} INFO - Processing /home/airflow/.local/lib/python3.8/site-packages/airflow/example_dags/example_nested_branch_dag.py took 0.134 seconds
[2023-12-31T05:39:22.933+0000] {processor.py:161} INFO - Started process (PID=1579) to work on /home/airflow/.local/lib/python3.8/site-packages/airflow/example_dags/example_nested_branch_dag.py
[2023-12-31T05:39:22.935+0000] {processor.py:830} INFO - Processing file /home/airflow/.local/lib/python3.8/site-packages/airflow/example_dags/example_nested_branch_dag.py for tasks to queue
[2023-12-31T05:39:22.938+0000] {logging_mixin.py:188} INFO - [2023-12-31T05:39:22.938+0000] {dagbag.py:538} INFO - Filling up the DagBag from /home/airflow/.local/lib/python3.8/site-packages/airflow/example_dags/example_nested_branch_dag.py
[2023-12-31T05:39:22.951+0000] {processor.py:840} INFO - DAG(s) 'example_nested_branch_dag' retrieved from /home/airflow/.local/lib/python3.8/site-packages/airflow/example_dags/example_nested_branch_dag.py
[2023-12-31T05:39:22.978+0000] {logging_mixin.py:188} INFO - [2023-12-31T05:39:22.978+0000] {dag.py:3033} INFO - Sync 1 DAGs
[2023-12-31T05:39:23.008+0000] {logging_mixin.py:188} INFO - [2023-12-31T05:39:23.007+0000] {dag.py:3820} INFO - Setting next_dagrun for example_nested_branch_dag to 2023-12-30T00:00:00+00:00, run_after=2023-12-31T00:00:00+00:00
[2023-12-31T05:39:23.036+0000] {processor.py:183} INFO - Processing /home/airflow/.local/lib/python3.8/site-packages/airflow/example_dags/example_nested_branch_dag.py took 0.106 seconds
[2023-12-31T05:39:53.619+0000] {processor.py:161} INFO - Started process (PID=1635) to work on /home/airflow/.local/lib/python3.8/site-packages/airflow/example_dags/example_nested_branch_dag.py
[2023-12-31T05:39:53.621+0000] {processor.py:830} INFO - Processing file /home/airflow/.local/lib/python3.8/site-packages/airflow/example_dags/example_nested_branch_dag.py for tasks to queue
[2023-12-31T05:39:53.624+0000] {logging_mixin.py:188} INFO - [2023-12-31T05:39:53.624+0000] {dagbag.py:538} INFO - Filling up the DagBag from /home/airflow/.local/lib/python3.8/site-packages/airflow/example_dags/example_nested_branch_dag.py
[2023-12-31T05:39:53.642+0000] {processor.py:840} INFO - DAG(s) 'example_nested_branch_dag' retrieved from /home/airflow/.local/lib/python3.8/site-packages/airflow/example_dags/example_nested_branch_dag.py
[2023-12-31T05:39:53.673+0000] {logging_mixin.py:188} INFO - [2023-12-31T05:39:53.673+0000] {dag.py:3033} INFO - Sync 1 DAGs
[2023-12-31T05:39:53.716+0000] {logging_mixin.py:188} INFO - [2023-12-31T05:39:53.715+0000] {dag.py:3820} INFO - Setting next_dagrun for example_nested_branch_dag to 2023-12-30T00:00:00+00:00, run_after=2023-12-31T00:00:00+00:00
[2023-12-31T05:39:53.755+0000] {processor.py:183} INFO - Processing /home/airflow/.local/lib/python3.8/site-packages/airflow/example_dags/example_nested_branch_dag.py took 0.141 seconds
[2023-12-31T05:40:24.485+0000] {processor.py:161} INFO - Started process (PID=1691) to work on /home/airflow/.local/lib/python3.8/site-packages/airflow/example_dags/example_nested_branch_dag.py
[2023-12-31T05:40:24.491+0000] {processor.py:830} INFO - Processing file /home/airflow/.local/lib/python3.8/site-packages/airflow/example_dags/example_nested_branch_dag.py for tasks to queue
[2023-12-31T05:40:24.497+0000] {logging_mixin.py:188} INFO - [2023-12-31T05:40:24.497+0000] {dagbag.py:538} INFO - Filling up the DagBag from /home/airflow/.local/lib/python3.8/site-packages/airflow/example_dags/example_nested_branch_dag.py
[2023-12-31T05:40:24.523+0000] {processor.py:840} INFO - DAG(s) 'example_nested_branch_dag' retrieved from /home/airflow/.local/lib/python3.8/site-packages/airflow/example_dags/example_nested_branch_dag.py
[2023-12-31T05:40:24.618+0000] {logging_mixin.py:188} INFO - [2023-12-31T05:40:24.617+0000] {dag.py:3033} INFO - Sync 1 DAGs
[2023-12-31T05:40:24.681+0000] {logging_mixin.py:188} INFO - [2023-12-31T05:40:24.680+0000] {dag.py:3820} INFO - Setting next_dagrun for example_nested_branch_dag to 2023-12-30T00:00:00+00:00, run_after=2023-12-31T00:00:00+00:00
[2023-12-31T05:40:24.734+0000] {processor.py:183} INFO - Processing /home/airflow/.local/lib/python3.8/site-packages/airflow/example_dags/example_nested_branch_dag.py took 0.255 seconds
[2023-12-31T05:40:55.468+0000] {processor.py:161} INFO - Started process (PID=1747) to work on /home/airflow/.local/lib/python3.8/site-packages/airflow/example_dags/example_nested_branch_dag.py
[2023-12-31T05:40:55.470+0000] {processor.py:830} INFO - Processing file /home/airflow/.local/lib/python3.8/site-packages/airflow/example_dags/example_nested_branch_dag.py for tasks to queue
[2023-12-31T05:40:55.473+0000] {logging_mixin.py:188} INFO - [2023-12-31T05:40:55.472+0000] {dagbag.py:538} INFO - Filling up the DagBag from /home/airflow/.local/lib/python3.8/site-packages/airflow/example_dags/example_nested_branch_dag.py
[2023-12-31T05:40:55.488+0000] {processor.py:840} INFO - DAG(s) 'example_nested_branch_dag' retrieved from /home/airflow/.local/lib/python3.8/site-packages/airflow/example_dags/example_nested_branch_dag.py
[2023-12-31T05:40:55.519+0000] {logging_mixin.py:188} INFO - [2023-12-31T05:40:55.519+0000] {dag.py:3033} INFO - Sync 1 DAGs
[2023-12-31T05:40:55.552+0000] {logging_mixin.py:188} INFO - [2023-12-31T05:40:55.551+0000] {dag.py:3820} INFO - Setting next_dagrun for example_nested_branch_dag to 2023-12-30T00:00:00+00:00, run_after=2023-12-31T00:00:00+00:00
[2023-12-31T05:40:55.588+0000] {processor.py:183} INFO - Processing /home/airflow/.local/lib/python3.8/site-packages/airflow/example_dags/example_nested_branch_dag.py took 0.124 seconds
[2023-12-31T05:41:25.830+0000] {processor.py:161} INFO - Started process (PID=1804) to work on /home/airflow/.local/lib/python3.8/site-packages/airflow/example_dags/example_nested_branch_dag.py
[2023-12-31T05:41:25.832+0000] {processor.py:830} INFO - Processing file /home/airflow/.local/lib/python3.8/site-packages/airflow/example_dags/example_nested_branch_dag.py for tasks to queue
[2023-12-31T05:41:25.836+0000] {logging_mixin.py:188} INFO - [2023-12-31T05:41:25.836+0000] {dagbag.py:538} INFO - Filling up the DagBag from /home/airflow/.local/lib/python3.8/site-packages/airflow/example_dags/example_nested_branch_dag.py
[2023-12-31T05:41:25.859+0000] {processor.py:840} INFO - DAG(s) 'example_nested_branch_dag' retrieved from /home/airflow/.local/lib/python3.8/site-packages/airflow/example_dags/example_nested_branch_dag.py
[2023-12-31T05:41:25.920+0000] {logging_mixin.py:188} INFO - [2023-12-31T05:41:25.919+0000] {dag.py:3033} INFO - Sync 1 DAGs
[2023-12-31T05:41:25.982+0000] {logging_mixin.py:188} INFO - [2023-12-31T05:41:25.981+0000] {dag.py:3820} INFO - Setting next_dagrun for example_nested_branch_dag to 2023-12-30T00:00:00+00:00, run_after=2023-12-31T00:00:00+00:00
[2023-12-31T05:41:26.026+0000] {processor.py:183} INFO - Processing /home/airflow/.local/lib/python3.8/site-packages/airflow/example_dags/example_nested_branch_dag.py took 0.201 seconds
[2023-12-31T05:41:56.597+0000] {processor.py:161} INFO - Started process (PID=1860) to work on /home/airflow/.local/lib/python3.8/site-packages/airflow/example_dags/example_nested_branch_dag.py
[2023-12-31T05:41:56.603+0000] {processor.py:830} INFO - Processing file /home/airflow/.local/lib/python3.8/site-packages/airflow/example_dags/example_nested_branch_dag.py for tasks to queue
[2023-12-31T05:41:56.609+0000] {logging_mixin.py:188} INFO - [2023-12-31T05:41:56.607+0000] {dagbag.py:538} INFO - Filling up the DagBag from /home/airflow/.local/lib/python3.8/site-packages/airflow/example_dags/example_nested_branch_dag.py
[2023-12-31T05:41:56.651+0000] {processor.py:840} INFO - DAG(s) 'example_nested_branch_dag' retrieved from /home/airflow/.local/lib/python3.8/site-packages/airflow/example_dags/example_nested_branch_dag.py
[2023-12-31T05:41:56.716+0000] {logging_mixin.py:188} INFO - [2023-12-31T05:41:56.714+0000] {dag.py:3033} INFO - Sync 1 DAGs
[2023-12-31T05:41:56.775+0000] {logging_mixin.py:188} INFO - [2023-12-31T05:41:56.775+0000] {dag.py:3820} INFO - Setting next_dagrun for example_nested_branch_dag to 2023-12-30T00:00:00+00:00, run_after=2023-12-31T00:00:00+00:00
[2023-12-31T05:41:57.026+0000] {processor.py:183} INFO - Processing /home/airflow/.local/lib/python3.8/site-packages/airflow/example_dags/example_nested_branch_dag.py took 0.437 seconds
[2023-12-31T05:42:27.450+0000] {processor.py:161} INFO - Started process (PID=1918) to work on /home/airflow/.local/lib/python3.8/site-packages/airflow/example_dags/example_nested_branch_dag.py
[2023-12-31T05:42:27.452+0000] {processor.py:830} INFO - Processing file /home/airflow/.local/lib/python3.8/site-packages/airflow/example_dags/example_nested_branch_dag.py for tasks to queue
[2023-12-31T05:42:27.456+0000] {logging_mixin.py:188} INFO - [2023-12-31T05:42:27.455+0000] {dagbag.py:538} INFO - Filling up the DagBag from /home/airflow/.local/lib/python3.8/site-packages/airflow/example_dags/example_nested_branch_dag.py
[2023-12-31T05:42:27.481+0000] {processor.py:840} INFO - DAG(s) 'example_nested_branch_dag' retrieved from /home/airflow/.local/lib/python3.8/site-packages/airflow/example_dags/example_nested_branch_dag.py
[2023-12-31T05:42:27.531+0000] {logging_mixin.py:188} INFO - [2023-12-31T05:42:27.531+0000] {dag.py:3033} INFO - Sync 1 DAGs
[2023-12-31T05:42:27.568+0000] {logging_mixin.py:188} INFO - [2023-12-31T05:42:27.568+0000] {dag.py:3820} INFO - Setting next_dagrun for example_nested_branch_dag to 2023-12-30T00:00:00+00:00, run_after=2023-12-31T00:00:00+00:00
[2023-12-31T05:42:27.750+0000] {processor.py:183} INFO - Processing /home/airflow/.local/lib/python3.8/site-packages/airflow/example_dags/example_nested_branch_dag.py took 0.307 seconds
[2023-12-31T05:42:58.041+0000] {processor.py:161} INFO - Started process (PID=1973) to work on /home/airflow/.local/lib/python3.8/site-packages/airflow/example_dags/example_nested_branch_dag.py
[2023-12-31T05:42:58.043+0000] {processor.py:830} INFO - Processing file /home/airflow/.local/lib/python3.8/site-packages/airflow/example_dags/example_nested_branch_dag.py for tasks to queue
[2023-12-31T05:42:58.045+0000] {logging_mixin.py:188} INFO - [2023-12-31T05:42:58.045+0000] {dagbag.py:538} INFO - Filling up the DagBag from /home/airflow/.local/lib/python3.8/site-packages/airflow/example_dags/example_nested_branch_dag.py
[2023-12-31T05:42:58.078+0000] {processor.py:840} INFO - DAG(s) 'example_nested_branch_dag' retrieved from /home/airflow/.local/lib/python3.8/site-packages/airflow/example_dags/example_nested_branch_dag.py
[2023-12-31T05:42:58.137+0000] {logging_mixin.py:188} INFO - [2023-12-31T05:42:58.137+0000] {dag.py:3033} INFO - Sync 1 DAGs
[2023-12-31T05:42:58.191+0000] {logging_mixin.py:188} INFO - [2023-12-31T05:42:58.191+0000] {dag.py:3820} INFO - Setting next_dagrun for example_nested_branch_dag to 2023-12-30T00:00:00+00:00, run_after=2023-12-31T00:00:00+00:00
[2023-12-31T05:42:58.260+0000] {processor.py:183} INFO - Processing /home/airflow/.local/lib/python3.8/site-packages/airflow/example_dags/example_nested_branch_dag.py took 0.235 seconds
[2023-12-31T05:43:28.711+0000] {processor.py:161} INFO - Started process (PID=2029) to work on /home/airflow/.local/lib/python3.8/site-packages/airflow/example_dags/example_nested_branch_dag.py
[2023-12-31T05:43:28.725+0000] {processor.py:830} INFO - Processing file /home/airflow/.local/lib/python3.8/site-packages/airflow/example_dags/example_nested_branch_dag.py for tasks to queue
[2023-12-31T05:43:28.727+0000] {logging_mixin.py:188} INFO - [2023-12-31T05:43:28.727+0000] {dagbag.py:538} INFO - Filling up the DagBag from /home/airflow/.local/lib/python3.8/site-packages/airflow/example_dags/example_nested_branch_dag.py
[2023-12-31T05:43:28.741+0000] {processor.py:840} INFO - DAG(s) 'example_nested_branch_dag' retrieved from /home/airflow/.local/lib/python3.8/site-packages/airflow/example_dags/example_nested_branch_dag.py
[2023-12-31T05:43:28.769+0000] {logging_mixin.py:188} INFO - [2023-12-31T05:43:28.769+0000] {dag.py:3033} INFO - Sync 1 DAGs
[2023-12-31T05:43:28.802+0000] {logging_mixin.py:188} INFO - [2023-12-31T05:43:28.801+0000] {dag.py:3820} INFO - Setting next_dagrun for example_nested_branch_dag to 2023-12-30T00:00:00+00:00, run_after=2023-12-31T00:00:00+00:00
[2023-12-31T05:43:29.017+0000] {processor.py:183} INFO - Processing /home/airflow/.local/lib/python3.8/site-packages/airflow/example_dags/example_nested_branch_dag.py took 0.310 seconds
[2023-12-31T05:44:00.976+0000] {processor.py:161} INFO - Started process (PID=2085) to work on /home/airflow/.local/lib/python3.8/site-packages/airflow/example_dags/example_nested_branch_dag.py
[2023-12-31T05:44:00.994+0000] {processor.py:830} INFO - Processing file /home/airflow/.local/lib/python3.8/site-packages/airflow/example_dags/example_nested_branch_dag.py for tasks to queue
[2023-12-31T05:44:00.995+0000] {logging_mixin.py:188} INFO - [2023-12-31T05:44:00.995+0000] {dagbag.py:538} INFO - Filling up the DagBag from /home/airflow/.local/lib/python3.8/site-packages/airflow/example_dags/example_nested_branch_dag.py
[2023-12-31T05:44:01.007+0000] {processor.py:840} INFO - DAG(s) 'example_nested_branch_dag' retrieved from /home/airflow/.local/lib/python3.8/site-packages/airflow/example_dags/example_nested_branch_dag.py
[2023-12-31T05:44:01.033+0000] {logging_mixin.py:188} INFO - [2023-12-31T05:44:01.033+0000] {dag.py:3033} INFO - Sync 1 DAGs
[2023-12-31T05:44:01.094+0000] {logging_mixin.py:188} INFO - [2023-12-31T05:44:01.094+0000] {dag.py:3820} INFO - Setting next_dagrun for example_nested_branch_dag to 2023-12-30T00:00:00+00:00, run_after=2023-12-31T00:00:00+00:00
[2023-12-31T05:44:01.331+0000] {processor.py:183} INFO - Processing /home/airflow/.local/lib/python3.8/site-packages/airflow/example_dags/example_nested_branch_dag.py took 0.358 seconds
[2023-12-31T05:44:31.599+0000] {processor.py:161} INFO - Started process (PID=2140) to work on /home/airflow/.local/lib/python3.8/site-packages/airflow/example_dags/example_nested_branch_dag.py
[2023-12-31T05:44:31.600+0000] {processor.py:830} INFO - Processing file /home/airflow/.local/lib/python3.8/site-packages/airflow/example_dags/example_nested_branch_dag.py for tasks to queue
[2023-12-31T05:44:31.602+0000] {logging_mixin.py:188} INFO - [2023-12-31T05:44:31.601+0000] {dagbag.py:538} INFO - Filling up the DagBag from /home/airflow/.local/lib/python3.8/site-packages/airflow/example_dags/example_nested_branch_dag.py
[2023-12-31T05:44:31.625+0000] {processor.py:840} INFO - DAG(s) 'example_nested_branch_dag' retrieved from /home/airflow/.local/lib/python3.8/site-packages/airflow/example_dags/example_nested_branch_dag.py
[2023-12-31T05:44:31.661+0000] {logging_mixin.py:188} INFO - [2023-12-31T05:44:31.660+0000] {dag.py:3033} INFO - Sync 1 DAGs
[2023-12-31T05:44:31.697+0000] {logging_mixin.py:188} INFO - [2023-12-31T05:44:31.696+0000] {dag.py:3820} INFO - Setting next_dagrun for example_nested_branch_dag to 2023-12-30T00:00:00+00:00, run_after=2023-12-31T00:00:00+00:00
[2023-12-31T05:44:31.729+0000] {processor.py:183} INFO - Processing /home/airflow/.local/lib/python3.8/site-packages/airflow/example_dags/example_nested_branch_dag.py took 0.135 seconds
[2023-12-31T05:45:30.814+0000] {processor.py:161} INFO - Started process (PID=2209) to work on /home/airflow/.local/lib/python3.8/site-packages/airflow/example_dags/example_nested_branch_dag.py
[2023-12-31T05:45:30.819+0000] {processor.py:830} INFO - Processing file /home/airflow/.local/lib/python3.8/site-packages/airflow/example_dags/example_nested_branch_dag.py for tasks to queue
[2023-12-31T05:45:30.833+0000] {logging_mixin.py:188} INFO - [2023-12-31T05:45:30.831+0000] {dagbag.py:538} INFO - Filling up the DagBag from /home/airflow/.local/lib/python3.8/site-packages/airflow/example_dags/example_nested_branch_dag.py
[2023-12-31T05:45:30.893+0000] {processor.py:840} INFO - DAG(s) 'example_nested_branch_dag' retrieved from /home/airflow/.local/lib/python3.8/site-packages/airflow/example_dags/example_nested_branch_dag.py
[2023-12-31T05:45:30.972+0000] {logging_mixin.py:188} INFO - [2023-12-31T05:45:30.972+0000] {dag.py:3033} INFO - Sync 1 DAGs
[2023-12-31T05:45:31.550+0000] {logging_mixin.py:188} INFO - [2023-12-31T05:45:31.549+0000] {dag.py:3820} INFO - Setting next_dagrun for example_nested_branch_dag to 2023-12-30T00:00:00+00:00, run_after=2023-12-31T00:00:00+00:00
[2023-12-31T05:45:31.593+0000] {processor.py:183} INFO - Processing /home/airflow/.local/lib/python3.8/site-packages/airflow/example_dags/example_nested_branch_dag.py took 0.789 seconds
[2023-12-31T05:46:02.136+0000] {processor.py:161} INFO - Started process (PID=2265) to work on /home/airflow/.local/lib/python3.8/site-packages/airflow/example_dags/example_nested_branch_dag.py
[2023-12-31T05:46:02.152+0000] {processor.py:830} INFO - Processing file /home/airflow/.local/lib/python3.8/site-packages/airflow/example_dags/example_nested_branch_dag.py for tasks to queue
[2023-12-31T05:46:02.154+0000] {logging_mixin.py:188} INFO - [2023-12-31T05:46:02.153+0000] {dagbag.py:538} INFO - Filling up the DagBag from /home/airflow/.local/lib/python3.8/site-packages/airflow/example_dags/example_nested_branch_dag.py
[2023-12-31T05:46:02.205+0000] {processor.py:840} INFO - DAG(s) 'example_nested_branch_dag' retrieved from /home/airflow/.local/lib/python3.8/site-packages/airflow/example_dags/example_nested_branch_dag.py
[2023-12-31T05:46:02.273+0000] {logging_mixin.py:188} INFO - [2023-12-31T05:46:02.240+0000] {dag.py:3033} INFO - Sync 1 DAGs
[2023-12-31T05:46:02.515+0000] {logging_mixin.py:188} INFO - [2023-12-31T05:46:02.514+0000] {dag.py:3820} INFO - Setting next_dagrun for example_nested_branch_dag to 2023-12-30T00:00:00+00:00, run_after=2023-12-31T00:00:00+00:00
[2023-12-31T05:46:03.469+0000] {processor.py:183} INFO - Processing /home/airflow/.local/lib/python3.8/site-packages/airflow/example_dags/example_nested_branch_dag.py took 1.337 seconds
[2023-12-31T05:46:35.736+0000] {processor.py:161} INFO - Started process (PID=2322) to work on /home/airflow/.local/lib/python3.8/site-packages/airflow/example_dags/example_nested_branch_dag.py
[2023-12-31T05:46:35.750+0000] {processor.py:830} INFO - Processing file /home/airflow/.local/lib/python3.8/site-packages/airflow/example_dags/example_nested_branch_dag.py for tasks to queue
[2023-12-31T05:46:35.766+0000] {logging_mixin.py:188} INFO - [2023-12-31T05:46:35.762+0000] {dagbag.py:538} INFO - Filling up the DagBag from /home/airflow/.local/lib/python3.8/site-packages/airflow/example_dags/example_nested_branch_dag.py
[2023-12-31T05:46:35.950+0000] {processor.py:840} INFO - DAG(s) 'example_nested_branch_dag' retrieved from /home/airflow/.local/lib/python3.8/site-packages/airflow/example_dags/example_nested_branch_dag.py
[2023-12-31T05:46:36.031+0000] {logging_mixin.py:188} INFO - [2023-12-31T05:46:36.030+0000] {dag.py:3033} INFO - Sync 1 DAGs
[2023-12-31T05:46:36.082+0000] {logging_mixin.py:188} INFO - [2023-12-31T05:46:36.082+0000] {dag.py:3820} INFO - Setting next_dagrun for example_nested_branch_dag to 2023-12-30T00:00:00+00:00, run_after=2023-12-31T00:00:00+00:00
[2023-12-31T05:46:36.237+0000] {processor.py:183} INFO - Processing /home/airflow/.local/lib/python3.8/site-packages/airflow/example_dags/example_nested_branch_dag.py took 0.547 seconds
[2023-12-31T05:47:06.541+0000] {processor.py:161} INFO - Started process (PID=2378) to work on /home/airflow/.local/lib/python3.8/site-packages/airflow/example_dags/example_nested_branch_dag.py
[2023-12-31T05:47:06.543+0000] {processor.py:830} INFO - Processing file /home/airflow/.local/lib/python3.8/site-packages/airflow/example_dags/example_nested_branch_dag.py for tasks to queue
[2023-12-31T05:47:06.544+0000] {logging_mixin.py:188} INFO - [2023-12-31T05:47:06.544+0000] {dagbag.py:538} INFO - Filling up the DagBag from /home/airflow/.local/lib/python3.8/site-packages/airflow/example_dags/example_nested_branch_dag.py
[2023-12-31T05:47:06.558+0000] {processor.py:840} INFO - DAG(s) 'example_nested_branch_dag' retrieved from /home/airflow/.local/lib/python3.8/site-packages/airflow/example_dags/example_nested_branch_dag.py
[2023-12-31T05:47:06.587+0000] {logging_mixin.py:188} INFO - [2023-12-31T05:47:06.587+0000] {dag.py:3033} INFO - Sync 1 DAGs
[2023-12-31T05:47:06.620+0000] {logging_mixin.py:188} INFO - [2023-12-31T05:47:06.619+0000] {dag.py:3820} INFO - Setting next_dagrun for example_nested_branch_dag to 2023-12-30T00:00:00+00:00, run_after=2023-12-31T00:00:00+00:00
[2023-12-31T05:47:06.653+0000] {processor.py:183} INFO - Processing /home/airflow/.local/lib/python3.8/site-packages/airflow/example_dags/example_nested_branch_dag.py took 0.115 seconds
[2023-12-31T05:47:36.933+0000] {processor.py:161} INFO - Started process (PID=2434) to work on /home/airflow/.local/lib/python3.8/site-packages/airflow/example_dags/example_nested_branch_dag.py
[2023-12-31T05:47:36.935+0000] {processor.py:830} INFO - Processing file /home/airflow/.local/lib/python3.8/site-packages/airflow/example_dags/example_nested_branch_dag.py for tasks to queue
[2023-12-31T05:47:36.937+0000] {logging_mixin.py:188} INFO - [2023-12-31T05:47:36.936+0000] {dagbag.py:538} INFO - Filling up the DagBag from /home/airflow/.local/lib/python3.8/site-packages/airflow/example_dags/example_nested_branch_dag.py
[2023-12-31T05:47:36.950+0000] {processor.py:840} INFO - DAG(s) 'example_nested_branch_dag' retrieved from /home/airflow/.local/lib/python3.8/site-packages/airflow/example_dags/example_nested_branch_dag.py
[2023-12-31T05:47:36.980+0000] {logging_mixin.py:188} INFO - [2023-12-31T05:47:36.980+0000] {dag.py:3033} INFO - Sync 1 DAGs
[2023-12-31T05:47:37.010+0000] {logging_mixin.py:188} INFO - [2023-12-31T05:47:37.010+0000] {dag.py:3820} INFO - Setting next_dagrun for example_nested_branch_dag to 2023-12-30T00:00:00+00:00, run_after=2023-12-31T00:00:00+00:00
[2023-12-31T05:47:37.168+0000] {processor.py:183} INFO - Processing /home/airflow/.local/lib/python3.8/site-packages/airflow/example_dags/example_nested_branch_dag.py took 0.240 seconds
[2023-12-31T05:48:07.542+0000] {processor.py:161} INFO - Started process (PID=2490) to work on /home/airflow/.local/lib/python3.8/site-packages/airflow/example_dags/example_nested_branch_dag.py
[2023-12-31T05:48:07.548+0000] {processor.py:830} INFO - Processing file /home/airflow/.local/lib/python3.8/site-packages/airflow/example_dags/example_nested_branch_dag.py for tasks to queue
[2023-12-31T05:48:07.550+0000] {logging_mixin.py:188} INFO - [2023-12-31T05:48:07.549+0000] {dagbag.py:538} INFO - Filling up the DagBag from /home/airflow/.local/lib/python3.8/site-packages/airflow/example_dags/example_nested_branch_dag.py
[2023-12-31T05:48:07.564+0000] {processor.py:840} INFO - DAG(s) 'example_nested_branch_dag' retrieved from /home/airflow/.local/lib/python3.8/site-packages/airflow/example_dags/example_nested_branch_dag.py
[2023-12-31T05:48:07.593+0000] {logging_mixin.py:188} INFO - [2023-12-31T05:48:07.593+0000] {dag.py:3033} INFO - Sync 1 DAGs
[2023-12-31T05:48:07.621+0000] {logging_mixin.py:188} INFO - [2023-12-31T05:48:07.621+0000] {dag.py:3820} INFO - Setting next_dagrun for example_nested_branch_dag to 2023-12-30T00:00:00+00:00, run_after=2023-12-31T00:00:00+00:00
[2023-12-31T05:48:07.660+0000] {processor.py:183} INFO - Processing /home/airflow/.local/lib/python3.8/site-packages/airflow/example_dags/example_nested_branch_dag.py took 0.122 seconds
[2023-12-31T05:48:38.155+0000] {processor.py:161} INFO - Started process (PID=2546) to work on /home/airflow/.local/lib/python3.8/site-packages/airflow/example_dags/example_nested_branch_dag.py
[2023-12-31T05:48:38.158+0000] {processor.py:830} INFO - Processing file /home/airflow/.local/lib/python3.8/site-packages/airflow/example_dags/example_nested_branch_dag.py for tasks to queue
[2023-12-31T05:48:38.159+0000] {logging_mixin.py:188} INFO - [2023-12-31T05:48:38.159+0000] {dagbag.py:538} INFO - Filling up the DagBag from /home/airflow/.local/lib/python3.8/site-packages/airflow/example_dags/example_nested_branch_dag.py
[2023-12-31T05:48:38.174+0000] {processor.py:840} INFO - DAG(s) 'example_nested_branch_dag' retrieved from /home/airflow/.local/lib/python3.8/site-packages/airflow/example_dags/example_nested_branch_dag.py
[2023-12-31T05:48:38.209+0000] {logging_mixin.py:188} INFO - [2023-12-31T05:48:38.209+0000] {dag.py:3033} INFO - Sync 1 DAGs
[2023-12-31T05:48:38.241+0000] {logging_mixin.py:188} INFO - [2023-12-31T05:48:38.240+0000] {dag.py:3820} INFO - Setting next_dagrun for example_nested_branch_dag to 2023-12-30T00:00:00+00:00, run_after=2023-12-31T00:00:00+00:00
[2023-12-31T05:48:38.287+0000] {processor.py:183} INFO - Processing /home/airflow/.local/lib/python3.8/site-packages/airflow/example_dags/example_nested_branch_dag.py took 0.137 seconds
