[2023-12-31T05:24:28.328+0000] {processor.py:161} INFO - Started process (PID=114) to work on /home/airflow/.local/lib/python3.8/site-packages/airflow/example_dags/example_task_group_decorator.py
[2023-12-31T05:24:28.330+0000] {processor.py:830} INFO - Processing file /home/airflow/.local/lib/python3.8/site-packages/airflow/example_dags/example_task_group_decorator.py for tasks to queue
[2023-12-31T05:24:28.334+0000] {logging_mixin.py:188} INFO - [2023-12-31T05:24:28.334+0000] {dagbag.py:538} INFO - Filling up the DagBag from /home/airflow/.local/lib/python3.8/site-packages/airflow/example_dags/example_task_group_decorator.py
[2023-12-31T05:24:28.387+0000] {processor.py:840} INFO - DAG(s) 'example_task_group_decorator' retrieved from /home/airflow/.local/lib/python3.8/site-packages/airflow/example_dags/example_task_group_decorator.py
[2023-12-31T05:24:28.762+0000] {logging_mixin.py:188} INFO - [2023-12-31T05:24:28.761+0000] {dag.py:3033} INFO - Sync 1 DAGs
[2023-12-31T05:24:28.810+0000] {logging_mixin.py:188} INFO - [2023-12-31T05:24:28.809+0000] {dag.py:3820} INFO - Setting next_dagrun for example_task_group_decorator to 2023-12-30T00:00:00+00:00, run_after=2023-12-31T00:00:00+00:00
[2023-12-31T05:24:29.098+0000] {processor.py:183} INFO - Processing /home/airflow/.local/lib/python3.8/site-packages/airflow/example_dags/example_task_group_decorator.py took 0.777 seconds
[2023-12-31T05:24:59.628+0000] {processor.py:161} INFO - Started process (PID=170) to work on /home/airflow/.local/lib/python3.8/site-packages/airflow/example_dags/example_task_group_decorator.py
[2023-12-31T05:24:59.630+0000] {processor.py:830} INFO - Processing file /home/airflow/.local/lib/python3.8/site-packages/airflow/example_dags/example_task_group_decorator.py for tasks to queue
[2023-12-31T05:24:59.633+0000] {logging_mixin.py:188} INFO - [2023-12-31T05:24:59.633+0000] {dagbag.py:538} INFO - Filling up the DagBag from /home/airflow/.local/lib/python3.8/site-packages/airflow/example_dags/example_task_group_decorator.py
[2023-12-31T05:24:59.650+0000] {processor.py:840} INFO - DAG(s) 'example_task_group_decorator' retrieved from /home/airflow/.local/lib/python3.8/site-packages/airflow/example_dags/example_task_group_decorator.py
[2023-12-31T05:24:59.682+0000] {logging_mixin.py:188} INFO - [2023-12-31T05:24:59.682+0000] {dag.py:3033} INFO - Sync 1 DAGs
[2023-12-31T05:24:59.715+0000] {logging_mixin.py:188} INFO - [2023-12-31T05:24:59.714+0000] {dag.py:3820} INFO - Setting next_dagrun for example_task_group_decorator to 2023-12-30T00:00:00+00:00, run_after=2023-12-31T00:00:00+00:00
[2023-12-31T05:24:59.748+0000] {processor.py:183} INFO - Processing /home/airflow/.local/lib/python3.8/site-packages/airflow/example_dags/example_task_group_decorator.py took 0.125 seconds
[2023-12-31T05:25:37.278+0000] {processor.py:161} INFO - Started process (PID=227) to work on /home/airflow/.local/lib/python3.8/site-packages/airflow/example_dags/example_task_group_decorator.py
[2023-12-31T05:25:37.280+0000] {processor.py:830} INFO - Processing file /home/airflow/.local/lib/python3.8/site-packages/airflow/example_dags/example_task_group_decorator.py for tasks to queue
[2023-12-31T05:25:37.285+0000] {logging_mixin.py:188} INFO - [2023-12-31T05:25:37.284+0000] {dagbag.py:538} INFO - Filling up the DagBag from /home/airflow/.local/lib/python3.8/site-packages/airflow/example_dags/example_task_group_decorator.py
[2023-12-31T05:25:37.309+0000] {processor.py:840} INFO - DAG(s) 'example_task_group_decorator' retrieved from /home/airflow/.local/lib/python3.8/site-packages/airflow/example_dags/example_task_group_decorator.py
[2023-12-31T05:25:38.066+0000] {logging_mixin.py:188} INFO - [2023-12-31T05:25:38.065+0000] {dag.py:3033} INFO - Sync 1 DAGs
[2023-12-31T05:25:39.408+0000] {logging_mixin.py:188} INFO - [2023-12-31T05:25:39.408+0000] {dag.py:3820} INFO - Setting next_dagrun for example_task_group_decorator to 2023-12-30T00:00:00+00:00, run_after=2023-12-31T00:00:00+00:00
[2023-12-31T05:25:41.040+0000] {processor.py:183} INFO - Processing /home/airflow/.local/lib/python3.8/site-packages/airflow/example_dags/example_task_group_decorator.py took 3.766 seconds
[2023-12-31T05:26:25.043+0000] {processor.py:161} INFO - Started process (PID=276) to work on /home/airflow/.local/lib/python3.8/site-packages/airflow/example_dags/example_task_group_decorator.py
[2023-12-31T05:26:25.091+0000] {processor.py:830} INFO - Processing file /home/airflow/.local/lib/python3.8/site-packages/airflow/example_dags/example_task_group_decorator.py for tasks to queue
[2023-12-31T05:26:25.095+0000] {logging_mixin.py:188} INFO - [2023-12-31T05:26:25.094+0000] {dagbag.py:538} INFO - Filling up the DagBag from /home/airflow/.local/lib/python3.8/site-packages/airflow/example_dags/example_task_group_decorator.py
[2023-12-31T05:26:25.181+0000] {processor.py:840} INFO - DAG(s) 'example_task_group_decorator' retrieved from /home/airflow/.local/lib/python3.8/site-packages/airflow/example_dags/example_task_group_decorator.py
[2023-12-31T05:26:25.307+0000] {logging_mixin.py:188} INFO - [2023-12-31T05:26:25.307+0000] {dag.py:3033} INFO - Sync 1 DAGs
[2023-12-31T05:26:25.335+0000] {logging_mixin.py:188} INFO - [2023-12-31T05:26:25.335+0000] {dag.py:3820} INFO - Setting next_dagrun for example_task_group_decorator to 2023-12-30T00:00:00+00:00, run_after=2023-12-31T00:00:00+00:00
[2023-12-31T05:26:25.887+0000] {processor.py:183} INFO - Processing /home/airflow/.local/lib/python3.8/site-packages/airflow/example_dags/example_task_group_decorator.py took 0.848 seconds
[2023-12-31T05:26:56.093+0000] {processor.py:161} INFO - Started process (PID=332) to work on /home/airflow/.local/lib/python3.8/site-packages/airflow/example_dags/example_task_group_decorator.py
[2023-12-31T05:26:56.095+0000] {processor.py:830} INFO - Processing file /home/airflow/.local/lib/python3.8/site-packages/airflow/example_dags/example_task_group_decorator.py for tasks to queue
[2023-12-31T05:26:56.099+0000] {logging_mixin.py:188} INFO - [2023-12-31T05:26:56.098+0000] {dagbag.py:538} INFO - Filling up the DagBag from /home/airflow/.local/lib/python3.8/site-packages/airflow/example_dags/example_task_group_decorator.py
[2023-12-31T05:26:56.122+0000] {processor.py:840} INFO - DAG(s) 'example_task_group_decorator' retrieved from /home/airflow/.local/lib/python3.8/site-packages/airflow/example_dags/example_task_group_decorator.py
[2023-12-31T05:26:56.157+0000] {logging_mixin.py:188} INFO - [2023-12-31T05:26:56.157+0000] {dag.py:3033} INFO - Sync 1 DAGs
[2023-12-31T05:26:56.186+0000] {logging_mixin.py:188} INFO - [2023-12-31T05:26:56.186+0000] {dag.py:3820} INFO - Setting next_dagrun for example_task_group_decorator to 2023-12-30T00:00:00+00:00, run_after=2023-12-31T00:00:00+00:00
[2023-12-31T05:26:56.221+0000] {processor.py:183} INFO - Processing /home/airflow/.local/lib/python3.8/site-packages/airflow/example_dags/example_task_group_decorator.py took 0.132 seconds
[2023-12-31T05:27:27.622+0000] {processor.py:161} INFO - Started process (PID=388) to work on /home/airflow/.local/lib/python3.8/site-packages/airflow/example_dags/example_task_group_decorator.py
[2023-12-31T05:27:27.623+0000] {processor.py:830} INFO - Processing file /home/airflow/.local/lib/python3.8/site-packages/airflow/example_dags/example_task_group_decorator.py for tasks to queue
[2023-12-31T05:27:27.630+0000] {logging_mixin.py:188} INFO - [2023-12-31T05:27:27.629+0000] {dagbag.py:538} INFO - Filling up the DagBag from /home/airflow/.local/lib/python3.8/site-packages/airflow/example_dags/example_task_group_decorator.py
[2023-12-31T05:27:27.658+0000] {processor.py:840} INFO - DAG(s) 'example_task_group_decorator' retrieved from /home/airflow/.local/lib/python3.8/site-packages/airflow/example_dags/example_task_group_decorator.py
[2023-12-31T05:27:27.714+0000] {logging_mixin.py:188} INFO - [2023-12-31T05:27:27.713+0000] {dag.py:3033} INFO - Sync 1 DAGs
[2023-12-31T05:27:27.768+0000] {logging_mixin.py:188} INFO - [2023-12-31T05:27:27.767+0000] {dag.py:3820} INFO - Setting next_dagrun for example_task_group_decorator to 2023-12-30T00:00:00+00:00, run_after=2023-12-31T00:00:00+00:00
[2023-12-31T05:27:28.165+0000] {processor.py:183} INFO - Processing /home/airflow/.local/lib/python3.8/site-packages/airflow/example_dags/example_task_group_decorator.py took 0.547 seconds
[2023-12-31T05:27:58.703+0000] {processor.py:161} INFO - Started process (PID=444) to work on /home/airflow/.local/lib/python3.8/site-packages/airflow/example_dags/example_task_group_decorator.py
[2023-12-31T05:27:58.706+0000] {processor.py:830} INFO - Processing file /home/airflow/.local/lib/python3.8/site-packages/airflow/example_dags/example_task_group_decorator.py for tasks to queue
[2023-12-31T05:27:58.709+0000] {logging_mixin.py:188} INFO - [2023-12-31T05:27:58.708+0000] {dagbag.py:538} INFO - Filling up the DagBag from /home/airflow/.local/lib/python3.8/site-packages/airflow/example_dags/example_task_group_decorator.py
[2023-12-31T05:27:58.726+0000] {processor.py:840} INFO - DAG(s) 'example_task_group_decorator' retrieved from /home/airflow/.local/lib/python3.8/site-packages/airflow/example_dags/example_task_group_decorator.py
[2023-12-31T05:27:58.757+0000] {logging_mixin.py:188} INFO - [2023-12-31T05:27:58.756+0000] {dag.py:3033} INFO - Sync 1 DAGs
[2023-12-31T05:27:58.786+0000] {logging_mixin.py:188} INFO - [2023-12-31T05:27:58.786+0000] {dag.py:3820} INFO - Setting next_dagrun for example_task_group_decorator to 2023-12-30T00:00:00+00:00, run_after=2023-12-31T00:00:00+00:00
[2023-12-31T05:27:58.814+0000] {processor.py:183} INFO - Processing /home/airflow/.local/lib/python3.8/site-packages/airflow/example_dags/example_task_group_decorator.py took 0.115 seconds
[2023-12-31T05:28:29.488+0000] {processor.py:161} INFO - Started process (PID=500) to work on /home/airflow/.local/lib/python3.8/site-packages/airflow/example_dags/example_task_group_decorator.py
[2023-12-31T05:28:29.489+0000] {processor.py:830} INFO - Processing file /home/airflow/.local/lib/python3.8/site-packages/airflow/example_dags/example_task_group_decorator.py for tasks to queue
[2023-12-31T05:28:29.493+0000] {logging_mixin.py:188} INFO - [2023-12-31T05:28:29.493+0000] {dagbag.py:538} INFO - Filling up the DagBag from /home/airflow/.local/lib/python3.8/site-packages/airflow/example_dags/example_task_group_decorator.py
[2023-12-31T05:28:29.517+0000] {processor.py:840} INFO - DAG(s) 'example_task_group_decorator' retrieved from /home/airflow/.local/lib/python3.8/site-packages/airflow/example_dags/example_task_group_decorator.py
[2023-12-31T05:28:29.549+0000] {logging_mixin.py:188} INFO - [2023-12-31T05:28:29.549+0000] {dag.py:3033} INFO - Sync 1 DAGs
[2023-12-31T05:28:29.581+0000] {logging_mixin.py:188} INFO - [2023-12-31T05:28:29.581+0000] {dag.py:3820} INFO - Setting next_dagrun for example_task_group_decorator to 2023-12-30T00:00:00+00:00, run_after=2023-12-31T00:00:00+00:00
[2023-12-31T05:28:29.615+0000] {processor.py:183} INFO - Processing /home/airflow/.local/lib/python3.8/site-packages/airflow/example_dags/example_task_group_decorator.py took 0.131 seconds
[2023-12-31T05:29:00.368+0000] {processor.py:161} INFO - Started process (PID=556) to work on /home/airflow/.local/lib/python3.8/site-packages/airflow/example_dags/example_task_group_decorator.py
[2023-12-31T05:29:00.370+0000] {processor.py:830} INFO - Processing file /home/airflow/.local/lib/python3.8/site-packages/airflow/example_dags/example_task_group_decorator.py for tasks to queue
[2023-12-31T05:29:00.373+0000] {logging_mixin.py:188} INFO - [2023-12-31T05:29:00.372+0000] {dagbag.py:538} INFO - Filling up the DagBag from /home/airflow/.local/lib/python3.8/site-packages/airflow/example_dags/example_task_group_decorator.py
[2023-12-31T05:29:00.394+0000] {processor.py:840} INFO - DAG(s) 'example_task_group_decorator' retrieved from /home/airflow/.local/lib/python3.8/site-packages/airflow/example_dags/example_task_group_decorator.py
[2023-12-31T05:29:00.425+0000] {logging_mixin.py:188} INFO - [2023-12-31T05:29:00.425+0000] {dag.py:3033} INFO - Sync 1 DAGs
[2023-12-31T05:29:00.457+0000] {logging_mixin.py:188} INFO - [2023-12-31T05:29:00.456+0000] {dag.py:3820} INFO - Setting next_dagrun for example_task_group_decorator to 2023-12-30T00:00:00+00:00, run_after=2023-12-31T00:00:00+00:00
[2023-12-31T05:29:00.487+0000] {processor.py:183} INFO - Processing /home/airflow/.local/lib/python3.8/site-packages/airflow/example_dags/example_task_group_decorator.py took 0.123 seconds
[2023-12-31T05:29:31.327+0000] {processor.py:161} INFO - Started process (PID=612) to work on /home/airflow/.local/lib/python3.8/site-packages/airflow/example_dags/example_task_group_decorator.py
[2023-12-31T05:29:31.329+0000] {processor.py:830} INFO - Processing file /home/airflow/.local/lib/python3.8/site-packages/airflow/example_dags/example_task_group_decorator.py for tasks to queue
[2023-12-31T05:29:31.331+0000] {logging_mixin.py:188} INFO - [2023-12-31T05:29:31.331+0000] {dagbag.py:538} INFO - Filling up the DagBag from /home/airflow/.local/lib/python3.8/site-packages/airflow/example_dags/example_task_group_decorator.py
[2023-12-31T05:29:31.357+0000] {processor.py:840} INFO - DAG(s) 'example_task_group_decorator' retrieved from /home/airflow/.local/lib/python3.8/site-packages/airflow/example_dags/example_task_group_decorator.py
[2023-12-31T05:29:31.389+0000] {logging_mixin.py:188} INFO - [2023-12-31T05:29:31.389+0000] {dag.py:3033} INFO - Sync 1 DAGs
[2023-12-31T05:29:31.417+0000] {logging_mixin.py:188} INFO - [2023-12-31T05:29:31.417+0000] {dag.py:3820} INFO - Setting next_dagrun for example_task_group_decorator to 2023-12-30T00:00:00+00:00, run_after=2023-12-31T00:00:00+00:00
[2023-12-31T05:29:31.862+0000] {processor.py:183} INFO - Processing /home/airflow/.local/lib/python3.8/site-packages/airflow/example_dags/example_task_group_decorator.py took 0.539 seconds
[2023-12-31T05:30:07.249+0000] {processor.py:161} INFO - Started process (PID=668) to work on /home/airflow/.local/lib/python3.8/site-packages/airflow/example_dags/example_task_group_decorator.py
[2023-12-31T05:30:07.250+0000] {processor.py:830} INFO - Processing file /home/airflow/.local/lib/python3.8/site-packages/airflow/example_dags/example_task_group_decorator.py for tasks to queue
[2023-12-31T05:30:07.253+0000] {logging_mixin.py:188} INFO - [2023-12-31T05:30:07.252+0000] {dagbag.py:538} INFO - Filling up the DagBag from /home/airflow/.local/lib/python3.8/site-packages/airflow/example_dags/example_task_group_decorator.py
[2023-12-31T05:30:07.273+0000] {processor.py:840} INFO - DAG(s) 'example_task_group_decorator' retrieved from /home/airflow/.local/lib/python3.8/site-packages/airflow/example_dags/example_task_group_decorator.py
[2023-12-31T05:30:07.304+0000] {logging_mixin.py:188} INFO - [2023-12-31T05:30:07.304+0000] {dag.py:3033} INFO - Sync 1 DAGs
[2023-12-31T05:30:07.329+0000] {logging_mixin.py:188} INFO - [2023-12-31T05:30:07.328+0000] {dag.py:3820} INFO - Setting next_dagrun for example_task_group_decorator to 2023-12-30T00:00:00+00:00, run_after=2023-12-31T00:00:00+00:00
[2023-12-31T05:30:07.862+0000] {processor.py:183} INFO - Processing /home/airflow/.local/lib/python3.8/site-packages/airflow/example_dags/example_task_group_decorator.py took 0.617 seconds
[2023-12-31T05:30:38.361+0000] {processor.py:161} INFO - Started process (PID=724) to work on /home/airflow/.local/lib/python3.8/site-packages/airflow/example_dags/example_task_group_decorator.py
[2023-12-31T05:30:38.362+0000] {processor.py:830} INFO - Processing file /home/airflow/.local/lib/python3.8/site-packages/airflow/example_dags/example_task_group_decorator.py for tasks to queue
[2023-12-31T05:30:38.365+0000] {logging_mixin.py:188} INFO - [2023-12-31T05:30:38.365+0000] {dagbag.py:538} INFO - Filling up the DagBag from /home/airflow/.local/lib/python3.8/site-packages/airflow/example_dags/example_task_group_decorator.py
[2023-12-31T05:30:38.383+0000] {processor.py:840} INFO - DAG(s) 'example_task_group_decorator' retrieved from /home/airflow/.local/lib/python3.8/site-packages/airflow/example_dags/example_task_group_decorator.py
[2023-12-31T05:30:38.414+0000] {logging_mixin.py:188} INFO - [2023-12-31T05:30:38.413+0000] {dag.py:3033} INFO - Sync 1 DAGs
[2023-12-31T05:30:38.438+0000] {logging_mixin.py:188} INFO - [2023-12-31T05:30:38.438+0000] {dag.py:3820} INFO - Setting next_dagrun for example_task_group_decorator to 2023-12-30T00:00:00+00:00, run_after=2023-12-31T00:00:00+00:00
[2023-12-31T05:30:38.474+0000] {processor.py:183} INFO - Processing /home/airflow/.local/lib/python3.8/site-packages/airflow/example_dags/example_task_group_decorator.py took 0.117 seconds
[2023-12-31T05:31:09.085+0000] {processor.py:161} INFO - Started process (PID=780) to work on /home/airflow/.local/lib/python3.8/site-packages/airflow/example_dags/example_task_group_decorator.py
[2023-12-31T05:31:09.086+0000] {processor.py:830} INFO - Processing file /home/airflow/.local/lib/python3.8/site-packages/airflow/example_dags/example_task_group_decorator.py for tasks to queue
[2023-12-31T05:31:09.089+0000] {logging_mixin.py:188} INFO - [2023-12-31T05:31:09.088+0000] {dagbag.py:538} INFO - Filling up the DagBag from /home/airflow/.local/lib/python3.8/site-packages/airflow/example_dags/example_task_group_decorator.py
[2023-12-31T05:31:09.104+0000] {processor.py:840} INFO - DAG(s) 'example_task_group_decorator' retrieved from /home/airflow/.local/lib/python3.8/site-packages/airflow/example_dags/example_task_group_decorator.py
[2023-12-31T05:31:09.133+0000] {logging_mixin.py:188} INFO - [2023-12-31T05:31:09.133+0000] {dag.py:3033} INFO - Sync 1 DAGs
[2023-12-31T05:31:09.160+0000] {logging_mixin.py:188} INFO - [2023-12-31T05:31:09.159+0000] {dag.py:3820} INFO - Setting next_dagrun for example_task_group_decorator to 2023-12-30T00:00:00+00:00, run_after=2023-12-31T00:00:00+00:00
[2023-12-31T05:31:09.192+0000] {processor.py:183} INFO - Processing /home/airflow/.local/lib/python3.8/site-packages/airflow/example_dags/example_task_group_decorator.py took 0.113 seconds
[2023-12-31T05:31:39.520+0000] {processor.py:161} INFO - Started process (PID=836) to work on /home/airflow/.local/lib/python3.8/site-packages/airflow/example_dags/example_task_group_decorator.py
[2023-12-31T05:31:39.522+0000] {processor.py:830} INFO - Processing file /home/airflow/.local/lib/python3.8/site-packages/airflow/example_dags/example_task_group_decorator.py for tasks to queue
[2023-12-31T05:31:39.524+0000] {logging_mixin.py:188} INFO - [2023-12-31T05:31:39.524+0000] {dagbag.py:538} INFO - Filling up the DagBag from /home/airflow/.local/lib/python3.8/site-packages/airflow/example_dags/example_task_group_decorator.py
[2023-12-31T05:31:39.543+0000] {processor.py:840} INFO - DAG(s) 'example_task_group_decorator' retrieved from /home/airflow/.local/lib/python3.8/site-packages/airflow/example_dags/example_task_group_decorator.py
[2023-12-31T05:31:39.579+0000] {logging_mixin.py:188} INFO - [2023-12-31T05:31:39.579+0000] {dag.py:3033} INFO - Sync 1 DAGs
[2023-12-31T05:31:39.608+0000] {logging_mixin.py:188} INFO - [2023-12-31T05:31:39.607+0000] {dag.py:3820} INFO - Setting next_dagrun for example_task_group_decorator to 2023-12-30T00:00:00+00:00, run_after=2023-12-31T00:00:00+00:00
[2023-12-31T05:31:39.639+0000] {processor.py:183} INFO - Processing /home/airflow/.local/lib/python3.8/site-packages/airflow/example_dags/example_task_group_decorator.py took 0.122 seconds
[2023-12-31T05:32:10.642+0000] {processor.py:161} INFO - Started process (PID=892) to work on /home/airflow/.local/lib/python3.8/site-packages/airflow/example_dags/example_task_group_decorator.py
[2023-12-31T05:32:10.662+0000] {processor.py:830} INFO - Processing file /home/airflow/.local/lib/python3.8/site-packages/airflow/example_dags/example_task_group_decorator.py for tasks to queue
[2023-12-31T05:32:10.668+0000] {logging_mixin.py:188} INFO - [2023-12-31T05:32:10.667+0000] {dagbag.py:538} INFO - Filling up the DagBag from /home/airflow/.local/lib/python3.8/site-packages/airflow/example_dags/example_task_group_decorator.py
[2023-12-31T05:32:10.744+0000] {processor.py:840} INFO - DAG(s) 'example_task_group_decorator' retrieved from /home/airflow/.local/lib/python3.8/site-packages/airflow/example_dags/example_task_group_decorator.py
[2023-12-31T05:32:10.874+0000] {logging_mixin.py:188} INFO - [2023-12-31T05:32:10.874+0000] {dag.py:3033} INFO - Sync 1 DAGs
[2023-12-31T05:32:10.977+0000] {logging_mixin.py:188} INFO - [2023-12-31T05:32:10.977+0000] {dag.py:3820} INFO - Setting next_dagrun for example_task_group_decorator to 2023-12-30T00:00:00+00:00, run_after=2023-12-31T00:00:00+00:00
[2023-12-31T05:32:11.113+0000] {processor.py:183} INFO - Processing /home/airflow/.local/lib/python3.8/site-packages/airflow/example_dags/example_task_group_decorator.py took 0.479 seconds
[2023-12-31T05:32:43.200+0000] {processor.py:161} INFO - Started process (PID=948) to work on /home/airflow/.local/lib/python3.8/site-packages/airflow/example_dags/example_task_group_decorator.py
[2023-12-31T05:32:43.202+0000] {processor.py:830} INFO - Processing file /home/airflow/.local/lib/python3.8/site-packages/airflow/example_dags/example_task_group_decorator.py for tasks to queue
[2023-12-31T05:32:43.220+0000] {logging_mixin.py:188} INFO - [2023-12-31T05:32:43.220+0000] {dagbag.py:538} INFO - Filling up the DagBag from /home/airflow/.local/lib/python3.8/site-packages/airflow/example_dags/example_task_group_decorator.py
[2023-12-31T05:32:43.304+0000] {processor.py:840} INFO - DAG(s) 'example_task_group_decorator' retrieved from /home/airflow/.local/lib/python3.8/site-packages/airflow/example_dags/example_task_group_decorator.py
[2023-12-31T05:32:43.433+0000] {logging_mixin.py:188} INFO - [2023-12-31T05:32:43.432+0000] {dag.py:3033} INFO - Sync 1 DAGs
[2023-12-31T05:32:43.536+0000] {logging_mixin.py:188} INFO - [2023-12-31T05:32:43.534+0000] {dag.py:3820} INFO - Setting next_dagrun for example_task_group_decorator to 2023-12-30T00:00:00+00:00, run_after=2023-12-31T00:00:00+00:00
[2023-12-31T05:32:43.637+0000] {processor.py:183} INFO - Processing /home/airflow/.local/lib/python3.8/site-packages/airflow/example_dags/example_task_group_decorator.py took 0.451 seconds
[2023-12-31T05:33:47.796+0000] {processor.py:161} INFO - Started process (PID=1010) to work on /home/airflow/.local/lib/python3.8/site-packages/airflow/example_dags/example_task_group_decorator.py
[2023-12-31T05:33:47.797+0000] {processor.py:830} INFO - Processing file /home/airflow/.local/lib/python3.8/site-packages/airflow/example_dags/example_task_group_decorator.py for tasks to queue
[2023-12-31T05:33:47.800+0000] {logging_mixin.py:188} INFO - [2023-12-31T05:33:47.800+0000] {dagbag.py:538} INFO - Filling up the DagBag from /home/airflow/.local/lib/python3.8/site-packages/airflow/example_dags/example_task_group_decorator.py
[2023-12-31T05:33:47.831+0000] {processor.py:840} INFO - DAG(s) 'example_task_group_decorator' retrieved from /home/airflow/.local/lib/python3.8/site-packages/airflow/example_dags/example_task_group_decorator.py
[2023-12-31T05:33:47.869+0000] {logging_mixin.py:188} INFO - [2023-12-31T05:33:47.869+0000] {dag.py:3033} INFO - Sync 1 DAGs
[2023-12-31T05:33:47.901+0000] {logging_mixin.py:188} INFO - [2023-12-31T05:33:47.901+0000] {dag.py:3820} INFO - Setting next_dagrun for example_task_group_decorator to 2023-12-30T00:00:00+00:00, run_after=2023-12-31T00:00:00+00:00
[2023-12-31T05:33:47.934+0000] {processor.py:183} INFO - Processing /home/airflow/.local/lib/python3.8/site-packages/airflow/example_dags/example_task_group_decorator.py took 0.142 seconds
[2023-12-31T05:34:42.184+0000] {processor.py:161} INFO - Started process (PID=1082) to work on /home/airflow/.local/lib/python3.8/site-packages/airflow/example_dags/example_task_group_decorator.py
[2023-12-31T05:34:42.220+0000] {processor.py:830} INFO - Processing file /home/airflow/.local/lib/python3.8/site-packages/airflow/example_dags/example_task_group_decorator.py for tasks to queue
[2023-12-31T05:34:42.225+0000] {logging_mixin.py:188} INFO - [2023-12-31T05:34:42.224+0000] {dagbag.py:538} INFO - Filling up the DagBag from /home/airflow/.local/lib/python3.8/site-packages/airflow/example_dags/example_task_group_decorator.py
[2023-12-31T05:34:42.298+0000] {processor.py:840} INFO - DAG(s) 'example_task_group_decorator' retrieved from /home/airflow/.local/lib/python3.8/site-packages/airflow/example_dags/example_task_group_decorator.py
[2023-12-31T05:34:42.417+0000] {logging_mixin.py:188} INFO - [2023-12-31T05:34:42.417+0000] {dag.py:3033} INFO - Sync 1 DAGs
[2023-12-31T05:34:42.479+0000] {logging_mixin.py:188} INFO - [2023-12-31T05:34:42.479+0000] {dag.py:3820} INFO - Setting next_dagrun for example_task_group_decorator to 2023-12-30T00:00:00+00:00, run_after=2023-12-31T00:00:00+00:00
[2023-12-31T05:34:42.861+0000] {processor.py:183} INFO - Processing /home/airflow/.local/lib/python3.8/site-packages/airflow/example_dags/example_task_group_decorator.py took 0.681 seconds
[2023-12-31T05:35:13.546+0000] {processor.py:161} INFO - Started process (PID=1138) to work on /home/airflow/.local/lib/python3.8/site-packages/airflow/example_dags/example_task_group_decorator.py
[2023-12-31T05:35:13.548+0000] {processor.py:830} INFO - Processing file /home/airflow/.local/lib/python3.8/site-packages/airflow/example_dags/example_task_group_decorator.py for tasks to queue
[2023-12-31T05:35:13.553+0000] {logging_mixin.py:188} INFO - [2023-12-31T05:35:13.553+0000] {dagbag.py:538} INFO - Filling up the DagBag from /home/airflow/.local/lib/python3.8/site-packages/airflow/example_dags/example_task_group_decorator.py
[2023-12-31T05:35:13.584+0000] {processor.py:840} INFO - DAG(s) 'example_task_group_decorator' retrieved from /home/airflow/.local/lib/python3.8/site-packages/airflow/example_dags/example_task_group_decorator.py
[2023-12-31T05:35:13.655+0000] {logging_mixin.py:188} INFO - [2023-12-31T05:35:13.653+0000] {dag.py:3033} INFO - Sync 1 DAGs
[2023-12-31T05:35:13.738+0000] {logging_mixin.py:188} INFO - [2023-12-31T05:35:13.736+0000] {dag.py:3820} INFO - Setting next_dagrun for example_task_group_decorator to 2023-12-30T00:00:00+00:00, run_after=2023-12-31T00:00:00+00:00
[2023-12-31T05:35:13.787+0000] {processor.py:183} INFO - Processing /home/airflow/.local/lib/python3.8/site-packages/airflow/example_dags/example_task_group_decorator.py took 0.246 seconds
[2023-12-31T05:35:44.784+0000] {processor.py:161} INFO - Started process (PID=1194) to work on /home/airflow/.local/lib/python3.8/site-packages/airflow/example_dags/example_task_group_decorator.py
[2023-12-31T05:35:44.836+0000] {processor.py:830} INFO - Processing file /home/airflow/.local/lib/python3.8/site-packages/airflow/example_dags/example_task_group_decorator.py for tasks to queue
[2023-12-31T05:35:44.841+0000] {logging_mixin.py:188} INFO - [2023-12-31T05:35:44.840+0000] {dagbag.py:538} INFO - Filling up the DagBag from /home/airflow/.local/lib/python3.8/site-packages/airflow/example_dags/example_task_group_decorator.py
[2023-12-31T05:35:44.860+0000] {processor.py:840} INFO - DAG(s) 'example_task_group_decorator' retrieved from /home/airflow/.local/lib/python3.8/site-packages/airflow/example_dags/example_task_group_decorator.py
[2023-12-31T05:35:44.894+0000] {logging_mixin.py:188} INFO - [2023-12-31T05:35:44.894+0000] {dag.py:3033} INFO - Sync 1 DAGs
[2023-12-31T05:35:44.924+0000] {logging_mixin.py:188} INFO - [2023-12-31T05:35:44.923+0000] {dag.py:3820} INFO - Setting next_dagrun for example_task_group_decorator to 2023-12-30T00:00:00+00:00, run_after=2023-12-31T00:00:00+00:00
[2023-12-31T05:35:45.593+0000] {processor.py:183} INFO - Processing /home/airflow/.local/lib/python3.8/site-packages/airflow/example_dags/example_task_group_decorator.py took 0.812 seconds
[2023-12-31T05:36:15.840+0000] {processor.py:161} INFO - Started process (PID=1250) to work on /home/airflow/.local/lib/python3.8/site-packages/airflow/example_dags/example_task_group_decorator.py
[2023-12-31T05:36:15.842+0000] {processor.py:830} INFO - Processing file /home/airflow/.local/lib/python3.8/site-packages/airflow/example_dags/example_task_group_decorator.py for tasks to queue
[2023-12-31T05:36:15.846+0000] {logging_mixin.py:188} INFO - [2023-12-31T05:36:15.845+0000] {dagbag.py:538} INFO - Filling up the DagBag from /home/airflow/.local/lib/python3.8/site-packages/airflow/example_dags/example_task_group_decorator.py
[2023-12-31T05:36:15.870+0000] {processor.py:840} INFO - DAG(s) 'example_task_group_decorator' retrieved from /home/airflow/.local/lib/python3.8/site-packages/airflow/example_dags/example_task_group_decorator.py
[2023-12-31T05:36:15.917+0000] {logging_mixin.py:188} INFO - [2023-12-31T05:36:15.916+0000] {dag.py:3033} INFO - Sync 1 DAGs
[2023-12-31T05:36:15.959+0000] {logging_mixin.py:188} INFO - [2023-12-31T05:36:15.958+0000] {dag.py:3820} INFO - Setting next_dagrun for example_task_group_decorator to 2023-12-30T00:00:00+00:00, run_after=2023-12-31T00:00:00+00:00
[2023-12-31T05:36:16.004+0000] {processor.py:183} INFO - Processing /home/airflow/.local/lib/python3.8/site-packages/airflow/example_dags/example_task_group_decorator.py took 0.168 seconds
[2023-12-31T05:36:46.576+0000] {processor.py:161} INFO - Started process (PID=1306) to work on /home/airflow/.local/lib/python3.8/site-packages/airflow/example_dags/example_task_group_decorator.py
[2023-12-31T05:36:46.591+0000] {processor.py:830} INFO - Processing file /home/airflow/.local/lib/python3.8/site-packages/airflow/example_dags/example_task_group_decorator.py for tasks to queue
[2023-12-31T05:36:46.595+0000] {logging_mixin.py:188} INFO - [2023-12-31T05:36:46.594+0000] {dagbag.py:538} INFO - Filling up the DagBag from /home/airflow/.local/lib/python3.8/site-packages/airflow/example_dags/example_task_group_decorator.py
[2023-12-31T05:36:46.644+0000] {processor.py:840} INFO - DAG(s) 'example_task_group_decorator' retrieved from /home/airflow/.local/lib/python3.8/site-packages/airflow/example_dags/example_task_group_decorator.py
[2023-12-31T05:36:46.712+0000] {logging_mixin.py:188} INFO - [2023-12-31T05:36:46.711+0000] {dag.py:3033} INFO - Sync 1 DAGs
[2023-12-31T05:36:46.742+0000] {logging_mixin.py:188} INFO - [2023-12-31T05:36:46.742+0000] {dag.py:3820} INFO - Setting next_dagrun for example_task_group_decorator to 2023-12-30T00:00:00+00:00, run_after=2023-12-31T00:00:00+00:00
[2023-12-31T05:36:48.292+0000] {processor.py:183} INFO - Processing /home/airflow/.local/lib/python3.8/site-packages/airflow/example_dags/example_task_group_decorator.py took 1.721 seconds
[2023-12-31T05:37:19.234+0000] {processor.py:161} INFO - Started process (PID=1362) to work on /home/airflow/.local/lib/python3.8/site-packages/airflow/example_dags/example_task_group_decorator.py
[2023-12-31T05:37:19.236+0000] {processor.py:830} INFO - Processing file /home/airflow/.local/lib/python3.8/site-packages/airflow/example_dags/example_task_group_decorator.py for tasks to queue
[2023-12-31T05:37:19.242+0000] {logging_mixin.py:188} INFO - [2023-12-31T05:37:19.242+0000] {dagbag.py:538} INFO - Filling up the DagBag from /home/airflow/.local/lib/python3.8/site-packages/airflow/example_dags/example_task_group_decorator.py
[2023-12-31T05:37:19.270+0000] {processor.py:840} INFO - DAG(s) 'example_task_group_decorator' retrieved from /home/airflow/.local/lib/python3.8/site-packages/airflow/example_dags/example_task_group_decorator.py
[2023-12-31T05:37:19.319+0000] {logging_mixin.py:188} INFO - [2023-12-31T05:37:19.319+0000] {dag.py:3033} INFO - Sync 1 DAGs
[2023-12-31T05:37:19.358+0000] {logging_mixin.py:188} INFO - [2023-12-31T05:37:19.358+0000] {dag.py:3820} INFO - Setting next_dagrun for example_task_group_decorator to 2023-12-30T00:00:00+00:00, run_after=2023-12-31T00:00:00+00:00
[2023-12-31T05:37:19.393+0000] {processor.py:183} INFO - Processing /home/airflow/.local/lib/python3.8/site-packages/airflow/example_dags/example_task_group_decorator.py took 0.164 seconds
[2023-12-31T05:37:50.237+0000] {processor.py:161} INFO - Started process (PID=1418) to work on /home/airflow/.local/lib/python3.8/site-packages/airflow/example_dags/example_task_group_decorator.py
[2023-12-31T05:37:50.239+0000] {processor.py:830} INFO - Processing file /home/airflow/.local/lib/python3.8/site-packages/airflow/example_dags/example_task_group_decorator.py for tasks to queue
[2023-12-31T05:37:50.253+0000] {logging_mixin.py:188} INFO - [2023-12-31T05:37:50.252+0000] {dagbag.py:538} INFO - Filling up the DagBag from /home/airflow/.local/lib/python3.8/site-packages/airflow/example_dags/example_task_group_decorator.py
[2023-12-31T05:37:50.293+0000] {processor.py:840} INFO - DAG(s) 'example_task_group_decorator' retrieved from /home/airflow/.local/lib/python3.8/site-packages/airflow/example_dags/example_task_group_decorator.py
[2023-12-31T05:37:50.378+0000] {logging_mixin.py:188} INFO - [2023-12-31T05:37:50.377+0000] {dag.py:3033} INFO - Sync 1 DAGs
[2023-12-31T05:37:50.442+0000] {logging_mixin.py:188} INFO - [2023-12-31T05:37:50.442+0000] {dag.py:3820} INFO - Setting next_dagrun for example_task_group_decorator to 2023-12-30T00:00:00+00:00, run_after=2023-12-31T00:00:00+00:00
[2023-12-31T05:37:50.512+0000] {processor.py:183} INFO - Processing /home/airflow/.local/lib/python3.8/site-packages/airflow/example_dags/example_task_group_decorator.py took 0.282 seconds
[2023-12-31T05:38:22.423+0000] {processor.py:161} INFO - Started process (PID=1472) to work on /home/airflow/.local/lib/python3.8/site-packages/airflow/example_dags/example_task_group_decorator.py
[2023-12-31T05:38:22.424+0000] {processor.py:830} INFO - Processing file /home/airflow/.local/lib/python3.8/site-packages/airflow/example_dags/example_task_group_decorator.py for tasks to queue
[2023-12-31T05:38:22.427+0000] {logging_mixin.py:188} INFO - [2023-12-31T05:38:22.427+0000] {dagbag.py:538} INFO - Filling up the DagBag from /home/airflow/.local/lib/python3.8/site-packages/airflow/example_dags/example_task_group_decorator.py
[2023-12-31T05:38:22.448+0000] {processor.py:840} INFO - DAG(s) 'example_task_group_decorator' retrieved from /home/airflow/.local/lib/python3.8/site-packages/airflow/example_dags/example_task_group_decorator.py
[2023-12-31T05:38:22.481+0000] {logging_mixin.py:188} INFO - [2023-12-31T05:38:22.481+0000] {dag.py:3033} INFO - Sync 1 DAGs
[2023-12-31T05:38:22.510+0000] {logging_mixin.py:188} INFO - [2023-12-31T05:38:22.509+0000] {dag.py:3820} INFO - Setting next_dagrun for example_task_group_decorator to 2023-12-30T00:00:00+00:00, run_after=2023-12-31T00:00:00+00:00
[2023-12-31T05:38:22.537+0000] {processor.py:183} INFO - Processing /home/airflow/.local/lib/python3.8/site-packages/airflow/example_dags/example_task_group_decorator.py took 0.120 seconds
[2023-12-31T05:38:53.097+0000] {processor.py:161} INFO - Started process (PID=1529) to work on /home/airflow/.local/lib/python3.8/site-packages/airflow/example_dags/example_task_group_decorator.py
[2023-12-31T05:38:53.098+0000] {processor.py:830} INFO - Processing file /home/airflow/.local/lib/python3.8/site-packages/airflow/example_dags/example_task_group_decorator.py for tasks to queue
[2023-12-31T05:38:53.101+0000] {logging_mixin.py:188} INFO - [2023-12-31T05:38:53.100+0000] {dagbag.py:538} INFO - Filling up the DagBag from /home/airflow/.local/lib/python3.8/site-packages/airflow/example_dags/example_task_group_decorator.py
[2023-12-31T05:38:53.119+0000] {processor.py:840} INFO - DAG(s) 'example_task_group_decorator' retrieved from /home/airflow/.local/lib/python3.8/site-packages/airflow/example_dags/example_task_group_decorator.py
[2023-12-31T05:38:53.155+0000] {logging_mixin.py:188} INFO - [2023-12-31T05:38:53.154+0000] {dag.py:3033} INFO - Sync 1 DAGs
[2023-12-31T05:38:53.186+0000] {logging_mixin.py:188} INFO - [2023-12-31T05:38:53.186+0000] {dag.py:3820} INFO - Setting next_dagrun for example_task_group_decorator to 2023-12-30T00:00:00+00:00, run_after=2023-12-31T00:00:00+00:00
[2023-12-31T05:38:53.214+0000] {processor.py:183} INFO - Processing /home/airflow/.local/lib/python3.8/site-packages/airflow/example_dags/example_task_group_decorator.py took 0.122 seconds
[2023-12-31T05:39:23.346+0000] {processor.py:161} INFO - Started process (PID=1585) to work on /home/airflow/.local/lib/python3.8/site-packages/airflow/example_dags/example_task_group_decorator.py
[2023-12-31T05:39:23.348+0000] {processor.py:830} INFO - Processing file /home/airflow/.local/lib/python3.8/site-packages/airflow/example_dags/example_task_group_decorator.py for tasks to queue
[2023-12-31T05:39:23.350+0000] {logging_mixin.py:188} INFO - [2023-12-31T05:39:23.350+0000] {dagbag.py:538} INFO - Filling up the DagBag from /home/airflow/.local/lib/python3.8/site-packages/airflow/example_dags/example_task_group_decorator.py
[2023-12-31T05:39:23.378+0000] {processor.py:840} INFO - DAG(s) 'example_task_group_decorator' retrieved from /home/airflow/.local/lib/python3.8/site-packages/airflow/example_dags/example_task_group_decorator.py
[2023-12-31T05:39:23.416+0000] {logging_mixin.py:188} INFO - [2023-12-31T05:39:23.416+0000] {dag.py:3033} INFO - Sync 1 DAGs
[2023-12-31T05:39:23.451+0000] {logging_mixin.py:188} INFO - [2023-12-31T05:39:23.450+0000] {dag.py:3820} INFO - Setting next_dagrun for example_task_group_decorator to 2023-12-30T00:00:00+00:00, run_after=2023-12-31T00:00:00+00:00
[2023-12-31T05:39:23.488+0000] {processor.py:183} INFO - Processing /home/airflow/.local/lib/python3.8/site-packages/airflow/example_dags/example_task_group_decorator.py took 0.147 seconds
[2023-12-31T05:39:54.081+0000] {processor.py:161} INFO - Started process (PID=1641) to work on /home/airflow/.local/lib/python3.8/site-packages/airflow/example_dags/example_task_group_decorator.py
[2023-12-31T05:39:54.083+0000] {processor.py:830} INFO - Processing file /home/airflow/.local/lib/python3.8/site-packages/airflow/example_dags/example_task_group_decorator.py for tasks to queue
[2023-12-31T05:39:54.087+0000] {logging_mixin.py:188} INFO - [2023-12-31T05:39:54.086+0000] {dagbag.py:538} INFO - Filling up the DagBag from /home/airflow/.local/lib/python3.8/site-packages/airflow/example_dags/example_task_group_decorator.py
[2023-12-31T05:39:54.114+0000] {processor.py:840} INFO - DAG(s) 'example_task_group_decorator' retrieved from /home/airflow/.local/lib/python3.8/site-packages/airflow/example_dags/example_task_group_decorator.py
[2023-12-31T05:39:54.184+0000] {logging_mixin.py:188} INFO - [2023-12-31T05:39:54.183+0000] {dag.py:3033} INFO - Sync 1 DAGs
[2023-12-31T05:39:54.279+0000] {logging_mixin.py:188} INFO - [2023-12-31T05:39:54.278+0000] {dag.py:3820} INFO - Setting next_dagrun for example_task_group_decorator to 2023-12-30T00:00:00+00:00, run_after=2023-12-31T00:00:00+00:00
[2023-12-31T05:39:54.341+0000] {processor.py:183} INFO - Processing /home/airflow/.local/lib/python3.8/site-packages/airflow/example_dags/example_task_group_decorator.py took 0.265 seconds
[2023-12-31T05:40:25.371+0000] {processor.py:161} INFO - Started process (PID=1697) to work on /home/airflow/.local/lib/python3.8/site-packages/airflow/example_dags/example_task_group_decorator.py
[2023-12-31T05:40:25.373+0000] {processor.py:830} INFO - Processing file /home/airflow/.local/lib/python3.8/site-packages/airflow/example_dags/example_task_group_decorator.py for tasks to queue
[2023-12-31T05:40:25.376+0000] {logging_mixin.py:188} INFO - [2023-12-31T05:40:25.376+0000] {dagbag.py:538} INFO - Filling up the DagBag from /home/airflow/.local/lib/python3.8/site-packages/airflow/example_dags/example_task_group_decorator.py
[2023-12-31T05:40:25.408+0000] {processor.py:840} INFO - DAG(s) 'example_task_group_decorator' retrieved from /home/airflow/.local/lib/python3.8/site-packages/airflow/example_dags/example_task_group_decorator.py
[2023-12-31T05:40:25.459+0000] {logging_mixin.py:188} INFO - [2023-12-31T05:40:25.459+0000] {dag.py:3033} INFO - Sync 1 DAGs
[2023-12-31T05:40:25.528+0000] {logging_mixin.py:188} INFO - [2023-12-31T05:40:25.526+0000] {dag.py:3820} INFO - Setting next_dagrun for example_task_group_decorator to 2023-12-30T00:00:00+00:00, run_after=2023-12-31T00:00:00+00:00
[2023-12-31T05:40:25.579+0000] {processor.py:183} INFO - Processing /home/airflow/.local/lib/python3.8/site-packages/airflow/example_dags/example_task_group_decorator.py took 0.214 seconds
[2023-12-31T05:40:56.075+0000] {processor.py:161} INFO - Started process (PID=1753) to work on /home/airflow/.local/lib/python3.8/site-packages/airflow/example_dags/example_task_group_decorator.py
[2023-12-31T05:40:56.077+0000] {processor.py:830} INFO - Processing file /home/airflow/.local/lib/python3.8/site-packages/airflow/example_dags/example_task_group_decorator.py for tasks to queue
[2023-12-31T05:40:56.080+0000] {logging_mixin.py:188} INFO - [2023-12-31T05:40:56.080+0000] {dagbag.py:538} INFO - Filling up the DagBag from /home/airflow/.local/lib/python3.8/site-packages/airflow/example_dags/example_task_group_decorator.py
[2023-12-31T05:40:56.107+0000] {processor.py:840} INFO - DAG(s) 'example_task_group_decorator' retrieved from /home/airflow/.local/lib/python3.8/site-packages/airflow/example_dags/example_task_group_decorator.py
[2023-12-31T05:40:56.149+0000] {logging_mixin.py:188} INFO - [2023-12-31T05:40:56.149+0000] {dag.py:3033} INFO - Sync 1 DAGs
[2023-12-31T05:40:56.188+0000] {logging_mixin.py:188} INFO - [2023-12-31T05:40:56.188+0000] {dag.py:3820} INFO - Setting next_dagrun for example_task_group_decorator to 2023-12-30T00:00:00+00:00, run_after=2023-12-31T00:00:00+00:00
[2023-12-31T05:40:56.230+0000] {processor.py:183} INFO - Processing /home/airflow/.local/lib/python3.8/site-packages/airflow/example_dags/example_task_group_decorator.py took 0.162 seconds
[2023-12-31T05:41:26.446+0000] {processor.py:161} INFO - Started process (PID=1810) to work on /home/airflow/.local/lib/python3.8/site-packages/airflow/example_dags/example_task_group_decorator.py
[2023-12-31T05:41:26.449+0000] {processor.py:830} INFO - Processing file /home/airflow/.local/lib/python3.8/site-packages/airflow/example_dags/example_task_group_decorator.py for tasks to queue
[2023-12-31T05:41:26.458+0000] {logging_mixin.py:188} INFO - [2023-12-31T05:41:26.457+0000] {dagbag.py:538} INFO - Filling up the DagBag from /home/airflow/.local/lib/python3.8/site-packages/airflow/example_dags/example_task_group_decorator.py
[2023-12-31T05:41:26.489+0000] {processor.py:840} INFO - DAG(s) 'example_task_group_decorator' retrieved from /home/airflow/.local/lib/python3.8/site-packages/airflow/example_dags/example_task_group_decorator.py
[2023-12-31T05:41:26.535+0000] {logging_mixin.py:188} INFO - [2023-12-31T05:41:26.535+0000] {dag.py:3033} INFO - Sync 1 DAGs
[2023-12-31T05:41:26.578+0000] {logging_mixin.py:188} INFO - [2023-12-31T05:41:26.578+0000] {dag.py:3820} INFO - Setting next_dagrun for example_task_group_decorator to 2023-12-30T00:00:00+00:00, run_after=2023-12-31T00:00:00+00:00
[2023-12-31T05:41:26.618+0000] {processor.py:183} INFO - Processing /home/airflow/.local/lib/python3.8/site-packages/airflow/example_dags/example_task_group_decorator.py took 0.178 seconds
[2023-12-31T05:41:57.329+0000] {processor.py:161} INFO - Started process (PID=1866) to work on /home/airflow/.local/lib/python3.8/site-packages/airflow/example_dags/example_task_group_decorator.py
[2023-12-31T05:41:57.382+0000] {processor.py:830} INFO - Processing file /home/airflow/.local/lib/python3.8/site-packages/airflow/example_dags/example_task_group_decorator.py for tasks to queue
[2023-12-31T05:41:57.385+0000] {logging_mixin.py:188} INFO - [2023-12-31T05:41:57.385+0000] {dagbag.py:538} INFO - Filling up the DagBag from /home/airflow/.local/lib/python3.8/site-packages/airflow/example_dags/example_task_group_decorator.py
[2023-12-31T05:41:57.405+0000] {processor.py:840} INFO - DAG(s) 'example_task_group_decorator' retrieved from /home/airflow/.local/lib/python3.8/site-packages/airflow/example_dags/example_task_group_decorator.py
[2023-12-31T05:41:57.440+0000] {logging_mixin.py:188} INFO - [2023-12-31T05:41:57.440+0000] {dag.py:3033} INFO - Sync 1 DAGs
[2023-12-31T05:41:57.474+0000] {logging_mixin.py:188} INFO - [2023-12-31T05:41:57.474+0000] {dag.py:3820} INFO - Setting next_dagrun for example_task_group_decorator to 2023-12-30T00:00:00+00:00, run_after=2023-12-31T00:00:00+00:00
[2023-12-31T05:41:57.866+0000] {processor.py:183} INFO - Processing /home/airflow/.local/lib/python3.8/site-packages/airflow/example_dags/example_task_group_decorator.py took 0.541 seconds
[2023-12-31T05:42:28.773+0000] {processor.py:161} INFO - Started process (PID=1922) to work on /home/airflow/.local/lib/python3.8/site-packages/airflow/example_dags/example_task_group_decorator.py
[2023-12-31T05:42:28.775+0000] {processor.py:830} INFO - Processing file /home/airflow/.local/lib/python3.8/site-packages/airflow/example_dags/example_task_group_decorator.py for tasks to queue
[2023-12-31T05:42:28.779+0000] {logging_mixin.py:188} INFO - [2023-12-31T05:42:28.778+0000] {dagbag.py:538} INFO - Filling up the DagBag from /home/airflow/.local/lib/python3.8/site-packages/airflow/example_dags/example_task_group_decorator.py
[2023-12-31T05:42:28.805+0000] {processor.py:840} INFO - DAG(s) 'example_task_group_decorator' retrieved from /home/airflow/.local/lib/python3.8/site-packages/airflow/example_dags/example_task_group_decorator.py
[2023-12-31T05:42:28.850+0000] {logging_mixin.py:188} INFO - [2023-12-31T05:42:28.850+0000] {dag.py:3033} INFO - Sync 1 DAGs
[2023-12-31T05:42:28.894+0000] {logging_mixin.py:188} INFO - [2023-12-31T05:42:28.893+0000] {dag.py:3820} INFO - Setting next_dagrun for example_task_group_decorator to 2023-12-30T00:00:00+00:00, run_after=2023-12-31T00:00:00+00:00
[2023-12-31T05:42:29.112+0000] {processor.py:183} INFO - Processing /home/airflow/.local/lib/python3.8/site-packages/airflow/example_dags/example_task_group_decorator.py took 0.344 seconds
[2023-12-31T05:43:00.137+0000] {processor.py:161} INFO - Started process (PID=1978) to work on /home/airflow/.local/lib/python3.8/site-packages/airflow/example_dags/example_task_group_decorator.py
[2023-12-31T05:43:00.196+0000] {processor.py:830} INFO - Processing file /home/airflow/.local/lib/python3.8/site-packages/airflow/example_dags/example_task_group_decorator.py for tasks to queue
[2023-12-31T05:43:00.198+0000] {logging_mixin.py:188} INFO - [2023-12-31T05:43:00.198+0000] {dagbag.py:538} INFO - Filling up the DagBag from /home/airflow/.local/lib/python3.8/site-packages/airflow/example_dags/example_task_group_decorator.py
[2023-12-31T05:43:00.235+0000] {processor.py:840} INFO - DAG(s) 'example_task_group_decorator' retrieved from /home/airflow/.local/lib/python3.8/site-packages/airflow/example_dags/example_task_group_decorator.py
[2023-12-31T05:43:00.309+0000] {logging_mixin.py:188} INFO - [2023-12-31T05:43:00.308+0000] {dag.py:3033} INFO - Sync 1 DAGs
[2023-12-31T05:43:00.357+0000] {logging_mixin.py:188} INFO - [2023-12-31T05:43:00.356+0000] {dag.py:3820} INFO - Setting next_dagrun for example_task_group_decorator to 2023-12-30T00:00:00+00:00, run_after=2023-12-31T00:00:00+00:00
[2023-12-31T05:43:00.882+0000] {processor.py:183} INFO - Processing /home/airflow/.local/lib/python3.8/site-packages/airflow/example_dags/example_task_group_decorator.py took 0.749 seconds
[2023-12-31T05:43:31.590+0000] {processor.py:161} INFO - Started process (PID=2035) to work on /home/airflow/.local/lib/python3.8/site-packages/airflow/example_dags/example_task_group_decorator.py
[2023-12-31T05:43:31.591+0000] {processor.py:830} INFO - Processing file /home/airflow/.local/lib/python3.8/site-packages/airflow/example_dags/example_task_group_decorator.py for tasks to queue
[2023-12-31T05:43:31.593+0000] {logging_mixin.py:188} INFO - [2023-12-31T05:43:31.592+0000] {dagbag.py:538} INFO - Filling up the DagBag from /home/airflow/.local/lib/python3.8/site-packages/airflow/example_dags/example_task_group_decorator.py
[2023-12-31T05:43:31.618+0000] {processor.py:840} INFO - DAG(s) 'example_task_group_decorator' retrieved from /home/airflow/.local/lib/python3.8/site-packages/airflow/example_dags/example_task_group_decorator.py
[2023-12-31T05:43:31.656+0000] {logging_mixin.py:188} INFO - [2023-12-31T05:43:31.656+0000] {dag.py:3033} INFO - Sync 1 DAGs
[2023-12-31T05:43:31.699+0000] {logging_mixin.py:188} INFO - [2023-12-31T05:43:31.699+0000] {dag.py:3820} INFO - Setting next_dagrun for example_task_group_decorator to 2023-12-30T00:00:00+00:00, run_after=2023-12-31T00:00:00+00:00
[2023-12-31T05:43:31.741+0000] {processor.py:183} INFO - Processing /home/airflow/.local/lib/python3.8/site-packages/airflow/example_dags/example_task_group_decorator.py took 0.155 seconds
[2023-12-31T05:44:02.395+0000] {processor.py:161} INFO - Started process (PID=2091) to work on /home/airflow/.local/lib/python3.8/site-packages/airflow/example_dags/example_task_group_decorator.py
[2023-12-31T05:44:02.397+0000] {processor.py:830} INFO - Processing file /home/airflow/.local/lib/python3.8/site-packages/airflow/example_dags/example_task_group_decorator.py for tasks to queue
[2023-12-31T05:44:02.399+0000] {logging_mixin.py:188} INFO - [2023-12-31T05:44:02.399+0000] {dagbag.py:538} INFO - Filling up the DagBag from /home/airflow/.local/lib/python3.8/site-packages/airflow/example_dags/example_task_group_decorator.py
[2023-12-31T05:44:02.428+0000] {processor.py:840} INFO - DAG(s) 'example_task_group_decorator' retrieved from /home/airflow/.local/lib/python3.8/site-packages/airflow/example_dags/example_task_group_decorator.py
[2023-12-31T05:44:02.467+0000] {logging_mixin.py:188} INFO - [2023-12-31T05:44:02.467+0000] {dag.py:3033} INFO - Sync 1 DAGs
[2023-12-31T05:44:02.500+0000] {logging_mixin.py:188} INFO - [2023-12-31T05:44:02.499+0000] {dag.py:3820} INFO - Setting next_dagrun for example_task_group_decorator to 2023-12-30T00:00:00+00:00, run_after=2023-12-31T00:00:00+00:00
[2023-12-31T05:44:02.533+0000] {processor.py:183} INFO - Processing /home/airflow/.local/lib/python3.8/site-packages/airflow/example_dags/example_task_group_decorator.py took 0.145 seconds
[2023-12-31T05:44:34.280+0000] {processor.py:161} INFO - Started process (PID=2147) to work on /home/airflow/.local/lib/python3.8/site-packages/airflow/example_dags/example_task_group_decorator.py
[2023-12-31T05:44:34.283+0000] {processor.py:830} INFO - Processing file /home/airflow/.local/lib/python3.8/site-packages/airflow/example_dags/example_task_group_decorator.py for tasks to queue
[2023-12-31T05:44:34.286+0000] {logging_mixin.py:188} INFO - [2023-12-31T05:44:34.286+0000] {dagbag.py:538} INFO - Filling up the DagBag from /home/airflow/.local/lib/python3.8/site-packages/airflow/example_dags/example_task_group_decorator.py
[2023-12-31T05:44:34.336+0000] {processor.py:840} INFO - DAG(s) 'example_task_group_decorator' retrieved from /home/airflow/.local/lib/python3.8/site-packages/airflow/example_dags/example_task_group_decorator.py
[2023-12-31T05:44:34.392+0000] {logging_mixin.py:188} INFO - [2023-12-31T05:44:34.392+0000] {dag.py:3033} INFO - Sync 1 DAGs
[2023-12-31T05:44:34.449+0000] {logging_mixin.py:188} INFO - [2023-12-31T05:44:34.449+0000] {dag.py:3820} INFO - Setting next_dagrun for example_task_group_decorator to 2023-12-30T00:00:00+00:00, run_after=2023-12-31T00:00:00+00:00
[2023-12-31T05:44:34.522+0000] {processor.py:183} INFO - Processing /home/airflow/.local/lib/python3.8/site-packages/airflow/example_dags/example_task_group_decorator.py took 0.249 seconds
[2023-12-31T05:45:36.318+0000] {processor.py:161} INFO - Started process (PID=2218) to work on /home/airflow/.local/lib/python3.8/site-packages/airflow/example_dags/example_task_group_decorator.py
[2023-12-31T05:45:36.361+0000] {processor.py:830} INFO - Processing file /home/airflow/.local/lib/python3.8/site-packages/airflow/example_dags/example_task_group_decorator.py for tasks to queue
[2023-12-31T05:45:36.363+0000] {logging_mixin.py:188} INFO - [2023-12-31T05:45:36.362+0000] {dagbag.py:538} INFO - Filling up the DagBag from /home/airflow/.local/lib/python3.8/site-packages/airflow/example_dags/example_task_group_decorator.py
[2023-12-31T05:45:36.432+0000] {processor.py:840} INFO - DAG(s) 'example_task_group_decorator' retrieved from /home/airflow/.local/lib/python3.8/site-packages/airflow/example_dags/example_task_group_decorator.py
[2023-12-31T05:45:36.727+0000] {logging_mixin.py:188} INFO - [2023-12-31T05:45:36.726+0000] {dag.py:3033} INFO - Sync 1 DAGs
[2023-12-31T05:45:36.762+0000] {logging_mixin.py:188} INFO - [2023-12-31T05:45:36.762+0000] {dag.py:3820} INFO - Setting next_dagrun for example_task_group_decorator to 2023-12-30T00:00:00+00:00, run_after=2023-12-31T00:00:00+00:00
[2023-12-31T05:45:36.845+0000] {processor.py:183} INFO - Processing /home/airflow/.local/lib/python3.8/site-packages/airflow/example_dags/example_task_group_decorator.py took 0.533 seconds
[2023-12-31T05:46:07.285+0000] {processor.py:161} INFO - Started process (PID=2274) to work on /home/airflow/.local/lib/python3.8/site-packages/airflow/example_dags/example_task_group_decorator.py
[2023-12-31T05:46:07.296+0000] {processor.py:830} INFO - Processing file /home/airflow/.local/lib/python3.8/site-packages/airflow/example_dags/example_task_group_decorator.py for tasks to queue
[2023-12-31T05:46:07.304+0000] {logging_mixin.py:188} INFO - [2023-12-31T05:46:07.303+0000] {dagbag.py:538} INFO - Filling up the DagBag from /home/airflow/.local/lib/python3.8/site-packages/airflow/example_dags/example_task_group_decorator.py
[2023-12-31T05:46:07.406+0000] {processor.py:840} INFO - DAG(s) 'example_task_group_decorator' retrieved from /home/airflow/.local/lib/python3.8/site-packages/airflow/example_dags/example_task_group_decorator.py
[2023-12-31T05:46:07.530+0000] {logging_mixin.py:188} INFO - [2023-12-31T05:46:07.529+0000] {dag.py:3033} INFO - Sync 1 DAGs
[2023-12-31T05:46:08.032+0000] {logging_mixin.py:188} INFO - [2023-12-31T05:46:08.032+0000] {dag.py:3820} INFO - Setting next_dagrun for example_task_group_decorator to 2023-12-30T00:00:00+00:00, run_after=2023-12-31T00:00:00+00:00
[2023-12-31T05:46:08.124+0000] {processor.py:183} INFO - Processing /home/airflow/.local/lib/python3.8/site-packages/airflow/example_dags/example_task_group_decorator.py took 0.856 seconds
[2023-12-31T05:46:38.897+0000] {processor.py:161} INFO - Started process (PID=2331) to work on /home/airflow/.local/lib/python3.8/site-packages/airflow/example_dags/example_task_group_decorator.py
[2023-12-31T05:46:38.899+0000] {processor.py:830} INFO - Processing file /home/airflow/.local/lib/python3.8/site-packages/airflow/example_dags/example_task_group_decorator.py for tasks to queue
[2023-12-31T05:46:38.901+0000] {logging_mixin.py:188} INFO - [2023-12-31T05:46:38.900+0000] {dagbag.py:538} INFO - Filling up the DagBag from /home/airflow/.local/lib/python3.8/site-packages/airflow/example_dags/example_task_group_decorator.py
[2023-12-31T05:46:38.944+0000] {processor.py:840} INFO - DAG(s) 'example_task_group_decorator' retrieved from /home/airflow/.local/lib/python3.8/site-packages/airflow/example_dags/example_task_group_decorator.py
[2023-12-31T05:46:38.993+0000] {logging_mixin.py:188} INFO - [2023-12-31T05:46:38.993+0000] {dag.py:3033} INFO - Sync 1 DAGs
[2023-12-31T05:46:39.031+0000] {logging_mixin.py:188} INFO - [2023-12-31T05:46:39.030+0000] {dag.py:3820} INFO - Setting next_dagrun for example_task_group_decorator to 2023-12-30T00:00:00+00:00, run_after=2023-12-31T00:00:00+00:00
[2023-12-31T05:46:39.239+0000] {processor.py:183} INFO - Processing /home/airflow/.local/lib/python3.8/site-packages/airflow/example_dags/example_task_group_decorator.py took 0.346 seconds
[2023-12-31T05:47:10.261+0000] {processor.py:161} INFO - Started process (PID=2387) to work on /home/airflow/.local/lib/python3.8/site-packages/airflow/example_dags/example_task_group_decorator.py
[2023-12-31T05:47:10.263+0000] {processor.py:830} INFO - Processing file /home/airflow/.local/lib/python3.8/site-packages/airflow/example_dags/example_task_group_decorator.py for tasks to queue
[2023-12-31T05:47:10.264+0000] {logging_mixin.py:188} INFO - [2023-12-31T05:47:10.264+0000] {dagbag.py:538} INFO - Filling up the DagBag from /home/airflow/.local/lib/python3.8/site-packages/airflow/example_dags/example_task_group_decorator.py
[2023-12-31T05:47:10.281+0000] {processor.py:840} INFO - DAG(s) 'example_task_group_decorator' retrieved from /home/airflow/.local/lib/python3.8/site-packages/airflow/example_dags/example_task_group_decorator.py
[2023-12-31T05:47:10.312+0000] {logging_mixin.py:188} INFO - [2023-12-31T05:47:10.312+0000] {dag.py:3033} INFO - Sync 1 DAGs
[2023-12-31T05:47:10.338+0000] {logging_mixin.py:188} INFO - [2023-12-31T05:47:10.337+0000] {dag.py:3820} INFO - Setting next_dagrun for example_task_group_decorator to 2023-12-30T00:00:00+00:00, run_after=2023-12-31T00:00:00+00:00
[2023-12-31T05:47:10.370+0000] {processor.py:183} INFO - Processing /home/airflow/.local/lib/python3.8/site-packages/airflow/example_dags/example_task_group_decorator.py took 0.112 seconds
[2023-12-31T05:47:41.127+0000] {processor.py:161} INFO - Started process (PID=2443) to work on /home/airflow/.local/lib/python3.8/site-packages/airflow/example_dags/example_task_group_decorator.py
[2023-12-31T05:47:41.129+0000] {processor.py:830} INFO - Processing file /home/airflow/.local/lib/python3.8/site-packages/airflow/example_dags/example_task_group_decorator.py for tasks to queue
[2023-12-31T05:47:41.130+0000] {logging_mixin.py:188} INFO - [2023-12-31T05:47:41.130+0000] {dagbag.py:538} INFO - Filling up the DagBag from /home/airflow/.local/lib/python3.8/site-packages/airflow/example_dags/example_task_group_decorator.py
[2023-12-31T05:47:41.150+0000] {processor.py:840} INFO - DAG(s) 'example_task_group_decorator' retrieved from /home/airflow/.local/lib/python3.8/site-packages/airflow/example_dags/example_task_group_decorator.py
[2023-12-31T05:47:41.181+0000] {logging_mixin.py:188} INFO - [2023-12-31T05:47:41.180+0000] {dag.py:3033} INFO - Sync 1 DAGs
[2023-12-31T05:47:41.208+0000] {logging_mixin.py:188} INFO - [2023-12-31T05:47:41.207+0000] {dag.py:3820} INFO - Setting next_dagrun for example_task_group_decorator to 2023-12-30T00:00:00+00:00, run_after=2023-12-31T00:00:00+00:00
[2023-12-31T05:47:41.246+0000] {processor.py:183} INFO - Processing /home/airflow/.local/lib/python3.8/site-packages/airflow/example_dags/example_task_group_decorator.py took 0.123 seconds
[2023-12-31T05:48:11.403+0000] {processor.py:161} INFO - Started process (PID=2499) to work on /home/airflow/.local/lib/python3.8/site-packages/airflow/example_dags/example_task_group_decorator.py
[2023-12-31T05:48:11.405+0000] {processor.py:830} INFO - Processing file /home/airflow/.local/lib/python3.8/site-packages/airflow/example_dags/example_task_group_decorator.py for tasks to queue
[2023-12-31T05:48:11.406+0000] {logging_mixin.py:188} INFO - [2023-12-31T05:48:11.406+0000] {dagbag.py:538} INFO - Filling up the DagBag from /home/airflow/.local/lib/python3.8/site-packages/airflow/example_dags/example_task_group_decorator.py
[2023-12-31T05:48:11.428+0000] {processor.py:840} INFO - DAG(s) 'example_task_group_decorator' retrieved from /home/airflow/.local/lib/python3.8/site-packages/airflow/example_dags/example_task_group_decorator.py
[2023-12-31T05:48:11.466+0000] {logging_mixin.py:188} INFO - [2023-12-31T05:48:11.465+0000] {dag.py:3033} INFO - Sync 1 DAGs
[2023-12-31T05:48:11.494+0000] {logging_mixin.py:188} INFO - [2023-12-31T05:48:11.493+0000] {dag.py:3820} INFO - Setting next_dagrun for example_task_group_decorator to 2023-12-30T00:00:00+00:00, run_after=2023-12-31T00:00:00+00:00
[2023-12-31T05:48:11.535+0000] {processor.py:183} INFO - Processing /home/airflow/.local/lib/python3.8/site-packages/airflow/example_dags/example_task_group_decorator.py took 0.136 seconds
[2023-12-31T05:48:42.008+0000] {processor.py:161} INFO - Started process (PID=2555) to work on /home/airflow/.local/lib/python3.8/site-packages/airflow/example_dags/example_task_group_decorator.py
[2023-12-31T05:48:42.009+0000] {processor.py:830} INFO - Processing file /home/airflow/.local/lib/python3.8/site-packages/airflow/example_dags/example_task_group_decorator.py for tasks to queue
[2023-12-31T05:48:42.010+0000] {logging_mixin.py:188} INFO - [2023-12-31T05:48:42.010+0000] {dagbag.py:538} INFO - Filling up the DagBag from /home/airflow/.local/lib/python3.8/site-packages/airflow/example_dags/example_task_group_decorator.py
[2023-12-31T05:48:42.030+0000] {processor.py:840} INFO - DAG(s) 'example_task_group_decorator' retrieved from /home/airflow/.local/lib/python3.8/site-packages/airflow/example_dags/example_task_group_decorator.py
[2023-12-31T05:48:42.069+0000] {logging_mixin.py:188} INFO - [2023-12-31T05:48:42.068+0000] {dag.py:3033} INFO - Sync 1 DAGs
[2023-12-31T05:48:42.099+0000] {logging_mixin.py:188} INFO - [2023-12-31T05:48:42.099+0000] {dag.py:3820} INFO - Setting next_dagrun for example_task_group_decorator to 2023-12-30T00:00:00+00:00, run_after=2023-12-31T00:00:00+00:00
[2023-12-31T05:48:42.136+0000] {processor.py:183} INFO - Processing /home/airflow/.local/lib/python3.8/site-packages/airflow/example_dags/example_task_group_decorator.py took 0.132 seconds
