[2023-12-31T05:24:16.294+0000] {processor.py:161} INFO - Started process (PID=107) to work on /home/airflow/.local/lib/python3.8/site-packages/airflow/example_dags/example_datasets.py
[2023-12-31T05:24:16.295+0000] {processor.py:830} INFO - Processing file /home/airflow/.local/lib/python3.8/site-packages/airflow/example_dags/example_datasets.py for tasks to queue
[2023-12-31T05:24:16.298+0000] {logging_mixin.py:188} INFO - [2023-12-31T05:24:16.298+0000] {dagbag.py:538} INFO - Filling up the DagBag from /home/airflow/.local/lib/python3.8/site-packages/airflow/example_dags/example_datasets.py
[2023-12-31T05:24:16.497+0000] {processor.py:840} INFO - DAG(s) 'dataset_consumes_1_and_2', 'dataset_produces_2', 'dataset_consumes_1', 'dataset_consumes_unknown_never_scheduled', 'dataset_produces_1', 'dataset_consumes_1_never_scheduled' retrieved from /home/airflow/.local/lib/python3.8/site-packages/airflow/example_dags/example_datasets.py
[2023-12-31T05:24:16.859+0000] {logging_mixin.py:188} INFO - [2023-12-31T05:24:16.859+0000] {dag.py:3033} INFO - Sync 6 DAGs
[2023-12-31T05:24:17.013+0000] {logging_mixin.py:188} INFO - [2023-12-31T05:24:17.013+0000] {dag.py:3820} INFO - Setting next_dagrun for dataset_consumes_1 to None, run_after=None
[2023-12-31T05:24:17.021+0000] {logging_mixin.py:188} INFO - [2023-12-31T05:24:17.021+0000] {dag.py:3820} INFO - Setting next_dagrun for dataset_consumes_1_and_2 to None, run_after=None
[2023-12-31T05:24:17.024+0000] {logging_mixin.py:188} INFO - [2023-12-31T05:24:17.024+0000] {dag.py:3820} INFO - Setting next_dagrun for dataset_consumes_1_never_scheduled to None, run_after=None
[2023-12-31T05:24:17.027+0000] {logging_mixin.py:188} INFO - [2023-12-31T05:24:17.027+0000] {dag.py:3820} INFO - Setting next_dagrun for dataset_consumes_unknown_never_scheduled to None, run_after=None
[2023-12-31T05:24:17.034+0000] {logging_mixin.py:188} INFO - [2023-12-31T05:24:17.034+0000] {dag.py:3820} INFO - Setting next_dagrun for dataset_produces_1 to 2023-12-30T00:00:00+00:00, run_after=2023-12-31T00:00:00+00:00
[2023-12-31T05:24:17.037+0000] {logging_mixin.py:188} INFO - [2023-12-31T05:24:17.037+0000] {dag.py:3820} INFO - Setting next_dagrun for dataset_produces_2 to None, run_after=None
[2023-12-31T05:24:18.138+0000] {processor.py:183} INFO - Processing /home/airflow/.local/lib/python3.8/site-packages/airflow/example_dags/example_datasets.py took 1.848 seconds
[2023-12-31T05:24:56.259+0000] {processor.py:161} INFO - Started process (PID=163) to work on /home/airflow/.local/lib/python3.8/site-packages/airflow/example_dags/example_datasets.py
[2023-12-31T05:24:56.262+0000] {processor.py:830} INFO - Processing file /home/airflow/.local/lib/python3.8/site-packages/airflow/example_dags/example_datasets.py for tasks to queue
[2023-12-31T05:24:56.267+0000] {logging_mixin.py:188} INFO - [2023-12-31T05:24:56.266+0000] {dagbag.py:538} INFO - Filling up the DagBag from /home/airflow/.local/lib/python3.8/site-packages/airflow/example_dags/example_datasets.py
[2023-12-31T05:24:56.302+0000] {processor.py:840} INFO - DAG(s) 'dataset_consumes_unknown_never_scheduled', 'dataset_consumes_1_never_scheduled', 'dataset_produces_2', 'dataset_consumes_1_and_2', 'dataset_consumes_1', 'dataset_produces_1' retrieved from /home/airflow/.local/lib/python3.8/site-packages/airflow/example_dags/example_datasets.py
[2023-12-31T05:24:56.436+0000] {logging_mixin.py:188} INFO - [2023-12-31T05:24:56.436+0000] {dag.py:3033} INFO - Sync 6 DAGs
[2023-12-31T05:24:56.496+0000] {logging_mixin.py:188} INFO - [2023-12-31T05:24:56.496+0000] {dag.py:3820} INFO - Setting next_dagrun for dataset_consumes_1 to None, run_after=None
[2023-12-31T05:24:56.505+0000] {logging_mixin.py:188} INFO - [2023-12-31T05:24:56.504+0000] {dag.py:3820} INFO - Setting next_dagrun for dataset_consumes_1_and_2 to None, run_after=None
[2023-12-31T05:24:56.508+0000] {logging_mixin.py:188} INFO - [2023-12-31T05:24:56.508+0000] {dag.py:3820} INFO - Setting next_dagrun for dataset_consumes_1_never_scheduled to None, run_after=None
[2023-12-31T05:24:56.511+0000] {logging_mixin.py:188} INFO - [2023-12-31T05:24:56.510+0000] {dag.py:3820} INFO - Setting next_dagrun for dataset_consumes_unknown_never_scheduled to None, run_after=None
[2023-12-31T05:24:56.517+0000] {logging_mixin.py:188} INFO - [2023-12-31T05:24:56.517+0000] {dag.py:3820} INFO - Setting next_dagrun for dataset_produces_1 to 2023-12-30T00:00:00+00:00, run_after=2023-12-31T00:00:00+00:00
[2023-12-31T05:24:56.521+0000] {logging_mixin.py:188} INFO - [2023-12-31T05:24:56.520+0000] {dag.py:3820} INFO - Setting next_dagrun for dataset_produces_2 to None, run_after=None
[2023-12-31T05:24:56.634+0000] {processor.py:183} INFO - Processing /home/airflow/.local/lib/python3.8/site-packages/airflow/example_dags/example_datasets.py took 0.384 seconds
[2023-12-31T05:25:33.510+0000] {processor.py:161} INFO - Started process (PID=218) to work on /home/airflow/.local/lib/python3.8/site-packages/airflow/example_dags/example_datasets.py
[2023-12-31T05:25:33.511+0000] {processor.py:830} INFO - Processing file /home/airflow/.local/lib/python3.8/site-packages/airflow/example_dags/example_datasets.py for tasks to queue
[2023-12-31T05:25:33.516+0000] {logging_mixin.py:188} INFO - [2023-12-31T05:25:33.515+0000] {dagbag.py:538} INFO - Filling up the DagBag from /home/airflow/.local/lib/python3.8/site-packages/airflow/example_dags/example_datasets.py
[2023-12-31T05:25:33.538+0000] {processor.py:840} INFO - DAG(s) 'dataset_produces_1', 'dataset_consumes_1_never_scheduled', 'dataset_consumes_1_and_2', 'dataset_consumes_1', 'dataset_produces_2', 'dataset_consumes_unknown_never_scheduled' retrieved from /home/airflow/.local/lib/python3.8/site-packages/airflow/example_dags/example_datasets.py
[2023-12-31T05:25:33.625+0000] {logging_mixin.py:188} INFO - [2023-12-31T05:25:33.625+0000] {dag.py:3033} INFO - Sync 6 DAGs
[2023-12-31T05:25:33.890+0000] {logging_mixin.py:188} INFO - [2023-12-31T05:25:33.889+0000] {dag.py:3820} INFO - Setting next_dagrun for dataset_consumes_1 to None, run_after=None
[2023-12-31T05:25:33.969+0000] {logging_mixin.py:188} INFO - [2023-12-31T05:25:33.969+0000] {dag.py:3820} INFO - Setting next_dagrun for dataset_consumes_1_and_2 to None, run_after=None
[2023-12-31T05:25:33.972+0000] {logging_mixin.py:188} INFO - [2023-12-31T05:25:33.972+0000] {dag.py:3820} INFO - Setting next_dagrun for dataset_consumes_1_never_scheduled to None, run_after=None
[2023-12-31T05:25:33.975+0000] {logging_mixin.py:188} INFO - [2023-12-31T05:25:33.975+0000] {dag.py:3820} INFO - Setting next_dagrun for dataset_consumes_unknown_never_scheduled to None, run_after=None
[2023-12-31T05:25:34.003+0000] {logging_mixin.py:188} INFO - [2023-12-31T05:25:34.003+0000] {dag.py:3820} INFO - Setting next_dagrun for dataset_produces_1 to 2023-12-30T00:00:00+00:00, run_after=2023-12-31T00:00:00+00:00
[2023-12-31T05:25:34.006+0000] {logging_mixin.py:188} INFO - [2023-12-31T05:25:34.006+0000] {dag.py:3820} INFO - Setting next_dagrun for dataset_produces_2 to None, run_after=None
[2023-12-31T05:25:34.317+0000] {processor.py:183} INFO - Processing /home/airflow/.local/lib/python3.8/site-packages/airflow/example_dags/example_datasets.py took 0.814 seconds
[2023-12-31T05:26:23.352+0000] {processor.py:161} INFO - Started process (PID=269) to work on /home/airflow/.local/lib/python3.8/site-packages/airflow/example_dags/example_datasets.py
[2023-12-31T05:26:23.354+0000] {processor.py:830} INFO - Processing file /home/airflow/.local/lib/python3.8/site-packages/airflow/example_dags/example_datasets.py for tasks to queue
[2023-12-31T05:26:23.358+0000] {logging_mixin.py:188} INFO - [2023-12-31T05:26:23.358+0000] {dagbag.py:538} INFO - Filling up the DagBag from /home/airflow/.local/lib/python3.8/site-packages/airflow/example_dags/example_datasets.py
[2023-12-31T05:26:23.392+0000] {processor.py:840} INFO - DAG(s) 'dataset_consumes_1_never_scheduled', 'dataset_produces_2', 'dataset_consumes_1', 'dataset_produces_1', 'dataset_consumes_unknown_never_scheduled', 'dataset_consumes_1_and_2' retrieved from /home/airflow/.local/lib/python3.8/site-packages/airflow/example_dags/example_datasets.py
[2023-12-31T05:26:23.478+0000] {logging_mixin.py:188} INFO - [2023-12-31T05:26:23.478+0000] {dag.py:3033} INFO - Sync 6 DAGs
[2023-12-31T05:26:23.552+0000] {logging_mixin.py:188} INFO - [2023-12-31T05:26:23.552+0000] {dag.py:3820} INFO - Setting next_dagrun for dataset_consumes_1 to None, run_after=None
[2023-12-31T05:26:23.560+0000] {logging_mixin.py:188} INFO - [2023-12-31T05:26:23.560+0000] {dag.py:3820} INFO - Setting next_dagrun for dataset_consumes_1_and_2 to None, run_after=None
[2023-12-31T05:26:23.563+0000] {logging_mixin.py:188} INFO - [2023-12-31T05:26:23.563+0000] {dag.py:3820} INFO - Setting next_dagrun for dataset_consumes_1_never_scheduled to None, run_after=None
[2023-12-31T05:26:23.566+0000] {logging_mixin.py:188} INFO - [2023-12-31T05:26:23.565+0000] {dag.py:3820} INFO - Setting next_dagrun for dataset_consumes_unknown_never_scheduled to None, run_after=None
[2023-12-31T05:26:23.570+0000] {logging_mixin.py:188} INFO - [2023-12-31T05:26:23.570+0000] {dag.py:3820} INFO - Setting next_dagrun for dataset_produces_1 to 2023-12-30T00:00:00+00:00, run_after=2023-12-31T00:00:00+00:00
[2023-12-31T05:26:23.573+0000] {logging_mixin.py:188} INFO - [2023-12-31T05:26:23.573+0000] {dag.py:3820} INFO - Setting next_dagrun for dataset_produces_2 to None, run_after=None
[2023-12-31T05:26:23.690+0000] {processor.py:183} INFO - Processing /home/airflow/.local/lib/python3.8/site-packages/airflow/example_dags/example_datasets.py took 0.343 seconds
[2023-12-31T05:26:54.311+0000] {processor.py:161} INFO - Started process (PID=325) to work on /home/airflow/.local/lib/python3.8/site-packages/airflow/example_dags/example_datasets.py
[2023-12-31T05:26:54.313+0000] {processor.py:830} INFO - Processing file /home/airflow/.local/lib/python3.8/site-packages/airflow/example_dags/example_datasets.py for tasks to queue
[2023-12-31T05:26:54.318+0000] {logging_mixin.py:188} INFO - [2023-12-31T05:26:54.318+0000] {dagbag.py:538} INFO - Filling up the DagBag from /home/airflow/.local/lib/python3.8/site-packages/airflow/example_dags/example_datasets.py
[2023-12-31T05:26:54.336+0000] {processor.py:840} INFO - DAG(s) 'dataset_consumes_1_and_2', 'dataset_consumes_unknown_never_scheduled', 'dataset_produces_2', 'dataset_produces_1', 'dataset_consumes_1', 'dataset_consumes_1_never_scheduled' retrieved from /home/airflow/.local/lib/python3.8/site-packages/airflow/example_dags/example_datasets.py
[2023-12-31T05:26:54.401+0000] {logging_mixin.py:188} INFO - [2023-12-31T05:26:54.401+0000] {dag.py:3033} INFO - Sync 6 DAGs
[2023-12-31T05:26:54.444+0000] {logging_mixin.py:188} INFO - [2023-12-31T05:26:54.444+0000] {dag.py:3820} INFO - Setting next_dagrun for dataset_consumes_1 to None, run_after=None
[2023-12-31T05:26:54.450+0000] {logging_mixin.py:188} INFO - [2023-12-31T05:26:54.450+0000] {dag.py:3820} INFO - Setting next_dagrun for dataset_consumes_1_and_2 to None, run_after=None
[2023-12-31T05:26:54.453+0000] {logging_mixin.py:188} INFO - [2023-12-31T05:26:54.452+0000] {dag.py:3820} INFO - Setting next_dagrun for dataset_consumes_1_never_scheduled to None, run_after=None
[2023-12-31T05:26:54.455+0000] {logging_mixin.py:188} INFO - [2023-12-31T05:26:54.454+0000] {dag.py:3820} INFO - Setting next_dagrun for dataset_consumes_unknown_never_scheduled to None, run_after=None
[2023-12-31T05:26:54.459+0000] {logging_mixin.py:188} INFO - [2023-12-31T05:26:54.458+0000] {dag.py:3820} INFO - Setting next_dagrun for dataset_produces_1 to 2023-12-30T00:00:00+00:00, run_after=2023-12-31T00:00:00+00:00
[2023-12-31T05:26:54.463+0000] {logging_mixin.py:188} INFO - [2023-12-31T05:26:54.463+0000] {dag.py:3820} INFO - Setting next_dagrun for dataset_produces_2 to None, run_after=None
[2023-12-31T05:26:54.526+0000] {processor.py:183} INFO - Processing /home/airflow/.local/lib/python3.8/site-packages/airflow/example_dags/example_datasets.py took 0.219 seconds
[2023-12-31T05:27:26.662+0000] {processor.py:161} INFO - Started process (PID=381) to work on /home/airflow/.local/lib/python3.8/site-packages/airflow/example_dags/example_datasets.py
[2023-12-31T05:27:26.664+0000] {processor.py:830} INFO - Processing file /home/airflow/.local/lib/python3.8/site-packages/airflow/example_dags/example_datasets.py for tasks to queue
[2023-12-31T05:27:26.668+0000] {logging_mixin.py:188} INFO - [2023-12-31T05:27:26.667+0000] {dagbag.py:538} INFO - Filling up the DagBag from /home/airflow/.local/lib/python3.8/site-packages/airflow/example_dags/example_datasets.py
[2023-12-31T05:27:26.681+0000] {processor.py:840} INFO - DAG(s) 'dataset_produces_2', 'dataset_consumes_1', 'dataset_produces_1', 'dataset_consumes_1_never_scheduled', 'dataset_consumes_unknown_never_scheduled', 'dataset_consumes_1_and_2' retrieved from /home/airflow/.local/lib/python3.8/site-packages/airflow/example_dags/example_datasets.py
[2023-12-31T05:27:26.750+0000] {logging_mixin.py:188} INFO - [2023-12-31T05:27:26.750+0000] {dag.py:3033} INFO - Sync 6 DAGs
[2023-12-31T05:27:26.789+0000] {logging_mixin.py:188} INFO - [2023-12-31T05:27:26.789+0000] {dag.py:3820} INFO - Setting next_dagrun for dataset_consumes_1 to None, run_after=None
[2023-12-31T05:27:26.795+0000] {logging_mixin.py:188} INFO - [2023-12-31T05:27:26.795+0000] {dag.py:3820} INFO - Setting next_dagrun for dataset_consumes_1_and_2 to None, run_after=None
[2023-12-31T05:27:26.798+0000] {logging_mixin.py:188} INFO - [2023-12-31T05:27:26.797+0000] {dag.py:3820} INFO - Setting next_dagrun for dataset_consumes_1_never_scheduled to None, run_after=None
[2023-12-31T05:27:26.800+0000] {logging_mixin.py:188} INFO - [2023-12-31T05:27:26.800+0000] {dag.py:3820} INFO - Setting next_dagrun for dataset_consumes_unknown_never_scheduled to None, run_after=None
[2023-12-31T05:27:26.806+0000] {logging_mixin.py:188} INFO - [2023-12-31T05:27:26.806+0000] {dag.py:3820} INFO - Setting next_dagrun for dataset_produces_1 to 2023-12-30T00:00:00+00:00, run_after=2023-12-31T00:00:00+00:00
[2023-12-31T05:27:26.810+0000] {logging_mixin.py:188} INFO - [2023-12-31T05:27:26.809+0000] {dag.py:3820} INFO - Setting next_dagrun for dataset_produces_2 to None, run_after=None
[2023-12-31T05:27:26.887+0000] {processor.py:183} INFO - Processing /home/airflow/.local/lib/python3.8/site-packages/airflow/example_dags/example_datasets.py took 0.230 seconds
[2023-12-31T05:27:57.282+0000] {processor.py:161} INFO - Started process (PID=437) to work on /home/airflow/.local/lib/python3.8/site-packages/airflow/example_dags/example_datasets.py
[2023-12-31T05:27:57.284+0000] {processor.py:830} INFO - Processing file /home/airflow/.local/lib/python3.8/site-packages/airflow/example_dags/example_datasets.py for tasks to queue
[2023-12-31T05:27:57.287+0000] {logging_mixin.py:188} INFO - [2023-12-31T05:27:57.287+0000] {dagbag.py:538} INFO - Filling up the DagBag from /home/airflow/.local/lib/python3.8/site-packages/airflow/example_dags/example_datasets.py
[2023-12-31T05:27:57.301+0000] {processor.py:840} INFO - DAG(s) 'dataset_consumes_unknown_never_scheduled', 'dataset_produces_1', 'dataset_consumes_1_never_scheduled', 'dataset_produces_2', 'dataset_consumes_1', 'dataset_consumes_1_and_2' retrieved from /home/airflow/.local/lib/python3.8/site-packages/airflow/example_dags/example_datasets.py
[2023-12-31T05:27:57.350+0000] {logging_mixin.py:188} INFO - [2023-12-31T05:27:57.350+0000] {dag.py:3033} INFO - Sync 6 DAGs
[2023-12-31T05:27:57.380+0000] {logging_mixin.py:188} INFO - [2023-12-31T05:27:57.380+0000] {dag.py:3820} INFO - Setting next_dagrun for dataset_consumes_1 to None, run_after=None
[2023-12-31T05:27:57.385+0000] {logging_mixin.py:188} INFO - [2023-12-31T05:27:57.384+0000] {dag.py:3820} INFO - Setting next_dagrun for dataset_consumes_1_and_2 to None, run_after=None
[2023-12-31T05:27:57.387+0000] {logging_mixin.py:188} INFO - [2023-12-31T05:27:57.387+0000] {dag.py:3820} INFO - Setting next_dagrun for dataset_consumes_1_never_scheduled to None, run_after=None
[2023-12-31T05:27:57.389+0000] {logging_mixin.py:188} INFO - [2023-12-31T05:27:57.389+0000] {dag.py:3820} INFO - Setting next_dagrun for dataset_consumes_unknown_never_scheduled to None, run_after=None
[2023-12-31T05:27:57.392+0000] {logging_mixin.py:188} INFO - [2023-12-31T05:27:57.392+0000] {dag.py:3820} INFO - Setting next_dagrun for dataset_produces_1 to 2023-12-30T00:00:00+00:00, run_after=2023-12-31T00:00:00+00:00
[2023-12-31T05:27:57.395+0000] {logging_mixin.py:188} INFO - [2023-12-31T05:27:57.394+0000] {dag.py:3820} INFO - Setting next_dagrun for dataset_produces_2 to None, run_after=None
[2023-12-31T05:27:57.446+0000] {processor.py:183} INFO - Processing /home/airflow/.local/lib/python3.8/site-packages/airflow/example_dags/example_datasets.py took 0.168 seconds
[2023-12-31T05:28:28.032+0000] {processor.py:161} INFO - Started process (PID=493) to work on /home/airflow/.local/lib/python3.8/site-packages/airflow/example_dags/example_datasets.py
[2023-12-31T05:28:28.034+0000] {processor.py:830} INFO - Processing file /home/airflow/.local/lib/python3.8/site-packages/airflow/example_dags/example_datasets.py for tasks to queue
[2023-12-31T05:28:28.037+0000] {logging_mixin.py:188} INFO - [2023-12-31T05:28:28.036+0000] {dagbag.py:538} INFO - Filling up the DagBag from /home/airflow/.local/lib/python3.8/site-packages/airflow/example_dags/example_datasets.py
[2023-12-31T05:28:28.048+0000] {processor.py:840} INFO - DAG(s) 'dataset_consumes_1', 'dataset_produces_1', 'dataset_consumes_1_and_2', 'dataset_consumes_unknown_never_scheduled', 'dataset_produces_2', 'dataset_consumes_1_never_scheduled' retrieved from /home/airflow/.local/lib/python3.8/site-packages/airflow/example_dags/example_datasets.py
[2023-12-31T05:28:28.099+0000] {logging_mixin.py:188} INFO - [2023-12-31T05:28:28.099+0000] {dag.py:3033} INFO - Sync 6 DAGs
[2023-12-31T05:28:28.130+0000] {logging_mixin.py:188} INFO - [2023-12-31T05:28:28.130+0000] {dag.py:3820} INFO - Setting next_dagrun for dataset_consumes_1 to None, run_after=None
[2023-12-31T05:28:28.135+0000] {logging_mixin.py:188} INFO - [2023-12-31T05:28:28.135+0000] {dag.py:3820} INFO - Setting next_dagrun for dataset_consumes_1_and_2 to None, run_after=None
[2023-12-31T05:28:28.138+0000] {logging_mixin.py:188} INFO - [2023-12-31T05:28:28.137+0000] {dag.py:3820} INFO - Setting next_dagrun for dataset_consumes_1_never_scheduled to None, run_after=None
[2023-12-31T05:28:28.140+0000] {logging_mixin.py:188} INFO - [2023-12-31T05:28:28.139+0000] {dag.py:3820} INFO - Setting next_dagrun for dataset_consumes_unknown_never_scheduled to None, run_after=None
[2023-12-31T05:28:28.144+0000] {logging_mixin.py:188} INFO - [2023-12-31T05:28:28.144+0000] {dag.py:3820} INFO - Setting next_dagrun for dataset_produces_1 to 2023-12-30T00:00:00+00:00, run_after=2023-12-31T00:00:00+00:00
[2023-12-31T05:28:28.147+0000] {logging_mixin.py:188} INFO - [2023-12-31T05:28:28.146+0000] {dag.py:3820} INFO - Setting next_dagrun for dataset_produces_2 to None, run_after=None
[2023-12-31T05:28:28.202+0000] {processor.py:183} INFO - Processing /home/airflow/.local/lib/python3.8/site-packages/airflow/example_dags/example_datasets.py took 0.173 seconds
[2023-12-31T05:28:58.508+0000] {processor.py:161} INFO - Started process (PID=549) to work on /home/airflow/.local/lib/python3.8/site-packages/airflow/example_dags/example_datasets.py
[2023-12-31T05:28:58.509+0000] {processor.py:830} INFO - Processing file /home/airflow/.local/lib/python3.8/site-packages/airflow/example_dags/example_datasets.py for tasks to queue
[2023-12-31T05:28:58.512+0000] {logging_mixin.py:188} INFO - [2023-12-31T05:28:58.512+0000] {dagbag.py:538} INFO - Filling up the DagBag from /home/airflow/.local/lib/python3.8/site-packages/airflow/example_dags/example_datasets.py
[2023-12-31T05:28:58.534+0000] {processor.py:840} INFO - DAG(s) 'dataset_consumes_1_never_scheduled', 'dataset_produces_2', 'dataset_consumes_1_and_2', 'dataset_produces_1', 'dataset_consumes_unknown_never_scheduled', 'dataset_consumes_1' retrieved from /home/airflow/.local/lib/python3.8/site-packages/airflow/example_dags/example_datasets.py
[2023-12-31T05:28:58.615+0000] {logging_mixin.py:188} INFO - [2023-12-31T05:28:58.615+0000] {dag.py:3033} INFO - Sync 6 DAGs
[2023-12-31T05:28:58.671+0000] {logging_mixin.py:188} INFO - [2023-12-31T05:28:58.670+0000] {dag.py:3820} INFO - Setting next_dagrun for dataset_consumes_1 to None, run_after=None
[2023-12-31T05:28:58.676+0000] {logging_mixin.py:188} INFO - [2023-12-31T05:28:58.676+0000] {dag.py:3820} INFO - Setting next_dagrun for dataset_consumes_1_and_2 to None, run_after=None
[2023-12-31T05:28:58.678+0000] {logging_mixin.py:188} INFO - [2023-12-31T05:28:58.678+0000] {dag.py:3820} INFO - Setting next_dagrun for dataset_consumes_1_never_scheduled to None, run_after=None
[2023-12-31T05:28:58.680+0000] {logging_mixin.py:188} INFO - [2023-12-31T05:28:58.680+0000] {dag.py:3820} INFO - Setting next_dagrun for dataset_consumes_unknown_never_scheduled to None, run_after=None
[2023-12-31T05:28:58.684+0000] {logging_mixin.py:188} INFO - [2023-12-31T05:28:58.684+0000] {dag.py:3820} INFO - Setting next_dagrun for dataset_produces_1 to 2023-12-30T00:00:00+00:00, run_after=2023-12-31T00:00:00+00:00
[2023-12-31T05:28:58.688+0000] {logging_mixin.py:188} INFO - [2023-12-31T05:28:58.687+0000] {dag.py:3820} INFO - Setting next_dagrun for dataset_produces_2 to None, run_after=None
[2023-12-31T05:28:58.739+0000] {processor.py:183} INFO - Processing /home/airflow/.local/lib/python3.8/site-packages/airflow/example_dags/example_datasets.py took 0.237 seconds
[2023-12-31T05:29:29.741+0000] {processor.py:161} INFO - Started process (PID=605) to work on /home/airflow/.local/lib/python3.8/site-packages/airflow/example_dags/example_datasets.py
[2023-12-31T05:29:29.744+0000] {processor.py:830} INFO - Processing file /home/airflow/.local/lib/python3.8/site-packages/airflow/example_dags/example_datasets.py for tasks to queue
[2023-12-31T05:29:29.748+0000] {logging_mixin.py:188} INFO - [2023-12-31T05:29:29.748+0000] {dagbag.py:538} INFO - Filling up the DagBag from /home/airflow/.local/lib/python3.8/site-packages/airflow/example_dags/example_datasets.py
[2023-12-31T05:29:29.772+0000] {processor.py:840} INFO - DAG(s) 'dataset_consumes_1', 'dataset_consumes_1_and_2', 'dataset_produces_2', 'dataset_produces_1', 'dataset_consumes_unknown_never_scheduled', 'dataset_consumes_1_never_scheduled' retrieved from /home/airflow/.local/lib/python3.8/site-packages/airflow/example_dags/example_datasets.py
[2023-12-31T05:29:29.834+0000] {logging_mixin.py:188} INFO - [2023-12-31T05:29:29.834+0000] {dag.py:3033} INFO - Sync 6 DAGs
[2023-12-31T05:29:29.874+0000] {logging_mixin.py:188} INFO - [2023-12-31T05:29:29.873+0000] {dag.py:3820} INFO - Setting next_dagrun for dataset_consumes_1 to None, run_after=None
[2023-12-31T05:29:29.880+0000] {logging_mixin.py:188} INFO - [2023-12-31T05:29:29.880+0000] {dag.py:3820} INFO - Setting next_dagrun for dataset_consumes_1_and_2 to None, run_after=None
[2023-12-31T05:29:29.882+0000] {logging_mixin.py:188} INFO - [2023-12-31T05:29:29.882+0000] {dag.py:3820} INFO - Setting next_dagrun for dataset_consumes_1_never_scheduled to None, run_after=None
[2023-12-31T05:29:29.885+0000] {logging_mixin.py:188} INFO - [2023-12-31T05:29:29.884+0000] {dag.py:3820} INFO - Setting next_dagrun for dataset_consumes_unknown_never_scheduled to None, run_after=None
[2023-12-31T05:29:29.889+0000] {logging_mixin.py:188} INFO - [2023-12-31T05:29:29.889+0000] {dag.py:3820} INFO - Setting next_dagrun for dataset_produces_1 to 2023-12-30T00:00:00+00:00, run_after=2023-12-31T00:00:00+00:00
[2023-12-31T05:29:29.893+0000] {logging_mixin.py:188} INFO - [2023-12-31T05:29:29.892+0000] {dag.py:3820} INFO - Setting next_dagrun for dataset_produces_2 to None, run_after=None
[2023-12-31T05:29:29.966+0000] {processor.py:183} INFO - Processing /home/airflow/.local/lib/python3.8/site-packages/airflow/example_dags/example_datasets.py took 0.233 seconds
[2023-12-31T05:30:06.660+0000] {processor.py:161} INFO - Started process (PID=661) to work on /home/airflow/.local/lib/python3.8/site-packages/airflow/example_dags/example_datasets.py
[2023-12-31T05:30:06.662+0000] {processor.py:830} INFO - Processing file /home/airflow/.local/lib/python3.8/site-packages/airflow/example_dags/example_datasets.py for tasks to queue
[2023-12-31T05:30:06.667+0000] {logging_mixin.py:188} INFO - [2023-12-31T05:30:06.666+0000] {dagbag.py:538} INFO - Filling up the DagBag from /home/airflow/.local/lib/python3.8/site-packages/airflow/example_dags/example_datasets.py
[2023-12-31T05:30:06.684+0000] {processor.py:840} INFO - DAG(s) 'dataset_consumes_1_never_scheduled', 'dataset_produces_1', 'dataset_consumes_unknown_never_scheduled', 'dataset_consumes_1_and_2', 'dataset_produces_2', 'dataset_consumes_1' retrieved from /home/airflow/.local/lib/python3.8/site-packages/airflow/example_dags/example_datasets.py
[2023-12-31T05:30:06.741+0000] {logging_mixin.py:188} INFO - [2023-12-31T05:30:06.741+0000] {dag.py:3033} INFO - Sync 6 DAGs
[2023-12-31T05:30:06.779+0000] {logging_mixin.py:188} INFO - [2023-12-31T05:30:06.778+0000] {dag.py:3820} INFO - Setting next_dagrun for dataset_consumes_1 to None, run_after=None
[2023-12-31T05:30:06.785+0000] {logging_mixin.py:188} INFO - [2023-12-31T05:30:06.785+0000] {dag.py:3820} INFO - Setting next_dagrun for dataset_consumes_1_and_2 to None, run_after=None
[2023-12-31T05:30:06.787+0000] {logging_mixin.py:188} INFO - [2023-12-31T05:30:06.787+0000] {dag.py:3820} INFO - Setting next_dagrun for dataset_consumes_1_never_scheduled to None, run_after=None
[2023-12-31T05:30:06.790+0000] {logging_mixin.py:188} INFO - [2023-12-31T05:30:06.789+0000] {dag.py:3820} INFO - Setting next_dagrun for dataset_consumes_unknown_never_scheduled to None, run_after=None
[2023-12-31T05:30:06.794+0000] {logging_mixin.py:188} INFO - [2023-12-31T05:30:06.793+0000] {dag.py:3820} INFO - Setting next_dagrun for dataset_produces_1 to 2023-12-30T00:00:00+00:00, run_after=2023-12-31T00:00:00+00:00
[2023-12-31T05:30:06.797+0000] {logging_mixin.py:188} INFO - [2023-12-31T05:30:06.796+0000] {dag.py:3820} INFO - Setting next_dagrun for dataset_produces_2 to None, run_after=None
[2023-12-31T05:30:06.903+0000] {processor.py:183} INFO - Processing /home/airflow/.local/lib/python3.8/site-packages/airflow/example_dags/example_datasets.py took 0.249 seconds
[2023-12-31T05:30:37.843+0000] {processor.py:161} INFO - Started process (PID=717) to work on /home/airflow/.local/lib/python3.8/site-packages/airflow/example_dags/example_datasets.py
[2023-12-31T05:30:37.844+0000] {processor.py:830} INFO - Processing file /home/airflow/.local/lib/python3.8/site-packages/airflow/example_dags/example_datasets.py for tasks to queue
[2023-12-31T05:30:37.847+0000] {logging_mixin.py:188} INFO - [2023-12-31T05:30:37.846+0000] {dagbag.py:538} INFO - Filling up the DagBag from /home/airflow/.local/lib/python3.8/site-packages/airflow/example_dags/example_datasets.py
[2023-12-31T05:30:37.859+0000] {processor.py:840} INFO - DAG(s) 'dataset_consumes_1_never_scheduled', 'dataset_consumes_1', 'dataset_consumes_1_and_2', 'dataset_produces_2', 'dataset_produces_1', 'dataset_consumes_unknown_never_scheduled' retrieved from /home/airflow/.local/lib/python3.8/site-packages/airflow/example_dags/example_datasets.py
[2023-12-31T05:30:37.903+0000] {logging_mixin.py:188} INFO - [2023-12-31T05:30:37.903+0000] {dag.py:3033} INFO - Sync 6 DAGs
[2023-12-31T05:30:37.942+0000] {logging_mixin.py:188} INFO - [2023-12-31T05:30:37.941+0000] {dag.py:3820} INFO - Setting next_dagrun for dataset_consumes_1 to None, run_after=None
[2023-12-31T05:30:37.946+0000] {logging_mixin.py:188} INFO - [2023-12-31T05:30:37.946+0000] {dag.py:3820} INFO - Setting next_dagrun for dataset_consumes_1_and_2 to None, run_after=None
[2023-12-31T05:30:37.949+0000] {logging_mixin.py:188} INFO - [2023-12-31T05:30:37.949+0000] {dag.py:3820} INFO - Setting next_dagrun for dataset_consumes_1_never_scheduled to None, run_after=None
[2023-12-31T05:30:37.951+0000] {logging_mixin.py:188} INFO - [2023-12-31T05:30:37.951+0000] {dag.py:3820} INFO - Setting next_dagrun for dataset_consumes_unknown_never_scheduled to None, run_after=None
[2023-12-31T05:30:37.955+0000] {logging_mixin.py:188} INFO - [2023-12-31T05:30:37.954+0000] {dag.py:3820} INFO - Setting next_dagrun for dataset_produces_1 to 2023-12-30T00:00:00+00:00, run_after=2023-12-31T00:00:00+00:00
[2023-12-31T05:30:37.957+0000] {logging_mixin.py:188} INFO - [2023-12-31T05:30:37.957+0000] {dag.py:3820} INFO - Setting next_dagrun for dataset_produces_2 to None, run_after=None
[2023-12-31T05:30:38.009+0000] {processor.py:183} INFO - Processing /home/airflow/.local/lib/python3.8/site-packages/airflow/example_dags/example_datasets.py took 0.171 seconds
[2023-12-31T05:31:08.654+0000] {processor.py:161} INFO - Started process (PID=773) to work on /home/airflow/.local/lib/python3.8/site-packages/airflow/example_dags/example_datasets.py
[2023-12-31T05:31:08.655+0000] {processor.py:830} INFO - Processing file /home/airflow/.local/lib/python3.8/site-packages/airflow/example_dags/example_datasets.py for tasks to queue
[2023-12-31T05:31:08.658+0000] {logging_mixin.py:188} INFO - [2023-12-31T05:31:08.657+0000] {dagbag.py:538} INFO - Filling up the DagBag from /home/airflow/.local/lib/python3.8/site-packages/airflow/example_dags/example_datasets.py
[2023-12-31T05:31:08.668+0000] {processor.py:840} INFO - DAG(s) 'dataset_produces_1', 'dataset_consumes_1_and_2', 'dataset_consumes_1_never_scheduled', 'dataset_produces_2', 'dataset_consumes_1', 'dataset_consumes_unknown_never_scheduled' retrieved from /home/airflow/.local/lib/python3.8/site-packages/airflow/example_dags/example_datasets.py
[2023-12-31T05:31:08.715+0000] {logging_mixin.py:188} INFO - [2023-12-31T05:31:08.715+0000] {dag.py:3033} INFO - Sync 6 DAGs
[2023-12-31T05:31:08.743+0000] {logging_mixin.py:188} INFO - [2023-12-31T05:31:08.743+0000] {dag.py:3820} INFO - Setting next_dagrun for dataset_consumes_1 to None, run_after=None
[2023-12-31T05:31:08.748+0000] {logging_mixin.py:188} INFO - [2023-12-31T05:31:08.748+0000] {dag.py:3820} INFO - Setting next_dagrun for dataset_consumes_1_and_2 to None, run_after=None
[2023-12-31T05:31:08.750+0000] {logging_mixin.py:188} INFO - [2023-12-31T05:31:08.750+0000] {dag.py:3820} INFO - Setting next_dagrun for dataset_consumes_1_never_scheduled to None, run_after=None
[2023-12-31T05:31:08.752+0000] {logging_mixin.py:188} INFO - [2023-12-31T05:31:08.752+0000] {dag.py:3820} INFO - Setting next_dagrun for dataset_consumes_unknown_never_scheduled to None, run_after=None
[2023-12-31T05:31:08.756+0000] {logging_mixin.py:188} INFO - [2023-12-31T05:31:08.756+0000] {dag.py:3820} INFO - Setting next_dagrun for dataset_produces_1 to 2023-12-30T00:00:00+00:00, run_after=2023-12-31T00:00:00+00:00
[2023-12-31T05:31:08.759+0000] {logging_mixin.py:188} INFO - [2023-12-31T05:31:08.758+0000] {dag.py:3820} INFO - Setting next_dagrun for dataset_produces_2 to None, run_after=None
[2023-12-31T05:31:08.805+0000] {processor.py:183} INFO - Processing /home/airflow/.local/lib/python3.8/site-packages/airflow/example_dags/example_datasets.py took 0.155 seconds
[2023-12-31T05:31:39.065+0000] {processor.py:161} INFO - Started process (PID=829) to work on /home/airflow/.local/lib/python3.8/site-packages/airflow/example_dags/example_datasets.py
[2023-12-31T05:31:39.066+0000] {processor.py:830} INFO - Processing file /home/airflow/.local/lib/python3.8/site-packages/airflow/example_dags/example_datasets.py for tasks to queue
[2023-12-31T05:31:39.069+0000] {logging_mixin.py:188} INFO - [2023-12-31T05:31:39.069+0000] {dagbag.py:538} INFO - Filling up the DagBag from /home/airflow/.local/lib/python3.8/site-packages/airflow/example_dags/example_datasets.py
[2023-12-31T05:31:39.081+0000] {processor.py:840} INFO - DAG(s) 'dataset_produces_2', 'dataset_consumes_1_and_2', 'dataset_consumes_1_never_scheduled', 'dataset_produces_1', 'dataset_consumes_unknown_never_scheduled', 'dataset_consumes_1' retrieved from /home/airflow/.local/lib/python3.8/site-packages/airflow/example_dags/example_datasets.py
[2023-12-31T05:31:39.126+0000] {logging_mixin.py:188} INFO - [2023-12-31T05:31:39.126+0000] {dag.py:3033} INFO - Sync 6 DAGs
[2023-12-31T05:31:39.155+0000] {logging_mixin.py:188} INFO - [2023-12-31T05:31:39.154+0000] {dag.py:3820} INFO - Setting next_dagrun for dataset_consumes_1 to None, run_after=None
[2023-12-31T05:31:39.159+0000] {logging_mixin.py:188} INFO - [2023-12-31T05:31:39.159+0000] {dag.py:3820} INFO - Setting next_dagrun for dataset_consumes_1_and_2 to None, run_after=None
[2023-12-31T05:31:39.161+0000] {logging_mixin.py:188} INFO - [2023-12-31T05:31:39.161+0000] {dag.py:3820} INFO - Setting next_dagrun for dataset_consumes_1_never_scheduled to None, run_after=None
[2023-12-31T05:31:39.164+0000] {logging_mixin.py:188} INFO - [2023-12-31T05:31:39.163+0000] {dag.py:3820} INFO - Setting next_dagrun for dataset_consumes_unknown_never_scheduled to None, run_after=None
[2023-12-31T05:31:39.167+0000] {logging_mixin.py:188} INFO - [2023-12-31T05:31:39.167+0000] {dag.py:3820} INFO - Setting next_dagrun for dataset_produces_1 to 2023-12-30T00:00:00+00:00, run_after=2023-12-31T00:00:00+00:00
[2023-12-31T05:31:39.170+0000] {logging_mixin.py:188} INFO - [2023-12-31T05:31:39.170+0000] {dag.py:3820} INFO - Setting next_dagrun for dataset_produces_2 to None, run_after=None
[2023-12-31T05:31:39.220+0000] {processor.py:183} INFO - Processing /home/airflow/.local/lib/python3.8/site-packages/airflow/example_dags/example_datasets.py took 0.158 seconds
[2023-12-31T05:32:09.786+0000] {processor.py:161} INFO - Started process (PID=885) to work on /home/airflow/.local/lib/python3.8/site-packages/airflow/example_dags/example_datasets.py
[2023-12-31T05:32:09.788+0000] {processor.py:830} INFO - Processing file /home/airflow/.local/lib/python3.8/site-packages/airflow/example_dags/example_datasets.py for tasks to queue
[2023-12-31T05:32:09.792+0000] {logging_mixin.py:188} INFO - [2023-12-31T05:32:09.791+0000] {dagbag.py:538} INFO - Filling up the DagBag from /home/airflow/.local/lib/python3.8/site-packages/airflow/example_dags/example_datasets.py
[2023-12-31T05:32:09.807+0000] {processor.py:840} INFO - DAG(s) 'dataset_consumes_unknown_never_scheduled', 'dataset_produces_2', 'dataset_consumes_1_never_scheduled', 'dataset_produces_1', 'dataset_consumes_1_and_2', 'dataset_consumes_1' retrieved from /home/airflow/.local/lib/python3.8/site-packages/airflow/example_dags/example_datasets.py
[2023-12-31T05:32:09.883+0000] {logging_mixin.py:188} INFO - [2023-12-31T05:32:09.883+0000] {dag.py:3033} INFO - Sync 6 DAGs
[2023-12-31T05:32:09.937+0000] {logging_mixin.py:188} INFO - [2023-12-31T05:32:09.937+0000] {dag.py:3820} INFO - Setting next_dagrun for dataset_consumes_1 to None, run_after=None
[2023-12-31T05:32:09.943+0000] {logging_mixin.py:188} INFO - [2023-12-31T05:32:09.943+0000] {dag.py:3820} INFO - Setting next_dagrun for dataset_consumes_1_and_2 to None, run_after=None
[2023-12-31T05:32:09.946+0000] {logging_mixin.py:188} INFO - [2023-12-31T05:32:09.946+0000] {dag.py:3820} INFO - Setting next_dagrun for dataset_consumes_1_never_scheduled to None, run_after=None
[2023-12-31T05:32:09.948+0000] {logging_mixin.py:188} INFO - [2023-12-31T05:32:09.948+0000] {dag.py:3820} INFO - Setting next_dagrun for dataset_consumes_unknown_never_scheduled to None, run_after=None
[2023-12-31T05:32:09.954+0000] {logging_mixin.py:188} INFO - [2023-12-31T05:32:09.954+0000] {dag.py:3820} INFO - Setting next_dagrun for dataset_produces_1 to 2023-12-30T00:00:00+00:00, run_after=2023-12-31T00:00:00+00:00
[2023-12-31T05:32:09.959+0000] {logging_mixin.py:188} INFO - [2023-12-31T05:32:09.959+0000] {dag.py:3820} INFO - Setting next_dagrun for dataset_produces_2 to None, run_after=None
[2023-12-31T05:32:10.037+0000] {processor.py:183} INFO - Processing /home/airflow/.local/lib/python3.8/site-packages/airflow/example_dags/example_datasets.py took 0.257 seconds
[2023-12-31T05:32:41.122+0000] {processor.py:161} INFO - Started process (PID=941) to work on /home/airflow/.local/lib/python3.8/site-packages/airflow/example_dags/example_datasets.py
[2023-12-31T05:32:41.128+0000] {processor.py:830} INFO - Processing file /home/airflow/.local/lib/python3.8/site-packages/airflow/example_dags/example_datasets.py for tasks to queue
[2023-12-31T05:32:41.165+0000] {logging_mixin.py:188} INFO - [2023-12-31T05:32:41.164+0000] {dagbag.py:538} INFO - Filling up the DagBag from /home/airflow/.local/lib/python3.8/site-packages/airflow/example_dags/example_datasets.py
[2023-12-31T05:32:41.238+0000] {processor.py:840} INFO - DAG(s) 'dataset_consumes_unknown_never_scheduled', 'dataset_produces_1', 'dataset_consumes_1', 'dataset_produces_2', 'dataset_consumes_1_and_2', 'dataset_consumes_1_never_scheduled' retrieved from /home/airflow/.local/lib/python3.8/site-packages/airflow/example_dags/example_datasets.py
[2023-12-31T05:32:41.459+0000] {logging_mixin.py:188} INFO - [2023-12-31T05:32:41.458+0000] {dag.py:3033} INFO - Sync 6 DAGs
[2023-12-31T05:32:41.587+0000] {logging_mixin.py:188} INFO - [2023-12-31T05:32:41.587+0000] {dag.py:3820} INFO - Setting next_dagrun for dataset_consumes_1 to None, run_after=None
[2023-12-31T05:32:41.620+0000] {logging_mixin.py:188} INFO - [2023-12-31T05:32:41.620+0000] {dag.py:3820} INFO - Setting next_dagrun for dataset_consumes_1_and_2 to None, run_after=None
[2023-12-31T05:32:41.625+0000] {logging_mixin.py:188} INFO - [2023-12-31T05:32:41.623+0000] {dag.py:3820} INFO - Setting next_dagrun for dataset_consumes_1_never_scheduled to None, run_after=None
[2023-12-31T05:32:41.665+0000] {logging_mixin.py:188} INFO - [2023-12-31T05:32:41.665+0000] {dag.py:3820} INFO - Setting next_dagrun for dataset_consumes_unknown_never_scheduled to None, run_after=None
[2023-12-31T05:32:41.716+0000] {logging_mixin.py:188} INFO - [2023-12-31T05:32:41.716+0000] {dag.py:3820} INFO - Setting next_dagrun for dataset_produces_1 to 2023-12-30T00:00:00+00:00, run_after=2023-12-31T00:00:00+00:00
[2023-12-31T05:32:41.719+0000] {logging_mixin.py:188} INFO - [2023-12-31T05:32:41.719+0000] {dag.py:3820} INFO - Setting next_dagrun for dataset_produces_2 to None, run_after=None
[2023-12-31T05:32:42.018+0000] {processor.py:183} INFO - Processing /home/airflow/.local/lib/python3.8/site-packages/airflow/example_dags/example_datasets.py took 0.904 seconds
[2023-12-31T05:33:46.862+0000] {processor.py:161} INFO - Started process (PID=1003) to work on /home/airflow/.local/lib/python3.8/site-packages/airflow/example_dags/example_datasets.py
[2023-12-31T05:33:46.864+0000] {processor.py:830} INFO - Processing file /home/airflow/.local/lib/python3.8/site-packages/airflow/example_dags/example_datasets.py for tasks to queue
[2023-12-31T05:33:46.867+0000] {logging_mixin.py:188} INFO - [2023-12-31T05:33:46.867+0000] {dagbag.py:538} INFO - Filling up the DagBag from /home/airflow/.local/lib/python3.8/site-packages/airflow/example_dags/example_datasets.py
[2023-12-31T05:33:46.900+0000] {processor.py:840} INFO - DAG(s) 'dataset_produces_2', 'dataset_consumes_unknown_never_scheduled', 'dataset_consumes_1_and_2', 'dataset_consumes_1', 'dataset_produces_1', 'dataset_consumes_1_never_scheduled' retrieved from /home/airflow/.local/lib/python3.8/site-packages/airflow/example_dags/example_datasets.py
[2023-12-31T05:33:46.961+0000] {logging_mixin.py:188} INFO - [2023-12-31T05:33:46.961+0000] {dag.py:3033} INFO - Sync 6 DAGs
[2023-12-31T05:33:47.142+0000] {logging_mixin.py:188} INFO - [2023-12-31T05:33:47.142+0000] {dag.py:3820} INFO - Setting next_dagrun for dataset_consumes_1 to None, run_after=None
[2023-12-31T05:33:47.147+0000] {logging_mixin.py:188} INFO - [2023-12-31T05:33:47.147+0000] {dag.py:3820} INFO - Setting next_dagrun for dataset_consumes_1_and_2 to None, run_after=None
[2023-12-31T05:33:47.149+0000] {logging_mixin.py:188} INFO - [2023-12-31T05:33:47.149+0000] {dag.py:3820} INFO - Setting next_dagrun for dataset_consumes_1_never_scheduled to None, run_after=None
[2023-12-31T05:33:47.194+0000] {logging_mixin.py:188} INFO - [2023-12-31T05:33:47.194+0000] {dag.py:3820} INFO - Setting next_dagrun for dataset_consumes_unknown_never_scheduled to None, run_after=None
[2023-12-31T05:33:47.202+0000] {logging_mixin.py:188} INFO - [2023-12-31T05:33:47.202+0000] {dag.py:3820} INFO - Setting next_dagrun for dataset_produces_1 to 2023-12-30T00:00:00+00:00, run_after=2023-12-31T00:00:00+00:00
[2023-12-31T05:33:47.211+0000] {logging_mixin.py:188} INFO - [2023-12-31T05:33:47.211+0000] {dag.py:3820} INFO - Setting next_dagrun for dataset_produces_2 to None, run_after=None
[2023-12-31T05:33:47.311+0000] {processor.py:183} INFO - Processing /home/airflow/.local/lib/python3.8/site-packages/airflow/example_dags/example_datasets.py took 0.454 seconds
[2023-12-31T05:34:40.241+0000] {processor.py:161} INFO - Started process (PID=1075) to work on /home/airflow/.local/lib/python3.8/site-packages/airflow/example_dags/example_datasets.py
[2023-12-31T05:34:40.275+0000] {processor.py:830} INFO - Processing file /home/airflow/.local/lib/python3.8/site-packages/airflow/example_dags/example_datasets.py for tasks to queue
[2023-12-31T05:34:40.280+0000] {logging_mixin.py:188} INFO - [2023-12-31T05:34:40.279+0000] {dagbag.py:538} INFO - Filling up the DagBag from /home/airflow/.local/lib/python3.8/site-packages/airflow/example_dags/example_datasets.py
[2023-12-31T05:34:40.298+0000] {processor.py:840} INFO - DAG(s) 'dataset_consumes_1_never_scheduled', 'dataset_consumes_1', 'dataset_produces_1', 'dataset_consumes_1_and_2', 'dataset_produces_2', 'dataset_consumes_unknown_never_scheduled' retrieved from /home/airflow/.local/lib/python3.8/site-packages/airflow/example_dags/example_datasets.py
[2023-12-31T05:34:40.699+0000] {logging_mixin.py:188} INFO - [2023-12-31T05:34:40.698+0000] {dag.py:3033} INFO - Sync 6 DAGs
[2023-12-31T05:34:40.761+0000] {logging_mixin.py:188} INFO - [2023-12-31T05:34:40.761+0000] {dag.py:3820} INFO - Setting next_dagrun for dataset_consumes_1 to None, run_after=None
[2023-12-31T05:34:40.768+0000] {logging_mixin.py:188} INFO - [2023-12-31T05:34:40.767+0000] {dag.py:3820} INFO - Setting next_dagrun for dataset_consumes_1_and_2 to None, run_after=None
[2023-12-31T05:34:40.778+0000] {logging_mixin.py:188} INFO - [2023-12-31T05:34:40.777+0000] {dag.py:3820} INFO - Setting next_dagrun for dataset_consumes_1_never_scheduled to None, run_after=None
[2023-12-31T05:34:40.788+0000] {logging_mixin.py:188} INFO - [2023-12-31T05:34:40.787+0000] {dag.py:3820} INFO - Setting next_dagrun for dataset_consumes_unknown_never_scheduled to None, run_after=None
[2023-12-31T05:34:40.796+0000] {logging_mixin.py:188} INFO - [2023-12-31T05:34:40.796+0000] {dag.py:3820} INFO - Setting next_dagrun for dataset_produces_1 to 2023-12-30T00:00:00+00:00, run_after=2023-12-31T00:00:00+00:00
[2023-12-31T05:34:40.799+0000] {logging_mixin.py:188} INFO - [2023-12-31T05:34:40.799+0000] {dag.py:3820} INFO - Setting next_dagrun for dataset_produces_2 to None, run_after=None
[2023-12-31T05:34:40.908+0000] {processor.py:183} INFO - Processing /home/airflow/.local/lib/python3.8/site-packages/airflow/example_dags/example_datasets.py took 0.672 seconds
[2023-12-31T05:35:11.217+0000] {processor.py:161} INFO - Started process (PID=1131) to work on /home/airflow/.local/lib/python3.8/site-packages/airflow/example_dags/example_datasets.py
[2023-12-31T05:35:11.219+0000] {processor.py:830} INFO - Processing file /home/airflow/.local/lib/python3.8/site-packages/airflow/example_dags/example_datasets.py for tasks to queue
[2023-12-31T05:35:11.224+0000] {logging_mixin.py:188} INFO - [2023-12-31T05:35:11.223+0000] {dagbag.py:538} INFO - Filling up the DagBag from /home/airflow/.local/lib/python3.8/site-packages/airflow/example_dags/example_datasets.py
[2023-12-31T05:35:11.247+0000] {processor.py:840} INFO - DAG(s) 'dataset_consumes_1', 'dataset_consumes_1_and_2', 'dataset_produces_2', 'dataset_consumes_unknown_never_scheduled', 'dataset_consumes_1_never_scheduled', 'dataset_produces_1' retrieved from /home/airflow/.local/lib/python3.8/site-packages/airflow/example_dags/example_datasets.py
[2023-12-31T05:35:11.321+0000] {logging_mixin.py:188} INFO - [2023-12-31T05:35:11.321+0000] {dag.py:3033} INFO - Sync 6 DAGs
[2023-12-31T05:35:11.369+0000] {logging_mixin.py:188} INFO - [2023-12-31T05:35:11.369+0000] {dag.py:3820} INFO - Setting next_dagrun for dataset_consumes_1 to None, run_after=None
[2023-12-31T05:35:11.375+0000] {logging_mixin.py:188} INFO - [2023-12-31T05:35:11.375+0000] {dag.py:3820} INFO - Setting next_dagrun for dataset_consumes_1_and_2 to None, run_after=None
[2023-12-31T05:35:11.378+0000] {logging_mixin.py:188} INFO - [2023-12-31T05:35:11.378+0000] {dag.py:3820} INFO - Setting next_dagrun for dataset_consumes_1_never_scheduled to None, run_after=None
[2023-12-31T05:35:11.382+0000] {logging_mixin.py:188} INFO - [2023-12-31T05:35:11.382+0000] {dag.py:3820} INFO - Setting next_dagrun for dataset_consumes_unknown_never_scheduled to None, run_after=None
[2023-12-31T05:35:11.389+0000] {logging_mixin.py:188} INFO - [2023-12-31T05:35:11.388+0000] {dag.py:3820} INFO - Setting next_dagrun for dataset_produces_1 to 2023-12-30T00:00:00+00:00, run_after=2023-12-31T00:00:00+00:00
[2023-12-31T05:35:11.392+0000] {logging_mixin.py:188} INFO - [2023-12-31T05:35:11.391+0000] {dag.py:3820} INFO - Setting next_dagrun for dataset_produces_2 to None, run_after=None
[2023-12-31T05:35:11.511+0000] {processor.py:183} INFO - Processing /home/airflow/.local/lib/python3.8/site-packages/airflow/example_dags/example_datasets.py took 0.300 seconds
[2023-12-31T05:35:42.216+0000] {processor.py:161} INFO - Started process (PID=1187) to work on /home/airflow/.local/lib/python3.8/site-packages/airflow/example_dags/example_datasets.py
[2023-12-31T05:35:42.229+0000] {processor.py:830} INFO - Processing file /home/airflow/.local/lib/python3.8/site-packages/airflow/example_dags/example_datasets.py for tasks to queue
[2023-12-31T05:35:42.233+0000] {logging_mixin.py:188} INFO - [2023-12-31T05:35:42.233+0000] {dagbag.py:538} INFO - Filling up the DagBag from /home/airflow/.local/lib/python3.8/site-packages/airflow/example_dags/example_datasets.py
[2023-12-31T05:35:42.258+0000] {processor.py:840} INFO - DAG(s) 'dataset_consumes_1', 'dataset_consumes_1_and_2', 'dataset_consumes_1_never_scheduled', 'dataset_produces_2', 'dataset_produces_1', 'dataset_consumes_unknown_never_scheduled' retrieved from /home/airflow/.local/lib/python3.8/site-packages/airflow/example_dags/example_datasets.py
[2023-12-31T05:35:42.343+0000] {logging_mixin.py:188} INFO - [2023-12-31T05:35:42.342+0000] {dag.py:3033} INFO - Sync 6 DAGs
[2023-12-31T05:35:42.401+0000] {logging_mixin.py:188} INFO - [2023-12-31T05:35:42.400+0000] {dag.py:3820} INFO - Setting next_dagrun for dataset_consumes_1 to None, run_after=None
[2023-12-31T05:35:42.419+0000] {logging_mixin.py:188} INFO - [2023-12-31T05:35:42.419+0000] {dag.py:3820} INFO - Setting next_dagrun for dataset_consumes_1_and_2 to None, run_after=None
[2023-12-31T05:35:42.423+0000] {logging_mixin.py:188} INFO - [2023-12-31T05:35:42.422+0000] {dag.py:3820} INFO - Setting next_dagrun for dataset_consumes_1_never_scheduled to None, run_after=None
[2023-12-31T05:35:42.427+0000] {logging_mixin.py:188} INFO - [2023-12-31T05:35:42.427+0000] {dag.py:3820} INFO - Setting next_dagrun for dataset_consumes_unknown_never_scheduled to None, run_after=None
[2023-12-31T05:35:42.433+0000] {logging_mixin.py:188} INFO - [2023-12-31T05:35:42.432+0000] {dag.py:3820} INFO - Setting next_dagrun for dataset_produces_1 to 2023-12-30T00:00:00+00:00, run_after=2023-12-31T00:00:00+00:00
[2023-12-31T05:35:42.436+0000] {logging_mixin.py:188} INFO - [2023-12-31T05:35:42.436+0000] {dag.py:3820} INFO - Setting next_dagrun for dataset_produces_2 to None, run_after=None
[2023-12-31T05:35:42.928+0000] {processor.py:183} INFO - Processing /home/airflow/.local/lib/python3.8/site-packages/airflow/example_dags/example_datasets.py took 0.719 seconds
[2023-12-31T05:36:13.261+0000] {processor.py:161} INFO - Started process (PID=1243) to work on /home/airflow/.local/lib/python3.8/site-packages/airflow/example_dags/example_datasets.py
[2023-12-31T05:36:13.263+0000] {processor.py:830} INFO - Processing file /home/airflow/.local/lib/python3.8/site-packages/airflow/example_dags/example_datasets.py for tasks to queue
[2023-12-31T05:36:13.266+0000] {logging_mixin.py:188} INFO - [2023-12-31T05:36:13.266+0000] {dagbag.py:538} INFO - Filling up the DagBag from /home/airflow/.local/lib/python3.8/site-packages/airflow/example_dags/example_datasets.py
[2023-12-31T05:36:13.278+0000] {processor.py:840} INFO - DAG(s) 'dataset_produces_2', 'dataset_consumes_1_and_2', 'dataset_consumes_1_never_scheduled', 'dataset_produces_1', 'dataset_consumes_1', 'dataset_consumes_unknown_never_scheduled' retrieved from /home/airflow/.local/lib/python3.8/site-packages/airflow/example_dags/example_datasets.py
[2023-12-31T05:36:13.327+0000] {logging_mixin.py:188} INFO - [2023-12-31T05:36:13.327+0000] {dag.py:3033} INFO - Sync 6 DAGs
[2023-12-31T05:36:13.356+0000] {logging_mixin.py:188} INFO - [2023-12-31T05:36:13.355+0000] {dag.py:3820} INFO - Setting next_dagrun for dataset_consumes_1 to None, run_after=None
[2023-12-31T05:36:13.361+0000] {logging_mixin.py:188} INFO - [2023-12-31T05:36:13.360+0000] {dag.py:3820} INFO - Setting next_dagrun for dataset_consumes_1_and_2 to None, run_after=None
[2023-12-31T05:36:13.364+0000] {logging_mixin.py:188} INFO - [2023-12-31T05:36:13.363+0000] {dag.py:3820} INFO - Setting next_dagrun for dataset_consumes_1_never_scheduled to None, run_after=None
[2023-12-31T05:36:13.366+0000] {logging_mixin.py:188} INFO - [2023-12-31T05:36:13.365+0000] {dag.py:3820} INFO - Setting next_dagrun for dataset_consumes_unknown_never_scheduled to None, run_after=None
[2023-12-31T05:36:13.369+0000] {logging_mixin.py:188} INFO - [2023-12-31T05:36:13.369+0000] {dag.py:3820} INFO - Setting next_dagrun for dataset_produces_1 to 2023-12-30T00:00:00+00:00, run_after=2023-12-31T00:00:00+00:00
[2023-12-31T05:36:13.371+0000] {logging_mixin.py:188} INFO - [2023-12-31T05:36:13.371+0000] {dag.py:3820} INFO - Setting next_dagrun for dataset_produces_2 to None, run_after=None
[2023-12-31T05:36:13.432+0000] {processor.py:183} INFO - Processing /home/airflow/.local/lib/python3.8/site-packages/airflow/example_dags/example_datasets.py took 0.175 seconds
[2023-12-31T05:36:43.900+0000] {processor.py:161} INFO - Started process (PID=1299) to work on /home/airflow/.local/lib/python3.8/site-packages/airflow/example_dags/example_datasets.py
[2023-12-31T05:36:43.902+0000] {processor.py:830} INFO - Processing file /home/airflow/.local/lib/python3.8/site-packages/airflow/example_dags/example_datasets.py for tasks to queue
[2023-12-31T05:36:43.905+0000] {logging_mixin.py:188} INFO - [2023-12-31T05:36:43.905+0000] {dagbag.py:538} INFO - Filling up the DagBag from /home/airflow/.local/lib/python3.8/site-packages/airflow/example_dags/example_datasets.py
[2023-12-31T05:36:43.919+0000] {processor.py:840} INFO - DAG(s) 'dataset_produces_2', 'dataset_consumes_1_and_2', 'dataset_produces_1', 'dataset_consumes_1_never_scheduled', 'dataset_consumes_1', 'dataset_consumes_unknown_never_scheduled' retrieved from /home/airflow/.local/lib/python3.8/site-packages/airflow/example_dags/example_datasets.py
[2023-12-31T05:36:43.970+0000] {logging_mixin.py:188} INFO - [2023-12-31T05:36:43.970+0000] {dag.py:3033} INFO - Sync 6 DAGs
[2023-12-31T05:36:44.000+0000] {logging_mixin.py:188} INFO - [2023-12-31T05:36:44.000+0000] {dag.py:3820} INFO - Setting next_dagrun for dataset_consumes_1 to None, run_after=None
[2023-12-31T05:36:44.006+0000] {logging_mixin.py:188} INFO - [2023-12-31T05:36:44.006+0000] {dag.py:3820} INFO - Setting next_dagrun for dataset_consumes_1_and_2 to None, run_after=None
[2023-12-31T05:36:44.008+0000] {logging_mixin.py:188} INFO - [2023-12-31T05:36:44.008+0000] {dag.py:3820} INFO - Setting next_dagrun for dataset_consumes_1_never_scheduled to None, run_after=None
[2023-12-31T05:36:44.011+0000] {logging_mixin.py:188} INFO - [2023-12-31T05:36:44.010+0000] {dag.py:3820} INFO - Setting next_dagrun for dataset_consumes_unknown_never_scheduled to None, run_after=None
[2023-12-31T05:36:44.016+0000] {logging_mixin.py:188} INFO - [2023-12-31T05:36:44.016+0000] {dag.py:3820} INFO - Setting next_dagrun for dataset_produces_1 to 2023-12-30T00:00:00+00:00, run_after=2023-12-31T00:00:00+00:00
[2023-12-31T05:36:44.018+0000] {logging_mixin.py:188} INFO - [2023-12-31T05:36:44.018+0000] {dag.py:3820} INFO - Setting next_dagrun for dataset_produces_2 to None, run_after=None
[2023-12-31T05:36:44.067+0000] {processor.py:183} INFO - Processing /home/airflow/.local/lib/python3.8/site-packages/airflow/example_dags/example_datasets.py took 0.174 seconds
[2023-12-31T05:37:14.286+0000] {processor.py:161} INFO - Started process (PID=1355) to work on /home/airflow/.local/lib/python3.8/site-packages/airflow/example_dags/example_datasets.py
[2023-12-31T05:37:14.338+0000] {processor.py:830} INFO - Processing file /home/airflow/.local/lib/python3.8/site-packages/airflow/example_dags/example_datasets.py for tasks to queue
[2023-12-31T05:37:14.342+0000] {logging_mixin.py:188} INFO - [2023-12-31T05:37:14.341+0000] {dagbag.py:538} INFO - Filling up the DagBag from /home/airflow/.local/lib/python3.8/site-packages/airflow/example_dags/example_datasets.py
[2023-12-31T05:37:14.355+0000] {processor.py:840} INFO - DAG(s) 'dataset_consumes_1_and_2', 'dataset_consumes_1', 'dataset_produces_1', 'dataset_consumes_1_never_scheduled', 'dataset_produces_2', 'dataset_consumes_unknown_never_scheduled' retrieved from /home/airflow/.local/lib/python3.8/site-packages/airflow/example_dags/example_datasets.py
[2023-12-31T05:37:14.402+0000] {logging_mixin.py:188} INFO - [2023-12-31T05:37:14.402+0000] {dag.py:3033} INFO - Sync 6 DAGs
[2023-12-31T05:37:14.443+0000] {logging_mixin.py:188} INFO - [2023-12-31T05:37:14.442+0000] {dag.py:3820} INFO - Setting next_dagrun for dataset_consumes_1 to None, run_after=None
[2023-12-31T05:37:14.449+0000] {logging_mixin.py:188} INFO - [2023-12-31T05:37:14.449+0000] {dag.py:3820} INFO - Setting next_dagrun for dataset_consumes_1_and_2 to None, run_after=None
[2023-12-31T05:37:14.452+0000] {logging_mixin.py:188} INFO - [2023-12-31T05:37:14.452+0000] {dag.py:3820} INFO - Setting next_dagrun for dataset_consumes_1_never_scheduled to None, run_after=None
[2023-12-31T05:37:14.454+0000] {logging_mixin.py:188} INFO - [2023-12-31T05:37:14.454+0000] {dag.py:3820} INFO - Setting next_dagrun for dataset_consumes_unknown_never_scheduled to None, run_after=None
[2023-12-31T05:37:14.458+0000] {logging_mixin.py:188} INFO - [2023-12-31T05:37:14.458+0000] {dag.py:3820} INFO - Setting next_dagrun for dataset_produces_1 to 2023-12-30T00:00:00+00:00, run_after=2023-12-31T00:00:00+00:00
[2023-12-31T05:37:14.461+0000] {logging_mixin.py:188} INFO - [2023-12-31T05:37:14.461+0000] {dag.py:3820} INFO - Setting next_dagrun for dataset_produces_2 to None, run_after=None
[2023-12-31T05:37:14.592+0000] {processor.py:183} INFO - Processing /home/airflow/.local/lib/python3.8/site-packages/airflow/example_dags/example_datasets.py took 0.313 seconds
[2023-12-31T05:37:47.386+0000] {processor.py:161} INFO - Started process (PID=1410) to work on /home/airflow/.local/lib/python3.8/site-packages/airflow/example_dags/example_datasets.py
[2023-12-31T05:37:47.388+0000] {processor.py:830} INFO - Processing file /home/airflow/.local/lib/python3.8/site-packages/airflow/example_dags/example_datasets.py for tasks to queue
[2023-12-31T05:37:47.391+0000] {logging_mixin.py:188} INFO - [2023-12-31T05:37:47.391+0000] {dagbag.py:538} INFO - Filling up the DagBag from /home/airflow/.local/lib/python3.8/site-packages/airflow/example_dags/example_datasets.py
[2023-12-31T05:37:47.404+0000] {processor.py:840} INFO - DAG(s) 'dataset_consumes_1', 'dataset_consumes_unknown_never_scheduled', 'dataset_consumes_1_never_scheduled', 'dataset_consumes_1_and_2', 'dataset_produces_1', 'dataset_produces_2' retrieved from /home/airflow/.local/lib/python3.8/site-packages/airflow/example_dags/example_datasets.py
[2023-12-31T05:37:47.452+0000] {logging_mixin.py:188} INFO - [2023-12-31T05:37:47.452+0000] {dag.py:3033} INFO - Sync 6 DAGs
[2023-12-31T05:37:47.485+0000] {logging_mixin.py:188} INFO - [2023-12-31T05:37:47.484+0000] {dag.py:3820} INFO - Setting next_dagrun for dataset_consumes_1 to None, run_after=None
[2023-12-31T05:37:47.491+0000] {logging_mixin.py:188} INFO - [2023-12-31T05:37:47.490+0000] {dag.py:3820} INFO - Setting next_dagrun for dataset_consumes_1_and_2 to None, run_after=None
[2023-12-31T05:37:47.493+0000] {logging_mixin.py:188} INFO - [2023-12-31T05:37:47.493+0000] {dag.py:3820} INFO - Setting next_dagrun for dataset_consumes_1_never_scheduled to None, run_after=None
[2023-12-31T05:37:47.495+0000] {logging_mixin.py:188} INFO - [2023-12-31T05:37:47.495+0000] {dag.py:3820} INFO - Setting next_dagrun for dataset_consumes_unknown_never_scheduled to None, run_after=None
[2023-12-31T05:37:47.500+0000] {logging_mixin.py:188} INFO - [2023-12-31T05:37:47.500+0000] {dag.py:3820} INFO - Setting next_dagrun for dataset_produces_1 to 2023-12-30T00:00:00+00:00, run_after=2023-12-31T00:00:00+00:00
[2023-12-31T05:37:47.503+0000] {logging_mixin.py:188} INFO - [2023-12-31T05:37:47.503+0000] {dag.py:3820} INFO - Setting next_dagrun for dataset_produces_2 to None, run_after=None
[2023-12-31T05:37:47.559+0000] {processor.py:183} INFO - Processing /home/airflow/.local/lib/python3.8/site-packages/airflow/example_dags/example_datasets.py took 0.178 seconds
[2023-12-31T05:38:21.929+0000] {processor.py:161} INFO - Started process (PID=1465) to work on /home/airflow/.local/lib/python3.8/site-packages/airflow/example_dags/example_datasets.py
[2023-12-31T05:38:21.932+0000] {processor.py:830} INFO - Processing file /home/airflow/.local/lib/python3.8/site-packages/airflow/example_dags/example_datasets.py for tasks to queue
[2023-12-31T05:38:21.935+0000] {logging_mixin.py:188} INFO - [2023-12-31T05:38:21.935+0000] {dagbag.py:538} INFO - Filling up the DagBag from /home/airflow/.local/lib/python3.8/site-packages/airflow/example_dags/example_datasets.py
[2023-12-31T05:38:21.951+0000] {processor.py:840} INFO - DAG(s) 'dataset_consumes_1_never_scheduled', 'dataset_consumes_1', 'dataset_produces_1', 'dataset_consumes_1_and_2', 'dataset_consumes_unknown_never_scheduled', 'dataset_produces_2' retrieved from /home/airflow/.local/lib/python3.8/site-packages/airflow/example_dags/example_datasets.py
[2023-12-31T05:38:22.003+0000] {logging_mixin.py:188} INFO - [2023-12-31T05:38:22.003+0000] {dag.py:3033} INFO - Sync 6 DAGs
[2023-12-31T05:38:22.033+0000] {logging_mixin.py:188} INFO - [2023-12-31T05:38:22.032+0000] {dag.py:3820} INFO - Setting next_dagrun for dataset_consumes_1 to None, run_after=None
[2023-12-31T05:38:22.037+0000] {logging_mixin.py:188} INFO - [2023-12-31T05:38:22.037+0000] {dag.py:3820} INFO - Setting next_dagrun for dataset_consumes_1_and_2 to None, run_after=None
[2023-12-31T05:38:22.040+0000] {logging_mixin.py:188} INFO - [2023-12-31T05:38:22.039+0000] {dag.py:3820} INFO - Setting next_dagrun for dataset_consumes_1_never_scheduled to None, run_after=None
[2023-12-31T05:38:22.042+0000] {logging_mixin.py:188} INFO - [2023-12-31T05:38:22.042+0000] {dag.py:3820} INFO - Setting next_dagrun for dataset_consumes_unknown_never_scheduled to None, run_after=None
[2023-12-31T05:38:22.047+0000] {logging_mixin.py:188} INFO - [2023-12-31T05:38:22.047+0000] {dag.py:3820} INFO - Setting next_dagrun for dataset_produces_1 to 2023-12-30T00:00:00+00:00, run_after=2023-12-31T00:00:00+00:00
[2023-12-31T05:38:22.050+0000] {logging_mixin.py:188} INFO - [2023-12-31T05:38:22.050+0000] {dag.py:3820} INFO - Setting next_dagrun for dataset_produces_2 to None, run_after=None
[2023-12-31T05:38:22.101+0000] {processor.py:183} INFO - Processing /home/airflow/.local/lib/python3.8/site-packages/airflow/example_dags/example_datasets.py took 0.178 seconds
[2023-12-31T05:38:52.616+0000] {processor.py:161} INFO - Started process (PID=1522) to work on /home/airflow/.local/lib/python3.8/site-packages/airflow/example_dags/example_datasets.py
[2023-12-31T05:38:52.617+0000] {processor.py:830} INFO - Processing file /home/airflow/.local/lib/python3.8/site-packages/airflow/example_dags/example_datasets.py for tasks to queue
[2023-12-31T05:38:52.620+0000] {logging_mixin.py:188} INFO - [2023-12-31T05:38:52.620+0000] {dagbag.py:538} INFO - Filling up the DagBag from /home/airflow/.local/lib/python3.8/site-packages/airflow/example_dags/example_datasets.py
[2023-12-31T05:38:52.634+0000] {processor.py:840} INFO - DAG(s) 'dataset_produces_1', 'dataset_consumes_1_and_2', 'dataset_consumes_1', 'dataset_consumes_1_never_scheduled', 'dataset_produces_2', 'dataset_consumes_unknown_never_scheduled' retrieved from /home/airflow/.local/lib/python3.8/site-packages/airflow/example_dags/example_datasets.py
[2023-12-31T05:38:52.681+0000] {logging_mixin.py:188} INFO - [2023-12-31T05:38:52.681+0000] {dag.py:3033} INFO - Sync 6 DAGs
[2023-12-31T05:38:52.711+0000] {logging_mixin.py:188} INFO - [2023-12-31T05:38:52.710+0000] {dag.py:3820} INFO - Setting next_dagrun for dataset_consumes_1 to None, run_after=None
[2023-12-31T05:38:52.716+0000] {logging_mixin.py:188} INFO - [2023-12-31T05:38:52.716+0000] {dag.py:3820} INFO - Setting next_dagrun for dataset_consumes_1_and_2 to None, run_after=None
[2023-12-31T05:38:52.719+0000] {logging_mixin.py:188} INFO - [2023-12-31T05:38:52.719+0000] {dag.py:3820} INFO - Setting next_dagrun for dataset_consumes_1_never_scheduled to None, run_after=None
[2023-12-31T05:38:52.723+0000] {logging_mixin.py:188} INFO - [2023-12-31T05:38:52.722+0000] {dag.py:3820} INFO - Setting next_dagrun for dataset_consumes_unknown_never_scheduled to None, run_after=None
[2023-12-31T05:38:52.731+0000] {logging_mixin.py:188} INFO - [2023-12-31T05:38:52.730+0000] {dag.py:3820} INFO - Setting next_dagrun for dataset_produces_1 to 2023-12-30T00:00:00+00:00, run_after=2023-12-31T00:00:00+00:00
[2023-12-31T05:38:52.733+0000] {logging_mixin.py:188} INFO - [2023-12-31T05:38:52.733+0000] {dag.py:3820} INFO - Setting next_dagrun for dataset_produces_2 to None, run_after=None
[2023-12-31T05:38:52.798+0000] {processor.py:183} INFO - Processing /home/airflow/.local/lib/python3.8/site-packages/airflow/example_dags/example_datasets.py took 0.187 seconds
[2023-12-31T05:39:22.897+0000] {processor.py:161} INFO - Started process (PID=1578) to work on /home/airflow/.local/lib/python3.8/site-packages/airflow/example_dags/example_datasets.py
[2023-12-31T05:39:22.899+0000] {processor.py:830} INFO - Processing file /home/airflow/.local/lib/python3.8/site-packages/airflow/example_dags/example_datasets.py for tasks to queue
[2023-12-31T05:39:22.902+0000] {logging_mixin.py:188} INFO - [2023-12-31T05:39:22.901+0000] {dagbag.py:538} INFO - Filling up the DagBag from /home/airflow/.local/lib/python3.8/site-packages/airflow/example_dags/example_datasets.py
[2023-12-31T05:39:22.916+0000] {processor.py:840} INFO - DAG(s) 'dataset_consumes_1_never_scheduled', 'dataset_consumes_unknown_never_scheduled', 'dataset_consumes_1', 'dataset_produces_1', 'dataset_consumes_1_and_2', 'dataset_produces_2' retrieved from /home/airflow/.local/lib/python3.8/site-packages/airflow/example_dags/example_datasets.py
[2023-12-31T05:39:22.966+0000] {logging_mixin.py:188} INFO - [2023-12-31T05:39:22.965+0000] {dag.py:3033} INFO - Sync 6 DAGs
[2023-12-31T05:39:22.996+0000] {logging_mixin.py:188} INFO - [2023-12-31T05:39:22.995+0000] {dag.py:3820} INFO - Setting next_dagrun for dataset_consumes_1 to None, run_after=None
[2023-12-31T05:39:23.001+0000] {logging_mixin.py:188} INFO - [2023-12-31T05:39:23.000+0000] {dag.py:3820} INFO - Setting next_dagrun for dataset_consumes_1_and_2 to None, run_after=None
[2023-12-31T05:39:23.003+0000] {logging_mixin.py:188} INFO - [2023-12-31T05:39:23.003+0000] {dag.py:3820} INFO - Setting next_dagrun for dataset_consumes_1_never_scheduled to None, run_after=None
[2023-12-31T05:39:23.005+0000] {logging_mixin.py:188} INFO - [2023-12-31T05:39:23.005+0000] {dag.py:3820} INFO - Setting next_dagrun for dataset_consumes_unknown_never_scheduled to None, run_after=None
[2023-12-31T05:39:23.010+0000] {logging_mixin.py:188} INFO - [2023-12-31T05:39:23.010+0000] {dag.py:3820} INFO - Setting next_dagrun for dataset_produces_1 to 2023-12-30T00:00:00+00:00, run_after=2023-12-31T00:00:00+00:00
[2023-12-31T05:39:23.012+0000] {logging_mixin.py:188} INFO - [2023-12-31T05:39:23.012+0000] {dag.py:3820} INFO - Setting next_dagrun for dataset_produces_2 to None, run_after=None
[2023-12-31T05:39:23.060+0000] {processor.py:183} INFO - Processing /home/airflow/.local/lib/python3.8/site-packages/airflow/example_dags/example_datasets.py took 0.166 seconds
[2023-12-31T05:39:53.439+0000] {processor.py:161} INFO - Started process (PID=1634) to work on /home/airflow/.local/lib/python3.8/site-packages/airflow/example_dags/example_datasets.py
[2023-12-31T05:39:53.440+0000] {processor.py:830} INFO - Processing file /home/airflow/.local/lib/python3.8/site-packages/airflow/example_dags/example_datasets.py for tasks to queue
[2023-12-31T05:39:53.444+0000] {logging_mixin.py:188} INFO - [2023-12-31T05:39:53.444+0000] {dagbag.py:538} INFO - Filling up the DagBag from /home/airflow/.local/lib/python3.8/site-packages/airflow/example_dags/example_datasets.py
[2023-12-31T05:39:53.463+0000] {processor.py:840} INFO - DAG(s) 'dataset_consumes_unknown_never_scheduled', 'dataset_consumes_1', 'dataset_produces_1', 'dataset_consumes_1_and_2', 'dataset_produces_2', 'dataset_consumes_1_never_scheduled' retrieved from /home/airflow/.local/lib/python3.8/site-packages/airflow/example_dags/example_datasets.py
[2023-12-31T05:39:53.520+0000] {logging_mixin.py:188} INFO - [2023-12-31T05:39:53.520+0000] {dag.py:3033} INFO - Sync 6 DAGs
[2023-12-31T05:39:53.557+0000] {logging_mixin.py:188} INFO - [2023-12-31T05:39:53.556+0000] {dag.py:3820} INFO - Setting next_dagrun for dataset_consumes_1 to None, run_after=None
[2023-12-31T05:39:53.563+0000] {logging_mixin.py:188} INFO - [2023-12-31T05:39:53.562+0000] {dag.py:3820} INFO - Setting next_dagrun for dataset_consumes_1_and_2 to None, run_after=None
[2023-12-31T05:39:53.565+0000] {logging_mixin.py:188} INFO - [2023-12-31T05:39:53.565+0000] {dag.py:3820} INFO - Setting next_dagrun for dataset_consumes_1_never_scheduled to None, run_after=None
[2023-12-31T05:39:53.569+0000] {logging_mixin.py:188} INFO - [2023-12-31T05:39:53.569+0000] {dag.py:3820} INFO - Setting next_dagrun for dataset_consumes_unknown_never_scheduled to None, run_after=None
[2023-12-31T05:39:53.574+0000] {logging_mixin.py:188} INFO - [2023-12-31T05:39:53.573+0000] {dag.py:3820} INFO - Setting next_dagrun for dataset_produces_1 to 2023-12-30T00:00:00+00:00, run_after=2023-12-31T00:00:00+00:00
[2023-12-31T05:39:53.576+0000] {logging_mixin.py:188} INFO - [2023-12-31T05:39:53.576+0000] {dag.py:3820} INFO - Setting next_dagrun for dataset_produces_2 to None, run_after=None
[2023-12-31T05:39:53.631+0000] {processor.py:183} INFO - Processing /home/airflow/.local/lib/python3.8/site-packages/airflow/example_dags/example_datasets.py took 0.201 seconds
[2023-12-31T05:40:24.242+0000] {processor.py:161} INFO - Started process (PID=1690) to work on /home/airflow/.local/lib/python3.8/site-packages/airflow/example_dags/example_datasets.py
[2023-12-31T05:40:24.247+0000] {processor.py:830} INFO - Processing file /home/airflow/.local/lib/python3.8/site-packages/airflow/example_dags/example_datasets.py for tasks to queue
[2023-12-31T05:40:24.255+0000] {logging_mixin.py:188} INFO - [2023-12-31T05:40:24.254+0000] {dagbag.py:538} INFO - Filling up the DagBag from /home/airflow/.local/lib/python3.8/site-packages/airflow/example_dags/example_datasets.py
[2023-12-31T05:40:24.291+0000] {processor.py:840} INFO - DAG(s) 'dataset_consumes_1_never_scheduled', 'dataset_produces_1', 'dataset_consumes_unknown_never_scheduled', 'dataset_consumes_1_and_2', 'dataset_consumes_1', 'dataset_produces_2' retrieved from /home/airflow/.local/lib/python3.8/site-packages/airflow/example_dags/example_datasets.py
[2023-12-31T05:40:24.374+0000] {logging_mixin.py:188} INFO - [2023-12-31T05:40:24.374+0000] {dag.py:3033} INFO - Sync 6 DAGs
[2023-12-31T05:40:24.419+0000] {logging_mixin.py:188} INFO - [2023-12-31T05:40:24.419+0000] {dag.py:3820} INFO - Setting next_dagrun for dataset_consumes_1 to None, run_after=None
[2023-12-31T05:40:24.429+0000] {logging_mixin.py:188} INFO - [2023-12-31T05:40:24.428+0000] {dag.py:3820} INFO - Setting next_dagrun for dataset_consumes_1_and_2 to None, run_after=None
[2023-12-31T05:40:24.432+0000] {logging_mixin.py:188} INFO - [2023-12-31T05:40:24.431+0000] {dag.py:3820} INFO - Setting next_dagrun for dataset_consumes_1_never_scheduled to None, run_after=None
[2023-12-31T05:40:24.435+0000] {logging_mixin.py:188} INFO - [2023-12-31T05:40:24.434+0000] {dag.py:3820} INFO - Setting next_dagrun for dataset_consumes_unknown_never_scheduled to None, run_after=None
[2023-12-31T05:40:24.440+0000] {logging_mixin.py:188} INFO - [2023-12-31T05:40:24.439+0000] {dag.py:3820} INFO - Setting next_dagrun for dataset_produces_1 to 2023-12-30T00:00:00+00:00, run_after=2023-12-31T00:00:00+00:00
[2023-12-31T05:40:24.442+0000] {logging_mixin.py:188} INFO - [2023-12-31T05:40:24.442+0000] {dag.py:3820} INFO - Setting next_dagrun for dataset_produces_2 to None, run_after=None
[2023-12-31T05:40:24.746+0000] {processor.py:183} INFO - Processing /home/airflow/.local/lib/python3.8/site-packages/airflow/example_dags/example_datasets.py took 0.513 seconds
[2023-12-31T05:40:55.308+0000] {processor.py:161} INFO - Started process (PID=1746) to work on /home/airflow/.local/lib/python3.8/site-packages/airflow/example_dags/example_datasets.py
[2023-12-31T05:40:55.309+0000] {processor.py:830} INFO - Processing file /home/airflow/.local/lib/python3.8/site-packages/airflow/example_dags/example_datasets.py for tasks to queue
[2023-12-31T05:40:55.312+0000] {logging_mixin.py:188} INFO - [2023-12-31T05:40:55.312+0000] {dagbag.py:538} INFO - Filling up the DagBag from /home/airflow/.local/lib/python3.8/site-packages/airflow/example_dags/example_datasets.py
[2023-12-31T05:40:55.324+0000] {processor.py:840} INFO - DAG(s) 'dataset_consumes_1', 'dataset_consumes_unknown_never_scheduled', 'dataset_consumes_1_never_scheduled', 'dataset_consumes_1_and_2', 'dataset_produces_2', 'dataset_produces_1' retrieved from /home/airflow/.local/lib/python3.8/site-packages/airflow/example_dags/example_datasets.py
[2023-12-31T05:40:55.376+0000] {logging_mixin.py:188} INFO - [2023-12-31T05:40:55.376+0000] {dag.py:3033} INFO - Sync 6 DAGs
[2023-12-31T05:40:55.405+0000] {logging_mixin.py:188} INFO - [2023-12-31T05:40:55.404+0000] {dag.py:3820} INFO - Setting next_dagrun for dataset_consumes_1 to None, run_after=None
[2023-12-31T05:40:55.410+0000] {logging_mixin.py:188} INFO - [2023-12-31T05:40:55.410+0000] {dag.py:3820} INFO - Setting next_dagrun for dataset_consumes_1_and_2 to None, run_after=None
[2023-12-31T05:40:55.413+0000] {logging_mixin.py:188} INFO - [2023-12-31T05:40:55.413+0000] {dag.py:3820} INFO - Setting next_dagrun for dataset_consumes_1_never_scheduled to None, run_after=None
[2023-12-31T05:40:55.416+0000] {logging_mixin.py:188} INFO - [2023-12-31T05:40:55.416+0000] {dag.py:3820} INFO - Setting next_dagrun for dataset_consumes_unknown_never_scheduled to None, run_after=None
[2023-12-31T05:40:55.420+0000] {logging_mixin.py:188} INFO - [2023-12-31T05:40:55.420+0000] {dag.py:3820} INFO - Setting next_dagrun for dataset_produces_1 to 2023-12-30T00:00:00+00:00, run_after=2023-12-31T00:00:00+00:00
[2023-12-31T05:40:55.423+0000] {logging_mixin.py:188} INFO - [2023-12-31T05:40:55.422+0000] {dag.py:3820} INFO - Setting next_dagrun for dataset_produces_2 to None, run_after=None
[2023-12-31T05:40:55.472+0000] {processor.py:183} INFO - Processing /home/airflow/.local/lib/python3.8/site-packages/airflow/example_dags/example_datasets.py took 0.171 seconds
[2023-12-31T05:41:25.613+0000] {processor.py:161} INFO - Started process (PID=1803) to work on /home/airflow/.local/lib/python3.8/site-packages/airflow/example_dags/example_datasets.py
[2023-12-31T05:41:25.615+0000] {processor.py:830} INFO - Processing file /home/airflow/.local/lib/python3.8/site-packages/airflow/example_dags/example_datasets.py for tasks to queue
[2023-12-31T05:41:25.619+0000] {logging_mixin.py:188} INFO - [2023-12-31T05:41:25.619+0000] {dagbag.py:538} INFO - Filling up the DagBag from /home/airflow/.local/lib/python3.8/site-packages/airflow/example_dags/example_datasets.py
[2023-12-31T05:41:25.637+0000] {processor.py:840} INFO - DAG(s) 'dataset_produces_2', 'dataset_produces_1', 'dataset_consumes_1_and_2', 'dataset_consumes_1', 'dataset_consumes_1_never_scheduled', 'dataset_consumes_unknown_never_scheduled' retrieved from /home/airflow/.local/lib/python3.8/site-packages/airflow/example_dags/example_datasets.py
[2023-12-31T05:41:25.703+0000] {logging_mixin.py:188} INFO - [2023-12-31T05:41:25.702+0000] {dag.py:3033} INFO - Sync 6 DAGs
[2023-12-31T05:41:25.750+0000] {logging_mixin.py:188} INFO - [2023-12-31T05:41:25.750+0000] {dag.py:3820} INFO - Setting next_dagrun for dataset_consumes_1 to None, run_after=None
[2023-12-31T05:41:25.757+0000] {logging_mixin.py:188} INFO - [2023-12-31T05:41:25.757+0000] {dag.py:3820} INFO - Setting next_dagrun for dataset_consumes_1_and_2 to None, run_after=None
[2023-12-31T05:41:25.759+0000] {logging_mixin.py:188} INFO - [2023-12-31T05:41:25.759+0000] {dag.py:3820} INFO - Setting next_dagrun for dataset_consumes_1_never_scheduled to None, run_after=None
[2023-12-31T05:41:25.762+0000] {logging_mixin.py:188} INFO - [2023-12-31T05:41:25.762+0000] {dag.py:3820} INFO - Setting next_dagrun for dataset_consumes_unknown_never_scheduled to None, run_after=None
[2023-12-31T05:41:25.767+0000] {logging_mixin.py:188} INFO - [2023-12-31T05:41:25.767+0000] {dag.py:3820} INFO - Setting next_dagrun for dataset_produces_1 to 2023-12-30T00:00:00+00:00, run_after=2023-12-31T00:00:00+00:00
[2023-12-31T05:41:25.770+0000] {logging_mixin.py:188} INFO - [2023-12-31T05:41:25.770+0000] {dag.py:3820} INFO - Setting next_dagrun for dataset_produces_2 to None, run_after=None
[2023-12-31T05:41:25.851+0000] {processor.py:183} INFO - Processing /home/airflow/.local/lib/python3.8/site-packages/airflow/example_dags/example_datasets.py took 0.244 seconds
[2023-12-31T05:41:56.236+0000] {processor.py:161} INFO - Started process (PID=1859) to work on /home/airflow/.local/lib/python3.8/site-packages/airflow/example_dags/example_datasets.py
[2023-12-31T05:41:56.242+0000] {processor.py:830} INFO - Processing file /home/airflow/.local/lib/python3.8/site-packages/airflow/example_dags/example_datasets.py for tasks to queue
[2023-12-31T05:41:56.245+0000] {logging_mixin.py:188} INFO - [2023-12-31T05:41:56.244+0000] {dagbag.py:538} INFO - Filling up the DagBag from /home/airflow/.local/lib/python3.8/site-packages/airflow/example_dags/example_datasets.py
[2023-12-31T05:41:56.255+0000] {processor.py:840} INFO - DAG(s) 'dataset_consumes_1_never_scheduled', 'dataset_consumes_1', 'dataset_consumes_unknown_never_scheduled', 'dataset_produces_2', 'dataset_consumes_1_and_2', 'dataset_produces_1' retrieved from /home/airflow/.local/lib/python3.8/site-packages/airflow/example_dags/example_datasets.py
[2023-12-31T05:41:56.311+0000] {logging_mixin.py:188} INFO - [2023-12-31T05:41:56.311+0000] {dag.py:3033} INFO - Sync 6 DAGs
[2023-12-31T05:41:56.483+0000] {logging_mixin.py:188} INFO - [2023-12-31T05:41:56.483+0000] {dag.py:3820} INFO - Setting next_dagrun for dataset_consumes_1 to None, run_after=None
[2023-12-31T05:41:56.488+0000] {logging_mixin.py:188} INFO - [2023-12-31T05:41:56.487+0000] {dag.py:3820} INFO - Setting next_dagrun for dataset_consumes_1_and_2 to None, run_after=None
[2023-12-31T05:41:56.492+0000] {logging_mixin.py:188} INFO - [2023-12-31T05:41:56.491+0000] {dag.py:3820} INFO - Setting next_dagrun for dataset_consumes_1_never_scheduled to None, run_after=None
[2023-12-31T05:41:56.497+0000] {logging_mixin.py:188} INFO - [2023-12-31T05:41:56.497+0000] {dag.py:3820} INFO - Setting next_dagrun for dataset_consumes_unknown_never_scheduled to None, run_after=None
[2023-12-31T05:41:56.503+0000] {logging_mixin.py:188} INFO - [2023-12-31T05:41:56.502+0000] {dag.py:3820} INFO - Setting next_dagrun for dataset_produces_1 to 2023-12-30T00:00:00+00:00, run_after=2023-12-31T00:00:00+00:00
[2023-12-31T05:41:56.507+0000] {logging_mixin.py:188} INFO - [2023-12-31T05:41:56.506+0000] {dag.py:3820} INFO - Setting next_dagrun for dataset_produces_2 to None, run_after=None
[2023-12-31T05:41:56.597+0000] {processor.py:183} INFO - Processing /home/airflow/.local/lib/python3.8/site-packages/airflow/example_dags/example_datasets.py took 0.365 seconds
