[2023-12-31T05:24:38.361+0000] {processor.py:161} INFO - Started process (PID=118) to work on /home/airflow/.local/lib/python3.8/site-packages/airflow/example_dags/example_python_operator.py
[2023-12-31T05:24:38.364+0000] {processor.py:830} INFO - Processing file /home/airflow/.local/lib/python3.8/site-packages/airflow/example_dags/example_python_operator.py for tasks to queue
[2023-12-31T05:24:38.378+0000] {logging_mixin.py:188} INFO - [2023-12-31T05:24:38.377+0000] {dagbag.py:538} INFO - Filling up the DagBag from /home/airflow/.local/lib/python3.8/site-packages/airflow/example_dags/example_python_operator.py
[2023-12-31T05:24:38.538+0000] {processor.py:840} INFO - DAG(s) 'example_python_operator' retrieved from /home/airflow/.local/lib/python3.8/site-packages/airflow/example_dags/example_python_operator.py
[2023-12-31T05:24:39.095+0000] {logging_mixin.py:188} INFO - [2023-12-31T05:24:39.094+0000] {dag.py:3033} INFO - Sync 1 DAGs
[2023-12-31T05:24:39.116+0000] {logging_mixin.py:188} INFO - [2023-12-31T05:24:39.115+0000] {dag.py:3820} INFO - Setting next_dagrun for example_python_operator to None, run_after=None
[2023-12-31T05:24:39.164+0000] {processor.py:183} INFO - Processing /home/airflow/.local/lib/python3.8/site-packages/airflow/example_dags/example_python_operator.py took 0.816 seconds
[2023-12-31T05:25:09.282+0000] {processor.py:161} INFO - Started process (PID=175) to work on /home/airflow/.local/lib/python3.8/site-packages/airflow/example_dags/example_python_operator.py
[2023-12-31T05:25:09.284+0000] {processor.py:830} INFO - Processing file /home/airflow/.local/lib/python3.8/site-packages/airflow/example_dags/example_python_operator.py for tasks to queue
[2023-12-31T05:25:09.287+0000] {logging_mixin.py:188} INFO - [2023-12-31T05:25:09.286+0000] {dagbag.py:538} INFO - Filling up the DagBag from /home/airflow/.local/lib/python3.8/site-packages/airflow/example_dags/example_python_operator.py
[2023-12-31T05:25:09.302+0000] {processor.py:840} INFO - DAG(s) 'example_python_operator' retrieved from /home/airflow/.local/lib/python3.8/site-packages/airflow/example_dags/example_python_operator.py
[2023-12-31T05:25:09.339+0000] {logging_mixin.py:188} INFO - [2023-12-31T05:25:09.339+0000] {dag.py:3033} INFO - Sync 1 DAGs
[2023-12-31T05:25:09.364+0000] {logging_mixin.py:188} INFO - [2023-12-31T05:25:09.364+0000] {dag.py:3820} INFO - Setting next_dagrun for example_python_operator to None, run_after=None
[2023-12-31T05:25:09.422+0000] {processor.py:183} INFO - Processing /home/airflow/.local/lib/python3.8/site-packages/airflow/example_dags/example_python_operator.py took 0.145 seconds
[2023-12-31T05:25:43.535+0000] {processor.py:161} INFO - Started process (PID=231) to work on /home/airflow/.local/lib/python3.8/site-packages/airflow/example_dags/example_python_operator.py
[2023-12-31T05:25:43.543+0000] {processor.py:830} INFO - Processing file /home/airflow/.local/lib/python3.8/site-packages/airflow/example_dags/example_python_operator.py for tasks to queue
[2023-12-31T05:25:43.547+0000] {logging_mixin.py:188} INFO - [2023-12-31T05:25:43.547+0000] {dagbag.py:538} INFO - Filling up the DagBag from /home/airflow/.local/lib/python3.8/site-packages/airflow/example_dags/example_python_operator.py
[2023-12-31T05:25:43.572+0000] {processor.py:840} INFO - DAG(s) 'example_python_operator' retrieved from /home/airflow/.local/lib/python3.8/site-packages/airflow/example_dags/example_python_operator.py
[2023-12-31T05:25:43.602+0000] {logging_mixin.py:188} INFO - [2023-12-31T05:25:43.602+0000] {dag.py:3033} INFO - Sync 1 DAGs
[2023-12-31T05:25:43.616+0000] {logging_mixin.py:188} INFO - [2023-12-31T05:25:43.616+0000] {dag.py:3820} INFO - Setting next_dagrun for example_python_operator to None, run_after=None
[2023-12-31T05:25:43.824+0000] {processor.py:183} INFO - Processing /home/airflow/.local/lib/python3.8/site-packages/airflow/example_dags/example_python_operator.py took 0.293 seconds
[2023-12-31T05:26:27.130+0000] {processor.py:161} INFO - Started process (PID=280) to work on /home/airflow/.local/lib/python3.8/site-packages/airflow/example_dags/example_python_operator.py
[2023-12-31T05:26:27.217+0000] {processor.py:830} INFO - Processing file /home/airflow/.local/lib/python3.8/site-packages/airflow/example_dags/example_python_operator.py for tasks to queue
[2023-12-31T05:26:27.220+0000] {logging_mixin.py:188} INFO - [2023-12-31T05:26:27.220+0000] {dagbag.py:538} INFO - Filling up the DagBag from /home/airflow/.local/lib/python3.8/site-packages/airflow/example_dags/example_python_operator.py
[2023-12-31T05:26:27.233+0000] {processor.py:840} INFO - DAG(s) 'example_python_operator' retrieved from /home/airflow/.local/lib/python3.8/site-packages/airflow/example_dags/example_python_operator.py
[2023-12-31T05:26:27.263+0000] {logging_mixin.py:188} INFO - [2023-12-31T05:26:27.263+0000] {dag.py:3033} INFO - Sync 1 DAGs
[2023-12-31T05:26:27.285+0000] {logging_mixin.py:188} INFO - [2023-12-31T05:26:27.285+0000] {dag.py:3820} INFO - Setting next_dagrun for example_python_operator to None, run_after=None
[2023-12-31T05:26:27.664+0000] {processor.py:183} INFO - Processing /home/airflow/.local/lib/python3.8/site-packages/airflow/example_dags/example_python_operator.py took 0.538 seconds
[2023-12-31T05:26:58.437+0000] {processor.py:161} INFO - Started process (PID=336) to work on /home/airflow/.local/lib/python3.8/site-packages/airflow/example_dags/example_python_operator.py
[2023-12-31T05:26:58.439+0000] {processor.py:830} INFO - Processing file /home/airflow/.local/lib/python3.8/site-packages/airflow/example_dags/example_python_operator.py for tasks to queue
[2023-12-31T05:26:58.442+0000] {logging_mixin.py:188} INFO - [2023-12-31T05:26:58.442+0000] {dagbag.py:538} INFO - Filling up the DagBag from /home/airflow/.local/lib/python3.8/site-packages/airflow/example_dags/example_python_operator.py
[2023-12-31T05:26:58.457+0000] {processor.py:840} INFO - DAG(s) 'example_python_operator' retrieved from /home/airflow/.local/lib/python3.8/site-packages/airflow/example_dags/example_python_operator.py
[2023-12-31T05:26:58.487+0000] {logging_mixin.py:188} INFO - [2023-12-31T05:26:58.486+0000] {dag.py:3033} INFO - Sync 1 DAGs
[2023-12-31T05:26:58.509+0000] {logging_mixin.py:188} INFO - [2023-12-31T05:26:58.509+0000] {dag.py:3820} INFO - Setting next_dagrun for example_python_operator to None, run_after=None
[2023-12-31T05:26:58.546+0000] {processor.py:183} INFO - Processing /home/airflow/.local/lib/python3.8/site-packages/airflow/example_dags/example_python_operator.py took 0.113 seconds
[2023-12-31T05:27:28.776+0000] {processor.py:161} INFO - Started process (PID=392) to work on /home/airflow/.local/lib/python3.8/site-packages/airflow/example_dags/example_python_operator.py
[2023-12-31T05:27:28.781+0000] {processor.py:830} INFO - Processing file /home/airflow/.local/lib/python3.8/site-packages/airflow/example_dags/example_python_operator.py for tasks to queue
[2023-12-31T05:27:28.786+0000] {logging_mixin.py:188} INFO - [2023-12-31T05:27:28.785+0000] {dagbag.py:538} INFO - Filling up the DagBag from /home/airflow/.local/lib/python3.8/site-packages/airflow/example_dags/example_python_operator.py
[2023-12-31T05:27:28.817+0000] {processor.py:840} INFO - DAG(s) 'example_python_operator' retrieved from /home/airflow/.local/lib/python3.8/site-packages/airflow/example_dags/example_python_operator.py
[2023-12-31T05:27:28.883+0000] {logging_mixin.py:188} INFO - [2023-12-31T05:27:28.882+0000] {dag.py:3033} INFO - Sync 1 DAGs
[2023-12-31T05:27:28.915+0000] {logging_mixin.py:188} INFO - [2023-12-31T05:27:28.914+0000] {dag.py:3820} INFO - Setting next_dagrun for example_python_operator to None, run_after=None
[2023-12-31T05:27:28.972+0000] {processor.py:183} INFO - Processing /home/airflow/.local/lib/python3.8/site-packages/airflow/example_dags/example_python_operator.py took 0.203 seconds
[2023-12-31T05:27:59.158+0000] {processor.py:161} INFO - Started process (PID=448) to work on /home/airflow/.local/lib/python3.8/site-packages/airflow/example_dags/example_python_operator.py
[2023-12-31T05:27:59.160+0000] {processor.py:830} INFO - Processing file /home/airflow/.local/lib/python3.8/site-packages/airflow/example_dags/example_python_operator.py for tasks to queue
[2023-12-31T05:27:59.164+0000] {logging_mixin.py:188} INFO - [2023-12-31T05:27:59.163+0000] {dagbag.py:538} INFO - Filling up the DagBag from /home/airflow/.local/lib/python3.8/site-packages/airflow/example_dags/example_python_operator.py
[2023-12-31T05:27:59.188+0000] {processor.py:840} INFO - DAG(s) 'example_python_operator' retrieved from /home/airflow/.local/lib/python3.8/site-packages/airflow/example_dags/example_python_operator.py
[2023-12-31T05:27:59.224+0000] {logging_mixin.py:188} INFO - [2023-12-31T05:27:59.224+0000] {dag.py:3033} INFO - Sync 1 DAGs
[2023-12-31T05:27:59.244+0000] {logging_mixin.py:188} INFO - [2023-12-31T05:27:59.244+0000] {dag.py:3820} INFO - Setting next_dagrun for example_python_operator to None, run_after=None
[2023-12-31T05:27:59.278+0000] {processor.py:183} INFO - Processing /home/airflow/.local/lib/python3.8/site-packages/airflow/example_dags/example_python_operator.py took 0.125 seconds
[2023-12-31T05:28:29.879+0000] {processor.py:161} INFO - Started process (PID=504) to work on /home/airflow/.local/lib/python3.8/site-packages/airflow/example_dags/example_python_operator.py
[2023-12-31T05:28:29.880+0000] {processor.py:830} INFO - Processing file /home/airflow/.local/lib/python3.8/site-packages/airflow/example_dags/example_python_operator.py for tasks to queue
[2023-12-31T05:28:29.883+0000] {logging_mixin.py:188} INFO - [2023-12-31T05:28:29.882+0000] {dagbag.py:538} INFO - Filling up the DagBag from /home/airflow/.local/lib/python3.8/site-packages/airflow/example_dags/example_python_operator.py
[2023-12-31T05:28:29.897+0000] {processor.py:840} INFO - DAG(s) 'example_python_operator' retrieved from /home/airflow/.local/lib/python3.8/site-packages/airflow/example_dags/example_python_operator.py
[2023-12-31T05:28:29.924+0000] {logging_mixin.py:188} INFO - [2023-12-31T05:28:29.924+0000] {dag.py:3033} INFO - Sync 1 DAGs
[2023-12-31T05:28:29.941+0000] {logging_mixin.py:188} INFO - [2023-12-31T05:28:29.941+0000] {dag.py:3820} INFO - Setting next_dagrun for example_python_operator to None, run_after=None
[2023-12-31T05:28:29.973+0000] {processor.py:183} INFO - Processing /home/airflow/.local/lib/python3.8/site-packages/airflow/example_dags/example_python_operator.py took 0.100 seconds
[2023-12-31T05:29:00.824+0000] {processor.py:161} INFO - Started process (PID=560) to work on /home/airflow/.local/lib/python3.8/site-packages/airflow/example_dags/example_python_operator.py
[2023-12-31T05:29:00.825+0000] {processor.py:830} INFO - Processing file /home/airflow/.local/lib/python3.8/site-packages/airflow/example_dags/example_python_operator.py for tasks to queue
[2023-12-31T05:29:00.829+0000] {logging_mixin.py:188} INFO - [2023-12-31T05:29:00.828+0000] {dagbag.py:538} INFO - Filling up the DagBag from /home/airflow/.local/lib/python3.8/site-packages/airflow/example_dags/example_python_operator.py
[2023-12-31T05:29:00.845+0000] {processor.py:840} INFO - DAG(s) 'example_python_operator' retrieved from /home/airflow/.local/lib/python3.8/site-packages/airflow/example_dags/example_python_operator.py
[2023-12-31T05:29:00.872+0000] {logging_mixin.py:188} INFO - [2023-12-31T05:29:00.872+0000] {dag.py:3033} INFO - Sync 1 DAGs
[2023-12-31T05:29:00.889+0000] {logging_mixin.py:188} INFO - [2023-12-31T05:29:00.888+0000] {dag.py:3820} INFO - Setting next_dagrun for example_python_operator to None, run_after=None
[2023-12-31T05:29:00.918+0000] {processor.py:183} INFO - Processing /home/airflow/.local/lib/python3.8/site-packages/airflow/example_dags/example_python_operator.py took 0.097 seconds
[2023-12-31T05:29:32.350+0000] {processor.py:161} INFO - Started process (PID=616) to work on /home/airflow/.local/lib/python3.8/site-packages/airflow/example_dags/example_python_operator.py
[2023-12-31T05:29:32.352+0000] {processor.py:830} INFO - Processing file /home/airflow/.local/lib/python3.8/site-packages/airflow/example_dags/example_python_operator.py for tasks to queue
[2023-12-31T05:29:32.355+0000] {logging_mixin.py:188} INFO - [2023-12-31T05:29:32.355+0000] {dagbag.py:538} INFO - Filling up the DagBag from /home/airflow/.local/lib/python3.8/site-packages/airflow/example_dags/example_python_operator.py
[2023-12-31T05:29:32.373+0000] {processor.py:840} INFO - DAG(s) 'example_python_operator' retrieved from /home/airflow/.local/lib/python3.8/site-packages/airflow/example_dags/example_python_operator.py
[2023-12-31T05:29:32.410+0000] {logging_mixin.py:188} INFO - [2023-12-31T05:29:32.410+0000] {dag.py:3033} INFO - Sync 1 DAGs
[2023-12-31T05:29:32.428+0000] {logging_mixin.py:188} INFO - [2023-12-31T05:29:32.428+0000] {dag.py:3820} INFO - Setting next_dagrun for example_python_operator to None, run_after=None
[2023-12-31T05:29:32.461+0000] {processor.py:183} INFO - Processing /home/airflow/.local/lib/python3.8/site-packages/airflow/example_dags/example_python_operator.py took 0.115 seconds
[2023-12-31T05:30:09.000+0000] {processor.py:161} INFO - Started process (PID=672) to work on /home/airflow/.local/lib/python3.8/site-packages/airflow/example_dags/example_python_operator.py
[2023-12-31T05:30:09.001+0000] {processor.py:830} INFO - Processing file /home/airflow/.local/lib/python3.8/site-packages/airflow/example_dags/example_python_operator.py for tasks to queue
[2023-12-31T05:30:09.004+0000] {logging_mixin.py:188} INFO - [2023-12-31T05:30:09.004+0000] {dagbag.py:538} INFO - Filling up the DagBag from /home/airflow/.local/lib/python3.8/site-packages/airflow/example_dags/example_python_operator.py
[2023-12-31T05:30:09.016+0000] {processor.py:840} INFO - DAG(s) 'example_python_operator' retrieved from /home/airflow/.local/lib/python3.8/site-packages/airflow/example_dags/example_python_operator.py
[2023-12-31T05:30:09.042+0000] {logging_mixin.py:188} INFO - [2023-12-31T05:30:09.042+0000] {dag.py:3033} INFO - Sync 1 DAGs
[2023-12-31T05:30:09.057+0000] {logging_mixin.py:188} INFO - [2023-12-31T05:30:09.057+0000] {dag.py:3820} INFO - Setting next_dagrun for example_python_operator to None, run_after=None
[2023-12-31T05:30:09.729+0000] {processor.py:183} INFO - Processing /home/airflow/.local/lib/python3.8/site-packages/airflow/example_dags/example_python_operator.py took 0.733 seconds
[2023-12-31T05:30:39.931+0000] {processor.py:161} INFO - Started process (PID=728) to work on /home/airflow/.local/lib/python3.8/site-packages/airflow/example_dags/example_python_operator.py
[2023-12-31T05:30:39.932+0000] {processor.py:830} INFO - Processing file /home/airflow/.local/lib/python3.8/site-packages/airflow/example_dags/example_python_operator.py for tasks to queue
[2023-12-31T05:30:39.935+0000] {logging_mixin.py:188} INFO - [2023-12-31T05:30:39.935+0000] {dagbag.py:538} INFO - Filling up the DagBag from /home/airflow/.local/lib/python3.8/site-packages/airflow/example_dags/example_python_operator.py
[2023-12-31T05:30:39.946+0000] {processor.py:840} INFO - DAG(s) 'example_python_operator' retrieved from /home/airflow/.local/lib/python3.8/site-packages/airflow/example_dags/example_python_operator.py
[2023-12-31T05:30:39.970+0000] {logging_mixin.py:188} INFO - [2023-12-31T05:30:39.970+0000] {dag.py:3033} INFO - Sync 1 DAGs
[2023-12-31T05:30:39.984+0000] {logging_mixin.py:188} INFO - [2023-12-31T05:30:39.984+0000] {dag.py:3820} INFO - Setting next_dagrun for example_python_operator to None, run_after=None
[2023-12-31T05:30:40.271+0000] {processor.py:183} INFO - Processing /home/airflow/.local/lib/python3.8/site-packages/airflow/example_dags/example_python_operator.py took 0.343 seconds
[2023-12-31T05:31:10.361+0000] {processor.py:161} INFO - Started process (PID=784) to work on /home/airflow/.local/lib/python3.8/site-packages/airflow/example_dags/example_python_operator.py
[2023-12-31T05:31:10.362+0000] {processor.py:830} INFO - Processing file /home/airflow/.local/lib/python3.8/site-packages/airflow/example_dags/example_python_operator.py for tasks to queue
[2023-12-31T05:31:10.366+0000] {logging_mixin.py:188} INFO - [2023-12-31T05:31:10.365+0000] {dagbag.py:538} INFO - Filling up the DagBag from /home/airflow/.local/lib/python3.8/site-packages/airflow/example_dags/example_python_operator.py
[2023-12-31T05:31:10.381+0000] {processor.py:840} INFO - DAG(s) 'example_python_operator' retrieved from /home/airflow/.local/lib/python3.8/site-packages/airflow/example_dags/example_python_operator.py
[2023-12-31T05:31:10.408+0000] {logging_mixin.py:188} INFO - [2023-12-31T05:31:10.408+0000] {dag.py:3033} INFO - Sync 1 DAGs
[2023-12-31T05:31:10.428+0000] {logging_mixin.py:188} INFO - [2023-12-31T05:31:10.428+0000] {dag.py:3820} INFO - Setting next_dagrun for example_python_operator to None, run_after=None
[2023-12-31T05:31:10.464+0000] {processor.py:183} INFO - Processing /home/airflow/.local/lib/python3.8/site-packages/airflow/example_dags/example_python_operator.py took 0.108 seconds
[2023-12-31T05:31:40.823+0000] {processor.py:161} INFO - Started process (PID=840) to work on /home/airflow/.local/lib/python3.8/site-packages/airflow/example_dags/example_python_operator.py
[2023-12-31T05:31:40.824+0000] {processor.py:830} INFO - Processing file /home/airflow/.local/lib/python3.8/site-packages/airflow/example_dags/example_python_operator.py for tasks to queue
[2023-12-31T05:31:40.827+0000] {logging_mixin.py:188} INFO - [2023-12-31T05:31:40.827+0000] {dagbag.py:538} INFO - Filling up the DagBag from /home/airflow/.local/lib/python3.8/site-packages/airflow/example_dags/example_python_operator.py
[2023-12-31T05:31:40.849+0000] {processor.py:840} INFO - DAG(s) 'example_python_operator' retrieved from /home/airflow/.local/lib/python3.8/site-packages/airflow/example_dags/example_python_operator.py
[2023-12-31T05:31:40.882+0000] {logging_mixin.py:188} INFO - [2023-12-31T05:31:40.881+0000] {dag.py:3033} INFO - Sync 1 DAGs
[2023-12-31T05:31:40.919+0000] {logging_mixin.py:188} INFO - [2023-12-31T05:31:40.918+0000] {dag.py:3820} INFO - Setting next_dagrun for example_python_operator to None, run_after=None
[2023-12-31T05:31:40.984+0000] {processor.py:183} INFO - Processing /home/airflow/.local/lib/python3.8/site-packages/airflow/example_dags/example_python_operator.py took 0.166 seconds
[2023-12-31T05:32:11.460+0000] {processor.py:161} INFO - Started process (PID=896) to work on /home/airflow/.local/lib/python3.8/site-packages/airflow/example_dags/example_python_operator.py
[2023-12-31T05:32:11.463+0000] {processor.py:830} INFO - Processing file /home/airflow/.local/lib/python3.8/site-packages/airflow/example_dags/example_python_operator.py for tasks to queue
[2023-12-31T05:32:11.469+0000] {logging_mixin.py:188} INFO - [2023-12-31T05:32:11.468+0000] {dagbag.py:538} INFO - Filling up the DagBag from /home/airflow/.local/lib/python3.8/site-packages/airflow/example_dags/example_python_operator.py
[2023-12-31T05:32:11.506+0000] {processor.py:840} INFO - DAG(s) 'example_python_operator' retrieved from /home/airflow/.local/lib/python3.8/site-packages/airflow/example_dags/example_python_operator.py
[2023-12-31T05:32:11.571+0000] {logging_mixin.py:188} INFO - [2023-12-31T05:32:11.570+0000] {dag.py:3033} INFO - Sync 1 DAGs
[2023-12-31T05:32:11.606+0000] {logging_mixin.py:188} INFO - [2023-12-31T05:32:11.606+0000] {dag.py:3820} INFO - Setting next_dagrun for example_python_operator to None, run_after=None
[2023-12-31T05:32:11.671+0000] {processor.py:183} INFO - Processing /home/airflow/.local/lib/python3.8/site-packages/airflow/example_dags/example_python_operator.py took 0.220 seconds
[2023-12-31T05:32:45.145+0000] {processor.py:161} INFO - Started process (PID=952) to work on /home/airflow/.local/lib/python3.8/site-packages/airflow/example_dags/example_python_operator.py
[2023-12-31T05:32:45.221+0000] {processor.py:830} INFO - Processing file /home/airflow/.local/lib/python3.8/site-packages/airflow/example_dags/example_python_operator.py for tasks to queue
[2023-12-31T05:32:45.225+0000] {logging_mixin.py:188} INFO - [2023-12-31T05:32:45.225+0000] {dagbag.py:538} INFO - Filling up the DagBag from /home/airflow/.local/lib/python3.8/site-packages/airflow/example_dags/example_python_operator.py
[2023-12-31T05:32:45.244+0000] {processor.py:840} INFO - DAG(s) 'example_python_operator' retrieved from /home/airflow/.local/lib/python3.8/site-packages/airflow/example_dags/example_python_operator.py
[2023-12-31T05:32:45.401+0000] {logging_mixin.py:188} INFO - [2023-12-31T05:32:45.401+0000] {dag.py:3033} INFO - Sync 1 DAGs
[2023-12-31T05:32:45.434+0000] {logging_mixin.py:188} INFO - [2023-12-31T05:32:45.434+0000] {dag.py:3820} INFO - Setting next_dagrun for example_python_operator to None, run_after=None
[2023-12-31T05:32:45.550+0000] {processor.py:183} INFO - Processing /home/airflow/.local/lib/python3.8/site-packages/airflow/example_dags/example_python_operator.py took 0.408 seconds
[2023-12-31T05:33:49.061+0000] {processor.py:161} INFO - Started process (PID=1023) to work on /home/airflow/.local/lib/python3.8/site-packages/airflow/example_dags/example_python_operator.py
[2023-12-31T05:33:49.062+0000] {processor.py:830} INFO - Processing file /home/airflow/.local/lib/python3.8/site-packages/airflow/example_dags/example_python_operator.py for tasks to queue
[2023-12-31T05:33:49.065+0000] {logging_mixin.py:188} INFO - [2023-12-31T05:33:49.065+0000] {dagbag.py:538} INFO - Filling up the DagBag from /home/airflow/.local/lib/python3.8/site-packages/airflow/example_dags/example_python_operator.py
[2023-12-31T05:33:49.081+0000] {processor.py:840} INFO - DAG(s) 'example_python_operator' retrieved from /home/airflow/.local/lib/python3.8/site-packages/airflow/example_dags/example_python_operator.py
[2023-12-31T05:33:49.108+0000] {logging_mixin.py:188} INFO - [2023-12-31T05:33:49.108+0000] {dag.py:3033} INFO - Sync 1 DAGs
[2023-12-31T05:33:49.123+0000] {logging_mixin.py:188} INFO - [2023-12-31T05:33:49.122+0000] {dag.py:3820} INFO - Setting next_dagrun for example_python_operator to None, run_after=None
[2023-12-31T05:33:49.153+0000] {processor.py:183} INFO - Processing /home/airflow/.local/lib/python3.8/site-packages/airflow/example_dags/example_python_operator.py took 0.095 seconds
[2023-12-31T05:34:43.236+0000] {processor.py:161} INFO - Started process (PID=1086) to work on /home/airflow/.local/lib/python3.8/site-packages/airflow/example_dags/example_python_operator.py
[2023-12-31T05:34:43.325+0000] {processor.py:830} INFO - Processing file /home/airflow/.local/lib/python3.8/site-packages/airflow/example_dags/example_python_operator.py for tasks to queue
[2023-12-31T05:34:43.328+0000] {logging_mixin.py:188} INFO - [2023-12-31T05:34:43.328+0000] {dagbag.py:538} INFO - Filling up the DagBag from /home/airflow/.local/lib/python3.8/site-packages/airflow/example_dags/example_python_operator.py
[2023-12-31T05:34:43.343+0000] {processor.py:840} INFO - DAG(s) 'example_python_operator' retrieved from /home/airflow/.local/lib/python3.8/site-packages/airflow/example_dags/example_python_operator.py
[2023-12-31T05:34:43.417+0000] {logging_mixin.py:188} INFO - [2023-12-31T05:34:43.417+0000] {dag.py:3033} INFO - Sync 1 DAGs
[2023-12-31T05:34:43.433+0000] {logging_mixin.py:188} INFO - [2023-12-31T05:34:43.432+0000] {dag.py:3820} INFO - Setting next_dagrun for example_python_operator to None, run_after=None
[2023-12-31T05:34:43.542+0000] {processor.py:183} INFO - Processing /home/airflow/.local/lib/python3.8/site-packages/airflow/example_dags/example_python_operator.py took 0.309 seconds
[2023-12-31T05:35:14.180+0000] {processor.py:161} INFO - Started process (PID=1142) to work on /home/airflow/.local/lib/python3.8/site-packages/airflow/example_dags/example_python_operator.py
[2023-12-31T05:35:14.184+0000] {processor.py:830} INFO - Processing file /home/airflow/.local/lib/python3.8/site-packages/airflow/example_dags/example_python_operator.py for tasks to queue
[2023-12-31T05:35:14.194+0000] {logging_mixin.py:188} INFO - [2023-12-31T05:35:14.194+0000] {dagbag.py:538} INFO - Filling up the DagBag from /home/airflow/.local/lib/python3.8/site-packages/airflow/example_dags/example_python_operator.py
[2023-12-31T05:35:14.226+0000] {processor.py:840} INFO - DAG(s) 'example_python_operator' retrieved from /home/airflow/.local/lib/python3.8/site-packages/airflow/example_dags/example_python_operator.py
[2023-12-31T05:35:14.273+0000] {logging_mixin.py:188} INFO - [2023-12-31T05:35:14.273+0000] {dag.py:3033} INFO - Sync 1 DAGs
[2023-12-31T05:35:14.299+0000] {logging_mixin.py:188} INFO - [2023-12-31T05:35:14.298+0000] {dag.py:3820} INFO - Setting next_dagrun for example_python_operator to None, run_after=None
[2023-12-31T05:35:14.345+0000] {processor.py:183} INFO - Processing /home/airflow/.local/lib/python3.8/site-packages/airflow/example_dags/example_python_operator.py took 0.172 seconds
[2023-12-31T05:35:45.990+0000] {processor.py:161} INFO - Started process (PID=1198) to work on /home/airflow/.local/lib/python3.8/site-packages/airflow/example_dags/example_python_operator.py
[2023-12-31T05:35:45.997+0000] {processor.py:830} INFO - Processing file /home/airflow/.local/lib/python3.8/site-packages/airflow/example_dags/example_python_operator.py for tasks to queue
[2023-12-31T05:35:46.003+0000] {logging_mixin.py:188} INFO - [2023-12-31T05:35:46.002+0000] {dagbag.py:538} INFO - Filling up the DagBag from /home/airflow/.local/lib/python3.8/site-packages/airflow/example_dags/example_python_operator.py
[2023-12-31T05:35:46.048+0000] {processor.py:840} INFO - DAG(s) 'example_python_operator' retrieved from /home/airflow/.local/lib/python3.8/site-packages/airflow/example_dags/example_python_operator.py
[2023-12-31T05:35:46.130+0000] {logging_mixin.py:188} INFO - [2023-12-31T05:35:46.130+0000] {dag.py:3033} INFO - Sync 1 DAGs
[2023-12-31T05:35:46.170+0000] {logging_mixin.py:188} INFO - [2023-12-31T05:35:46.170+0000] {dag.py:3820} INFO - Setting next_dagrun for example_python_operator to None, run_after=None
[2023-12-31T05:35:46.224+0000] {processor.py:183} INFO - Processing /home/airflow/.local/lib/python3.8/site-packages/airflow/example_dags/example_python_operator.py took 0.245 seconds
[2023-12-31T05:36:16.509+0000] {processor.py:161} INFO - Started process (PID=1254) to work on /home/airflow/.local/lib/python3.8/site-packages/airflow/example_dags/example_python_operator.py
[2023-12-31T05:36:16.511+0000] {processor.py:830} INFO - Processing file /home/airflow/.local/lib/python3.8/site-packages/airflow/example_dags/example_python_operator.py for tasks to queue
[2023-12-31T05:36:16.516+0000] {logging_mixin.py:188} INFO - [2023-12-31T05:36:16.516+0000] {dagbag.py:538} INFO - Filling up the DagBag from /home/airflow/.local/lib/python3.8/site-packages/airflow/example_dags/example_python_operator.py
[2023-12-31T05:36:16.536+0000] {processor.py:840} INFO - DAG(s) 'example_python_operator' retrieved from /home/airflow/.local/lib/python3.8/site-packages/airflow/example_dags/example_python_operator.py
[2023-12-31T05:36:16.578+0000] {logging_mixin.py:188} INFO - [2023-12-31T05:36:16.578+0000] {dag.py:3033} INFO - Sync 1 DAGs
[2023-12-31T05:36:16.600+0000] {logging_mixin.py:188} INFO - [2023-12-31T05:36:16.600+0000] {dag.py:3820} INFO - Setting next_dagrun for example_python_operator to None, run_after=None
[2023-12-31T05:36:16.629+0000] {processor.py:183} INFO - Processing /home/airflow/.local/lib/python3.8/site-packages/airflow/example_dags/example_python_operator.py took 0.126 seconds
[2023-12-31T05:36:49.021+0000] {processor.py:161} INFO - Started process (PID=1310) to work on /home/airflow/.local/lib/python3.8/site-packages/airflow/example_dags/example_python_operator.py
[2023-12-31T05:36:49.025+0000] {processor.py:830} INFO - Processing file /home/airflow/.local/lib/python3.8/site-packages/airflow/example_dags/example_python_operator.py for tasks to queue
[2023-12-31T05:36:49.029+0000] {logging_mixin.py:188} INFO - [2023-12-31T05:36:49.029+0000] {dagbag.py:538} INFO - Filling up the DagBag from /home/airflow/.local/lib/python3.8/site-packages/airflow/example_dags/example_python_operator.py
[2023-12-31T05:36:49.053+0000] {processor.py:840} INFO - DAG(s) 'example_python_operator' retrieved from /home/airflow/.local/lib/python3.8/site-packages/airflow/example_dags/example_python_operator.py
[2023-12-31T05:36:49.090+0000] {logging_mixin.py:188} INFO - [2023-12-31T05:36:49.090+0000] {dag.py:3033} INFO - Sync 1 DAGs
[2023-12-31T05:36:49.150+0000] {logging_mixin.py:188} INFO - [2023-12-31T05:36:49.150+0000] {dag.py:3820} INFO - Setting next_dagrun for example_python_operator to None, run_after=None
[2023-12-31T05:36:49.386+0000] {processor.py:183} INFO - Processing /home/airflow/.local/lib/python3.8/site-packages/airflow/example_dags/example_python_operator.py took 0.371 seconds
[2023-12-31T05:37:19.545+0000] {processor.py:161} INFO - Started process (PID=1366) to work on /home/airflow/.local/lib/python3.8/site-packages/airflow/example_dags/example_python_operator.py
[2023-12-31T05:37:19.549+0000] {processor.py:830} INFO - Processing file /home/airflow/.local/lib/python3.8/site-packages/airflow/example_dags/example_python_operator.py for tasks to queue
[2023-12-31T05:37:19.552+0000] {logging_mixin.py:188} INFO - [2023-12-31T05:37:19.551+0000] {dagbag.py:538} INFO - Filling up the DagBag from /home/airflow/.local/lib/python3.8/site-packages/airflow/example_dags/example_python_operator.py
[2023-12-31T05:37:19.566+0000] {processor.py:840} INFO - DAG(s) 'example_python_operator' retrieved from /home/airflow/.local/lib/python3.8/site-packages/airflow/example_dags/example_python_operator.py
[2023-12-31T05:37:19.612+0000] {logging_mixin.py:188} INFO - [2023-12-31T05:37:19.611+0000] {dag.py:3033} INFO - Sync 1 DAGs
[2023-12-31T05:37:19.637+0000] {logging_mixin.py:188} INFO - [2023-12-31T05:37:19.636+0000] {dag.py:3820} INFO - Setting next_dagrun for example_python_operator to None, run_after=None
[2023-12-31T05:37:19.705+0000] {processor.py:183} INFO - Processing /home/airflow/.local/lib/python3.8/site-packages/airflow/example_dags/example_python_operator.py took 0.164 seconds
[2023-12-31T05:37:50.831+0000] {processor.py:161} INFO - Started process (PID=1422) to work on /home/airflow/.local/lib/python3.8/site-packages/airflow/example_dags/example_python_operator.py
[2023-12-31T05:37:50.834+0000] {processor.py:830} INFO - Processing file /home/airflow/.local/lib/python3.8/site-packages/airflow/example_dags/example_python_operator.py for tasks to queue
[2023-12-31T05:37:50.838+0000] {logging_mixin.py:188} INFO - [2023-12-31T05:37:50.838+0000] {dagbag.py:538} INFO - Filling up the DagBag from /home/airflow/.local/lib/python3.8/site-packages/airflow/example_dags/example_python_operator.py
[2023-12-31T05:37:50.862+0000] {processor.py:840} INFO - DAG(s) 'example_python_operator' retrieved from /home/airflow/.local/lib/python3.8/site-packages/airflow/example_dags/example_python_operator.py
[2023-12-31T05:37:50.922+0000] {logging_mixin.py:188} INFO - [2023-12-31T05:37:50.921+0000] {dag.py:3033} INFO - Sync 1 DAGs
[2023-12-31T05:37:50.946+0000] {logging_mixin.py:188} INFO - [2023-12-31T05:37:50.946+0000] {dag.py:3820} INFO - Setting next_dagrun for example_python_operator to None, run_after=None
[2023-12-31T05:37:51.007+0000] {processor.py:183} INFO - Processing /home/airflow/.local/lib/python3.8/site-packages/airflow/example_dags/example_python_operator.py took 0.183 seconds
[2023-12-31T05:38:23.031+0000] {processor.py:161} INFO - Started process (PID=1476) to work on /home/airflow/.local/lib/python3.8/site-packages/airflow/example_dags/example_python_operator.py
[2023-12-31T05:38:23.036+0000] {processor.py:830} INFO - Processing file /home/airflow/.local/lib/python3.8/site-packages/airflow/example_dags/example_python_operator.py for tasks to queue
[2023-12-31T05:38:23.040+0000] {logging_mixin.py:188} INFO - [2023-12-31T05:38:23.040+0000] {dagbag.py:538} INFO - Filling up the DagBag from /home/airflow/.local/lib/python3.8/site-packages/airflow/example_dags/example_python_operator.py
[2023-12-31T05:38:23.063+0000] {processor.py:840} INFO - DAG(s) 'example_python_operator' retrieved from /home/airflow/.local/lib/python3.8/site-packages/airflow/example_dags/example_python_operator.py
[2023-12-31T05:38:23.102+0000] {logging_mixin.py:188} INFO - [2023-12-31T05:38:23.101+0000] {dag.py:3033} INFO - Sync 1 DAGs
[2023-12-31T05:38:23.127+0000] {logging_mixin.py:188} INFO - [2023-12-31T05:38:23.127+0000] {dag.py:3820} INFO - Setting next_dagrun for example_python_operator to None, run_after=None
[2023-12-31T05:38:23.171+0000] {processor.py:183} INFO - Processing /home/airflow/.local/lib/python3.8/site-packages/airflow/example_dags/example_python_operator.py took 0.149 seconds
[2023-12-31T05:38:53.574+0000] {processor.py:161} INFO - Started process (PID=1533) to work on /home/airflow/.local/lib/python3.8/site-packages/airflow/example_dags/example_python_operator.py
[2023-12-31T05:38:53.575+0000] {processor.py:830} INFO - Processing file /home/airflow/.local/lib/python3.8/site-packages/airflow/example_dags/example_python_operator.py for tasks to queue
[2023-12-31T05:38:53.578+0000] {logging_mixin.py:188} INFO - [2023-12-31T05:38:53.577+0000] {dagbag.py:538} INFO - Filling up the DagBag from /home/airflow/.local/lib/python3.8/site-packages/airflow/example_dags/example_python_operator.py
[2023-12-31T05:38:53.591+0000] {processor.py:840} INFO - DAG(s) 'example_python_operator' retrieved from /home/airflow/.local/lib/python3.8/site-packages/airflow/example_dags/example_python_operator.py
[2023-12-31T05:38:53.621+0000] {logging_mixin.py:188} INFO - [2023-12-31T05:38:53.621+0000] {dag.py:3033} INFO - Sync 1 DAGs
[2023-12-31T05:38:53.637+0000] {logging_mixin.py:188} INFO - [2023-12-31T05:38:53.637+0000] {dag.py:3820} INFO - Setting next_dagrun for example_python_operator to None, run_after=None
[2023-12-31T05:38:53.674+0000] {processor.py:183} INFO - Processing /home/airflow/.local/lib/python3.8/site-packages/airflow/example_dags/example_python_operator.py took 0.104 seconds
[2023-12-31T05:39:23.770+0000] {processor.py:161} INFO - Started process (PID=1589) to work on /home/airflow/.local/lib/python3.8/site-packages/airflow/example_dags/example_python_operator.py
[2023-12-31T05:39:23.773+0000] {processor.py:830} INFO - Processing file /home/airflow/.local/lib/python3.8/site-packages/airflow/example_dags/example_python_operator.py for tasks to queue
[2023-12-31T05:39:23.778+0000] {logging_mixin.py:188} INFO - [2023-12-31T05:39:23.777+0000] {dagbag.py:538} INFO - Filling up the DagBag from /home/airflow/.local/lib/python3.8/site-packages/airflow/example_dags/example_python_operator.py
[2023-12-31T05:39:23.813+0000] {processor.py:840} INFO - DAG(s) 'example_python_operator' retrieved from /home/airflow/.local/lib/python3.8/site-packages/airflow/example_dags/example_python_operator.py
[2023-12-31T05:39:23.892+0000] {logging_mixin.py:188} INFO - [2023-12-31T05:39:23.892+0000] {dag.py:3033} INFO - Sync 1 DAGs
[2023-12-31T05:39:23.924+0000] {logging_mixin.py:188} INFO - [2023-12-31T05:39:23.923+0000] {dag.py:3820} INFO - Setting next_dagrun for example_python_operator to None, run_after=None
[2023-12-31T05:39:23.978+0000] {processor.py:183} INFO - Processing /home/airflow/.local/lib/python3.8/site-packages/airflow/example_dags/example_python_operator.py took 0.217 seconds
[2023-12-31T05:39:54.770+0000] {processor.py:161} INFO - Started process (PID=1645) to work on /home/airflow/.local/lib/python3.8/site-packages/airflow/example_dags/example_python_operator.py
[2023-12-31T05:39:54.771+0000] {processor.py:830} INFO - Processing file /home/airflow/.local/lib/python3.8/site-packages/airflow/example_dags/example_python_operator.py for tasks to queue
[2023-12-31T05:39:54.775+0000] {logging_mixin.py:188} INFO - [2023-12-31T05:39:54.775+0000] {dagbag.py:538} INFO - Filling up the DagBag from /home/airflow/.local/lib/python3.8/site-packages/airflow/example_dags/example_python_operator.py
[2023-12-31T05:39:54.790+0000] {processor.py:840} INFO - DAG(s) 'example_python_operator' retrieved from /home/airflow/.local/lib/python3.8/site-packages/airflow/example_dags/example_python_operator.py
[2023-12-31T05:39:54.826+0000] {logging_mixin.py:188} INFO - [2023-12-31T05:39:54.826+0000] {dag.py:3033} INFO - Sync 1 DAGs
[2023-12-31T05:39:54.844+0000] {logging_mixin.py:188} INFO - [2023-12-31T05:39:54.843+0000] {dag.py:3820} INFO - Setting next_dagrun for example_python_operator to None, run_after=None
[2023-12-31T05:39:54.989+0000] {processor.py:183} INFO - Processing /home/airflow/.local/lib/python3.8/site-packages/airflow/example_dags/example_python_operator.py took 0.224 seconds
[2023-12-31T05:40:25.762+0000] {processor.py:161} INFO - Started process (PID=1701) to work on /home/airflow/.local/lib/python3.8/site-packages/airflow/example_dags/example_python_operator.py
[2023-12-31T05:40:25.763+0000] {processor.py:830} INFO - Processing file /home/airflow/.local/lib/python3.8/site-packages/airflow/example_dags/example_python_operator.py for tasks to queue
[2023-12-31T05:40:25.767+0000] {logging_mixin.py:188} INFO - [2023-12-31T05:40:25.766+0000] {dagbag.py:538} INFO - Filling up the DagBag from /home/airflow/.local/lib/python3.8/site-packages/airflow/example_dags/example_python_operator.py
[2023-12-31T05:40:25.786+0000] {processor.py:840} INFO - DAG(s) 'example_python_operator' retrieved from /home/airflow/.local/lib/python3.8/site-packages/airflow/example_dags/example_python_operator.py
[2023-12-31T05:40:25.819+0000] {logging_mixin.py:188} INFO - [2023-12-31T05:40:25.819+0000] {dag.py:3033} INFO - Sync 1 DAGs
[2023-12-31T05:40:25.839+0000] {logging_mixin.py:188} INFO - [2023-12-31T05:40:25.838+0000] {dag.py:3820} INFO - Setting next_dagrun for example_python_operator to None, run_after=None
[2023-12-31T05:40:25.868+0000] {processor.py:183} INFO - Processing /home/airflow/.local/lib/python3.8/site-packages/airflow/example_dags/example_python_operator.py took 0.111 seconds
[2023-12-31T05:40:56.420+0000] {processor.py:161} INFO - Started process (PID=1757) to work on /home/airflow/.local/lib/python3.8/site-packages/airflow/example_dags/example_python_operator.py
[2023-12-31T05:40:56.421+0000] {processor.py:830} INFO - Processing file /home/airflow/.local/lib/python3.8/site-packages/airflow/example_dags/example_python_operator.py for tasks to queue
[2023-12-31T05:40:56.424+0000] {logging_mixin.py:188} INFO - [2023-12-31T05:40:56.424+0000] {dagbag.py:538} INFO - Filling up the DagBag from /home/airflow/.local/lib/python3.8/site-packages/airflow/example_dags/example_python_operator.py
[2023-12-31T05:40:56.438+0000] {processor.py:840} INFO - DAG(s) 'example_python_operator' retrieved from /home/airflow/.local/lib/python3.8/site-packages/airflow/example_dags/example_python_operator.py
[2023-12-31T05:40:56.466+0000] {logging_mixin.py:188} INFO - [2023-12-31T05:40:56.466+0000] {dag.py:3033} INFO - Sync 1 DAGs
[2023-12-31T05:40:56.482+0000] {logging_mixin.py:188} INFO - [2023-12-31T05:40:56.482+0000] {dag.py:3820} INFO - Setting next_dagrun for example_python_operator to None, run_after=None
[2023-12-31T05:40:56.521+0000] {processor.py:183} INFO - Processing /home/airflow/.local/lib/python3.8/site-packages/airflow/example_dags/example_python_operator.py took 0.105 seconds
[2023-12-31T05:41:26.816+0000] {processor.py:161} INFO - Started process (PID=1814) to work on /home/airflow/.local/lib/python3.8/site-packages/airflow/example_dags/example_python_operator.py
[2023-12-31T05:41:26.818+0000] {processor.py:830} INFO - Processing file /home/airflow/.local/lib/python3.8/site-packages/airflow/example_dags/example_python_operator.py for tasks to queue
[2023-12-31T05:41:26.821+0000] {logging_mixin.py:188} INFO - [2023-12-31T05:41:26.821+0000] {dagbag.py:538} INFO - Filling up the DagBag from /home/airflow/.local/lib/python3.8/site-packages/airflow/example_dags/example_python_operator.py
[2023-12-31T05:41:26.837+0000] {processor.py:840} INFO - DAG(s) 'example_python_operator' retrieved from /home/airflow/.local/lib/python3.8/site-packages/airflow/example_dags/example_python_operator.py
[2023-12-31T05:41:26.875+0000] {logging_mixin.py:188} INFO - [2023-12-31T05:41:26.875+0000] {dag.py:3033} INFO - Sync 1 DAGs
[2023-12-31T05:41:26.919+0000] {logging_mixin.py:188} INFO - [2023-12-31T05:41:26.919+0000] {dag.py:3820} INFO - Setting next_dagrun for example_python_operator to None, run_after=None
[2023-12-31T05:41:26.973+0000] {processor.py:183} INFO - Processing /home/airflow/.local/lib/python3.8/site-packages/airflow/example_dags/example_python_operator.py took 0.163 seconds
[2023-12-31T05:41:58.341+0000] {processor.py:161} INFO - Started process (PID=1870) to work on /home/airflow/.local/lib/python3.8/site-packages/airflow/example_dags/example_python_operator.py
[2023-12-31T05:41:58.383+0000] {processor.py:830} INFO - Processing file /home/airflow/.local/lib/python3.8/site-packages/airflow/example_dags/example_python_operator.py for tasks to queue
[2023-12-31T05:41:58.386+0000] {logging_mixin.py:188} INFO - [2023-12-31T05:41:58.386+0000] {dagbag.py:538} INFO - Filling up the DagBag from /home/airflow/.local/lib/python3.8/site-packages/airflow/example_dags/example_python_operator.py
[2023-12-31T05:41:58.401+0000] {processor.py:840} INFO - DAG(s) 'example_python_operator' retrieved from /home/airflow/.local/lib/python3.8/site-packages/airflow/example_dags/example_python_operator.py
[2023-12-31T05:41:58.463+0000] {logging_mixin.py:188} INFO - [2023-12-31T05:41:58.463+0000] {dag.py:3033} INFO - Sync 1 DAGs
[2023-12-31T05:41:58.481+0000] {logging_mixin.py:188} INFO - [2023-12-31T05:41:58.480+0000] {dag.py:3820} INFO - Setting next_dagrun for example_python_operator to None, run_after=None
[2023-12-31T05:41:58.738+0000] {processor.py:183} INFO - Processing /home/airflow/.local/lib/python3.8/site-packages/airflow/example_dags/example_python_operator.py took 0.400 seconds
[2023-12-31T05:42:29.951+0000] {processor.py:161} INFO - Started process (PID=1926) to work on /home/airflow/.local/lib/python3.8/site-packages/airflow/example_dags/example_python_operator.py
[2023-12-31T05:42:29.958+0000] {processor.py:830} INFO - Processing file /home/airflow/.local/lib/python3.8/site-packages/airflow/example_dags/example_python_operator.py for tasks to queue
[2023-12-31T05:42:29.975+0000] {logging_mixin.py:188} INFO - [2023-12-31T05:42:29.974+0000] {dagbag.py:538} INFO - Filling up the DagBag from /home/airflow/.local/lib/python3.8/site-packages/airflow/example_dags/example_python_operator.py
[2023-12-31T05:42:30.024+0000] {processor.py:840} INFO - DAG(s) 'example_python_operator' retrieved from /home/airflow/.local/lib/python3.8/site-packages/airflow/example_dags/example_python_operator.py
[2023-12-31T05:42:30.101+0000] {logging_mixin.py:188} INFO - [2023-12-31T05:42:30.099+0000] {dag.py:3033} INFO - Sync 1 DAGs
[2023-12-31T05:42:30.151+0000] {logging_mixin.py:188} INFO - [2023-12-31T05:42:30.151+0000] {dag.py:3820} INFO - Setting next_dagrun for example_python_operator to None, run_after=None
[2023-12-31T05:42:30.577+0000] {processor.py:183} INFO - Processing /home/airflow/.local/lib/python3.8/site-packages/airflow/example_dags/example_python_operator.py took 0.650 seconds
[2023-12-31T05:43:01.034+0000] {processor.py:161} INFO - Started process (PID=1982) to work on /home/airflow/.local/lib/python3.8/site-packages/airflow/example_dags/example_python_operator.py
[2023-12-31T05:43:01.037+0000] {processor.py:830} INFO - Processing file /home/airflow/.local/lib/python3.8/site-packages/airflow/example_dags/example_python_operator.py for tasks to queue
[2023-12-31T05:43:01.039+0000] {logging_mixin.py:188} INFO - [2023-12-31T05:43:01.038+0000] {dagbag.py:538} INFO - Filling up the DagBag from /home/airflow/.local/lib/python3.8/site-packages/airflow/example_dags/example_python_operator.py
[2023-12-31T05:43:01.064+0000] {processor.py:840} INFO - DAG(s) 'example_python_operator' retrieved from /home/airflow/.local/lib/python3.8/site-packages/airflow/example_dags/example_python_operator.py
[2023-12-31T05:43:01.109+0000] {logging_mixin.py:188} INFO - [2023-12-31T05:43:01.109+0000] {dag.py:3033} INFO - Sync 1 DAGs
[2023-12-31T05:43:01.143+0000] {logging_mixin.py:188} INFO - [2023-12-31T05:43:01.142+0000] {dag.py:3820} INFO - Setting next_dagrun for example_python_operator to None, run_after=None
[2023-12-31T05:43:01.242+0000] {processor.py:183} INFO - Processing /home/airflow/.local/lib/python3.8/site-packages/airflow/example_dags/example_python_operator.py took 0.212 seconds
[2023-12-31T05:43:32.010+0000] {processor.py:161} INFO - Started process (PID=2039) to work on /home/airflow/.local/lib/python3.8/site-packages/airflow/example_dags/example_python_operator.py
[2023-12-31T05:43:32.013+0000] {processor.py:830} INFO - Processing file /home/airflow/.local/lib/python3.8/site-packages/airflow/example_dags/example_python_operator.py for tasks to queue
[2023-12-31T05:43:32.016+0000] {logging_mixin.py:188} INFO - [2023-12-31T05:43:32.015+0000] {dagbag.py:538} INFO - Filling up the DagBag from /home/airflow/.local/lib/python3.8/site-packages/airflow/example_dags/example_python_operator.py
[2023-12-31T05:43:32.040+0000] {processor.py:840} INFO - DAG(s) 'example_python_operator' retrieved from /home/airflow/.local/lib/python3.8/site-packages/airflow/example_dags/example_python_operator.py
[2023-12-31T05:43:32.085+0000] {logging_mixin.py:188} INFO - [2023-12-31T05:43:32.084+0000] {dag.py:3033} INFO - Sync 1 DAGs
[2023-12-31T05:43:32.109+0000] {logging_mixin.py:188} INFO - [2023-12-31T05:43:32.108+0000] {dag.py:3820} INFO - Setting next_dagrun for example_python_operator to None, run_after=None
[2023-12-31T05:43:32.149+0000] {processor.py:183} INFO - Processing /home/airflow/.local/lib/python3.8/site-packages/airflow/example_dags/example_python_operator.py took 0.146 seconds
[2023-12-31T05:44:02.835+0000] {processor.py:161} INFO - Started process (PID=2095) to work on /home/airflow/.local/lib/python3.8/site-packages/airflow/example_dags/example_python_operator.py
[2023-12-31T05:44:02.838+0000] {processor.py:830} INFO - Processing file /home/airflow/.local/lib/python3.8/site-packages/airflow/example_dags/example_python_operator.py for tasks to queue
[2023-12-31T05:44:02.840+0000] {logging_mixin.py:188} INFO - [2023-12-31T05:44:02.839+0000] {dagbag.py:538} INFO - Filling up the DagBag from /home/airflow/.local/lib/python3.8/site-packages/airflow/example_dags/example_python_operator.py
[2023-12-31T05:44:02.859+0000] {processor.py:840} INFO - DAG(s) 'example_python_operator' retrieved from /home/airflow/.local/lib/python3.8/site-packages/airflow/example_dags/example_python_operator.py
[2023-12-31T05:44:02.898+0000] {logging_mixin.py:188} INFO - [2023-12-31T05:44:02.897+0000] {dag.py:3033} INFO - Sync 1 DAGs
[2023-12-31T05:44:02.922+0000] {logging_mixin.py:188} INFO - [2023-12-31T05:44:02.921+0000] {dag.py:3820} INFO - Setting next_dagrun for example_python_operator to None, run_after=None
[2023-12-31T05:44:02.971+0000] {processor.py:183} INFO - Processing /home/airflow/.local/lib/python3.8/site-packages/airflow/example_dags/example_python_operator.py took 0.141 seconds
[2023-12-31T05:44:35.056+0000] {processor.py:161} INFO - Started process (PID=2152) to work on /home/airflow/.local/lib/python3.8/site-packages/airflow/example_dags/example_python_operator.py
[2023-12-31T05:44:35.059+0000] {processor.py:830} INFO - Processing file /home/airflow/.local/lib/python3.8/site-packages/airflow/example_dags/example_python_operator.py for tasks to queue
[2023-12-31T05:44:35.060+0000] {logging_mixin.py:188} INFO - [2023-12-31T05:44:35.060+0000] {dagbag.py:538} INFO - Filling up the DagBag from /home/airflow/.local/lib/python3.8/site-packages/airflow/example_dags/example_python_operator.py
[2023-12-31T05:44:35.082+0000] {processor.py:840} INFO - DAG(s) 'example_python_operator' retrieved from /home/airflow/.local/lib/python3.8/site-packages/airflow/example_dags/example_python_operator.py
[2023-12-31T05:44:35.121+0000] {logging_mixin.py:188} INFO - [2023-12-31T05:44:35.120+0000] {dag.py:3033} INFO - Sync 1 DAGs
[2023-12-31T05:44:35.142+0000] {logging_mixin.py:188} INFO - [2023-12-31T05:44:35.141+0000] {dag.py:3820} INFO - Setting next_dagrun for example_python_operator to None, run_after=None
[2023-12-31T05:44:35.186+0000] {processor.py:183} INFO - Processing /home/airflow/.local/lib/python3.8/site-packages/airflow/example_dags/example_python_operator.py took 0.136 seconds
[2023-12-31T05:45:38.172+0000] {processor.py:161} INFO - Started process (PID=2228) to work on /home/airflow/.local/lib/python3.8/site-packages/airflow/example_dags/example_python_operator.py
[2023-12-31T05:45:38.182+0000] {processor.py:830} INFO - Processing file /home/airflow/.local/lib/python3.8/site-packages/airflow/example_dags/example_python_operator.py for tasks to queue
[2023-12-31T05:45:38.186+0000] {logging_mixin.py:188} INFO - [2023-12-31T05:45:38.185+0000] {dagbag.py:538} INFO - Filling up the DagBag from /home/airflow/.local/lib/python3.8/site-packages/airflow/example_dags/example_python_operator.py
[2023-12-31T05:45:38.263+0000] {processor.py:840} INFO - DAG(s) 'example_python_operator' retrieved from /home/airflow/.local/lib/python3.8/site-packages/airflow/example_dags/example_python_operator.py
[2023-12-31T05:45:38.368+0000] {logging_mixin.py:188} INFO - [2023-12-31T05:45:38.368+0000] {dag.py:3033} INFO - Sync 1 DAGs
[2023-12-31T05:45:38.447+0000] {logging_mixin.py:188} INFO - [2023-12-31T05:45:38.447+0000] {dag.py:3820} INFO - Setting next_dagrun for example_python_operator to None, run_after=None
[2023-12-31T05:45:38.559+0000] {processor.py:183} INFO - Processing /home/airflow/.local/lib/python3.8/site-packages/airflow/example_dags/example_python_operator.py took 0.407 seconds
[2023-12-31T05:46:10.114+0000] {processor.py:161} INFO - Started process (PID=2285) to work on /home/airflow/.local/lib/python3.8/site-packages/airflow/example_dags/example_python_operator.py
[2023-12-31T05:46:10.144+0000] {processor.py:830} INFO - Processing file /home/airflow/.local/lib/python3.8/site-packages/airflow/example_dags/example_python_operator.py for tasks to queue
[2023-12-31T05:46:10.146+0000] {logging_mixin.py:188} INFO - [2023-12-31T05:46:10.145+0000] {dagbag.py:538} INFO - Filling up the DagBag from /home/airflow/.local/lib/python3.8/site-packages/airflow/example_dags/example_python_operator.py
[2023-12-31T05:46:10.226+0000] {processor.py:840} INFO - DAG(s) 'example_python_operator' retrieved from /home/airflow/.local/lib/python3.8/site-packages/airflow/example_dags/example_python_operator.py
[2023-12-31T05:46:10.294+0000] {logging_mixin.py:188} INFO - [2023-12-31T05:46:10.294+0000] {dag.py:3033} INFO - Sync 1 DAGs
[2023-12-31T05:46:10.466+0000] {logging_mixin.py:188} INFO - [2023-12-31T05:46:10.465+0000] {dag.py:3820} INFO - Setting next_dagrun for example_python_operator to None, run_after=None
[2023-12-31T05:46:10.702+0000] {processor.py:183} INFO - Processing /home/airflow/.local/lib/python3.8/site-packages/airflow/example_dags/example_python_operator.py took 0.592 seconds
[2023-12-31T05:46:41.221+0000] {processor.py:161} INFO - Started process (PID=2335) to work on /home/airflow/.local/lib/python3.8/site-packages/airflow/example_dags/example_python_operator.py
[2023-12-31T05:46:41.222+0000] {processor.py:830} INFO - Processing file /home/airflow/.local/lib/python3.8/site-packages/airflow/example_dags/example_python_operator.py for tasks to queue
[2023-12-31T05:46:41.223+0000] {logging_mixin.py:188} INFO - [2023-12-31T05:46:41.223+0000] {dagbag.py:538} INFO - Filling up the DagBag from /home/airflow/.local/lib/python3.8/site-packages/airflow/example_dags/example_python_operator.py
[2023-12-31T05:46:41.236+0000] {processor.py:840} INFO - DAG(s) 'example_python_operator' retrieved from /home/airflow/.local/lib/python3.8/site-packages/airflow/example_dags/example_python_operator.py
[2023-12-31T05:46:41.270+0000] {logging_mixin.py:188} INFO - [2023-12-31T05:46:41.270+0000] {dag.py:3033} INFO - Sync 1 DAGs
[2023-12-31T05:46:41.290+0000] {logging_mixin.py:188} INFO - [2023-12-31T05:46:41.289+0000] {dag.py:3820} INFO - Setting next_dagrun for example_python_operator to None, run_after=None
[2023-12-31T05:46:41.325+0000] {processor.py:183} INFO - Processing /home/airflow/.local/lib/python3.8/site-packages/airflow/example_dags/example_python_operator.py took 0.108 seconds
[2023-12-31T05:47:11.459+0000] {processor.py:161} INFO - Started process (PID=2391) to work on /home/airflow/.local/lib/python3.8/site-packages/airflow/example_dags/example_python_operator.py
[2023-12-31T05:47:11.460+0000] {processor.py:830} INFO - Processing file /home/airflow/.local/lib/python3.8/site-packages/airflow/example_dags/example_python_operator.py for tasks to queue
[2023-12-31T05:47:11.461+0000] {logging_mixin.py:188} INFO - [2023-12-31T05:47:11.461+0000] {dagbag.py:538} INFO - Filling up the DagBag from /home/airflow/.local/lib/python3.8/site-packages/airflow/example_dags/example_python_operator.py
[2023-12-31T05:47:11.475+0000] {processor.py:840} INFO - DAG(s) 'example_python_operator' retrieved from /home/airflow/.local/lib/python3.8/site-packages/airflow/example_dags/example_python_operator.py
[2023-12-31T05:47:11.504+0000] {logging_mixin.py:188} INFO - [2023-12-31T05:47:11.503+0000] {dag.py:3033} INFO - Sync 1 DAGs
[2023-12-31T05:47:11.520+0000] {logging_mixin.py:188} INFO - [2023-12-31T05:47:11.519+0000] {dag.py:3820} INFO - Setting next_dagrun for example_python_operator to None, run_after=None
[2023-12-31T05:47:11.562+0000] {processor.py:183} INFO - Processing /home/airflow/.local/lib/python3.8/site-packages/airflow/example_dags/example_python_operator.py took 0.108 seconds
[2023-12-31T05:47:42.428+0000] {processor.py:161} INFO - Started process (PID=2447) to work on /home/airflow/.local/lib/python3.8/site-packages/airflow/example_dags/example_python_operator.py
[2023-12-31T05:47:42.430+0000] {processor.py:830} INFO - Processing file /home/airflow/.local/lib/python3.8/site-packages/airflow/example_dags/example_python_operator.py for tasks to queue
[2023-12-31T05:47:42.436+0000] {logging_mixin.py:188} INFO - [2023-12-31T05:47:42.435+0000] {dagbag.py:538} INFO - Filling up the DagBag from /home/airflow/.local/lib/python3.8/site-packages/airflow/example_dags/example_python_operator.py
[2023-12-31T05:47:42.459+0000] {processor.py:840} INFO - DAG(s) 'example_python_operator' retrieved from /home/airflow/.local/lib/python3.8/site-packages/airflow/example_dags/example_python_operator.py
[2023-12-31T05:47:42.494+0000] {logging_mixin.py:188} INFO - [2023-12-31T05:47:42.493+0000] {dag.py:3033} INFO - Sync 1 DAGs
[2023-12-31T05:47:42.509+0000] {logging_mixin.py:188} INFO - [2023-12-31T05:47:42.508+0000] {dag.py:3820} INFO - Setting next_dagrun for example_python_operator to None, run_after=None
[2023-12-31T05:47:42.549+0000] {processor.py:183} INFO - Processing /home/airflow/.local/lib/python3.8/site-packages/airflow/example_dags/example_python_operator.py took 0.125 seconds
[2023-12-31T05:48:12.778+0000] {processor.py:161} INFO - Started process (PID=2503) to work on /home/airflow/.local/lib/python3.8/site-packages/airflow/example_dags/example_python_operator.py
[2023-12-31T05:48:12.780+0000] {processor.py:830} INFO - Processing file /home/airflow/.local/lib/python3.8/site-packages/airflow/example_dags/example_python_operator.py for tasks to queue
[2023-12-31T05:48:12.782+0000] {logging_mixin.py:188} INFO - [2023-12-31T05:48:12.781+0000] {dagbag.py:538} INFO - Filling up the DagBag from /home/airflow/.local/lib/python3.8/site-packages/airflow/example_dags/example_python_operator.py
[2023-12-31T05:48:12.813+0000] {processor.py:840} INFO - DAG(s) 'example_python_operator' retrieved from /home/airflow/.local/lib/python3.8/site-packages/airflow/example_dags/example_python_operator.py
[2023-12-31T05:48:12.852+0000] {logging_mixin.py:188} INFO - [2023-12-31T05:48:12.851+0000] {dag.py:3033} INFO - Sync 1 DAGs
[2023-12-31T05:48:12.869+0000] {logging_mixin.py:188} INFO - [2023-12-31T05:48:12.869+0000] {dag.py:3820} INFO - Setting next_dagrun for example_python_operator to None, run_after=None
[2023-12-31T05:48:12.895+0000] {processor.py:183} INFO - Processing /home/airflow/.local/lib/python3.8/site-packages/airflow/example_dags/example_python_operator.py took 0.123 seconds
[2023-12-31T05:48:43.345+0000] {processor.py:161} INFO - Started process (PID=2559) to work on /home/airflow/.local/lib/python3.8/site-packages/airflow/example_dags/example_python_operator.py
[2023-12-31T05:48:43.346+0000] {processor.py:830} INFO - Processing file /home/airflow/.local/lib/python3.8/site-packages/airflow/example_dags/example_python_operator.py for tasks to queue
[2023-12-31T05:48:43.348+0000] {logging_mixin.py:188} INFO - [2023-12-31T05:48:43.347+0000] {dagbag.py:538} INFO - Filling up the DagBag from /home/airflow/.local/lib/python3.8/site-packages/airflow/example_dags/example_python_operator.py
[2023-12-31T05:48:43.362+0000] {processor.py:840} INFO - DAG(s) 'example_python_operator' retrieved from /home/airflow/.local/lib/python3.8/site-packages/airflow/example_dags/example_python_operator.py
[2023-12-31T05:48:43.393+0000] {logging_mixin.py:188} INFO - [2023-12-31T05:48:43.393+0000] {dag.py:3033} INFO - Sync 1 DAGs
[2023-12-31T05:48:43.413+0000] {logging_mixin.py:188} INFO - [2023-12-31T05:48:43.413+0000] {dag.py:3820} INFO - Setting next_dagrun for example_python_operator to None, run_after=None
[2023-12-31T05:48:43.439+0000] {processor.py:183} INFO - Processing /home/airflow/.local/lib/python3.8/site-packages/airflow/example_dags/example_python_operator.py took 0.099 seconds
