[2023-12-31T05:24:20.195+0000] {processor.py:161} INFO - Started process (PID=110) to work on /home/airflow/.local/lib/python3.8/site-packages/airflow/example_dags/example_xcomargs.py
[2023-12-31T05:24:20.199+0000] {processor.py:830} INFO - Processing file /home/airflow/.local/lib/python3.8/site-packages/airflow/example_dags/example_xcomargs.py for tasks to queue
[2023-12-31T05:24:20.216+0000] {logging_mixin.py:188} INFO - [2023-12-31T05:24:20.215+0000] {dagbag.py:538} INFO - Filling up the DagBag from /home/airflow/.local/lib/python3.8/site-packages/airflow/example_dags/example_xcomargs.py
[2023-12-31T05:24:20.292+0000] {processor.py:840} INFO - DAG(s) 'example_xcom_args_with_operators', 'example_xcom_args' retrieved from /home/airflow/.local/lib/python3.8/site-packages/airflow/example_dags/example_xcomargs.py
[2023-12-31T05:24:20.871+0000] {logging_mixin.py:188} INFO - [2023-12-31T05:24:20.871+0000] {dag.py:3033} INFO - Sync 2 DAGs
[2023-12-31T05:24:21.156+0000] {logging_mixin.py:188} INFO - [2023-12-31T05:24:21.156+0000] {dag.py:3820} INFO - Setting next_dagrun for example_xcom_args to None, run_after=None
[2023-12-31T05:24:21.223+0000] {logging_mixin.py:188} INFO - [2023-12-31T05:24:21.223+0000] {dag.py:3820} INFO - Setting next_dagrun for example_xcom_args_with_operators to None, run_after=None
[2023-12-31T05:24:21.350+0000] {processor.py:183} INFO - Processing /home/airflow/.local/lib/python3.8/site-packages/airflow/example_dags/example_xcomargs.py took 1.205 seconds
[2023-12-31T05:24:57.038+0000] {processor.py:161} INFO - Started process (PID=166) to work on /home/airflow/.local/lib/python3.8/site-packages/airflow/example_dags/example_xcomargs.py
[2023-12-31T05:24:57.040+0000] {processor.py:830} INFO - Processing file /home/airflow/.local/lib/python3.8/site-packages/airflow/example_dags/example_xcomargs.py for tasks to queue
[2023-12-31T05:24:57.074+0000] {logging_mixin.py:188} INFO - [2023-12-31T05:24:57.073+0000] {dagbag.py:538} INFO - Filling up the DagBag from /home/airflow/.local/lib/python3.8/site-packages/airflow/example_dags/example_xcomargs.py
[2023-12-31T05:24:57.094+0000] {processor.py:840} INFO - DAG(s) 'example_xcom_args_with_operators', 'example_xcom_args' retrieved from /home/airflow/.local/lib/python3.8/site-packages/airflow/example_dags/example_xcomargs.py
[2023-12-31T05:24:57.142+0000] {logging_mixin.py:188} INFO - [2023-12-31T05:24:57.142+0000] {dag.py:3033} INFO - Sync 2 DAGs
[2023-12-31T05:24:57.163+0000] {logging_mixin.py:188} INFO - [2023-12-31T05:24:57.163+0000] {dag.py:3820} INFO - Setting next_dagrun for example_xcom_args to None, run_after=None
[2023-12-31T05:24:57.171+0000] {logging_mixin.py:188} INFO - [2023-12-31T05:24:57.171+0000] {dag.py:3820} INFO - Setting next_dagrun for example_xcom_args_with_operators to None, run_after=None
[2023-12-31T05:24:57.205+0000] {processor.py:183} INFO - Processing /home/airflow/.local/lib/python3.8/site-packages/airflow/example_dags/example_xcomargs.py took 0.173 seconds
[2023-12-31T05:25:34.651+0000] {processor.py:161} INFO - Started process (PID=221) to work on /home/airflow/.local/lib/python3.8/site-packages/airflow/example_dags/example_xcomargs.py
[2023-12-31T05:25:34.654+0000] {processor.py:830} INFO - Processing file /home/airflow/.local/lib/python3.8/site-packages/airflow/example_dags/example_xcomargs.py for tasks to queue
[2023-12-31T05:25:34.658+0000] {logging_mixin.py:188} INFO - [2023-12-31T05:25:34.658+0000] {dagbag.py:538} INFO - Filling up the DagBag from /home/airflow/.local/lib/python3.8/site-packages/airflow/example_dags/example_xcomargs.py
[2023-12-31T05:25:34.680+0000] {processor.py:840} INFO - DAG(s) 'example_xcom_args', 'example_xcom_args_with_operators' retrieved from /home/airflow/.local/lib/python3.8/site-packages/airflow/example_dags/example_xcomargs.py
[2023-12-31T05:25:34.729+0000] {logging_mixin.py:188} INFO - [2023-12-31T05:25:34.729+0000] {dag.py:3033} INFO - Sync 2 DAGs
[2023-12-31T05:25:34.757+0000] {logging_mixin.py:188} INFO - [2023-12-31T05:25:34.757+0000] {dag.py:3820} INFO - Setting next_dagrun for example_xcom_args to None, run_after=None
[2023-12-31T05:25:34.766+0000] {logging_mixin.py:188} INFO - [2023-12-31T05:25:34.766+0000] {dag.py:3820} INFO - Setting next_dagrun for example_xcom_args_with_operators to None, run_after=None
[2023-12-31T05:25:34.808+0000] {processor.py:183} INFO - Processing /home/airflow/.local/lib/python3.8/site-packages/airflow/example_dags/example_xcomargs.py took 0.165 seconds
[2023-12-31T05:26:23.835+0000] {processor.py:161} INFO - Started process (PID=272) to work on /home/airflow/.local/lib/python3.8/site-packages/airflow/example_dags/example_xcomargs.py
[2023-12-31T05:26:23.840+0000] {processor.py:830} INFO - Processing file /home/airflow/.local/lib/python3.8/site-packages/airflow/example_dags/example_xcomargs.py for tasks to queue
[2023-12-31T05:26:23.850+0000] {logging_mixin.py:188} INFO - [2023-12-31T05:26:23.850+0000] {dagbag.py:538} INFO - Filling up the DagBag from /home/airflow/.local/lib/python3.8/site-packages/airflow/example_dags/example_xcomargs.py
[2023-12-31T05:26:23.912+0000] {processor.py:840} INFO - DAG(s) 'example_xcom_args', 'example_xcom_args_with_operators' retrieved from /home/airflow/.local/lib/python3.8/site-packages/airflow/example_dags/example_xcomargs.py
[2023-12-31T05:26:23.960+0000] {logging_mixin.py:188} INFO - [2023-12-31T05:26:23.959+0000] {dag.py:3033} INFO - Sync 2 DAGs
[2023-12-31T05:26:23.983+0000] {logging_mixin.py:188} INFO - [2023-12-31T05:26:23.983+0000] {dag.py:3820} INFO - Setting next_dagrun for example_xcom_args to None, run_after=None
[2023-12-31T05:26:23.994+0000] {logging_mixin.py:188} INFO - [2023-12-31T05:26:23.994+0000] {dag.py:3820} INFO - Setting next_dagrun for example_xcom_args_with_operators to None, run_after=None
[2023-12-31T05:26:24.132+0000] {processor.py:183} INFO - Processing /home/airflow/.local/lib/python3.8/site-packages/airflow/example_dags/example_xcomargs.py took 0.303 seconds
[2023-12-31T05:26:54.702+0000] {processor.py:161} INFO - Started process (PID=328) to work on /home/airflow/.local/lib/python3.8/site-packages/airflow/example_dags/example_xcomargs.py
[2023-12-31T05:26:54.704+0000] {processor.py:830} INFO - Processing file /home/airflow/.local/lib/python3.8/site-packages/airflow/example_dags/example_xcomargs.py for tasks to queue
[2023-12-31T05:26:54.707+0000] {logging_mixin.py:188} INFO - [2023-12-31T05:26:54.707+0000] {dagbag.py:538} INFO - Filling up the DagBag from /home/airflow/.local/lib/python3.8/site-packages/airflow/example_dags/example_xcomargs.py
[2023-12-31T05:26:54.719+0000] {processor.py:840} INFO - DAG(s) 'example_xcom_args_with_operators', 'example_xcom_args' retrieved from /home/airflow/.local/lib/python3.8/site-packages/airflow/example_dags/example_xcomargs.py
[2023-12-31T05:26:54.752+0000] {logging_mixin.py:188} INFO - [2023-12-31T05:26:54.752+0000] {dag.py:3033} INFO - Sync 2 DAGs
[2023-12-31T05:26:54.771+0000] {logging_mixin.py:188} INFO - [2023-12-31T05:26:54.770+0000] {dag.py:3820} INFO - Setting next_dagrun for example_xcom_args to None, run_after=None
[2023-12-31T05:26:54.776+0000] {logging_mixin.py:188} INFO - [2023-12-31T05:26:54.776+0000] {dag.py:3820} INFO - Setting next_dagrun for example_xcom_args_with_operators to None, run_after=None
[2023-12-31T05:26:54.808+0000] {processor.py:183} INFO - Processing /home/airflow/.local/lib/python3.8/site-packages/airflow/example_dags/example_xcomargs.py took 0.110 seconds
[2023-12-31T05:27:27.214+0000] {processor.py:161} INFO - Started process (PID=384) to work on /home/airflow/.local/lib/python3.8/site-packages/airflow/example_dags/example_xcomargs.py
[2023-12-31T05:27:27.217+0000] {processor.py:830} INFO - Processing file /home/airflow/.local/lib/python3.8/site-packages/airflow/example_dags/example_xcomargs.py for tasks to queue
[2023-12-31T05:27:27.223+0000] {logging_mixin.py:188} INFO - [2023-12-31T05:27:27.222+0000] {dagbag.py:538} INFO - Filling up the DagBag from /home/airflow/.local/lib/python3.8/site-packages/airflow/example_dags/example_xcomargs.py
[2023-12-31T05:27:27.246+0000] {processor.py:840} INFO - DAG(s) 'example_xcom_args_with_operators', 'example_xcom_args' retrieved from /home/airflow/.local/lib/python3.8/site-packages/airflow/example_dags/example_xcomargs.py
[2023-12-31T05:27:27.291+0000] {logging_mixin.py:188} INFO - [2023-12-31T05:27:27.291+0000] {dag.py:3033} INFO - Sync 2 DAGs
[2023-12-31T05:27:27.309+0000] {logging_mixin.py:188} INFO - [2023-12-31T05:27:27.309+0000] {dag.py:3820} INFO - Setting next_dagrun for example_xcom_args to None, run_after=None
[2023-12-31T05:27:27.315+0000] {logging_mixin.py:188} INFO - [2023-12-31T05:27:27.315+0000] {dag.py:3820} INFO - Setting next_dagrun for example_xcom_args_with_operators to None, run_after=None
[2023-12-31T05:27:27.348+0000] {processor.py:183} INFO - Processing /home/airflow/.local/lib/python3.8/site-packages/airflow/example_dags/example_xcomargs.py took 0.139 seconds
[2023-12-31T05:27:57.480+0000] {processor.py:161} INFO - Started process (PID=440) to work on /home/airflow/.local/lib/python3.8/site-packages/airflow/example_dags/example_xcomargs.py
[2023-12-31T05:27:57.487+0000] {processor.py:830} INFO - Processing file /home/airflow/.local/lib/python3.8/site-packages/airflow/example_dags/example_xcomargs.py for tasks to queue
[2023-12-31T05:27:57.490+0000] {logging_mixin.py:188} INFO - [2023-12-31T05:27:57.490+0000] {dagbag.py:538} INFO - Filling up the DagBag from /home/airflow/.local/lib/python3.8/site-packages/airflow/example_dags/example_xcomargs.py
[2023-12-31T05:27:57.500+0000] {processor.py:840} INFO - DAG(s) 'example_xcom_args', 'example_xcom_args_with_operators' retrieved from /home/airflow/.local/lib/python3.8/site-packages/airflow/example_dags/example_xcomargs.py
[2023-12-31T05:27:57.531+0000] {logging_mixin.py:188} INFO - [2023-12-31T05:27:57.531+0000] {dag.py:3033} INFO - Sync 2 DAGs
[2023-12-31T05:27:57.549+0000] {logging_mixin.py:188} INFO - [2023-12-31T05:27:57.549+0000] {dag.py:3820} INFO - Setting next_dagrun for example_xcom_args to None, run_after=None
[2023-12-31T05:27:57.555+0000] {logging_mixin.py:188} INFO - [2023-12-31T05:27:57.555+0000] {dag.py:3820} INFO - Setting next_dagrun for example_xcom_args_with_operators to None, run_after=None
[2023-12-31T05:27:57.579+0000] {processor.py:183} INFO - Processing /home/airflow/.local/lib/python3.8/site-packages/airflow/example_dags/example_xcomargs.py took 0.103 seconds
[2023-12-31T05:28:28.236+0000] {processor.py:161} INFO - Started process (PID=496) to work on /home/airflow/.local/lib/python3.8/site-packages/airflow/example_dags/example_xcomargs.py
[2023-12-31T05:28:28.238+0000] {processor.py:830} INFO - Processing file /home/airflow/.local/lib/python3.8/site-packages/airflow/example_dags/example_xcomargs.py for tasks to queue
[2023-12-31T05:28:28.241+0000] {logging_mixin.py:188} INFO - [2023-12-31T05:28:28.240+0000] {dagbag.py:538} INFO - Filling up the DagBag from /home/airflow/.local/lib/python3.8/site-packages/airflow/example_dags/example_xcomargs.py
[2023-12-31T05:28:28.253+0000] {processor.py:840} INFO - DAG(s) 'example_xcom_args', 'example_xcom_args_with_operators' retrieved from /home/airflow/.local/lib/python3.8/site-packages/airflow/example_dags/example_xcomargs.py
[2023-12-31T05:28:28.292+0000] {logging_mixin.py:188} INFO - [2023-12-31T05:28:28.292+0000] {dag.py:3033} INFO - Sync 2 DAGs
[2023-12-31T05:28:28.315+0000] {logging_mixin.py:188} INFO - [2023-12-31T05:28:28.314+0000] {dag.py:3820} INFO - Setting next_dagrun for example_xcom_args to None, run_after=None
[2023-12-31T05:28:28.321+0000] {logging_mixin.py:188} INFO - [2023-12-31T05:28:28.320+0000] {dag.py:3820} INFO - Setting next_dagrun for example_xcom_args_with_operators to None, run_after=None
[2023-12-31T05:28:28.353+0000] {processor.py:183} INFO - Processing /home/airflow/.local/lib/python3.8/site-packages/airflow/example_dags/example_xcomargs.py took 0.122 seconds
[2023-12-31T05:28:58.952+0000] {processor.py:161} INFO - Started process (PID=552) to work on /home/airflow/.local/lib/python3.8/site-packages/airflow/example_dags/example_xcomargs.py
[2023-12-31T05:28:58.954+0000] {processor.py:830} INFO - Processing file /home/airflow/.local/lib/python3.8/site-packages/airflow/example_dags/example_xcomargs.py for tasks to queue
[2023-12-31T05:28:58.956+0000] {logging_mixin.py:188} INFO - [2023-12-31T05:28:58.956+0000] {dagbag.py:538} INFO - Filling up the DagBag from /home/airflow/.local/lib/python3.8/site-packages/airflow/example_dags/example_xcomargs.py
[2023-12-31T05:28:58.967+0000] {processor.py:840} INFO - DAG(s) 'example_xcom_args', 'example_xcom_args_with_operators' retrieved from /home/airflow/.local/lib/python3.8/site-packages/airflow/example_dags/example_xcomargs.py
[2023-12-31T05:28:59.003+0000] {logging_mixin.py:188} INFO - [2023-12-31T05:28:59.002+0000] {dag.py:3033} INFO - Sync 2 DAGs
[2023-12-31T05:28:59.019+0000] {logging_mixin.py:188} INFO - [2023-12-31T05:28:59.019+0000] {dag.py:3820} INFO - Setting next_dagrun for example_xcom_args to None, run_after=None
[2023-12-31T05:28:59.025+0000] {logging_mixin.py:188} INFO - [2023-12-31T05:28:59.025+0000] {dag.py:3820} INFO - Setting next_dagrun for example_xcom_args_with_operators to None, run_after=None
[2023-12-31T05:28:59.060+0000] {processor.py:183} INFO - Processing /home/airflow/.local/lib/python3.8/site-packages/airflow/example_dags/example_xcomargs.py took 0.114 seconds
[2023-12-31T05:29:30.029+0000] {processor.py:161} INFO - Started process (PID=608) to work on /home/airflow/.local/lib/python3.8/site-packages/airflow/example_dags/example_xcomargs.py
[2023-12-31T05:29:30.031+0000] {processor.py:830} INFO - Processing file /home/airflow/.local/lib/python3.8/site-packages/airflow/example_dags/example_xcomargs.py for tasks to queue
[2023-12-31T05:29:30.035+0000] {logging_mixin.py:188} INFO - [2023-12-31T05:29:30.035+0000] {dagbag.py:538} INFO - Filling up the DagBag from /home/airflow/.local/lib/python3.8/site-packages/airflow/example_dags/example_xcomargs.py
[2023-12-31T05:29:30.052+0000] {processor.py:840} INFO - DAG(s) 'example_xcom_args', 'example_xcom_args_with_operators' retrieved from /home/airflow/.local/lib/python3.8/site-packages/airflow/example_dags/example_xcomargs.py
[2023-12-31T05:29:30.107+0000] {logging_mixin.py:188} INFO - [2023-12-31T05:29:30.106+0000] {dag.py:3033} INFO - Sync 2 DAGs
[2023-12-31T05:29:30.135+0000] {logging_mixin.py:188} INFO - [2023-12-31T05:29:30.135+0000] {dag.py:3820} INFO - Setting next_dagrun for example_xcom_args to None, run_after=None
[2023-12-31T05:29:30.143+0000] {logging_mixin.py:188} INFO - [2023-12-31T05:29:30.143+0000] {dag.py:3820} INFO - Setting next_dagrun for example_xcom_args_with_operators to None, run_after=None
[2023-12-31T05:29:30.177+0000] {processor.py:183} INFO - Processing /home/airflow/.local/lib/python3.8/site-packages/airflow/example_dags/example_xcomargs.py took 0.155 seconds
[2023-12-31T05:30:06.932+0000] {processor.py:161} INFO - Started process (PID=664) to work on /home/airflow/.local/lib/python3.8/site-packages/airflow/example_dags/example_xcomargs.py
[2023-12-31T05:30:06.934+0000] {processor.py:830} INFO - Processing file /home/airflow/.local/lib/python3.8/site-packages/airflow/example_dags/example_xcomargs.py for tasks to queue
[2023-12-31T05:30:06.937+0000] {logging_mixin.py:188} INFO - [2023-12-31T05:30:06.937+0000] {dagbag.py:538} INFO - Filling up the DagBag from /home/airflow/.local/lib/python3.8/site-packages/airflow/example_dags/example_xcomargs.py
[2023-12-31T05:30:06.950+0000] {processor.py:840} INFO - DAG(s) 'example_xcom_args_with_operators', 'example_xcom_args' retrieved from /home/airflow/.local/lib/python3.8/site-packages/airflow/example_dags/example_xcomargs.py
[2023-12-31T05:30:06.988+0000] {logging_mixin.py:188} INFO - [2023-12-31T05:30:06.988+0000] {dag.py:3033} INFO - Sync 2 DAGs
[2023-12-31T05:30:07.006+0000] {logging_mixin.py:188} INFO - [2023-12-31T05:30:07.006+0000] {dag.py:3820} INFO - Setting next_dagrun for example_xcom_args to None, run_after=None
[2023-12-31T05:30:07.012+0000] {logging_mixin.py:188} INFO - [2023-12-31T05:30:07.012+0000] {dag.py:3820} INFO - Setting next_dagrun for example_xcom_args_with_operators to None, run_after=None
[2023-12-31T05:30:07.061+0000] {processor.py:183} INFO - Processing /home/airflow/.local/lib/python3.8/site-packages/airflow/example_dags/example_xcomargs.py took 0.134 seconds
[2023-12-31T05:30:38.070+0000] {processor.py:161} INFO - Started process (PID=720) to work on /home/airflow/.local/lib/python3.8/site-packages/airflow/example_dags/example_xcomargs.py
[2023-12-31T05:30:38.071+0000] {processor.py:830} INFO - Processing file /home/airflow/.local/lib/python3.8/site-packages/airflow/example_dags/example_xcomargs.py for tasks to queue
[2023-12-31T05:30:38.074+0000] {logging_mixin.py:188} INFO - [2023-12-31T05:30:38.073+0000] {dagbag.py:538} INFO - Filling up the DagBag from /home/airflow/.local/lib/python3.8/site-packages/airflow/example_dags/example_xcomargs.py
[2023-12-31T05:30:38.083+0000] {processor.py:840} INFO - DAG(s) 'example_xcom_args', 'example_xcom_args_with_operators' retrieved from /home/airflow/.local/lib/python3.8/site-packages/airflow/example_dags/example_xcomargs.py
[2023-12-31T05:30:38.112+0000] {logging_mixin.py:188} INFO - [2023-12-31T05:30:38.112+0000] {dag.py:3033} INFO - Sync 2 DAGs
[2023-12-31T05:30:38.131+0000] {logging_mixin.py:188} INFO - [2023-12-31T05:30:38.131+0000] {dag.py:3820} INFO - Setting next_dagrun for example_xcom_args to None, run_after=None
[2023-12-31T05:30:38.136+0000] {logging_mixin.py:188} INFO - [2023-12-31T05:30:38.136+0000] {dag.py:3820} INFO - Setting next_dagrun for example_xcom_args_with_operators to None, run_after=None
[2023-12-31T05:30:38.202+0000] {processor.py:183} INFO - Processing /home/airflow/.local/lib/python3.8/site-packages/airflow/example_dags/example_xcomargs.py took 0.136 seconds
[2023-12-31T05:31:08.835+0000] {processor.py:161} INFO - Started process (PID=776) to work on /home/airflow/.local/lib/python3.8/site-packages/airflow/example_dags/example_xcomargs.py
[2023-12-31T05:31:08.836+0000] {processor.py:830} INFO - Processing file /home/airflow/.local/lib/python3.8/site-packages/airflow/example_dags/example_xcomargs.py for tasks to queue
[2023-12-31T05:31:08.839+0000] {logging_mixin.py:188} INFO - [2023-12-31T05:31:08.838+0000] {dagbag.py:538} INFO - Filling up the DagBag from /home/airflow/.local/lib/python3.8/site-packages/airflow/example_dags/example_xcomargs.py
[2023-12-31T05:31:08.849+0000] {processor.py:840} INFO - DAG(s) 'example_xcom_args_with_operators', 'example_xcom_args' retrieved from /home/airflow/.local/lib/python3.8/site-packages/airflow/example_dags/example_xcomargs.py
[2023-12-31T05:31:08.879+0000] {logging_mixin.py:188} INFO - [2023-12-31T05:31:08.879+0000] {dag.py:3033} INFO - Sync 2 DAGs
[2023-12-31T05:31:08.895+0000] {logging_mixin.py:188} INFO - [2023-12-31T05:31:08.895+0000] {dag.py:3820} INFO - Setting next_dagrun for example_xcom_args to None, run_after=None
[2023-12-31T05:31:08.900+0000] {logging_mixin.py:188} INFO - [2023-12-31T05:31:08.900+0000] {dag.py:3820} INFO - Setting next_dagrun for example_xcom_args_with_operators to None, run_after=None
[2023-12-31T05:31:08.928+0000] {processor.py:183} INFO - Processing /home/airflow/.local/lib/python3.8/site-packages/airflow/example_dags/example_xcomargs.py took 0.097 seconds
[2023-12-31T05:31:39.250+0000] {processor.py:161} INFO - Started process (PID=832) to work on /home/airflow/.local/lib/python3.8/site-packages/airflow/example_dags/example_xcomargs.py
[2023-12-31T05:31:39.251+0000] {processor.py:830} INFO - Processing file /home/airflow/.local/lib/python3.8/site-packages/airflow/example_dags/example_xcomargs.py for tasks to queue
[2023-12-31T05:31:39.255+0000] {logging_mixin.py:188} INFO - [2023-12-31T05:31:39.254+0000] {dagbag.py:538} INFO - Filling up the DagBag from /home/airflow/.local/lib/python3.8/site-packages/airflow/example_dags/example_xcomargs.py
[2023-12-31T05:31:39.265+0000] {processor.py:840} INFO - DAG(s) 'example_xcom_args', 'example_xcom_args_with_operators' retrieved from /home/airflow/.local/lib/python3.8/site-packages/airflow/example_dags/example_xcomargs.py
[2023-12-31T05:31:39.291+0000] {logging_mixin.py:188} INFO - [2023-12-31T05:31:39.291+0000] {dag.py:3033} INFO - Sync 2 DAGs
[2023-12-31T05:31:39.307+0000] {logging_mixin.py:188} INFO - [2023-12-31T05:31:39.307+0000] {dag.py:3820} INFO - Setting next_dagrun for example_xcom_args to None, run_after=None
[2023-12-31T05:31:39.312+0000] {logging_mixin.py:188} INFO - [2023-12-31T05:31:39.312+0000] {dag.py:3820} INFO - Setting next_dagrun for example_xcom_args_with_operators to None, run_after=None
[2023-12-31T05:31:39.340+0000] {processor.py:183} INFO - Processing /home/airflow/.local/lib/python3.8/site-packages/airflow/example_dags/example_xcomargs.py took 0.094 seconds
[2023-12-31T05:32:10.094+0000] {processor.py:161} INFO - Started process (PID=888) to work on /home/airflow/.local/lib/python3.8/site-packages/airflow/example_dags/example_xcomargs.py
[2023-12-31T05:32:10.096+0000] {processor.py:830} INFO - Processing file /home/airflow/.local/lib/python3.8/site-packages/airflow/example_dags/example_xcomargs.py for tasks to queue
[2023-12-31T05:32:10.100+0000] {logging_mixin.py:188} INFO - [2023-12-31T05:32:10.100+0000] {dagbag.py:538} INFO - Filling up the DagBag from /home/airflow/.local/lib/python3.8/site-packages/airflow/example_dags/example_xcomargs.py
[2023-12-31T05:32:10.118+0000] {processor.py:840} INFO - DAG(s) 'example_xcom_args_with_operators', 'example_xcom_args' retrieved from /home/airflow/.local/lib/python3.8/site-packages/airflow/example_dags/example_xcomargs.py
[2023-12-31T05:32:10.173+0000] {logging_mixin.py:188} INFO - [2023-12-31T05:32:10.172+0000] {dag.py:3033} INFO - Sync 2 DAGs
[2023-12-31T05:32:10.213+0000] {logging_mixin.py:188} INFO - [2023-12-31T05:32:10.213+0000] {dag.py:3820} INFO - Setting next_dagrun for example_xcom_args to None, run_after=None
[2023-12-31T05:32:10.226+0000] {logging_mixin.py:188} INFO - [2023-12-31T05:32:10.224+0000] {dag.py:3820} INFO - Setting next_dagrun for example_xcom_args_with_operators to None, run_after=None
[2023-12-31T05:32:10.319+0000] {processor.py:183} INFO - Processing /home/airflow/.local/lib/python3.8/site-packages/airflow/example_dags/example_xcomargs.py took 0.230 seconds
[2023-12-31T05:32:42.055+0000] {processor.py:161} INFO - Started process (PID=944) to work on /home/airflow/.local/lib/python3.8/site-packages/airflow/example_dags/example_xcomargs.py
[2023-12-31T05:32:42.057+0000] {processor.py:830} INFO - Processing file /home/airflow/.local/lib/python3.8/site-packages/airflow/example_dags/example_xcomargs.py for tasks to queue
[2023-12-31T05:32:42.060+0000] {logging_mixin.py:188} INFO - [2023-12-31T05:32:42.060+0000] {dagbag.py:538} INFO - Filling up the DagBag from /home/airflow/.local/lib/python3.8/site-packages/airflow/example_dags/example_xcomargs.py
[2023-12-31T05:32:42.078+0000] {processor.py:840} INFO - DAG(s) 'example_xcom_args_with_operators', 'example_xcom_args' retrieved from /home/airflow/.local/lib/python3.8/site-packages/airflow/example_dags/example_xcomargs.py
[2023-12-31T05:32:42.140+0000] {logging_mixin.py:188} INFO - [2023-12-31T05:32:42.140+0000] {dag.py:3033} INFO - Sync 2 DAGs
[2023-12-31T05:32:42.194+0000] {logging_mixin.py:188} INFO - [2023-12-31T05:32:42.194+0000] {dag.py:3820} INFO - Setting next_dagrun for example_xcom_args to None, run_after=None
[2023-12-31T05:32:42.220+0000] {logging_mixin.py:188} INFO - [2023-12-31T05:32:42.219+0000] {dag.py:3820} INFO - Setting next_dagrun for example_xcom_args_with_operators to None, run_after=None
[2023-12-31T05:32:42.328+0000] {processor.py:183} INFO - Processing /home/airflow/.local/lib/python3.8/site-packages/airflow/example_dags/example_xcomargs.py took 0.280 seconds
[2023-12-31T05:33:47.516+0000] {processor.py:161} INFO - Started process (PID=1006) to work on /home/airflow/.local/lib/python3.8/site-packages/airflow/example_dags/example_xcomargs.py
[2023-12-31T05:33:47.517+0000] {processor.py:830} INFO - Processing file /home/airflow/.local/lib/python3.8/site-packages/airflow/example_dags/example_xcomargs.py for tasks to queue
[2023-12-31T05:33:47.521+0000] {logging_mixin.py:188} INFO - [2023-12-31T05:33:47.520+0000] {dagbag.py:538} INFO - Filling up the DagBag from /home/airflow/.local/lib/python3.8/site-packages/airflow/example_dags/example_xcomargs.py
[2023-12-31T05:33:47.533+0000] {processor.py:840} INFO - DAG(s) 'example_xcom_args', 'example_xcom_args_with_operators' retrieved from /home/airflow/.local/lib/python3.8/site-packages/airflow/example_dags/example_xcomargs.py
[2023-12-31T05:33:47.572+0000] {logging_mixin.py:188} INFO - [2023-12-31T05:33:47.572+0000] {dag.py:3033} INFO - Sync 2 DAGs
[2023-12-31T05:33:47.592+0000] {logging_mixin.py:188} INFO - [2023-12-31T05:33:47.591+0000] {dag.py:3820} INFO - Setting next_dagrun for example_xcom_args to None, run_after=None
[2023-12-31T05:33:47.599+0000] {logging_mixin.py:188} INFO - [2023-12-31T05:33:47.599+0000] {dag.py:3820} INFO - Setting next_dagrun for example_xcom_args_with_operators to None, run_after=None
[2023-12-31T05:33:47.633+0000] {processor.py:183} INFO - Processing /home/airflow/.local/lib/python3.8/site-packages/airflow/example_dags/example_xcomargs.py took 0.122 seconds
[2023-12-31T05:34:41.110+0000] {processor.py:161} INFO - Started process (PID=1078) to work on /home/airflow/.local/lib/python3.8/site-packages/airflow/example_dags/example_xcomargs.py
[2023-12-31T05:34:41.113+0000] {processor.py:830} INFO - Processing file /home/airflow/.local/lib/python3.8/site-packages/airflow/example_dags/example_xcomargs.py for tasks to queue
[2023-12-31T05:34:41.118+0000] {logging_mixin.py:188} INFO - [2023-12-31T05:34:41.117+0000] {dagbag.py:538} INFO - Filling up the DagBag from /home/airflow/.local/lib/python3.8/site-packages/airflow/example_dags/example_xcomargs.py
[2023-12-31T05:34:41.154+0000] {processor.py:840} INFO - DAG(s) 'example_xcom_args', 'example_xcom_args_with_operators' retrieved from /home/airflow/.local/lib/python3.8/site-packages/airflow/example_dags/example_xcomargs.py
[2023-12-31T05:34:41.230+0000] {logging_mixin.py:188} INFO - [2023-12-31T05:34:41.229+0000] {dag.py:3033} INFO - Sync 2 DAGs
[2023-12-31T05:34:41.290+0000] {logging_mixin.py:188} INFO - [2023-12-31T05:34:41.290+0000] {dag.py:3820} INFO - Setting next_dagrun for example_xcom_args to None, run_after=None
[2023-12-31T05:34:41.298+0000] {logging_mixin.py:188} INFO - [2023-12-31T05:34:41.298+0000] {dag.py:3820} INFO - Setting next_dagrun for example_xcom_args_with_operators to None, run_after=None
[2023-12-31T05:34:41.534+0000] {processor.py:183} INFO - Processing /home/airflow/.local/lib/python3.8/site-packages/airflow/example_dags/example_xcomargs.py took 0.436 seconds
[2023-12-31T05:35:11.593+0000] {processor.py:161} INFO - Started process (PID=1134) to work on /home/airflow/.local/lib/python3.8/site-packages/airflow/example_dags/example_xcomargs.py
[2023-12-31T05:35:11.596+0000] {processor.py:830} INFO - Processing file /home/airflow/.local/lib/python3.8/site-packages/airflow/example_dags/example_xcomargs.py for tasks to queue
[2023-12-31T05:35:11.604+0000] {logging_mixin.py:188} INFO - [2023-12-31T05:35:11.603+0000] {dagbag.py:538} INFO - Filling up the DagBag from /home/airflow/.local/lib/python3.8/site-packages/airflow/example_dags/example_xcomargs.py
[2023-12-31T05:35:11.626+0000] {processor.py:840} INFO - DAG(s) 'example_xcom_args_with_operators', 'example_xcom_args' retrieved from /home/airflow/.local/lib/python3.8/site-packages/airflow/example_dags/example_xcomargs.py
[2023-12-31T05:35:11.729+0000] {logging_mixin.py:188} INFO - [2023-12-31T05:35:11.728+0000] {dag.py:3033} INFO - Sync 2 DAGs
[2023-12-31T05:35:11.809+0000] {logging_mixin.py:188} INFO - [2023-12-31T05:35:11.809+0000] {dag.py:3820} INFO - Setting next_dagrun for example_xcom_args to None, run_after=None
[2023-12-31T05:35:11.839+0000] {logging_mixin.py:188} INFO - [2023-12-31T05:35:11.838+0000] {dag.py:3820} INFO - Setting next_dagrun for example_xcom_args_with_operators to None, run_after=None
[2023-12-31T05:35:11.961+0000] {processor.py:183} INFO - Processing /home/airflow/.local/lib/python3.8/site-packages/airflow/example_dags/example_xcomargs.py took 0.374 seconds
[2023-12-31T05:35:43.376+0000] {processor.py:161} INFO - Started process (PID=1190) to work on /home/airflow/.local/lib/python3.8/site-packages/airflow/example_dags/example_xcomargs.py
[2023-12-31T05:35:43.425+0000] {processor.py:830} INFO - Processing file /home/airflow/.local/lib/python3.8/site-packages/airflow/example_dags/example_xcomargs.py for tasks to queue
[2023-12-31T05:35:43.429+0000] {logging_mixin.py:188} INFO - [2023-12-31T05:35:43.428+0000] {dagbag.py:538} INFO - Filling up the DagBag from /home/airflow/.local/lib/python3.8/site-packages/airflow/example_dags/example_xcomargs.py
[2023-12-31T05:35:43.441+0000] {processor.py:840} INFO - DAG(s) 'example_xcom_args', 'example_xcom_args_with_operators' retrieved from /home/airflow/.local/lib/python3.8/site-packages/airflow/example_dags/example_xcomargs.py
[2023-12-31T05:35:43.534+0000] {logging_mixin.py:188} INFO - [2023-12-31T05:35:43.533+0000] {dag.py:3033} INFO - Sync 2 DAGs
[2023-12-31T05:35:43.557+0000] {logging_mixin.py:188} INFO - [2023-12-31T05:35:43.557+0000] {dag.py:3820} INFO - Setting next_dagrun for example_xcom_args to None, run_after=None
[2023-12-31T05:35:43.564+0000] {logging_mixin.py:188} INFO - [2023-12-31T05:35:43.564+0000] {dag.py:3820} INFO - Setting next_dagrun for example_xcom_args_with_operators to None, run_after=None
[2023-12-31T05:35:43.663+0000] {processor.py:183} INFO - Processing /home/airflow/.local/lib/python3.8/site-packages/airflow/example_dags/example_xcomargs.py took 0.291 seconds
[2023-12-31T05:36:14.498+0000] {processor.py:161} INFO - Started process (PID=1246) to work on /home/airflow/.local/lib/python3.8/site-packages/airflow/example_dags/example_xcomargs.py
[2023-12-31T05:36:14.500+0000] {processor.py:830} INFO - Processing file /home/airflow/.local/lib/python3.8/site-packages/airflow/example_dags/example_xcomargs.py for tasks to queue
[2023-12-31T05:36:14.504+0000] {logging_mixin.py:188} INFO - [2023-12-31T05:36:14.503+0000] {dagbag.py:538} INFO - Filling up the DagBag from /home/airflow/.local/lib/python3.8/site-packages/airflow/example_dags/example_xcomargs.py
[2023-12-31T05:36:14.517+0000] {processor.py:840} INFO - DAG(s) 'example_xcom_args', 'example_xcom_args_with_operators' retrieved from /home/airflow/.local/lib/python3.8/site-packages/airflow/example_dags/example_xcomargs.py
[2023-12-31T05:36:14.551+0000] {logging_mixin.py:188} INFO - [2023-12-31T05:36:14.551+0000] {dag.py:3033} INFO - Sync 2 DAGs
[2023-12-31T05:36:14.569+0000] {logging_mixin.py:188} INFO - [2023-12-31T05:36:14.569+0000] {dag.py:3820} INFO - Setting next_dagrun for example_xcom_args to None, run_after=None
[2023-12-31T05:36:14.576+0000] {logging_mixin.py:188} INFO - [2023-12-31T05:36:14.576+0000] {dag.py:3820} INFO - Setting next_dagrun for example_xcom_args_with_operators to None, run_after=None
[2023-12-31T05:36:14.609+0000] {processor.py:183} INFO - Processing /home/airflow/.local/lib/python3.8/site-packages/airflow/example_dags/example_xcomargs.py took 0.116 seconds
[2023-12-31T05:36:45.094+0000] {processor.py:161} INFO - Started process (PID=1302) to work on /home/airflow/.local/lib/python3.8/site-packages/airflow/example_dags/example_xcomargs.py
[2023-12-31T05:36:45.096+0000] {processor.py:830} INFO - Processing file /home/airflow/.local/lib/python3.8/site-packages/airflow/example_dags/example_xcomargs.py for tasks to queue
[2023-12-31T05:36:45.100+0000] {logging_mixin.py:188} INFO - [2023-12-31T05:36:45.099+0000] {dagbag.py:538} INFO - Filling up the DagBag from /home/airflow/.local/lib/python3.8/site-packages/airflow/example_dags/example_xcomargs.py
[2023-12-31T05:36:45.111+0000] {processor.py:840} INFO - DAG(s) 'example_xcom_args', 'example_xcom_args_with_operators' retrieved from /home/airflow/.local/lib/python3.8/site-packages/airflow/example_dags/example_xcomargs.py
[2023-12-31T05:36:45.149+0000] {logging_mixin.py:188} INFO - [2023-12-31T05:36:45.148+0000] {dag.py:3033} INFO - Sync 2 DAGs
[2023-12-31T05:36:45.169+0000] {logging_mixin.py:188} INFO - [2023-12-31T05:36:45.169+0000] {dag.py:3820} INFO - Setting next_dagrun for example_xcom_args to None, run_after=None
[2023-12-31T05:36:45.175+0000] {logging_mixin.py:188} INFO - [2023-12-31T05:36:45.175+0000] {dag.py:3820} INFO - Setting next_dagrun for example_xcom_args_with_operators to None, run_after=None
[2023-12-31T05:36:45.254+0000] {processor.py:183} INFO - Processing /home/airflow/.local/lib/python3.8/site-packages/airflow/example_dags/example_xcomargs.py took 0.165 seconds
[2023-12-31T05:37:15.670+0000] {processor.py:161} INFO - Started process (PID=1358) to work on /home/airflow/.local/lib/python3.8/site-packages/airflow/example_dags/example_xcomargs.py
[2023-12-31T05:37:15.672+0000] {processor.py:830} INFO - Processing file /home/airflow/.local/lib/python3.8/site-packages/airflow/example_dags/example_xcomargs.py for tasks to queue
[2023-12-31T05:37:15.675+0000] {logging_mixin.py:188} INFO - [2023-12-31T05:37:15.675+0000] {dagbag.py:538} INFO - Filling up the DagBag from /home/airflow/.local/lib/python3.8/site-packages/airflow/example_dags/example_xcomargs.py
[2023-12-31T05:37:15.689+0000] {processor.py:840} INFO - DAG(s) 'example_xcom_args_with_operators', 'example_xcom_args' retrieved from /home/airflow/.local/lib/python3.8/site-packages/airflow/example_dags/example_xcomargs.py
[2023-12-31T05:37:15.734+0000] {logging_mixin.py:188} INFO - [2023-12-31T05:37:15.733+0000] {dag.py:3033} INFO - Sync 2 DAGs
[2023-12-31T05:37:15.763+0000] {logging_mixin.py:188} INFO - [2023-12-31T05:37:15.762+0000] {dag.py:3820} INFO - Setting next_dagrun for example_xcom_args to None, run_after=None
[2023-12-31T05:37:15.772+0000] {logging_mixin.py:188} INFO - [2023-12-31T05:37:15.772+0000] {dag.py:3820} INFO - Setting next_dagrun for example_xcom_args_with_operators to None, run_after=None
[2023-12-31T05:37:15.809+0000] {processor.py:183} INFO - Processing /home/airflow/.local/lib/python3.8/site-packages/airflow/example_dags/example_xcomargs.py took 0.144 seconds
[2023-12-31T05:37:47.892+0000] {processor.py:161} INFO - Started process (PID=1414) to work on /home/airflow/.local/lib/python3.8/site-packages/airflow/example_dags/example_xcomargs.py
[2023-12-31T05:37:47.893+0000] {processor.py:830} INFO - Processing file /home/airflow/.local/lib/python3.8/site-packages/airflow/example_dags/example_xcomargs.py for tasks to queue
[2023-12-31T05:37:47.896+0000] {logging_mixin.py:188} INFO - [2023-12-31T05:37:47.895+0000] {dagbag.py:538} INFO - Filling up the DagBag from /home/airflow/.local/lib/python3.8/site-packages/airflow/example_dags/example_xcomargs.py
[2023-12-31T05:37:47.907+0000] {processor.py:840} INFO - DAG(s) 'example_xcom_args_with_operators', 'example_xcom_args' retrieved from /home/airflow/.local/lib/python3.8/site-packages/airflow/example_dags/example_xcomargs.py
[2023-12-31T05:37:47.948+0000] {logging_mixin.py:188} INFO - [2023-12-31T05:37:47.948+0000] {dag.py:3033} INFO - Sync 2 DAGs
[2023-12-31T05:37:47.968+0000] {logging_mixin.py:188} INFO - [2023-12-31T05:37:47.968+0000] {dag.py:3820} INFO - Setting next_dagrun for example_xcom_args to None, run_after=None
[2023-12-31T05:37:47.973+0000] {logging_mixin.py:188} INFO - [2023-12-31T05:37:47.973+0000] {dag.py:3820} INFO - Setting next_dagrun for example_xcom_args_with_operators to None, run_after=None
[2023-12-31T05:37:48.017+0000] {processor.py:183} INFO - Processing /home/airflow/.local/lib/python3.8/site-packages/airflow/example_dags/example_xcomargs.py took 0.129 seconds
[2023-12-31T05:38:22.130+0000] {processor.py:161} INFO - Started process (PID=1468) to work on /home/airflow/.local/lib/python3.8/site-packages/airflow/example_dags/example_xcomargs.py
[2023-12-31T05:38:22.131+0000] {processor.py:830} INFO - Processing file /home/airflow/.local/lib/python3.8/site-packages/airflow/example_dags/example_xcomargs.py for tasks to queue
[2023-12-31T05:38:22.134+0000] {logging_mixin.py:188} INFO - [2023-12-31T05:38:22.134+0000] {dagbag.py:538} INFO - Filling up the DagBag from /home/airflow/.local/lib/python3.8/site-packages/airflow/example_dags/example_xcomargs.py
[2023-12-31T05:38:22.143+0000] {processor.py:840} INFO - DAG(s) 'example_xcom_args', 'example_xcom_args_with_operators' retrieved from /home/airflow/.local/lib/python3.8/site-packages/airflow/example_dags/example_xcomargs.py
[2023-12-31T05:38:22.176+0000] {logging_mixin.py:188} INFO - [2023-12-31T05:38:22.176+0000] {dag.py:3033} INFO - Sync 2 DAGs
[2023-12-31T05:38:22.197+0000] {logging_mixin.py:188} INFO - [2023-12-31T05:38:22.197+0000] {dag.py:3820} INFO - Setting next_dagrun for example_xcom_args to None, run_after=None
[2023-12-31T05:38:22.203+0000] {logging_mixin.py:188} INFO - [2023-12-31T05:38:22.202+0000] {dag.py:3820} INFO - Setting next_dagrun for example_xcom_args_with_operators to None, run_after=None
[2023-12-31T05:38:22.237+0000] {processor.py:183} INFO - Processing /home/airflow/.local/lib/python3.8/site-packages/airflow/example_dags/example_xcomargs.py took 0.112 seconds
[2023-12-31T05:38:52.839+0000] {processor.py:161} INFO - Started process (PID=1525) to work on /home/airflow/.local/lib/python3.8/site-packages/airflow/example_dags/example_xcomargs.py
[2023-12-31T05:38:52.840+0000] {processor.py:830} INFO - Processing file /home/airflow/.local/lib/python3.8/site-packages/airflow/example_dags/example_xcomargs.py for tasks to queue
[2023-12-31T05:38:52.844+0000] {logging_mixin.py:188} INFO - [2023-12-31T05:38:52.843+0000] {dagbag.py:538} INFO - Filling up the DagBag from /home/airflow/.local/lib/python3.8/site-packages/airflow/example_dags/example_xcomargs.py
[2023-12-31T05:38:52.857+0000] {processor.py:840} INFO - DAG(s) 'example_xcom_args_with_operators', 'example_xcom_args' retrieved from /home/airflow/.local/lib/python3.8/site-packages/airflow/example_dags/example_xcomargs.py
[2023-12-31T05:38:52.891+0000] {logging_mixin.py:188} INFO - [2023-12-31T05:38:52.891+0000] {dag.py:3033} INFO - Sync 2 DAGs
[2023-12-31T05:38:52.911+0000] {logging_mixin.py:188} INFO - [2023-12-31T05:38:52.911+0000] {dag.py:3820} INFO - Setting next_dagrun for example_xcom_args to None, run_after=None
[2023-12-31T05:38:52.917+0000] {logging_mixin.py:188} INFO - [2023-12-31T05:38:52.916+0000] {dag.py:3820} INFO - Setting next_dagrun for example_xcom_args_with_operators to None, run_after=None
[2023-12-31T05:38:52.943+0000] {processor.py:183} INFO - Processing /home/airflow/.local/lib/python3.8/site-packages/airflow/example_dags/example_xcomargs.py took 0.107 seconds
[2023-12-31T05:39:23.094+0000] {processor.py:161} INFO - Started process (PID=1581) to work on /home/airflow/.local/lib/python3.8/site-packages/airflow/example_dags/example_xcomargs.py
[2023-12-31T05:39:23.095+0000] {processor.py:830} INFO - Processing file /home/airflow/.local/lib/python3.8/site-packages/airflow/example_dags/example_xcomargs.py for tasks to queue
[2023-12-31T05:39:23.098+0000] {logging_mixin.py:188} INFO - [2023-12-31T05:39:23.098+0000] {dagbag.py:538} INFO - Filling up the DagBag from /home/airflow/.local/lib/python3.8/site-packages/airflow/example_dags/example_xcomargs.py
[2023-12-31T05:39:23.109+0000] {processor.py:840} INFO - DAG(s) 'example_xcom_args', 'example_xcom_args_with_operators' retrieved from /home/airflow/.local/lib/python3.8/site-packages/airflow/example_dags/example_xcomargs.py
[2023-12-31T05:39:23.140+0000] {logging_mixin.py:188} INFO - [2023-12-31T05:39:23.139+0000] {dag.py:3033} INFO - Sync 2 DAGs
[2023-12-31T05:39:23.156+0000] {logging_mixin.py:188} INFO - [2023-12-31T05:39:23.156+0000] {dag.py:3820} INFO - Setting next_dagrun for example_xcom_args to None, run_after=None
[2023-12-31T05:39:23.163+0000] {logging_mixin.py:188} INFO - [2023-12-31T05:39:23.163+0000] {dag.py:3820} INFO - Setting next_dagrun for example_xcom_args_with_operators to None, run_after=None
[2023-12-31T05:39:23.194+0000] {processor.py:183} INFO - Processing /home/airflow/.local/lib/python3.8/site-packages/airflow/example_dags/example_xcomargs.py took 0.105 seconds
[2023-12-31T05:39:53.801+0000] {processor.py:161} INFO - Started process (PID=1637) to work on /home/airflow/.local/lib/python3.8/site-packages/airflow/example_dags/example_xcomargs.py
[2023-12-31T05:39:53.804+0000] {processor.py:830} INFO - Processing file /home/airflow/.local/lib/python3.8/site-packages/airflow/example_dags/example_xcomargs.py for tasks to queue
[2023-12-31T05:39:53.808+0000] {logging_mixin.py:188} INFO - [2023-12-31T05:39:53.808+0000] {dagbag.py:538} INFO - Filling up the DagBag from /home/airflow/.local/lib/python3.8/site-packages/airflow/example_dags/example_xcomargs.py
[2023-12-31T05:39:53.822+0000] {processor.py:840} INFO - DAG(s) 'example_xcom_args', 'example_xcom_args_with_operators' retrieved from /home/airflow/.local/lib/python3.8/site-packages/airflow/example_dags/example_xcomargs.py
[2023-12-31T05:39:53.859+0000] {logging_mixin.py:188} INFO - [2023-12-31T05:39:53.859+0000] {dag.py:3033} INFO - Sync 2 DAGs
[2023-12-31T05:39:53.881+0000] {logging_mixin.py:188} INFO - [2023-12-31T05:39:53.880+0000] {dag.py:3820} INFO - Setting next_dagrun for example_xcom_args to None, run_after=None
[2023-12-31T05:39:53.887+0000] {logging_mixin.py:188} INFO - [2023-12-31T05:39:53.887+0000] {dag.py:3820} INFO - Setting next_dagrun for example_xcom_args_with_operators to None, run_after=None
[2023-12-31T05:39:53.916+0000] {processor.py:183} INFO - Processing /home/airflow/.local/lib/python3.8/site-packages/airflow/example_dags/example_xcomargs.py took 0.120 seconds
[2023-12-31T05:40:24.978+0000] {processor.py:161} INFO - Started process (PID=1693) to work on /home/airflow/.local/lib/python3.8/site-packages/airflow/example_dags/example_xcomargs.py
[2023-12-31T05:40:24.980+0000] {processor.py:830} INFO - Processing file /home/airflow/.local/lib/python3.8/site-packages/airflow/example_dags/example_xcomargs.py for tasks to queue
[2023-12-31T05:40:24.986+0000] {logging_mixin.py:188} INFO - [2023-12-31T05:40:24.986+0000] {dagbag.py:538} INFO - Filling up the DagBag from /home/airflow/.local/lib/python3.8/site-packages/airflow/example_dags/example_xcomargs.py
[2023-12-31T05:40:25.000+0000] {processor.py:840} INFO - DAG(s) 'example_xcom_args_with_operators', 'example_xcom_args' retrieved from /home/airflow/.local/lib/python3.8/site-packages/airflow/example_dags/example_xcomargs.py
[2023-12-31T05:40:25.044+0000] {logging_mixin.py:188} INFO - [2023-12-31T05:40:25.044+0000] {dag.py:3033} INFO - Sync 2 DAGs
[2023-12-31T05:40:25.065+0000] {logging_mixin.py:188} INFO - [2023-12-31T05:40:25.064+0000] {dag.py:3820} INFO - Setting next_dagrun for example_xcom_args to None, run_after=None
[2023-12-31T05:40:25.071+0000] {logging_mixin.py:188} INFO - [2023-12-31T05:40:25.071+0000] {dag.py:3820} INFO - Setting next_dagrun for example_xcom_args_with_operators to None, run_after=None
[2023-12-31T05:40:25.106+0000] {processor.py:183} INFO - Processing /home/airflow/.local/lib/python3.8/site-packages/airflow/example_dags/example_xcomargs.py took 0.134 seconds
[2023-12-31T05:40:55.634+0000] {processor.py:161} INFO - Started process (PID=1749) to work on /home/airflow/.local/lib/python3.8/site-packages/airflow/example_dags/example_xcomargs.py
[2023-12-31T05:40:55.636+0000] {processor.py:830} INFO - Processing file /home/airflow/.local/lib/python3.8/site-packages/airflow/example_dags/example_xcomargs.py for tasks to queue
[2023-12-31T05:40:55.639+0000] {logging_mixin.py:188} INFO - [2023-12-31T05:40:55.639+0000] {dagbag.py:538} INFO - Filling up the DagBag from /home/airflow/.local/lib/python3.8/site-packages/airflow/example_dags/example_xcomargs.py
[2023-12-31T05:40:55.649+0000] {processor.py:840} INFO - DAG(s) 'example_xcom_args', 'example_xcom_args_with_operators' retrieved from /home/airflow/.local/lib/python3.8/site-packages/airflow/example_dags/example_xcomargs.py
[2023-12-31T05:40:55.682+0000] {logging_mixin.py:188} INFO - [2023-12-31T05:40:55.682+0000] {dag.py:3033} INFO - Sync 2 DAGs
[2023-12-31T05:40:55.701+0000] {logging_mixin.py:188} INFO - [2023-12-31T05:40:55.700+0000] {dag.py:3820} INFO - Setting next_dagrun for example_xcom_args to None, run_after=None
[2023-12-31T05:40:55.706+0000] {logging_mixin.py:188} INFO - [2023-12-31T05:40:55.706+0000] {dag.py:3820} INFO - Setting next_dagrun for example_xcom_args_with_operators to None, run_after=None
[2023-12-31T05:40:55.733+0000] {processor.py:183} INFO - Processing /home/airflow/.local/lib/python3.8/site-packages/airflow/example_dags/example_xcomargs.py took 0.102 seconds
[2023-12-31T05:41:26.077+0000] {processor.py:161} INFO - Started process (PID=1806) to work on /home/airflow/.local/lib/python3.8/site-packages/airflow/example_dags/example_xcomargs.py
[2023-12-31T05:41:26.079+0000] {processor.py:830} INFO - Processing file /home/airflow/.local/lib/python3.8/site-packages/airflow/example_dags/example_xcomargs.py for tasks to queue
[2023-12-31T05:41:26.083+0000] {logging_mixin.py:188} INFO - [2023-12-31T05:41:26.082+0000] {dagbag.py:538} INFO - Filling up the DagBag from /home/airflow/.local/lib/python3.8/site-packages/airflow/example_dags/example_xcomargs.py
[2023-12-31T05:41:26.098+0000] {processor.py:840} INFO - DAG(s) 'example_xcom_args', 'example_xcom_args_with_operators' retrieved from /home/airflow/.local/lib/python3.8/site-packages/airflow/example_dags/example_xcomargs.py
[2023-12-31T05:41:26.136+0000] {logging_mixin.py:188} INFO - [2023-12-31T05:41:26.136+0000] {dag.py:3033} INFO - Sync 2 DAGs
[2023-12-31T05:41:26.158+0000] {logging_mixin.py:188} INFO - [2023-12-31T05:41:26.158+0000] {dag.py:3820} INFO - Setting next_dagrun for example_xcom_args to None, run_after=None
[2023-12-31T05:41:26.169+0000] {logging_mixin.py:188} INFO - [2023-12-31T05:41:26.169+0000] {dag.py:3820} INFO - Setting next_dagrun for example_xcom_args_with_operators to None, run_after=None
[2023-12-31T05:41:26.208+0000] {processor.py:183} INFO - Processing /home/airflow/.local/lib/python3.8/site-packages/airflow/example_dags/example_xcomargs.py took 0.137 seconds
[2023-12-31T05:41:56.870+0000] {processor.py:161} INFO - Started process (PID=1862) to work on /home/airflow/.local/lib/python3.8/site-packages/airflow/example_dags/example_xcomargs.py
[2023-12-31T05:41:56.872+0000] {processor.py:830} INFO - Processing file /home/airflow/.local/lib/python3.8/site-packages/airflow/example_dags/example_xcomargs.py for tasks to queue
[2023-12-31T05:41:56.876+0000] {logging_mixin.py:188} INFO - [2023-12-31T05:41:56.876+0000] {dagbag.py:538} INFO - Filling up the DagBag from /home/airflow/.local/lib/python3.8/site-packages/airflow/example_dags/example_xcomargs.py
[2023-12-31T05:41:56.888+0000] {processor.py:840} INFO - DAG(s) 'example_xcom_args_with_operators', 'example_xcom_args' retrieved from /home/airflow/.local/lib/python3.8/site-packages/airflow/example_dags/example_xcomargs.py
[2023-12-31T05:41:56.932+0000] {logging_mixin.py:188} INFO - [2023-12-31T05:41:56.932+0000] {dag.py:3033} INFO - Sync 2 DAGs
[2023-12-31T05:41:56.954+0000] {logging_mixin.py:188} INFO - [2023-12-31T05:41:56.954+0000] {dag.py:3820} INFO - Setting next_dagrun for example_xcom_args to None, run_after=None
[2023-12-31T05:41:56.961+0000] {logging_mixin.py:188} INFO - [2023-12-31T05:41:56.961+0000] {dag.py:3820} INFO - Setting next_dagrun for example_xcom_args_with_operators to None, run_after=None
[2023-12-31T05:41:56.995+0000] {processor.py:183} INFO - Processing /home/airflow/.local/lib/python3.8/site-packages/airflow/example_dags/example_xcomargs.py took 0.131 seconds
[2023-12-31T05:42:27.314+0000] {processor.py:161} INFO - Started process (PID=1917) to work on /home/airflow/.local/lib/python3.8/site-packages/airflow/example_dags/example_xcomargs.py
[2023-12-31T05:42:27.326+0000] {processor.py:830} INFO - Processing file /home/airflow/.local/lib/python3.8/site-packages/airflow/example_dags/example_xcomargs.py for tasks to queue
[2023-12-31T05:42:27.349+0000] {logging_mixin.py:188} INFO - [2023-12-31T05:42:27.348+0000] {dagbag.py:538} INFO - Filling up the DagBag from /home/airflow/.local/lib/python3.8/site-packages/airflow/example_dags/example_xcomargs.py
[2023-12-31T05:42:27.388+0000] {processor.py:840} INFO - DAG(s) 'example_xcom_args_with_operators', 'example_xcom_args' retrieved from /home/airflow/.local/lib/python3.8/site-packages/airflow/example_dags/example_xcomargs.py
[2023-12-31T05:42:27.452+0000] {logging_mixin.py:188} INFO - [2023-12-31T05:42:27.451+0000] {dag.py:3033} INFO - Sync 2 DAGs
[2023-12-31T05:42:27.479+0000] {logging_mixin.py:188} INFO - [2023-12-31T05:42:27.479+0000] {dag.py:3820} INFO - Setting next_dagrun for example_xcom_args to None, run_after=None
[2023-12-31T05:42:27.485+0000] {logging_mixin.py:188} INFO - [2023-12-31T05:42:27.485+0000] {dag.py:3820} INFO - Setting next_dagrun for example_xcom_args_with_operators to None, run_after=None
[2023-12-31T05:42:27.631+0000] {processor.py:183} INFO - Processing /home/airflow/.local/lib/python3.8/site-packages/airflow/example_dags/example_xcomargs.py took 0.332 seconds
[2023-12-31T05:42:58.227+0000] {processor.py:161} INFO - Started process (PID=1974) to work on /home/airflow/.local/lib/python3.8/site-packages/airflow/example_dags/example_xcomargs.py
[2023-12-31T05:42:58.229+0000] {processor.py:830} INFO - Processing file /home/airflow/.local/lib/python3.8/site-packages/airflow/example_dags/example_xcomargs.py for tasks to queue
[2023-12-31T05:42:58.232+0000] {logging_mixin.py:188} INFO - [2023-12-31T05:42:58.231+0000] {dagbag.py:538} INFO - Filling up the DagBag from /home/airflow/.local/lib/python3.8/site-packages/airflow/example_dags/example_xcomargs.py
[2023-12-31T05:42:58.277+0000] {processor.py:840} INFO - DAG(s) 'example_xcom_args', 'example_xcom_args_with_operators' retrieved from /home/airflow/.local/lib/python3.8/site-packages/airflow/example_dags/example_xcomargs.py
[2023-12-31T05:42:58.389+0000] {logging_mixin.py:188} INFO - [2023-12-31T05:42:58.388+0000] {dag.py:3033} INFO - Sync 2 DAGs
[2023-12-31T05:42:58.453+0000] {logging_mixin.py:188} INFO - [2023-12-31T05:42:58.453+0000] {dag.py:3820} INFO - Setting next_dagrun for example_xcom_args to None, run_after=None
[2023-12-31T05:42:58.467+0000] {logging_mixin.py:188} INFO - [2023-12-31T05:42:58.466+0000] {dag.py:3820} INFO - Setting next_dagrun for example_xcom_args_with_operators to None, run_after=None
[2023-12-31T05:42:58.556+0000] {processor.py:183} INFO - Processing /home/airflow/.local/lib/python3.8/site-packages/airflow/example_dags/example_xcomargs.py took 0.338 seconds
[2023-12-31T05:43:29.075+0000] {processor.py:161} INFO - Started process (PID=2031) to work on /home/airflow/.local/lib/python3.8/site-packages/airflow/example_dags/example_xcomargs.py
[2023-12-31T05:43:29.098+0000] {processor.py:830} INFO - Processing file /home/airflow/.local/lib/python3.8/site-packages/airflow/example_dags/example_xcomargs.py for tasks to queue
[2023-12-31T05:43:29.099+0000] {logging_mixin.py:188} INFO - [2023-12-31T05:43:29.099+0000] {dagbag.py:538} INFO - Filling up the DagBag from /home/airflow/.local/lib/python3.8/site-packages/airflow/example_dags/example_xcomargs.py
[2023-12-31T05:43:29.109+0000] {processor.py:840} INFO - DAG(s) 'example_xcom_args_with_operators', 'example_xcom_args' retrieved from /home/airflow/.local/lib/python3.8/site-packages/airflow/example_dags/example_xcomargs.py
[2023-12-31T05:43:29.153+0000] {logging_mixin.py:188} INFO - [2023-12-31T05:43:29.153+0000] {dag.py:3033} INFO - Sync 2 DAGs
[2023-12-31T05:43:29.173+0000] {logging_mixin.py:188} INFO - [2023-12-31T05:43:29.173+0000] {dag.py:3820} INFO - Setting next_dagrun for example_xcom_args to None, run_after=None
[2023-12-31T05:43:29.178+0000] {logging_mixin.py:188} INFO - [2023-12-31T05:43:29.177+0000] {dag.py:3820} INFO - Setting next_dagrun for example_xcom_args_with_operators to None, run_after=None
[2023-12-31T05:43:29.267+0000] {processor.py:183} INFO - Processing /home/airflow/.local/lib/python3.8/site-packages/airflow/example_dags/example_xcomargs.py took 0.197 seconds
[2023-12-31T05:44:01.817+0000] {processor.py:161} INFO - Started process (PID=2087) to work on /home/airflow/.local/lib/python3.8/site-packages/airflow/example_dags/example_xcomargs.py
[2023-12-31T05:44:01.876+0000] {processor.py:830} INFO - Processing file /home/airflow/.local/lib/python3.8/site-packages/airflow/example_dags/example_xcomargs.py for tasks to queue
[2023-12-31T05:44:01.878+0000] {logging_mixin.py:188} INFO - [2023-12-31T05:44:01.878+0000] {dagbag.py:538} INFO - Filling up the DagBag from /home/airflow/.local/lib/python3.8/site-packages/airflow/example_dags/example_xcomargs.py
[2023-12-31T05:44:01.890+0000] {processor.py:840} INFO - DAG(s) 'example_xcom_args_with_operators', 'example_xcom_args' retrieved from /home/airflow/.local/lib/python3.8/site-packages/airflow/example_dags/example_xcomargs.py
[2023-12-31T05:44:01.923+0000] {logging_mixin.py:188} INFO - [2023-12-31T05:44:01.923+0000] {dag.py:3033} INFO - Sync 2 DAGs
[2023-12-31T05:44:01.941+0000] {logging_mixin.py:188} INFO - [2023-12-31T05:44:01.941+0000] {dag.py:3820} INFO - Setting next_dagrun for example_xcom_args to None, run_after=None
[2023-12-31T05:44:01.947+0000] {logging_mixin.py:188} INFO - [2023-12-31T05:44:01.947+0000] {dag.py:3820} INFO - Setting next_dagrun for example_xcom_args_with_operators to None, run_after=None
[2023-12-31T05:44:02.076+0000] {processor.py:183} INFO - Processing /home/airflow/.local/lib/python3.8/site-packages/airflow/example_dags/example_xcomargs.py took 0.262 seconds
[2023-12-31T05:44:33.369+0000] {processor.py:161} INFO - Started process (PID=2143) to work on /home/airflow/.local/lib/python3.8/site-packages/airflow/example_dags/example_xcomargs.py
[2023-12-31T05:44:33.375+0000] {processor.py:830} INFO - Processing file /home/airflow/.local/lib/python3.8/site-packages/airflow/example_dags/example_xcomargs.py for tasks to queue
[2023-12-31T05:44:33.385+0000] {logging_mixin.py:188} INFO - [2023-12-31T05:44:33.385+0000] {dagbag.py:538} INFO - Filling up the DagBag from /home/airflow/.local/lib/python3.8/site-packages/airflow/example_dags/example_xcomargs.py
[2023-12-31T05:44:33.410+0000] {processor.py:840} INFO - DAG(s) 'example_xcom_args', 'example_xcom_args_with_operators' retrieved from /home/airflow/.local/lib/python3.8/site-packages/airflow/example_dags/example_xcomargs.py
[2023-12-31T05:44:33.468+0000] {logging_mixin.py:188} INFO - [2023-12-31T05:44:33.467+0000] {dag.py:3033} INFO - Sync 2 DAGs
[2023-12-31T05:44:33.500+0000] {logging_mixin.py:188} INFO - [2023-12-31T05:44:33.500+0000] {dag.py:3820} INFO - Setting next_dagrun for example_xcom_args to None, run_after=None
[2023-12-31T05:44:33.526+0000] {logging_mixin.py:188} INFO - [2023-12-31T05:44:33.526+0000] {dag.py:3820} INFO - Setting next_dagrun for example_xcom_args_with_operators to None, run_after=None
[2023-12-31T05:44:33.716+0000] {processor.py:183} INFO - Processing /home/airflow/.local/lib/python3.8/site-packages/airflow/example_dags/example_xcomargs.py took 0.350 seconds
[2023-12-31T05:45:31.789+0000] {processor.py:161} INFO - Started process (PID=2211) to work on /home/airflow/.local/lib/python3.8/site-packages/airflow/example_dags/example_xcomargs.py
[2023-12-31T05:45:31.798+0000] {processor.py:830} INFO - Processing file /home/airflow/.local/lib/python3.8/site-packages/airflow/example_dags/example_xcomargs.py for tasks to queue
[2023-12-31T05:45:31.807+0000] {logging_mixin.py:188} INFO - [2023-12-31T05:45:31.806+0000] {dagbag.py:538} INFO - Filling up the DagBag from /home/airflow/.local/lib/python3.8/site-packages/airflow/example_dags/example_xcomargs.py
[2023-12-31T05:45:32.035+0000] {processor.py:840} INFO - DAG(s) 'example_xcom_args', 'example_xcom_args_with_operators' retrieved from /home/airflow/.local/lib/python3.8/site-packages/airflow/example_dags/example_xcomargs.py
[2023-12-31T05:45:32.096+0000] {logging_mixin.py:188} INFO - [2023-12-31T05:45:32.095+0000] {dag.py:3033} INFO - Sync 2 DAGs
[2023-12-31T05:45:32.410+0000] {logging_mixin.py:188} INFO - [2023-12-31T05:45:32.410+0000] {dag.py:3820} INFO - Setting next_dagrun for example_xcom_args to None, run_after=None
[2023-12-31T05:45:32.419+0000] {logging_mixin.py:188} INFO - [2023-12-31T05:45:32.419+0000] {dag.py:3820} INFO - Setting next_dagrun for example_xcom_args_with_operators to None, run_after=None
[2023-12-31T05:45:32.466+0000] {processor.py:183} INFO - Processing /home/airflow/.local/lib/python3.8/site-packages/airflow/example_dags/example_xcomargs.py took 0.695 seconds
[2023-12-31T05:46:04.668+0000] {processor.py:161} INFO - Started process (PID=2267) to work on /home/airflow/.local/lib/python3.8/site-packages/airflow/example_dags/example_xcomargs.py
[2023-12-31T05:46:04.759+0000] {processor.py:830} INFO - Processing file /home/airflow/.local/lib/python3.8/site-packages/airflow/example_dags/example_xcomargs.py for tasks to queue
[2023-12-31T05:46:04.761+0000] {logging_mixin.py:188} INFO - [2023-12-31T05:46:04.761+0000] {dagbag.py:538} INFO - Filling up the DagBag from /home/airflow/.local/lib/python3.8/site-packages/airflow/example_dags/example_xcomargs.py
[2023-12-31T05:46:04.816+0000] {processor.py:840} INFO - DAG(s) 'example_xcom_args', 'example_xcom_args_with_operators' retrieved from /home/airflow/.local/lib/python3.8/site-packages/airflow/example_dags/example_xcomargs.py
[2023-12-31T05:46:04.905+0000] {logging_mixin.py:188} INFO - [2023-12-31T05:46:04.905+0000] {dag.py:3033} INFO - Sync 2 DAGs
[2023-12-31T05:46:04.923+0000] {logging_mixin.py:188} INFO - [2023-12-31T05:46:04.923+0000] {dag.py:3820} INFO - Setting next_dagrun for example_xcom_args to None, run_after=None
[2023-12-31T05:46:04.930+0000] {logging_mixin.py:188} INFO - [2023-12-31T05:46:04.930+0000] {dag.py:3820} INFO - Setting next_dagrun for example_xcom_args_with_operators to None, run_after=None
[2023-12-31T05:46:05.336+0000] {processor.py:183} INFO - Processing /home/airflow/.local/lib/python3.8/site-packages/airflow/example_dags/example_xcomargs.py took 0.765 seconds
[2023-12-31T05:46:36.385+0000] {processor.py:161} INFO - Started process (PID=2324) to work on /home/airflow/.local/lib/python3.8/site-packages/airflow/example_dags/example_xcomargs.py
[2023-12-31T05:46:36.387+0000] {processor.py:830} INFO - Processing file /home/airflow/.local/lib/python3.8/site-packages/airflow/example_dags/example_xcomargs.py for tasks to queue
[2023-12-31T05:46:36.389+0000] {logging_mixin.py:188} INFO - [2023-12-31T05:46:36.388+0000] {dagbag.py:538} INFO - Filling up the DagBag from /home/airflow/.local/lib/python3.8/site-packages/airflow/example_dags/example_xcomargs.py
[2023-12-31T05:46:36.400+0000] {processor.py:840} INFO - DAG(s) 'example_xcom_args', 'example_xcom_args_with_operators' retrieved from /home/airflow/.local/lib/python3.8/site-packages/airflow/example_dags/example_xcomargs.py
[2023-12-31T05:46:36.431+0000] {logging_mixin.py:188} INFO - [2023-12-31T05:46:36.431+0000] {dag.py:3033} INFO - Sync 2 DAGs
[2023-12-31T05:46:36.449+0000] {logging_mixin.py:188} INFO - [2023-12-31T05:46:36.449+0000] {dag.py:3820} INFO - Setting next_dagrun for example_xcom_args to None, run_after=None
[2023-12-31T05:46:36.454+0000] {logging_mixin.py:188} INFO - [2023-12-31T05:46:36.454+0000] {dag.py:3820} INFO - Setting next_dagrun for example_xcom_args_with_operators to None, run_after=None
[2023-12-31T05:46:36.495+0000] {processor.py:183} INFO - Processing /home/airflow/.local/lib/python3.8/site-packages/airflow/example_dags/example_xcomargs.py took 0.203 seconds
[2023-12-31T05:47:06.687+0000] {processor.py:161} INFO - Started process (PID=2380) to work on /home/airflow/.local/lib/python3.8/site-packages/airflow/example_dags/example_xcomargs.py
[2023-12-31T05:47:06.689+0000] {processor.py:830} INFO - Processing file /home/airflow/.local/lib/python3.8/site-packages/airflow/example_dags/example_xcomargs.py for tasks to queue
[2023-12-31T05:47:06.690+0000] {logging_mixin.py:188} INFO - [2023-12-31T05:47:06.690+0000] {dagbag.py:538} INFO - Filling up the DagBag from /home/airflow/.local/lib/python3.8/site-packages/airflow/example_dags/example_xcomargs.py
[2023-12-31T05:47:06.704+0000] {processor.py:840} INFO - DAG(s) 'example_xcom_args', 'example_xcom_args_with_operators' retrieved from /home/airflow/.local/lib/python3.8/site-packages/airflow/example_dags/example_xcomargs.py
[2023-12-31T05:47:06.739+0000] {logging_mixin.py:188} INFO - [2023-12-31T05:47:06.739+0000] {dag.py:3033} INFO - Sync 2 DAGs
[2023-12-31T05:47:06.756+0000] {logging_mixin.py:188} INFO - [2023-12-31T05:47:06.756+0000] {dag.py:3820} INFO - Setting next_dagrun for example_xcom_args to None, run_after=None
[2023-12-31T05:47:06.762+0000] {logging_mixin.py:188} INFO - [2023-12-31T05:47:06.762+0000] {dag.py:3820} INFO - Setting next_dagrun for example_xcom_args_with_operators to None, run_after=None
[2023-12-31T05:47:06.795+0000] {processor.py:183} INFO - Processing /home/airflow/.local/lib/python3.8/site-packages/airflow/example_dags/example_xcomargs.py took 0.113 seconds
[2023-12-31T05:47:37.204+0000] {processor.py:161} INFO - Started process (PID=2436) to work on /home/airflow/.local/lib/python3.8/site-packages/airflow/example_dags/example_xcomargs.py
[2023-12-31T05:47:37.206+0000] {processor.py:830} INFO - Processing file /home/airflow/.local/lib/python3.8/site-packages/airflow/example_dags/example_xcomargs.py for tasks to queue
[2023-12-31T05:47:37.208+0000] {logging_mixin.py:188} INFO - [2023-12-31T05:47:37.208+0000] {dagbag.py:538} INFO - Filling up the DagBag from /home/airflow/.local/lib/python3.8/site-packages/airflow/example_dags/example_xcomargs.py
[2023-12-31T05:47:37.220+0000] {processor.py:840} INFO - DAG(s) 'example_xcom_args_with_operators', 'example_xcom_args' retrieved from /home/airflow/.local/lib/python3.8/site-packages/airflow/example_dags/example_xcomargs.py
[2023-12-31T05:47:37.254+0000] {logging_mixin.py:188} INFO - [2023-12-31T05:47:37.254+0000] {dag.py:3033} INFO - Sync 2 DAGs
[2023-12-31T05:47:37.271+0000] {logging_mixin.py:188} INFO - [2023-12-31T05:47:37.271+0000] {dag.py:3820} INFO - Setting next_dagrun for example_xcom_args to None, run_after=None
[2023-12-31T05:47:37.276+0000] {logging_mixin.py:188} INFO - [2023-12-31T05:47:37.276+0000] {dag.py:3820} INFO - Setting next_dagrun for example_xcom_args_with_operators to None, run_after=None
[2023-12-31T05:47:37.361+0000] {processor.py:183} INFO - Processing /home/airflow/.local/lib/python3.8/site-packages/airflow/example_dags/example_xcomargs.py took 0.160 seconds
[2023-12-31T05:48:07.848+0000] {processor.py:161} INFO - Started process (PID=2492) to work on /home/airflow/.local/lib/python3.8/site-packages/airflow/example_dags/example_xcomargs.py
[2023-12-31T05:48:07.852+0000] {processor.py:830} INFO - Processing file /home/airflow/.local/lib/python3.8/site-packages/airflow/example_dags/example_xcomargs.py for tasks to queue
[2023-12-31T05:48:07.855+0000] {logging_mixin.py:188} INFO - [2023-12-31T05:48:07.854+0000] {dagbag.py:538} INFO - Filling up the DagBag from /home/airflow/.local/lib/python3.8/site-packages/airflow/example_dags/example_xcomargs.py
[2023-12-31T05:48:07.867+0000] {processor.py:840} INFO - DAG(s) 'example_xcom_args', 'example_xcom_args_with_operators' retrieved from /home/airflow/.local/lib/python3.8/site-packages/airflow/example_dags/example_xcomargs.py
[2023-12-31T05:48:07.907+0000] {logging_mixin.py:188} INFO - [2023-12-31T05:48:07.907+0000] {dag.py:3033} INFO - Sync 2 DAGs
[2023-12-31T05:48:07.931+0000] {logging_mixin.py:188} INFO - [2023-12-31T05:48:07.930+0000] {dag.py:3820} INFO - Setting next_dagrun for example_xcom_args to None, run_after=None
[2023-12-31T05:48:07.939+0000] {logging_mixin.py:188} INFO - [2023-12-31T05:48:07.938+0000] {dag.py:3820} INFO - Setting next_dagrun for example_xcom_args_with_operators to None, run_after=None
[2023-12-31T05:48:07.975+0000] {processor.py:183} INFO - Processing /home/airflow/.local/lib/python3.8/site-packages/airflow/example_dags/example_xcomargs.py took 0.131 seconds
[2023-12-31T05:48:38.348+0000] {processor.py:161} INFO - Started process (PID=2548) to work on /home/airflow/.local/lib/python3.8/site-packages/airflow/example_dags/example_xcomargs.py
[2023-12-31T05:48:38.349+0000] {processor.py:830} INFO - Processing file /home/airflow/.local/lib/python3.8/site-packages/airflow/example_dags/example_xcomargs.py for tasks to queue
[2023-12-31T05:48:38.351+0000] {logging_mixin.py:188} INFO - [2023-12-31T05:48:38.350+0000] {dagbag.py:538} INFO - Filling up the DagBag from /home/airflow/.local/lib/python3.8/site-packages/airflow/example_dags/example_xcomargs.py
[2023-12-31T05:48:38.361+0000] {processor.py:840} INFO - DAG(s) 'example_xcom_args_with_operators', 'example_xcom_args' retrieved from /home/airflow/.local/lib/python3.8/site-packages/airflow/example_dags/example_xcomargs.py
[2023-12-31T05:48:38.394+0000] {logging_mixin.py:188} INFO - [2023-12-31T05:48:38.394+0000] {dag.py:3033} INFO - Sync 2 DAGs
[2023-12-31T05:48:38.412+0000] {logging_mixin.py:188} INFO - [2023-12-31T05:48:38.412+0000] {dag.py:3820} INFO - Setting next_dagrun for example_xcom_args to None, run_after=None
[2023-12-31T05:48:38.420+0000] {logging_mixin.py:188} INFO - [2023-12-31T05:48:38.420+0000] {dag.py:3820} INFO - Setting next_dagrun for example_xcom_args_with_operators to None, run_after=None
[2023-12-31T05:48:38.451+0000] {processor.py:183} INFO - Processing /home/airflow/.local/lib/python3.8/site-packages/airflow/example_dags/example_xcomargs.py took 0.108 seconds
