[2023-12-31T05:24:49.808+0000] {processor.py:161} INFO - Started process (PID=132) to work on /home/airflow/.local/lib/python3.8/site-packages/airflow/example_dags/example_complex.py
[2023-12-31T05:24:49.810+0000] {processor.py:830} INFO - Processing file /home/airflow/.local/lib/python3.8/site-packages/airflow/example_dags/example_complex.py for tasks to queue
[2023-12-31T05:24:49.813+0000] {logging_mixin.py:188} INFO - [2023-12-31T05:24:49.812+0000] {dagbag.py:538} INFO - Filling up the DagBag from /home/airflow/.local/lib/python3.8/site-packages/airflow/example_dags/example_complex.py
[2023-12-31T05:24:49.918+0000] {processor.py:840} INFO - DAG(s) 'example_complex' retrieved from /home/airflow/.local/lib/python3.8/site-packages/airflow/example_dags/example_complex.py
[2023-12-31T05:24:50.160+0000] {logging_mixin.py:188} INFO - [2023-12-31T05:24:50.159+0000] {dag.py:3033} INFO - Sync 1 DAGs
[2023-12-31T05:24:50.185+0000] {logging_mixin.py:188} INFO - [2023-12-31T05:24:50.185+0000] {dag.py:3820} INFO - Setting next_dagrun for example_complex to None, run_after=None
[2023-12-31T05:24:50.237+0000] {processor.py:183} INFO - Processing /home/airflow/.local/lib/python3.8/site-packages/airflow/example_dags/example_complex.py took 0.432 seconds
[2023-12-31T05:25:20.331+0000] {processor.py:161} INFO - Started process (PID=189) to work on /home/airflow/.local/lib/python3.8/site-packages/airflow/example_dags/example_complex.py
[2023-12-31T05:25:20.333+0000] {processor.py:830} INFO - Processing file /home/airflow/.local/lib/python3.8/site-packages/airflow/example_dags/example_complex.py for tasks to queue
[2023-12-31T05:25:20.337+0000] {logging_mixin.py:188} INFO - [2023-12-31T05:25:20.337+0000] {dagbag.py:538} INFO - Filling up the DagBag from /home/airflow/.local/lib/python3.8/site-packages/airflow/example_dags/example_complex.py
[2023-12-31T05:25:20.356+0000] {processor.py:840} INFO - DAG(s) 'example_complex' retrieved from /home/airflow/.local/lib/python3.8/site-packages/airflow/example_dags/example_complex.py
[2023-12-31T05:25:20.438+0000] {logging_mixin.py:188} INFO - [2023-12-31T05:25:20.437+0000] {dag.py:3033} INFO - Sync 1 DAGs
[2023-12-31T05:25:20.474+0000] {logging_mixin.py:188} INFO - [2023-12-31T05:25:20.474+0000] {dag.py:3820} INFO - Setting next_dagrun for example_complex to None, run_after=None
[2023-12-31T05:25:20.523+0000] {processor.py:183} INFO - Processing /home/airflow/.local/lib/python3.8/site-packages/airflow/example_dags/example_complex.py took 0.197 seconds
[2023-12-31T05:26:14.152+0000] {processor.py:161} INFO - Started process (PID=245) to work on /home/airflow/.local/lib/python3.8/site-packages/airflow/example_dags/example_complex.py
[2023-12-31T05:26:14.155+0000] {processor.py:830} INFO - Processing file /home/airflow/.local/lib/python3.8/site-packages/airflow/example_dags/example_complex.py for tasks to queue
[2023-12-31T05:26:14.159+0000] {logging_mixin.py:188} INFO - [2023-12-31T05:26:14.159+0000] {dagbag.py:538} INFO - Filling up the DagBag from /home/airflow/.local/lib/python3.8/site-packages/airflow/example_dags/example_complex.py
[2023-12-31T05:26:14.188+0000] {processor.py:840} INFO - DAG(s) 'example_complex' retrieved from /home/airflow/.local/lib/python3.8/site-packages/airflow/example_dags/example_complex.py
[2023-12-31T05:26:14.259+0000] {logging_mixin.py:188} INFO - [2023-12-31T05:26:14.258+0000] {dag.py:3033} INFO - Sync 1 DAGs
[2023-12-31T05:26:14.290+0000] {logging_mixin.py:188} INFO - [2023-12-31T05:26:14.290+0000] {dag.py:3820} INFO - Setting next_dagrun for example_complex to None, run_after=None
[2023-12-31T05:26:14.351+0000] {processor.py:183} INFO - Processing /home/airflow/.local/lib/python3.8/site-packages/airflow/example_dags/example_complex.py took 0.207 seconds
[2023-12-31T05:26:45.078+0000] {processor.py:161} INFO - Started process (PID=301) to work on /home/airflow/.local/lib/python3.8/site-packages/airflow/example_dags/example_complex.py
[2023-12-31T05:26:45.087+0000] {processor.py:830} INFO - Processing file /home/airflow/.local/lib/python3.8/site-packages/airflow/example_dags/example_complex.py for tasks to queue
[2023-12-31T05:26:45.090+0000] {logging_mixin.py:188} INFO - [2023-12-31T05:26:45.090+0000] {dagbag.py:538} INFO - Filling up the DagBag from /home/airflow/.local/lib/python3.8/site-packages/airflow/example_dags/example_complex.py
[2023-12-31T05:26:45.108+0000] {processor.py:840} INFO - DAG(s) 'example_complex' retrieved from /home/airflow/.local/lib/python3.8/site-packages/airflow/example_dags/example_complex.py
[2023-12-31T05:26:45.150+0000] {logging_mixin.py:188} INFO - [2023-12-31T05:26:45.150+0000] {dag.py:3033} INFO - Sync 1 DAGs
[2023-12-31T05:26:45.172+0000] {logging_mixin.py:188} INFO - [2023-12-31T05:26:45.171+0000] {dag.py:3820} INFO - Setting next_dagrun for example_complex to None, run_after=None
[2023-12-31T05:26:45.528+0000] {processor.py:183} INFO - Processing /home/airflow/.local/lib/python3.8/site-packages/airflow/example_dags/example_complex.py took 0.455 seconds
[2023-12-31T05:27:16.969+0000] {processor.py:161} INFO - Started process (PID=357) to work on /home/airflow/.local/lib/python3.8/site-packages/airflow/example_dags/example_complex.py
[2023-12-31T05:27:16.971+0000] {processor.py:830} INFO - Processing file /home/airflow/.local/lib/python3.8/site-packages/airflow/example_dags/example_complex.py for tasks to queue
[2023-12-31T05:27:16.974+0000] {logging_mixin.py:188} INFO - [2023-12-31T05:27:16.973+0000] {dagbag.py:538} INFO - Filling up the DagBag from /home/airflow/.local/lib/python3.8/site-packages/airflow/example_dags/example_complex.py
[2023-12-31T05:27:16.990+0000] {processor.py:840} INFO - DAG(s) 'example_complex' retrieved from /home/airflow/.local/lib/python3.8/site-packages/airflow/example_dags/example_complex.py
[2023-12-31T05:27:17.036+0000] {logging_mixin.py:188} INFO - [2023-12-31T05:27:17.035+0000] {dag.py:3033} INFO - Sync 1 DAGs
[2023-12-31T05:27:17.054+0000] {logging_mixin.py:188} INFO - [2023-12-31T05:27:17.054+0000] {dag.py:3820} INFO - Setting next_dagrun for example_complex to None, run_after=None
[2023-12-31T05:27:17.720+0000] {processor.py:183} INFO - Processing /home/airflow/.local/lib/python3.8/site-packages/airflow/example_dags/example_complex.py took 0.755 seconds
[2023-12-31T05:27:48.883+0000] {processor.py:161} INFO - Started process (PID=408) to work on /home/airflow/.local/lib/python3.8/site-packages/airflow/example_dags/example_complex.py
[2023-12-31T05:27:48.902+0000] {processor.py:830} INFO - Processing file /home/airflow/.local/lib/python3.8/site-packages/airflow/example_dags/example_complex.py for tasks to queue
[2023-12-31T05:27:48.906+0000] {logging_mixin.py:188} INFO - [2023-12-31T05:27:48.906+0000] {dagbag.py:538} INFO - Filling up the DagBag from /home/airflow/.local/lib/python3.8/site-packages/airflow/example_dags/example_complex.py
[2023-12-31T05:27:48.922+0000] {processor.py:840} INFO - DAG(s) 'example_complex' retrieved from /home/airflow/.local/lib/python3.8/site-packages/airflow/example_dags/example_complex.py
[2023-12-31T05:27:49.031+0000] {logging_mixin.py:188} INFO - [2023-12-31T05:27:49.031+0000] {dag.py:3033} INFO - Sync 1 DAGs
[2023-12-31T05:27:49.052+0000] {logging_mixin.py:188} INFO - [2023-12-31T05:27:49.052+0000] {dag.py:3820} INFO - Setting next_dagrun for example_complex to None, run_after=None
[2023-12-31T05:27:49.513+0000] {processor.py:183} INFO - Processing /home/airflow/.local/lib/python3.8/site-packages/airflow/example_dags/example_complex.py took 1.682 seconds
[2023-12-31T05:28:20.077+0000] {processor.py:161} INFO - Started process (PID=470) to work on /home/airflow/.local/lib/python3.8/site-packages/airflow/example_dags/example_complex.py
[2023-12-31T05:28:20.079+0000] {processor.py:830} INFO - Processing file /home/airflow/.local/lib/python3.8/site-packages/airflow/example_dags/example_complex.py for tasks to queue
[2023-12-31T05:28:20.082+0000] {logging_mixin.py:188} INFO - [2023-12-31T05:28:20.081+0000] {dagbag.py:538} INFO - Filling up the DagBag from /home/airflow/.local/lib/python3.8/site-packages/airflow/example_dags/example_complex.py
[2023-12-31T05:28:20.097+0000] {processor.py:840} INFO - DAG(s) 'example_complex' retrieved from /home/airflow/.local/lib/python3.8/site-packages/airflow/example_dags/example_complex.py
[2023-12-31T05:28:20.134+0000] {logging_mixin.py:188} INFO - [2023-12-31T05:28:20.134+0000] {dag.py:3033} INFO - Sync 1 DAGs
[2023-12-31T05:28:20.151+0000] {logging_mixin.py:188} INFO - [2023-12-31T05:28:20.151+0000] {dag.py:3820} INFO - Setting next_dagrun for example_complex to None, run_after=None
[2023-12-31T05:28:20.180+0000] {processor.py:183} INFO - Processing /home/airflow/.local/lib/python3.8/site-packages/airflow/example_dags/example_complex.py took 0.107 seconds
[2023-12-31T05:28:50.875+0000] {processor.py:161} INFO - Started process (PID=526) to work on /home/airflow/.local/lib/python3.8/site-packages/airflow/example_dags/example_complex.py
[2023-12-31T05:28:50.877+0000] {processor.py:830} INFO - Processing file /home/airflow/.local/lib/python3.8/site-packages/airflow/example_dags/example_complex.py for tasks to queue
[2023-12-31T05:28:50.881+0000] {logging_mixin.py:188} INFO - [2023-12-31T05:28:50.880+0000] {dagbag.py:538} INFO - Filling up the DagBag from /home/airflow/.local/lib/python3.8/site-packages/airflow/example_dags/example_complex.py
[2023-12-31T05:28:50.894+0000] {processor.py:840} INFO - DAG(s) 'example_complex' retrieved from /home/airflow/.local/lib/python3.8/site-packages/airflow/example_dags/example_complex.py
[2023-12-31T05:28:50.934+0000] {logging_mixin.py:188} INFO - [2023-12-31T05:28:50.933+0000] {dag.py:3033} INFO - Sync 1 DAGs
[2023-12-31T05:28:50.949+0000] {logging_mixin.py:188} INFO - [2023-12-31T05:28:50.949+0000] {dag.py:3820} INFO - Setting next_dagrun for example_complex to None, run_after=None
[2023-12-31T05:28:50.981+0000] {processor.py:183} INFO - Processing /home/airflow/.local/lib/python3.8/site-packages/airflow/example_dags/example_complex.py took 0.110 seconds
[2023-12-31T05:29:21.701+0000] {processor.py:161} INFO - Started process (PID=582) to work on /home/airflow/.local/lib/python3.8/site-packages/airflow/example_dags/example_complex.py
[2023-12-31T05:29:21.703+0000] {processor.py:830} INFO - Processing file /home/airflow/.local/lib/python3.8/site-packages/airflow/example_dags/example_complex.py for tasks to queue
[2023-12-31T05:29:21.707+0000] {logging_mixin.py:188} INFO - [2023-12-31T05:29:21.706+0000] {dagbag.py:538} INFO - Filling up the DagBag from /home/airflow/.local/lib/python3.8/site-packages/airflow/example_dags/example_complex.py
[2023-12-31T05:29:21.725+0000] {processor.py:840} INFO - DAG(s) 'example_complex' retrieved from /home/airflow/.local/lib/python3.8/site-packages/airflow/example_dags/example_complex.py
[2023-12-31T05:29:21.778+0000] {logging_mixin.py:188} INFO - [2023-12-31T05:29:21.778+0000] {dag.py:3033} INFO - Sync 1 DAGs
[2023-12-31T05:29:21.797+0000] {logging_mixin.py:188} INFO - [2023-12-31T05:29:21.797+0000] {dag.py:3820} INFO - Setting next_dagrun for example_complex to None, run_after=None
[2023-12-31T05:29:21.849+0000] {processor.py:183} INFO - Processing /home/airflow/.local/lib/python3.8/site-packages/airflow/example_dags/example_complex.py took 0.151 seconds
[2023-12-31T05:29:53.152+0000] {processor.py:161} INFO - Started process (PID=637) to work on /home/airflow/.local/lib/python3.8/site-packages/airflow/example_dags/example_complex.py
[2023-12-31T05:29:53.155+0000] {processor.py:830} INFO - Processing file /home/airflow/.local/lib/python3.8/site-packages/airflow/example_dags/example_complex.py for tasks to queue
[2023-12-31T05:29:53.159+0000] {logging_mixin.py:188} INFO - [2023-12-31T05:29:53.159+0000] {dagbag.py:538} INFO - Filling up the DagBag from /home/airflow/.local/lib/python3.8/site-packages/airflow/example_dags/example_complex.py
[2023-12-31T05:29:53.200+0000] {processor.py:840} INFO - DAG(s) 'example_complex' retrieved from /home/airflow/.local/lib/python3.8/site-packages/airflow/example_dags/example_complex.py
[2023-12-31T05:29:53.326+0000] {logging_mixin.py:188} INFO - [2023-12-31T05:29:53.326+0000] {dag.py:3033} INFO - Sync 1 DAGs
[2023-12-31T05:29:53.369+0000] {logging_mixin.py:188} INFO - [2023-12-31T05:29:53.368+0000] {dag.py:3820} INFO - Setting next_dagrun for example_complex to None, run_after=None
[2023-12-31T05:29:53.423+0000] {processor.py:183} INFO - Processing /home/airflow/.local/lib/python3.8/site-packages/airflow/example_dags/example_complex.py took 0.281 seconds
[2023-12-31T05:30:23.577+0000] {processor.py:161} INFO - Started process (PID=694) to work on /home/airflow/.local/lib/python3.8/site-packages/airflow/example_dags/example_complex.py
[2023-12-31T05:30:23.579+0000] {processor.py:830} INFO - Processing file /home/airflow/.local/lib/python3.8/site-packages/airflow/example_dags/example_complex.py for tasks to queue
[2023-12-31T05:30:23.586+0000] {logging_mixin.py:188} INFO - [2023-12-31T05:30:23.585+0000] {dagbag.py:538} INFO - Filling up the DagBag from /home/airflow/.local/lib/python3.8/site-packages/airflow/example_dags/example_complex.py
[2023-12-31T05:30:23.613+0000] {processor.py:840} INFO - DAG(s) 'example_complex' retrieved from /home/airflow/.local/lib/python3.8/site-packages/airflow/example_dags/example_complex.py
[2023-12-31T05:30:23.665+0000] {logging_mixin.py:188} INFO - [2023-12-31T05:30:23.665+0000] {dag.py:3033} INFO - Sync 1 DAGs
[2023-12-31T05:30:23.686+0000] {logging_mixin.py:188} INFO - [2023-12-31T05:30:23.686+0000] {dag.py:3820} INFO - Setting next_dagrun for example_complex to None, run_after=None
[2023-12-31T05:30:23.725+0000] {processor.py:183} INFO - Processing /home/airflow/.local/lib/python3.8/site-packages/airflow/example_dags/example_complex.py took 0.152 seconds
[2023-12-31T05:30:54.396+0000] {processor.py:161} INFO - Started process (PID=747) to work on /home/airflow/.local/lib/python3.8/site-packages/airflow/example_dags/example_complex.py
[2023-12-31T05:30:54.397+0000] {processor.py:830} INFO - Processing file /home/airflow/.local/lib/python3.8/site-packages/airflow/example_dags/example_complex.py for tasks to queue
[2023-12-31T05:30:54.401+0000] {logging_mixin.py:188} INFO - [2023-12-31T05:30:54.400+0000] {dagbag.py:538} INFO - Filling up the DagBag from /home/airflow/.local/lib/python3.8/site-packages/airflow/example_dags/example_complex.py
[2023-12-31T05:30:54.415+0000] {processor.py:840} INFO - DAG(s) 'example_complex' retrieved from /home/airflow/.local/lib/python3.8/site-packages/airflow/example_dags/example_complex.py
[2023-12-31T05:30:54.453+0000] {logging_mixin.py:188} INFO - [2023-12-31T05:30:54.453+0000] {dag.py:3033} INFO - Sync 1 DAGs
[2023-12-31T05:30:54.468+0000] {logging_mixin.py:188} INFO - [2023-12-31T05:30:54.468+0000] {dag.py:3820} INFO - Setting next_dagrun for example_complex to None, run_after=None
[2023-12-31T05:30:54.496+0000] {processor.py:183} INFO - Processing /home/airflow/.local/lib/python3.8/site-packages/airflow/example_dags/example_complex.py took 0.104 seconds
[2023-12-31T05:31:24.717+0000] {processor.py:161} INFO - Started process (PID=803) to work on /home/airflow/.local/lib/python3.8/site-packages/airflow/example_dags/example_complex.py
[2023-12-31T05:31:24.718+0000] {processor.py:830} INFO - Processing file /home/airflow/.local/lib/python3.8/site-packages/airflow/example_dags/example_complex.py for tasks to queue
[2023-12-31T05:31:24.722+0000] {logging_mixin.py:188} INFO - [2023-12-31T05:31:24.721+0000] {dagbag.py:538} INFO - Filling up the DagBag from /home/airflow/.local/lib/python3.8/site-packages/airflow/example_dags/example_complex.py
[2023-12-31T05:31:24.738+0000] {processor.py:840} INFO - DAG(s) 'example_complex' retrieved from /home/airflow/.local/lib/python3.8/site-packages/airflow/example_dags/example_complex.py
[2023-12-31T05:31:24.783+0000] {logging_mixin.py:188} INFO - [2023-12-31T05:31:24.783+0000] {dag.py:3033} INFO - Sync 1 DAGs
[2023-12-31T05:31:24.801+0000] {logging_mixin.py:188} INFO - [2023-12-31T05:31:24.801+0000] {dag.py:3820} INFO - Setting next_dagrun for example_complex to None, run_after=None
[2023-12-31T05:31:24.839+0000] {processor.py:183} INFO - Processing /home/airflow/.local/lib/python3.8/site-packages/airflow/example_dags/example_complex.py took 0.126 seconds
[2023-12-31T05:31:55.070+0000] {processor.py:161} INFO - Started process (PID=859) to work on /home/airflow/.local/lib/python3.8/site-packages/airflow/example_dags/example_complex.py
[2023-12-31T05:31:55.072+0000] {processor.py:830} INFO - Processing file /home/airflow/.local/lib/python3.8/site-packages/airflow/example_dags/example_complex.py for tasks to queue
[2023-12-31T05:31:55.076+0000] {logging_mixin.py:188} INFO - [2023-12-31T05:31:55.075+0000] {dagbag.py:538} INFO - Filling up the DagBag from /home/airflow/.local/lib/python3.8/site-packages/airflow/example_dags/example_complex.py
[2023-12-31T05:31:55.094+0000] {processor.py:840} INFO - DAG(s) 'example_complex' retrieved from /home/airflow/.local/lib/python3.8/site-packages/airflow/example_dags/example_complex.py
[2023-12-31T05:31:55.143+0000] {logging_mixin.py:188} INFO - [2023-12-31T05:31:55.143+0000] {dag.py:3033} INFO - Sync 1 DAGs
[2023-12-31T05:31:55.165+0000] {logging_mixin.py:188} INFO - [2023-12-31T05:31:55.164+0000] {dag.py:3820} INFO - Setting next_dagrun for example_complex to None, run_after=None
[2023-12-31T05:31:55.204+0000] {processor.py:183} INFO - Processing /home/airflow/.local/lib/python3.8/site-packages/airflow/example_dags/example_complex.py took 0.139 seconds
[2023-12-31T05:32:26.946+0000] {processor.py:161} INFO - Started process (PID=919) to work on /home/airflow/.local/lib/python3.8/site-packages/airflow/example_dags/example_complex.py
[2023-12-31T05:32:26.953+0000] {processor.py:830} INFO - Processing file /home/airflow/.local/lib/python3.8/site-packages/airflow/example_dags/example_complex.py for tasks to queue
[2023-12-31T05:32:26.958+0000] {logging_mixin.py:188} INFO - [2023-12-31T05:32:26.957+0000] {dagbag.py:538} INFO - Filling up the DagBag from /home/airflow/.local/lib/python3.8/site-packages/airflow/example_dags/example_complex.py
[2023-12-31T05:32:26.978+0000] {processor.py:840} INFO - DAG(s) 'example_complex' retrieved from /home/airflow/.local/lib/python3.8/site-packages/airflow/example_dags/example_complex.py
[2023-12-31T05:32:27.033+0000] {logging_mixin.py:188} INFO - [2023-12-31T05:32:27.033+0000] {dag.py:3033} INFO - Sync 1 DAGs
[2023-12-31T05:32:27.067+0000] {logging_mixin.py:188} INFO - [2023-12-31T05:32:27.067+0000] {dag.py:3820} INFO - Setting next_dagrun for example_complex to None, run_after=None
[2023-12-31T05:32:27.139+0000] {processor.py:183} INFO - Processing /home/airflow/.local/lib/python3.8/site-packages/airflow/example_dags/example_complex.py took 0.202 seconds
[2023-12-31T05:33:13.322+0000] {processor.py:161} INFO - Started process (PID=980) to work on /home/airflow/.local/lib/python3.8/site-packages/airflow/example_dags/example_complex.py
[2023-12-31T05:33:13.341+0000] {processor.py:830} INFO - Processing file /home/airflow/.local/lib/python3.8/site-packages/airflow/example_dags/example_complex.py for tasks to queue
[2023-12-31T05:33:13.347+0000] {logging_mixin.py:188} INFO - [2023-12-31T05:33:13.347+0000] {dagbag.py:538} INFO - Filling up the DagBag from /home/airflow/.local/lib/python3.8/site-packages/airflow/example_dags/example_complex.py
[2023-12-31T05:33:13.382+0000] {processor.py:840} INFO - DAG(s) 'example_complex' retrieved from /home/airflow/.local/lib/python3.8/site-packages/airflow/example_dags/example_complex.py
[2023-12-31T05:33:13.514+0000] {logging_mixin.py:188} INFO - [2023-12-31T05:33:13.513+0000] {dag.py:3033} INFO - Sync 1 DAGs
[2023-12-31T05:33:13.531+0000] {logging_mixin.py:188} INFO - [2023-12-31T05:33:13.531+0000] {dag.py:3820} INFO - Setting next_dagrun for example_complex to None, run_after=None
[2023-12-31T05:33:14.065+0000] {processor.py:183} INFO - Processing /home/airflow/.local/lib/python3.8/site-packages/airflow/example_dags/example_complex.py took 0.758 seconds
[2023-12-31T05:33:49.744+0000] {processor.py:161} INFO - Started process (PID=1031) to work on /home/airflow/.local/lib/python3.8/site-packages/airflow/example_dags/example_complex.py
[2023-12-31T05:33:49.746+0000] {processor.py:830} INFO - Processing file /home/airflow/.local/lib/python3.8/site-packages/airflow/example_dags/example_complex.py for tasks to queue
[2023-12-31T05:33:49.749+0000] {logging_mixin.py:188} INFO - [2023-12-31T05:33:49.749+0000] {dagbag.py:538} INFO - Filling up the DagBag from /home/airflow/.local/lib/python3.8/site-packages/airflow/example_dags/example_complex.py
[2023-12-31T05:33:49.764+0000] {processor.py:840} INFO - DAG(s) 'example_complex' retrieved from /home/airflow/.local/lib/python3.8/site-packages/airflow/example_dags/example_complex.py
[2023-12-31T05:33:49.808+0000] {logging_mixin.py:188} INFO - [2023-12-31T05:33:49.808+0000] {dag.py:3033} INFO - Sync 1 DAGs
[2023-12-31T05:33:49.828+0000] {logging_mixin.py:188} INFO - [2023-12-31T05:33:49.828+0000] {dag.py:3820} INFO - Setting next_dagrun for example_complex to None, run_after=None
[2023-12-31T05:33:49.879+0000] {processor.py:183} INFO - Processing /home/airflow/.local/lib/python3.8/site-packages/airflow/example_dags/example_complex.py took 0.139 seconds
[2023-12-31T05:34:44.259+0000] {processor.py:161} INFO - Started process (PID=1094) to work on /home/airflow/.local/lib/python3.8/site-packages/airflow/example_dags/example_complex.py
[2023-12-31T05:34:44.261+0000] {processor.py:830} INFO - Processing file /home/airflow/.local/lib/python3.8/site-packages/airflow/example_dags/example_complex.py for tasks to queue
[2023-12-31T05:34:44.265+0000] {logging_mixin.py:188} INFO - [2023-12-31T05:34:44.265+0000] {dagbag.py:538} INFO - Filling up the DagBag from /home/airflow/.local/lib/python3.8/site-packages/airflow/example_dags/example_complex.py
[2023-12-31T05:34:44.303+0000] {processor.py:840} INFO - DAG(s) 'example_complex' retrieved from /home/airflow/.local/lib/python3.8/site-packages/airflow/example_dags/example_complex.py
[2023-12-31T05:34:44.372+0000] {logging_mixin.py:188} INFO - [2023-12-31T05:34:44.371+0000] {dag.py:3033} INFO - Sync 1 DAGs
[2023-12-31T05:34:44.400+0000] {logging_mixin.py:188} INFO - [2023-12-31T05:34:44.399+0000] {dag.py:3820} INFO - Setting next_dagrun for example_complex to None, run_after=None
[2023-12-31T05:34:44.446+0000] {processor.py:183} INFO - Processing /home/airflow/.local/lib/python3.8/site-packages/airflow/example_dags/example_complex.py took 0.194 seconds
[2023-12-31T05:35:15.389+0000] {processor.py:161} INFO - Started process (PID=1150) to work on /home/airflow/.local/lib/python3.8/site-packages/airflow/example_dags/example_complex.py
[2023-12-31T05:35:15.393+0000] {processor.py:830} INFO - Processing file /home/airflow/.local/lib/python3.8/site-packages/airflow/example_dags/example_complex.py for tasks to queue
[2023-12-31T05:35:15.399+0000] {logging_mixin.py:188} INFO - [2023-12-31T05:35:15.399+0000] {dagbag.py:538} INFO - Filling up the DagBag from /home/airflow/.local/lib/python3.8/site-packages/airflow/example_dags/example_complex.py
[2023-12-31T05:35:15.430+0000] {processor.py:840} INFO - DAG(s) 'example_complex' retrieved from /home/airflow/.local/lib/python3.8/site-packages/airflow/example_dags/example_complex.py
[2023-12-31T05:35:15.539+0000] {logging_mixin.py:188} INFO - [2023-12-31T05:35:15.538+0000] {dag.py:3033} INFO - Sync 1 DAGs
[2023-12-31T05:35:15.585+0000] {logging_mixin.py:188} INFO - [2023-12-31T05:35:15.585+0000] {dag.py:3820} INFO - Setting next_dagrun for example_complex to None, run_after=None
[2023-12-31T05:35:15.681+0000] {processor.py:183} INFO - Processing /home/airflow/.local/lib/python3.8/site-packages/airflow/example_dags/example_complex.py took 0.300 seconds
[2023-12-31T05:35:49.372+0000] {processor.py:161} INFO - Started process (PID=1206) to work on /home/airflow/.local/lib/python3.8/site-packages/airflow/example_dags/example_complex.py
[2023-12-31T05:35:49.376+0000] {processor.py:830} INFO - Processing file /home/airflow/.local/lib/python3.8/site-packages/airflow/example_dags/example_complex.py for tasks to queue
[2023-12-31T05:35:49.390+0000] {logging_mixin.py:188} INFO - [2023-12-31T05:35:49.387+0000] {dagbag.py:538} INFO - Filling up the DagBag from /home/airflow/.local/lib/python3.8/site-packages/airflow/example_dags/example_complex.py
[2023-12-31T05:35:49.450+0000] {processor.py:840} INFO - DAG(s) 'example_complex' retrieved from /home/airflow/.local/lib/python3.8/site-packages/airflow/example_dags/example_complex.py
[2023-12-31T05:35:49.596+0000] {logging_mixin.py:188} INFO - [2023-12-31T05:35:49.595+0000] {dag.py:3033} INFO - Sync 1 DAGs
[2023-12-31T05:35:49.680+0000] {logging_mixin.py:188} INFO - [2023-12-31T05:35:49.679+0000] {dag.py:3820} INFO - Setting next_dagrun for example_complex to None, run_after=None
[2023-12-31T05:35:49.769+0000] {processor.py:183} INFO - Processing /home/airflow/.local/lib/python3.8/site-packages/airflow/example_dags/example_complex.py took 0.413 seconds
[2023-12-31T05:36:20.547+0000] {processor.py:161} INFO - Started process (PID=1262) to work on /home/airflow/.local/lib/python3.8/site-packages/airflow/example_dags/example_complex.py
[2023-12-31T05:36:20.552+0000] {processor.py:830} INFO - Processing file /home/airflow/.local/lib/python3.8/site-packages/airflow/example_dags/example_complex.py for tasks to queue
[2023-12-31T05:36:20.564+0000] {logging_mixin.py:188} INFO - [2023-12-31T05:36:20.563+0000] {dagbag.py:538} INFO - Filling up the DagBag from /home/airflow/.local/lib/python3.8/site-packages/airflow/example_dags/example_complex.py
[2023-12-31T05:36:20.609+0000] {processor.py:840} INFO - DAG(s) 'example_complex' retrieved from /home/airflow/.local/lib/python3.8/site-packages/airflow/example_dags/example_complex.py
[2023-12-31T05:36:20.724+0000] {logging_mixin.py:188} INFO - [2023-12-31T05:36:20.724+0000] {dag.py:3033} INFO - Sync 1 DAGs
[2023-12-31T05:36:20.779+0000] {logging_mixin.py:188} INFO - [2023-12-31T05:36:20.778+0000] {dag.py:3820} INFO - Setting next_dagrun for example_complex to None, run_after=None
[2023-12-31T05:36:20.905+0000] {processor.py:183} INFO - Processing /home/airflow/.local/lib/python3.8/site-packages/airflow/example_dags/example_complex.py took 0.365 seconds
[2023-12-31T05:36:51.634+0000] {processor.py:161} INFO - Started process (PID=1318) to work on /home/airflow/.local/lib/python3.8/site-packages/airflow/example_dags/example_complex.py
[2023-12-31T05:36:51.744+0000] {processor.py:830} INFO - Processing file /home/airflow/.local/lib/python3.8/site-packages/airflow/example_dags/example_complex.py for tasks to queue
[2023-12-31T05:36:51.752+0000] {logging_mixin.py:188} INFO - [2023-12-31T05:36:51.751+0000] {dagbag.py:538} INFO - Filling up the DagBag from /home/airflow/.local/lib/python3.8/site-packages/airflow/example_dags/example_complex.py
[2023-12-31T05:36:51.779+0000] {processor.py:840} INFO - DAG(s) 'example_complex' retrieved from /home/airflow/.local/lib/python3.8/site-packages/airflow/example_dags/example_complex.py
[2023-12-31T05:36:51.823+0000] {logging_mixin.py:188} INFO - [2023-12-31T05:36:51.823+0000] {dag.py:3033} INFO - Sync 1 DAGs
[2023-12-31T05:36:51.842+0000] {logging_mixin.py:188} INFO - [2023-12-31T05:36:51.842+0000] {dag.py:3820} INFO - Setting next_dagrun for example_complex to None, run_after=None
[2023-12-31T05:36:52.578+0000] {processor.py:183} INFO - Processing /home/airflow/.local/lib/python3.8/site-packages/airflow/example_dags/example_complex.py took 0.949 seconds
[2023-12-31T05:37:23.453+0000] {processor.py:161} INFO - Started process (PID=1375) to work on /home/airflow/.local/lib/python3.8/site-packages/airflow/example_dags/example_complex.py
[2023-12-31T05:37:23.474+0000] {processor.py:830} INFO - Processing file /home/airflow/.local/lib/python3.8/site-packages/airflow/example_dags/example_complex.py for tasks to queue
[2023-12-31T05:37:23.478+0000] {logging_mixin.py:188} INFO - [2023-12-31T05:37:23.478+0000] {dagbag.py:538} INFO - Filling up the DagBag from /home/airflow/.local/lib/python3.8/site-packages/airflow/example_dags/example_complex.py
[2023-12-31T05:37:23.502+0000] {processor.py:840} INFO - DAG(s) 'example_complex' retrieved from /home/airflow/.local/lib/python3.8/site-packages/airflow/example_dags/example_complex.py
[2023-12-31T05:37:23.555+0000] {logging_mixin.py:188} INFO - [2023-12-31T05:37:23.554+0000] {dag.py:3033} INFO - Sync 1 DAGs
[2023-12-31T05:37:23.586+0000] {logging_mixin.py:188} INFO - [2023-12-31T05:37:23.586+0000] {dag.py:3820} INFO - Setting next_dagrun for example_complex to None, run_after=None
[2023-12-31T05:37:23.657+0000] {processor.py:183} INFO - Processing /home/airflow/.local/lib/python3.8/site-packages/airflow/example_dags/example_complex.py took 0.207 seconds
[2023-12-31T05:37:53.732+0000] {processor.py:161} INFO - Started process (PID=1430) to work on /home/airflow/.local/lib/python3.8/site-packages/airflow/example_dags/example_complex.py
[2023-12-31T05:37:53.735+0000] {processor.py:830} INFO - Processing file /home/airflow/.local/lib/python3.8/site-packages/airflow/example_dags/example_complex.py for tasks to queue
[2023-12-31T05:37:53.739+0000] {logging_mixin.py:188} INFO - [2023-12-31T05:37:53.739+0000] {dagbag.py:538} INFO - Filling up the DagBag from /home/airflow/.local/lib/python3.8/site-packages/airflow/example_dags/example_complex.py
[2023-12-31T05:37:53.757+0000] {processor.py:840} INFO - DAG(s) 'example_complex' retrieved from /home/airflow/.local/lib/python3.8/site-packages/airflow/example_dags/example_complex.py
[2023-12-31T05:37:53.798+0000] {logging_mixin.py:188} INFO - [2023-12-31T05:37:53.798+0000] {dag.py:3033} INFO - Sync 1 DAGs
[2023-12-31T05:37:53.816+0000] {logging_mixin.py:188} INFO - [2023-12-31T05:37:53.815+0000] {dag.py:3820} INFO - Setting next_dagrun for example_complex to None, run_after=None
[2023-12-31T05:37:53.849+0000] {processor.py:183} INFO - Processing /home/airflow/.local/lib/python3.8/site-packages/airflow/example_dags/example_complex.py took 0.122 seconds
[2023-12-31T05:38:25.438+0000] {processor.py:161} INFO - Started process (PID=1487) to work on /home/airflow/.local/lib/python3.8/site-packages/airflow/example_dags/example_complex.py
[2023-12-31T05:38:25.441+0000] {processor.py:830} INFO - Processing file /home/airflow/.local/lib/python3.8/site-packages/airflow/example_dags/example_complex.py for tasks to queue
[2023-12-31T05:38:25.446+0000] {logging_mixin.py:188} INFO - [2023-12-31T05:38:25.445+0000] {dagbag.py:538} INFO - Filling up the DagBag from /home/airflow/.local/lib/python3.8/site-packages/airflow/example_dags/example_complex.py
[2023-12-31T05:38:25.476+0000] {processor.py:840} INFO - DAG(s) 'example_complex' retrieved from /home/airflow/.local/lib/python3.8/site-packages/airflow/example_dags/example_complex.py
[2023-12-31T05:38:25.559+0000] {logging_mixin.py:188} INFO - [2023-12-31T05:38:25.559+0000] {dag.py:3033} INFO - Sync 1 DAGs
[2023-12-31T05:38:25.600+0000] {logging_mixin.py:188} INFO - [2023-12-31T05:38:25.600+0000] {dag.py:3820} INFO - Setting next_dagrun for example_complex to None, run_after=None
[2023-12-31T05:38:25.661+0000] {processor.py:183} INFO - Processing /home/airflow/.local/lib/python3.8/site-packages/airflow/example_dags/example_complex.py took 0.232 seconds
[2023-12-31T05:38:56.273+0000] {processor.py:161} INFO - Started process (PID=1542) to work on /home/airflow/.local/lib/python3.8/site-packages/airflow/example_dags/example_complex.py
[2023-12-31T05:38:56.274+0000] {processor.py:830} INFO - Processing file /home/airflow/.local/lib/python3.8/site-packages/airflow/example_dags/example_complex.py for tasks to queue
[2023-12-31T05:38:56.277+0000] {logging_mixin.py:188} INFO - [2023-12-31T05:38:56.277+0000] {dagbag.py:538} INFO - Filling up the DagBag from /home/airflow/.local/lib/python3.8/site-packages/airflow/example_dags/example_complex.py
[2023-12-31T05:38:56.299+0000] {processor.py:840} INFO - DAG(s) 'example_complex' retrieved from /home/airflow/.local/lib/python3.8/site-packages/airflow/example_dags/example_complex.py
[2023-12-31T05:38:56.347+0000] {logging_mixin.py:188} INFO - [2023-12-31T05:38:56.346+0000] {dag.py:3033} INFO - Sync 1 DAGs
[2023-12-31T05:38:56.365+0000] {logging_mixin.py:188} INFO - [2023-12-31T05:38:56.365+0000] {dag.py:3820} INFO - Setting next_dagrun for example_complex to None, run_after=None
[2023-12-31T05:38:56.406+0000] {processor.py:183} INFO - Processing /home/airflow/.local/lib/python3.8/site-packages/airflow/example_dags/example_complex.py took 0.141 seconds
[2023-12-31T05:39:26.569+0000] {processor.py:161} INFO - Started process (PID=1598) to work on /home/airflow/.local/lib/python3.8/site-packages/airflow/example_dags/example_complex.py
[2023-12-31T05:39:26.571+0000] {processor.py:830} INFO - Processing file /home/airflow/.local/lib/python3.8/site-packages/airflow/example_dags/example_complex.py for tasks to queue
[2023-12-31T05:39:26.574+0000] {logging_mixin.py:188} INFO - [2023-12-31T05:39:26.574+0000] {dagbag.py:538} INFO - Filling up the DagBag from /home/airflow/.local/lib/python3.8/site-packages/airflow/example_dags/example_complex.py
[2023-12-31T05:39:26.595+0000] {processor.py:840} INFO - DAG(s) 'example_complex' retrieved from /home/airflow/.local/lib/python3.8/site-packages/airflow/example_dags/example_complex.py
[2023-12-31T05:39:26.643+0000] {logging_mixin.py:188} INFO - [2023-12-31T05:39:26.642+0000] {dag.py:3033} INFO - Sync 1 DAGs
[2023-12-31T05:39:26.665+0000] {logging_mixin.py:188} INFO - [2023-12-31T05:39:26.665+0000] {dag.py:3820} INFO - Setting next_dagrun for example_complex to None, run_after=None
[2023-12-31T05:39:26.699+0000] {processor.py:183} INFO - Processing /home/airflow/.local/lib/python3.8/site-packages/airflow/example_dags/example_complex.py took 0.136 seconds
[2023-12-31T05:39:57.026+0000] {processor.py:161} INFO - Started process (PID=1654) to work on /home/airflow/.local/lib/python3.8/site-packages/airflow/example_dags/example_complex.py
[2023-12-31T05:39:57.028+0000] {processor.py:830} INFO - Processing file /home/airflow/.local/lib/python3.8/site-packages/airflow/example_dags/example_complex.py for tasks to queue
[2023-12-31T05:39:57.033+0000] {logging_mixin.py:188} INFO - [2023-12-31T05:39:57.032+0000] {dagbag.py:538} INFO - Filling up the DagBag from /home/airflow/.local/lib/python3.8/site-packages/airflow/example_dags/example_complex.py
[2023-12-31T05:39:57.066+0000] {processor.py:840} INFO - DAG(s) 'example_complex' retrieved from /home/airflow/.local/lib/python3.8/site-packages/airflow/example_dags/example_complex.py
[2023-12-31T05:39:57.123+0000] {logging_mixin.py:188} INFO - [2023-12-31T05:39:57.123+0000] {dag.py:3033} INFO - Sync 1 DAGs
[2023-12-31T05:39:57.146+0000] {logging_mixin.py:188} INFO - [2023-12-31T05:39:57.145+0000] {dag.py:3820} INFO - Setting next_dagrun for example_complex to None, run_after=None
[2023-12-31T05:39:57.428+0000] {processor.py:183} INFO - Processing /home/airflow/.local/lib/python3.8/site-packages/airflow/example_dags/example_complex.py took 0.412 seconds
[2023-12-31T05:40:27.476+0000] {processor.py:161} INFO - Started process (PID=1710) to work on /home/airflow/.local/lib/python3.8/site-packages/airflow/example_dags/example_complex.py
[2023-12-31T05:40:27.478+0000] {processor.py:830} INFO - Processing file /home/airflow/.local/lib/python3.8/site-packages/airflow/example_dags/example_complex.py for tasks to queue
[2023-12-31T05:40:27.482+0000] {logging_mixin.py:188} INFO - [2023-12-31T05:40:27.481+0000] {dagbag.py:538} INFO - Filling up the DagBag from /home/airflow/.local/lib/python3.8/site-packages/airflow/example_dags/example_complex.py
[2023-12-31T05:40:27.501+0000] {processor.py:840} INFO - DAG(s) 'example_complex' retrieved from /home/airflow/.local/lib/python3.8/site-packages/airflow/example_dags/example_complex.py
[2023-12-31T05:40:27.609+0000] {logging_mixin.py:188} INFO - [2023-12-31T05:40:27.597+0000] {dag.py:3033} INFO - Sync 1 DAGs
[2023-12-31T05:40:27.655+0000] {logging_mixin.py:188} INFO - [2023-12-31T05:40:27.655+0000] {dag.py:3820} INFO - Setting next_dagrun for example_complex to None, run_after=None
[2023-12-31T05:40:27.728+0000] {processor.py:183} INFO - Processing /home/airflow/.local/lib/python3.8/site-packages/airflow/example_dags/example_complex.py took 0.257 seconds
[2023-12-31T05:40:58.233+0000] {processor.py:161} INFO - Started process (PID=1766) to work on /home/airflow/.local/lib/python3.8/site-packages/airflow/example_dags/example_complex.py
[2023-12-31T05:40:58.235+0000] {processor.py:830} INFO - Processing file /home/airflow/.local/lib/python3.8/site-packages/airflow/example_dags/example_complex.py for tasks to queue
[2023-12-31T05:40:58.238+0000] {logging_mixin.py:188} INFO - [2023-12-31T05:40:58.238+0000] {dagbag.py:538} INFO - Filling up the DagBag from /home/airflow/.local/lib/python3.8/site-packages/airflow/example_dags/example_complex.py
[2023-12-31T05:40:58.256+0000] {processor.py:840} INFO - DAG(s) 'example_complex' retrieved from /home/airflow/.local/lib/python3.8/site-packages/airflow/example_dags/example_complex.py
[2023-12-31T05:40:58.301+0000] {logging_mixin.py:188} INFO - [2023-12-31T05:40:58.300+0000] {dag.py:3033} INFO - Sync 1 DAGs
[2023-12-31T05:40:58.319+0000] {logging_mixin.py:188} INFO - [2023-12-31T05:40:58.319+0000] {dag.py:3820} INFO - Setting next_dagrun for example_complex to None, run_after=None
[2023-12-31T05:40:58.389+0000] {processor.py:183} INFO - Processing /home/airflow/.local/lib/python3.8/site-packages/airflow/example_dags/example_complex.py took 0.162 seconds
[2023-12-31T05:41:29.715+0000] {processor.py:161} INFO - Started process (PID=1823) to work on /home/airflow/.local/lib/python3.8/site-packages/airflow/example_dags/example_complex.py
[2023-12-31T05:41:29.726+0000] {processor.py:830} INFO - Processing file /home/airflow/.local/lib/python3.8/site-packages/airflow/example_dags/example_complex.py for tasks to queue
[2023-12-31T05:41:29.741+0000] {logging_mixin.py:188} INFO - [2023-12-31T05:41:29.739+0000] {dagbag.py:538} INFO - Filling up the DagBag from /home/airflow/.local/lib/python3.8/site-packages/airflow/example_dags/example_complex.py
[2023-12-31T05:41:29.801+0000] {processor.py:840} INFO - DAG(s) 'example_complex' retrieved from /home/airflow/.local/lib/python3.8/site-packages/airflow/example_dags/example_complex.py
[2023-12-31T05:41:29.894+0000] {logging_mixin.py:188} INFO - [2023-12-31T05:41:29.893+0000] {dag.py:3033} INFO - Sync 1 DAGs
[2023-12-31T05:41:29.935+0000] {logging_mixin.py:188} INFO - [2023-12-31T05:41:29.933+0000] {dag.py:3820} INFO - Setting next_dagrun for example_complex to None, run_after=None
[2023-12-31T05:41:29.993+0000] {processor.py:183} INFO - Processing /home/airflow/.local/lib/python3.8/site-packages/airflow/example_dags/example_complex.py took 0.286 seconds
[2023-12-31T05:42:00.704+0000] {processor.py:161} INFO - Started process (PID=1879) to work on /home/airflow/.local/lib/python3.8/site-packages/airflow/example_dags/example_complex.py
[2023-12-31T05:42:00.706+0000] {processor.py:830} INFO - Processing file /home/airflow/.local/lib/python3.8/site-packages/airflow/example_dags/example_complex.py for tasks to queue
[2023-12-31T05:42:00.710+0000] {logging_mixin.py:188} INFO - [2023-12-31T05:42:00.710+0000] {dagbag.py:538} INFO - Filling up the DagBag from /home/airflow/.local/lib/python3.8/site-packages/airflow/example_dags/example_complex.py
[2023-12-31T05:42:00.724+0000] {processor.py:840} INFO - DAG(s) 'example_complex' retrieved from /home/airflow/.local/lib/python3.8/site-packages/airflow/example_dags/example_complex.py
[2023-12-31T05:42:00.763+0000] {logging_mixin.py:188} INFO - [2023-12-31T05:42:00.763+0000] {dag.py:3033} INFO - Sync 1 DAGs
[2023-12-31T05:42:00.777+0000] {logging_mixin.py:188} INFO - [2023-12-31T05:42:00.777+0000] {dag.py:3820} INFO - Setting next_dagrun for example_complex to None, run_after=None
[2023-12-31T05:42:00.806+0000] {processor.py:183} INFO - Processing /home/airflow/.local/lib/python3.8/site-packages/airflow/example_dags/example_complex.py took 0.106 seconds
[2023-12-31T05:42:33.472+0000] {processor.py:161} INFO - Started process (PID=1935) to work on /home/airflow/.local/lib/python3.8/site-packages/airflow/example_dags/example_complex.py
[2023-12-31T05:42:33.476+0000] {processor.py:830} INFO - Processing file /home/airflow/.local/lib/python3.8/site-packages/airflow/example_dags/example_complex.py for tasks to queue
[2023-12-31T05:42:33.480+0000] {logging_mixin.py:188} INFO - [2023-12-31T05:42:33.479+0000] {dagbag.py:538} INFO - Filling up the DagBag from /home/airflow/.local/lib/python3.8/site-packages/airflow/example_dags/example_complex.py
[2023-12-31T05:42:33.527+0000] {processor.py:840} INFO - DAG(s) 'example_complex' retrieved from /home/airflow/.local/lib/python3.8/site-packages/airflow/example_dags/example_complex.py
[2023-12-31T05:42:33.672+0000] {logging_mixin.py:188} INFO - [2023-12-31T05:42:33.670+0000] {dag.py:3033} INFO - Sync 1 DAGs
[2023-12-31T05:42:33.754+0000] {logging_mixin.py:188} INFO - [2023-12-31T05:42:33.745+0000] {dag.py:3820} INFO - Setting next_dagrun for example_complex to None, run_after=None
[2023-12-31T05:42:33.950+0000] {processor.py:183} INFO - Processing /home/airflow/.local/lib/python3.8/site-packages/airflow/example_dags/example_complex.py took 0.486 seconds
[2023-12-31T05:43:04.039+0000] {processor.py:161} INFO - Started process (PID=1990) to work on /home/airflow/.local/lib/python3.8/site-packages/airflow/example_dags/example_complex.py
[2023-12-31T05:43:04.041+0000] {processor.py:830} INFO - Processing file /home/airflow/.local/lib/python3.8/site-packages/airflow/example_dags/example_complex.py for tasks to queue
[2023-12-31T05:43:04.042+0000] {logging_mixin.py:188} INFO - [2023-12-31T05:43:04.042+0000] {dagbag.py:538} INFO - Filling up the DagBag from /home/airflow/.local/lib/python3.8/site-packages/airflow/example_dags/example_complex.py
[2023-12-31T05:43:04.059+0000] {processor.py:840} INFO - DAG(s) 'example_complex' retrieved from /home/airflow/.local/lib/python3.8/site-packages/airflow/example_dags/example_complex.py
[2023-12-31T05:43:04.100+0000] {logging_mixin.py:188} INFO - [2023-12-31T05:43:04.099+0000] {dag.py:3033} INFO - Sync 1 DAGs
[2023-12-31T05:43:04.115+0000] {logging_mixin.py:188} INFO - [2023-12-31T05:43:04.114+0000] {dag.py:3820} INFO - Setting next_dagrun for example_complex to None, run_after=None
[2023-12-31T05:43:04.315+0000] {processor.py:183} INFO - Processing /home/airflow/.local/lib/python3.8/site-packages/airflow/example_dags/example_complex.py took 0.279 seconds
[2023-12-31T05:43:34.798+0000] {processor.py:161} INFO - Started process (PID=2048) to work on /home/airflow/.local/lib/python3.8/site-packages/airflow/example_dags/example_complex.py
[2023-12-31T05:43:34.802+0000] {processor.py:830} INFO - Processing file /home/airflow/.local/lib/python3.8/site-packages/airflow/example_dags/example_complex.py for tasks to queue
[2023-12-31T05:43:34.804+0000] {logging_mixin.py:188} INFO - [2023-12-31T05:43:34.803+0000] {dagbag.py:538} INFO - Filling up the DagBag from /home/airflow/.local/lib/python3.8/site-packages/airflow/example_dags/example_complex.py
[2023-12-31T05:43:34.825+0000] {processor.py:840} INFO - DAG(s) 'example_complex' retrieved from /home/airflow/.local/lib/python3.8/site-packages/airflow/example_dags/example_complex.py
[2023-12-31T05:43:34.868+0000] {logging_mixin.py:188} INFO - [2023-12-31T05:43:34.868+0000] {dag.py:3033} INFO - Sync 1 DAGs
[2023-12-31T05:43:34.884+0000] {logging_mixin.py:188} INFO - [2023-12-31T05:43:34.884+0000] {dag.py:3820} INFO - Setting next_dagrun for example_complex to None, run_after=None
[2023-12-31T05:43:34.913+0000] {processor.py:183} INFO - Processing /home/airflow/.local/lib/python3.8/site-packages/airflow/example_dags/example_complex.py took 0.118 seconds
[2023-12-31T05:44:05.591+0000] {processor.py:161} INFO - Started process (PID=2104) to work on /home/airflow/.local/lib/python3.8/site-packages/airflow/example_dags/example_complex.py
[2023-12-31T05:44:05.592+0000] {processor.py:830} INFO - Processing file /home/airflow/.local/lib/python3.8/site-packages/airflow/example_dags/example_complex.py for tasks to queue
[2023-12-31T05:44:05.594+0000] {logging_mixin.py:188} INFO - [2023-12-31T05:44:05.593+0000] {dagbag.py:538} INFO - Filling up the DagBag from /home/airflow/.local/lib/python3.8/site-packages/airflow/example_dags/example_complex.py
[2023-12-31T05:44:05.613+0000] {processor.py:840} INFO - DAG(s) 'example_complex' retrieved from /home/airflow/.local/lib/python3.8/site-packages/airflow/example_dags/example_complex.py
[2023-12-31T05:44:05.660+0000] {logging_mixin.py:188} INFO - [2023-12-31T05:44:05.659+0000] {dag.py:3033} INFO - Sync 1 DAGs
[2023-12-31T05:44:05.680+0000] {logging_mixin.py:188} INFO - [2023-12-31T05:44:05.680+0000] {dag.py:3820} INFO - Setting next_dagrun for example_complex to None, run_after=None
[2023-12-31T05:44:05.713+0000] {processor.py:183} INFO - Processing /home/airflow/.local/lib/python3.8/site-packages/airflow/example_dags/example_complex.py took 0.129 seconds
[2023-12-31T05:44:35.901+0000] {processor.py:161} INFO - Started process (PID=2160) to work on /home/airflow/.local/lib/python3.8/site-packages/airflow/example_dags/example_complex.py
[2023-12-31T05:44:35.902+0000] {processor.py:830} INFO - Processing file /home/airflow/.local/lib/python3.8/site-packages/airflow/example_dags/example_complex.py for tasks to queue
[2023-12-31T05:44:35.904+0000] {logging_mixin.py:188} INFO - [2023-12-31T05:44:35.904+0000] {dagbag.py:538} INFO - Filling up the DagBag from /home/airflow/.local/lib/python3.8/site-packages/airflow/example_dags/example_complex.py
[2023-12-31T05:44:35.927+0000] {processor.py:840} INFO - DAG(s) 'example_complex' retrieved from /home/airflow/.local/lib/python3.8/site-packages/airflow/example_dags/example_complex.py
[2023-12-31T05:44:35.984+0000] {logging_mixin.py:188} INFO - [2023-12-31T05:44:35.984+0000] {dag.py:3033} INFO - Sync 1 DAGs
[2023-12-31T05:44:36.005+0000] {logging_mixin.py:188} INFO - [2023-12-31T05:44:36.004+0000] {dag.py:3820} INFO - Setting next_dagrun for example_complex to None, run_after=None
[2023-12-31T05:44:36.041+0000] {processor.py:183} INFO - Processing /home/airflow/.local/lib/python3.8/site-packages/airflow/example_dags/example_complex.py took 0.145 seconds
[2023-12-31T05:45:42.272+0000] {processor.py:161} INFO - Started process (PID=2236) to work on /home/airflow/.local/lib/python3.8/site-packages/airflow/example_dags/example_complex.py
[2023-12-31T05:45:42.279+0000] {processor.py:830} INFO - Processing file /home/airflow/.local/lib/python3.8/site-packages/airflow/example_dags/example_complex.py for tasks to queue
[2023-12-31T05:45:42.282+0000] {logging_mixin.py:188} INFO - [2023-12-31T05:45:42.281+0000] {dagbag.py:538} INFO - Filling up the DagBag from /home/airflow/.local/lib/python3.8/site-packages/airflow/example_dags/example_complex.py
[2023-12-31T05:45:42.326+0000] {processor.py:840} INFO - DAG(s) 'example_complex' retrieved from /home/airflow/.local/lib/python3.8/site-packages/airflow/example_dags/example_complex.py
[2023-12-31T05:45:42.412+0000] {logging_mixin.py:188} INFO - [2023-12-31T05:45:42.411+0000] {dag.py:3033} INFO - Sync 1 DAGs
[2023-12-31T05:45:42.454+0000] {logging_mixin.py:188} INFO - [2023-12-31T05:45:42.454+0000] {dag.py:3820} INFO - Setting next_dagrun for example_complex to None, run_after=None
[2023-12-31T05:45:42.523+0000] {processor.py:183} INFO - Processing /home/airflow/.local/lib/python3.8/site-packages/airflow/example_dags/example_complex.py took 0.259 seconds
[2023-12-31T05:46:13.833+0000] {processor.py:161} INFO - Started process (PID=2293) to work on /home/airflow/.local/lib/python3.8/site-packages/airflow/example_dags/example_complex.py
[2023-12-31T05:46:13.836+0000] {processor.py:830} INFO - Processing file /home/airflow/.local/lib/python3.8/site-packages/airflow/example_dags/example_complex.py for tasks to queue
[2023-12-31T05:46:13.843+0000] {logging_mixin.py:188} INFO - [2023-12-31T05:46:13.841+0000] {dagbag.py:538} INFO - Filling up the DagBag from /home/airflow/.local/lib/python3.8/site-packages/airflow/example_dags/example_complex.py
[2023-12-31T05:46:13.885+0000] {processor.py:840} INFO - DAG(s) 'example_complex' retrieved from /home/airflow/.local/lib/python3.8/site-packages/airflow/example_dags/example_complex.py
[2023-12-31T05:46:14.244+0000] {logging_mixin.py:188} INFO - [2023-12-31T05:46:14.244+0000] {dag.py:3033} INFO - Sync 1 DAGs
[2023-12-31T05:46:14.270+0000] {logging_mixin.py:188} INFO - [2023-12-31T05:46:14.269+0000] {dag.py:3820} INFO - Setting next_dagrun for example_complex to None, run_after=None
[2023-12-31T05:46:14.327+0000] {processor.py:183} INFO - Processing /home/airflow/.local/lib/python3.8/site-packages/airflow/example_dags/example_complex.py took 0.501 seconds
[2023-12-31T05:46:45.139+0000] {processor.py:161} INFO - Started process (PID=2349) to work on /home/airflow/.local/lib/python3.8/site-packages/airflow/example_dags/example_complex.py
[2023-12-31T05:46:45.140+0000] {processor.py:830} INFO - Processing file /home/airflow/.local/lib/python3.8/site-packages/airflow/example_dags/example_complex.py for tasks to queue
[2023-12-31T05:46:45.142+0000] {logging_mixin.py:188} INFO - [2023-12-31T05:46:45.142+0000] {dagbag.py:538} INFO - Filling up the DagBag from /home/airflow/.local/lib/python3.8/site-packages/airflow/example_dags/example_complex.py
[2023-12-31T05:46:45.176+0000] {processor.py:840} INFO - DAG(s) 'example_complex' retrieved from /home/airflow/.local/lib/python3.8/site-packages/airflow/example_dags/example_complex.py
[2023-12-31T05:46:45.244+0000] {logging_mixin.py:188} INFO - [2023-12-31T05:46:45.243+0000] {dag.py:3033} INFO - Sync 1 DAGs
[2023-12-31T05:46:45.276+0000] {logging_mixin.py:188} INFO - [2023-12-31T05:46:45.275+0000] {dag.py:3820} INFO - Setting next_dagrun for example_complex to None, run_after=None
[2023-12-31T05:46:45.330+0000] {processor.py:183} INFO - Processing /home/airflow/.local/lib/python3.8/site-packages/airflow/example_dags/example_complex.py took 0.203 seconds
[2023-12-31T05:47:16.035+0000] {processor.py:161} INFO - Started process (PID=2405) to work on /home/airflow/.local/lib/python3.8/site-packages/airflow/example_dags/example_complex.py
[2023-12-31T05:47:16.037+0000] {processor.py:830} INFO - Processing file /home/airflow/.local/lib/python3.8/site-packages/airflow/example_dags/example_complex.py for tasks to queue
[2023-12-31T05:47:16.039+0000] {logging_mixin.py:188} INFO - [2023-12-31T05:47:16.038+0000] {dagbag.py:538} INFO - Filling up the DagBag from /home/airflow/.local/lib/python3.8/site-packages/airflow/example_dags/example_complex.py
[2023-12-31T05:47:16.052+0000] {processor.py:840} INFO - DAG(s) 'example_complex' retrieved from /home/airflow/.local/lib/python3.8/site-packages/airflow/example_dags/example_complex.py
[2023-12-31T05:47:16.091+0000] {logging_mixin.py:188} INFO - [2023-12-31T05:47:16.091+0000] {dag.py:3033} INFO - Sync 1 DAGs
[2023-12-31T05:47:16.108+0000] {logging_mixin.py:188} INFO - [2023-12-31T05:47:16.108+0000] {dag.py:3820} INFO - Setting next_dagrun for example_complex to None, run_after=None
[2023-12-31T05:47:16.148+0000] {processor.py:183} INFO - Processing /home/airflow/.local/lib/python3.8/site-packages/airflow/example_dags/example_complex.py took 0.118 seconds
[2023-12-31T05:47:46.815+0000] {processor.py:161} INFO - Started process (PID=2461) to work on /home/airflow/.local/lib/python3.8/site-packages/airflow/example_dags/example_complex.py
[2023-12-31T05:47:46.856+0000] {processor.py:830} INFO - Processing file /home/airflow/.local/lib/python3.8/site-packages/airflow/example_dags/example_complex.py for tasks to queue
[2023-12-31T05:47:46.858+0000] {logging_mixin.py:188} INFO - [2023-12-31T05:47:46.858+0000] {dagbag.py:538} INFO - Filling up the DagBag from /home/airflow/.local/lib/python3.8/site-packages/airflow/example_dags/example_complex.py
[2023-12-31T05:47:46.872+0000] {processor.py:840} INFO - DAG(s) 'example_complex' retrieved from /home/airflow/.local/lib/python3.8/site-packages/airflow/example_dags/example_complex.py
[2023-12-31T05:47:46.912+0000] {logging_mixin.py:188} INFO - [2023-12-31T05:47:46.912+0000] {dag.py:3033} INFO - Sync 1 DAGs
[2023-12-31T05:47:46.927+0000] {logging_mixin.py:188} INFO - [2023-12-31T05:47:46.927+0000] {dag.py:3820} INFO - Setting next_dagrun for example_complex to None, run_after=None
[2023-12-31T05:47:47.222+0000] {processor.py:183} INFO - Processing /home/airflow/.local/lib/python3.8/site-packages/airflow/example_dags/example_complex.py took 0.411 seconds
[2023-12-31T05:48:17.370+0000] {processor.py:161} INFO - Started process (PID=2516) to work on /home/airflow/.local/lib/python3.8/site-packages/airflow/example_dags/example_complex.py
[2023-12-31T05:48:17.452+0000] {processor.py:830} INFO - Processing file /home/airflow/.local/lib/python3.8/site-packages/airflow/example_dags/example_complex.py for tasks to queue
[2023-12-31T05:48:17.453+0000] {logging_mixin.py:188} INFO - [2023-12-31T05:48:17.453+0000] {dagbag.py:538} INFO - Filling up the DagBag from /home/airflow/.local/lib/python3.8/site-packages/airflow/example_dags/example_complex.py
[2023-12-31T05:48:17.467+0000] {processor.py:840} INFO - DAG(s) 'example_complex' retrieved from /home/airflow/.local/lib/python3.8/site-packages/airflow/example_dags/example_complex.py
[2023-12-31T05:48:17.570+0000] {logging_mixin.py:188} INFO - [2023-12-31T05:48:17.570+0000] {dag.py:3033} INFO - Sync 1 DAGs
[2023-12-31T05:48:17.585+0000] {logging_mixin.py:188} INFO - [2023-12-31T05:48:17.585+0000] {dag.py:3820} INFO - Setting next_dagrun for example_complex to None, run_after=None
[2023-12-31T05:48:18.293+0000] {processor.py:183} INFO - Processing /home/airflow/.local/lib/python3.8/site-packages/airflow/example_dags/example_complex.py took 0.927 seconds
[2023-12-31T05:48:48.980+0000] {processor.py:161} INFO - Started process (PID=2572) to work on /home/airflow/.local/lib/python3.8/site-packages/airflow/example_dags/example_complex.py
[2023-12-31T05:48:48.982+0000] {processor.py:830} INFO - Processing file /home/airflow/.local/lib/python3.8/site-packages/airflow/example_dags/example_complex.py for tasks to queue
[2023-12-31T05:48:48.983+0000] {logging_mixin.py:188} INFO - [2023-12-31T05:48:48.983+0000] {dagbag.py:538} INFO - Filling up the DagBag from /home/airflow/.local/lib/python3.8/site-packages/airflow/example_dags/example_complex.py
[2023-12-31T05:48:49.001+0000] {processor.py:840} INFO - DAG(s) 'example_complex' retrieved from /home/airflow/.local/lib/python3.8/site-packages/airflow/example_dags/example_complex.py
[2023-12-31T05:48:49.039+0000] {logging_mixin.py:188} INFO - [2023-12-31T05:48:49.039+0000] {dag.py:3033} INFO - Sync 1 DAGs
[2023-12-31T05:48:49.062+0000] {logging_mixin.py:188} INFO - [2023-12-31T05:48:49.062+0000] {dag.py:3820} INFO - Setting next_dagrun for example_complex to None, run_after=None
[2023-12-31T05:48:49.092+0000] {processor.py:183} INFO - Processing /home/airflow/.local/lib/python3.8/site-packages/airflow/example_dags/example_complex.py took 0.116 seconds
