[2023-12-31T05:24:15.354+0000] {processor.py:161} INFO - Started process (PID=105) to work on /home/airflow/.local/lib/python3.8/site-packages/airflow/example_dags/example_branch_day_of_week_operator.py
[2023-12-31T05:24:15.356+0000] {processor.py:830} INFO - Processing file /home/airflow/.local/lib/python3.8/site-packages/airflow/example_dags/example_branch_day_of_week_operator.py for tasks to queue
[2023-12-31T05:24:15.360+0000] {logging_mixin.py:188} INFO - [2023-12-31T05:24:15.359+0000] {dagbag.py:538} INFO - Filling up the DagBag from /home/airflow/.local/lib/python3.8/site-packages/airflow/example_dags/example_branch_day_of_week_operator.py
[2023-12-31T05:24:15.373+0000] {processor.py:840} INFO - DAG(s) 'example_weekday_branch_operator' retrieved from /home/airflow/.local/lib/python3.8/site-packages/airflow/example_dags/example_branch_day_of_week_operator.py
[2023-12-31T05:24:15.653+0000] {logging_mixin.py:188} INFO - [2023-12-31T05:24:15.653+0000] {dag.py:3033} INFO - Sync 1 DAGs
[2023-12-31T05:24:15.704+0000] {logging_mixin.py:188} INFO - [2023-12-31T05:24:15.704+0000] {dag.py:3820} INFO - Setting next_dagrun for example_weekday_branch_operator to 2023-12-30T00:00:00+00:00, run_after=2023-12-31T00:00:00+00:00
[2023-12-31T05:24:16.104+0000] {processor.py:183} INFO - Processing /home/airflow/.local/lib/python3.8/site-packages/airflow/example_dags/example_branch_day_of_week_operator.py took 0.754 seconds
[2023-12-31T05:24:55.782+0000] {processor.py:161} INFO - Started process (PID=161) to work on /home/airflow/.local/lib/python3.8/site-packages/airflow/example_dags/example_branch_day_of_week_operator.py
[2023-12-31T05:24:55.784+0000] {processor.py:830} INFO - Processing file /home/airflow/.local/lib/python3.8/site-packages/airflow/example_dags/example_branch_day_of_week_operator.py for tasks to queue
[2023-12-31T05:24:55.789+0000] {logging_mixin.py:188} INFO - [2023-12-31T05:24:55.789+0000] {dagbag.py:538} INFO - Filling up the DagBag from /home/airflow/.local/lib/python3.8/site-packages/airflow/example_dags/example_branch_day_of_week_operator.py
[2023-12-31T05:24:55.809+0000] {processor.py:840} INFO - DAG(s) 'example_weekday_branch_operator' retrieved from /home/airflow/.local/lib/python3.8/site-packages/airflow/example_dags/example_branch_day_of_week_operator.py
[2023-12-31T05:24:55.852+0000] {logging_mixin.py:188} INFO - [2023-12-31T05:24:55.851+0000] {dag.py:3033} INFO - Sync 1 DAGs
[2023-12-31T05:24:55.899+0000] {logging_mixin.py:188} INFO - [2023-12-31T05:24:55.899+0000] {dag.py:3820} INFO - Setting next_dagrun for example_weekday_branch_operator to 2023-12-30T00:00:00+00:00, run_after=2023-12-31T00:00:00+00:00
[2023-12-31T05:24:55.959+0000] {processor.py:183} INFO - Processing /home/airflow/.local/lib/python3.8/site-packages/airflow/example_dags/example_branch_day_of_week_operator.py took 0.181 seconds
[2023-12-31T05:25:32.452+0000] {processor.py:161} INFO - Started process (PID=216) to work on /home/airflow/.local/lib/python3.8/site-packages/airflow/example_dags/example_branch_day_of_week_operator.py
[2023-12-31T05:25:32.460+0000] {processor.py:830} INFO - Processing file /home/airflow/.local/lib/python3.8/site-packages/airflow/example_dags/example_branch_day_of_week_operator.py for tasks to queue
[2023-12-31T05:25:32.463+0000] {logging_mixin.py:188} INFO - [2023-12-31T05:25:32.463+0000] {dagbag.py:538} INFO - Filling up the DagBag from /home/airflow/.local/lib/python3.8/site-packages/airflow/example_dags/example_branch_day_of_week_operator.py
[2023-12-31T05:25:32.706+0000] {processor.py:840} INFO - DAG(s) 'example_weekday_branch_operator' retrieved from /home/airflow/.local/lib/python3.8/site-packages/airflow/example_dags/example_branch_day_of_week_operator.py
[2023-12-31T05:25:32.791+0000] {logging_mixin.py:188} INFO - [2023-12-31T05:25:32.790+0000] {dag.py:3033} INFO - Sync 1 DAGs
[2023-12-31T05:25:32.896+0000] {logging_mixin.py:188} INFO - [2023-12-31T05:25:32.896+0000] {dag.py:3820} INFO - Setting next_dagrun for example_weekday_branch_operator to 2023-12-30T00:00:00+00:00, run_after=2023-12-31T00:00:00+00:00
[2023-12-31T05:25:33.304+0000] {processor.py:183} INFO - Processing /home/airflow/.local/lib/python3.8/site-packages/airflow/example_dags/example_branch_day_of_week_operator.py took 0.927 seconds
[2023-12-31T05:26:23.054+0000] {processor.py:161} INFO - Started process (PID=267) to work on /home/airflow/.local/lib/python3.8/site-packages/airflow/example_dags/example_branch_day_of_week_operator.py
[2023-12-31T05:26:23.057+0000] {processor.py:830} INFO - Processing file /home/airflow/.local/lib/python3.8/site-packages/airflow/example_dags/example_branch_day_of_week_operator.py for tasks to queue
[2023-12-31T05:26:23.065+0000] {logging_mixin.py:188} INFO - [2023-12-31T05:26:23.063+0000] {dagbag.py:538} INFO - Filling up the DagBag from /home/airflow/.local/lib/python3.8/site-packages/airflow/example_dags/example_branch_day_of_week_operator.py
[2023-12-31T05:26:23.091+0000] {processor.py:840} INFO - DAG(s) 'example_weekday_branch_operator' retrieved from /home/airflow/.local/lib/python3.8/site-packages/airflow/example_dags/example_branch_day_of_week_operator.py
[2023-12-31T05:26:23.182+0000] {logging_mixin.py:188} INFO - [2023-12-31T05:26:23.182+0000] {dag.py:3033} INFO - Sync 1 DAGs
[2023-12-31T05:26:23.251+0000] {logging_mixin.py:188} INFO - [2023-12-31T05:26:23.250+0000] {dag.py:3820} INFO - Setting next_dagrun for example_weekday_branch_operator to 2023-12-30T00:00:00+00:00, run_after=2023-12-31T00:00:00+00:00
[2023-12-31T05:26:23.308+0000] {processor.py:183} INFO - Processing /home/airflow/.local/lib/python3.8/site-packages/airflow/example_dags/example_branch_day_of_week_operator.py took 0.262 seconds
[2023-12-31T05:26:54.144+0000] {processor.py:161} INFO - Started process (PID=323) to work on /home/airflow/.local/lib/python3.8/site-packages/airflow/example_dags/example_branch_day_of_week_operator.py
[2023-12-31T05:26:54.147+0000] {processor.py:830} INFO - Processing file /home/airflow/.local/lib/python3.8/site-packages/airflow/example_dags/example_branch_day_of_week_operator.py for tasks to queue
[2023-12-31T05:26:54.151+0000] {logging_mixin.py:188} INFO - [2023-12-31T05:26:54.150+0000] {dagbag.py:538} INFO - Filling up the DagBag from /home/airflow/.local/lib/python3.8/site-packages/airflow/example_dags/example_branch_day_of_week_operator.py
[2023-12-31T05:26:54.176+0000] {processor.py:840} INFO - DAG(s) 'example_weekday_branch_operator' retrieved from /home/airflow/.local/lib/python3.8/site-packages/airflow/example_dags/example_branch_day_of_week_operator.py
[2023-12-31T05:26:54.212+0000] {logging_mixin.py:188} INFO - [2023-12-31T05:26:54.211+0000] {dag.py:3033} INFO - Sync 1 DAGs
[2023-12-31T05:26:54.246+0000] {logging_mixin.py:188} INFO - [2023-12-31T05:26:54.246+0000] {dag.py:3820} INFO - Setting next_dagrun for example_weekday_branch_operator to 2023-12-30T00:00:00+00:00, run_after=2023-12-31T00:00:00+00:00
[2023-12-31T05:26:54.272+0000] {processor.py:183} INFO - Processing /home/airflow/.local/lib/python3.8/site-packages/airflow/example_dags/example_branch_day_of_week_operator.py took 0.135 seconds
[2023-12-31T05:27:26.401+0000] {processor.py:161} INFO - Started process (PID=379) to work on /home/airflow/.local/lib/python3.8/site-packages/airflow/example_dags/example_branch_day_of_week_operator.py
[2023-12-31T05:27:26.404+0000] {processor.py:830} INFO - Processing file /home/airflow/.local/lib/python3.8/site-packages/airflow/example_dags/example_branch_day_of_week_operator.py for tasks to queue
[2023-12-31T05:27:26.410+0000] {logging_mixin.py:188} INFO - [2023-12-31T05:27:26.409+0000] {dagbag.py:538} INFO - Filling up the DagBag from /home/airflow/.local/lib/python3.8/site-packages/airflow/example_dags/example_branch_day_of_week_operator.py
[2023-12-31T05:27:26.428+0000] {processor.py:840} INFO - DAG(s) 'example_weekday_branch_operator' retrieved from /home/airflow/.local/lib/python3.8/site-packages/airflow/example_dags/example_branch_day_of_week_operator.py
[2023-12-31T05:27:26.482+0000] {logging_mixin.py:188} INFO - [2023-12-31T05:27:26.482+0000] {dag.py:3033} INFO - Sync 1 DAGs
[2023-12-31T05:27:26.554+0000] {logging_mixin.py:188} INFO - [2023-12-31T05:27:26.554+0000] {dag.py:3820} INFO - Setting next_dagrun for example_weekday_branch_operator to 2023-12-30T00:00:00+00:00, run_after=2023-12-31T00:00:00+00:00
[2023-12-31T05:27:26.616+0000] {processor.py:183} INFO - Processing /home/airflow/.local/lib/python3.8/site-packages/airflow/example_dags/example_branch_day_of_week_operator.py took 0.221 seconds
[2023-12-31T05:27:56.957+0000] {processor.py:161} INFO - Started process (PID=435) to work on /home/airflow/.local/lib/python3.8/site-packages/airflow/example_dags/example_branch_day_of_week_operator.py
[2023-12-31T05:27:56.959+0000] {processor.py:830} INFO - Processing file /home/airflow/.local/lib/python3.8/site-packages/airflow/example_dags/example_branch_day_of_week_operator.py for tasks to queue
[2023-12-31T05:27:56.962+0000] {logging_mixin.py:188} INFO - [2023-12-31T05:27:56.961+0000] {dagbag.py:538} INFO - Filling up the DagBag from /home/airflow/.local/lib/python3.8/site-packages/airflow/example_dags/example_branch_day_of_week_operator.py
[2023-12-31T05:27:56.974+0000] {processor.py:840} INFO - DAG(s) 'example_weekday_branch_operator' retrieved from /home/airflow/.local/lib/python3.8/site-packages/airflow/example_dags/example_branch_day_of_week_operator.py
[2023-12-31T05:27:57.003+0000] {logging_mixin.py:188} INFO - [2023-12-31T05:27:57.002+0000] {dag.py:3033} INFO - Sync 1 DAGs
[2023-12-31T05:27:57.032+0000] {logging_mixin.py:188} INFO - [2023-12-31T05:27:57.031+0000] {dag.py:3820} INFO - Setting next_dagrun for example_weekday_branch_operator to 2023-12-30T00:00:00+00:00, run_after=2023-12-31T00:00:00+00:00
[2023-12-31T05:27:57.069+0000] {processor.py:183} INFO - Processing /home/airflow/.local/lib/python3.8/site-packages/airflow/example_dags/example_branch_day_of_week_operator.py took 0.116 seconds
[2023-12-31T05:28:27.687+0000] {processor.py:161} INFO - Started process (PID=491) to work on /home/airflow/.local/lib/python3.8/site-packages/airflow/example_dags/example_branch_day_of_week_operator.py
[2023-12-31T05:28:27.689+0000] {processor.py:830} INFO - Processing file /home/airflow/.local/lib/python3.8/site-packages/airflow/example_dags/example_branch_day_of_week_operator.py for tasks to queue
[2023-12-31T05:28:27.694+0000] {logging_mixin.py:188} INFO - [2023-12-31T05:28:27.694+0000] {dagbag.py:538} INFO - Filling up the DagBag from /home/airflow/.local/lib/python3.8/site-packages/airflow/example_dags/example_branch_day_of_week_operator.py
[2023-12-31T05:28:27.712+0000] {processor.py:840} INFO - DAG(s) 'example_weekday_branch_operator' retrieved from /home/airflow/.local/lib/python3.8/site-packages/airflow/example_dags/example_branch_day_of_week_operator.py
[2023-12-31T05:28:27.759+0000] {logging_mixin.py:188} INFO - [2023-12-31T05:28:27.750+0000] {dag.py:3033} INFO - Sync 1 DAGs
[2023-12-31T05:28:27.798+0000] {logging_mixin.py:188} INFO - [2023-12-31T05:28:27.798+0000] {dag.py:3820} INFO - Setting next_dagrun for example_weekday_branch_operator to 2023-12-30T00:00:00+00:00, run_after=2023-12-31T00:00:00+00:00
[2023-12-31T05:28:27.831+0000] {processor.py:183} INFO - Processing /home/airflow/.local/lib/python3.8/site-packages/airflow/example_dags/example_branch_day_of_week_operator.py took 0.152 seconds
[2023-12-31T05:28:58.339+0000] {processor.py:161} INFO - Started process (PID=547) to work on /home/airflow/.local/lib/python3.8/site-packages/airflow/example_dags/example_branch_day_of_week_operator.py
[2023-12-31T05:28:58.350+0000] {processor.py:830} INFO - Processing file /home/airflow/.local/lib/python3.8/site-packages/airflow/example_dags/example_branch_day_of_week_operator.py for tasks to queue
[2023-12-31T05:28:58.354+0000] {logging_mixin.py:188} INFO - [2023-12-31T05:28:58.354+0000] {dagbag.py:538} INFO - Filling up the DagBag from /home/airflow/.local/lib/python3.8/site-packages/airflow/example_dags/example_branch_day_of_week_operator.py
[2023-12-31T05:28:58.363+0000] {processor.py:840} INFO - DAG(s) 'example_weekday_branch_operator' retrieved from /home/airflow/.local/lib/python3.8/site-packages/airflow/example_dags/example_branch_day_of_week_operator.py
[2023-12-31T05:28:58.396+0000] {logging_mixin.py:188} INFO - [2023-12-31T05:28:58.396+0000] {dag.py:3033} INFO - Sync 1 DAGs
[2023-12-31T05:28:58.429+0000] {logging_mixin.py:188} INFO - [2023-12-31T05:28:58.429+0000] {dag.py:3820} INFO - Setting next_dagrun for example_weekday_branch_operator to 2023-12-30T00:00:00+00:00, run_after=2023-12-31T00:00:00+00:00
[2023-12-31T05:28:58.471+0000] {processor.py:183} INFO - Processing /home/airflow/.local/lib/python3.8/site-packages/airflow/example_dags/example_branch_day_of_week_operator.py took 0.139 seconds
[2023-12-31T05:29:29.548+0000] {processor.py:161} INFO - Started process (PID=603) to work on /home/airflow/.local/lib/python3.8/site-packages/airflow/example_dags/example_branch_day_of_week_operator.py
[2023-12-31T05:29:29.549+0000] {processor.py:830} INFO - Processing file /home/airflow/.local/lib/python3.8/site-packages/airflow/example_dags/example_branch_day_of_week_operator.py for tasks to queue
[2023-12-31T05:29:29.554+0000] {logging_mixin.py:188} INFO - [2023-12-31T05:29:29.553+0000] {dagbag.py:538} INFO - Filling up the DagBag from /home/airflow/.local/lib/python3.8/site-packages/airflow/example_dags/example_branch_day_of_week_operator.py
[2023-12-31T05:29:29.570+0000] {processor.py:840} INFO - DAG(s) 'example_weekday_branch_operator' retrieved from /home/airflow/.local/lib/python3.8/site-packages/airflow/example_dags/example_branch_day_of_week_operator.py
[2023-12-31T05:29:29.604+0000] {logging_mixin.py:188} INFO - [2023-12-31T05:29:29.603+0000] {dag.py:3033} INFO - Sync 1 DAGs
[2023-12-31T05:29:29.649+0000] {logging_mixin.py:188} INFO - [2023-12-31T05:29:29.648+0000] {dag.py:3820} INFO - Setting next_dagrun for example_weekday_branch_operator to 2023-12-30T00:00:00+00:00, run_after=2023-12-31T00:00:00+00:00
[2023-12-31T05:29:29.694+0000] {processor.py:183} INFO - Processing /home/airflow/.local/lib/python3.8/site-packages/airflow/example_dags/example_branch_day_of_week_operator.py took 0.151 seconds
[2023-12-31T05:30:06.243+0000] {processor.py:161} INFO - Started process (PID=659) to work on /home/airflow/.local/lib/python3.8/site-packages/airflow/example_dags/example_branch_day_of_week_operator.py
[2023-12-31T05:30:06.248+0000] {processor.py:830} INFO - Processing file /home/airflow/.local/lib/python3.8/site-packages/airflow/example_dags/example_branch_day_of_week_operator.py for tasks to queue
[2023-12-31T05:30:06.252+0000] {logging_mixin.py:188} INFO - [2023-12-31T05:30:06.252+0000] {dagbag.py:538} INFO - Filling up the DagBag from /home/airflow/.local/lib/python3.8/site-packages/airflow/example_dags/example_branch_day_of_week_operator.py
[2023-12-31T05:30:06.262+0000] {processor.py:840} INFO - DAG(s) 'example_weekday_branch_operator' retrieved from /home/airflow/.local/lib/python3.8/site-packages/airflow/example_dags/example_branch_day_of_week_operator.py
[2023-12-31T05:30:06.295+0000] {logging_mixin.py:188} INFO - [2023-12-31T05:30:06.295+0000] {dag.py:3033} INFO - Sync 1 DAGs
[2023-12-31T05:30:06.323+0000] {logging_mixin.py:188} INFO - [2023-12-31T05:30:06.323+0000] {dag.py:3820} INFO - Setting next_dagrun for example_weekday_branch_operator to 2023-12-30T00:00:00+00:00, run_after=2023-12-31T00:00:00+00:00
[2023-12-31T05:30:06.366+0000] {processor.py:183} INFO - Processing /home/airflow/.local/lib/python3.8/site-packages/airflow/example_dags/example_branch_day_of_week_operator.py took 0.127 seconds
[2023-12-31T05:30:36.951+0000] {processor.py:161} INFO - Started process (PID=715) to work on /home/airflow/.local/lib/python3.8/site-packages/airflow/example_dags/example_branch_day_of_week_operator.py
[2023-12-31T05:30:36.952+0000] {processor.py:830} INFO - Processing file /home/airflow/.local/lib/python3.8/site-packages/airflow/example_dags/example_branch_day_of_week_operator.py for tasks to queue
[2023-12-31T05:30:36.955+0000] {logging_mixin.py:188} INFO - [2023-12-31T05:30:36.955+0000] {dagbag.py:538} INFO - Filling up the DagBag from /home/airflow/.local/lib/python3.8/site-packages/airflow/example_dags/example_branch_day_of_week_operator.py
[2023-12-31T05:30:36.965+0000] {processor.py:840} INFO - DAG(s) 'example_weekday_branch_operator' retrieved from /home/airflow/.local/lib/python3.8/site-packages/airflow/example_dags/example_branch_day_of_week_operator.py
[2023-12-31T05:30:36.988+0000] {logging_mixin.py:188} INFO - [2023-12-31T05:30:36.988+0000] {dag.py:3033} INFO - Sync 1 DAGs
[2023-12-31T05:30:37.014+0000] {logging_mixin.py:188} INFO - [2023-12-31T05:30:37.014+0000] {dag.py:3820} INFO - Setting next_dagrun for example_weekday_branch_operator to 2023-12-30T00:00:00+00:00, run_after=2023-12-31T00:00:00+00:00
[2023-12-31T05:30:37.749+0000] {processor.py:183} INFO - Processing /home/airflow/.local/lib/python3.8/site-packages/airflow/example_dags/example_branch_day_of_week_operator.py took 0.802 seconds
[2023-12-31T05:31:08.507+0000] {processor.py:161} INFO - Started process (PID=771) to work on /home/airflow/.local/lib/python3.8/site-packages/airflow/example_dags/example_branch_day_of_week_operator.py
[2023-12-31T05:31:08.509+0000] {processor.py:830} INFO - Processing file /home/airflow/.local/lib/python3.8/site-packages/airflow/example_dags/example_branch_day_of_week_operator.py for tasks to queue
[2023-12-31T05:31:08.512+0000] {logging_mixin.py:188} INFO - [2023-12-31T05:31:08.512+0000] {dagbag.py:538} INFO - Filling up the DagBag from /home/airflow/.local/lib/python3.8/site-packages/airflow/example_dags/example_branch_day_of_week_operator.py
[2023-12-31T05:31:08.521+0000] {processor.py:840} INFO - DAG(s) 'example_weekday_branch_operator' retrieved from /home/airflow/.local/lib/python3.8/site-packages/airflow/example_dags/example_branch_day_of_week_operator.py
[2023-12-31T05:31:08.547+0000] {logging_mixin.py:188} INFO - [2023-12-31T05:31:08.547+0000] {dag.py:3033} INFO - Sync 1 DAGs
[2023-12-31T05:31:08.575+0000] {logging_mixin.py:188} INFO - [2023-12-31T05:31:08.575+0000] {dag.py:3820} INFO - Setting next_dagrun for example_weekday_branch_operator to 2023-12-30T00:00:00+00:00, run_after=2023-12-31T00:00:00+00:00
[2023-12-31T05:31:08.606+0000] {processor.py:183} INFO - Processing /home/airflow/.local/lib/python3.8/site-packages/airflow/example_dags/example_branch_day_of_week_operator.py took 0.103 seconds
[2023-12-31T05:31:38.913+0000] {processor.py:161} INFO - Started process (PID=827) to work on /home/airflow/.local/lib/python3.8/site-packages/airflow/example_dags/example_branch_day_of_week_operator.py
[2023-12-31T05:31:38.914+0000] {processor.py:830} INFO - Processing file /home/airflow/.local/lib/python3.8/site-packages/airflow/example_dags/example_branch_day_of_week_operator.py for tasks to queue
[2023-12-31T05:31:38.918+0000] {logging_mixin.py:188} INFO - [2023-12-31T05:31:38.917+0000] {dagbag.py:538} INFO - Filling up the DagBag from /home/airflow/.local/lib/python3.8/site-packages/airflow/example_dags/example_branch_day_of_week_operator.py
[2023-12-31T05:31:38.931+0000] {processor.py:840} INFO - DAG(s) 'example_weekday_branch_operator' retrieved from /home/airflow/.local/lib/python3.8/site-packages/airflow/example_dags/example_branch_day_of_week_operator.py
[2023-12-31T05:31:38.967+0000] {logging_mixin.py:188} INFO - [2023-12-31T05:31:38.966+0000] {dag.py:3033} INFO - Sync 1 DAGs
[2023-12-31T05:31:39.006+0000] {logging_mixin.py:188} INFO - [2023-12-31T05:31:39.006+0000] {dag.py:3820} INFO - Setting next_dagrun for example_weekday_branch_operator to 2023-12-30T00:00:00+00:00, run_after=2023-12-31T00:00:00+00:00
[2023-12-31T05:31:39.036+0000] {processor.py:183} INFO - Processing /home/airflow/.local/lib/python3.8/site-packages/airflow/example_dags/example_branch_day_of_week_operator.py took 0.127 seconds
[2023-12-31T05:32:09.599+0000] {processor.py:161} INFO - Started process (PID=883) to work on /home/airflow/.local/lib/python3.8/site-packages/airflow/example_dags/example_branch_day_of_week_operator.py
[2023-12-31T05:32:09.607+0000] {processor.py:830} INFO - Processing file /home/airflow/.local/lib/python3.8/site-packages/airflow/example_dags/example_branch_day_of_week_operator.py for tasks to queue
[2023-12-31T05:32:09.611+0000] {logging_mixin.py:188} INFO - [2023-12-31T05:32:09.610+0000] {dagbag.py:538} INFO - Filling up the DagBag from /home/airflow/.local/lib/python3.8/site-packages/airflow/example_dags/example_branch_day_of_week_operator.py
[2023-12-31T05:32:09.625+0000] {processor.py:840} INFO - DAG(s) 'example_weekday_branch_operator' retrieved from /home/airflow/.local/lib/python3.8/site-packages/airflow/example_dags/example_branch_day_of_week_operator.py
[2023-12-31T05:32:09.659+0000] {logging_mixin.py:188} INFO - [2023-12-31T05:32:09.659+0000] {dag.py:3033} INFO - Sync 1 DAGs
[2023-12-31T05:32:09.712+0000] {logging_mixin.py:188} INFO - [2023-12-31T05:32:09.711+0000] {dag.py:3820} INFO - Setting next_dagrun for example_weekday_branch_operator to 2023-12-30T00:00:00+00:00, run_after=2023-12-31T00:00:00+00:00
[2023-12-31T05:32:09.748+0000] {processor.py:183} INFO - Processing /home/airflow/.local/lib/python3.8/site-packages/airflow/example_dags/example_branch_day_of_week_operator.py took 0.154 seconds
[2023-12-31T05:32:40.497+0000] {processor.py:161} INFO - Started process (PID=939) to work on /home/airflow/.local/lib/python3.8/site-packages/airflow/example_dags/example_branch_day_of_week_operator.py
[2023-12-31T05:32:40.499+0000] {processor.py:830} INFO - Processing file /home/airflow/.local/lib/python3.8/site-packages/airflow/example_dags/example_branch_day_of_week_operator.py for tasks to queue
[2023-12-31T05:32:40.513+0000] {logging_mixin.py:188} INFO - [2023-12-31T05:32:40.504+0000] {dagbag.py:538} INFO - Filling up the DagBag from /home/airflow/.local/lib/python3.8/site-packages/airflow/example_dags/example_branch_day_of_week_operator.py
[2023-12-31T05:32:40.542+0000] {processor.py:840} INFO - DAG(s) 'example_weekday_branch_operator' retrieved from /home/airflow/.local/lib/python3.8/site-packages/airflow/example_dags/example_branch_day_of_week_operator.py
[2023-12-31T05:32:40.627+0000] {logging_mixin.py:188} INFO - [2023-12-31T05:32:40.626+0000] {dag.py:3033} INFO - Sync 1 DAGs
[2023-12-31T05:32:40.746+0000] {logging_mixin.py:188} INFO - [2023-12-31T05:32:40.745+0000] {dag.py:3820} INFO - Setting next_dagrun for example_weekday_branch_operator to 2023-12-30T00:00:00+00:00, run_after=2023-12-31T00:00:00+00:00
[2023-12-31T05:32:40.884+0000] {processor.py:183} INFO - Processing /home/airflow/.local/lib/python3.8/site-packages/airflow/example_dags/example_branch_day_of_week_operator.py took 0.403 seconds
[2023-12-31T05:33:46.238+0000] {processor.py:161} INFO - Started process (PID=1001) to work on /home/airflow/.local/lib/python3.8/site-packages/airflow/example_dags/example_branch_day_of_week_operator.py
[2023-12-31T05:33:46.239+0000] {processor.py:830} INFO - Processing file /home/airflow/.local/lib/python3.8/site-packages/airflow/example_dags/example_branch_day_of_week_operator.py for tasks to queue
[2023-12-31T05:33:46.243+0000] {logging_mixin.py:188} INFO - [2023-12-31T05:33:46.242+0000] {dagbag.py:538} INFO - Filling up the DagBag from /home/airflow/.local/lib/python3.8/site-packages/airflow/example_dags/example_branch_day_of_week_operator.py
[2023-12-31T05:33:46.254+0000] {processor.py:840} INFO - DAG(s) 'example_weekday_branch_operator' retrieved from /home/airflow/.local/lib/python3.8/site-packages/airflow/example_dags/example_branch_day_of_week_operator.py
[2023-12-31T05:33:46.281+0000] {logging_mixin.py:188} INFO - [2023-12-31T05:33:46.281+0000] {dag.py:3033} INFO - Sync 1 DAGs
[2023-12-31T05:33:46.309+0000] {logging_mixin.py:188} INFO - [2023-12-31T05:33:46.309+0000] {dag.py:3820} INFO - Setting next_dagrun for example_weekday_branch_operator to 2023-12-30T00:00:00+00:00, run_after=2023-12-31T00:00:00+00:00
[2023-12-31T05:33:46.673+0000] {processor.py:183} INFO - Processing /home/airflow/.local/lib/python3.8/site-packages/airflow/example_dags/example_branch_day_of_week_operator.py took 0.439 seconds
[2023-12-31T05:34:35.058+0000] {processor.py:161} INFO - Started process (PID=1064) to work on /home/airflow/.local/lib/python3.8/site-packages/airflow/example_dags/example_branch_day_of_week_operator.py
[2023-12-31T05:34:35.062+0000] {processor.py:830} INFO - Processing file /home/airflow/.local/lib/python3.8/site-packages/airflow/example_dags/example_branch_day_of_week_operator.py for tasks to queue
[2023-12-31T05:34:35.070+0000] {logging_mixin.py:188} INFO - [2023-12-31T05:34:35.069+0000] {dagbag.py:538} INFO - Filling up the DagBag from /home/airflow/.local/lib/python3.8/site-packages/airflow/example_dags/example_branch_day_of_week_operator.py
[2023-12-31T05:34:35.090+0000] {processor.py:840} INFO - DAG(s) 'example_weekday_branch_operator' retrieved from /home/airflow/.local/lib/python3.8/site-packages/airflow/example_dags/example_branch_day_of_week_operator.py
[2023-12-31T05:34:35.420+0000] {logging_mixin.py:188} INFO - [2023-12-31T05:34:35.420+0000] {dag.py:3033} INFO - Sync 1 DAGs
[2023-12-31T05:34:35.587+0000] {logging_mixin.py:188} INFO - [2023-12-31T05:34:35.587+0000] {dag.py:3820} INFO - Setting next_dagrun for example_weekday_branch_operator to 2023-12-30T00:00:00+00:00, run_after=2023-12-31T00:00:00+00:00
[2023-12-31T05:34:35.850+0000] {processor.py:183} INFO - Processing /home/airflow/.local/lib/python3.8/site-packages/airflow/example_dags/example_branch_day_of_week_operator.py took 0.799 seconds
[2023-12-31T05:35:06.664+0000] {processor.py:161} INFO - Started process (PID=1121) to work on /home/airflow/.local/lib/python3.8/site-packages/airflow/example_dags/example_branch_day_of_week_operator.py
[2023-12-31T05:35:06.667+0000] {processor.py:830} INFO - Processing file /home/airflow/.local/lib/python3.8/site-packages/airflow/example_dags/example_branch_day_of_week_operator.py for tasks to queue
[2023-12-31T05:35:06.670+0000] {logging_mixin.py:188} INFO - [2023-12-31T05:35:06.670+0000] {dagbag.py:538} INFO - Filling up the DagBag from /home/airflow/.local/lib/python3.8/site-packages/airflow/example_dags/example_branch_day_of_week_operator.py
[2023-12-31T05:35:06.685+0000] {processor.py:840} INFO - DAG(s) 'example_weekday_branch_operator' retrieved from /home/airflow/.local/lib/python3.8/site-packages/airflow/example_dags/example_branch_day_of_week_operator.py
[2023-12-31T05:35:06.724+0000] {logging_mixin.py:188} INFO - [2023-12-31T05:35:06.723+0000] {dag.py:3033} INFO - Sync 1 DAGs
[2023-12-31T05:35:06.767+0000] {logging_mixin.py:188} INFO - [2023-12-31T05:35:06.767+0000] {dag.py:3820} INFO - Setting next_dagrun for example_weekday_branch_operator to 2023-12-30T00:00:00+00:00, run_after=2023-12-31T00:00:00+00:00
[2023-12-31T05:35:06.805+0000] {processor.py:183} INFO - Processing /home/airflow/.local/lib/python3.8/site-packages/airflow/example_dags/example_branch_day_of_week_operator.py took 0.146 seconds
[2023-12-31T05:35:39.713+0000] {processor.py:161} INFO - Started process (PID=1178) to work on /home/airflow/.local/lib/python3.8/site-packages/airflow/example_dags/example_branch_day_of_week_operator.py
[2023-12-31T05:35:39.716+0000] {processor.py:830} INFO - Processing file /home/airflow/.local/lib/python3.8/site-packages/airflow/example_dags/example_branch_day_of_week_operator.py for tasks to queue
[2023-12-31T05:35:39.722+0000] {logging_mixin.py:188} INFO - [2023-12-31T05:35:39.721+0000] {dagbag.py:538} INFO - Filling up the DagBag from /home/airflow/.local/lib/python3.8/site-packages/airflow/example_dags/example_branch_day_of_week_operator.py
[2023-12-31T05:35:39.736+0000] {processor.py:840} INFO - DAG(s) 'example_weekday_branch_operator' retrieved from /home/airflow/.local/lib/python3.8/site-packages/airflow/example_dags/example_branch_day_of_week_operator.py
[2023-12-31T05:35:39.777+0000] {logging_mixin.py:188} INFO - [2023-12-31T05:35:39.777+0000] {dag.py:3033} INFO - Sync 1 DAGs
[2023-12-31T05:35:39.861+0000] {logging_mixin.py:188} INFO - [2023-12-31T05:35:39.860+0000] {dag.py:3820} INFO - Setting next_dagrun for example_weekday_branch_operator to 2023-12-30T00:00:00+00:00, run_after=2023-12-31T00:00:00+00:00
[2023-12-31T05:35:39.911+0000] {processor.py:183} INFO - Processing /home/airflow/.local/lib/python3.8/site-packages/airflow/example_dags/example_branch_day_of_week_operator.py took 0.203 seconds
[2023-12-31T05:36:10.376+0000] {processor.py:161} INFO - Started process (PID=1233) to work on /home/airflow/.local/lib/python3.8/site-packages/airflow/example_dags/example_branch_day_of_week_operator.py
[2023-12-31T05:36:10.379+0000] {processor.py:830} INFO - Processing file /home/airflow/.local/lib/python3.8/site-packages/airflow/example_dags/example_branch_day_of_week_operator.py for tasks to queue
[2023-12-31T05:36:10.383+0000] {logging_mixin.py:188} INFO - [2023-12-31T05:36:10.383+0000] {dagbag.py:538} INFO - Filling up the DagBag from /home/airflow/.local/lib/python3.8/site-packages/airflow/example_dags/example_branch_day_of_week_operator.py
[2023-12-31T05:36:10.395+0000] {processor.py:840} INFO - DAG(s) 'example_weekday_branch_operator' retrieved from /home/airflow/.local/lib/python3.8/site-packages/airflow/example_dags/example_branch_day_of_week_operator.py
[2023-12-31T05:36:10.432+0000] {logging_mixin.py:188} INFO - [2023-12-31T05:36:10.431+0000] {dag.py:3033} INFO - Sync 1 DAGs
[2023-12-31T05:36:10.468+0000] {logging_mixin.py:188} INFO - [2023-12-31T05:36:10.468+0000] {dag.py:3820} INFO - Setting next_dagrun for example_weekday_branch_operator to 2023-12-30T00:00:00+00:00, run_after=2023-12-31T00:00:00+00:00
[2023-12-31T05:36:10.503+0000] {processor.py:183} INFO - Processing /home/airflow/.local/lib/python3.8/site-packages/airflow/example_dags/example_branch_day_of_week_operator.py took 0.132 seconds
[2023-12-31T05:36:41.040+0000] {processor.py:161} INFO - Started process (PID=1289) to work on /home/airflow/.local/lib/python3.8/site-packages/airflow/example_dags/example_branch_day_of_week_operator.py
[2023-12-31T05:36:41.042+0000] {processor.py:830} INFO - Processing file /home/airflow/.local/lib/python3.8/site-packages/airflow/example_dags/example_branch_day_of_week_operator.py for tasks to queue
[2023-12-31T05:36:41.045+0000] {logging_mixin.py:188} INFO - [2023-12-31T05:36:41.045+0000] {dagbag.py:538} INFO - Filling up the DagBag from /home/airflow/.local/lib/python3.8/site-packages/airflow/example_dags/example_branch_day_of_week_operator.py
[2023-12-31T05:36:41.054+0000] {processor.py:840} INFO - DAG(s) 'example_weekday_branch_operator' retrieved from /home/airflow/.local/lib/python3.8/site-packages/airflow/example_dags/example_branch_day_of_week_operator.py
[2023-12-31T05:36:41.085+0000] {logging_mixin.py:188} INFO - [2023-12-31T05:36:41.085+0000] {dag.py:3033} INFO - Sync 1 DAGs
[2023-12-31T05:36:41.119+0000] {logging_mixin.py:188} INFO - [2023-12-31T05:36:41.119+0000] {dag.py:3820} INFO - Setting next_dagrun for example_weekday_branch_operator to 2023-12-30T00:00:00+00:00, run_after=2023-12-31T00:00:00+00:00
[2023-12-31T05:36:41.155+0000] {processor.py:183} INFO - Processing /home/airflow/.local/lib/python3.8/site-packages/airflow/example_dags/example_branch_day_of_week_operator.py took 0.119 seconds
[2023-12-31T05:37:11.879+0000] {processor.py:161} INFO - Started process (PID=1345) to work on /home/airflow/.local/lib/python3.8/site-packages/airflow/example_dags/example_branch_day_of_week_operator.py
[2023-12-31T05:37:11.882+0000] {processor.py:830} INFO - Processing file /home/airflow/.local/lib/python3.8/site-packages/airflow/example_dags/example_branch_day_of_week_operator.py for tasks to queue
[2023-12-31T05:37:11.886+0000] {logging_mixin.py:188} INFO - [2023-12-31T05:37:11.885+0000] {dagbag.py:538} INFO - Filling up the DagBag from /home/airflow/.local/lib/python3.8/site-packages/airflow/example_dags/example_branch_day_of_week_operator.py
[2023-12-31T05:37:11.900+0000] {processor.py:840} INFO - DAG(s) 'example_weekday_branch_operator' retrieved from /home/airflow/.local/lib/python3.8/site-packages/airflow/example_dags/example_branch_day_of_week_operator.py
[2023-12-31T05:37:11.939+0000] {logging_mixin.py:188} INFO - [2023-12-31T05:37:11.938+0000] {dag.py:3033} INFO - Sync 1 DAGs
[2023-12-31T05:37:11.994+0000] {logging_mixin.py:188} INFO - [2023-12-31T05:37:11.994+0000] {dag.py:3820} INFO - Setting next_dagrun for example_weekday_branch_operator to 2023-12-30T00:00:00+00:00, run_after=2023-12-31T00:00:00+00:00
[2023-12-31T05:37:12.251+0000] {processor.py:183} INFO - Processing /home/airflow/.local/lib/python3.8/site-packages/airflow/example_dags/example_branch_day_of_week_operator.py took 0.377 seconds
[2023-12-31T05:37:47.211+0000] {processor.py:161} INFO - Started process (PID=1407) to work on /home/airflow/.local/lib/python3.8/site-packages/airflow/example_dags/example_branch_day_of_week_operator.py
[2023-12-31T05:37:47.214+0000] {processor.py:830} INFO - Processing file /home/airflow/.local/lib/python3.8/site-packages/airflow/example_dags/example_branch_day_of_week_operator.py for tasks to queue
[2023-12-31T05:37:47.218+0000] {logging_mixin.py:188} INFO - [2023-12-31T05:37:47.218+0000] {dagbag.py:538} INFO - Filling up the DagBag from /home/airflow/.local/lib/python3.8/site-packages/airflow/example_dags/example_branch_day_of_week_operator.py
[2023-12-31T05:37:47.227+0000] {processor.py:840} INFO - DAG(s) 'example_weekday_branch_operator' retrieved from /home/airflow/.local/lib/python3.8/site-packages/airflow/example_dags/example_branch_day_of_week_operator.py
[2023-12-31T05:37:47.259+0000] {logging_mixin.py:188} INFO - [2023-12-31T05:37:47.259+0000] {dag.py:3033} INFO - Sync 1 DAGs
[2023-12-31T05:37:47.291+0000] {logging_mixin.py:188} INFO - [2023-12-31T05:37:47.291+0000] {dag.py:3820} INFO - Setting next_dagrun for example_weekday_branch_operator to 2023-12-30T00:00:00+00:00, run_after=2023-12-31T00:00:00+00:00
[2023-12-31T05:37:47.327+0000] {processor.py:183} INFO - Processing /home/airflow/.local/lib/python3.8/site-packages/airflow/example_dags/example_branch_day_of_week_operator.py took 0.120 seconds
[2023-12-31T05:38:21.429+0000] {processor.py:161} INFO - Started process (PID=1463) to work on /home/airflow/.local/lib/python3.8/site-packages/airflow/example_dags/example_branch_day_of_week_operator.py
[2023-12-31T05:38:21.434+0000] {processor.py:830} INFO - Processing file /home/airflow/.local/lib/python3.8/site-packages/airflow/example_dags/example_branch_day_of_week_operator.py for tasks to queue
[2023-12-31T05:38:21.446+0000] {logging_mixin.py:188} INFO - [2023-12-31T05:38:21.445+0000] {dagbag.py:538} INFO - Filling up the DagBag from /home/airflow/.local/lib/python3.8/site-packages/airflow/example_dags/example_branch_day_of_week_operator.py
[2023-12-31T05:38:21.491+0000] {processor.py:840} INFO - DAG(s) 'example_weekday_branch_operator' retrieved from /home/airflow/.local/lib/python3.8/site-packages/airflow/example_dags/example_branch_day_of_week_operator.py
[2023-12-31T05:38:21.556+0000] {logging_mixin.py:188} INFO - [2023-12-31T05:38:21.555+0000] {dag.py:3033} INFO - Sync 1 DAGs
[2023-12-31T05:38:21.636+0000] {logging_mixin.py:188} INFO - [2023-12-31T05:38:21.635+0000] {dag.py:3820} INFO - Setting next_dagrun for example_weekday_branch_operator to 2023-12-30T00:00:00+00:00, run_after=2023-12-31T00:00:00+00:00
[2023-12-31T05:38:21.696+0000] {processor.py:183} INFO - Processing /home/airflow/.local/lib/python3.8/site-packages/airflow/example_dags/example_branch_day_of_week_operator.py took 0.274 seconds
[2023-12-31T05:38:52.467+0000] {processor.py:161} INFO - Started process (PID=1520) to work on /home/airflow/.local/lib/python3.8/site-packages/airflow/example_dags/example_branch_day_of_week_operator.py
[2023-12-31T05:38:52.468+0000] {processor.py:830} INFO - Processing file /home/airflow/.local/lib/python3.8/site-packages/airflow/example_dags/example_branch_day_of_week_operator.py for tasks to queue
[2023-12-31T05:38:52.471+0000] {logging_mixin.py:188} INFO - [2023-12-31T05:38:52.471+0000] {dagbag.py:538} INFO - Filling up the DagBag from /home/airflow/.local/lib/python3.8/site-packages/airflow/example_dags/example_branch_day_of_week_operator.py
[2023-12-31T05:38:52.480+0000] {processor.py:840} INFO - DAG(s) 'example_weekday_branch_operator' retrieved from /home/airflow/.local/lib/python3.8/site-packages/airflow/example_dags/example_branch_day_of_week_operator.py
[2023-12-31T05:38:52.507+0000] {logging_mixin.py:188} INFO - [2023-12-31T05:38:52.507+0000] {dag.py:3033} INFO - Sync 1 DAGs
[2023-12-31T05:38:52.538+0000] {logging_mixin.py:188} INFO - [2023-12-31T05:38:52.538+0000] {dag.py:3820} INFO - Setting next_dagrun for example_weekday_branch_operator to 2023-12-30T00:00:00+00:00, run_after=2023-12-31T00:00:00+00:00
[2023-12-31T05:38:52.574+0000] {processor.py:183} INFO - Processing /home/airflow/.local/lib/python3.8/site-packages/airflow/example_dags/example_branch_day_of_week_operator.py took 0.112 seconds
[2023-12-31T05:39:22.710+0000] {processor.py:161} INFO - Started process (PID=1576) to work on /home/airflow/.local/lib/python3.8/site-packages/airflow/example_dags/example_branch_day_of_week_operator.py
[2023-12-31T05:39:22.713+0000] {processor.py:830} INFO - Processing file /home/airflow/.local/lib/python3.8/site-packages/airflow/example_dags/example_branch_day_of_week_operator.py for tasks to queue
[2023-12-31T05:39:22.718+0000] {logging_mixin.py:188} INFO - [2023-12-31T05:39:22.717+0000] {dagbag.py:538} INFO - Filling up the DagBag from /home/airflow/.local/lib/python3.8/site-packages/airflow/example_dags/example_branch_day_of_week_operator.py
[2023-12-31T05:39:22.735+0000] {processor.py:840} INFO - DAG(s) 'example_weekday_branch_operator' retrieved from /home/airflow/.local/lib/python3.8/site-packages/airflow/example_dags/example_branch_day_of_week_operator.py
[2023-12-31T05:39:22.780+0000] {logging_mixin.py:188} INFO - [2023-12-31T05:39:22.779+0000] {dag.py:3033} INFO - Sync 1 DAGs
[2023-12-31T05:39:22.834+0000] {logging_mixin.py:188} INFO - [2023-12-31T05:39:22.834+0000] {dag.py:3820} INFO - Setting next_dagrun for example_weekday_branch_operator to 2023-12-30T00:00:00+00:00, run_after=2023-12-31T00:00:00+00:00
[2023-12-31T05:39:22.866+0000] {processor.py:183} INFO - Processing /home/airflow/.local/lib/python3.8/site-packages/airflow/example_dags/example_branch_day_of_week_operator.py took 0.163 seconds
[2023-12-31T05:39:53.269+0000] {processor.py:161} INFO - Started process (PID=1632) to work on /home/airflow/.local/lib/python3.8/site-packages/airflow/example_dags/example_branch_day_of_week_operator.py
[2023-12-31T05:39:53.270+0000] {processor.py:830} INFO - Processing file /home/airflow/.local/lib/python3.8/site-packages/airflow/example_dags/example_branch_day_of_week_operator.py for tasks to queue
[2023-12-31T05:39:53.273+0000] {logging_mixin.py:188} INFO - [2023-12-31T05:39:53.273+0000] {dagbag.py:538} INFO - Filling up the DagBag from /home/airflow/.local/lib/python3.8/site-packages/airflow/example_dags/example_branch_day_of_week_operator.py
[2023-12-31T05:39:53.282+0000] {processor.py:840} INFO - DAG(s) 'example_weekday_branch_operator' retrieved from /home/airflow/.local/lib/python3.8/site-packages/airflow/example_dags/example_branch_day_of_week_operator.py
[2023-12-31T05:39:53.308+0000] {logging_mixin.py:188} INFO - [2023-12-31T05:39:53.308+0000] {dag.py:3033} INFO - Sync 1 DAGs
[2023-12-31T05:39:53.348+0000] {logging_mixin.py:188} INFO - [2023-12-31T05:39:53.347+0000] {dag.py:3820} INFO - Setting next_dagrun for example_weekday_branch_operator to 2023-12-30T00:00:00+00:00, run_after=2023-12-31T00:00:00+00:00
[2023-12-31T05:39:53.388+0000] {processor.py:183} INFO - Processing /home/airflow/.local/lib/python3.8/site-packages/airflow/example_dags/example_branch_day_of_week_operator.py took 0.123 seconds
[2023-12-31T05:40:23.987+0000] {processor.py:161} INFO - Started process (PID=1688) to work on /home/airflow/.local/lib/python3.8/site-packages/airflow/example_dags/example_branch_day_of_week_operator.py
[2023-12-31T05:40:23.989+0000] {processor.py:830} INFO - Processing file /home/airflow/.local/lib/python3.8/site-packages/airflow/example_dags/example_branch_day_of_week_operator.py for tasks to queue
[2023-12-31T05:40:23.992+0000] {logging_mixin.py:188} INFO - [2023-12-31T05:40:23.992+0000] {dagbag.py:538} INFO - Filling up the DagBag from /home/airflow/.local/lib/python3.8/site-packages/airflow/example_dags/example_branch_day_of_week_operator.py
[2023-12-31T05:40:24.006+0000] {processor.py:840} INFO - DAG(s) 'example_weekday_branch_operator' retrieved from /home/airflow/.local/lib/python3.8/site-packages/airflow/example_dags/example_branch_day_of_week_operator.py
[2023-12-31T05:40:24.054+0000] {logging_mixin.py:188} INFO - [2023-12-31T05:40:24.054+0000] {dag.py:3033} INFO - Sync 1 DAGs
[2023-12-31T05:40:24.095+0000] {logging_mixin.py:188} INFO - [2023-12-31T05:40:24.094+0000] {dag.py:3820} INFO - Setting next_dagrun for example_weekday_branch_operator to 2023-12-30T00:00:00+00:00, run_after=2023-12-31T00:00:00+00:00
[2023-12-31T05:40:24.155+0000] {processor.py:183} INFO - Processing /home/airflow/.local/lib/python3.8/site-packages/airflow/example_dags/example_branch_day_of_week_operator.py took 0.173 seconds
[2023-12-31T05:40:54.299+0000] {processor.py:161} INFO - Started process (PID=1744) to work on /home/airflow/.local/lib/python3.8/site-packages/airflow/example_dags/example_branch_day_of_week_operator.py
[2023-12-31T05:40:54.301+0000] {processor.py:830} INFO - Processing file /home/airflow/.local/lib/python3.8/site-packages/airflow/example_dags/example_branch_day_of_week_operator.py for tasks to queue
[2023-12-31T05:40:54.305+0000] {logging_mixin.py:188} INFO - [2023-12-31T05:40:54.304+0000] {dagbag.py:538} INFO - Filling up the DagBag from /home/airflow/.local/lib/python3.8/site-packages/airflow/example_dags/example_branch_day_of_week_operator.py
[2023-12-31T05:40:54.319+0000] {processor.py:840} INFO - DAG(s) 'example_weekday_branch_operator' retrieved from /home/airflow/.local/lib/python3.8/site-packages/airflow/example_dags/example_branch_day_of_week_operator.py
[2023-12-31T05:40:54.350+0000] {logging_mixin.py:188} INFO - [2023-12-31T05:40:54.350+0000] {dag.py:3033} INFO - Sync 1 DAGs
[2023-12-31T05:40:54.377+0000] {logging_mixin.py:188} INFO - [2023-12-31T05:40:54.377+0000] {dag.py:3820} INFO - Setting next_dagrun for example_weekday_branch_operator to 2023-12-30T00:00:00+00:00, run_after=2023-12-31T00:00:00+00:00
[2023-12-31T05:40:54.417+0000] {processor.py:183} INFO - Processing /home/airflow/.local/lib/python3.8/site-packages/airflow/example_dags/example_branch_day_of_week_operator.py took 0.121 seconds
[2023-12-31T05:41:24.586+0000] {processor.py:161} INFO - Started process (PID=1801) to work on /home/airflow/.local/lib/python3.8/site-packages/airflow/example_dags/example_branch_day_of_week_operator.py
[2023-12-31T05:41:24.587+0000] {processor.py:830} INFO - Processing file /home/airflow/.local/lib/python3.8/site-packages/airflow/example_dags/example_branch_day_of_week_operator.py for tasks to queue
[2023-12-31T05:41:24.590+0000] {logging_mixin.py:188} INFO - [2023-12-31T05:41:24.590+0000] {dagbag.py:538} INFO - Filling up the DagBag from /home/airflow/.local/lib/python3.8/site-packages/airflow/example_dags/example_branch_day_of_week_operator.py
[2023-12-31T05:41:24.602+0000] {processor.py:840} INFO - DAG(s) 'example_weekday_branch_operator' retrieved from /home/airflow/.local/lib/python3.8/site-packages/airflow/example_dags/example_branch_day_of_week_operator.py
[2023-12-31T05:41:24.632+0000] {logging_mixin.py:188} INFO - [2023-12-31T05:41:24.632+0000] {dag.py:3033} INFO - Sync 1 DAGs
[2023-12-31T05:41:24.668+0000] {logging_mixin.py:188} INFO - [2023-12-31T05:41:24.667+0000] {dag.py:3820} INFO - Setting next_dagrun for example_weekday_branch_operator to 2023-12-30T00:00:00+00:00, run_after=2023-12-31T00:00:00+00:00
[2023-12-31T05:41:24.707+0000] {processor.py:183} INFO - Processing /home/airflow/.local/lib/python3.8/site-packages/airflow/example_dags/example_branch_day_of_week_operator.py took 0.125 seconds
[2023-12-31T05:41:55.034+0000] {processor.py:161} INFO - Started process (PID=1857) to work on /home/airflow/.local/lib/python3.8/site-packages/airflow/example_dags/example_branch_day_of_week_operator.py
[2023-12-31T05:41:55.035+0000] {processor.py:830} INFO - Processing file /home/airflow/.local/lib/python3.8/site-packages/airflow/example_dags/example_branch_day_of_week_operator.py for tasks to queue
[2023-12-31T05:41:55.038+0000] {logging_mixin.py:188} INFO - [2023-12-31T05:41:55.038+0000] {dagbag.py:538} INFO - Filling up the DagBag from /home/airflow/.local/lib/python3.8/site-packages/airflow/example_dags/example_branch_day_of_week_operator.py
[2023-12-31T05:41:55.051+0000] {processor.py:840} INFO - DAG(s) 'example_weekday_branch_operator' retrieved from /home/airflow/.local/lib/python3.8/site-packages/airflow/example_dags/example_branch_day_of_week_operator.py
[2023-12-31T05:41:55.080+0000] {logging_mixin.py:188} INFO - [2023-12-31T05:41:55.080+0000] {dag.py:3033} INFO - Sync 1 DAGs
[2023-12-31T05:41:55.117+0000] {logging_mixin.py:188} INFO - [2023-12-31T05:41:55.117+0000] {dag.py:3820} INFO - Setting next_dagrun for example_weekday_branch_operator to 2023-12-30T00:00:00+00:00, run_after=2023-12-31T00:00:00+00:00
[2023-12-31T05:41:55.170+0000] {processor.py:183} INFO - Processing /home/airflow/.local/lib/python3.8/site-packages/airflow/example_dags/example_branch_day_of_week_operator.py took 0.142 seconds
[2023-12-31T05:42:25.588+0000] {processor.py:161} INFO - Started process (PID=1913) to work on /home/airflow/.local/lib/python3.8/site-packages/airflow/example_dags/example_branch_day_of_week_operator.py
[2023-12-31T05:42:25.589+0000] {processor.py:830} INFO - Processing file /home/airflow/.local/lib/python3.8/site-packages/airflow/example_dags/example_branch_day_of_week_operator.py for tasks to queue
[2023-12-31T05:42:25.593+0000] {logging_mixin.py:188} INFO - [2023-12-31T05:42:25.592+0000] {dagbag.py:538} INFO - Filling up the DagBag from /home/airflow/.local/lib/python3.8/site-packages/airflow/example_dags/example_branch_day_of_week_operator.py
[2023-12-31T05:42:25.605+0000] {processor.py:840} INFO - DAG(s) 'example_weekday_branch_operator' retrieved from /home/airflow/.local/lib/python3.8/site-packages/airflow/example_dags/example_branch_day_of_week_operator.py
[2023-12-31T05:42:25.637+0000] {logging_mixin.py:188} INFO - [2023-12-31T05:42:25.636+0000] {dag.py:3033} INFO - Sync 1 DAGs
[2023-12-31T05:42:25.671+0000] {logging_mixin.py:188} INFO - [2023-12-31T05:42:25.671+0000] {dag.py:3820} INFO - Setting next_dagrun for example_weekday_branch_operator to 2023-12-30T00:00:00+00:00, run_after=2023-12-31T00:00:00+00:00
[2023-12-31T05:42:25.698+0000] {processor.py:183} INFO - Processing /home/airflow/.local/lib/python3.8/site-packages/airflow/example_dags/example_branch_day_of_week_operator.py took 0.115 seconds
[2023-12-31T05:42:56.244+0000] {processor.py:161} INFO - Started process (PID=1969) to work on /home/airflow/.local/lib/python3.8/site-packages/airflow/example_dags/example_branch_day_of_week_operator.py
[2023-12-31T05:42:56.253+0000] {processor.py:830} INFO - Processing file /home/airflow/.local/lib/python3.8/site-packages/airflow/example_dags/example_branch_day_of_week_operator.py for tasks to queue
[2023-12-31T05:42:56.256+0000] {logging_mixin.py:188} INFO - [2023-12-31T05:42:56.255+0000] {dagbag.py:538} INFO - Filling up the DagBag from /home/airflow/.local/lib/python3.8/site-packages/airflow/example_dags/example_branch_day_of_week_operator.py
[2023-12-31T05:42:56.271+0000] {processor.py:840} INFO - DAG(s) 'example_weekday_branch_operator' retrieved from /home/airflow/.local/lib/python3.8/site-packages/airflow/example_dags/example_branch_day_of_week_operator.py
[2023-12-31T05:42:56.324+0000] {logging_mixin.py:188} INFO - [2023-12-31T05:42:56.324+0000] {dag.py:3033} INFO - Sync 1 DAGs
[2023-12-31T05:42:56.402+0000] {logging_mixin.py:188} INFO - [2023-12-31T05:42:56.401+0000] {dag.py:3820} INFO - Setting next_dagrun for example_weekday_branch_operator to 2023-12-30T00:00:00+00:00, run_after=2023-12-31T00:00:00+00:00
[2023-12-31T05:42:56.445+0000] {processor.py:183} INFO - Processing /home/airflow/.local/lib/python3.8/site-packages/airflow/example_dags/example_branch_day_of_week_operator.py took 0.207 seconds
[2023-12-31T05:43:26.893+0000] {processor.py:161} INFO - Started process (PID=2025) to work on /home/airflow/.local/lib/python3.8/site-packages/airflow/example_dags/example_branch_day_of_week_operator.py
[2023-12-31T05:43:26.895+0000] {processor.py:830} INFO - Processing file /home/airflow/.local/lib/python3.8/site-packages/airflow/example_dags/example_branch_day_of_week_operator.py for tasks to queue
[2023-12-31T05:43:26.897+0000] {logging_mixin.py:188} INFO - [2023-12-31T05:43:26.897+0000] {dagbag.py:538} INFO - Filling up the DagBag from /home/airflow/.local/lib/python3.8/site-packages/airflow/example_dags/example_branch_day_of_week_operator.py
[2023-12-31T05:43:26.907+0000] {processor.py:840} INFO - DAG(s) 'example_weekday_branch_operator' retrieved from /home/airflow/.local/lib/python3.8/site-packages/airflow/example_dags/example_branch_day_of_week_operator.py
[2023-12-31T05:43:26.944+0000] {logging_mixin.py:188} INFO - [2023-12-31T05:43:26.944+0000] {dag.py:3033} INFO - Sync 1 DAGs
[2023-12-31T05:43:26.978+0000] {logging_mixin.py:188} INFO - [2023-12-31T05:43:26.978+0000] {dag.py:3820} INFO - Setting next_dagrun for example_weekday_branch_operator to 2023-12-30T00:00:00+00:00, run_after=2023-12-31T00:00:00+00:00
[2023-12-31T05:43:27.020+0000] {processor.py:183} INFO - Processing /home/airflow/.local/lib/python3.8/site-packages/airflow/example_dags/example_branch_day_of_week_operator.py took 0.132 seconds
[2023-12-31T05:43:57.834+0000] {processor.py:161} INFO - Started process (PID=2081) to work on /home/airflow/.local/lib/python3.8/site-packages/airflow/example_dags/example_branch_day_of_week_operator.py
[2023-12-31T05:43:57.837+0000] {processor.py:830} INFO - Processing file /home/airflow/.local/lib/python3.8/site-packages/airflow/example_dags/example_branch_day_of_week_operator.py for tasks to queue
[2023-12-31T05:43:57.840+0000] {logging_mixin.py:188} INFO - [2023-12-31T05:43:57.839+0000] {dagbag.py:538} INFO - Filling up the DagBag from /home/airflow/.local/lib/python3.8/site-packages/airflow/example_dags/example_branch_day_of_week_operator.py
[2023-12-31T05:43:57.892+0000] {processor.py:840} INFO - DAG(s) 'example_weekday_branch_operator' retrieved from /home/airflow/.local/lib/python3.8/site-packages/airflow/example_dags/example_branch_day_of_week_operator.py
[2023-12-31T05:43:58.023+0000] {logging_mixin.py:188} INFO - [2023-12-31T05:43:58.023+0000] {dag.py:3033} INFO - Sync 1 DAGs
[2023-12-31T05:43:58.151+0000] {logging_mixin.py:188} INFO - [2023-12-31T05:43:58.150+0000] {dag.py:3820} INFO - Setting next_dagrun for example_weekday_branch_operator to 2023-12-30T00:00:00+00:00, run_after=2023-12-31T00:00:00+00:00
[2023-12-31T05:43:58.229+0000] {processor.py:183} INFO - Processing /home/airflow/.local/lib/python3.8/site-packages/airflow/example_dags/example_branch_day_of_week_operator.py took 0.413 seconds
[2023-12-31T05:44:29.295+0000] {processor.py:161} INFO - Started process (PID=2137) to work on /home/airflow/.local/lib/python3.8/site-packages/airflow/example_dags/example_branch_day_of_week_operator.py
[2023-12-31T05:44:29.320+0000] {processor.py:830} INFO - Processing file /home/airflow/.local/lib/python3.8/site-packages/airflow/example_dags/example_branch_day_of_week_operator.py for tasks to queue
[2023-12-31T05:44:29.322+0000] {logging_mixin.py:188} INFO - [2023-12-31T05:44:29.322+0000] {dagbag.py:538} INFO - Filling up the DagBag from /home/airflow/.local/lib/python3.8/site-packages/airflow/example_dags/example_branch_day_of_week_operator.py
[2023-12-31T05:44:29.343+0000] {processor.py:840} INFO - DAG(s) 'example_weekday_branch_operator' retrieved from /home/airflow/.local/lib/python3.8/site-packages/airflow/example_dags/example_branch_day_of_week_operator.py
[2023-12-31T05:44:29.405+0000] {logging_mixin.py:188} INFO - [2023-12-31T05:44:29.404+0000] {dag.py:3033} INFO - Sync 1 DAGs
[2023-12-31T05:44:29.648+0000] {logging_mixin.py:188} INFO - [2023-12-31T05:44:29.648+0000] {dag.py:3820} INFO - Setting next_dagrun for example_weekday_branch_operator to 2023-12-30T00:00:00+00:00, run_after=2023-12-31T00:00:00+00:00
[2023-12-31T05:44:29.779+0000] {processor.py:183} INFO - Processing /home/airflow/.local/lib/python3.8/site-packages/airflow/example_dags/example_branch_day_of_week_operator.py took 0.492 seconds
[2023-12-31T05:45:20.173+0000] {processor.py:161} INFO - Started process (PID=2206) to work on /home/airflow/.local/lib/python3.8/site-packages/airflow/example_dags/example_branch_day_of_week_operator.py
[2023-12-31T05:45:20.176+0000] {processor.py:830} INFO - Processing file /home/airflow/.local/lib/python3.8/site-packages/airflow/example_dags/example_branch_day_of_week_operator.py for tasks to queue
[2023-12-31T05:45:20.177+0000] {logging_mixin.py:188} INFO - [2023-12-31T05:45:20.177+0000] {dagbag.py:538} INFO - Filling up the DagBag from /home/airflow/.local/lib/python3.8/site-packages/airflow/example_dags/example_branch_day_of_week_operator.py
[2023-12-31T05:45:20.203+0000] {processor.py:840} INFO - DAG(s) 'example_weekday_branch_operator' retrieved from /home/airflow/.local/lib/python3.8/site-packages/airflow/example_dags/example_branch_day_of_week_operator.py
[2023-12-31T05:45:20.393+0000] {logging_mixin.py:188} INFO - [2023-12-31T05:45:20.392+0000] {dag.py:3033} INFO - Sync 1 DAGs
[2023-12-31T05:45:23.416+0000] {logging_mixin.py:188} INFO - [2023-12-31T05:45:23.041+0000] {dag.py:3820} INFO - Setting next_dagrun for example_weekday_branch_operator to 2023-12-30T00:00:00+00:00, run_after=2023-12-31T00:00:00+00:00
[2023-12-31T05:45:29.320+0000] {processor.py:183} INFO - Processing /home/airflow/.local/lib/python3.8/site-packages/airflow/example_dags/example_branch_day_of_week_operator.py took 9.166 seconds
[2023-12-31T05:45:59.590+0000] {processor.py:161} INFO - Started process (PID=2262) to work on /home/airflow/.local/lib/python3.8/site-packages/airflow/example_dags/example_branch_day_of_week_operator.py
[2023-12-31T05:45:59.651+0000] {processor.py:830} INFO - Processing file /home/airflow/.local/lib/python3.8/site-packages/airflow/example_dags/example_branch_day_of_week_operator.py for tasks to queue
[2023-12-31T05:45:59.653+0000] {logging_mixin.py:188} INFO - [2023-12-31T05:45:59.653+0000] {dagbag.py:538} INFO - Filling up the DagBag from /home/airflow/.local/lib/python3.8/site-packages/airflow/example_dags/example_branch_day_of_week_operator.py
[2023-12-31T05:45:59.702+0000] {processor.py:840} INFO - DAG(s) 'example_weekday_branch_operator' retrieved from /home/airflow/.local/lib/python3.8/site-packages/airflow/example_dags/example_branch_day_of_week_operator.py
[2023-12-31T05:45:59.735+0000] {logging_mixin.py:188} INFO - [2023-12-31T05:45:59.735+0000] {dag.py:3033} INFO - Sync 1 DAGs
[2023-12-31T05:45:59.784+0000] {logging_mixin.py:188} INFO - [2023-12-31T05:45:59.783+0000] {dag.py:3820} INFO - Setting next_dagrun for example_weekday_branch_operator to 2023-12-30T00:00:00+00:00, run_after=2023-12-31T00:00:00+00:00
[2023-12-31T05:46:00.107+0000] {processor.py:183} INFO - Processing /home/airflow/.local/lib/python3.8/site-packages/airflow/example_dags/example_branch_day_of_week_operator.py took 0.523 seconds
[2023-12-31T05:46:30.505+0000] {processor.py:161} INFO - Started process (PID=2319) to work on /home/airflow/.local/lib/python3.8/site-packages/airflow/example_dags/example_branch_day_of_week_operator.py
[2023-12-31T05:46:30.507+0000] {processor.py:830} INFO - Processing file /home/airflow/.local/lib/python3.8/site-packages/airflow/example_dags/example_branch_day_of_week_operator.py for tasks to queue
[2023-12-31T05:46:30.508+0000] {logging_mixin.py:188} INFO - [2023-12-31T05:46:30.508+0000] {dagbag.py:538} INFO - Filling up the DagBag from /home/airflow/.local/lib/python3.8/site-packages/airflow/example_dags/example_branch_day_of_week_operator.py
[2023-12-31T05:46:30.521+0000] {processor.py:840} INFO - DAG(s) 'example_weekday_branch_operator' retrieved from /home/airflow/.local/lib/python3.8/site-packages/airflow/example_dags/example_branch_day_of_week_operator.py
[2023-12-31T05:46:30.589+0000] {logging_mixin.py:188} INFO - [2023-12-31T05:46:30.588+0000] {dag.py:3033} INFO - Sync 1 DAGs
[2023-12-31T05:46:30.695+0000] {logging_mixin.py:188} INFO - [2023-12-31T05:46:30.694+0000] {dag.py:3820} INFO - Setting next_dagrun for example_weekday_branch_operator to 2023-12-30T00:00:00+00:00, run_after=2023-12-31T00:00:00+00:00
[2023-12-31T05:46:30.790+0000] {processor.py:183} INFO - Processing /home/airflow/.local/lib/python3.8/site-packages/airflow/example_dags/example_branch_day_of_week_operator.py took 0.232 seconds
[2023-12-31T05:47:01.185+0000] {processor.py:161} INFO - Started process (PID=2375) to work on /home/airflow/.local/lib/python3.8/site-packages/airflow/example_dags/example_branch_day_of_week_operator.py
[2023-12-31T05:47:01.187+0000] {processor.py:830} INFO - Processing file /home/airflow/.local/lib/python3.8/site-packages/airflow/example_dags/example_branch_day_of_week_operator.py for tasks to queue
[2023-12-31T05:47:01.193+0000] {logging_mixin.py:188} INFO - [2023-12-31T05:47:01.192+0000] {dagbag.py:538} INFO - Filling up the DagBag from /home/airflow/.local/lib/python3.8/site-packages/airflow/example_dags/example_branch_day_of_week_operator.py
[2023-12-31T05:47:01.209+0000] {processor.py:840} INFO - DAG(s) 'example_weekday_branch_operator' retrieved from /home/airflow/.local/lib/python3.8/site-packages/airflow/example_dags/example_branch_day_of_week_operator.py
[2023-12-31T05:47:01.252+0000] {logging_mixin.py:188} INFO - [2023-12-31T05:47:01.252+0000] {dag.py:3033} INFO - Sync 1 DAGs
[2023-12-31T05:47:01.297+0000] {logging_mixin.py:188} INFO - [2023-12-31T05:47:01.297+0000] {dag.py:3820} INFO - Setting next_dagrun for example_weekday_branch_operator to 2023-12-30T00:00:00+00:00, run_after=2023-12-31T00:00:00+00:00
[2023-12-31T05:47:01.326+0000] {processor.py:183} INFO - Processing /home/airflow/.local/lib/python3.8/site-packages/airflow/example_dags/example_branch_day_of_week_operator.py took 0.146 seconds
[2023-12-31T05:47:31.557+0000] {processor.py:161} INFO - Started process (PID=2431) to work on /home/airflow/.local/lib/python3.8/site-packages/airflow/example_dags/example_branch_day_of_week_operator.py
[2023-12-31T05:47:31.558+0000] {processor.py:830} INFO - Processing file /home/airflow/.local/lib/python3.8/site-packages/airflow/example_dags/example_branch_day_of_week_operator.py for tasks to queue
[2023-12-31T05:47:31.560+0000] {logging_mixin.py:188} INFO - [2023-12-31T05:47:31.560+0000] {dagbag.py:538} INFO - Filling up the DagBag from /home/airflow/.local/lib/python3.8/site-packages/airflow/example_dags/example_branch_day_of_week_operator.py
[2023-12-31T05:47:31.569+0000] {processor.py:840} INFO - DAG(s) 'example_weekday_branch_operator' retrieved from /home/airflow/.local/lib/python3.8/site-packages/airflow/example_dags/example_branch_day_of_week_operator.py
[2023-12-31T05:47:31.603+0000] {logging_mixin.py:188} INFO - [2023-12-31T05:47:31.603+0000] {dag.py:3033} INFO - Sync 1 DAGs
[2023-12-31T05:47:31.629+0000] {logging_mixin.py:188} INFO - [2023-12-31T05:47:31.629+0000] {dag.py:3820} INFO - Setting next_dagrun for example_weekday_branch_operator to 2023-12-30T00:00:00+00:00, run_after=2023-12-31T00:00:00+00:00
[2023-12-31T05:47:31.785+0000] {processor.py:183} INFO - Processing /home/airflow/.local/lib/python3.8/site-packages/airflow/example_dags/example_branch_day_of_week_operator.py took 0.232 seconds
[2023-12-31T05:48:02.258+0000] {processor.py:161} INFO - Started process (PID=2487) to work on /home/airflow/.local/lib/python3.8/site-packages/airflow/example_dags/example_branch_day_of_week_operator.py
[2023-12-31T05:48:02.260+0000] {processor.py:830} INFO - Processing file /home/airflow/.local/lib/python3.8/site-packages/airflow/example_dags/example_branch_day_of_week_operator.py for tasks to queue
[2023-12-31T05:48:02.261+0000] {logging_mixin.py:188} INFO - [2023-12-31T05:48:02.260+0000] {dagbag.py:538} INFO - Filling up the DagBag from /home/airflow/.local/lib/python3.8/site-packages/airflow/example_dags/example_branch_day_of_week_operator.py
[2023-12-31T05:48:02.270+0000] {processor.py:840} INFO - DAG(s) 'example_weekday_branch_operator' retrieved from /home/airflow/.local/lib/python3.8/site-packages/airflow/example_dags/example_branch_day_of_week_operator.py
[2023-12-31T05:48:02.297+0000] {logging_mixin.py:188} INFO - [2023-12-31T05:48:02.297+0000] {dag.py:3033} INFO - Sync 1 DAGs
[2023-12-31T05:48:02.327+0000] {logging_mixin.py:188} INFO - [2023-12-31T05:48:02.326+0000] {dag.py:3820} INFO - Setting next_dagrun for example_weekday_branch_operator to 2023-12-30T00:00:00+00:00, run_after=2023-12-31T00:00:00+00:00
[2023-12-31T05:48:02.369+0000] {processor.py:183} INFO - Processing /home/airflow/.local/lib/python3.8/site-packages/airflow/example_dags/example_branch_day_of_week_operator.py took 0.115 seconds
[2023-12-31T05:48:32.942+0000] {processor.py:161} INFO - Started process (PID=2543) to work on /home/airflow/.local/lib/python3.8/site-packages/airflow/example_dags/example_branch_day_of_week_operator.py
[2023-12-31T05:48:32.943+0000] {processor.py:830} INFO - Processing file /home/airflow/.local/lib/python3.8/site-packages/airflow/example_dags/example_branch_day_of_week_operator.py for tasks to queue
[2023-12-31T05:48:32.944+0000] {logging_mixin.py:188} INFO - [2023-12-31T05:48:32.944+0000] {dagbag.py:538} INFO - Filling up the DagBag from /home/airflow/.local/lib/python3.8/site-packages/airflow/example_dags/example_branch_day_of_week_operator.py
[2023-12-31T05:48:32.957+0000] {processor.py:840} INFO - DAG(s) 'example_weekday_branch_operator' retrieved from /home/airflow/.local/lib/python3.8/site-packages/airflow/example_dags/example_branch_day_of_week_operator.py
[2023-12-31T05:48:32.987+0000] {logging_mixin.py:188} INFO - [2023-12-31T05:48:32.987+0000] {dag.py:3033} INFO - Sync 1 DAGs
[2023-12-31T05:48:33.018+0000] {logging_mixin.py:188} INFO - [2023-12-31T05:48:33.017+0000] {dag.py:3820} INFO - Setting next_dagrun for example_weekday_branch_operator to 2023-12-30T00:00:00+00:00, run_after=2023-12-31T00:00:00+00:00
[2023-12-31T05:48:33.062+0000] {processor.py:183} INFO - Processing /home/airflow/.local/lib/python3.8/site-packages/airflow/example_dags/example_branch_day_of_week_operator.py took 0.125 seconds
