[2023-12-31T05:24:01.222+0000] {processor.py:161} INFO - Started process (PID=91) to work on /home/airflow/.local/lib/python3.8/site-packages/airflow/example_dags/example_branch_python_dop_operator_3.py
[2023-12-31T05:24:01.223+0000] {processor.py:830} INFO - Processing file /home/airflow/.local/lib/python3.8/site-packages/airflow/example_dags/example_branch_python_dop_operator_3.py for tasks to queue
[2023-12-31T05:24:01.239+0000] {logging_mixin.py:188} INFO - [2023-12-31T05:24:01.239+0000] {dagbag.py:538} INFO - Filling up the DagBag from /home/airflow/.local/lib/python3.8/site-packages/airflow/example_dags/example_branch_python_dop_operator_3.py
[2023-12-31T05:24:01.320+0000] {processor.py:840} INFO - DAG(s) 'example_branch_dop_operator_v3' retrieved from /home/airflow/.local/lib/python3.8/site-packages/airflow/example_dags/example_branch_python_dop_operator_3.py
[2023-12-31T05:24:02.266+0000] {logging_mixin.py:188} INFO - [2023-12-31T05:24:02.265+0000] {dag.py:3033} INFO - Sync 1 DAGs
[2023-12-31T05:24:02.395+0000] {logging_mixin.py:188} INFO - [2023-12-31T05:24:02.394+0000] {dag.py:3820} INFO - Setting next_dagrun for example_branch_dop_operator_v3 to 2023-12-31T05:23:00+00:00, run_after=2023-12-31T05:24:00+00:00
[2023-12-31T05:24:02.663+0000] {processor.py:183} INFO - Processing /home/airflow/.local/lib/python3.8/site-packages/airflow/example_dags/example_branch_python_dop_operator_3.py took 1.446 seconds
[2023-12-31T05:24:54.003+0000] {processor.py:161} INFO - Started process (PID=153) to work on /home/airflow/.local/lib/python3.8/site-packages/airflow/example_dags/example_branch_python_dop_operator_3.py
[2023-12-31T05:24:54.008+0000] {processor.py:830} INFO - Processing file /home/airflow/.local/lib/python3.8/site-packages/airflow/example_dags/example_branch_python_dop_operator_3.py for tasks to queue
[2023-12-31T05:24:54.014+0000] {logging_mixin.py:188} INFO - [2023-12-31T05:24:54.013+0000] {dagbag.py:538} INFO - Filling up the DagBag from /home/airflow/.local/lib/python3.8/site-packages/airflow/example_dags/example_branch_python_dop_operator_3.py
[2023-12-31T05:24:54.043+0000] {processor.py:840} INFO - DAG(s) 'example_branch_dop_operator_v3' retrieved from /home/airflow/.local/lib/python3.8/site-packages/airflow/example_dags/example_branch_python_dop_operator_3.py
[2023-12-31T05:24:54.096+0000] {logging_mixin.py:188} INFO - [2023-12-31T05:24:54.096+0000] {dag.py:3033} INFO - Sync 1 DAGs
[2023-12-31T05:24:54.157+0000] {logging_mixin.py:188} INFO - [2023-12-31T05:24:54.156+0000] {dag.py:3820} INFO - Setting next_dagrun for example_branch_dop_operator_v3 to 2023-12-31T05:23:00+00:00, run_after=2023-12-31T05:24:00+00:00
[2023-12-31T05:24:54.192+0000] {processor.py:183} INFO - Processing /home/airflow/.local/lib/python3.8/site-packages/airflow/example_dags/example_branch_python_dop_operator_3.py took 0.198 seconds
[2023-12-31T05:25:26.867+0000] {processor.py:161} INFO - Started process (PID=208) to work on /home/airflow/.local/lib/python3.8/site-packages/airflow/example_dags/example_branch_python_dop_operator_3.py
[2023-12-31T05:25:26.869+0000] {processor.py:830} INFO - Processing file /home/airflow/.local/lib/python3.8/site-packages/airflow/example_dags/example_branch_python_dop_operator_3.py for tasks to queue
[2023-12-31T05:25:26.873+0000] {logging_mixin.py:188} INFO - [2023-12-31T05:25:26.873+0000] {dagbag.py:538} INFO - Filling up the DagBag from /home/airflow/.local/lib/python3.8/site-packages/airflow/example_dags/example_branch_python_dop_operator_3.py
[2023-12-31T05:25:26.908+0000] {processor.py:840} INFO - DAG(s) 'example_branch_dop_operator_v3' retrieved from /home/airflow/.local/lib/python3.8/site-packages/airflow/example_dags/example_branch_python_dop_operator_3.py
[2023-12-31T05:25:26.970+0000] {logging_mixin.py:188} INFO - [2023-12-31T05:25:26.970+0000] {dag.py:3033} INFO - Sync 1 DAGs
[2023-12-31T05:25:27.090+0000] {logging_mixin.py:188} INFO - [2023-12-31T05:25:27.089+0000] {dag.py:3820} INFO - Setting next_dagrun for example_branch_dop_operator_v3 to 2023-12-31T05:24:00+00:00, run_after=2023-12-31T05:25:00+00:00
[2023-12-31T05:25:27.208+0000] {processor.py:183} INFO - Processing /home/airflow/.local/lib/python3.8/site-packages/airflow/example_dags/example_branch_python_dop_operator_3.py took 0.353 seconds
[2023-12-31T05:26:21.641+0000] {processor.py:161} INFO - Started process (PID=259) to work on /home/airflow/.local/lib/python3.8/site-packages/airflow/example_dags/example_branch_python_dop_operator_3.py
[2023-12-31T05:26:21.835+0000] {processor.py:830} INFO - Processing file /home/airflow/.local/lib/python3.8/site-packages/airflow/example_dags/example_branch_python_dop_operator_3.py for tasks to queue
[2023-12-31T05:26:21.841+0000] {logging_mixin.py:188} INFO - [2023-12-31T05:26:21.840+0000] {dagbag.py:538} INFO - Filling up the DagBag from /home/airflow/.local/lib/python3.8/site-packages/airflow/example_dags/example_branch_python_dop_operator_3.py
[2023-12-31T05:26:21.865+0000] {processor.py:840} INFO - DAG(s) 'example_branch_dop_operator_v3' retrieved from /home/airflow/.local/lib/python3.8/site-packages/airflow/example_dags/example_branch_python_dop_operator_3.py
[2023-12-31T05:26:21.924+0000] {logging_mixin.py:188} INFO - [2023-12-31T05:26:21.923+0000] {dag.py:3033} INFO - Sync 1 DAGs
[2023-12-31T05:26:21.983+0000] {logging_mixin.py:188} INFO - [2023-12-31T05:26:21.982+0000] {dag.py:3820} INFO - Setting next_dagrun for example_branch_dop_operator_v3 to 2023-12-31T05:25:00+00:00, run_after=2023-12-31T05:26:00+00:00
[2023-12-31T05:26:22.059+0000] {processor.py:183} INFO - Processing /home/airflow/.local/lib/python3.8/site-packages/airflow/example_dags/example_branch_python_dop_operator_3.py took 0.424 seconds
[2023-12-31T05:26:53.291+0000] {processor.py:161} INFO - Started process (PID=315) to work on /home/airflow/.local/lib/python3.8/site-packages/airflow/example_dags/example_branch_python_dop_operator_3.py
[2023-12-31T05:26:53.293+0000] {processor.py:830} INFO - Processing file /home/airflow/.local/lib/python3.8/site-packages/airflow/example_dags/example_branch_python_dop_operator_3.py for tasks to queue
[2023-12-31T05:26:53.296+0000] {logging_mixin.py:188} INFO - [2023-12-31T05:26:53.295+0000] {dagbag.py:538} INFO - Filling up the DagBag from /home/airflow/.local/lib/python3.8/site-packages/airflow/example_dags/example_branch_python_dop_operator_3.py
[2023-12-31T05:26:53.309+0000] {processor.py:840} INFO - DAG(s) 'example_branch_dop_operator_v3' retrieved from /home/airflow/.local/lib/python3.8/site-packages/airflow/example_dags/example_branch_python_dop_operator_3.py
[2023-12-31T05:26:53.350+0000] {logging_mixin.py:188} INFO - [2023-12-31T05:26:53.349+0000] {dag.py:3033} INFO - Sync 1 DAGs
[2023-12-31T05:26:53.383+0000] {logging_mixin.py:188} INFO - [2023-12-31T05:26:53.383+0000] {dag.py:3820} INFO - Setting next_dagrun for example_branch_dop_operator_v3 to 2023-12-31T05:25:00+00:00, run_after=2023-12-31T05:26:00+00:00
[2023-12-31T05:26:53.469+0000] {processor.py:183} INFO - Processing /home/airflow/.local/lib/python3.8/site-packages/airflow/example_dags/example_branch_python_dop_operator_3.py took 0.182 seconds
[2023-12-31T05:27:24.097+0000] {processor.py:161} INFO - Started process (PID=371) to work on /home/airflow/.local/lib/python3.8/site-packages/airflow/example_dags/example_branch_python_dop_operator_3.py
[2023-12-31T05:27:24.099+0000] {processor.py:830} INFO - Processing file /home/airflow/.local/lib/python3.8/site-packages/airflow/example_dags/example_branch_python_dop_operator_3.py for tasks to queue
[2023-12-31T05:27:24.103+0000] {logging_mixin.py:188} INFO - [2023-12-31T05:27:24.102+0000] {dagbag.py:538} INFO - Filling up the DagBag from /home/airflow/.local/lib/python3.8/site-packages/airflow/example_dags/example_branch_python_dop_operator_3.py
[2023-12-31T05:27:24.126+0000] {processor.py:840} INFO - DAG(s) 'example_branch_dop_operator_v3' retrieved from /home/airflow/.local/lib/python3.8/site-packages/airflow/example_dags/example_branch_python_dop_operator_3.py
[2023-12-31T05:27:24.249+0000] {logging_mixin.py:188} INFO - [2023-12-31T05:27:24.248+0000] {dag.py:3033} INFO - Sync 1 DAGs
[2023-12-31T05:27:24.387+0000] {logging_mixin.py:188} INFO - [2023-12-31T05:27:24.386+0000] {dag.py:3820} INFO - Setting next_dagrun for example_branch_dop_operator_v3 to 2023-12-31T05:26:00+00:00, run_after=2023-12-31T05:27:00+00:00
[2023-12-31T05:27:24.471+0000] {processor.py:183} INFO - Processing /home/airflow/.local/lib/python3.8/site-packages/airflow/example_dags/example_branch_python_dop_operator_3.py took 0.379 seconds
[2023-12-31T05:27:55.161+0000] {processor.py:161} INFO - Started process (PID=427) to work on /home/airflow/.local/lib/python3.8/site-packages/airflow/example_dags/example_branch_python_dop_operator_3.py
[2023-12-31T05:27:55.196+0000] {processor.py:830} INFO - Processing file /home/airflow/.local/lib/python3.8/site-packages/airflow/example_dags/example_branch_python_dop_operator_3.py for tasks to queue
[2023-12-31T05:27:55.201+0000] {logging_mixin.py:188} INFO - [2023-12-31T05:27:55.200+0000] {dagbag.py:538} INFO - Filling up the DagBag from /home/airflow/.local/lib/python3.8/site-packages/airflow/example_dags/example_branch_python_dop_operator_3.py
[2023-12-31T05:27:55.213+0000] {processor.py:840} INFO - DAG(s) 'example_branch_dop_operator_v3' retrieved from /home/airflow/.local/lib/python3.8/site-packages/airflow/example_dags/example_branch_python_dop_operator_3.py
[2023-12-31T05:27:55.254+0000] {logging_mixin.py:188} INFO - [2023-12-31T05:27:55.254+0000] {dag.py:3033} INFO - Sync 1 DAGs
[2023-12-31T05:27:55.304+0000] {logging_mixin.py:188} INFO - [2023-12-31T05:27:55.304+0000] {dag.py:3820} INFO - Setting next_dagrun for example_branch_dop_operator_v3 to 2023-12-31T05:26:00+00:00, run_after=2023-12-31T05:27:00+00:00
[2023-12-31T05:27:55.391+0000] {processor.py:183} INFO - Processing /home/airflow/.local/lib/python3.8/site-packages/airflow/example_dags/example_branch_python_dop_operator_3.py took 0.233 seconds
[2023-12-31T05:28:25.902+0000] {processor.py:161} INFO - Started process (PID=483) to work on /home/airflow/.local/lib/python3.8/site-packages/airflow/example_dags/example_branch_python_dop_operator_3.py
[2023-12-31T05:28:25.904+0000] {processor.py:830} INFO - Processing file /home/airflow/.local/lib/python3.8/site-packages/airflow/example_dags/example_branch_python_dop_operator_3.py for tasks to queue
[2023-12-31T05:28:25.908+0000] {logging_mixin.py:188} INFO - [2023-12-31T05:28:25.908+0000] {dagbag.py:538} INFO - Filling up the DagBag from /home/airflow/.local/lib/python3.8/site-packages/airflow/example_dags/example_branch_python_dop_operator_3.py
[2023-12-31T05:28:25.918+0000] {processor.py:840} INFO - DAG(s) 'example_branch_dop_operator_v3' retrieved from /home/airflow/.local/lib/python3.8/site-packages/airflow/example_dags/example_branch_python_dop_operator_3.py
[2023-12-31T05:28:25.943+0000] {logging_mixin.py:188} INFO - [2023-12-31T05:28:25.943+0000] {dag.py:3033} INFO - Sync 1 DAGs
[2023-12-31T05:28:25.979+0000] {logging_mixin.py:188} INFO - [2023-12-31T05:28:25.979+0000] {dag.py:3820} INFO - Setting next_dagrun for example_branch_dop_operator_v3 to 2023-12-31T05:27:00+00:00, run_after=2023-12-31T05:28:00+00:00
[2023-12-31T05:28:26.008+0000] {processor.py:183} INFO - Processing /home/airflow/.local/lib/python3.8/site-packages/airflow/example_dags/example_branch_python_dop_operator_3.py took 0.109 seconds
[2023-12-31T05:28:56.673+0000] {processor.py:161} INFO - Started process (PID=539) to work on /home/airflow/.local/lib/python3.8/site-packages/airflow/example_dags/example_branch_python_dop_operator_3.py
[2023-12-31T05:28:56.675+0000] {processor.py:830} INFO - Processing file /home/airflow/.local/lib/python3.8/site-packages/airflow/example_dags/example_branch_python_dop_operator_3.py for tasks to queue
[2023-12-31T05:28:56.677+0000] {logging_mixin.py:188} INFO - [2023-12-31T05:28:56.677+0000] {dagbag.py:538} INFO - Filling up the DagBag from /home/airflow/.local/lib/python3.8/site-packages/airflow/example_dags/example_branch_python_dop_operator_3.py
[2023-12-31T05:28:56.688+0000] {processor.py:840} INFO - DAG(s) 'example_branch_dop_operator_v3' retrieved from /home/airflow/.local/lib/python3.8/site-packages/airflow/example_dags/example_branch_python_dop_operator_3.py
[2023-12-31T05:28:56.716+0000] {logging_mixin.py:188} INFO - [2023-12-31T05:28:56.715+0000] {dag.py:3033} INFO - Sync 1 DAGs
[2023-12-31T05:28:56.750+0000] {logging_mixin.py:188} INFO - [2023-12-31T05:28:56.750+0000] {dag.py:3820} INFO - Setting next_dagrun for example_branch_dop_operator_v3 to 2023-12-31T05:27:00+00:00, run_after=2023-12-31T05:28:00+00:00
[2023-12-31T05:28:56.777+0000] {processor.py:183} INFO - Processing /home/airflow/.local/lib/python3.8/site-packages/airflow/example_dags/example_branch_python_dop_operator_3.py took 0.108 seconds
[2023-12-31T05:29:26.870+0000] {processor.py:161} INFO - Started process (PID=594) to work on /home/airflow/.local/lib/python3.8/site-packages/airflow/example_dags/example_branch_python_dop_operator_3.py
[2023-12-31T05:29:26.885+0000] {processor.py:830} INFO - Processing file /home/airflow/.local/lib/python3.8/site-packages/airflow/example_dags/example_branch_python_dop_operator_3.py for tasks to queue
[2023-12-31T05:29:26.888+0000] {logging_mixin.py:188} INFO - [2023-12-31T05:29:26.888+0000] {dagbag.py:538} INFO - Filling up the DagBag from /home/airflow/.local/lib/python3.8/site-packages/airflow/example_dags/example_branch_python_dop_operator_3.py
[2023-12-31T05:29:26.899+0000] {processor.py:840} INFO - DAG(s) 'example_branch_dop_operator_v3' retrieved from /home/airflow/.local/lib/python3.8/site-packages/airflow/example_dags/example_branch_python_dop_operator_3.py
[2023-12-31T05:29:26.929+0000] {logging_mixin.py:188} INFO - [2023-12-31T05:29:26.929+0000] {dag.py:3033} INFO - Sync 1 DAGs
[2023-12-31T05:29:26.962+0000] {logging_mixin.py:188} INFO - [2023-12-31T05:29:26.961+0000] {dag.py:3820} INFO - Setting next_dagrun for example_branch_dop_operator_v3 to 2023-12-31T05:28:00+00:00, run_after=2023-12-31T05:29:00+00:00
[2023-12-31T05:29:27.322+0000] {processor.py:183} INFO - Processing /home/airflow/.local/lib/python3.8/site-packages/airflow/example_dags/example_branch_python_dop_operator_3.py took 0.455 seconds
[2023-12-31T05:30:01.228+0000] {processor.py:161} INFO - Started process (PID=651) to work on /home/airflow/.local/lib/python3.8/site-packages/airflow/example_dags/example_branch_python_dop_operator_3.py
[2023-12-31T05:30:01.239+0000] {processor.py:830} INFO - Processing file /home/airflow/.local/lib/python3.8/site-packages/airflow/example_dags/example_branch_python_dop_operator_3.py for tasks to queue
[2023-12-31T05:30:01.280+0000] {logging_mixin.py:188} INFO - [2023-12-31T05:30:01.279+0000] {dagbag.py:538} INFO - Filling up the DagBag from /home/airflow/.local/lib/python3.8/site-packages/airflow/example_dags/example_branch_python_dop_operator_3.py
[2023-12-31T05:30:01.726+0000] {processor.py:840} INFO - DAG(s) 'example_branch_dop_operator_v3' retrieved from /home/airflow/.local/lib/python3.8/site-packages/airflow/example_dags/example_branch_python_dop_operator_3.py
[2023-12-31T05:30:01.913+0000] {logging_mixin.py:188} INFO - [2023-12-31T05:30:01.913+0000] {dag.py:3033} INFO - Sync 1 DAGs
[2023-12-31T05:30:01.954+0000] {logging_mixin.py:188} INFO - [2023-12-31T05:30:01.954+0000] {dag.py:3820} INFO - Setting next_dagrun for example_branch_dop_operator_v3 to 2023-12-31T05:29:00+00:00, run_after=2023-12-31T05:30:00+00:00
[2023-12-31T05:30:02.134+0000] {processor.py:183} INFO - Processing /home/airflow/.local/lib/python3.8/site-packages/airflow/example_dags/example_branch_python_dop_operator_3.py took 0.913 seconds
[2023-12-31T05:30:32.323+0000] {processor.py:161} INFO - Started process (PID=707) to work on /home/airflow/.local/lib/python3.8/site-packages/airflow/example_dags/example_branch_python_dop_operator_3.py
[2023-12-31T05:30:32.324+0000] {processor.py:830} INFO - Processing file /home/airflow/.local/lib/python3.8/site-packages/airflow/example_dags/example_branch_python_dop_operator_3.py for tasks to queue
[2023-12-31T05:30:32.328+0000] {logging_mixin.py:188} INFO - [2023-12-31T05:30:32.327+0000] {dagbag.py:538} INFO - Filling up the DagBag from /home/airflow/.local/lib/python3.8/site-packages/airflow/example_dags/example_branch_python_dop_operator_3.py
[2023-12-31T05:30:32.338+0000] {processor.py:840} INFO - DAG(s) 'example_branch_dop_operator_v3' retrieved from /home/airflow/.local/lib/python3.8/site-packages/airflow/example_dags/example_branch_python_dop_operator_3.py
[2023-12-31T05:30:32.362+0000] {logging_mixin.py:188} INFO - [2023-12-31T05:30:32.362+0000] {dag.py:3033} INFO - Sync 1 DAGs
[2023-12-31T05:30:32.391+0000] {logging_mixin.py:188} INFO - [2023-12-31T05:30:32.391+0000] {dag.py:3820} INFO - Setting next_dagrun for example_branch_dop_operator_v3 to 2023-12-31T05:29:00+00:00, run_after=2023-12-31T05:30:00+00:00
[2023-12-31T05:30:32.419+0000] {processor.py:183} INFO - Processing /home/airflow/.local/lib/python3.8/site-packages/airflow/example_dags/example_branch_python_dop_operator_3.py took 0.100 seconds
[2023-12-31T05:31:02.592+0000] {processor.py:161} INFO - Started process (PID=762) to work on /home/airflow/.local/lib/python3.8/site-packages/airflow/example_dags/example_branch_python_dop_operator_3.py
[2023-12-31T05:31:02.594+0000] {processor.py:830} INFO - Processing file /home/airflow/.local/lib/python3.8/site-packages/airflow/example_dags/example_branch_python_dop_operator_3.py for tasks to queue
[2023-12-31T05:31:02.598+0000] {logging_mixin.py:188} INFO - [2023-12-31T05:31:02.598+0000] {dagbag.py:538} INFO - Filling up the DagBag from /home/airflow/.local/lib/python3.8/site-packages/airflow/example_dags/example_branch_python_dop_operator_3.py
[2023-12-31T05:31:02.609+0000] {processor.py:840} INFO - DAG(s) 'example_branch_dop_operator_v3' retrieved from /home/airflow/.local/lib/python3.8/site-packages/airflow/example_dags/example_branch_python_dop_operator_3.py
[2023-12-31T05:31:02.640+0000] {logging_mixin.py:188} INFO - [2023-12-31T05:31:02.640+0000] {dag.py:3033} INFO - Sync 1 DAGs
[2023-12-31T05:31:02.687+0000] {logging_mixin.py:188} INFO - [2023-12-31T05:31:02.686+0000] {dag.py:3820} INFO - Setting next_dagrun for example_branch_dop_operator_v3 to 2023-12-31T05:30:00+00:00, run_after=2023-12-31T05:31:00+00:00
[2023-12-31T05:31:02.715+0000] {processor.py:183} INFO - Processing /home/airflow/.local/lib/python3.8/site-packages/airflow/example_dags/example_branch_python_dop_operator_3.py took 0.126 seconds
[2023-12-31T05:31:33.147+0000] {processor.py:161} INFO - Started process (PID=818) to work on /home/airflow/.local/lib/python3.8/site-packages/airflow/example_dags/example_branch_python_dop_operator_3.py
[2023-12-31T05:31:33.148+0000] {processor.py:830} INFO - Processing file /home/airflow/.local/lib/python3.8/site-packages/airflow/example_dags/example_branch_python_dop_operator_3.py for tasks to queue
[2023-12-31T05:31:33.152+0000] {logging_mixin.py:188} INFO - [2023-12-31T05:31:33.151+0000] {dagbag.py:538} INFO - Filling up the DagBag from /home/airflow/.local/lib/python3.8/site-packages/airflow/example_dags/example_branch_python_dop_operator_3.py
[2023-12-31T05:31:33.163+0000] {processor.py:840} INFO - DAG(s) 'example_branch_dop_operator_v3' retrieved from /home/airflow/.local/lib/python3.8/site-packages/airflow/example_dags/example_branch_python_dop_operator_3.py
[2023-12-31T05:31:33.192+0000] {logging_mixin.py:188} INFO - [2023-12-31T05:31:33.191+0000] {dag.py:3033} INFO - Sync 1 DAGs
[2023-12-31T05:31:33.227+0000] {logging_mixin.py:188} INFO - [2023-12-31T05:31:33.227+0000] {dag.py:3820} INFO - Setting next_dagrun for example_branch_dop_operator_v3 to 2023-12-31T05:30:00+00:00, run_after=2023-12-31T05:31:00+00:00
[2023-12-31T05:31:33.260+0000] {processor.py:183} INFO - Processing /home/airflow/.local/lib/python3.8/site-packages/airflow/example_dags/example_branch_python_dop_operator_3.py took 0.117 seconds
[2023-12-31T05:32:03.757+0000] {processor.py:161} INFO - Started process (PID=874) to work on /home/airflow/.local/lib/python3.8/site-packages/airflow/example_dags/example_branch_python_dop_operator_3.py
[2023-12-31T05:32:03.786+0000] {processor.py:830} INFO - Processing file /home/airflow/.local/lib/python3.8/site-packages/airflow/example_dags/example_branch_python_dop_operator_3.py for tasks to queue
[2023-12-31T05:32:03.790+0000] {logging_mixin.py:188} INFO - [2023-12-31T05:32:03.790+0000] {dagbag.py:538} INFO - Filling up the DagBag from /home/airflow/.local/lib/python3.8/site-packages/airflow/example_dags/example_branch_python_dop_operator_3.py
[2023-12-31T05:32:03.806+0000] {processor.py:840} INFO - DAG(s) 'example_branch_dop_operator_v3' retrieved from /home/airflow/.local/lib/python3.8/site-packages/airflow/example_dags/example_branch_python_dop_operator_3.py
[2023-12-31T05:32:03.857+0000] {logging_mixin.py:188} INFO - [2023-12-31T05:32:03.856+0000] {dag.py:3033} INFO - Sync 1 DAGs
[2023-12-31T05:32:03.917+0000] {logging_mixin.py:188} INFO - [2023-12-31T05:32:03.917+0000] {dag.py:3820} INFO - Setting next_dagrun for example_branch_dop_operator_v3 to 2023-12-31T05:31:00+00:00, run_after=2023-12-31T05:32:00+00:00
[2023-12-31T05:32:04.219+0000] {processor.py:183} INFO - Processing /home/airflow/.local/lib/python3.8/site-packages/airflow/example_dags/example_branch_python_dop_operator_3.py took 0.466 seconds
[2023-12-31T05:32:34.935+0000] {processor.py:161} INFO - Started process (PID=930) to work on /home/airflow/.local/lib/python3.8/site-packages/airflow/example_dags/example_branch_python_dop_operator_3.py
[2023-12-31T05:32:34.938+0000] {processor.py:830} INFO - Processing file /home/airflow/.local/lib/python3.8/site-packages/airflow/example_dags/example_branch_python_dop_operator_3.py for tasks to queue
[2023-12-31T05:32:34.952+0000] {logging_mixin.py:188} INFO - [2023-12-31T05:32:34.951+0000] {dagbag.py:538} INFO - Filling up the DagBag from /home/airflow/.local/lib/python3.8/site-packages/airflow/example_dags/example_branch_python_dop_operator_3.py
[2023-12-31T05:32:35.019+0000] {processor.py:840} INFO - DAG(s) 'example_branch_dop_operator_v3' retrieved from /home/airflow/.local/lib/python3.8/site-packages/airflow/example_dags/example_branch_python_dop_operator_3.py
[2023-12-31T05:32:35.115+0000] {logging_mixin.py:188} INFO - [2023-12-31T05:32:35.115+0000] {dag.py:3033} INFO - Sync 1 DAGs
[2023-12-31T05:32:35.218+0000] {logging_mixin.py:188} INFO - [2023-12-31T05:32:35.218+0000] {dag.py:3820} INFO - Setting next_dagrun for example_branch_dop_operator_v3 to 2023-12-31T05:31:00+00:00, run_after=2023-12-31T05:32:00+00:00
[2023-12-31T05:32:35.848+0000] {processor.py:183} INFO - Processing /home/airflow/.local/lib/python3.8/site-packages/airflow/example_dags/example_branch_python_dop_operator_3.py took 0.931 seconds
[2023-12-31T05:33:45.109+0000] {processor.py:161} INFO - Started process (PID=993) to work on /home/airflow/.local/lib/python3.8/site-packages/airflow/example_dags/example_branch_python_dop_operator_3.py
[2023-12-31T05:33:45.110+0000] {processor.py:830} INFO - Processing file /home/airflow/.local/lib/python3.8/site-packages/airflow/example_dags/example_branch_python_dop_operator_3.py for tasks to queue
[2023-12-31T05:33:45.114+0000] {logging_mixin.py:188} INFO - [2023-12-31T05:33:45.114+0000] {dagbag.py:538} INFO - Filling up the DagBag from /home/airflow/.local/lib/python3.8/site-packages/airflow/example_dags/example_branch_python_dop_operator_3.py
[2023-12-31T05:33:45.132+0000] {processor.py:840} INFO - DAG(s) 'example_branch_dop_operator_v3' retrieved from /home/airflow/.local/lib/python3.8/site-packages/airflow/example_dags/example_branch_python_dop_operator_3.py
[2023-12-31T05:33:45.177+0000] {logging_mixin.py:188} INFO - [2023-12-31T05:33:45.176+0000] {dag.py:3033} INFO - Sync 1 DAGs
[2023-12-31T05:33:45.243+0000] {logging_mixin.py:188} INFO - [2023-12-31T05:33:45.243+0000] {dag.py:3820} INFO - Setting next_dagrun for example_branch_dop_operator_v3 to 2023-12-31T05:32:00+00:00, run_after=2023-12-31T05:33:00+00:00
[2023-12-31T05:33:45.345+0000] {processor.py:183} INFO - Processing /home/airflow/.local/lib/python3.8/site-packages/airflow/example_dags/example_branch_python_dop_operator_3.py took 0.242 seconds
[2023-12-31T05:34:33.898+0000] {processor.py:161} INFO - Started process (PID=1056) to work on /home/airflow/.local/lib/python3.8/site-packages/airflow/example_dags/example_branch_python_dop_operator_3.py
[2023-12-31T05:34:33.901+0000] {processor.py:830} INFO - Processing file /home/airflow/.local/lib/python3.8/site-packages/airflow/example_dags/example_branch_python_dop_operator_3.py for tasks to queue
[2023-12-31T05:34:33.907+0000] {logging_mixin.py:188} INFO - [2023-12-31T05:34:33.906+0000] {dagbag.py:538} INFO - Filling up the DagBag from /home/airflow/.local/lib/python3.8/site-packages/airflow/example_dags/example_branch_python_dop_operator_3.py
[2023-12-31T05:34:33.931+0000] {processor.py:840} INFO - DAG(s) 'example_branch_dop_operator_v3' retrieved from /home/airflow/.local/lib/python3.8/site-packages/airflow/example_dags/example_branch_python_dop_operator_3.py
[2023-12-31T05:34:33.974+0000] {logging_mixin.py:188} INFO - [2023-12-31T05:34:33.974+0000] {dag.py:3033} INFO - Sync 1 DAGs
[2023-12-31T05:34:34.018+0000] {logging_mixin.py:188} INFO - [2023-12-31T05:34:34.017+0000] {dag.py:3820} INFO - Setting next_dagrun for example_branch_dop_operator_v3 to 2023-12-31T05:33:00+00:00, run_after=2023-12-31T05:34:00+00:00
[2023-12-31T05:34:34.067+0000] {processor.py:183} INFO - Processing /home/airflow/.local/lib/python3.8/site-packages/airflow/example_dags/example_branch_python_dop_operator_3.py took 0.175 seconds
[2023-12-31T05:35:04.267+0000] {processor.py:161} INFO - Started process (PID=1110) to work on /home/airflow/.local/lib/python3.8/site-packages/airflow/example_dags/example_branch_python_dop_operator_3.py
[2023-12-31T05:35:04.269+0000] {processor.py:830} INFO - Processing file /home/airflow/.local/lib/python3.8/site-packages/airflow/example_dags/example_branch_python_dop_operator_3.py for tasks to queue
[2023-12-31T05:35:04.274+0000] {logging_mixin.py:188} INFO - [2023-12-31T05:35:04.273+0000] {dagbag.py:538} INFO - Filling up the DagBag from /home/airflow/.local/lib/python3.8/site-packages/airflow/example_dags/example_branch_python_dop_operator_3.py
[2023-12-31T05:35:04.302+0000] {processor.py:840} INFO - DAG(s) 'example_branch_dop_operator_v3' retrieved from /home/airflow/.local/lib/python3.8/site-packages/airflow/example_dags/example_branch_python_dop_operator_3.py
[2023-12-31T05:35:04.347+0000] {logging_mixin.py:188} INFO - [2023-12-31T05:35:04.347+0000] {dag.py:3033} INFO - Sync 1 DAGs
[2023-12-31T05:35:04.413+0000] {logging_mixin.py:188} INFO - [2023-12-31T05:35:04.412+0000] {dag.py:3820} INFO - Setting next_dagrun for example_branch_dop_operator_v3 to 2023-12-31T05:34:00+00:00, run_after=2023-12-31T05:35:00+00:00
[2023-12-31T05:35:04.475+0000] {processor.py:183} INFO - Processing /home/airflow/.local/lib/python3.8/site-packages/airflow/example_dags/example_branch_python_dop_operator_3.py took 0.219 seconds
[2023-12-31T05:35:35.323+0000] {processor.py:161} INFO - Started process (PID=1165) to work on /home/airflow/.local/lib/python3.8/site-packages/airflow/example_dags/example_branch_python_dop_operator_3.py
[2023-12-31T05:35:35.383+0000] {processor.py:830} INFO - Processing file /home/airflow/.local/lib/python3.8/site-packages/airflow/example_dags/example_branch_python_dop_operator_3.py for tasks to queue
[2023-12-31T05:35:35.387+0000] {logging_mixin.py:188} INFO - [2023-12-31T05:35:35.387+0000] {dagbag.py:538} INFO - Filling up the DagBag from /home/airflow/.local/lib/python3.8/site-packages/airflow/example_dags/example_branch_python_dop_operator_3.py
[2023-12-31T05:35:35.400+0000] {processor.py:840} INFO - DAG(s) 'example_branch_dop_operator_v3' retrieved from /home/airflow/.local/lib/python3.8/site-packages/airflow/example_dags/example_branch_python_dop_operator_3.py
[2023-12-31T05:35:35.526+0000] {logging_mixin.py:188} INFO - [2023-12-31T05:35:35.526+0000] {dag.py:3033} INFO - Sync 1 DAGs
[2023-12-31T05:35:35.596+0000] {logging_mixin.py:188} INFO - [2023-12-31T05:35:35.596+0000] {dag.py:3820} INFO - Setting next_dagrun for example_branch_dop_operator_v3 to 2023-12-31T05:34:00+00:00, run_after=2023-12-31T05:35:00+00:00
[2023-12-31T05:35:36.155+0000] {processor.py:183} INFO - Processing /home/airflow/.local/lib/python3.8/site-packages/airflow/example_dags/example_branch_python_dop_operator_3.py took 0.835 seconds
[2023-12-31T05:36:06.683+0000] {processor.py:161} INFO - Started process (PID=1221) to work on /home/airflow/.local/lib/python3.8/site-packages/airflow/example_dags/example_branch_python_dop_operator_3.py
[2023-12-31T05:36:06.685+0000] {processor.py:830} INFO - Processing file /home/airflow/.local/lib/python3.8/site-packages/airflow/example_dags/example_branch_python_dop_operator_3.py for tasks to queue
[2023-12-31T05:36:06.688+0000] {logging_mixin.py:188} INFO - [2023-12-31T05:36:06.687+0000] {dagbag.py:538} INFO - Filling up the DagBag from /home/airflow/.local/lib/python3.8/site-packages/airflow/example_dags/example_branch_python_dop_operator_3.py
[2023-12-31T05:36:06.703+0000] {processor.py:840} INFO - DAG(s) 'example_branch_dop_operator_v3' retrieved from /home/airflow/.local/lib/python3.8/site-packages/airflow/example_dags/example_branch_python_dop_operator_3.py
[2023-12-31T05:36:06.738+0000] {logging_mixin.py:188} INFO - [2023-12-31T05:36:06.738+0000] {dag.py:3033} INFO - Sync 1 DAGs
[2023-12-31T05:36:06.784+0000] {logging_mixin.py:188} INFO - [2023-12-31T05:36:06.784+0000] {dag.py:3820} INFO - Setting next_dagrun for example_branch_dop_operator_v3 to 2023-12-31T05:35:00+00:00, run_after=2023-12-31T05:36:00+00:00
[2023-12-31T05:36:06.822+0000] {processor.py:183} INFO - Processing /home/airflow/.local/lib/python3.8/site-packages/airflow/example_dags/example_branch_python_dop_operator_3.py took 0.144 seconds
[2023-12-31T05:36:37.286+0000] {processor.py:161} INFO - Started process (PID=1277) to work on /home/airflow/.local/lib/python3.8/site-packages/airflow/example_dags/example_branch_python_dop_operator_3.py
[2023-12-31T05:36:37.288+0000] {processor.py:830} INFO - Processing file /home/airflow/.local/lib/python3.8/site-packages/airflow/example_dags/example_branch_python_dop_operator_3.py for tasks to queue
[2023-12-31T05:36:37.291+0000] {logging_mixin.py:188} INFO - [2023-12-31T05:36:37.291+0000] {dagbag.py:538} INFO - Filling up the DagBag from /home/airflow/.local/lib/python3.8/site-packages/airflow/example_dags/example_branch_python_dop_operator_3.py
[2023-12-31T05:36:37.303+0000] {processor.py:840} INFO - DAG(s) 'example_branch_dop_operator_v3' retrieved from /home/airflow/.local/lib/python3.8/site-packages/airflow/example_dags/example_branch_python_dop_operator_3.py
[2023-12-31T05:36:37.368+0000] {logging_mixin.py:188} INFO - [2023-12-31T05:36:37.368+0000] {dag.py:3033} INFO - Sync 1 DAGs
[2023-12-31T05:36:37.403+0000] {logging_mixin.py:188} INFO - [2023-12-31T05:36:37.403+0000] {dag.py:3820} INFO - Setting next_dagrun for example_branch_dop_operator_v3 to 2023-12-31T05:35:00+00:00, run_after=2023-12-31T05:36:00+00:00
[2023-12-31T05:36:37.716+0000] {processor.py:183} INFO - Processing /home/airflow/.local/lib/python3.8/site-packages/airflow/example_dags/example_branch_python_dop_operator_3.py took 0.434 seconds
[2023-12-31T05:37:08.636+0000] {processor.py:161} INFO - Started process (PID=1333) to work on /home/airflow/.local/lib/python3.8/site-packages/airflow/example_dags/example_branch_python_dop_operator_3.py
[2023-12-31T05:37:08.639+0000] {processor.py:830} INFO - Processing file /home/airflow/.local/lib/python3.8/site-packages/airflow/example_dags/example_branch_python_dop_operator_3.py for tasks to queue
[2023-12-31T05:37:08.643+0000] {logging_mixin.py:188} INFO - [2023-12-31T05:37:08.643+0000] {dagbag.py:538} INFO - Filling up the DagBag from /home/airflow/.local/lib/python3.8/site-packages/airflow/example_dags/example_branch_python_dop_operator_3.py
[2023-12-31T05:37:08.668+0000] {processor.py:840} INFO - DAG(s) 'example_branch_dop_operator_v3' retrieved from /home/airflow/.local/lib/python3.8/site-packages/airflow/example_dags/example_branch_python_dop_operator_3.py
[2023-12-31T05:37:08.710+0000] {logging_mixin.py:188} INFO - [2023-12-31T05:37:08.709+0000] {dag.py:3033} INFO - Sync 1 DAGs
[2023-12-31T05:37:08.795+0000] {logging_mixin.py:188} INFO - [2023-12-31T05:37:08.794+0000] {dag.py:3820} INFO - Setting next_dagrun for example_branch_dop_operator_v3 to 2023-12-31T05:36:00+00:00, run_after=2023-12-31T05:37:00+00:00
[2023-12-31T05:37:08.856+0000] {processor.py:183} INFO - Processing /home/airflow/.local/lib/python3.8/site-packages/airflow/example_dags/example_branch_python_dop_operator_3.py took 0.231 seconds
[2023-12-31T05:37:39.702+0000] {processor.py:161} INFO - Started process (PID=1390) to work on /home/airflow/.local/lib/python3.8/site-packages/airflow/example_dags/example_branch_python_dop_operator_3.py
[2023-12-31T05:37:39.707+0000] {processor.py:830} INFO - Processing file /home/airflow/.local/lib/python3.8/site-packages/airflow/example_dags/example_branch_python_dop_operator_3.py for tasks to queue
[2023-12-31T05:37:39.711+0000] {logging_mixin.py:188} INFO - [2023-12-31T05:37:39.710+0000] {dagbag.py:538} INFO - Filling up the DagBag from /home/airflow/.local/lib/python3.8/site-packages/airflow/example_dags/example_branch_python_dop_operator_3.py
[2023-12-31T05:37:39.722+0000] {processor.py:840} INFO - DAG(s) 'example_branch_dop_operator_v3' retrieved from /home/airflow/.local/lib/python3.8/site-packages/airflow/example_dags/example_branch_python_dop_operator_3.py
[2023-12-31T05:37:39.754+0000] {logging_mixin.py:188} INFO - [2023-12-31T05:37:39.753+0000] {dag.py:3033} INFO - Sync 1 DAGs
[2023-12-31T05:37:39.790+0000] {logging_mixin.py:188} INFO - [2023-12-31T05:37:39.790+0000] {dag.py:3820} INFO - Setting next_dagrun for example_branch_dop_operator_v3 to 2023-12-31T05:36:00+00:00, run_after=2023-12-31T05:37:00+00:00
[2023-12-31T05:37:40.444+0000] {processor.py:183} INFO - Processing /home/airflow/.local/lib/python3.8/site-packages/airflow/example_dags/example_branch_python_dop_operator_3.py took 0.746 seconds
[2023-12-31T05:38:10.727+0000] {processor.py:161} INFO - Started process (PID=1445) to work on /home/airflow/.local/lib/python3.8/site-packages/airflow/example_dags/example_branch_python_dop_operator_3.py
[2023-12-31T05:38:10.729+0000] {processor.py:830} INFO - Processing file /home/airflow/.local/lib/python3.8/site-packages/airflow/example_dags/example_branch_python_dop_operator_3.py for tasks to queue
[2023-12-31T05:38:10.732+0000] {logging_mixin.py:188} INFO - [2023-12-31T05:38:10.732+0000] {dagbag.py:538} INFO - Filling up the DagBag from /home/airflow/.local/lib/python3.8/site-packages/airflow/example_dags/example_branch_python_dop_operator_3.py
[2023-12-31T05:38:10.745+0000] {processor.py:840} INFO - DAG(s) 'example_branch_dop_operator_v3' retrieved from /home/airflow/.local/lib/python3.8/site-packages/airflow/example_dags/example_branch_python_dop_operator_3.py
[2023-12-31T05:38:10.776+0000] {logging_mixin.py:188} INFO - [2023-12-31T05:38:10.776+0000] {dag.py:3033} INFO - Sync 1 DAGs
[2023-12-31T05:38:10.811+0000] {logging_mixin.py:188} INFO - [2023-12-31T05:38:10.811+0000] {dag.py:3820} INFO - Setting next_dagrun for example_branch_dop_operator_v3 to 2023-12-31T05:37:00+00:00, run_after=2023-12-31T05:38:00+00:00
[2023-12-31T05:38:10.843+0000] {processor.py:183} INFO - Processing /home/airflow/.local/lib/python3.8/site-packages/airflow/example_dags/example_branch_python_dop_operator_3.py took 0.120 seconds
[2023-12-31T05:38:41.737+0000] {processor.py:161} INFO - Started process (PID=1503) to work on /home/airflow/.local/lib/python3.8/site-packages/airflow/example_dags/example_branch_python_dop_operator_3.py
[2023-12-31T05:38:41.739+0000] {processor.py:830} INFO - Processing file /home/airflow/.local/lib/python3.8/site-packages/airflow/example_dags/example_branch_python_dop_operator_3.py for tasks to queue
[2023-12-31T05:38:41.743+0000] {logging_mixin.py:188} INFO - [2023-12-31T05:38:41.742+0000] {dagbag.py:538} INFO - Filling up the DagBag from /home/airflow/.local/lib/python3.8/site-packages/airflow/example_dags/example_branch_python_dop_operator_3.py
[2023-12-31T05:38:41.755+0000] {processor.py:840} INFO - DAG(s) 'example_branch_dop_operator_v3' retrieved from /home/airflow/.local/lib/python3.8/site-packages/airflow/example_dags/example_branch_python_dop_operator_3.py
[2023-12-31T05:38:41.787+0000] {logging_mixin.py:188} INFO - [2023-12-31T05:38:41.787+0000] {dag.py:3033} INFO - Sync 1 DAGs
[2023-12-31T05:38:41.833+0000] {logging_mixin.py:188} INFO - [2023-12-31T05:38:41.833+0000] {dag.py:3820} INFO - Setting next_dagrun for example_branch_dop_operator_v3 to 2023-12-31T05:37:00+00:00, run_after=2023-12-31T05:38:00+00:00
[2023-12-31T05:38:41.870+0000] {processor.py:183} INFO - Processing /home/airflow/.local/lib/python3.8/site-packages/airflow/example_dags/example_branch_python_dop_operator_3.py took 0.137 seconds
[2023-12-31T05:39:12.223+0000] {processor.py:161} INFO - Started process (PID=1559) to work on /home/airflow/.local/lib/python3.8/site-packages/airflow/example_dags/example_branch_python_dop_operator_3.py
[2023-12-31T05:39:12.226+0000] {processor.py:830} INFO - Processing file /home/airflow/.local/lib/python3.8/site-packages/airflow/example_dags/example_branch_python_dop_operator_3.py for tasks to queue
[2023-12-31T05:39:12.230+0000] {logging_mixin.py:188} INFO - [2023-12-31T05:39:12.230+0000] {dagbag.py:538} INFO - Filling up the DagBag from /home/airflow/.local/lib/python3.8/site-packages/airflow/example_dags/example_branch_python_dop_operator_3.py
[2023-12-31T05:39:12.244+0000] {processor.py:840} INFO - DAG(s) 'example_branch_dop_operator_v3' retrieved from /home/airflow/.local/lib/python3.8/site-packages/airflow/example_dags/example_branch_python_dop_operator_3.py
[2023-12-31T05:39:12.271+0000] {logging_mixin.py:188} INFO - [2023-12-31T05:39:12.271+0000] {dag.py:3033} INFO - Sync 1 DAGs
[2023-12-31T05:39:12.303+0000] {logging_mixin.py:188} INFO - [2023-12-31T05:39:12.303+0000] {dag.py:3820} INFO - Setting next_dagrun for example_branch_dop_operator_v3 to 2023-12-31T05:38:00+00:00, run_after=2023-12-31T05:39:00+00:00
[2023-12-31T05:39:12.335+0000] {processor.py:183} INFO - Processing /home/airflow/.local/lib/python3.8/site-packages/airflow/example_dags/example_branch_python_dop_operator_3.py took 0.118 seconds
[2023-12-31T05:39:42.516+0000] {processor.py:161} INFO - Started process (PID=1615) to work on /home/airflow/.local/lib/python3.8/site-packages/airflow/example_dags/example_branch_python_dop_operator_3.py
[2023-12-31T05:39:42.518+0000] {processor.py:830} INFO - Processing file /home/airflow/.local/lib/python3.8/site-packages/airflow/example_dags/example_branch_python_dop_operator_3.py for tasks to queue
[2023-12-31T05:39:42.522+0000] {logging_mixin.py:188} INFO - [2023-12-31T05:39:42.521+0000] {dagbag.py:538} INFO - Filling up the DagBag from /home/airflow/.local/lib/python3.8/site-packages/airflow/example_dags/example_branch_python_dop_operator_3.py
[2023-12-31T05:39:42.549+0000] {processor.py:840} INFO - DAG(s) 'example_branch_dop_operator_v3' retrieved from /home/airflow/.local/lib/python3.8/site-packages/airflow/example_dags/example_branch_python_dop_operator_3.py
[2023-12-31T05:39:42.616+0000] {logging_mixin.py:188} INFO - [2023-12-31T05:39:42.615+0000] {dag.py:3033} INFO - Sync 1 DAGs
[2023-12-31T05:39:42.658+0000] {logging_mixin.py:188} INFO - [2023-12-31T05:39:42.658+0000] {dag.py:3820} INFO - Setting next_dagrun for example_branch_dop_operator_v3 to 2023-12-31T05:38:00+00:00, run_after=2023-12-31T05:39:00+00:00
[2023-12-31T05:39:42.686+0000] {processor.py:183} INFO - Processing /home/airflow/.local/lib/python3.8/site-packages/airflow/example_dags/example_branch_python_dop_operator_3.py took 0.175 seconds
[2023-12-31T05:40:13.139+0000] {processor.py:161} INFO - Started process (PID=1671) to work on /home/airflow/.local/lib/python3.8/site-packages/airflow/example_dags/example_branch_python_dop_operator_3.py
[2023-12-31T05:40:13.141+0000] {processor.py:830} INFO - Processing file /home/airflow/.local/lib/python3.8/site-packages/airflow/example_dags/example_branch_python_dop_operator_3.py for tasks to queue
[2023-12-31T05:40:13.145+0000] {logging_mixin.py:188} INFO - [2023-12-31T05:40:13.144+0000] {dagbag.py:538} INFO - Filling up the DagBag from /home/airflow/.local/lib/python3.8/site-packages/airflow/example_dags/example_branch_python_dop_operator_3.py
[2023-12-31T05:40:13.162+0000] {processor.py:840} INFO - DAG(s) 'example_branch_dop_operator_v3' retrieved from /home/airflow/.local/lib/python3.8/site-packages/airflow/example_dags/example_branch_python_dop_operator_3.py
[2023-12-31T05:40:13.195+0000] {logging_mixin.py:188} INFO - [2023-12-31T05:40:13.194+0000] {dag.py:3033} INFO - Sync 1 DAGs
[2023-12-31T05:40:13.244+0000] {logging_mixin.py:188} INFO - [2023-12-31T05:40:13.244+0000] {dag.py:3820} INFO - Setting next_dagrun for example_branch_dop_operator_v3 to 2023-12-31T05:39:00+00:00, run_after=2023-12-31T05:40:00+00:00
[2023-12-31T05:40:13.278+0000] {processor.py:183} INFO - Processing /home/airflow/.local/lib/python3.8/site-packages/airflow/example_dags/example_branch_python_dop_operator_3.py took 0.145 seconds
[2023-12-31T05:40:43.616+0000] {processor.py:161} INFO - Started process (PID=1727) to work on /home/airflow/.local/lib/python3.8/site-packages/airflow/example_dags/example_branch_python_dop_operator_3.py
[2023-12-31T05:40:43.617+0000] {processor.py:830} INFO - Processing file /home/airflow/.local/lib/python3.8/site-packages/airflow/example_dags/example_branch_python_dop_operator_3.py for tasks to queue
[2023-12-31T05:40:43.621+0000] {logging_mixin.py:188} INFO - [2023-12-31T05:40:43.621+0000] {dagbag.py:538} INFO - Filling up the DagBag from /home/airflow/.local/lib/python3.8/site-packages/airflow/example_dags/example_branch_python_dop_operator_3.py
[2023-12-31T05:40:43.640+0000] {processor.py:840} INFO - DAG(s) 'example_branch_dop_operator_v3' retrieved from /home/airflow/.local/lib/python3.8/site-packages/airflow/example_dags/example_branch_python_dop_operator_3.py
[2023-12-31T05:40:43.673+0000] {logging_mixin.py:188} INFO - [2023-12-31T05:40:43.672+0000] {dag.py:3033} INFO - Sync 1 DAGs
[2023-12-31T05:40:43.725+0000] {logging_mixin.py:188} INFO - [2023-12-31T05:40:43.725+0000] {dag.py:3820} INFO - Setting next_dagrun for example_branch_dop_operator_v3 to 2023-12-31T05:39:00+00:00, run_after=2023-12-31T05:40:00+00:00
[2023-12-31T05:40:44.347+0000] {processor.py:183} INFO - Processing /home/airflow/.local/lib/python3.8/site-packages/airflow/example_dags/example_branch_python_dop_operator_3.py took 0.736 seconds
[2023-12-31T05:41:14.806+0000] {processor.py:161} INFO - Started process (PID=1783) to work on /home/airflow/.local/lib/python3.8/site-packages/airflow/example_dags/example_branch_python_dop_operator_3.py
[2023-12-31T05:41:14.808+0000] {processor.py:830} INFO - Processing file /home/airflow/.local/lib/python3.8/site-packages/airflow/example_dags/example_branch_python_dop_operator_3.py for tasks to queue
[2023-12-31T05:41:14.812+0000] {logging_mixin.py:188} INFO - [2023-12-31T05:41:14.812+0000] {dagbag.py:538} INFO - Filling up the DagBag from /home/airflow/.local/lib/python3.8/site-packages/airflow/example_dags/example_branch_python_dop_operator_3.py
[2023-12-31T05:41:14.831+0000] {processor.py:840} INFO - DAG(s) 'example_branch_dop_operator_v3' retrieved from /home/airflow/.local/lib/python3.8/site-packages/airflow/example_dags/example_branch_python_dop_operator_3.py
[2023-12-31T05:41:14.867+0000] {logging_mixin.py:188} INFO - [2023-12-31T05:41:14.867+0000] {dag.py:3033} INFO - Sync 1 DAGs
[2023-12-31T05:41:14.915+0000] {logging_mixin.py:188} INFO - [2023-12-31T05:41:14.915+0000] {dag.py:3820} INFO - Setting next_dagrun for example_branch_dop_operator_v3 to 2023-12-31T05:40:00+00:00, run_after=2023-12-31T05:41:00+00:00
[2023-12-31T05:41:14.968+0000] {processor.py:183} INFO - Processing /home/airflow/.local/lib/python3.8/site-packages/airflow/example_dags/example_branch_python_dop_operator_3.py took 0.168 seconds
[2023-12-31T05:41:45.324+0000] {processor.py:161} INFO - Started process (PID=1839) to work on /home/airflow/.local/lib/python3.8/site-packages/airflow/example_dags/example_branch_python_dop_operator_3.py
[2023-12-31T05:41:45.326+0000] {processor.py:830} INFO - Processing file /home/airflow/.local/lib/python3.8/site-packages/airflow/example_dags/example_branch_python_dop_operator_3.py for tasks to queue
[2023-12-31T05:41:45.329+0000] {logging_mixin.py:188} INFO - [2023-12-31T05:41:45.329+0000] {dagbag.py:538} INFO - Filling up the DagBag from /home/airflow/.local/lib/python3.8/site-packages/airflow/example_dags/example_branch_python_dop_operator_3.py
[2023-12-31T05:41:45.345+0000] {processor.py:840} INFO - DAG(s) 'example_branch_dop_operator_v3' retrieved from /home/airflow/.local/lib/python3.8/site-packages/airflow/example_dags/example_branch_python_dop_operator_3.py
[2023-12-31T05:41:45.372+0000] {logging_mixin.py:188} INFO - [2023-12-31T05:41:45.372+0000] {dag.py:3033} INFO - Sync 1 DAGs
[2023-12-31T05:41:45.408+0000] {logging_mixin.py:188} INFO - [2023-12-31T05:41:45.408+0000] {dag.py:3820} INFO - Setting next_dagrun for example_branch_dop_operator_v3 to 2023-12-31T05:40:00+00:00, run_after=2023-12-31T05:41:00+00:00
[2023-12-31T05:41:45.439+0000] {processor.py:183} INFO - Processing /home/airflow/.local/lib/python3.8/site-packages/airflow/example_dags/example_branch_python_dop_operator_3.py took 0.119 seconds
[2023-12-31T05:42:15.543+0000] {processor.py:161} INFO - Started process (PID=1895) to work on /home/airflow/.local/lib/python3.8/site-packages/airflow/example_dags/example_branch_python_dop_operator_3.py
[2023-12-31T05:42:15.550+0000] {processor.py:830} INFO - Processing file /home/airflow/.local/lib/python3.8/site-packages/airflow/example_dags/example_branch_python_dop_operator_3.py for tasks to queue
[2023-12-31T05:42:15.552+0000] {logging_mixin.py:188} INFO - [2023-12-31T05:42:15.552+0000] {dagbag.py:538} INFO - Filling up the DagBag from /home/airflow/.local/lib/python3.8/site-packages/airflow/example_dags/example_branch_python_dop_operator_3.py
[2023-12-31T05:42:15.568+0000] {processor.py:840} INFO - DAG(s) 'example_branch_dop_operator_v3' retrieved from /home/airflow/.local/lib/python3.8/site-packages/airflow/example_dags/example_branch_python_dop_operator_3.py
[2023-12-31T05:42:15.599+0000] {logging_mixin.py:188} INFO - [2023-12-31T05:42:15.599+0000] {dag.py:3033} INFO - Sync 1 DAGs
[2023-12-31T05:42:15.636+0000] {logging_mixin.py:188} INFO - [2023-12-31T05:42:15.636+0000] {dag.py:3820} INFO - Setting next_dagrun for example_branch_dop_operator_v3 to 2023-12-31T05:41:00+00:00, run_after=2023-12-31T05:42:00+00:00
[2023-12-31T05:42:15.675+0000] {processor.py:183} INFO - Processing /home/airflow/.local/lib/python3.8/site-packages/airflow/example_dags/example_branch_python_dop_operator_3.py took 0.136 seconds
