[2023-12-31T05:24:28.621+0000] {processor.py:161} INFO - Started process (PID=115) to work on /home/airflow/.local/lib/python3.8/site-packages/airflow/example_dags/example_params_trigger_ui.py
[2023-12-31T05:24:28.624+0000] {processor.py:830} INFO - Processing file /home/airflow/.local/lib/python3.8/site-packages/airflow/example_dags/example_params_trigger_ui.py for tasks to queue
[2023-12-31T05:24:28.628+0000] {logging_mixin.py:188} INFO - [2023-12-31T05:24:28.627+0000] {dagbag.py:538} INFO - Filling up the DagBag from /home/airflow/.local/lib/python3.8/site-packages/airflow/example_dags/example_params_trigger_ui.py
[2023-12-31T05:24:28.837+0000] {processor.py:840} INFO - DAG(s) 'example_params_trigger_ui' retrieved from /home/airflow/.local/lib/python3.8/site-packages/airflow/example_dags/example_params_trigger_ui.py
[2023-12-31T05:24:29.335+0000] {logging_mixin.py:188} INFO - [2023-12-31T05:24:29.335+0000] {dag.py:3033} INFO - Sync 1 DAGs
[2023-12-31T05:24:29.425+0000] {logging_mixin.py:188} INFO - [2023-12-31T05:24:29.425+0000] {dag.py:3820} INFO - Setting next_dagrun for example_params_trigger_ui to None, run_after=None
[2023-12-31T05:24:29.924+0000] {processor.py:183} INFO - Processing /home/airflow/.local/lib/python3.8/site-packages/airflow/example_dags/example_params_trigger_ui.py took 1.309 seconds
[2023-12-31T05:25:00.644+0000] {processor.py:161} INFO - Started process (PID=171) to work on /home/airflow/.local/lib/python3.8/site-packages/airflow/example_dags/example_params_trigger_ui.py
[2023-12-31T05:25:00.645+0000] {processor.py:830} INFO - Processing file /home/airflow/.local/lib/python3.8/site-packages/airflow/example_dags/example_params_trigger_ui.py for tasks to queue
[2023-12-31T05:25:00.649+0000] {logging_mixin.py:188} INFO - [2023-12-31T05:25:00.649+0000] {dagbag.py:538} INFO - Filling up the DagBag from /home/airflow/.local/lib/python3.8/site-packages/airflow/example_dags/example_params_trigger_ui.py
[2023-12-31T05:25:00.668+0000] {processor.py:840} INFO - DAG(s) 'example_params_trigger_ui' retrieved from /home/airflow/.local/lib/python3.8/site-packages/airflow/example_dags/example_params_trigger_ui.py
[2023-12-31T05:25:00.766+0000] {logging_mixin.py:188} INFO - [2023-12-31T05:25:00.766+0000] {dag.py:3033} INFO - Sync 1 DAGs
[2023-12-31T05:25:00.785+0000] {logging_mixin.py:188} INFO - [2023-12-31T05:25:00.784+0000] {dag.py:3820} INFO - Setting next_dagrun for example_params_trigger_ui to None, run_after=None
[2023-12-31T05:25:01.134+0000] {processor.py:183} INFO - Processing /home/airflow/.local/lib/python3.8/site-packages/airflow/example_dags/example_params_trigger_ui.py took 0.494 seconds
[2023-12-31T05:25:41.073+0000] {processor.py:161} INFO - Started process (PID=228) to work on /home/airflow/.local/lib/python3.8/site-packages/airflow/example_dags/example_params_trigger_ui.py
[2023-12-31T05:25:41.074+0000] {processor.py:830} INFO - Processing file /home/airflow/.local/lib/python3.8/site-packages/airflow/example_dags/example_params_trigger_ui.py for tasks to queue
[2023-12-31T05:25:41.077+0000] {logging_mixin.py:188} INFO - [2023-12-31T05:25:41.077+0000] {dagbag.py:538} INFO - Filling up the DagBag from /home/airflow/.local/lib/python3.8/site-packages/airflow/example_dags/example_params_trigger_ui.py
[2023-12-31T05:25:41.558+0000] {processor.py:840} INFO - DAG(s) 'example_params_trigger_ui' retrieved from /home/airflow/.local/lib/python3.8/site-packages/airflow/example_dags/example_params_trigger_ui.py
[2023-12-31T05:25:42.930+0000] {logging_mixin.py:188} INFO - [2023-12-31T05:25:42.930+0000] {dag.py:3033} INFO - Sync 1 DAGs
[2023-12-31T05:25:42.952+0000] {logging_mixin.py:188} INFO - [2023-12-31T05:25:42.951+0000] {dag.py:3820} INFO - Setting next_dagrun for example_params_trigger_ui to None, run_after=None
[2023-12-31T05:25:42.998+0000] {processor.py:183} INFO - Processing /home/airflow/.local/lib/python3.8/site-packages/airflow/example_dags/example_params_trigger_ui.py took 1.929 seconds
[2023-12-31T05:26:25.651+0000] {processor.py:161} INFO - Started process (PID=277) to work on /home/airflow/.local/lib/python3.8/site-packages/airflow/example_dags/example_params_trigger_ui.py
[2023-12-31T05:26:25.729+0000] {processor.py:830} INFO - Processing file /home/airflow/.local/lib/python3.8/site-packages/airflow/example_dags/example_params_trigger_ui.py for tasks to queue
[2023-12-31T05:26:25.735+0000] {logging_mixin.py:188} INFO - [2023-12-31T05:26:25.735+0000] {dagbag.py:538} INFO - Filling up the DagBag from /home/airflow/.local/lib/python3.8/site-packages/airflow/example_dags/example_params_trigger_ui.py
[2023-12-31T05:26:26.223+0000] {processor.py:840} INFO - DAG(s) 'example_params_trigger_ui' retrieved from /home/airflow/.local/lib/python3.8/site-packages/airflow/example_dags/example_params_trigger_ui.py
[2023-12-31T05:26:26.287+0000] {logging_mixin.py:188} INFO - [2023-12-31T05:26:26.287+0000] {dag.py:3033} INFO - Sync 1 DAGs
[2023-12-31T05:26:26.304+0000] {logging_mixin.py:188} INFO - [2023-12-31T05:26:26.304+0000] {dag.py:3820} INFO - Setting next_dagrun for example_params_trigger_ui to None, run_after=None
[2023-12-31T05:26:27.054+0000] {processor.py:183} INFO - Processing /home/airflow/.local/lib/python3.8/site-packages/airflow/example_dags/example_params_trigger_ui.py took 1.406 seconds
[2023-12-31T05:26:57.258+0000] {processor.py:161} INFO - Started process (PID=333) to work on /home/airflow/.local/lib/python3.8/site-packages/airflow/example_dags/example_params_trigger_ui.py
[2023-12-31T05:26:57.260+0000] {processor.py:830} INFO - Processing file /home/airflow/.local/lib/python3.8/site-packages/airflow/example_dags/example_params_trigger_ui.py for tasks to queue
[2023-12-31T05:26:57.263+0000] {logging_mixin.py:188} INFO - [2023-12-31T05:26:57.262+0000] {dagbag.py:538} INFO - Filling up the DagBag from /home/airflow/.local/lib/python3.8/site-packages/airflow/example_dags/example_params_trigger_ui.py
[2023-12-31T05:26:57.289+0000] {processor.py:840} INFO - DAG(s) 'example_params_trigger_ui' retrieved from /home/airflow/.local/lib/python3.8/site-packages/airflow/example_dags/example_params_trigger_ui.py
[2023-12-31T05:26:57.373+0000] {logging_mixin.py:188} INFO - [2023-12-31T05:26:57.372+0000] {dag.py:3033} INFO - Sync 1 DAGs
[2023-12-31T05:26:57.390+0000] {logging_mixin.py:188} INFO - [2023-12-31T05:26:57.390+0000] {dag.py:3820} INFO - Setting next_dagrun for example_params_trigger_ui to None, run_after=None
[2023-12-31T05:26:57.430+0000] {processor.py:183} INFO - Processing /home/airflow/.local/lib/python3.8/site-packages/airflow/example_dags/example_params_trigger_ui.py took 0.176 seconds
[2023-12-31T05:27:28.315+0000] {processor.py:161} INFO - Started process (PID=389) to work on /home/airflow/.local/lib/python3.8/site-packages/airflow/example_dags/example_params_trigger_ui.py
[2023-12-31T05:27:28.331+0000] {processor.py:830} INFO - Processing file /home/airflow/.local/lib/python3.8/site-packages/airflow/example_dags/example_params_trigger_ui.py for tasks to queue
[2023-12-31T05:27:28.338+0000] {logging_mixin.py:188} INFO - [2023-12-31T05:27:28.338+0000] {dagbag.py:538} INFO - Filling up the DagBag from /home/airflow/.local/lib/python3.8/site-packages/airflow/example_dags/example_params_trigger_ui.py
[2023-12-31T05:27:28.423+0000] {processor.py:840} INFO - DAG(s) 'example_params_trigger_ui' retrieved from /home/airflow/.local/lib/python3.8/site-packages/airflow/example_dags/example_params_trigger_ui.py
[2023-12-31T05:27:28.602+0000] {logging_mixin.py:188} INFO - [2023-12-31T05:27:28.602+0000] {dag.py:3033} INFO - Sync 1 DAGs
[2023-12-31T05:27:28.640+0000] {logging_mixin.py:188} INFO - [2023-12-31T05:27:28.639+0000] {dag.py:3820} INFO - Setting next_dagrun for example_params_trigger_ui to None, run_after=None
[2023-12-31T05:27:28.719+0000] {processor.py:183} INFO - Processing /home/airflow/.local/lib/python3.8/site-packages/airflow/example_dags/example_params_trigger_ui.py took 0.481 seconds
[2023-12-31T05:27:59.011+0000] {processor.py:161} INFO - Started process (PID=446) to work on /home/airflow/.local/lib/python3.8/site-packages/airflow/example_dags/example_params_trigger_ui.py
[2023-12-31T05:27:59.013+0000] {processor.py:830} INFO - Processing file /home/airflow/.local/lib/python3.8/site-packages/airflow/example_dags/example_params_trigger_ui.py for tasks to queue
[2023-12-31T05:27:59.015+0000] {logging_mixin.py:188} INFO - [2023-12-31T05:27:59.015+0000] {dagbag.py:538} INFO - Filling up the DagBag from /home/airflow/.local/lib/python3.8/site-packages/airflow/example_dags/example_params_trigger_ui.py
[2023-12-31T05:27:59.035+0000] {processor.py:840} INFO - DAG(s) 'example_params_trigger_ui' retrieved from /home/airflow/.local/lib/python3.8/site-packages/airflow/example_dags/example_params_trigger_ui.py
[2023-12-31T05:27:59.106+0000] {logging_mixin.py:188} INFO - [2023-12-31T05:27:59.105+0000] {dag.py:3033} INFO - Sync 1 DAGs
[2023-12-31T05:27:59.123+0000] {logging_mixin.py:188} INFO - [2023-12-31T05:27:59.122+0000] {dag.py:3820} INFO - Setting next_dagrun for example_params_trigger_ui to None, run_after=None
[2023-12-31T05:27:59.165+0000] {processor.py:183} INFO - Processing /home/airflow/.local/lib/python3.8/site-packages/airflow/example_dags/example_params_trigger_ui.py took 0.157 seconds
[2023-12-31T05:28:29.636+0000] {processor.py:161} INFO - Started process (PID=501) to work on /home/airflow/.local/lib/python3.8/site-packages/airflow/example_dags/example_params_trigger_ui.py
[2023-12-31T05:28:29.639+0000] {processor.py:830} INFO - Processing file /home/airflow/.local/lib/python3.8/site-packages/airflow/example_dags/example_params_trigger_ui.py for tasks to queue
[2023-12-31T05:28:29.643+0000] {logging_mixin.py:188} INFO - [2023-12-31T05:28:29.642+0000] {dagbag.py:538} INFO - Filling up the DagBag from /home/airflow/.local/lib/python3.8/site-packages/airflow/example_dags/example_params_trigger_ui.py
[2023-12-31T05:28:29.672+0000] {processor.py:840} INFO - DAG(s) 'example_params_trigger_ui' retrieved from /home/airflow/.local/lib/python3.8/site-packages/airflow/example_dags/example_params_trigger_ui.py
[2023-12-31T05:28:29.774+0000] {logging_mixin.py:188} INFO - [2023-12-31T05:28:29.773+0000] {dag.py:3033} INFO - Sync 1 DAGs
[2023-12-31T05:28:29.805+0000] {logging_mixin.py:188} INFO - [2023-12-31T05:28:29.805+0000] {dag.py:3820} INFO - Setting next_dagrun for example_params_trigger_ui to None, run_after=None
[2023-12-31T05:28:29.843+0000] {processor.py:183} INFO - Processing /home/airflow/.local/lib/python3.8/site-packages/airflow/example_dags/example_params_trigger_ui.py took 0.213 seconds
[2023-12-31T05:29:00.536+0000] {processor.py:161} INFO - Started process (PID=557) to work on /home/airflow/.local/lib/python3.8/site-packages/airflow/example_dags/example_params_trigger_ui.py
[2023-12-31T05:29:00.538+0000] {processor.py:830} INFO - Processing file /home/airflow/.local/lib/python3.8/site-packages/airflow/example_dags/example_params_trigger_ui.py for tasks to queue
[2023-12-31T05:29:00.542+0000] {logging_mixin.py:188} INFO - [2023-12-31T05:29:00.541+0000] {dagbag.py:538} INFO - Filling up the DagBag from /home/airflow/.local/lib/python3.8/site-packages/airflow/example_dags/example_params_trigger_ui.py
[2023-12-31T05:29:00.562+0000] {processor.py:840} INFO - DAG(s) 'example_params_trigger_ui' retrieved from /home/airflow/.local/lib/python3.8/site-packages/airflow/example_dags/example_params_trigger_ui.py
[2023-12-31T05:29:00.625+0000] {logging_mixin.py:188} INFO - [2023-12-31T05:29:00.625+0000] {dag.py:3033} INFO - Sync 1 DAGs
[2023-12-31T05:29:00.640+0000] {logging_mixin.py:188} INFO - [2023-12-31T05:29:00.640+0000] {dag.py:3820} INFO - Setting next_dagrun for example_params_trigger_ui to None, run_after=None
[2023-12-31T05:29:00.665+0000] {processor.py:183} INFO - Processing /home/airflow/.local/lib/python3.8/site-packages/airflow/example_dags/example_params_trigger_ui.py took 0.134 seconds
[2023-12-31T05:29:31.912+0000] {processor.py:161} INFO - Started process (PID=613) to work on /home/airflow/.local/lib/python3.8/site-packages/airflow/example_dags/example_params_trigger_ui.py
[2023-12-31T05:29:31.922+0000] {processor.py:830} INFO - Processing file /home/airflow/.local/lib/python3.8/site-packages/airflow/example_dags/example_params_trigger_ui.py for tasks to queue
[2023-12-31T05:29:31.925+0000] {logging_mixin.py:188} INFO - [2023-12-31T05:29:31.925+0000] {dagbag.py:538} INFO - Filling up the DagBag from /home/airflow/.local/lib/python3.8/site-packages/airflow/example_dags/example_params_trigger_ui.py
[2023-12-31T05:29:31.941+0000] {processor.py:840} INFO - DAG(s) 'example_params_trigger_ui' retrieved from /home/airflow/.local/lib/python3.8/site-packages/airflow/example_dags/example_params_trigger_ui.py
[2023-12-31T05:29:32.044+0000] {logging_mixin.py:188} INFO - [2023-12-31T05:29:32.043+0000] {dag.py:3033} INFO - Sync 1 DAGs
[2023-12-31T05:29:32.067+0000] {logging_mixin.py:188} INFO - [2023-12-31T05:29:32.067+0000] {dag.py:3820} INFO - Setting next_dagrun for example_params_trigger_ui to None, run_after=None
[2023-12-31T05:29:32.166+0000] {processor.py:183} INFO - Processing /home/airflow/.local/lib/python3.8/site-packages/airflow/example_dags/example_params_trigger_ui.py took 0.257 seconds
[2023-12-31T05:30:07.288+0000] {processor.py:161} INFO - Started process (PID=669) to work on /home/airflow/.local/lib/python3.8/site-packages/airflow/example_dags/example_params_trigger_ui.py
[2023-12-31T05:30:07.289+0000] {processor.py:830} INFO - Processing file /home/airflow/.local/lib/python3.8/site-packages/airflow/example_dags/example_params_trigger_ui.py for tasks to queue
[2023-12-31T05:30:07.292+0000] {logging_mixin.py:188} INFO - [2023-12-31T05:30:07.292+0000] {dagbag.py:538} INFO - Filling up the DagBag from /home/airflow/.local/lib/python3.8/site-packages/airflow/example_dags/example_params_trigger_ui.py
[2023-12-31T05:30:07.345+0000] {processor.py:840} INFO - DAG(s) 'example_params_trigger_ui' retrieved from /home/airflow/.local/lib/python3.8/site-packages/airflow/example_dags/example_params_trigger_ui.py
[2023-12-31T05:30:07.402+0000] {logging_mixin.py:188} INFO - [2023-12-31T05:30:07.402+0000] {dag.py:3033} INFO - Sync 1 DAGs
[2023-12-31T05:30:07.416+0000] {logging_mixin.py:188} INFO - [2023-12-31T05:30:07.416+0000] {dag.py:3820} INFO - Setting next_dagrun for example_params_trigger_ui to None, run_after=None
[2023-12-31T05:30:08.081+0000] {processor.py:183} INFO - Processing /home/airflow/.local/lib/python3.8/site-packages/airflow/example_dags/example_params_trigger_ui.py took 0.797 seconds
[2023-12-31T05:30:38.415+0000] {processor.py:161} INFO - Started process (PID=725) to work on /home/airflow/.local/lib/python3.8/site-packages/airflow/example_dags/example_params_trigger_ui.py
[2023-12-31T05:30:38.417+0000] {processor.py:830} INFO - Processing file /home/airflow/.local/lib/python3.8/site-packages/airflow/example_dags/example_params_trigger_ui.py for tasks to queue
[2023-12-31T05:30:38.419+0000] {logging_mixin.py:188} INFO - [2023-12-31T05:30:38.419+0000] {dagbag.py:538} INFO - Filling up the DagBag from /home/airflow/.local/lib/python3.8/site-packages/airflow/example_dags/example_params_trigger_ui.py
[2023-12-31T05:30:38.434+0000] {processor.py:840} INFO - DAG(s) 'example_params_trigger_ui' retrieved from /home/airflow/.local/lib/python3.8/site-packages/airflow/example_dags/example_params_trigger_ui.py
[2023-12-31T05:30:38.497+0000] {logging_mixin.py:188} INFO - [2023-12-31T05:30:38.496+0000] {dag.py:3033} INFO - Sync 1 DAGs
[2023-12-31T05:30:38.510+0000] {logging_mixin.py:188} INFO - [2023-12-31T05:30:38.510+0000] {dag.py:3820} INFO - Setting next_dagrun for example_params_trigger_ui to None, run_after=None
[2023-12-31T05:30:38.541+0000] {processor.py:183} INFO - Processing /home/airflow/.local/lib/python3.8/site-packages/airflow/example_dags/example_params_trigger_ui.py took 0.129 seconds
[2023-12-31T05:31:09.177+0000] {processor.py:161} INFO - Started process (PID=781) to work on /home/airflow/.local/lib/python3.8/site-packages/airflow/example_dags/example_params_trigger_ui.py
[2023-12-31T05:31:09.178+0000] {processor.py:830} INFO - Processing file /home/airflow/.local/lib/python3.8/site-packages/airflow/example_dags/example_params_trigger_ui.py for tasks to queue
[2023-12-31T05:31:09.181+0000] {logging_mixin.py:188} INFO - [2023-12-31T05:31:09.181+0000] {dagbag.py:538} INFO - Filling up the DagBag from /home/airflow/.local/lib/python3.8/site-packages/airflow/example_dags/example_params_trigger_ui.py
[2023-12-31T05:31:09.198+0000] {processor.py:840} INFO - DAG(s) 'example_params_trigger_ui' retrieved from /home/airflow/.local/lib/python3.8/site-packages/airflow/example_dags/example_params_trigger_ui.py
[2023-12-31T05:31:09.257+0000] {logging_mixin.py:188} INFO - [2023-12-31T05:31:09.257+0000] {dag.py:3033} INFO - Sync 1 DAGs
[2023-12-31T05:31:09.274+0000] {logging_mixin.py:188} INFO - [2023-12-31T05:31:09.273+0000] {dag.py:3820} INFO - Setting next_dagrun for example_params_trigger_ui to None, run_after=None
[2023-12-31T05:31:09.301+0000] {processor.py:183} INFO - Processing /home/airflow/.local/lib/python3.8/site-packages/airflow/example_dags/example_params_trigger_ui.py took 0.127 seconds
[2023-12-31T05:31:39.637+0000] {processor.py:161} INFO - Started process (PID=837) to work on /home/airflow/.local/lib/python3.8/site-packages/airflow/example_dags/example_params_trigger_ui.py
[2023-12-31T05:31:39.638+0000] {processor.py:830} INFO - Processing file /home/airflow/.local/lib/python3.8/site-packages/airflow/example_dags/example_params_trigger_ui.py for tasks to queue
[2023-12-31T05:31:39.641+0000] {logging_mixin.py:188} INFO - [2023-12-31T05:31:39.641+0000] {dagbag.py:538} INFO - Filling up the DagBag from /home/airflow/.local/lib/python3.8/site-packages/airflow/example_dags/example_params_trigger_ui.py
[2023-12-31T05:31:39.659+0000] {processor.py:840} INFO - DAG(s) 'example_params_trigger_ui' retrieved from /home/airflow/.local/lib/python3.8/site-packages/airflow/example_dags/example_params_trigger_ui.py
[2023-12-31T05:31:39.715+0000] {logging_mixin.py:188} INFO - [2023-12-31T05:31:39.715+0000] {dag.py:3033} INFO - Sync 1 DAGs
[2023-12-31T05:31:39.730+0000] {logging_mixin.py:188} INFO - [2023-12-31T05:31:39.730+0000] {dag.py:3820} INFO - Setting next_dagrun for example_params_trigger_ui to None, run_after=None
[2023-12-31T05:31:39.761+0000] {processor.py:183} INFO - Processing /home/airflow/.local/lib/python3.8/site-packages/airflow/example_dags/example_params_trigger_ui.py took 0.128 seconds
[2023-12-31T05:32:11.019+0000] {processor.py:161} INFO - Started process (PID=893) to work on /home/airflow/.local/lib/python3.8/site-packages/airflow/example_dags/example_params_trigger_ui.py
[2023-12-31T05:32:11.022+0000] {processor.py:830} INFO - Processing file /home/airflow/.local/lib/python3.8/site-packages/airflow/example_dags/example_params_trigger_ui.py for tasks to queue
[2023-12-31T05:32:11.040+0000] {logging_mixin.py:188} INFO - [2023-12-31T05:32:11.039+0000] {dagbag.py:538} INFO - Filling up the DagBag from /home/airflow/.local/lib/python3.8/site-packages/airflow/example_dags/example_params_trigger_ui.py
[2023-12-31T05:32:11.098+0000] {processor.py:840} INFO - DAG(s) 'example_params_trigger_ui' retrieved from /home/airflow/.local/lib/python3.8/site-packages/airflow/example_dags/example_params_trigger_ui.py
[2023-12-31T05:32:11.288+0000] {logging_mixin.py:188} INFO - [2023-12-31T05:32:11.287+0000] {dag.py:3033} INFO - Sync 1 DAGs
[2023-12-31T05:32:11.324+0000] {logging_mixin.py:188} INFO - [2023-12-31T05:32:11.324+0000] {dag.py:3820} INFO - Setting next_dagrun for example_params_trigger_ui to None, run_after=None
[2023-12-31T05:32:11.380+0000] {processor.py:183} INFO - Processing /home/airflow/.local/lib/python3.8/site-packages/airflow/example_dags/example_params_trigger_ui.py took 0.369 seconds
[2023-12-31T05:32:43.342+0000] {processor.py:161} INFO - Started process (PID=949) to work on /home/airflow/.local/lib/python3.8/site-packages/airflow/example_dags/example_params_trigger_ui.py
[2023-12-31T05:32:43.358+0000] {processor.py:830} INFO - Processing file /home/airflow/.local/lib/python3.8/site-packages/airflow/example_dags/example_params_trigger_ui.py for tasks to queue
[2023-12-31T05:32:43.388+0000] {logging_mixin.py:188} INFO - [2023-12-31T05:32:43.386+0000] {dagbag.py:538} INFO - Filling up the DagBag from /home/airflow/.local/lib/python3.8/site-packages/airflow/example_dags/example_params_trigger_ui.py
[2023-12-31T05:32:43.470+0000] {processor.py:840} INFO - DAG(s) 'example_params_trigger_ui' retrieved from /home/airflow/.local/lib/python3.8/site-packages/airflow/example_dags/example_params_trigger_ui.py
[2023-12-31T05:32:43.788+0000] {logging_mixin.py:188} INFO - [2023-12-31T05:32:43.788+0000] {dag.py:3033} INFO - Sync 1 DAGs
[2023-12-31T05:32:43.875+0000] {logging_mixin.py:188} INFO - [2023-12-31T05:32:43.874+0000] {dag.py:3820} INFO - Setting next_dagrun for example_params_trigger_ui to None, run_after=None
[2023-12-31T05:32:44.124+0000] {processor.py:183} INFO - Processing /home/airflow/.local/lib/python3.8/site-packages/airflow/example_dags/example_params_trigger_ui.py took 0.806 seconds
[2023-12-31T05:33:47.848+0000] {processor.py:161} INFO - Started process (PID=1011) to work on /home/airflow/.local/lib/python3.8/site-packages/airflow/example_dags/example_params_trigger_ui.py
[2023-12-31T05:33:47.850+0000] {processor.py:830} INFO - Processing file /home/airflow/.local/lib/python3.8/site-packages/airflow/example_dags/example_params_trigger_ui.py for tasks to queue
[2023-12-31T05:33:47.854+0000] {logging_mixin.py:188} INFO - [2023-12-31T05:33:47.853+0000] {dagbag.py:538} INFO - Filling up the DagBag from /home/airflow/.local/lib/python3.8/site-packages/airflow/example_dags/example_params_trigger_ui.py
[2023-12-31T05:33:47.888+0000] {processor.py:840} INFO - DAG(s) 'example_params_trigger_ui' retrieved from /home/airflow/.local/lib/python3.8/site-packages/airflow/example_dags/example_params_trigger_ui.py
[2023-12-31T05:33:47.969+0000] {logging_mixin.py:188} INFO - [2023-12-31T05:33:47.968+0000] {dag.py:3033} INFO - Sync 1 DAGs
[2023-12-31T05:33:47.992+0000] {logging_mixin.py:188} INFO - [2023-12-31T05:33:47.992+0000] {dag.py:3820} INFO - Setting next_dagrun for example_params_trigger_ui to None, run_after=None
[2023-12-31T05:33:48.030+0000] {processor.py:183} INFO - Processing /home/airflow/.local/lib/python3.8/site-packages/airflow/example_dags/example_params_trigger_ui.py took 0.187 seconds
[2023-12-31T05:34:42.361+0000] {processor.py:161} INFO - Started process (PID=1083) to work on /home/airflow/.local/lib/python3.8/site-packages/airflow/example_dags/example_params_trigger_ui.py
[2023-12-31T05:34:42.390+0000] {processor.py:830} INFO - Processing file /home/airflow/.local/lib/python3.8/site-packages/airflow/example_dags/example_params_trigger_ui.py for tasks to queue
[2023-12-31T05:34:42.394+0000] {logging_mixin.py:188} INFO - [2023-12-31T05:34:42.393+0000] {dagbag.py:538} INFO - Filling up the DagBag from /home/airflow/.local/lib/python3.8/site-packages/airflow/example_dags/example_params_trigger_ui.py
[2023-12-31T05:34:42.417+0000] {processor.py:840} INFO - DAG(s) 'example_params_trigger_ui' retrieved from /home/airflow/.local/lib/python3.8/site-packages/airflow/example_dags/example_params_trigger_ui.py
[2023-12-31T05:34:42.632+0000] {logging_mixin.py:188} INFO - [2023-12-31T05:34:42.632+0000] {dag.py:3033} INFO - Sync 1 DAGs
[2023-12-31T05:34:42.648+0000] {logging_mixin.py:188} INFO - [2023-12-31T05:34:42.647+0000] {dag.py:3820} INFO - Setting next_dagrun for example_params_trigger_ui to None, run_after=None
[2023-12-31T05:34:43.019+0000] {processor.py:183} INFO - Processing /home/airflow/.local/lib/python3.8/site-packages/airflow/example_dags/example_params_trigger_ui.py took 0.662 seconds
[2023-12-31T05:35:13.548+0000] {processor.py:161} INFO - Started process (PID=1139) to work on /home/airflow/.local/lib/python3.8/site-packages/airflow/example_dags/example_params_trigger_ui.py
[2023-12-31T05:35:13.550+0000] {processor.py:830} INFO - Processing file /home/airflow/.local/lib/python3.8/site-packages/airflow/example_dags/example_params_trigger_ui.py for tasks to queue
[2023-12-31T05:35:13.555+0000] {logging_mixin.py:188} INFO - [2023-12-31T05:35:13.554+0000] {dagbag.py:538} INFO - Filling up the DagBag from /home/airflow/.local/lib/python3.8/site-packages/airflow/example_dags/example_params_trigger_ui.py
[2023-12-31T05:35:13.590+0000] {processor.py:840} INFO - DAG(s) 'example_params_trigger_ui' retrieved from /home/airflow/.local/lib/python3.8/site-packages/airflow/example_dags/example_params_trigger_ui.py
[2023-12-31T05:35:13.760+0000] {logging_mixin.py:188} INFO - [2023-12-31T05:35:13.759+0000] {dag.py:3033} INFO - Sync 1 DAGs
[2023-12-31T05:35:13.789+0000] {logging_mixin.py:188} INFO - [2023-12-31T05:35:13.789+0000] {dag.py:3820} INFO - Setting next_dagrun for example_params_trigger_ui to None, run_after=None
[2023-12-31T05:35:13.843+0000] {processor.py:183} INFO - Processing /home/airflow/.local/lib/python3.8/site-packages/airflow/example_dags/example_params_trigger_ui.py took 0.300 seconds
[2023-12-31T05:35:45.390+0000] {processor.py:161} INFO - Started process (PID=1195) to work on /home/airflow/.local/lib/python3.8/site-packages/airflow/example_dags/example_params_trigger_ui.py
[2023-12-31T05:35:45.435+0000] {processor.py:830} INFO - Processing file /home/airflow/.local/lib/python3.8/site-packages/airflow/example_dags/example_params_trigger_ui.py for tasks to queue
[2023-12-31T05:35:45.439+0000] {logging_mixin.py:188} INFO - [2023-12-31T05:35:45.438+0000] {dagbag.py:538} INFO - Filling up the DagBag from /home/airflow/.local/lib/python3.8/site-packages/airflow/example_dags/example_params_trigger_ui.py
[2023-12-31T05:35:45.459+0000] {processor.py:840} INFO - DAG(s) 'example_params_trigger_ui' retrieved from /home/airflow/.local/lib/python3.8/site-packages/airflow/example_dags/example_params_trigger_ui.py
[2023-12-31T05:35:45.537+0000] {logging_mixin.py:188} INFO - [2023-12-31T05:35:45.536+0000] {dag.py:3033} INFO - Sync 1 DAGs
[2023-12-31T05:35:45.554+0000] {logging_mixin.py:188} INFO - [2023-12-31T05:35:45.553+0000] {dag.py:3820} INFO - Setting next_dagrun for example_params_trigger_ui to None, run_after=None
[2023-12-31T05:35:45.802+0000] {processor.py:183} INFO - Processing /home/airflow/.local/lib/python3.8/site-packages/airflow/example_dags/example_params_trigger_ui.py took 0.417 seconds
[2023-12-31T05:36:16.072+0000] {processor.py:161} INFO - Started process (PID=1251) to work on /home/airflow/.local/lib/python3.8/site-packages/airflow/example_dags/example_params_trigger_ui.py
[2023-12-31T05:36:16.074+0000] {processor.py:830} INFO - Processing file /home/airflow/.local/lib/python3.8/site-packages/airflow/example_dags/example_params_trigger_ui.py for tasks to queue
[2023-12-31T05:36:16.087+0000] {logging_mixin.py:188} INFO - [2023-12-31T05:36:16.085+0000] {dagbag.py:538} INFO - Filling up the DagBag from /home/airflow/.local/lib/python3.8/site-packages/airflow/example_dags/example_params_trigger_ui.py
[2023-12-31T05:36:16.125+0000] {processor.py:840} INFO - DAG(s) 'example_params_trigger_ui' retrieved from /home/airflow/.local/lib/python3.8/site-packages/airflow/example_dags/example_params_trigger_ui.py
[2023-12-31T05:36:16.251+0000] {logging_mixin.py:188} INFO - [2023-12-31T05:36:16.251+0000] {dag.py:3033} INFO - Sync 1 DAGs
[2023-12-31T05:36:16.278+0000] {logging_mixin.py:188} INFO - [2023-12-31T05:36:16.278+0000] {dag.py:3820} INFO - Setting next_dagrun for example_params_trigger_ui to None, run_after=None
[2023-12-31T05:36:16.321+0000] {processor.py:183} INFO - Processing /home/airflow/.local/lib/python3.8/site-packages/airflow/example_dags/example_params_trigger_ui.py took 0.263 seconds
[2023-12-31T05:36:48.010+0000] {processor.py:161} INFO - Started process (PID=1307) to work on /home/airflow/.local/lib/python3.8/site-packages/airflow/example_dags/example_params_trigger_ui.py
[2023-12-31T05:36:48.046+0000] {processor.py:830} INFO - Processing file /home/airflow/.local/lib/python3.8/site-packages/airflow/example_dags/example_params_trigger_ui.py for tasks to queue
[2023-12-31T05:36:48.049+0000] {logging_mixin.py:188} INFO - [2023-12-31T05:36:48.048+0000] {dagbag.py:538} INFO - Filling up the DagBag from /home/airflow/.local/lib/python3.8/site-packages/airflow/example_dags/example_params_trigger_ui.py
[2023-12-31T05:36:48.065+0000] {processor.py:840} INFO - DAG(s) 'example_params_trigger_ui' retrieved from /home/airflow/.local/lib/python3.8/site-packages/airflow/example_dags/example_params_trigger_ui.py
[2023-12-31T05:36:48.222+0000] {logging_mixin.py:188} INFO - [2023-12-31T05:36:48.222+0000] {dag.py:3033} INFO - Sync 1 DAGs
[2023-12-31T05:36:48.239+0000] {logging_mixin.py:188} INFO - [2023-12-31T05:36:48.239+0000] {dag.py:3820} INFO - Setting next_dagrun for example_params_trigger_ui to None, run_after=None
[2023-12-31T05:36:48.520+0000] {processor.py:183} INFO - Processing /home/airflow/.local/lib/python3.8/site-packages/airflow/example_dags/example_params_trigger_ui.py took 0.514 seconds
[2023-12-31T05:37:19.236+0000] {processor.py:161} INFO - Started process (PID=1363) to work on /home/airflow/.local/lib/python3.8/site-packages/airflow/example_dags/example_params_trigger_ui.py
[2023-12-31T05:37:19.238+0000] {processor.py:830} INFO - Processing file /home/airflow/.local/lib/python3.8/site-packages/airflow/example_dags/example_params_trigger_ui.py for tasks to queue
[2023-12-31T05:37:19.242+0000] {logging_mixin.py:188} INFO - [2023-12-31T05:37:19.242+0000] {dagbag.py:538} INFO - Filling up the DagBag from /home/airflow/.local/lib/python3.8/site-packages/airflow/example_dags/example_params_trigger_ui.py
[2023-12-31T05:37:19.270+0000] {processor.py:840} INFO - DAG(s) 'example_params_trigger_ui' retrieved from /home/airflow/.local/lib/python3.8/site-packages/airflow/example_dags/example_params_trigger_ui.py
[2023-12-31T05:37:19.369+0000] {logging_mixin.py:188} INFO - [2023-12-31T05:37:19.368+0000] {dag.py:3033} INFO - Sync 1 DAGs
[2023-12-31T05:37:19.385+0000] {logging_mixin.py:188} INFO - [2023-12-31T05:37:19.385+0000] {dag.py:3820} INFO - Setting next_dagrun for example_params_trigger_ui to None, run_after=None
[2023-12-31T05:37:19.418+0000] {processor.py:183} INFO - Processing /home/airflow/.local/lib/python3.8/site-packages/airflow/example_dags/example_params_trigger_ui.py took 0.187 seconds
[2023-12-31T05:37:50.230+0000] {processor.py:161} INFO - Started process (PID=1419) to work on /home/airflow/.local/lib/python3.8/site-packages/airflow/example_dags/example_params_trigger_ui.py
[2023-12-31T05:37:50.233+0000] {processor.py:830} INFO - Processing file /home/airflow/.local/lib/python3.8/site-packages/airflow/example_dags/example_params_trigger_ui.py for tasks to queue
[2023-12-31T05:37:50.244+0000] {logging_mixin.py:188} INFO - [2023-12-31T05:37:50.243+0000] {dagbag.py:538} INFO - Filling up the DagBag from /home/airflow/.local/lib/python3.8/site-packages/airflow/example_dags/example_params_trigger_ui.py
[2023-12-31T05:37:50.281+0000] {processor.py:840} INFO - DAG(s) 'example_params_trigger_ui' retrieved from /home/airflow/.local/lib/python3.8/site-packages/airflow/example_dags/example_params_trigger_ui.py
[2023-12-31T05:37:50.420+0000] {logging_mixin.py:188} INFO - [2023-12-31T05:37:50.420+0000] {dag.py:3033} INFO - Sync 1 DAGs
[2023-12-31T05:37:50.467+0000] {logging_mixin.py:188} INFO - [2023-12-31T05:37:50.466+0000] {dag.py:3820} INFO - Setting next_dagrun for example_params_trigger_ui to None, run_after=None
[2023-12-31T05:37:50.526+0000] {processor.py:183} INFO - Processing /home/airflow/.local/lib/python3.8/site-packages/airflow/example_dags/example_params_trigger_ui.py took 0.303 seconds
[2023-12-31T05:38:22.506+0000] {processor.py:161} INFO - Started process (PID=1473) to work on /home/airflow/.local/lib/python3.8/site-packages/airflow/example_dags/example_params_trigger_ui.py
[2023-12-31T05:38:22.508+0000] {processor.py:830} INFO - Processing file /home/airflow/.local/lib/python3.8/site-packages/airflow/example_dags/example_params_trigger_ui.py for tasks to queue
[2023-12-31T05:38:22.511+0000] {logging_mixin.py:188} INFO - [2023-12-31T05:38:22.511+0000] {dagbag.py:538} INFO - Filling up the DagBag from /home/airflow/.local/lib/python3.8/site-packages/airflow/example_dags/example_params_trigger_ui.py
[2023-12-31T05:38:22.530+0000] {processor.py:840} INFO - DAG(s) 'example_params_trigger_ui' retrieved from /home/airflow/.local/lib/python3.8/site-packages/airflow/example_dags/example_params_trigger_ui.py
[2023-12-31T05:38:22.603+0000] {logging_mixin.py:188} INFO - [2023-12-31T05:38:22.603+0000] {dag.py:3033} INFO - Sync 1 DAGs
[2023-12-31T05:38:22.625+0000] {logging_mixin.py:188} INFO - [2023-12-31T05:38:22.625+0000] {dag.py:3820} INFO - Setting next_dagrun for example_params_trigger_ui to None, run_after=None
[2023-12-31T05:38:22.664+0000] {processor.py:183} INFO - Processing /home/airflow/.local/lib/python3.8/site-packages/airflow/example_dags/example_params_trigger_ui.py took 0.162 seconds
[2023-12-31T05:38:53.181+0000] {processor.py:161} INFO - Started process (PID=1530) to work on /home/airflow/.local/lib/python3.8/site-packages/airflow/example_dags/example_params_trigger_ui.py
[2023-12-31T05:38:53.182+0000] {processor.py:830} INFO - Processing file /home/airflow/.local/lib/python3.8/site-packages/airflow/example_dags/example_params_trigger_ui.py for tasks to queue
[2023-12-31T05:38:53.186+0000] {logging_mixin.py:188} INFO - [2023-12-31T05:38:53.186+0000] {dagbag.py:538} INFO - Filling up the DagBag from /home/airflow/.local/lib/python3.8/site-packages/airflow/example_dags/example_params_trigger_ui.py
[2023-12-31T05:38:53.202+0000] {processor.py:840} INFO - DAG(s) 'example_params_trigger_ui' retrieved from /home/airflow/.local/lib/python3.8/site-packages/airflow/example_dags/example_params_trigger_ui.py
[2023-12-31T05:38:53.280+0000] {logging_mixin.py:188} INFO - [2023-12-31T05:38:53.279+0000] {dag.py:3033} INFO - Sync 1 DAGs
[2023-12-31T05:38:53.299+0000] {logging_mixin.py:188} INFO - [2023-12-31T05:38:53.298+0000] {dag.py:3820} INFO - Setting next_dagrun for example_params_trigger_ui to None, run_after=None
[2023-12-31T05:38:53.355+0000] {processor.py:183} INFO - Processing /home/airflow/.local/lib/python3.8/site-packages/airflow/example_dags/example_params_trigger_ui.py took 0.177 seconds
[2023-12-31T05:39:23.480+0000] {processor.py:161} INFO - Started process (PID=1586) to work on /home/airflow/.local/lib/python3.8/site-packages/airflow/example_dags/example_params_trigger_ui.py
[2023-12-31T05:39:23.483+0000] {processor.py:830} INFO - Processing file /home/airflow/.local/lib/python3.8/site-packages/airflow/example_dags/example_params_trigger_ui.py for tasks to queue
[2023-12-31T05:39:23.486+0000] {logging_mixin.py:188} INFO - [2023-12-31T05:39:23.486+0000] {dagbag.py:538} INFO - Filling up the DagBag from /home/airflow/.local/lib/python3.8/site-packages/airflow/example_dags/example_params_trigger_ui.py
[2023-12-31T05:39:23.511+0000] {processor.py:840} INFO - DAG(s) 'example_params_trigger_ui' retrieved from /home/airflow/.local/lib/python3.8/site-packages/airflow/example_dags/example_params_trigger_ui.py
[2023-12-31T05:39:23.585+0000] {logging_mixin.py:188} INFO - [2023-12-31T05:39:23.585+0000] {dag.py:3033} INFO - Sync 1 DAGs
[2023-12-31T05:39:23.604+0000] {logging_mixin.py:188} INFO - [2023-12-31T05:39:23.604+0000] {dag.py:3820} INFO - Setting next_dagrun for example_params_trigger_ui to None, run_after=None
[2023-12-31T05:39:23.703+0000] {processor.py:183} INFO - Processing /home/airflow/.local/lib/python3.8/site-packages/airflow/example_dags/example_params_trigger_ui.py took 0.229 seconds
[2023-12-31T05:39:54.230+0000] {processor.py:161} INFO - Started process (PID=1642) to work on /home/airflow/.local/lib/python3.8/site-packages/airflow/example_dags/example_params_trigger_ui.py
[2023-12-31T05:39:54.237+0000] {processor.py:830} INFO - Processing file /home/airflow/.local/lib/python3.8/site-packages/airflow/example_dags/example_params_trigger_ui.py for tasks to queue
[2023-12-31T05:39:54.245+0000] {logging_mixin.py:188} INFO - [2023-12-31T05:39:54.245+0000] {dagbag.py:538} INFO - Filling up the DagBag from /home/airflow/.local/lib/python3.8/site-packages/airflow/example_dags/example_params_trigger_ui.py
[2023-12-31T05:39:54.293+0000] {processor.py:840} INFO - DAG(s) 'example_params_trigger_ui' retrieved from /home/airflow/.local/lib/python3.8/site-packages/airflow/example_dags/example_params_trigger_ui.py
[2023-12-31T05:39:54.459+0000] {logging_mixin.py:188} INFO - [2023-12-31T05:39:54.459+0000] {dag.py:3033} INFO - Sync 1 DAGs
[2023-12-31T05:39:54.482+0000] {logging_mixin.py:188} INFO - [2023-12-31T05:39:54.482+0000] {dag.py:3820} INFO - Setting next_dagrun for example_params_trigger_ui to None, run_after=None
[2023-12-31T05:39:54.627+0000] {processor.py:183} INFO - Processing /home/airflow/.local/lib/python3.8/site-packages/airflow/example_dags/example_params_trigger_ui.py took 0.404 seconds
[2023-12-31T05:40:25.418+0000] {processor.py:161} INFO - Started process (PID=1698) to work on /home/airflow/.local/lib/python3.8/site-packages/airflow/example_dags/example_params_trigger_ui.py
[2023-12-31T05:40:25.421+0000] {processor.py:830} INFO - Processing file /home/airflow/.local/lib/python3.8/site-packages/airflow/example_dags/example_params_trigger_ui.py for tasks to queue
[2023-12-31T05:40:25.425+0000] {logging_mixin.py:188} INFO - [2023-12-31T05:40:25.424+0000] {dagbag.py:538} INFO - Filling up the DagBag from /home/airflow/.local/lib/python3.8/site-packages/airflow/example_dags/example_params_trigger_ui.py
[2023-12-31T05:40:25.454+0000] {processor.py:840} INFO - DAG(s) 'example_params_trigger_ui' retrieved from /home/airflow/.local/lib/python3.8/site-packages/airflow/example_dags/example_params_trigger_ui.py
[2023-12-31T05:40:25.590+0000] {logging_mixin.py:188} INFO - [2023-12-31T05:40:25.589+0000] {dag.py:3033} INFO - Sync 1 DAGs
[2023-12-31T05:40:25.612+0000] {logging_mixin.py:188} INFO - [2023-12-31T05:40:25.612+0000] {dag.py:3820} INFO - Setting next_dagrun for example_params_trigger_ui to None, run_after=None
[2023-12-31T05:40:25.648+0000] {processor.py:183} INFO - Processing /home/airflow/.local/lib/python3.8/site-packages/airflow/example_dags/example_params_trigger_ui.py took 0.239 seconds
[2023-12-31T05:40:56.125+0000] {processor.py:161} INFO - Started process (PID=1754) to work on /home/airflow/.local/lib/python3.8/site-packages/airflow/example_dags/example_params_trigger_ui.py
[2023-12-31T05:40:56.127+0000] {processor.py:830} INFO - Processing file /home/airflow/.local/lib/python3.8/site-packages/airflow/example_dags/example_params_trigger_ui.py for tasks to queue
[2023-12-31T05:40:56.131+0000] {logging_mixin.py:188} INFO - [2023-12-31T05:40:56.130+0000] {dagbag.py:538} INFO - Filling up the DagBag from /home/airflow/.local/lib/python3.8/site-packages/airflow/example_dags/example_params_trigger_ui.py
[2023-12-31T05:40:56.159+0000] {processor.py:840} INFO - DAG(s) 'example_params_trigger_ui' retrieved from /home/airflow/.local/lib/python3.8/site-packages/airflow/example_dags/example_params_trigger_ui.py
[2023-12-31T05:40:56.254+0000] {logging_mixin.py:188} INFO - [2023-12-31T05:40:56.253+0000] {dag.py:3033} INFO - Sync 1 DAGs
[2023-12-31T05:40:56.278+0000] {logging_mixin.py:188} INFO - [2023-12-31T05:40:56.278+0000] {dag.py:3820} INFO - Setting next_dagrun for example_params_trigger_ui to None, run_after=None
[2023-12-31T05:40:56.328+0000] {processor.py:183} INFO - Processing /home/airflow/.local/lib/python3.8/site-packages/airflow/example_dags/example_params_trigger_ui.py took 0.211 seconds
[2023-12-31T05:41:26.509+0000] {processor.py:161} INFO - Started process (PID=1811) to work on /home/airflow/.local/lib/python3.8/site-packages/airflow/example_dags/example_params_trigger_ui.py
[2023-12-31T05:41:26.511+0000] {processor.py:830} INFO - Processing file /home/airflow/.local/lib/python3.8/site-packages/airflow/example_dags/example_params_trigger_ui.py for tasks to queue
[2023-12-31T05:41:26.517+0000] {logging_mixin.py:188} INFO - [2023-12-31T05:41:26.516+0000] {dagbag.py:538} INFO - Filling up the DagBag from /home/airflow/.local/lib/python3.8/site-packages/airflow/example_dags/example_params_trigger_ui.py
[2023-12-31T05:41:26.541+0000] {processor.py:840} INFO - DAG(s) 'example_params_trigger_ui' retrieved from /home/airflow/.local/lib/python3.8/site-packages/airflow/example_dags/example_params_trigger_ui.py
[2023-12-31T05:41:26.653+0000] {logging_mixin.py:188} INFO - [2023-12-31T05:41:26.652+0000] {dag.py:3033} INFO - Sync 1 DAGs
[2023-12-31T05:41:26.674+0000] {logging_mixin.py:188} INFO - [2023-12-31T05:41:26.674+0000] {dag.py:3820} INFO - Setting next_dagrun for example_params_trigger_ui to None, run_after=None
[2023-12-31T05:41:26.710+0000] {processor.py:183} INFO - Processing /home/airflow/.local/lib/python3.8/site-packages/airflow/example_dags/example_params_trigger_ui.py took 0.206 seconds
[2023-12-31T05:41:57.625+0000] {processor.py:161} INFO - Started process (PID=1867) to work on /home/airflow/.local/lib/python3.8/site-packages/airflow/example_dags/example_params_trigger_ui.py
[2023-12-31T05:41:57.660+0000] {processor.py:830} INFO - Processing file /home/airflow/.local/lib/python3.8/site-packages/airflow/example_dags/example_params_trigger_ui.py for tasks to queue
[2023-12-31T05:41:57.666+0000] {logging_mixin.py:188} INFO - [2023-12-31T05:41:57.665+0000] {dagbag.py:538} INFO - Filling up the DagBag from /home/airflow/.local/lib/python3.8/site-packages/airflow/example_dags/example_params_trigger_ui.py
[2023-12-31T05:41:57.690+0000] {processor.py:840} INFO - DAG(s) 'example_params_trigger_ui' retrieved from /home/airflow/.local/lib/python3.8/site-packages/airflow/example_dags/example_params_trigger_ui.py
[2023-12-31T05:41:57.769+0000] {logging_mixin.py:188} INFO - [2023-12-31T05:41:57.769+0000] {dag.py:3033} INFO - Sync 1 DAGs
[2023-12-31T05:41:57.786+0000] {logging_mixin.py:188} INFO - [2023-12-31T05:41:57.786+0000] {dag.py:3820} INFO - Setting next_dagrun for example_params_trigger_ui to None, run_after=None
[2023-12-31T05:41:58.075+0000] {processor.py:183} INFO - Processing /home/airflow/.local/lib/python3.8/site-packages/airflow/example_dags/example_params_trigger_ui.py took 0.454 seconds
[2023-12-31T05:42:29.175+0000] {processor.py:161} INFO - Started process (PID=1923) to work on /home/airflow/.local/lib/python3.8/site-packages/airflow/example_dags/example_params_trigger_ui.py
[2023-12-31T05:42:29.176+0000] {processor.py:830} INFO - Processing file /home/airflow/.local/lib/python3.8/site-packages/airflow/example_dags/example_params_trigger_ui.py for tasks to queue
[2023-12-31T05:42:29.180+0000] {logging_mixin.py:188} INFO - [2023-12-31T05:42:29.180+0000] {dagbag.py:538} INFO - Filling up the DagBag from /home/airflow/.local/lib/python3.8/site-packages/airflow/example_dags/example_params_trigger_ui.py
[2023-12-31T05:42:29.204+0000] {processor.py:840} INFO - DAG(s) 'example_params_trigger_ui' retrieved from /home/airflow/.local/lib/python3.8/site-packages/airflow/example_dags/example_params_trigger_ui.py
[2023-12-31T05:42:29.312+0000] {logging_mixin.py:188} INFO - [2023-12-31T05:42:29.312+0000] {dag.py:3033} INFO - Sync 1 DAGs
[2023-12-31T05:42:29.338+0000] {logging_mixin.py:188} INFO - [2023-12-31T05:42:29.338+0000] {dag.py:3820} INFO - Setting next_dagrun for example_params_trigger_ui to None, run_after=None
[2023-12-31T05:42:29.814+0000] {processor.py:183} INFO - Processing /home/airflow/.local/lib/python3.8/site-packages/airflow/example_dags/example_params_trigger_ui.py took 0.644 seconds
[2023-12-31T05:43:00.684+0000] {processor.py:161} INFO - Started process (PID=1980) to work on /home/airflow/.local/lib/python3.8/site-packages/airflow/example_dags/example_params_trigger_ui.py
[2023-12-31T05:43:00.693+0000] {processor.py:830} INFO - Processing file /home/airflow/.local/lib/python3.8/site-packages/airflow/example_dags/example_params_trigger_ui.py for tasks to queue
[2023-12-31T05:43:00.694+0000] {logging_mixin.py:188} INFO - [2023-12-31T05:43:00.694+0000] {dagbag.py:538} INFO - Filling up the DagBag from /home/airflow/.local/lib/python3.8/site-packages/airflow/example_dags/example_params_trigger_ui.py
[2023-12-31T05:43:00.713+0000] {processor.py:840} INFO - DAG(s) 'example_params_trigger_ui' retrieved from /home/airflow/.local/lib/python3.8/site-packages/airflow/example_dags/example_params_trigger_ui.py
[2023-12-31T05:43:00.822+0000] {logging_mixin.py:188} INFO - [2023-12-31T05:43:00.822+0000] {dag.py:3033} INFO - Sync 1 DAGs
[2023-12-31T05:43:00.897+0000] {logging_mixin.py:188} INFO - [2023-12-31T05:43:00.897+0000] {dag.py:3820} INFO - Setting next_dagrun for example_params_trigger_ui to None, run_after=None
[2023-12-31T05:43:00.968+0000] {processor.py:183} INFO - Processing /home/airflow/.local/lib/python3.8/site-packages/airflow/example_dags/example_params_trigger_ui.py took 0.288 seconds
[2023-12-31T05:43:31.590+0000] {processor.py:161} INFO - Started process (PID=2036) to work on /home/airflow/.local/lib/python3.8/site-packages/airflow/example_dags/example_params_trigger_ui.py
[2023-12-31T05:43:31.592+0000] {processor.py:830} INFO - Processing file /home/airflow/.local/lib/python3.8/site-packages/airflow/example_dags/example_params_trigger_ui.py for tasks to queue
[2023-12-31T05:43:31.593+0000] {logging_mixin.py:188} INFO - [2023-12-31T05:43:31.593+0000] {dagbag.py:538} INFO - Filling up the DagBag from /home/airflow/.local/lib/python3.8/site-packages/airflow/example_dags/example_params_trigger_ui.py
[2023-12-31T05:43:31.618+0000] {processor.py:840} INFO - DAG(s) 'example_params_trigger_ui' retrieved from /home/airflow/.local/lib/python3.8/site-packages/airflow/example_dags/example_params_trigger_ui.py
[2023-12-31T05:43:31.708+0000] {logging_mixin.py:188} INFO - [2023-12-31T05:43:31.708+0000] {dag.py:3033} INFO - Sync 1 DAGs
[2023-12-31T05:43:31.727+0000] {logging_mixin.py:188} INFO - [2023-12-31T05:43:31.726+0000] {dag.py:3820} INFO - Setting next_dagrun for example_params_trigger_ui to None, run_after=None
[2023-12-31T05:43:31.769+0000] {processor.py:183} INFO - Processing /home/airflow/.local/lib/python3.8/site-packages/airflow/example_dags/example_params_trigger_ui.py took 0.182 seconds
[2023-12-31T05:44:02.506+0000] {processor.py:161} INFO - Started process (PID=2092) to work on /home/airflow/.local/lib/python3.8/site-packages/airflow/example_dags/example_params_trigger_ui.py
[2023-12-31T05:44:02.508+0000] {processor.py:830} INFO - Processing file /home/airflow/.local/lib/python3.8/site-packages/airflow/example_dags/example_params_trigger_ui.py for tasks to queue
[2023-12-31T05:44:02.509+0000] {logging_mixin.py:188} INFO - [2023-12-31T05:44:02.509+0000] {dagbag.py:538} INFO - Filling up the DagBag from /home/airflow/.local/lib/python3.8/site-packages/airflow/example_dags/example_params_trigger_ui.py
[2023-12-31T05:44:02.527+0000] {processor.py:840} INFO - DAG(s) 'example_params_trigger_ui' retrieved from /home/airflow/.local/lib/python3.8/site-packages/airflow/example_dags/example_params_trigger_ui.py
[2023-12-31T05:44:02.602+0000] {logging_mixin.py:188} INFO - [2023-12-31T05:44:02.602+0000] {dag.py:3033} INFO - Sync 1 DAGs
[2023-12-31T05:44:02.618+0000] {logging_mixin.py:188} INFO - [2023-12-31T05:44:02.617+0000] {dag.py:3820} INFO - Setting next_dagrun for example_params_trigger_ui to None, run_after=None
[2023-12-31T05:44:02.651+0000] {processor.py:183} INFO - Processing /home/airflow/.local/lib/python3.8/site-packages/airflow/example_dags/example_params_trigger_ui.py took 0.150 seconds
[2023-12-31T05:44:34.792+0000] {processor.py:161} INFO - Started process (PID=2149) to work on /home/airflow/.local/lib/python3.8/site-packages/airflow/example_dags/example_params_trigger_ui.py
[2023-12-31T05:44:34.794+0000] {processor.py:830} INFO - Processing file /home/airflow/.local/lib/python3.8/site-packages/airflow/example_dags/example_params_trigger_ui.py for tasks to queue
[2023-12-31T05:44:34.796+0000] {logging_mixin.py:188} INFO - [2023-12-31T05:44:34.796+0000] {dagbag.py:538} INFO - Filling up the DagBag from /home/airflow/.local/lib/python3.8/site-packages/airflow/example_dags/example_params_trigger_ui.py
[2023-12-31T05:44:34.836+0000] {processor.py:840} INFO - DAG(s) 'example_params_trigger_ui' retrieved from /home/airflow/.local/lib/python3.8/site-packages/airflow/example_dags/example_params_trigger_ui.py
[2023-12-31T05:44:34.946+0000] {logging_mixin.py:188} INFO - [2023-12-31T05:44:34.946+0000] {dag.py:3033} INFO - Sync 1 DAGs
[2023-12-31T05:44:34.975+0000] {logging_mixin.py:188} INFO - [2023-12-31T05:44:34.974+0000] {dag.py:3820} INFO - Setting next_dagrun for example_params_trigger_ui to None, run_after=None
[2023-12-31T05:44:35.015+0000] {processor.py:183} INFO - Processing /home/airflow/.local/lib/python3.8/site-packages/airflow/example_dags/example_params_trigger_ui.py took 0.228 seconds
[2023-12-31T05:45:36.645+0000] {processor.py:161} INFO - Started process (PID=2219) to work on /home/airflow/.local/lib/python3.8/site-packages/airflow/example_dags/example_params_trigger_ui.py
[2023-12-31T05:45:36.732+0000] {processor.py:830} INFO - Processing file /home/airflow/.local/lib/python3.8/site-packages/airflow/example_dags/example_params_trigger_ui.py for tasks to queue
[2023-12-31T05:45:36.734+0000] {logging_mixin.py:188} INFO - [2023-12-31T05:45:36.733+0000] {dagbag.py:538} INFO - Filling up the DagBag from /home/airflow/.local/lib/python3.8/site-packages/airflow/example_dags/example_params_trigger_ui.py
[2023-12-31T05:45:36.850+0000] {processor.py:840} INFO - DAG(s) 'example_params_trigger_ui' retrieved from /home/airflow/.local/lib/python3.8/site-packages/airflow/example_dags/example_params_trigger_ui.py
[2023-12-31T05:45:37.874+0000] {logging_mixin.py:188} INFO - [2023-12-31T05:45:37.874+0000] {dag.py:3033} INFO - Sync 1 DAGs
[2023-12-31T05:45:37.933+0000] {logging_mixin.py:188} INFO - [2023-12-31T05:45:37.932+0000] {dag.py:3820} INFO - Setting next_dagrun for example_params_trigger_ui to None, run_after=None
[2023-12-31T05:45:38.023+0000] {processor.py:183} INFO - Processing /home/airflow/.local/lib/python3.8/site-packages/airflow/example_dags/example_params_trigger_ui.py took 1.387 seconds
[2023-12-31T05:46:08.552+0000] {processor.py:161} INFO - Started process (PID=2275) to work on /home/airflow/.local/lib/python3.8/site-packages/airflow/example_dags/example_params_trigger_ui.py
[2023-12-31T05:46:08.564+0000] {processor.py:830} INFO - Processing file /home/airflow/.local/lib/python3.8/site-packages/airflow/example_dags/example_params_trigger_ui.py for tasks to queue
[2023-12-31T05:46:08.567+0000] {logging_mixin.py:188} INFO - [2023-12-31T05:46:08.566+0000] {dagbag.py:538} INFO - Filling up the DagBag from /home/airflow/.local/lib/python3.8/site-packages/airflow/example_dags/example_params_trigger_ui.py
[2023-12-31T05:46:08.675+0000] {processor.py:840} INFO - DAG(s) 'example_params_trigger_ui' retrieved from /home/airflow/.local/lib/python3.8/site-packages/airflow/example_dags/example_params_trigger_ui.py
[2023-12-31T05:46:08.899+0000] {logging_mixin.py:188} INFO - [2023-12-31T05:46:08.898+0000] {dag.py:3033} INFO - Sync 1 DAGs
[2023-12-31T05:46:09.409+0000] {logging_mixin.py:188} INFO - [2023-12-31T05:46:09.408+0000] {dag.py:3820} INFO - Setting next_dagrun for example_params_trigger_ui to None, run_after=None
[2023-12-31T05:46:09.901+0000] {processor.py:183} INFO - Processing /home/airflow/.local/lib/python3.8/site-packages/airflow/example_dags/example_params_trigger_ui.py took 1.358 seconds
[2023-12-31T05:46:41.050+0000] {processor.py:161} INFO - Started process (PID=2333) to work on /home/airflow/.local/lib/python3.8/site-packages/airflow/example_dags/example_params_trigger_ui.py
[2023-12-31T05:46:41.051+0000] {processor.py:830} INFO - Processing file /home/airflow/.local/lib/python3.8/site-packages/airflow/example_dags/example_params_trigger_ui.py for tasks to queue
[2023-12-31T05:46:41.053+0000] {logging_mixin.py:188} INFO - [2023-12-31T05:46:41.052+0000] {dagbag.py:538} INFO - Filling up the DagBag from /home/airflow/.local/lib/python3.8/site-packages/airflow/example_dags/example_params_trigger_ui.py
[2023-12-31T05:46:41.073+0000] {processor.py:840} INFO - DAG(s) 'example_params_trigger_ui' retrieved from /home/airflow/.local/lib/python3.8/site-packages/airflow/example_dags/example_params_trigger_ui.py
[2023-12-31T05:46:41.155+0000] {logging_mixin.py:188} INFO - [2023-12-31T05:46:41.155+0000] {dag.py:3033} INFO - Sync 1 DAGs
[2023-12-31T05:46:41.171+0000] {logging_mixin.py:188} INFO - [2023-12-31T05:46:41.171+0000] {dag.py:3820} INFO - Setting next_dagrun for example_params_trigger_ui to None, run_after=None
[2023-12-31T05:46:41.199+0000] {processor.py:183} INFO - Processing /home/airflow/.local/lib/python3.8/site-packages/airflow/example_dags/example_params_trigger_ui.py took 0.153 seconds
[2023-12-31T05:47:11.280+0000] {processor.py:161} INFO - Started process (PID=2388) to work on /home/airflow/.local/lib/python3.8/site-packages/airflow/example_dags/example_params_trigger_ui.py
[2023-12-31T05:47:11.281+0000] {processor.py:830} INFO - Processing file /home/airflow/.local/lib/python3.8/site-packages/airflow/example_dags/example_params_trigger_ui.py for tasks to queue
[2023-12-31T05:47:11.282+0000] {logging_mixin.py:188} INFO - [2023-12-31T05:47:11.282+0000] {dagbag.py:538} INFO - Filling up the DagBag from /home/airflow/.local/lib/python3.8/site-packages/airflow/example_dags/example_params_trigger_ui.py
[2023-12-31T05:47:11.300+0000] {processor.py:840} INFO - DAG(s) 'example_params_trigger_ui' retrieved from /home/airflow/.local/lib/python3.8/site-packages/airflow/example_dags/example_params_trigger_ui.py
[2023-12-31T05:47:11.366+0000] {logging_mixin.py:188} INFO - [2023-12-31T05:47:11.366+0000] {dag.py:3033} INFO - Sync 1 DAGs
[2023-12-31T05:47:11.383+0000] {logging_mixin.py:188} INFO - [2023-12-31T05:47:11.382+0000] {dag.py:3820} INFO - Setting next_dagrun for example_params_trigger_ui to None, run_after=None
[2023-12-31T05:47:11.417+0000] {processor.py:183} INFO - Processing /home/airflow/.local/lib/python3.8/site-packages/airflow/example_dags/example_params_trigger_ui.py took 0.141 seconds
[2023-12-31T05:47:42.244+0000] {processor.py:161} INFO - Started process (PID=2444) to work on /home/airflow/.local/lib/python3.8/site-packages/airflow/example_dags/example_params_trigger_ui.py
[2023-12-31T05:47:42.245+0000] {processor.py:830} INFO - Processing file /home/airflow/.local/lib/python3.8/site-packages/airflow/example_dags/example_params_trigger_ui.py for tasks to queue
[2023-12-31T05:47:42.246+0000] {logging_mixin.py:188} INFO - [2023-12-31T05:47:42.246+0000] {dagbag.py:538} INFO - Filling up the DagBag from /home/airflow/.local/lib/python3.8/site-packages/airflow/example_dags/example_params_trigger_ui.py
[2023-12-31T05:47:42.264+0000] {processor.py:840} INFO - DAG(s) 'example_params_trigger_ui' retrieved from /home/airflow/.local/lib/python3.8/site-packages/airflow/example_dags/example_params_trigger_ui.py
[2023-12-31T05:47:42.336+0000] {logging_mixin.py:188} INFO - [2023-12-31T05:47:42.336+0000] {dag.py:3033} INFO - Sync 1 DAGs
[2023-12-31T05:47:42.353+0000] {logging_mixin.py:188} INFO - [2023-12-31T05:47:42.352+0000] {dag.py:3820} INFO - Setting next_dagrun for example_params_trigger_ui to None, run_after=None
[2023-12-31T05:47:42.388+0000] {processor.py:183} INFO - Processing /home/airflow/.local/lib/python3.8/site-packages/airflow/example_dags/example_params_trigger_ui.py took 0.148 seconds
[2023-12-31T05:48:12.561+0000] {processor.py:161} INFO - Started process (PID=2500) to work on /home/airflow/.local/lib/python3.8/site-packages/airflow/example_dags/example_params_trigger_ui.py
[2023-12-31T05:48:12.563+0000] {processor.py:830} INFO - Processing file /home/airflow/.local/lib/python3.8/site-packages/airflow/example_dags/example_params_trigger_ui.py for tasks to queue
[2023-12-31T05:48:12.565+0000] {logging_mixin.py:188} INFO - [2023-12-31T05:48:12.564+0000] {dagbag.py:538} INFO - Filling up the DagBag from /home/airflow/.local/lib/python3.8/site-packages/airflow/example_dags/example_params_trigger_ui.py
[2023-12-31T05:48:12.584+0000] {processor.py:840} INFO - DAG(s) 'example_params_trigger_ui' retrieved from /home/airflow/.local/lib/python3.8/site-packages/airflow/example_dags/example_params_trigger_ui.py
[2023-12-31T05:48:12.667+0000] {logging_mixin.py:188} INFO - [2023-12-31T05:48:12.667+0000] {dag.py:3033} INFO - Sync 1 DAGs
[2023-12-31T05:48:12.689+0000] {logging_mixin.py:188} INFO - [2023-12-31T05:48:12.688+0000] {dag.py:3820} INFO - Setting next_dagrun for example_params_trigger_ui to None, run_after=None
[2023-12-31T05:48:12.728+0000] {processor.py:183} INFO - Processing /home/airflow/.local/lib/python3.8/site-packages/airflow/example_dags/example_params_trigger_ui.py took 0.171 seconds
[2023-12-31T05:48:43.133+0000] {processor.py:161} INFO - Started process (PID=2556) to work on /home/airflow/.local/lib/python3.8/site-packages/airflow/example_dags/example_params_trigger_ui.py
[2023-12-31T05:48:43.135+0000] {processor.py:830} INFO - Processing file /home/airflow/.local/lib/python3.8/site-packages/airflow/example_dags/example_params_trigger_ui.py for tasks to queue
[2023-12-31T05:48:43.138+0000] {logging_mixin.py:188} INFO - [2023-12-31T05:48:43.137+0000] {dagbag.py:538} INFO - Filling up the DagBag from /home/airflow/.local/lib/python3.8/site-packages/airflow/example_dags/example_params_trigger_ui.py
[2023-12-31T05:48:43.166+0000] {processor.py:840} INFO - DAG(s) 'example_params_trigger_ui' retrieved from /home/airflow/.local/lib/python3.8/site-packages/airflow/example_dags/example_params_trigger_ui.py
[2023-12-31T05:48:43.251+0000] {logging_mixin.py:188} INFO - [2023-12-31T05:48:43.251+0000] {dag.py:3033} INFO - Sync 1 DAGs
[2023-12-31T05:48:43.270+0000] {logging_mixin.py:188} INFO - [2023-12-31T05:48:43.270+0000] {dag.py:3820} INFO - Setting next_dagrun for example_params_trigger_ui to None, run_after=None
[2023-12-31T05:48:43.307+0000] {processor.py:183} INFO - Processing /home/airflow/.local/lib/python3.8/site-packages/airflow/example_dags/example_params_trigger_ui.py took 0.179 seconds
