[2023-12-31T05:24:30.315+0000] {processor.py:161} INFO - Started process (PID=117) to work on /home/airflow/.local/lib/python3.8/site-packages/airflow/example_dags/example_branch_labels.py
[2023-12-31T05:24:30.316+0000] {processor.py:830} INFO - Processing file /home/airflow/.local/lib/python3.8/site-packages/airflow/example_dags/example_branch_labels.py for tasks to queue
[2023-12-31T05:24:30.319+0000] {logging_mixin.py:188} INFO - [2023-12-31T05:24:30.319+0000] {dagbag.py:538} INFO - Filling up the DagBag from /home/airflow/.local/lib/python3.8/site-packages/airflow/example_dags/example_branch_labels.py
[2023-12-31T05:24:30.438+0000] {processor.py:840} INFO - DAG(s) 'example_branch_labels' retrieved from /home/airflow/.local/lib/python3.8/site-packages/airflow/example_dags/example_branch_labels.py
[2023-12-31T05:24:36.590+0000] {logging_mixin.py:188} INFO - [2023-12-31T05:24:36.589+0000] {dag.py:3033} INFO - Sync 1 DAGs
[2023-12-31T05:24:38.206+0000] {logging_mixin.py:188} INFO - [2023-12-31T05:24:38.205+0000] {dag.py:3820} INFO - Setting next_dagrun for example_branch_labels to 2023-12-30T00:00:00+00:00, run_after=2023-12-31T00:00:00+00:00
[2023-12-31T05:24:38.375+0000] {processor.py:183} INFO - Processing /home/airflow/.local/lib/python3.8/site-packages/airflow/example_dags/example_branch_labels.py took 8.264 seconds
[2023-12-31T05:25:08.913+0000] {processor.py:161} INFO - Started process (PID=173) to work on /home/airflow/.local/lib/python3.8/site-packages/airflow/example_dags/example_branch_labels.py
[2023-12-31T05:25:08.916+0000] {processor.py:830} INFO - Processing file /home/airflow/.local/lib/python3.8/site-packages/airflow/example_dags/example_branch_labels.py for tasks to queue
[2023-12-31T05:25:08.928+0000] {logging_mixin.py:188} INFO - [2023-12-31T05:25:08.927+0000] {dagbag.py:538} INFO - Filling up the DagBag from /home/airflow/.local/lib/python3.8/site-packages/airflow/example_dags/example_branch_labels.py
[2023-12-31T05:25:08.956+0000] {processor.py:840} INFO - DAG(s) 'example_branch_labels' retrieved from /home/airflow/.local/lib/python3.8/site-packages/airflow/example_dags/example_branch_labels.py
[2023-12-31T05:25:09.034+0000] {logging_mixin.py:188} INFO - [2023-12-31T05:25:09.034+0000] {dag.py:3033} INFO - Sync 1 DAGs
[2023-12-31T05:25:09.094+0000] {logging_mixin.py:188} INFO - [2023-12-31T05:25:09.093+0000] {dag.py:3820} INFO - Setting next_dagrun for example_branch_labels to 2023-12-30T00:00:00+00:00, run_after=2023-12-31T00:00:00+00:00
[2023-12-31T05:25:09.134+0000] {processor.py:183} INFO - Processing /home/airflow/.local/lib/python3.8/site-packages/airflow/example_dags/example_branch_labels.py took 0.270 seconds
[2023-12-31T05:25:43.319+0000] {processor.py:161} INFO - Started process (PID=230) to work on /home/airflow/.local/lib/python3.8/site-packages/airflow/example_dags/example_branch_labels.py
[2023-12-31T05:25:43.320+0000] {processor.py:830} INFO - Processing file /home/airflow/.local/lib/python3.8/site-packages/airflow/example_dags/example_branch_labels.py for tasks to queue
[2023-12-31T05:25:43.327+0000] {logging_mixin.py:188} INFO - [2023-12-31T05:25:43.327+0000] {dagbag.py:538} INFO - Filling up the DagBag from /home/airflow/.local/lib/python3.8/site-packages/airflow/example_dags/example_branch_labels.py
[2023-12-31T05:25:43.350+0000] {processor.py:840} INFO - DAG(s) 'example_branch_labels' retrieved from /home/airflow/.local/lib/python3.8/site-packages/airflow/example_dags/example_branch_labels.py
[2023-12-31T05:25:43.432+0000] {logging_mixin.py:188} INFO - [2023-12-31T05:25:43.432+0000] {dag.py:3033} INFO - Sync 1 DAGs
[2023-12-31T05:25:43.504+0000] {logging_mixin.py:188} INFO - [2023-12-31T05:25:43.503+0000] {dag.py:3820} INFO - Setting next_dagrun for example_branch_labels to 2023-12-30T00:00:00+00:00, run_after=2023-12-31T00:00:00+00:00
[2023-12-31T05:25:43.556+0000] {processor.py:183} INFO - Processing /home/airflow/.local/lib/python3.8/site-packages/airflow/example_dags/example_branch_labels.py took 0.242 seconds
[2023-12-31T05:26:26.773+0000] {processor.py:161} INFO - Started process (PID=279) to work on /home/airflow/.local/lib/python3.8/site-packages/airflow/example_dags/example_branch_labels.py
[2023-12-31T05:26:26.832+0000] {processor.py:830} INFO - Processing file /home/airflow/.local/lib/python3.8/site-packages/airflow/example_dags/example_branch_labels.py for tasks to queue
[2023-12-31T05:26:26.835+0000] {logging_mixin.py:188} INFO - [2023-12-31T05:26:26.834+0000] {dagbag.py:538} INFO - Filling up the DagBag from /home/airflow/.local/lib/python3.8/site-packages/airflow/example_dags/example_branch_labels.py
[2023-12-31T05:26:26.844+0000] {processor.py:840} INFO - DAG(s) 'example_branch_labels' retrieved from /home/airflow/.local/lib/python3.8/site-packages/airflow/example_dags/example_branch_labels.py
[2023-12-31T05:26:26.871+0000] {logging_mixin.py:188} INFO - [2023-12-31T05:26:26.870+0000] {dag.py:3033} INFO - Sync 1 DAGs
[2023-12-31T05:26:26.903+0000] {logging_mixin.py:188} INFO - [2023-12-31T05:26:26.902+0000] {dag.py:3820} INFO - Setting next_dagrun for example_branch_labels to 2023-12-30T00:00:00+00:00, run_after=2023-12-31T00:00:00+00:00
[2023-12-31T05:26:27.467+0000] {processor.py:183} INFO - Processing /home/airflow/.local/lib/python3.8/site-packages/airflow/example_dags/example_branch_labels.py took 0.698 seconds
[2023-12-31T05:26:58.436+0000] {processor.py:161} INFO - Started process (PID=335) to work on /home/airflow/.local/lib/python3.8/site-packages/airflow/example_dags/example_branch_labels.py
[2023-12-31T05:26:58.438+0000] {processor.py:830} INFO - Processing file /home/airflow/.local/lib/python3.8/site-packages/airflow/example_dags/example_branch_labels.py for tasks to queue
[2023-12-31T05:26:58.441+0000] {logging_mixin.py:188} INFO - [2023-12-31T05:26:58.440+0000] {dagbag.py:538} INFO - Filling up the DagBag from /home/airflow/.local/lib/python3.8/site-packages/airflow/example_dags/example_branch_labels.py
[2023-12-31T05:26:58.452+0000] {processor.py:840} INFO - DAG(s) 'example_branch_labels' retrieved from /home/airflow/.local/lib/python3.8/site-packages/airflow/example_dags/example_branch_labels.py
[2023-12-31T05:26:58.481+0000] {logging_mixin.py:188} INFO - [2023-12-31T05:26:58.481+0000] {dag.py:3033} INFO - Sync 1 DAGs
[2023-12-31T05:26:58.516+0000] {logging_mixin.py:188} INFO - [2023-12-31T05:26:58.515+0000] {dag.py:3820} INFO - Setting next_dagrun for example_branch_labels to 2023-12-30T00:00:00+00:00, run_after=2023-12-31T00:00:00+00:00
[2023-12-31T05:26:58.557+0000] {processor.py:183} INFO - Processing /home/airflow/.local/lib/python3.8/site-packages/airflow/example_dags/example_branch_labels.py took 0.126 seconds
[2023-12-31T05:27:28.619+0000] {processor.py:161} INFO - Started process (PID=391) to work on /home/airflow/.local/lib/python3.8/site-packages/airflow/example_dags/example_branch_labels.py
[2023-12-31T05:27:28.621+0000] {processor.py:830} INFO - Processing file /home/airflow/.local/lib/python3.8/site-packages/airflow/example_dags/example_branch_labels.py for tasks to queue
[2023-12-31T05:27:28.632+0000] {logging_mixin.py:188} INFO - [2023-12-31T05:27:28.631+0000] {dagbag.py:538} INFO - Filling up the DagBag from /home/airflow/.local/lib/python3.8/site-packages/airflow/example_dags/example_branch_labels.py
[2023-12-31T05:27:28.656+0000] {processor.py:840} INFO - DAG(s) 'example_branch_labels' retrieved from /home/airflow/.local/lib/python3.8/site-packages/airflow/example_dags/example_branch_labels.py
[2023-12-31T05:27:28.746+0000] {logging_mixin.py:188} INFO - [2023-12-31T05:27:28.745+0000] {dag.py:3033} INFO - Sync 1 DAGs
[2023-12-31T05:27:28.815+0000] {logging_mixin.py:188} INFO - [2023-12-31T05:27:28.814+0000] {dag.py:3820} INFO - Setting next_dagrun for example_branch_labels to 2023-12-30T00:00:00+00:00, run_after=2023-12-31T00:00:00+00:00
[2023-12-31T05:27:28.880+0000] {processor.py:183} INFO - Processing /home/airflow/.local/lib/python3.8/site-packages/airflow/example_dags/example_branch_labels.py took 0.273 seconds
[2023-12-31T05:27:59.009+0000] {processor.py:161} INFO - Started process (PID=447) to work on /home/airflow/.local/lib/python3.8/site-packages/airflow/example_dags/example_branch_labels.py
[2023-12-31T05:27:59.011+0000] {processor.py:830} INFO - Processing file /home/airflow/.local/lib/python3.8/site-packages/airflow/example_dags/example_branch_labels.py for tasks to queue
[2023-12-31T05:27:59.014+0000] {logging_mixin.py:188} INFO - [2023-12-31T05:27:59.014+0000] {dagbag.py:538} INFO - Filling up the DagBag from /home/airflow/.local/lib/python3.8/site-packages/airflow/example_dags/example_branch_labels.py
[2023-12-31T05:27:59.025+0000] {processor.py:840} INFO - DAG(s) 'example_branch_labels' retrieved from /home/airflow/.local/lib/python3.8/site-packages/airflow/example_dags/example_branch_labels.py
[2023-12-31T05:27:59.056+0000] {logging_mixin.py:188} INFO - [2023-12-31T05:27:59.056+0000] {dag.py:3033} INFO - Sync 1 DAGs
[2023-12-31T05:27:59.086+0000] {logging_mixin.py:188} INFO - [2023-12-31T05:27:59.086+0000] {dag.py:3820} INFO - Setting next_dagrun for example_branch_labels to 2023-12-30T00:00:00+00:00, run_after=2023-12-31T00:00:00+00:00
[2023-12-31T05:27:59.115+0000] {processor.py:183} INFO - Processing /home/airflow/.local/lib/python3.8/site-packages/airflow/example_dags/example_branch_labels.py took 0.110 seconds
[2023-12-31T05:28:29.825+0000] {processor.py:161} INFO - Started process (PID=503) to work on /home/airflow/.local/lib/python3.8/site-packages/airflow/example_dags/example_branch_labels.py
[2023-12-31T05:28:29.827+0000] {processor.py:830} INFO - Processing file /home/airflow/.local/lib/python3.8/site-packages/airflow/example_dags/example_branch_labels.py for tasks to queue
[2023-12-31T05:28:29.831+0000] {logging_mixin.py:188} INFO - [2023-12-31T05:28:29.831+0000] {dagbag.py:538} INFO - Filling up the DagBag from /home/airflow/.local/lib/python3.8/site-packages/airflow/example_dags/example_branch_labels.py
[2023-12-31T05:28:29.844+0000] {processor.py:840} INFO - DAG(s) 'example_branch_labels' retrieved from /home/airflow/.local/lib/python3.8/site-packages/airflow/example_dags/example_branch_labels.py
[2023-12-31T05:28:29.875+0000] {logging_mixin.py:188} INFO - [2023-12-31T05:28:29.874+0000] {dag.py:3033} INFO - Sync 1 DAGs
[2023-12-31T05:28:29.907+0000] {logging_mixin.py:188} INFO - [2023-12-31T05:28:29.906+0000] {dag.py:3820} INFO - Setting next_dagrun for example_branch_labels to 2023-12-30T00:00:00+00:00, run_after=2023-12-31T00:00:00+00:00
[2023-12-31T05:28:29.935+0000] {processor.py:183} INFO - Processing /home/airflow/.local/lib/python3.8/site-packages/airflow/example_dags/example_branch_labels.py took 0.114 seconds
[2023-12-31T05:29:00.707+0000] {processor.py:161} INFO - Started process (PID=559) to work on /home/airflow/.local/lib/python3.8/site-packages/airflow/example_dags/example_branch_labels.py
[2023-12-31T05:29:00.709+0000] {processor.py:830} INFO - Processing file /home/airflow/.local/lib/python3.8/site-packages/airflow/example_dags/example_branch_labels.py for tasks to queue
[2023-12-31T05:29:00.711+0000] {logging_mixin.py:188} INFO - [2023-12-31T05:29:00.711+0000] {dagbag.py:538} INFO - Filling up the DagBag from /home/airflow/.local/lib/python3.8/site-packages/airflow/example_dags/example_branch_labels.py
[2023-12-31T05:29:00.722+0000] {processor.py:840} INFO - DAG(s) 'example_branch_labels' retrieved from /home/airflow/.local/lib/python3.8/site-packages/airflow/example_dags/example_branch_labels.py
[2023-12-31T05:29:00.748+0000] {logging_mixin.py:188} INFO - [2023-12-31T05:29:00.747+0000] {dag.py:3033} INFO - Sync 1 DAGs
[2023-12-31T05:29:00.777+0000] {logging_mixin.py:188} INFO - [2023-12-31T05:29:00.777+0000] {dag.py:3820} INFO - Setting next_dagrun for example_branch_labels to 2023-12-30T00:00:00+00:00, run_after=2023-12-31T00:00:00+00:00
[2023-12-31T05:29:00.806+0000] {processor.py:183} INFO - Processing /home/airflow/.local/lib/python3.8/site-packages/airflow/example_dags/example_branch_labels.py took 0.104 seconds
[2023-12-31T05:29:32.209+0000] {processor.py:161} INFO - Started process (PID=615) to work on /home/airflow/.local/lib/python3.8/site-packages/airflow/example_dags/example_branch_labels.py
[2023-12-31T05:29:32.211+0000] {processor.py:830} INFO - Processing file /home/airflow/.local/lib/python3.8/site-packages/airflow/example_dags/example_branch_labels.py for tasks to queue
[2023-12-31T05:29:32.214+0000] {logging_mixin.py:188} INFO - [2023-12-31T05:29:32.213+0000] {dagbag.py:538} INFO - Filling up the DagBag from /home/airflow/.local/lib/python3.8/site-packages/airflow/example_dags/example_branch_labels.py
[2023-12-31T05:29:32.227+0000] {processor.py:840} INFO - DAG(s) 'example_branch_labels' retrieved from /home/airflow/.local/lib/python3.8/site-packages/airflow/example_dags/example_branch_labels.py
[2023-12-31T05:29:32.258+0000] {logging_mixin.py:188} INFO - [2023-12-31T05:29:32.258+0000] {dag.py:3033} INFO - Sync 1 DAGs
[2023-12-31T05:29:32.291+0000] {logging_mixin.py:188} INFO - [2023-12-31T05:29:32.290+0000] {dag.py:3820} INFO - Setting next_dagrun for example_branch_labels to 2023-12-30T00:00:00+00:00, run_after=2023-12-31T00:00:00+00:00
[2023-12-31T05:29:32.329+0000] {processor.py:183} INFO - Processing /home/airflow/.local/lib/python3.8/site-packages/airflow/example_dags/example_branch_labels.py took 0.123 seconds
[2023-12-31T05:30:08.226+0000] {processor.py:161} INFO - Started process (PID=671) to work on /home/airflow/.local/lib/python3.8/site-packages/airflow/example_dags/example_branch_labels.py
[2023-12-31T05:30:08.228+0000] {processor.py:830} INFO - Processing file /home/airflow/.local/lib/python3.8/site-packages/airflow/example_dags/example_branch_labels.py for tasks to queue
[2023-12-31T05:30:08.231+0000] {logging_mixin.py:188} INFO - [2023-12-31T05:30:08.230+0000] {dagbag.py:538} INFO - Filling up the DagBag from /home/airflow/.local/lib/python3.8/site-packages/airflow/example_dags/example_branch_labels.py
[2023-12-31T05:30:08.241+0000] {processor.py:840} INFO - DAG(s) 'example_branch_labels' retrieved from /home/airflow/.local/lib/python3.8/site-packages/airflow/example_dags/example_branch_labels.py
[2023-12-31T05:30:08.337+0000] {logging_mixin.py:188} INFO - [2023-12-31T05:30:08.337+0000] {dag.py:3033} INFO - Sync 1 DAGs
[2023-12-31T05:30:08.361+0000] {logging_mixin.py:188} INFO - [2023-12-31T05:30:08.360+0000] {dag.py:3820} INFO - Setting next_dagrun for example_branch_labels to 2023-12-30T00:00:00+00:00, run_after=2023-12-31T00:00:00+00:00
[2023-12-31T05:30:09.323+0000] {processor.py:183} INFO - Processing /home/airflow/.local/lib/python3.8/site-packages/airflow/example_dags/example_branch_labels.py took 1.101 seconds
[2023-12-31T05:30:39.527+0000] {processor.py:161} INFO - Started process (PID=727) to work on /home/airflow/.local/lib/python3.8/site-packages/airflow/example_dags/example_branch_labels.py
[2023-12-31T05:30:39.528+0000] {processor.py:830} INFO - Processing file /home/airflow/.local/lib/python3.8/site-packages/airflow/example_dags/example_branch_labels.py for tasks to queue
[2023-12-31T05:30:39.531+0000] {logging_mixin.py:188} INFO - [2023-12-31T05:30:39.531+0000] {dagbag.py:538} INFO - Filling up the DagBag from /home/airflow/.local/lib/python3.8/site-packages/airflow/example_dags/example_branch_labels.py
[2023-12-31T05:30:39.540+0000] {processor.py:840} INFO - DAG(s) 'example_branch_labels' retrieved from /home/airflow/.local/lib/python3.8/site-packages/airflow/example_dags/example_branch_labels.py
[2023-12-31T05:30:39.568+0000] {logging_mixin.py:188} INFO - [2023-12-31T05:30:39.567+0000] {dag.py:3033} INFO - Sync 1 DAGs
[2023-12-31T05:30:39.595+0000] {logging_mixin.py:188} INFO - [2023-12-31T05:30:39.594+0000] {dag.py:3820} INFO - Setting next_dagrun for example_branch_labels to 2023-12-30T00:00:00+00:00, run_after=2023-12-31T00:00:00+00:00
[2023-12-31T05:30:40.118+0000] {processor.py:183} INFO - Processing /home/airflow/.local/lib/python3.8/site-packages/airflow/example_dags/example_branch_labels.py took 0.594 seconds
[2023-12-31T05:31:10.239+0000] {processor.py:161} INFO - Started process (PID=783) to work on /home/airflow/.local/lib/python3.8/site-packages/airflow/example_dags/example_branch_labels.py
[2023-12-31T05:31:10.240+0000] {processor.py:830} INFO - Processing file /home/airflow/.local/lib/python3.8/site-packages/airflow/example_dags/example_branch_labels.py for tasks to queue
[2023-12-31T05:31:10.244+0000] {logging_mixin.py:188} INFO - [2023-12-31T05:31:10.244+0000] {dagbag.py:538} INFO - Filling up the DagBag from /home/airflow/.local/lib/python3.8/site-packages/airflow/example_dags/example_branch_labels.py
[2023-12-31T05:31:10.254+0000] {processor.py:840} INFO - DAG(s) 'example_branch_labels' retrieved from /home/airflow/.local/lib/python3.8/site-packages/airflow/example_dags/example_branch_labels.py
[2023-12-31T05:31:10.282+0000] {logging_mixin.py:188} INFO - [2023-12-31T05:31:10.282+0000] {dag.py:3033} INFO - Sync 1 DAGs
[2023-12-31T05:31:10.314+0000] {logging_mixin.py:188} INFO - [2023-12-31T05:31:10.313+0000] {dag.py:3820} INFO - Setting next_dagrun for example_branch_labels to 2023-12-30T00:00:00+00:00, run_after=2023-12-31T00:00:00+00:00
[2023-12-31T05:31:10.350+0000] {processor.py:183} INFO - Processing /home/airflow/.local/lib/python3.8/site-packages/airflow/example_dags/example_branch_labels.py took 0.115 seconds
[2023-12-31T05:31:40.690+0000] {processor.py:161} INFO - Started process (PID=839) to work on /home/airflow/.local/lib/python3.8/site-packages/airflow/example_dags/example_branch_labels.py
[2023-12-31T05:31:40.692+0000] {processor.py:830} INFO - Processing file /home/airflow/.local/lib/python3.8/site-packages/airflow/example_dags/example_branch_labels.py for tasks to queue
[2023-12-31T05:31:40.695+0000] {logging_mixin.py:188} INFO - [2023-12-31T05:31:40.695+0000] {dagbag.py:538} INFO - Filling up the DagBag from /home/airflow/.local/lib/python3.8/site-packages/airflow/example_dags/example_branch_labels.py
[2023-12-31T05:31:40.707+0000] {processor.py:840} INFO - DAG(s) 'example_branch_labels' retrieved from /home/airflow/.local/lib/python3.8/site-packages/airflow/example_dags/example_branch_labels.py
[2023-12-31T05:31:40.734+0000] {logging_mixin.py:188} INFO - [2023-12-31T05:31:40.734+0000] {dag.py:3033} INFO - Sync 1 DAGs
[2023-12-31T05:31:40.774+0000] {logging_mixin.py:188} INFO - [2023-12-31T05:31:40.774+0000] {dag.py:3820} INFO - Setting next_dagrun for example_branch_labels to 2023-12-30T00:00:00+00:00, run_after=2023-12-31T00:00:00+00:00
[2023-12-31T05:31:40.814+0000] {processor.py:183} INFO - Processing /home/airflow/.local/lib/python3.8/site-packages/airflow/example_dags/example_branch_labels.py took 0.128 seconds
[2023-12-31T05:32:11.456+0000] {processor.py:161} INFO - Started process (PID=895) to work on /home/airflow/.local/lib/python3.8/site-packages/airflow/example_dags/example_branch_labels.py
[2023-12-31T05:32:11.460+0000] {processor.py:830} INFO - Processing file /home/airflow/.local/lib/python3.8/site-packages/airflow/example_dags/example_branch_labels.py for tasks to queue
[2023-12-31T05:32:11.466+0000] {logging_mixin.py:188} INFO - [2023-12-31T05:32:11.466+0000] {dagbag.py:538} INFO - Filling up the DagBag from /home/airflow/.local/lib/python3.8/site-packages/airflow/example_dags/example_branch_labels.py
[2023-12-31T05:32:11.493+0000] {processor.py:840} INFO - DAG(s) 'example_branch_labels' retrieved from /home/airflow/.local/lib/python3.8/site-packages/airflow/example_dags/example_branch_labels.py
[2023-12-31T05:32:11.550+0000] {logging_mixin.py:188} INFO - [2023-12-31T05:32:11.550+0000] {dag.py:3033} INFO - Sync 1 DAGs
[2023-12-31T05:32:11.631+0000] {logging_mixin.py:188} INFO - [2023-12-31T05:32:11.630+0000] {dag.py:3820} INFO - Setting next_dagrun for example_branch_labels to 2023-12-30T00:00:00+00:00, run_after=2023-12-31T00:00:00+00:00
[2023-12-31T05:32:11.708+0000] {processor.py:183} INFO - Processing /home/airflow/.local/lib/python3.8/site-packages/airflow/example_dags/example_branch_labels.py took 0.259 seconds
[2023-12-31T05:32:44.205+0000] {processor.py:161} INFO - Started process (PID=951) to work on /home/airflow/.local/lib/python3.8/site-packages/airflow/example_dags/example_branch_labels.py
[2023-12-31T05:32:44.242+0000] {processor.py:830} INFO - Processing file /home/airflow/.local/lib/python3.8/site-packages/airflow/example_dags/example_branch_labels.py for tasks to queue
[2023-12-31T05:32:44.246+0000] {logging_mixin.py:188} INFO - [2023-12-31T05:32:44.246+0000] {dagbag.py:538} INFO - Filling up the DagBag from /home/airflow/.local/lib/python3.8/site-packages/airflow/example_dags/example_branch_labels.py
[2023-12-31T05:32:44.259+0000] {processor.py:840} INFO - DAG(s) 'example_branch_labels' retrieved from /home/airflow/.local/lib/python3.8/site-packages/airflow/example_dags/example_branch_labels.py
[2023-12-31T05:32:44.336+0000] {logging_mixin.py:188} INFO - [2023-12-31T05:32:44.336+0000] {dag.py:3033} INFO - Sync 1 DAGs
[2023-12-31T05:32:44.455+0000] {logging_mixin.py:188} INFO - [2023-12-31T05:32:44.455+0000] {dag.py:3820} INFO - Setting next_dagrun for example_branch_labels to 2023-12-30T00:00:00+00:00, run_after=2023-12-31T00:00:00+00:00
[2023-12-31T05:32:45.057+0000] {processor.py:183} INFO - Processing /home/airflow/.local/lib/python3.8/site-packages/airflow/example_dags/example_branch_labels.py took 0.859 seconds
[2023-12-31T05:33:48.065+0000] {processor.py:161} INFO - Started process (PID=1013) to work on /home/airflow/.local/lib/python3.8/site-packages/airflow/example_dags/example_branch_labels.py
[2023-12-31T05:33:48.067+0000] {processor.py:830} INFO - Processing file /home/airflow/.local/lib/python3.8/site-packages/airflow/example_dags/example_branch_labels.py for tasks to queue
[2023-12-31T05:33:48.071+0000] {logging_mixin.py:188} INFO - [2023-12-31T05:33:48.070+0000] {dagbag.py:538} INFO - Filling up the DagBag from /home/airflow/.local/lib/python3.8/site-packages/airflow/example_dags/example_branch_labels.py
[2023-12-31T05:33:48.084+0000] {processor.py:840} INFO - DAG(s) 'example_branch_labels' retrieved from /home/airflow/.local/lib/python3.8/site-packages/airflow/example_dags/example_branch_labels.py
[2023-12-31T05:33:48.115+0000] {logging_mixin.py:188} INFO - [2023-12-31T05:33:48.115+0000] {dag.py:3033} INFO - Sync 1 DAGs
[2023-12-31T05:33:48.160+0000] {logging_mixin.py:188} INFO - [2023-12-31T05:33:48.159+0000] {dag.py:3820} INFO - Setting next_dagrun for example_branch_labels to 2023-12-30T00:00:00+00:00, run_after=2023-12-31T00:00:00+00:00
[2023-12-31T05:33:48.226+0000] {processor.py:183} INFO - Processing /home/airflow/.local/lib/python3.8/site-packages/airflow/example_dags/example_branch_labels.py took 0.166 seconds
[2023-12-31T05:34:43.057+0000] {processor.py:161} INFO - Started process (PID=1085) to work on /home/airflow/.local/lib/python3.8/site-packages/airflow/example_dags/example_branch_labels.py
[2023-12-31T05:34:43.099+0000] {processor.py:830} INFO - Processing file /home/airflow/.local/lib/python3.8/site-packages/airflow/example_dags/example_branch_labels.py for tasks to queue
[2023-12-31T05:34:43.102+0000] {logging_mixin.py:188} INFO - [2023-12-31T05:34:43.102+0000] {dagbag.py:538} INFO - Filling up the DagBag from /home/airflow/.local/lib/python3.8/site-packages/airflow/example_dags/example_branch_labels.py
[2023-12-31T05:34:43.157+0000] {processor.py:840} INFO - DAG(s) 'example_branch_labels' retrieved from /home/airflow/.local/lib/python3.8/site-packages/airflow/example_dags/example_branch_labels.py
[2023-12-31T05:34:43.233+0000] {logging_mixin.py:188} INFO - [2023-12-31T05:34:43.232+0000] {dag.py:3033} INFO - Sync 1 DAGs
[2023-12-31T05:34:43.261+0000] {logging_mixin.py:188} INFO - [2023-12-31T05:34:43.261+0000] {dag.py:3820} INFO - Setting next_dagrun for example_branch_labels to 2023-12-30T00:00:00+00:00, run_after=2023-12-31T00:00:00+00:00
[2023-12-31T05:34:43.485+0000] {processor.py:183} INFO - Processing /home/airflow/.local/lib/python3.8/site-packages/airflow/example_dags/example_branch_labels.py took 0.432 seconds
[2023-12-31T05:35:13.913+0000] {processor.py:161} INFO - Started process (PID=1141) to work on /home/airflow/.local/lib/python3.8/site-packages/airflow/example_dags/example_branch_labels.py
[2023-12-31T05:35:13.919+0000] {processor.py:830} INFO - Processing file /home/airflow/.local/lib/python3.8/site-packages/airflow/example_dags/example_branch_labels.py for tasks to queue
[2023-12-31T05:35:13.923+0000] {logging_mixin.py:188} INFO - [2023-12-31T05:35:13.923+0000] {dagbag.py:538} INFO - Filling up the DagBag from /home/airflow/.local/lib/python3.8/site-packages/airflow/example_dags/example_branch_labels.py
[2023-12-31T05:35:13.939+0000] {processor.py:840} INFO - DAG(s) 'example_branch_labels' retrieved from /home/airflow/.local/lib/python3.8/site-packages/airflow/example_dags/example_branch_labels.py
[2023-12-31T05:35:13.998+0000] {logging_mixin.py:188} INFO - [2023-12-31T05:35:13.997+0000] {dag.py:3033} INFO - Sync 1 DAGs
[2023-12-31T05:35:14.081+0000] {logging_mixin.py:188} INFO - [2023-12-31T05:35:14.080+0000] {dag.py:3820} INFO - Setting next_dagrun for example_branch_labels to 2023-12-30T00:00:00+00:00, run_after=2023-12-31T00:00:00+00:00
[2023-12-31T05:35:14.153+0000] {processor.py:183} INFO - Processing /home/airflow/.local/lib/python3.8/site-packages/airflow/example_dags/example_branch_labels.py took 0.247 seconds
[2023-12-31T05:35:45.900+0000] {processor.py:161} INFO - Started process (PID=1197) to work on /home/airflow/.local/lib/python3.8/site-packages/airflow/example_dags/example_branch_labels.py
[2023-12-31T05:35:45.902+0000] {processor.py:830} INFO - Processing file /home/airflow/.local/lib/python3.8/site-packages/airflow/example_dags/example_branch_labels.py for tasks to queue
[2023-12-31T05:35:45.920+0000] {logging_mixin.py:188} INFO - [2023-12-31T05:35:45.919+0000] {dagbag.py:538} INFO - Filling up the DagBag from /home/airflow/.local/lib/python3.8/site-packages/airflow/example_dags/example_branch_labels.py
[2023-12-31T05:35:45.972+0000] {processor.py:840} INFO - DAG(s) 'example_branch_labels' retrieved from /home/airflow/.local/lib/python3.8/site-packages/airflow/example_dags/example_branch_labels.py
[2023-12-31T05:35:46.062+0000] {logging_mixin.py:188} INFO - [2023-12-31T05:35:46.062+0000] {dag.py:3033} INFO - Sync 1 DAGs
[2023-12-31T05:35:46.147+0000] {logging_mixin.py:188} INFO - [2023-12-31T05:35:46.147+0000] {dag.py:3820} INFO - Setting next_dagrun for example_branch_labels to 2023-12-30T00:00:00+00:00, run_after=2023-12-31T00:00:00+00:00
[2023-12-31T05:35:46.217+0000] {processor.py:183} INFO - Processing /home/airflow/.local/lib/python3.8/site-packages/airflow/example_dags/example_branch_labels.py took 0.332 seconds
[2023-12-31T05:36:16.507+0000] {processor.py:161} INFO - Started process (PID=1253) to work on /home/airflow/.local/lib/python3.8/site-packages/airflow/example_dags/example_branch_labels.py
[2023-12-31T05:36:16.509+0000] {processor.py:830} INFO - Processing file /home/airflow/.local/lib/python3.8/site-packages/airflow/example_dags/example_branch_labels.py for tasks to queue
[2023-12-31T05:36:16.514+0000] {logging_mixin.py:188} INFO - [2023-12-31T05:36:16.513+0000] {dagbag.py:538} INFO - Filling up the DagBag from /home/airflow/.local/lib/python3.8/site-packages/airflow/example_dags/example_branch_labels.py
[2023-12-31T05:36:16.528+0000] {processor.py:840} INFO - DAG(s) 'example_branch_labels' retrieved from /home/airflow/.local/lib/python3.8/site-packages/airflow/example_dags/example_branch_labels.py
[2023-12-31T05:36:16.570+0000] {logging_mixin.py:188} INFO - [2023-12-31T05:36:16.570+0000] {dag.py:3033} INFO - Sync 1 DAGs
[2023-12-31T05:36:16.611+0000] {logging_mixin.py:188} INFO - [2023-12-31T05:36:16.611+0000] {dag.py:3820} INFO - Setting next_dagrun for example_branch_labels to 2023-12-30T00:00:00+00:00, run_after=2023-12-31T00:00:00+00:00
[2023-12-31T05:36:16.643+0000] {processor.py:183} INFO - Processing /home/airflow/.local/lib/python3.8/site-packages/airflow/example_dags/example_branch_labels.py took 0.142 seconds
[2023-12-31T05:36:48.570+0000] {processor.py:161} INFO - Started process (PID=1309) to work on /home/airflow/.local/lib/python3.8/site-packages/airflow/example_dags/example_branch_labels.py
[2023-12-31T05:36:48.587+0000] {processor.py:830} INFO - Processing file /home/airflow/.local/lib/python3.8/site-packages/airflow/example_dags/example_branch_labels.py for tasks to queue
[2023-12-31T05:36:48.592+0000] {logging_mixin.py:188} INFO - [2023-12-31T05:36:48.592+0000] {dagbag.py:538} INFO - Filling up the DagBag from /home/airflow/.local/lib/python3.8/site-packages/airflow/example_dags/example_branch_labels.py
[2023-12-31T05:36:48.608+0000] {processor.py:840} INFO - DAG(s) 'example_branch_labels' retrieved from /home/airflow/.local/lib/python3.8/site-packages/airflow/example_dags/example_branch_labels.py
[2023-12-31T05:36:48.641+0000] {logging_mixin.py:188} INFO - [2023-12-31T05:36:48.641+0000] {dag.py:3033} INFO - Sync 1 DAGs
[2023-12-31T05:36:48.677+0000] {logging_mixin.py:188} INFO - [2023-12-31T05:36:48.676+0000] {dag.py:3820} INFO - Setting next_dagrun for example_branch_labels to 2023-12-30T00:00:00+00:00, run_after=2023-12-31T00:00:00+00:00
[2023-12-31T05:36:49.108+0000] {processor.py:183} INFO - Processing /home/airflow/.local/lib/python3.8/site-packages/airflow/example_dags/example_branch_labels.py took 0.546 seconds
[2023-12-31T05:37:19.451+0000] {processor.py:161} INFO - Started process (PID=1365) to work on /home/airflow/.local/lib/python3.8/site-packages/airflow/example_dags/example_branch_labels.py
[2023-12-31T05:37:19.453+0000] {processor.py:830} INFO - Processing file /home/airflow/.local/lib/python3.8/site-packages/airflow/example_dags/example_branch_labels.py for tasks to queue
[2023-12-31T05:37:19.456+0000] {logging_mixin.py:188} INFO - [2023-12-31T05:37:19.456+0000] {dagbag.py:538} INFO - Filling up the DagBag from /home/airflow/.local/lib/python3.8/site-packages/airflow/example_dags/example_branch_labels.py
[2023-12-31T05:37:19.467+0000] {processor.py:840} INFO - DAG(s) 'example_branch_labels' retrieved from /home/airflow/.local/lib/python3.8/site-packages/airflow/example_dags/example_branch_labels.py
[2023-12-31T05:37:19.495+0000] {logging_mixin.py:188} INFO - [2023-12-31T05:37:19.495+0000] {dag.py:3033} INFO - Sync 1 DAGs
[2023-12-31T05:37:19.531+0000] {logging_mixin.py:188} INFO - [2023-12-31T05:37:19.531+0000] {dag.py:3820} INFO - Setting next_dagrun for example_branch_labels to 2023-12-30T00:00:00+00:00, run_after=2023-12-31T00:00:00+00:00
[2023-12-31T05:37:19.560+0000] {processor.py:183} INFO - Processing /home/airflow/.local/lib/python3.8/site-packages/airflow/example_dags/example_branch_labels.py took 0.113 seconds
[2023-12-31T05:37:50.828+0000] {processor.py:161} INFO - Started process (PID=1421) to work on /home/airflow/.local/lib/python3.8/site-packages/airflow/example_dags/example_branch_labels.py
[2023-12-31T05:37:50.831+0000] {processor.py:830} INFO - Processing file /home/airflow/.local/lib/python3.8/site-packages/airflow/example_dags/example_branch_labels.py for tasks to queue
[2023-12-31T05:37:50.836+0000] {logging_mixin.py:188} INFO - [2023-12-31T05:37:50.835+0000] {dagbag.py:538} INFO - Filling up the DagBag from /home/airflow/.local/lib/python3.8/site-packages/airflow/example_dags/example_branch_labels.py
[2023-12-31T05:37:50.852+0000] {processor.py:840} INFO - DAG(s) 'example_branch_labels' retrieved from /home/airflow/.local/lib/python3.8/site-packages/airflow/example_dags/example_branch_labels.py
[2023-12-31T05:37:50.902+0000] {logging_mixin.py:188} INFO - [2023-12-31T05:37:50.902+0000] {dag.py:3033} INFO - Sync 1 DAGs
[2023-12-31T05:37:50.962+0000] {logging_mixin.py:188} INFO - [2023-12-31T05:37:50.961+0000] {dag.py:3820} INFO - Setting next_dagrun for example_branch_labels to 2023-12-30T00:00:00+00:00, run_after=2023-12-31T00:00:00+00:00
[2023-12-31T05:37:51.027+0000] {processor.py:183} INFO - Processing /home/airflow/.local/lib/python3.8/site-packages/airflow/example_dags/example_branch_labels.py took 0.206 seconds
[2023-12-31T05:38:22.747+0000] {processor.py:161} INFO - Started process (PID=1475) to work on /home/airflow/.local/lib/python3.8/site-packages/airflow/example_dags/example_branch_labels.py
[2023-12-31T05:38:22.750+0000] {processor.py:830} INFO - Processing file /home/airflow/.local/lib/python3.8/site-packages/airflow/example_dags/example_branch_labels.py for tasks to queue
[2023-12-31T05:38:22.754+0000] {logging_mixin.py:188} INFO - [2023-12-31T05:38:22.754+0000] {dagbag.py:538} INFO - Filling up the DagBag from /home/airflow/.local/lib/python3.8/site-packages/airflow/example_dags/example_branch_labels.py
[2023-12-31T05:38:22.779+0000] {processor.py:840} INFO - DAG(s) 'example_branch_labels' retrieved from /home/airflow/.local/lib/python3.8/site-packages/airflow/example_dags/example_branch_labels.py
[2023-12-31T05:38:22.834+0000] {logging_mixin.py:188} INFO - [2023-12-31T05:38:22.834+0000] {dag.py:3033} INFO - Sync 1 DAGs
[2023-12-31T05:38:22.902+0000] {logging_mixin.py:188} INFO - [2023-12-31T05:38:22.902+0000] {dag.py:3820} INFO - Setting next_dagrun for example_branch_labels to 2023-12-30T00:00:00+00:00, run_after=2023-12-31T00:00:00+00:00
[2023-12-31T05:38:22.974+0000] {processor.py:183} INFO - Processing /home/airflow/.local/lib/python3.8/site-packages/airflow/example_dags/example_branch_labels.py took 0.237 seconds
[2023-12-31T05:38:53.409+0000] {processor.py:161} INFO - Started process (PID=1532) to work on /home/airflow/.local/lib/python3.8/site-packages/airflow/example_dags/example_branch_labels.py
[2023-12-31T05:38:53.411+0000] {processor.py:830} INFO - Processing file /home/airflow/.local/lib/python3.8/site-packages/airflow/example_dags/example_branch_labels.py for tasks to queue
[2023-12-31T05:38:53.414+0000] {logging_mixin.py:188} INFO - [2023-12-31T05:38:53.413+0000] {dagbag.py:538} INFO - Filling up the DagBag from /home/airflow/.local/lib/python3.8/site-packages/airflow/example_dags/example_branch_labels.py
[2023-12-31T05:38:53.426+0000] {processor.py:840} INFO - DAG(s) 'example_branch_labels' retrieved from /home/airflow/.local/lib/python3.8/site-packages/airflow/example_dags/example_branch_labels.py
[2023-12-31T05:38:53.465+0000] {logging_mixin.py:188} INFO - [2023-12-31T05:38:53.465+0000] {dag.py:3033} INFO - Sync 1 DAGs
[2023-12-31T05:38:53.497+0000] {logging_mixin.py:188} INFO - [2023-12-31T05:38:53.496+0000] {dag.py:3820} INFO - Setting next_dagrun for example_branch_labels to 2023-12-30T00:00:00+00:00, run_after=2023-12-31T00:00:00+00:00
[2023-12-31T05:38:53.529+0000] {processor.py:183} INFO - Processing /home/airflow/.local/lib/python3.8/site-packages/airflow/example_dags/example_branch_labels.py took 0.125 seconds
[2023-12-31T05:39:23.765+0000] {processor.py:161} INFO - Started process (PID=1588) to work on /home/airflow/.local/lib/python3.8/site-packages/airflow/example_dags/example_branch_labels.py
[2023-12-31T05:39:23.770+0000] {processor.py:830} INFO - Processing file /home/airflow/.local/lib/python3.8/site-packages/airflow/example_dags/example_branch_labels.py for tasks to queue
[2023-12-31T05:39:23.778+0000] {logging_mixin.py:188} INFO - [2023-12-31T05:39:23.777+0000] {dagbag.py:538} INFO - Filling up the DagBag from /home/airflow/.local/lib/python3.8/site-packages/airflow/example_dags/example_branch_labels.py
[2023-12-31T05:39:23.800+0000] {processor.py:840} INFO - DAG(s) 'example_branch_labels' retrieved from /home/airflow/.local/lib/python3.8/site-packages/airflow/example_dags/example_branch_labels.py
[2023-12-31T05:39:23.867+0000] {logging_mixin.py:188} INFO - [2023-12-31T05:39:23.867+0000] {dag.py:3033} INFO - Sync 1 DAGs
[2023-12-31T05:39:23.929+0000] {logging_mixin.py:188} INFO - [2023-12-31T05:39:23.928+0000] {dag.py:3820} INFO - Setting next_dagrun for example_branch_labels to 2023-12-30T00:00:00+00:00, run_after=2023-12-31T00:00:00+00:00
[2023-12-31T05:39:23.987+0000] {processor.py:183} INFO - Processing /home/airflow/.local/lib/python3.8/site-packages/airflow/example_dags/example_branch_labels.py took 0.226 seconds
[2023-12-31T05:39:54.672+0000] {processor.py:161} INFO - Started process (PID=1644) to work on /home/airflow/.local/lib/python3.8/site-packages/airflow/example_dags/example_branch_labels.py
[2023-12-31T05:39:54.674+0000] {processor.py:830} INFO - Processing file /home/airflow/.local/lib/python3.8/site-packages/airflow/example_dags/example_branch_labels.py for tasks to queue
[2023-12-31T05:39:54.677+0000] {logging_mixin.py:188} INFO - [2023-12-31T05:39:54.677+0000] {dagbag.py:538} INFO - Filling up the DagBag from /home/airflow/.local/lib/python3.8/site-packages/airflow/example_dags/example_branch_labels.py
[2023-12-31T05:39:54.690+0000] {processor.py:840} INFO - DAG(s) 'example_branch_labels' retrieved from /home/airflow/.local/lib/python3.8/site-packages/airflow/example_dags/example_branch_labels.py
[2023-12-31T05:39:54.720+0000] {logging_mixin.py:188} INFO - [2023-12-31T05:39:54.720+0000] {dag.py:3033} INFO - Sync 1 DAGs
[2023-12-31T05:39:54.759+0000] {logging_mixin.py:188} INFO - [2023-12-31T05:39:54.758+0000] {dag.py:3820} INFO - Setting next_dagrun for example_branch_labels to 2023-12-30T00:00:00+00:00, run_after=2023-12-31T00:00:00+00:00
[2023-12-31T05:39:54.867+0000] {processor.py:183} INFO - Processing /home/airflow/.local/lib/python3.8/site-packages/airflow/example_dags/example_branch_labels.py took 0.201 seconds
[2023-12-31T05:40:25.686+0000] {processor.py:161} INFO - Started process (PID=1700) to work on /home/airflow/.local/lib/python3.8/site-packages/airflow/example_dags/example_branch_labels.py
[2023-12-31T05:40:25.688+0000] {processor.py:830} INFO - Processing file /home/airflow/.local/lib/python3.8/site-packages/airflow/example_dags/example_branch_labels.py for tasks to queue
[2023-12-31T05:40:25.691+0000] {logging_mixin.py:188} INFO - [2023-12-31T05:40:25.691+0000] {dagbag.py:538} INFO - Filling up the DagBag from /home/airflow/.local/lib/python3.8/site-packages/airflow/example_dags/example_branch_labels.py
[2023-12-31T05:40:25.705+0000] {processor.py:840} INFO - DAG(s) 'example_branch_labels' retrieved from /home/airflow/.local/lib/python3.8/site-packages/airflow/example_dags/example_branch_labels.py
[2023-12-31T05:40:25.740+0000] {logging_mixin.py:188} INFO - [2023-12-31T05:40:25.740+0000] {dag.py:3033} INFO - Sync 1 DAGs
[2023-12-31T05:40:25.779+0000] {logging_mixin.py:188} INFO - [2023-12-31T05:40:25.779+0000] {dag.py:3820} INFO - Setting next_dagrun for example_branch_labels to 2023-12-30T00:00:00+00:00, run_after=2023-12-31T00:00:00+00:00
[2023-12-31T05:40:25.809+0000] {processor.py:183} INFO - Processing /home/airflow/.local/lib/python3.8/site-packages/airflow/example_dags/example_branch_labels.py took 0.129 seconds
[2023-12-31T05:40:56.370+0000] {processor.py:161} INFO - Started process (PID=1756) to work on /home/airflow/.local/lib/python3.8/site-packages/airflow/example_dags/example_branch_labels.py
[2023-12-31T05:40:56.371+0000] {processor.py:830} INFO - Processing file /home/airflow/.local/lib/python3.8/site-packages/airflow/example_dags/example_branch_labels.py for tasks to queue
[2023-12-31T05:40:56.376+0000] {logging_mixin.py:188} INFO - [2023-12-31T05:40:56.375+0000] {dagbag.py:538} INFO - Filling up the DagBag from /home/airflow/.local/lib/python3.8/site-packages/airflow/example_dags/example_branch_labels.py
[2023-12-31T05:40:56.389+0000] {processor.py:840} INFO - DAG(s) 'example_branch_labels' retrieved from /home/airflow/.local/lib/python3.8/site-packages/airflow/example_dags/example_branch_labels.py
[2023-12-31T05:40:56.419+0000] {logging_mixin.py:188} INFO - [2023-12-31T05:40:56.419+0000] {dag.py:3033} INFO - Sync 1 DAGs
[2023-12-31T05:40:56.450+0000] {logging_mixin.py:188} INFO - [2023-12-31T05:40:56.450+0000] {dag.py:3820} INFO - Setting next_dagrun for example_branch_labels to 2023-12-30T00:00:00+00:00, run_after=2023-12-31T00:00:00+00:00
[2023-12-31T05:40:56.478+0000] {processor.py:183} INFO - Processing /home/airflow/.local/lib/python3.8/site-packages/airflow/example_dags/example_branch_labels.py took 0.116 seconds
[2023-12-31T05:41:26.753+0000] {processor.py:161} INFO - Started process (PID=1813) to work on /home/airflow/.local/lib/python3.8/site-packages/airflow/example_dags/example_branch_labels.py
[2023-12-31T05:41:26.755+0000] {processor.py:830} INFO - Processing file /home/airflow/.local/lib/python3.8/site-packages/airflow/example_dags/example_branch_labels.py for tasks to queue
[2023-12-31T05:41:26.759+0000] {logging_mixin.py:188} INFO - [2023-12-31T05:41:26.758+0000] {dagbag.py:538} INFO - Filling up the DagBag from /home/airflow/.local/lib/python3.8/site-packages/airflow/example_dags/example_branch_labels.py
[2023-12-31T05:41:26.776+0000] {processor.py:840} INFO - DAG(s) 'example_branch_labels' retrieved from /home/airflow/.local/lib/python3.8/site-packages/airflow/example_dags/example_branch_labels.py
[2023-12-31T05:41:26.817+0000] {logging_mixin.py:188} INFO - [2023-12-31T05:41:26.816+0000] {dag.py:3033} INFO - Sync 1 DAGs
[2023-12-31T05:41:26.855+0000] {logging_mixin.py:188} INFO - [2023-12-31T05:41:26.855+0000] {dag.py:3820} INFO - Setting next_dagrun for example_branch_labels to 2023-12-30T00:00:00+00:00, run_after=2023-12-31T00:00:00+00:00
[2023-12-31T05:41:26.910+0000] {processor.py:183} INFO - Processing /home/airflow/.local/lib/python3.8/site-packages/airflow/example_dags/example_branch_labels.py took 0.163 seconds
[2023-12-31T05:41:58.112+0000] {processor.py:161} INFO - Started process (PID=1869) to work on /home/airflow/.local/lib/python3.8/site-packages/airflow/example_dags/example_branch_labels.py
[2023-12-31T05:41:58.165+0000] {processor.py:830} INFO - Processing file /home/airflow/.local/lib/python3.8/site-packages/airflow/example_dags/example_branch_labels.py for tasks to queue
[2023-12-31T05:41:58.168+0000] {logging_mixin.py:188} INFO - [2023-12-31T05:41:58.167+0000] {dagbag.py:538} INFO - Filling up the DagBag from /home/airflow/.local/lib/python3.8/site-packages/airflow/example_dags/example_branch_labels.py
[2023-12-31T05:41:58.178+0000] {processor.py:840} INFO - DAG(s) 'example_branch_labels' retrieved from /home/airflow/.local/lib/python3.8/site-packages/airflow/example_dags/example_branch_labels.py
[2023-12-31T05:41:58.204+0000] {logging_mixin.py:188} INFO - [2023-12-31T05:41:58.204+0000] {dag.py:3033} INFO - Sync 1 DAGs
[2023-12-31T05:41:58.239+0000] {logging_mixin.py:188} INFO - [2023-12-31T05:41:58.239+0000] {dag.py:3820} INFO - Setting next_dagrun for example_branch_labels to 2023-12-30T00:00:00+00:00, run_after=2023-12-31T00:00:00+00:00
[2023-12-31T05:41:58.630+0000] {processor.py:183} INFO - Processing /home/airflow/.local/lib/python3.8/site-packages/airflow/example_dags/example_branch_labels.py took 0.523 seconds
[2023-12-31T05:42:29.338+0000] {processor.py:161} INFO - Started process (PID=1925) to work on /home/airflow/.local/lib/python3.8/site-packages/airflow/example_dags/example_branch_labels.py
[2023-12-31T05:42:29.340+0000] {processor.py:830} INFO - Processing file /home/airflow/.local/lib/python3.8/site-packages/airflow/example_dags/example_branch_labels.py for tasks to queue
[2023-12-31T05:42:29.345+0000] {logging_mixin.py:188} INFO - [2023-12-31T05:42:29.344+0000] {dagbag.py:538} INFO - Filling up the DagBag from /home/airflow/.local/lib/python3.8/site-packages/airflow/example_dags/example_branch_labels.py
[2023-12-31T05:42:29.357+0000] {processor.py:840} INFO - DAG(s) 'example_branch_labels' retrieved from /home/airflow/.local/lib/python3.8/site-packages/airflow/example_dags/example_branch_labels.py
[2023-12-31T05:42:29.413+0000] {logging_mixin.py:188} INFO - [2023-12-31T05:42:29.412+0000] {dag.py:3033} INFO - Sync 1 DAGs
[2023-12-31T05:42:29.487+0000] {logging_mixin.py:188} INFO - [2023-12-31T05:42:29.486+0000] {dag.py:3820} INFO - Setting next_dagrun for example_branch_labels to 2023-12-30T00:00:00+00:00, run_after=2023-12-31T00:00:00+00:00
[2023-12-31T05:42:30.153+0000] {processor.py:183} INFO - Processing /home/airflow/.local/lib/python3.8/site-packages/airflow/example_dags/example_branch_labels.py took 0.821 seconds
[2023-12-31T05:43:00.984+0000] {processor.py:161} INFO - Started process (PID=1981) to work on /home/airflow/.local/lib/python3.8/site-packages/airflow/example_dags/example_branch_labels.py
[2023-12-31T05:43:00.987+0000] {processor.py:830} INFO - Processing file /home/airflow/.local/lib/python3.8/site-packages/airflow/example_dags/example_branch_labels.py for tasks to queue
[2023-12-31T05:43:00.990+0000] {logging_mixin.py:188} INFO - [2023-12-31T05:43:00.989+0000] {dagbag.py:538} INFO - Filling up the DagBag from /home/airflow/.local/lib/python3.8/site-packages/airflow/example_dags/example_branch_labels.py
[2023-12-31T05:43:01.015+0000] {processor.py:840} INFO - DAG(s) 'example_branch_labels' retrieved from /home/airflow/.local/lib/python3.8/site-packages/airflow/example_dags/example_branch_labels.py
[2023-12-31T05:43:01.070+0000] {logging_mixin.py:188} INFO - [2023-12-31T05:43:01.069+0000] {dag.py:3033} INFO - Sync 1 DAGs
[2023-12-31T05:43:01.122+0000] {logging_mixin.py:188} INFO - [2023-12-31T05:43:01.121+0000] {dag.py:3820} INFO - Setting next_dagrun for example_branch_labels to 2023-12-30T00:00:00+00:00, run_after=2023-12-31T00:00:00+00:00
[2023-12-31T05:43:01.190+0000] {processor.py:183} INFO - Processing /home/airflow/.local/lib/python3.8/site-packages/airflow/example_dags/example_branch_labels.py took 0.224 seconds
[2023-12-31T05:43:31.820+0000] {processor.py:161} INFO - Started process (PID=2038) to work on /home/airflow/.local/lib/python3.8/site-packages/airflow/example_dags/example_branch_labels.py
[2023-12-31T05:43:31.822+0000] {processor.py:830} INFO - Processing file /home/airflow/.local/lib/python3.8/site-packages/airflow/example_dags/example_branch_labels.py for tasks to queue
[2023-12-31T05:43:31.824+0000] {logging_mixin.py:188} INFO - [2023-12-31T05:43:31.823+0000] {dagbag.py:538} INFO - Filling up the DagBag from /home/airflow/.local/lib/python3.8/site-packages/airflow/example_dags/example_branch_labels.py
[2023-12-31T05:43:31.844+0000] {processor.py:840} INFO - DAG(s) 'example_branch_labels' retrieved from /home/airflow/.local/lib/python3.8/site-packages/airflow/example_dags/example_branch_labels.py
[2023-12-31T05:43:31.907+0000] {logging_mixin.py:188} INFO - [2023-12-31T05:43:31.907+0000] {dag.py:3033} INFO - Sync 1 DAGs
[2023-12-31T05:43:31.987+0000] {logging_mixin.py:188} INFO - [2023-12-31T05:43:31.986+0000] {dag.py:3820} INFO - Setting next_dagrun for example_branch_labels to 2023-12-30T00:00:00+00:00, run_after=2023-12-31T00:00:00+00:00
[2023-12-31T05:43:32.031+0000] {processor.py:183} INFO - Processing /home/airflow/.local/lib/python3.8/site-packages/airflow/example_dags/example_branch_labels.py took 0.222 seconds
[2023-12-31T05:44:02.692+0000] {processor.py:161} INFO - Started process (PID=2094) to work on /home/airflow/.local/lib/python3.8/site-packages/airflow/example_dags/example_branch_labels.py
[2023-12-31T05:44:02.693+0000] {processor.py:830} INFO - Processing file /home/airflow/.local/lib/python3.8/site-packages/airflow/example_dags/example_branch_labels.py for tasks to queue
[2023-12-31T05:44:02.694+0000] {logging_mixin.py:188} INFO - [2023-12-31T05:44:02.694+0000] {dagbag.py:538} INFO - Filling up the DagBag from /home/airflow/.local/lib/python3.8/site-packages/airflow/example_dags/example_branch_labels.py
[2023-12-31T05:44:02.705+0000] {processor.py:840} INFO - DAG(s) 'example_branch_labels' retrieved from /home/airflow/.local/lib/python3.8/site-packages/airflow/example_dags/example_branch_labels.py
[2023-12-31T05:44:02.736+0000] {logging_mixin.py:188} INFO - [2023-12-31T05:44:02.736+0000] {dag.py:3033} INFO - Sync 1 DAGs
[2023-12-31T05:44:02.765+0000] {logging_mixin.py:188} INFO - [2023-12-31T05:44:02.765+0000] {dag.py:3820} INFO - Setting next_dagrun for example_branch_labels to 2023-12-30T00:00:00+00:00, run_after=2023-12-31T00:00:00+00:00
[2023-12-31T05:44:02.793+0000] {processor.py:183} INFO - Processing /home/airflow/.local/lib/python3.8/site-packages/airflow/example_dags/example_branch_labels.py took 0.105 seconds
[2023-12-31T05:44:34.979+0000] {processor.py:161} INFO - Started process (PID=2151) to work on /home/airflow/.local/lib/python3.8/site-packages/airflow/example_dags/example_branch_labels.py
[2023-12-31T05:44:34.981+0000] {processor.py:830} INFO - Processing file /home/airflow/.local/lib/python3.8/site-packages/airflow/example_dags/example_branch_labels.py for tasks to queue
[2023-12-31T05:44:34.983+0000] {logging_mixin.py:188} INFO - [2023-12-31T05:44:34.982+0000] {dagbag.py:538} INFO - Filling up the DagBag from /home/airflow/.local/lib/python3.8/site-packages/airflow/example_dags/example_branch_labels.py
[2023-12-31T05:44:34.998+0000] {processor.py:840} INFO - DAG(s) 'example_branch_labels' retrieved from /home/airflow/.local/lib/python3.8/site-packages/airflow/example_dags/example_branch_labels.py
[2023-12-31T05:44:35.035+0000] {logging_mixin.py:188} INFO - [2023-12-31T05:44:35.035+0000] {dag.py:3033} INFO - Sync 1 DAGs
[2023-12-31T05:44:35.086+0000] {logging_mixin.py:188} INFO - [2023-12-31T05:44:35.085+0000] {dag.py:3820} INFO - Setting next_dagrun for example_branch_labels to 2023-12-30T00:00:00+00:00, run_after=2023-12-31T00:00:00+00:00
[2023-12-31T05:44:35.127+0000] {processor.py:183} INFO - Processing /home/airflow/.local/lib/python3.8/site-packages/airflow/example_dags/example_branch_labels.py took 0.155 seconds
[2023-12-31T05:45:37.787+0000] {processor.py:161} INFO - Started process (PID=2227) to work on /home/airflow/.local/lib/python3.8/site-packages/airflow/example_dags/example_branch_labels.py
[2023-12-31T05:45:37.793+0000] {processor.py:830} INFO - Processing file /home/airflow/.local/lib/python3.8/site-packages/airflow/example_dags/example_branch_labels.py for tasks to queue
[2023-12-31T05:45:37.803+0000] {logging_mixin.py:188} INFO - [2023-12-31T05:45:37.802+0000] {dagbag.py:538} INFO - Filling up the DagBag from /home/airflow/.local/lib/python3.8/site-packages/airflow/example_dags/example_branch_labels.py
[2023-12-31T05:45:37.850+0000] {processor.py:840} INFO - DAG(s) 'example_branch_labels' retrieved from /home/airflow/.local/lib/python3.8/site-packages/airflow/example_dags/example_branch_labels.py
[2023-12-31T05:45:37.957+0000] {logging_mixin.py:188} INFO - [2023-12-31T05:45:37.953+0000] {dag.py:3033} INFO - Sync 1 DAGs
[2023-12-31T05:45:38.087+0000] {logging_mixin.py:188} INFO - [2023-12-31T05:45:38.086+0000] {dag.py:3820} INFO - Setting next_dagrun for example_branch_labels to 2023-12-30T00:00:00+00:00, run_after=2023-12-31T00:00:00+00:00
[2023-12-31T05:45:38.190+0000] {processor.py:183} INFO - Processing /home/airflow/.local/lib/python3.8/site-packages/airflow/example_dags/example_branch_labels.py took 0.422 seconds
[2023-12-31T05:46:09.743+0000] {processor.py:161} INFO - Started process (PID=2284) to work on /home/airflow/.local/lib/python3.8/site-packages/airflow/example_dags/example_branch_labels.py
[2023-12-31T05:46:09.886+0000] {processor.py:830} INFO - Processing file /home/airflow/.local/lib/python3.8/site-packages/airflow/example_dags/example_branch_labels.py for tasks to queue
[2023-12-31T05:46:09.888+0000] {logging_mixin.py:188} INFO - [2023-12-31T05:46:09.888+0000] {dagbag.py:538} INFO - Filling up the DagBag from /home/airflow/.local/lib/python3.8/site-packages/airflow/example_dags/example_branch_labels.py
[2023-12-31T05:46:09.957+0000] {processor.py:840} INFO - DAG(s) 'example_branch_labels' retrieved from /home/airflow/.local/lib/python3.8/site-packages/airflow/example_dags/example_branch_labels.py
[2023-12-31T05:46:10.024+0000] {logging_mixin.py:188} INFO - [2023-12-31T05:46:10.023+0000] {dag.py:3033} INFO - Sync 1 DAGs
[2023-12-31T05:46:10.246+0000] {logging_mixin.py:188} INFO - [2023-12-31T05:46:10.246+0000] {dag.py:3820} INFO - Setting next_dagrun for example_branch_labels to 2023-12-30T00:00:00+00:00, run_after=2023-12-31T00:00:00+00:00
[2023-12-31T05:46:10.515+0000] {processor.py:183} INFO - Processing /home/airflow/.local/lib/python3.8/site-packages/airflow/example_dags/example_branch_labels.py took 0.778 seconds
[2023-12-31T05:46:41.060+0000] {processor.py:161} INFO - Started process (PID=2334) to work on /home/airflow/.local/lib/python3.8/site-packages/airflow/example_dags/example_branch_labels.py
[2023-12-31T05:46:41.061+0000] {processor.py:830} INFO - Processing file /home/airflow/.local/lib/python3.8/site-packages/airflow/example_dags/example_branch_labels.py for tasks to queue
[2023-12-31T05:46:41.066+0000] {logging_mixin.py:188} INFO - [2023-12-31T05:46:41.064+0000] {dagbag.py:538} INFO - Filling up the DagBag from /home/airflow/.local/lib/python3.8/site-packages/airflow/example_dags/example_branch_labels.py
[2023-12-31T05:46:41.078+0000] {processor.py:840} INFO - DAG(s) 'example_branch_labels' retrieved from /home/airflow/.local/lib/python3.8/site-packages/airflow/example_dags/example_branch_labels.py
[2023-12-31T05:46:41.119+0000] {logging_mixin.py:188} INFO - [2023-12-31T05:46:41.119+0000] {dag.py:3033} INFO - Sync 1 DAGs
[2023-12-31T05:46:41.151+0000] {logging_mixin.py:188} INFO - [2023-12-31T05:46:41.150+0000] {dag.py:3820} INFO - Setting next_dagrun for example_branch_labels to 2023-12-30T00:00:00+00:00, run_after=2023-12-31T00:00:00+00:00
[2023-12-31T05:46:41.181+0000] {processor.py:183} INFO - Processing /home/airflow/.local/lib/python3.8/site-packages/airflow/example_dags/example_branch_labels.py took 0.125 seconds
[2023-12-31T05:47:11.404+0000] {processor.py:161} INFO - Started process (PID=2390) to work on /home/airflow/.local/lib/python3.8/site-packages/airflow/example_dags/example_branch_labels.py
[2023-12-31T05:47:11.405+0000] {processor.py:830} INFO - Processing file /home/airflow/.local/lib/python3.8/site-packages/airflow/example_dags/example_branch_labels.py for tasks to queue
[2023-12-31T05:47:11.407+0000] {logging_mixin.py:188} INFO - [2023-12-31T05:47:11.406+0000] {dagbag.py:538} INFO - Filling up the DagBag from /home/airflow/.local/lib/python3.8/site-packages/airflow/example_dags/example_branch_labels.py
[2023-12-31T05:47:11.419+0000] {processor.py:840} INFO - DAG(s) 'example_branch_labels' retrieved from /home/airflow/.local/lib/python3.8/site-packages/airflow/example_dags/example_branch_labels.py
[2023-12-31T05:47:11.455+0000] {logging_mixin.py:188} INFO - [2023-12-31T05:47:11.455+0000] {dag.py:3033} INFO - Sync 1 DAGs
[2023-12-31T05:47:11.485+0000] {logging_mixin.py:188} INFO - [2023-12-31T05:47:11.485+0000] {dag.py:3820} INFO - Setting next_dagrun for example_branch_labels to 2023-12-30T00:00:00+00:00, run_after=2023-12-31T00:00:00+00:00
[2023-12-31T05:47:11.515+0000] {processor.py:183} INFO - Processing /home/airflow/.local/lib/python3.8/site-packages/airflow/example_dags/example_branch_labels.py took 0.115 seconds
[2023-12-31T05:47:42.378+0000] {processor.py:161} INFO - Started process (PID=2446) to work on /home/airflow/.local/lib/python3.8/site-packages/airflow/example_dags/example_branch_labels.py
[2023-12-31T05:47:42.380+0000] {processor.py:830} INFO - Processing file /home/airflow/.local/lib/python3.8/site-packages/airflow/example_dags/example_branch_labels.py for tasks to queue
[2023-12-31T05:47:42.381+0000] {logging_mixin.py:188} INFO - [2023-12-31T05:47:42.381+0000] {dagbag.py:538} INFO - Filling up the DagBag from /home/airflow/.local/lib/python3.8/site-packages/airflow/example_dags/example_branch_labels.py
[2023-12-31T05:47:42.392+0000] {processor.py:840} INFO - DAG(s) 'example_branch_labels' retrieved from /home/airflow/.local/lib/python3.8/site-packages/airflow/example_dags/example_branch_labels.py
[2023-12-31T05:47:42.426+0000] {logging_mixin.py:188} INFO - [2023-12-31T05:47:42.426+0000] {dag.py:3033} INFO - Sync 1 DAGs
[2023-12-31T05:47:42.478+0000] {logging_mixin.py:188} INFO - [2023-12-31T05:47:42.478+0000] {dag.py:3820} INFO - Setting next_dagrun for example_branch_labels to 2023-12-30T00:00:00+00:00, run_after=2023-12-31T00:00:00+00:00
[2023-12-31T05:47:42.507+0000] {processor.py:183} INFO - Processing /home/airflow/.local/lib/python3.8/site-packages/airflow/example_dags/example_branch_labels.py took 0.132 seconds
[2023-12-31T05:48:12.700+0000] {processor.py:161} INFO - Started process (PID=2502) to work on /home/airflow/.local/lib/python3.8/site-packages/airflow/example_dags/example_branch_labels.py
[2023-12-31T05:48:12.702+0000] {processor.py:830} INFO - Processing file /home/airflow/.local/lib/python3.8/site-packages/airflow/example_dags/example_branch_labels.py for tasks to queue
[2023-12-31T05:48:12.703+0000] {logging_mixin.py:188} INFO - [2023-12-31T05:48:12.703+0000] {dagbag.py:538} INFO - Filling up the DagBag from /home/airflow/.local/lib/python3.8/site-packages/airflow/example_dags/example_branch_labels.py
[2023-12-31T05:48:12.712+0000] {processor.py:840} INFO - DAG(s) 'example_branch_labels' retrieved from /home/airflow/.local/lib/python3.8/site-packages/airflow/example_dags/example_branch_labels.py
[2023-12-31T05:48:12.745+0000] {logging_mixin.py:188} INFO - [2023-12-31T05:48:12.744+0000] {dag.py:3033} INFO - Sync 1 DAGs
[2023-12-31T05:48:12.801+0000] {logging_mixin.py:188} INFO - [2023-12-31T05:48:12.801+0000] {dag.py:3820} INFO - Setting next_dagrun for example_branch_labels to 2023-12-30T00:00:00+00:00, run_after=2023-12-31T00:00:00+00:00
[2023-12-31T05:48:12.844+0000] {processor.py:183} INFO - Processing /home/airflow/.local/lib/python3.8/site-packages/airflow/example_dags/example_branch_labels.py took 0.149 seconds
[2023-12-31T05:48:43.275+0000] {processor.py:161} INFO - Started process (PID=2558) to work on /home/airflow/.local/lib/python3.8/site-packages/airflow/example_dags/example_branch_labels.py
[2023-12-31T05:48:43.277+0000] {processor.py:830} INFO - Processing file /home/airflow/.local/lib/python3.8/site-packages/airflow/example_dags/example_branch_labels.py for tasks to queue
[2023-12-31T05:48:43.278+0000] {logging_mixin.py:188} INFO - [2023-12-31T05:48:43.278+0000] {dagbag.py:538} INFO - Filling up the DagBag from /home/airflow/.local/lib/python3.8/site-packages/airflow/example_dags/example_branch_labels.py
[2023-12-31T05:48:43.289+0000] {processor.py:840} INFO - DAG(s) 'example_branch_labels' retrieved from /home/airflow/.local/lib/python3.8/site-packages/airflow/example_dags/example_branch_labels.py
[2023-12-31T05:48:43.324+0000] {logging_mixin.py:188} INFO - [2023-12-31T05:48:43.324+0000] {dag.py:3033} INFO - Sync 1 DAGs
[2023-12-31T05:48:43.359+0000] {logging_mixin.py:188} INFO - [2023-12-31T05:48:43.358+0000] {dag.py:3820} INFO - Setting next_dagrun for example_branch_labels to 2023-12-30T00:00:00+00:00, run_after=2023-12-31T00:00:00+00:00
[2023-12-31T05:48:43.385+0000] {processor.py:183} INFO - Processing /home/airflow/.local/lib/python3.8/site-packages/airflow/example_dags/example_branch_labels.py took 0.113 seconds
