[2023-12-31T05:24:02.689+0000] {processor.py:161} INFO - Started process (PID=92) to work on /home/airflow/.local/lib/python3.8/site-packages/airflow/example_dags/example_subdag_operator.py
[2023-12-31T05:24:02.693+0000] {processor.py:830} INFO - Processing file /home/airflow/.local/lib/python3.8/site-packages/airflow/example_dags/example_subdag_operator.py for tasks to queue
[2023-12-31T05:24:02.700+0000] {logging_mixin.py:188} INFO - [2023-12-31T05:24:02.699+0000] {dagbag.py:538} INFO - Filling up the DagBag from /home/airflow/.local/lib/python3.8/site-packages/airflow/example_dags/example_subdag_operator.py
[2023-12-31T05:24:02.824+0000] {processor.py:840} INFO - DAG(s) 'example_subdag_operator.section-1', 'example_subdag_operator.section-2', 'example_subdag_operator' retrieved from /home/airflow/.local/lib/python3.8/site-packages/airflow/example_dags/example_subdag_operator.py
[2023-12-31T05:24:03.866+0000] {logging_mixin.py:188} INFO - [2023-12-31T05:24:03.866+0000] {dag.py:3033} INFO - Sync 3 DAGs
[2023-12-31T05:24:03.979+0000] {logging_mixin.py:188} INFO - [2023-12-31T05:24:03.978+0000] {dag.py:3820} INFO - Setting next_dagrun for example_subdag_operator to 2022-01-01T00:00:00+00:00, run_after=2022-01-01T00:00:00+00:00
[2023-12-31T05:24:04.000+0000] {logging_mixin.py:188} INFO - [2023-12-31T05:24:03.999+0000] {dag.py:3820} INFO - Setting next_dagrun for example_subdag_operator.section-1 to None, run_after=None
[2023-12-31T05:24:04.006+0000] {logging_mixin.py:188} INFO - [2023-12-31T05:24:04.005+0000] {dag.py:3820} INFO - Setting next_dagrun for example_subdag_operator.section-2 to None, run_after=None
[2023-12-31T05:24:04.060+0000] {logging_mixin.py:188} INFO - [2023-12-31T05:24:04.059+0000] {dag.py:3033} INFO - Sync 2 DAGs
[2023-12-31T05:24:04.076+0000] {logging_mixin.py:188} INFO - [2023-12-31T05:24:04.076+0000] {dag.py:3820} INFO - Setting next_dagrun for example_subdag_operator.section-1 to None, run_after=None
[2023-12-31T05:24:04.077+0000] {logging_mixin.py:188} INFO - [2023-12-31T05:24:04.077+0000] {dag.py:3820} INFO - Setting next_dagrun for example_subdag_operator.section-2 to None, run_after=None
[2023-12-31T05:24:11.054+0000] {processor.py:183} INFO - Processing /home/airflow/.local/lib/python3.8/site-packages/airflow/example_dags/example_subdag_operator.py took 8.241 seconds
[2023-12-31T05:24:54.229+0000] {processor.py:161} INFO - Started process (PID=154) to work on /home/airflow/.local/lib/python3.8/site-packages/airflow/example_dags/example_subdag_operator.py
[2023-12-31T05:24:54.230+0000] {processor.py:830} INFO - Processing file /home/airflow/.local/lib/python3.8/site-packages/airflow/example_dags/example_subdag_operator.py for tasks to queue
[2023-12-31T05:24:54.234+0000] {logging_mixin.py:188} INFO - [2023-12-31T05:24:54.234+0000] {dagbag.py:538} INFO - Filling up the DagBag from /home/airflow/.local/lib/python3.8/site-packages/airflow/example_dags/example_subdag_operator.py
[2023-12-31T05:24:54.276+0000] {processor.py:840} INFO - DAG(s) 'example_subdag_operator.section-1', 'example_subdag_operator.section-2', 'example_subdag_operator' retrieved from /home/airflow/.local/lib/python3.8/site-packages/airflow/example_dags/example_subdag_operator.py
[2023-12-31T05:24:54.304+0000] {logging_mixin.py:188} INFO - [2023-12-31T05:24:54.303+0000] {dag.py:3033} INFO - Sync 3 DAGs
[2023-12-31T05:24:54.341+0000] {logging_mixin.py:188} INFO - [2023-12-31T05:24:54.341+0000] {dag.py:3820} INFO - Setting next_dagrun for example_subdag_operator to 2022-01-01T00:00:00+00:00, run_after=2022-01-01T00:00:00+00:00
[2023-12-31T05:24:54.347+0000] {logging_mixin.py:188} INFO - [2023-12-31T05:24:54.347+0000] {dag.py:3820} INFO - Setting next_dagrun for example_subdag_operator.section-1 to None, run_after=None
[2023-12-31T05:24:54.350+0000] {logging_mixin.py:188} INFO - [2023-12-31T05:24:54.350+0000] {dag.py:3820} INFO - Setting next_dagrun for example_subdag_operator.section-2 to None, run_after=None
[2023-12-31T05:24:54.362+0000] {logging_mixin.py:188} INFO - [2023-12-31T05:24:54.362+0000] {dag.py:3033} INFO - Sync 2 DAGs
[2023-12-31T05:24:54.371+0000] {logging_mixin.py:188} INFO - [2023-12-31T05:24:54.371+0000] {dag.py:3820} INFO - Setting next_dagrun for example_subdag_operator.section-1 to None, run_after=None
[2023-12-31T05:24:54.372+0000] {logging_mixin.py:188} INFO - [2023-12-31T05:24:54.372+0000] {dag.py:3820} INFO - Setting next_dagrun for example_subdag_operator.section-2 to None, run_after=None
[2023-12-31T05:24:54.420+0000] {processor.py:183} INFO - Processing /home/airflow/.local/lib/python3.8/site-packages/airflow/example_dags/example_subdag_operator.py took 0.197 seconds
[2023-12-31T05:25:27.268+0000] {processor.py:161} INFO - Started process (PID=209) to work on /home/airflow/.local/lib/python3.8/site-packages/airflow/example_dags/example_subdag_operator.py
[2023-12-31T05:25:27.270+0000] {processor.py:830} INFO - Processing file /home/airflow/.local/lib/python3.8/site-packages/airflow/example_dags/example_subdag_operator.py for tasks to queue
[2023-12-31T05:25:27.285+0000] {logging_mixin.py:188} INFO - [2023-12-31T05:25:27.285+0000] {dagbag.py:538} INFO - Filling up the DagBag from /home/airflow/.local/lib/python3.8/site-packages/airflow/example_dags/example_subdag_operator.py
[2023-12-31T05:25:27.521+0000] {processor.py:840} INFO - DAG(s) 'example_subdag_operator.section-1', 'example_subdag_operator.section-2', 'example_subdag_operator' retrieved from /home/airflow/.local/lib/python3.8/site-packages/airflow/example_dags/example_subdag_operator.py
[2023-12-31T05:25:27.572+0000] {logging_mixin.py:188} INFO - [2023-12-31T05:25:27.572+0000] {dag.py:3033} INFO - Sync 3 DAGs
[2023-12-31T05:25:27.702+0000] {logging_mixin.py:188} INFO - [2023-12-31T05:25:27.701+0000] {dag.py:3820} INFO - Setting next_dagrun for example_subdag_operator to 2022-01-01T00:00:00+00:00, run_after=2022-01-01T00:00:00+00:00
[2023-12-31T05:25:27.745+0000] {logging_mixin.py:188} INFO - [2023-12-31T05:25:27.736+0000] {dag.py:3820} INFO - Setting next_dagrun for example_subdag_operator.section-1 to None, run_after=None
[2023-12-31T05:25:27.764+0000] {logging_mixin.py:188} INFO - [2023-12-31T05:25:27.763+0000] {dag.py:3820} INFO - Setting next_dagrun for example_subdag_operator.section-2 to None, run_after=None
[2023-12-31T05:25:27.846+0000] {logging_mixin.py:188} INFO - [2023-12-31T05:25:27.846+0000] {dag.py:3033} INFO - Sync 2 DAGs
[2023-12-31T05:25:27.882+0000] {logging_mixin.py:188} INFO - [2023-12-31T05:25:27.882+0000] {dag.py:3820} INFO - Setting next_dagrun for example_subdag_operator.section-1 to None, run_after=None
[2023-12-31T05:25:27.894+0000] {logging_mixin.py:188} INFO - [2023-12-31T05:25:27.894+0000] {dag.py:3820} INFO - Setting next_dagrun for example_subdag_operator.section-2 to None, run_after=None
[2023-12-31T05:25:28.059+0000] {processor.py:183} INFO - Processing /home/airflow/.local/lib/python3.8/site-packages/airflow/example_dags/example_subdag_operator.py took 0.813 seconds
[2023-12-31T05:26:22.098+0000] {processor.py:161} INFO - Started process (PID=260) to work on /home/airflow/.local/lib/python3.8/site-packages/airflow/example_dags/example_subdag_operator.py
[2023-12-31T05:26:22.131+0000] {processor.py:830} INFO - Processing file /home/airflow/.local/lib/python3.8/site-packages/airflow/example_dags/example_subdag_operator.py for tasks to queue
[2023-12-31T05:26:22.136+0000] {logging_mixin.py:188} INFO - [2023-12-31T05:26:22.135+0000] {dagbag.py:538} INFO - Filling up the DagBag from /home/airflow/.local/lib/python3.8/site-packages/airflow/example_dags/example_subdag_operator.py
[2023-12-31T05:26:22.184+0000] {processor.py:840} INFO - DAG(s) 'example_subdag_operator.section-1', 'example_subdag_operator.section-2', 'example_subdag_operator' retrieved from /home/airflow/.local/lib/python3.8/site-packages/airflow/example_dags/example_subdag_operator.py
[2023-12-31T05:26:22.216+0000] {logging_mixin.py:188} INFO - [2023-12-31T05:26:22.216+0000] {dag.py:3033} INFO - Sync 3 DAGs
[2023-12-31T05:26:22.272+0000] {logging_mixin.py:188} INFO - [2023-12-31T05:26:22.271+0000] {dag.py:3820} INFO - Setting next_dagrun for example_subdag_operator to 2022-01-01T00:00:00+00:00, run_after=2022-01-01T00:00:00+00:00
[2023-12-31T05:26:22.279+0000] {logging_mixin.py:188} INFO - [2023-12-31T05:26:22.279+0000] {dag.py:3820} INFO - Setting next_dagrun for example_subdag_operator.section-1 to None, run_after=None
[2023-12-31T05:26:22.282+0000] {logging_mixin.py:188} INFO - [2023-12-31T05:26:22.282+0000] {dag.py:3820} INFO - Setting next_dagrun for example_subdag_operator.section-2 to None, run_after=None
[2023-12-31T05:26:22.304+0000] {logging_mixin.py:188} INFO - [2023-12-31T05:26:22.304+0000] {dag.py:3033} INFO - Sync 2 DAGs
[2023-12-31T05:26:22.316+0000] {logging_mixin.py:188} INFO - [2023-12-31T05:26:22.316+0000] {dag.py:3820} INFO - Setting next_dagrun for example_subdag_operator.section-1 to None, run_after=None
[2023-12-31T05:26:22.317+0000] {logging_mixin.py:188} INFO - [2023-12-31T05:26:22.317+0000] {dag.py:3820} INFO - Setting next_dagrun for example_subdag_operator.section-2 to None, run_after=None
[2023-12-31T05:26:22.359+0000] {processor.py:183} INFO - Processing /home/airflow/.local/lib/python3.8/site-packages/airflow/example_dags/example_subdag_operator.py took 0.265 seconds
[2023-12-31T05:26:53.508+0000] {processor.py:161} INFO - Started process (PID=316) to work on /home/airflow/.local/lib/python3.8/site-packages/airflow/example_dags/example_subdag_operator.py
[2023-12-31T05:26:53.510+0000] {processor.py:830} INFO - Processing file /home/airflow/.local/lib/python3.8/site-packages/airflow/example_dags/example_subdag_operator.py for tasks to queue
[2023-12-31T05:26:53.513+0000] {logging_mixin.py:188} INFO - [2023-12-31T05:26:53.513+0000] {dagbag.py:538} INFO - Filling up the DagBag from /home/airflow/.local/lib/python3.8/site-packages/airflow/example_dags/example_subdag_operator.py
[2023-12-31T05:26:53.548+0000] {processor.py:840} INFO - DAG(s) 'example_subdag_operator.section-1', 'example_subdag_operator.section-2', 'example_subdag_operator' retrieved from /home/airflow/.local/lib/python3.8/site-packages/airflow/example_dags/example_subdag_operator.py
[2023-12-31T05:26:53.570+0000] {logging_mixin.py:188} INFO - [2023-12-31T05:26:53.569+0000] {dag.py:3033} INFO - Sync 3 DAGs
[2023-12-31T05:26:53.602+0000] {logging_mixin.py:188} INFO - [2023-12-31T05:26:53.602+0000] {dag.py:3820} INFO - Setting next_dagrun for example_subdag_operator to 2022-01-01T00:00:00+00:00, run_after=2022-01-01T00:00:00+00:00
[2023-12-31T05:26:53.607+0000] {logging_mixin.py:188} INFO - [2023-12-31T05:26:53.607+0000] {dag.py:3820} INFO - Setting next_dagrun for example_subdag_operator.section-1 to None, run_after=None
[2023-12-31T05:26:53.609+0000] {logging_mixin.py:188} INFO - [2023-12-31T05:26:53.609+0000] {dag.py:3820} INFO - Setting next_dagrun for example_subdag_operator.section-2 to None, run_after=None
[2023-12-31T05:26:53.619+0000] {logging_mixin.py:188} INFO - [2023-12-31T05:26:53.619+0000] {dag.py:3033} INFO - Sync 2 DAGs
[2023-12-31T05:26:53.626+0000] {logging_mixin.py:188} INFO - [2023-12-31T05:26:53.626+0000] {dag.py:3820} INFO - Setting next_dagrun for example_subdag_operator.section-1 to None, run_after=None
[2023-12-31T05:26:53.627+0000] {logging_mixin.py:188} INFO - [2023-12-31T05:26:53.627+0000] {dag.py:3820} INFO - Setting next_dagrun for example_subdag_operator.section-2 to None, run_after=None
[2023-12-31T05:26:53.646+0000] {processor.py:183} INFO - Processing /home/airflow/.local/lib/python3.8/site-packages/airflow/example_dags/example_subdag_operator.py took 0.141 seconds
[2023-12-31T05:27:24.565+0000] {processor.py:161} INFO - Started process (PID=372) to work on /home/airflow/.local/lib/python3.8/site-packages/airflow/example_dags/example_subdag_operator.py
[2023-12-31T05:27:24.569+0000] {processor.py:830} INFO - Processing file /home/airflow/.local/lib/python3.8/site-packages/airflow/example_dags/example_subdag_operator.py for tasks to queue
[2023-12-31T05:27:24.576+0000] {logging_mixin.py:188} INFO - [2023-12-31T05:27:24.575+0000] {dagbag.py:538} INFO - Filling up the DagBag from /home/airflow/.local/lib/python3.8/site-packages/airflow/example_dags/example_subdag_operator.py
[2023-12-31T05:27:24.663+0000] {processor.py:840} INFO - DAG(s) 'example_subdag_operator.section-1', 'example_subdag_operator.section-2', 'example_subdag_operator' retrieved from /home/airflow/.local/lib/python3.8/site-packages/airflow/example_dags/example_subdag_operator.py
[2023-12-31T05:27:24.718+0000] {logging_mixin.py:188} INFO - [2023-12-31T05:27:24.717+0000] {dag.py:3033} INFO - Sync 3 DAGs
[2023-12-31T05:27:24.792+0000] {logging_mixin.py:188} INFO - [2023-12-31T05:27:24.792+0000] {dag.py:3820} INFO - Setting next_dagrun for example_subdag_operator to 2022-01-01T00:00:00+00:00, run_after=2022-01-01T00:00:00+00:00
[2023-12-31T05:27:24.811+0000] {logging_mixin.py:188} INFO - [2023-12-31T05:27:24.810+0000] {dag.py:3820} INFO - Setting next_dagrun for example_subdag_operator.section-1 to None, run_after=None
[2023-12-31T05:27:24.818+0000] {logging_mixin.py:188} INFO - [2023-12-31T05:27:24.817+0000] {dag.py:3820} INFO - Setting next_dagrun for example_subdag_operator.section-2 to None, run_after=None
[2023-12-31T05:27:24.836+0000] {logging_mixin.py:188} INFO - [2023-12-31T05:27:24.835+0000] {dag.py:3033} INFO - Sync 2 DAGs
[2023-12-31T05:27:24.847+0000] {logging_mixin.py:188} INFO - [2023-12-31T05:27:24.847+0000] {dag.py:3820} INFO - Setting next_dagrun for example_subdag_operator.section-1 to None, run_after=None
[2023-12-31T05:27:24.848+0000] {logging_mixin.py:188} INFO - [2023-12-31T05:27:24.848+0000] {dag.py:3820} INFO - Setting next_dagrun for example_subdag_operator.section-2 to None, run_after=None
[2023-12-31T05:27:25.052+0000] {processor.py:183} INFO - Processing /home/airflow/.local/lib/python3.8/site-packages/airflow/example_dags/example_subdag_operator.py took 0.500 seconds
[2023-12-31T05:27:55.317+0000] {processor.py:161} INFO - Started process (PID=428) to work on /home/airflow/.local/lib/python3.8/site-packages/airflow/example_dags/example_subdag_operator.py
[2023-12-31T05:27:55.320+0000] {processor.py:830} INFO - Processing file /home/airflow/.local/lib/python3.8/site-packages/airflow/example_dags/example_subdag_operator.py for tasks to queue
[2023-12-31T05:27:55.322+0000] {logging_mixin.py:188} INFO - [2023-12-31T05:27:55.322+0000] {dagbag.py:538} INFO - Filling up the DagBag from /home/airflow/.local/lib/python3.8/site-packages/airflow/example_dags/example_subdag_operator.py
[2023-12-31T05:27:55.351+0000] {processor.py:840} INFO - DAG(s) 'example_subdag_operator.section-1', 'example_subdag_operator.section-2', 'example_subdag_operator' retrieved from /home/airflow/.local/lib/python3.8/site-packages/airflow/example_dags/example_subdag_operator.py
[2023-12-31T05:27:55.372+0000] {logging_mixin.py:188} INFO - [2023-12-31T05:27:55.372+0000] {dag.py:3033} INFO - Sync 3 DAGs
[2023-12-31T05:27:55.405+0000] {logging_mixin.py:188} INFO - [2023-12-31T05:27:55.404+0000] {dag.py:3820} INFO - Setting next_dagrun for example_subdag_operator to 2022-01-01T00:00:00+00:00, run_after=2022-01-01T00:00:00+00:00
[2023-12-31T05:27:55.469+0000] {logging_mixin.py:188} INFO - [2023-12-31T05:27:55.468+0000] {dag.py:3820} INFO - Setting next_dagrun for example_subdag_operator.section-1 to None, run_after=None
[2023-12-31T05:27:55.474+0000] {logging_mixin.py:188} INFO - [2023-12-31T05:27:55.474+0000] {dag.py:3820} INFO - Setting next_dagrun for example_subdag_operator.section-2 to None, run_after=None
[2023-12-31T05:27:55.503+0000] {logging_mixin.py:188} INFO - [2023-12-31T05:27:55.503+0000] {dag.py:3033} INFO - Sync 2 DAGs
[2023-12-31T05:27:55.518+0000] {logging_mixin.py:188} INFO - [2023-12-31T05:27:55.517+0000] {dag.py:3820} INFO - Setting next_dagrun for example_subdag_operator.section-1 to None, run_after=None
[2023-12-31T05:27:55.519+0000] {logging_mixin.py:188} INFO - [2023-12-31T05:27:55.518+0000] {dag.py:3820} INFO - Setting next_dagrun for example_subdag_operator.section-2 to None, run_after=None
[2023-12-31T05:27:55.594+0000] {processor.py:183} INFO - Processing /home/airflow/.local/lib/python3.8/site-packages/airflow/example_dags/example_subdag_operator.py took 0.283 seconds
[2023-12-31T05:28:26.043+0000] {processor.py:161} INFO - Started process (PID=484) to work on /home/airflow/.local/lib/python3.8/site-packages/airflow/example_dags/example_subdag_operator.py
[2023-12-31T05:28:26.045+0000] {processor.py:830} INFO - Processing file /home/airflow/.local/lib/python3.8/site-packages/airflow/example_dags/example_subdag_operator.py for tasks to queue
[2023-12-31T05:28:26.049+0000] {logging_mixin.py:188} INFO - [2023-12-31T05:28:26.049+0000] {dagbag.py:538} INFO - Filling up the DagBag from /home/airflow/.local/lib/python3.8/site-packages/airflow/example_dags/example_subdag_operator.py
[2023-12-31T05:28:26.082+0000] {processor.py:840} INFO - DAG(s) 'example_subdag_operator.section-1', 'example_subdag_operator.section-2', 'example_subdag_operator' retrieved from /home/airflow/.local/lib/python3.8/site-packages/airflow/example_dags/example_subdag_operator.py
[2023-12-31T05:28:26.102+0000] {logging_mixin.py:188} INFO - [2023-12-31T05:28:26.102+0000] {dag.py:3033} INFO - Sync 3 DAGs
[2023-12-31T05:28:26.155+0000] {logging_mixin.py:188} INFO - [2023-12-31T05:28:26.154+0000] {dag.py:3820} INFO - Setting next_dagrun for example_subdag_operator to 2022-01-01T00:00:00+00:00, run_after=2022-01-01T00:00:00+00:00
[2023-12-31T05:28:26.162+0000] {logging_mixin.py:188} INFO - [2023-12-31T05:28:26.161+0000] {dag.py:3820} INFO - Setting next_dagrun for example_subdag_operator.section-1 to None, run_after=None
[2023-12-31T05:28:26.164+0000] {logging_mixin.py:188} INFO - [2023-12-31T05:28:26.164+0000] {dag.py:3820} INFO - Setting next_dagrun for example_subdag_operator.section-2 to None, run_after=None
[2023-12-31T05:28:26.184+0000] {logging_mixin.py:188} INFO - [2023-12-31T05:28:26.183+0000] {dag.py:3033} INFO - Sync 2 DAGs
[2023-12-31T05:28:26.201+0000] {logging_mixin.py:188} INFO - [2023-12-31T05:28:26.201+0000] {dag.py:3820} INFO - Setting next_dagrun for example_subdag_operator.section-1 to None, run_after=None
[2023-12-31T05:28:26.202+0000] {logging_mixin.py:188} INFO - [2023-12-31T05:28:26.202+0000] {dag.py:3820} INFO - Setting next_dagrun for example_subdag_operator.section-2 to None, run_after=None
[2023-12-31T05:28:26.241+0000] {processor.py:183} INFO - Processing /home/airflow/.local/lib/python3.8/site-packages/airflow/example_dags/example_subdag_operator.py took 0.202 seconds
[2023-12-31T05:28:56.808+0000] {processor.py:161} INFO - Started process (PID=540) to work on /home/airflow/.local/lib/python3.8/site-packages/airflow/example_dags/example_subdag_operator.py
[2023-12-31T05:28:56.810+0000] {processor.py:830} INFO - Processing file /home/airflow/.local/lib/python3.8/site-packages/airflow/example_dags/example_subdag_operator.py for tasks to queue
[2023-12-31T05:28:56.813+0000] {logging_mixin.py:188} INFO - [2023-12-31T05:28:56.812+0000] {dagbag.py:538} INFO - Filling up the DagBag from /home/airflow/.local/lib/python3.8/site-packages/airflow/example_dags/example_subdag_operator.py
[2023-12-31T05:28:56.845+0000] {processor.py:840} INFO - DAG(s) 'example_subdag_operator.section-1', 'example_subdag_operator.section-2', 'example_subdag_operator' retrieved from /home/airflow/.local/lib/python3.8/site-packages/airflow/example_dags/example_subdag_operator.py
[2023-12-31T05:28:56.871+0000] {logging_mixin.py:188} INFO - [2023-12-31T05:28:56.871+0000] {dag.py:3033} INFO - Sync 3 DAGs
[2023-12-31T05:28:56.904+0000] {logging_mixin.py:188} INFO - [2023-12-31T05:28:56.904+0000] {dag.py:3820} INFO - Setting next_dagrun for example_subdag_operator to 2022-01-01T00:00:00+00:00, run_after=2022-01-01T00:00:00+00:00
[2023-12-31T05:28:56.910+0000] {logging_mixin.py:188} INFO - [2023-12-31T05:28:56.909+0000] {dag.py:3820} INFO - Setting next_dagrun for example_subdag_operator.section-1 to None, run_after=None
[2023-12-31T05:28:56.912+0000] {logging_mixin.py:188} INFO - [2023-12-31T05:28:56.912+0000] {dag.py:3820} INFO - Setting next_dagrun for example_subdag_operator.section-2 to None, run_after=None
[2023-12-31T05:28:56.924+0000] {logging_mixin.py:188} INFO - [2023-12-31T05:28:56.924+0000] {dag.py:3033} INFO - Sync 2 DAGs
[2023-12-31T05:28:56.933+0000] {logging_mixin.py:188} INFO - [2023-12-31T05:28:56.933+0000] {dag.py:3820} INFO - Setting next_dagrun for example_subdag_operator.section-1 to None, run_after=None
[2023-12-31T05:28:56.935+0000] {logging_mixin.py:188} INFO - [2023-12-31T05:28:56.934+0000] {dag.py:3820} INFO - Setting next_dagrun for example_subdag_operator.section-2 to None, run_after=None
[2023-12-31T05:28:56.961+0000] {processor.py:183} INFO - Processing /home/airflow/.local/lib/python3.8/site-packages/airflow/example_dags/example_subdag_operator.py took 0.157 seconds
[2023-12-31T05:29:27.652+0000] {processor.py:161} INFO - Started process (PID=596) to work on /home/airflow/.local/lib/python3.8/site-packages/airflow/example_dags/example_subdag_operator.py
[2023-12-31T05:29:27.666+0000] {processor.py:830} INFO - Processing file /home/airflow/.local/lib/python3.8/site-packages/airflow/example_dags/example_subdag_operator.py for tasks to queue
[2023-12-31T05:29:27.680+0000] {logging_mixin.py:188} INFO - [2023-12-31T05:29:27.679+0000] {dagbag.py:538} INFO - Filling up the DagBag from /home/airflow/.local/lib/python3.8/site-packages/airflow/example_dags/example_subdag_operator.py
[2023-12-31T05:29:27.721+0000] {processor.py:840} INFO - DAG(s) 'example_subdag_operator.section-1', 'example_subdag_operator.section-2', 'example_subdag_operator' retrieved from /home/airflow/.local/lib/python3.8/site-packages/airflow/example_dags/example_subdag_operator.py
[2023-12-31T05:29:27.746+0000] {logging_mixin.py:188} INFO - [2023-12-31T05:29:27.746+0000] {dag.py:3033} INFO - Sync 3 DAGs
[2023-12-31T05:29:27.801+0000] {logging_mixin.py:188} INFO - [2023-12-31T05:29:27.800+0000] {dag.py:3820} INFO - Setting next_dagrun for example_subdag_operator to 2022-01-01T00:00:00+00:00, run_after=2022-01-01T00:00:00+00:00
[2023-12-31T05:29:27.811+0000] {logging_mixin.py:188} INFO - [2023-12-31T05:29:27.811+0000] {dag.py:3820} INFO - Setting next_dagrun for example_subdag_operator.section-1 to None, run_after=None
[2023-12-31T05:29:27.814+0000] {logging_mixin.py:188} INFO - [2023-12-31T05:29:27.813+0000] {dag.py:3820} INFO - Setting next_dagrun for example_subdag_operator.section-2 to None, run_after=None
[2023-12-31T05:29:27.829+0000] {logging_mixin.py:188} INFO - [2023-12-31T05:29:27.829+0000] {dag.py:3033} INFO - Sync 2 DAGs
[2023-12-31T05:29:27.845+0000] {logging_mixin.py:188} INFO - [2023-12-31T05:29:27.844+0000] {dag.py:3820} INFO - Setting next_dagrun for example_subdag_operator.section-1 to None, run_after=None
[2023-12-31T05:29:27.846+0000] {logging_mixin.py:188} INFO - [2023-12-31T05:29:27.845+0000] {dag.py:3820} INFO - Setting next_dagrun for example_subdag_operator.section-2 to None, run_after=None
[2023-12-31T05:29:27.869+0000] {processor.py:183} INFO - Processing /home/airflow/.local/lib/python3.8/site-packages/airflow/example_dags/example_subdag_operator.py took 0.222 seconds
[2023-12-31T05:30:02.150+0000] {processor.py:161} INFO - Started process (PID=652) to work on /home/airflow/.local/lib/python3.8/site-packages/airflow/example_dags/example_subdag_operator.py
[2023-12-31T05:30:02.151+0000] {processor.py:830} INFO - Processing file /home/airflow/.local/lib/python3.8/site-packages/airflow/example_dags/example_subdag_operator.py for tasks to queue
[2023-12-31T05:30:02.155+0000] {logging_mixin.py:188} INFO - [2023-12-31T05:30:02.155+0000] {dagbag.py:538} INFO - Filling up the DagBag from /home/airflow/.local/lib/python3.8/site-packages/airflow/example_dags/example_subdag_operator.py
[2023-12-31T05:30:02.182+0000] {processor.py:840} INFO - DAG(s) 'example_subdag_operator.section-1', 'example_subdag_operator.section-2', 'example_subdag_operator' retrieved from /home/airflow/.local/lib/python3.8/site-packages/airflow/example_dags/example_subdag_operator.py
[2023-12-31T05:30:02.287+0000] {logging_mixin.py:188} INFO - [2023-12-31T05:30:02.287+0000] {dag.py:3033} INFO - Sync 3 DAGs
[2023-12-31T05:30:02.316+0000] {logging_mixin.py:188} INFO - [2023-12-31T05:30:02.315+0000] {dag.py:3820} INFO - Setting next_dagrun for example_subdag_operator to 2022-01-01T00:00:00+00:00, run_after=2022-01-01T00:00:00+00:00
[2023-12-31T05:30:02.320+0000] {logging_mixin.py:188} INFO - [2023-12-31T05:30:02.320+0000] {dag.py:3820} INFO - Setting next_dagrun for example_subdag_operator.section-1 to None, run_after=None
[2023-12-31T05:30:02.322+0000] {logging_mixin.py:188} INFO - [2023-12-31T05:30:02.322+0000] {dag.py:3820} INFO - Setting next_dagrun for example_subdag_operator.section-2 to None, run_after=None
[2023-12-31T05:30:02.332+0000] {logging_mixin.py:188} INFO - [2023-12-31T05:30:02.332+0000] {dag.py:3033} INFO - Sync 2 DAGs
[2023-12-31T05:30:02.339+0000] {logging_mixin.py:188} INFO - [2023-12-31T05:30:02.338+0000] {dag.py:3820} INFO - Setting next_dagrun for example_subdag_operator.section-1 to None, run_after=None
[2023-12-31T05:30:02.340+0000] {logging_mixin.py:188} INFO - [2023-12-31T05:30:02.340+0000] {dag.py:3820} INFO - Setting next_dagrun for example_subdag_operator.section-2 to None, run_after=None
[2023-12-31T05:30:02.615+0000] {processor.py:183} INFO - Processing /home/airflow/.local/lib/python3.8/site-packages/airflow/example_dags/example_subdag_operator.py took 0.469 seconds
[2023-12-31T05:30:32.838+0000] {processor.py:161} INFO - Started process (PID=708) to work on /home/airflow/.local/lib/python3.8/site-packages/airflow/example_dags/example_subdag_operator.py
[2023-12-31T05:30:32.839+0000] {processor.py:830} INFO - Processing file /home/airflow/.local/lib/python3.8/site-packages/airflow/example_dags/example_subdag_operator.py for tasks to queue
[2023-12-31T05:30:32.842+0000] {logging_mixin.py:188} INFO - [2023-12-31T05:30:32.842+0000] {dagbag.py:538} INFO - Filling up the DagBag from /home/airflow/.local/lib/python3.8/site-packages/airflow/example_dags/example_subdag_operator.py
[2023-12-31T05:30:32.873+0000] {processor.py:840} INFO - DAG(s) 'example_subdag_operator.section-1', 'example_subdag_operator.section-2', 'example_subdag_operator' retrieved from /home/airflow/.local/lib/python3.8/site-packages/airflow/example_dags/example_subdag_operator.py
[2023-12-31T05:30:32.894+0000] {logging_mixin.py:188} INFO - [2023-12-31T05:30:32.894+0000] {dag.py:3033} INFO - Sync 3 DAGs
[2023-12-31T05:30:32.927+0000] {logging_mixin.py:188} INFO - [2023-12-31T05:30:32.926+0000] {dag.py:3820} INFO - Setting next_dagrun for example_subdag_operator to 2022-01-01T00:00:00+00:00, run_after=2022-01-01T00:00:00+00:00
[2023-12-31T05:30:32.934+0000] {logging_mixin.py:188} INFO - [2023-12-31T05:30:32.933+0000] {dag.py:3820} INFO - Setting next_dagrun for example_subdag_operator.section-1 to None, run_after=None
[2023-12-31T05:30:32.936+0000] {logging_mixin.py:188} INFO - [2023-12-31T05:30:32.936+0000] {dag.py:3820} INFO - Setting next_dagrun for example_subdag_operator.section-2 to None, run_after=None
[2023-12-31T05:30:32.946+0000] {logging_mixin.py:188} INFO - [2023-12-31T05:30:32.946+0000] {dag.py:3033} INFO - Sync 2 DAGs
[2023-12-31T05:30:32.954+0000] {logging_mixin.py:188} INFO - [2023-12-31T05:30:32.954+0000] {dag.py:3820} INFO - Setting next_dagrun for example_subdag_operator.section-1 to None, run_after=None
[2023-12-31T05:30:32.955+0000] {logging_mixin.py:188} INFO - [2023-12-31T05:30:32.955+0000] {dag.py:3820} INFO - Setting next_dagrun for example_subdag_operator.section-2 to None, run_after=None
[2023-12-31T05:30:32.974+0000] {processor.py:183} INFO - Processing /home/airflow/.local/lib/python3.8/site-packages/airflow/example_dags/example_subdag_operator.py took 0.141 seconds
[2023-12-31T05:31:03.696+0000] {processor.py:161} INFO - Started process (PID=764) to work on /home/airflow/.local/lib/python3.8/site-packages/airflow/example_dags/example_subdag_operator.py
[2023-12-31T05:31:03.698+0000] {processor.py:830} INFO - Processing file /home/airflow/.local/lib/python3.8/site-packages/airflow/example_dags/example_subdag_operator.py for tasks to queue
[2023-12-31T05:31:03.702+0000] {logging_mixin.py:188} INFO - [2023-12-31T05:31:03.701+0000] {dagbag.py:538} INFO - Filling up the DagBag from /home/airflow/.local/lib/python3.8/site-packages/airflow/example_dags/example_subdag_operator.py
[2023-12-31T05:31:03.733+0000] {processor.py:840} INFO - DAG(s) 'example_subdag_operator.section-1', 'example_subdag_operator.section-2', 'example_subdag_operator' retrieved from /home/airflow/.local/lib/python3.8/site-packages/airflow/example_dags/example_subdag_operator.py
[2023-12-31T05:31:03.754+0000] {logging_mixin.py:188} INFO - [2023-12-31T05:31:03.754+0000] {dag.py:3033} INFO - Sync 3 DAGs
[2023-12-31T05:31:03.782+0000] {logging_mixin.py:188} INFO - [2023-12-31T05:31:03.781+0000] {dag.py:3820} INFO - Setting next_dagrun for example_subdag_operator to 2022-01-01T00:00:00+00:00, run_after=2022-01-01T00:00:00+00:00
[2023-12-31T05:31:03.786+0000] {logging_mixin.py:188} INFO - [2023-12-31T05:31:03.786+0000] {dag.py:3820} INFO - Setting next_dagrun for example_subdag_operator.section-1 to None, run_after=None
[2023-12-31T05:31:03.789+0000] {logging_mixin.py:188} INFO - [2023-12-31T05:31:03.788+0000] {dag.py:3820} INFO - Setting next_dagrun for example_subdag_operator.section-2 to None, run_after=None
[2023-12-31T05:31:03.799+0000] {logging_mixin.py:188} INFO - [2023-12-31T05:31:03.799+0000] {dag.py:3033} INFO - Sync 2 DAGs
[2023-12-31T05:31:03.806+0000] {logging_mixin.py:188} INFO - [2023-12-31T05:31:03.805+0000] {dag.py:3820} INFO - Setting next_dagrun for example_subdag_operator.section-1 to None, run_after=None
[2023-12-31T05:31:03.806+0000] {logging_mixin.py:188} INFO - [2023-12-31T05:31:03.806+0000] {dag.py:3820} INFO - Setting next_dagrun for example_subdag_operator.section-2 to None, run_after=None
[2023-12-31T05:31:03.824+0000] {processor.py:183} INFO - Processing /home/airflow/.local/lib/python3.8/site-packages/airflow/example_dags/example_subdag_operator.py took 0.130 seconds
[2023-12-31T05:31:34.236+0000] {processor.py:161} INFO - Started process (PID=820) to work on /home/airflow/.local/lib/python3.8/site-packages/airflow/example_dags/example_subdag_operator.py
[2023-12-31T05:31:34.237+0000] {processor.py:830} INFO - Processing file /home/airflow/.local/lib/python3.8/site-packages/airflow/example_dags/example_subdag_operator.py for tasks to queue
[2023-12-31T05:31:34.242+0000] {logging_mixin.py:188} INFO - [2023-12-31T05:31:34.242+0000] {dagbag.py:538} INFO - Filling up the DagBag from /home/airflow/.local/lib/python3.8/site-packages/airflow/example_dags/example_subdag_operator.py
[2023-12-31T05:31:34.277+0000] {processor.py:840} INFO - DAG(s) 'example_subdag_operator.section-1', 'example_subdag_operator.section-2', 'example_subdag_operator' retrieved from /home/airflow/.local/lib/python3.8/site-packages/airflow/example_dags/example_subdag_operator.py
[2023-12-31T05:31:34.304+0000] {logging_mixin.py:188} INFO - [2023-12-31T05:31:34.304+0000] {dag.py:3033} INFO - Sync 3 DAGs
[2023-12-31T05:31:34.334+0000] {logging_mixin.py:188} INFO - [2023-12-31T05:31:34.334+0000] {dag.py:3820} INFO - Setting next_dagrun for example_subdag_operator to 2022-01-01T00:00:00+00:00, run_after=2022-01-01T00:00:00+00:00
[2023-12-31T05:31:34.341+0000] {logging_mixin.py:188} INFO - [2023-12-31T05:31:34.341+0000] {dag.py:3820} INFO - Setting next_dagrun for example_subdag_operator.section-1 to None, run_after=None
[2023-12-31T05:31:34.343+0000] {logging_mixin.py:188} INFO - [2023-12-31T05:31:34.343+0000] {dag.py:3820} INFO - Setting next_dagrun for example_subdag_operator.section-2 to None, run_after=None
[2023-12-31T05:31:34.358+0000] {logging_mixin.py:188} INFO - [2023-12-31T05:31:34.358+0000] {dag.py:3033} INFO - Sync 2 DAGs
[2023-12-31T05:31:34.366+0000] {logging_mixin.py:188} INFO - [2023-12-31T05:31:34.366+0000] {dag.py:3820} INFO - Setting next_dagrun for example_subdag_operator.section-1 to None, run_after=None
[2023-12-31T05:31:34.368+0000] {logging_mixin.py:188} INFO - [2023-12-31T05:31:34.367+0000] {dag.py:3820} INFO - Setting next_dagrun for example_subdag_operator.section-2 to None, run_after=None
[2023-12-31T05:31:34.392+0000] {processor.py:183} INFO - Processing /home/airflow/.local/lib/python3.8/site-packages/airflow/example_dags/example_subdag_operator.py took 0.160 seconds
[2023-12-31T05:32:05.070+0000] {processor.py:161} INFO - Started process (PID=876) to work on /home/airflow/.local/lib/python3.8/site-packages/airflow/example_dags/example_subdag_operator.py
[2023-12-31T05:32:05.076+0000] {processor.py:830} INFO - Processing file /home/airflow/.local/lib/python3.8/site-packages/airflow/example_dags/example_subdag_operator.py for tasks to queue
[2023-12-31T05:32:05.081+0000] {logging_mixin.py:188} INFO - [2023-12-31T05:32:05.081+0000] {dagbag.py:538} INFO - Filling up the DagBag from /home/airflow/.local/lib/python3.8/site-packages/airflow/example_dags/example_subdag_operator.py
[2023-12-31T05:32:05.121+0000] {processor.py:840} INFO - DAG(s) 'example_subdag_operator.section-1', 'example_subdag_operator.section-2', 'example_subdag_operator' retrieved from /home/airflow/.local/lib/python3.8/site-packages/airflow/example_dags/example_subdag_operator.py
[2023-12-31T05:32:05.147+0000] {logging_mixin.py:188} INFO - [2023-12-31T05:32:05.147+0000] {dag.py:3033} INFO - Sync 3 DAGs
[2023-12-31T05:32:05.191+0000] {logging_mixin.py:188} INFO - [2023-12-31T05:32:05.191+0000] {dag.py:3820} INFO - Setting next_dagrun for example_subdag_operator to 2022-01-01T00:00:00+00:00, run_after=2022-01-01T00:00:00+00:00
[2023-12-31T05:32:05.197+0000] {logging_mixin.py:188} INFO - [2023-12-31T05:32:05.197+0000] {dag.py:3820} INFO - Setting next_dagrun for example_subdag_operator.section-1 to None, run_after=None
[2023-12-31T05:32:05.199+0000] {logging_mixin.py:188} INFO - [2023-12-31T05:32:05.199+0000] {dag.py:3820} INFO - Setting next_dagrun for example_subdag_operator.section-2 to None, run_after=None
[2023-12-31T05:32:05.213+0000] {logging_mixin.py:188} INFO - [2023-12-31T05:32:05.213+0000] {dag.py:3033} INFO - Sync 2 DAGs
[2023-12-31T05:32:05.224+0000] {logging_mixin.py:188} INFO - [2023-12-31T05:32:05.223+0000] {dag.py:3820} INFO - Setting next_dagrun for example_subdag_operator.section-1 to None, run_after=None
[2023-12-31T05:32:05.225+0000] {logging_mixin.py:188} INFO - [2023-12-31T05:32:05.225+0000] {dag.py:3820} INFO - Setting next_dagrun for example_subdag_operator.section-2 to None, run_after=None
[2023-12-31T05:32:06.149+0000] {processor.py:183} INFO - Processing /home/airflow/.local/lib/python3.8/site-packages/airflow/example_dags/example_subdag_operator.py took 1.083 seconds
[2023-12-31T05:32:36.954+0000] {processor.py:161} INFO - Started process (PID=932) to work on /home/airflow/.local/lib/python3.8/site-packages/airflow/example_dags/example_subdag_operator.py
[2023-12-31T05:32:36.994+0000] {processor.py:830} INFO - Processing file /home/airflow/.local/lib/python3.8/site-packages/airflow/example_dags/example_subdag_operator.py for tasks to queue
[2023-12-31T05:32:37.000+0000] {logging_mixin.py:188} INFO - [2023-12-31T05:32:37.000+0000] {dagbag.py:538} INFO - Filling up the DagBag from /home/airflow/.local/lib/python3.8/site-packages/airflow/example_dags/example_subdag_operator.py
[2023-12-31T05:32:37.137+0000] {processor.py:840} INFO - DAG(s) 'example_subdag_operator.section-1', 'example_subdag_operator.section-2', 'example_subdag_operator' retrieved from /home/airflow/.local/lib/python3.8/site-packages/airflow/example_dags/example_subdag_operator.py
[2023-12-31T05:32:37.164+0000] {logging_mixin.py:188} INFO - [2023-12-31T05:32:37.164+0000] {dag.py:3033} INFO - Sync 3 DAGs
[2023-12-31T05:32:37.194+0000] {logging_mixin.py:188} INFO - [2023-12-31T05:32:37.194+0000] {dag.py:3820} INFO - Setting next_dagrun for example_subdag_operator to 2022-01-01T00:00:00+00:00, run_after=2022-01-01T00:00:00+00:00
[2023-12-31T05:32:37.200+0000] {logging_mixin.py:188} INFO - [2023-12-31T05:32:37.199+0000] {dag.py:3820} INFO - Setting next_dagrun for example_subdag_operator.section-1 to None, run_after=None
[2023-12-31T05:32:37.203+0000] {logging_mixin.py:188} INFO - [2023-12-31T05:32:37.203+0000] {dag.py:3820} INFO - Setting next_dagrun for example_subdag_operator.section-2 to None, run_after=None
[2023-12-31T05:32:37.213+0000] {logging_mixin.py:188} INFO - [2023-12-31T05:32:37.213+0000] {dag.py:3033} INFO - Sync 2 DAGs
[2023-12-31T05:32:37.221+0000] {logging_mixin.py:188} INFO - [2023-12-31T05:32:37.221+0000] {dag.py:3820} INFO - Setting next_dagrun for example_subdag_operator.section-1 to None, run_after=None
[2023-12-31T05:32:37.243+0000] {logging_mixin.py:188} INFO - [2023-12-31T05:32:37.243+0000] {dag.py:3820} INFO - Setting next_dagrun for example_subdag_operator.section-2 to None, run_after=None
[2023-12-31T05:32:37.472+0000] {processor.py:183} INFO - Processing /home/airflow/.local/lib/python3.8/site-packages/airflow/example_dags/example_subdag_operator.py took 0.525 seconds
[2023-12-31T05:33:45.249+0000] {processor.py:161} INFO - Started process (PID=994) to work on /home/airflow/.local/lib/python3.8/site-packages/airflow/example_dags/example_subdag_operator.py
[2023-12-31T05:33:45.252+0000] {processor.py:830} INFO - Processing file /home/airflow/.local/lib/python3.8/site-packages/airflow/example_dags/example_subdag_operator.py for tasks to queue
[2023-12-31T05:33:45.256+0000] {logging_mixin.py:188} INFO - [2023-12-31T05:33:45.256+0000] {dagbag.py:538} INFO - Filling up the DagBag from /home/airflow/.local/lib/python3.8/site-packages/airflow/example_dags/example_subdag_operator.py
[2023-12-31T05:33:45.307+0000] {processor.py:840} INFO - DAG(s) 'example_subdag_operator.section-1', 'example_subdag_operator.section-2', 'example_subdag_operator' retrieved from /home/airflow/.local/lib/python3.8/site-packages/airflow/example_dags/example_subdag_operator.py
[2023-12-31T05:33:45.354+0000] {logging_mixin.py:188} INFO - [2023-12-31T05:33:45.353+0000] {dag.py:3033} INFO - Sync 3 DAGs
[2023-12-31T05:33:45.412+0000] {logging_mixin.py:188} INFO - [2023-12-31T05:33:45.411+0000] {dag.py:3820} INFO - Setting next_dagrun for example_subdag_operator to 2022-01-01T00:00:00+00:00, run_after=2022-01-01T00:00:00+00:00
[2023-12-31T05:33:45.419+0000] {logging_mixin.py:188} INFO - [2023-12-31T05:33:45.419+0000] {dag.py:3820} INFO - Setting next_dagrun for example_subdag_operator.section-1 to None, run_after=None
[2023-12-31T05:33:45.422+0000] {logging_mixin.py:188} INFO - [2023-12-31T05:33:45.422+0000] {dag.py:3820} INFO - Setting next_dagrun for example_subdag_operator.section-2 to None, run_after=None
[2023-12-31T05:33:45.445+0000] {logging_mixin.py:188} INFO - [2023-12-31T05:33:45.445+0000] {dag.py:3033} INFO - Sync 2 DAGs
[2023-12-31T05:33:45.465+0000] {logging_mixin.py:188} INFO - [2023-12-31T05:33:45.464+0000] {dag.py:3820} INFO - Setting next_dagrun for example_subdag_operator.section-1 to None, run_after=None
[2023-12-31T05:33:45.466+0000] {logging_mixin.py:188} INFO - [2023-12-31T05:33:45.465+0000] {dag.py:3820} INFO - Setting next_dagrun for example_subdag_operator.section-2 to None, run_after=None
[2023-12-31T05:33:45.492+0000] {processor.py:183} INFO - Processing /home/airflow/.local/lib/python3.8/site-packages/airflow/example_dags/example_subdag_operator.py took 0.249 seconds
[2023-12-31T05:34:34.110+0000] {processor.py:161} INFO - Started process (PID=1057) to work on /home/airflow/.local/lib/python3.8/site-packages/airflow/example_dags/example_subdag_operator.py
[2023-12-31T05:34:34.113+0000] {processor.py:830} INFO - Processing file /home/airflow/.local/lib/python3.8/site-packages/airflow/example_dags/example_subdag_operator.py for tasks to queue
[2023-12-31T05:34:34.116+0000] {logging_mixin.py:188} INFO - [2023-12-31T05:34:34.116+0000] {dagbag.py:538} INFO - Filling up the DagBag from /home/airflow/.local/lib/python3.8/site-packages/airflow/example_dags/example_subdag_operator.py
[2023-12-31T05:34:34.165+0000] {processor.py:840} INFO - DAG(s) 'example_subdag_operator.section-1', 'example_subdag_operator.section-2', 'example_subdag_operator' retrieved from /home/airflow/.local/lib/python3.8/site-packages/airflow/example_dags/example_subdag_operator.py
[2023-12-31T05:34:34.197+0000] {logging_mixin.py:188} INFO - [2023-12-31T05:34:34.197+0000] {dag.py:3033} INFO - Sync 3 DAGs
[2023-12-31T05:34:34.264+0000] {logging_mixin.py:188} INFO - [2023-12-31T05:34:34.263+0000] {dag.py:3820} INFO - Setting next_dagrun for example_subdag_operator to 2022-01-01T00:00:00+00:00, run_after=2022-01-01T00:00:00+00:00
[2023-12-31T05:34:34.280+0000] {logging_mixin.py:188} INFO - [2023-12-31T05:34:34.280+0000] {dag.py:3820} INFO - Setting next_dagrun for example_subdag_operator.section-1 to None, run_after=None
[2023-12-31T05:34:34.293+0000] {logging_mixin.py:188} INFO - [2023-12-31T05:34:34.293+0000] {dag.py:3820} INFO - Setting next_dagrun for example_subdag_operator.section-2 to None, run_after=None
[2023-12-31T05:34:34.306+0000] {logging_mixin.py:188} INFO - [2023-12-31T05:34:34.305+0000] {dag.py:3033} INFO - Sync 2 DAGs
[2023-12-31T05:34:34.314+0000] {logging_mixin.py:188} INFO - [2023-12-31T05:34:34.314+0000] {dag.py:3820} INFO - Setting next_dagrun for example_subdag_operator.section-1 to None, run_after=None
[2023-12-31T05:34:34.315+0000] {logging_mixin.py:188} INFO - [2023-12-31T05:34:34.314+0000] {dag.py:3820} INFO - Setting next_dagrun for example_subdag_operator.section-2 to None, run_after=None
[2023-12-31T05:34:34.341+0000] {processor.py:183} INFO - Processing /home/airflow/.local/lib/python3.8/site-packages/airflow/example_dags/example_subdag_operator.py took 0.238 seconds
[2023-12-31T05:35:04.537+0000] {processor.py:161} INFO - Started process (PID=1111) to work on /home/airflow/.local/lib/python3.8/site-packages/airflow/example_dags/example_subdag_operator.py
[2023-12-31T05:35:04.540+0000] {processor.py:830} INFO - Processing file /home/airflow/.local/lib/python3.8/site-packages/airflow/example_dags/example_subdag_operator.py for tasks to queue
[2023-12-31T05:35:04.554+0000] {logging_mixin.py:188} INFO - [2023-12-31T05:35:04.554+0000] {dagbag.py:538} INFO - Filling up the DagBag from /home/airflow/.local/lib/python3.8/site-packages/airflow/example_dags/example_subdag_operator.py
[2023-12-31T05:35:04.603+0000] {processor.py:840} INFO - DAG(s) 'example_subdag_operator.section-1', 'example_subdag_operator.section-2', 'example_subdag_operator' retrieved from /home/airflow/.local/lib/python3.8/site-packages/airflow/example_dags/example_subdag_operator.py
[2023-12-31T05:35:04.655+0000] {logging_mixin.py:188} INFO - [2023-12-31T05:35:04.655+0000] {dag.py:3033} INFO - Sync 3 DAGs
[2023-12-31T05:35:04.730+0000] {logging_mixin.py:188} INFO - [2023-12-31T05:35:04.730+0000] {dag.py:3820} INFO - Setting next_dagrun for example_subdag_operator to 2022-01-01T00:00:00+00:00, run_after=2022-01-01T00:00:00+00:00
[2023-12-31T05:35:04.744+0000] {logging_mixin.py:188} INFO - [2023-12-31T05:35:04.744+0000] {dag.py:3820} INFO - Setting next_dagrun for example_subdag_operator.section-1 to None, run_after=None
[2023-12-31T05:35:04.748+0000] {logging_mixin.py:188} INFO - [2023-12-31T05:35:04.748+0000] {dag.py:3820} INFO - Setting next_dagrun for example_subdag_operator.section-2 to None, run_after=None
[2023-12-31T05:35:04.769+0000] {logging_mixin.py:188} INFO - [2023-12-31T05:35:04.769+0000] {dag.py:3033} INFO - Sync 2 DAGs
[2023-12-31T05:35:04.784+0000] {logging_mixin.py:188} INFO - [2023-12-31T05:35:04.784+0000] {dag.py:3820} INFO - Setting next_dagrun for example_subdag_operator.section-1 to None, run_after=None
[2023-12-31T05:35:04.785+0000] {logging_mixin.py:188} INFO - [2023-12-31T05:35:04.785+0000] {dag.py:3820} INFO - Setting next_dagrun for example_subdag_operator.section-2 to None, run_after=None
[2023-12-31T05:35:04.821+0000] {processor.py:183} INFO - Processing /home/airflow/.local/lib/python3.8/site-packages/airflow/example_dags/example_subdag_operator.py took 0.290 seconds
[2023-12-31T05:35:35.239+0000] {processor.py:161} INFO - Started process (PID=1166) to work on /home/airflow/.local/lib/python3.8/site-packages/airflow/example_dags/example_subdag_operator.py
[2023-12-31T05:35:35.316+0000] {processor.py:830} INFO - Processing file /home/airflow/.local/lib/python3.8/site-packages/airflow/example_dags/example_subdag_operator.py for tasks to queue
[2023-12-31T05:35:35.320+0000] {logging_mixin.py:188} INFO - [2023-12-31T05:35:35.320+0000] {dagbag.py:538} INFO - Filling up the DagBag from /home/airflow/.local/lib/python3.8/site-packages/airflow/example_dags/example_subdag_operator.py
[2023-12-31T05:35:35.521+0000] {processor.py:840} INFO - DAG(s) 'example_subdag_operator.section-1', 'example_subdag_operator.section-2', 'example_subdag_operator' retrieved from /home/airflow/.local/lib/python3.8/site-packages/airflow/example_dags/example_subdag_operator.py
[2023-12-31T05:35:35.551+0000] {logging_mixin.py:188} INFO - [2023-12-31T05:35:35.551+0000] {dag.py:3033} INFO - Sync 3 DAGs
[2023-12-31T05:35:35.605+0000] {logging_mixin.py:188} INFO - [2023-12-31T05:35:35.605+0000] {dag.py:3820} INFO - Setting next_dagrun for example_subdag_operator to 2022-01-01T00:00:00+00:00, run_after=2022-01-01T00:00:00+00:00
[2023-12-31T05:35:35.863+0000] {logging_mixin.py:188} INFO - [2023-12-31T05:35:35.862+0000] {dag.py:3820} INFO - Setting next_dagrun for example_subdag_operator.section-1 to None, run_after=None
[2023-12-31T05:35:35.865+0000] {logging_mixin.py:188} INFO - [2023-12-31T05:35:35.865+0000] {dag.py:3820} INFO - Setting next_dagrun for example_subdag_operator.section-2 to None, run_after=None
[2023-12-31T05:35:35.875+0000] {logging_mixin.py:188} INFO - [2023-12-31T05:35:35.875+0000] {dag.py:3033} INFO - Sync 2 DAGs
[2023-12-31T05:35:35.883+0000] {logging_mixin.py:188} INFO - [2023-12-31T05:35:35.883+0000] {dag.py:3820} INFO - Setting next_dagrun for example_subdag_operator.section-1 to None, run_after=None
[2023-12-31T05:35:35.884+0000] {logging_mixin.py:188} INFO - [2023-12-31T05:35:35.884+0000] {dag.py:3820} INFO - Setting next_dagrun for example_subdag_operator.section-2 to None, run_after=None
[2023-12-31T05:35:36.199+0000] {processor.py:183} INFO - Processing /home/airflow/.local/lib/python3.8/site-packages/airflow/example_dags/example_subdag_operator.py took 0.965 seconds
[2023-12-31T05:36:06.684+0000] {processor.py:161} INFO - Started process (PID=1222) to work on /home/airflow/.local/lib/python3.8/site-packages/airflow/example_dags/example_subdag_operator.py
[2023-12-31T05:36:06.685+0000] {processor.py:830} INFO - Processing file /home/airflow/.local/lib/python3.8/site-packages/airflow/example_dags/example_subdag_operator.py for tasks to queue
[2023-12-31T05:36:06.688+0000] {logging_mixin.py:188} INFO - [2023-12-31T05:36:06.688+0000] {dagbag.py:538} INFO - Filling up the DagBag from /home/airflow/.local/lib/python3.8/site-packages/airflow/example_dags/example_subdag_operator.py
[2023-12-31T05:36:06.734+0000] {processor.py:840} INFO - DAG(s) 'example_subdag_operator.section-1', 'example_subdag_operator.section-2', 'example_subdag_operator' retrieved from /home/airflow/.local/lib/python3.8/site-packages/airflow/example_dags/example_subdag_operator.py
[2023-12-31T05:36:06.764+0000] {logging_mixin.py:188} INFO - [2023-12-31T05:36:06.763+0000] {dag.py:3033} INFO - Sync 3 DAGs
[2023-12-31T05:36:06.803+0000] {logging_mixin.py:188} INFO - [2023-12-31T05:36:06.803+0000] {dag.py:3820} INFO - Setting next_dagrun for example_subdag_operator to 2022-01-01T00:00:00+00:00, run_after=2022-01-01T00:00:00+00:00
[2023-12-31T05:36:06.813+0000] {logging_mixin.py:188} INFO - [2023-12-31T05:36:06.812+0000] {dag.py:3820} INFO - Setting next_dagrun for example_subdag_operator.section-1 to None, run_after=None
[2023-12-31T05:36:06.815+0000] {logging_mixin.py:188} INFO - [2023-12-31T05:36:06.815+0000] {dag.py:3820} INFO - Setting next_dagrun for example_subdag_operator.section-2 to None, run_after=None
[2023-12-31T05:36:06.830+0000] {logging_mixin.py:188} INFO - [2023-12-31T05:36:06.829+0000] {dag.py:3033} INFO - Sync 2 DAGs
[2023-12-31T05:36:06.838+0000] {logging_mixin.py:188} INFO - [2023-12-31T05:36:06.838+0000] {dag.py:3820} INFO - Setting next_dagrun for example_subdag_operator.section-1 to None, run_after=None
[2023-12-31T05:36:06.839+0000] {logging_mixin.py:188} INFO - [2023-12-31T05:36:06.839+0000] {dag.py:3820} INFO - Setting next_dagrun for example_subdag_operator.section-2 to None, run_after=None
[2023-12-31T05:36:06.871+0000] {processor.py:183} INFO - Processing /home/airflow/.local/lib/python3.8/site-packages/airflow/example_dags/example_subdag_operator.py took 0.191 seconds
[2023-12-31T05:36:37.286+0000] {processor.py:161} INFO - Started process (PID=1278) to work on /home/airflow/.local/lib/python3.8/site-packages/airflow/example_dags/example_subdag_operator.py
[2023-12-31T05:36:37.288+0000] {processor.py:830} INFO - Processing file /home/airflow/.local/lib/python3.8/site-packages/airflow/example_dags/example_subdag_operator.py for tasks to queue
[2023-12-31T05:36:37.291+0000] {logging_mixin.py:188} INFO - [2023-12-31T05:36:37.291+0000] {dagbag.py:538} INFO - Filling up the DagBag from /home/airflow/.local/lib/python3.8/site-packages/airflow/example_dags/example_subdag_operator.py
[2023-12-31T05:36:37.358+0000] {processor.py:840} INFO - DAG(s) 'example_subdag_operator.section-1', 'example_subdag_operator.section-2', 'example_subdag_operator' retrieved from /home/airflow/.local/lib/python3.8/site-packages/airflow/example_dags/example_subdag_operator.py
[2023-12-31T05:36:37.380+0000] {logging_mixin.py:188} INFO - [2023-12-31T05:36:37.380+0000] {dag.py:3033} INFO - Sync 3 DAGs
[2023-12-31T05:36:37.410+0000] {logging_mixin.py:188} INFO - [2023-12-31T05:36:37.410+0000] {dag.py:3820} INFO - Setting next_dagrun for example_subdag_operator to 2022-01-01T00:00:00+00:00, run_after=2022-01-01T00:00:00+00:00
[2023-12-31T05:36:37.415+0000] {logging_mixin.py:188} INFO - [2023-12-31T05:36:37.415+0000] {dag.py:3820} INFO - Setting next_dagrun for example_subdag_operator.section-1 to None, run_after=None
[2023-12-31T05:36:37.418+0000] {logging_mixin.py:188} INFO - [2023-12-31T05:36:37.417+0000] {dag.py:3820} INFO - Setting next_dagrun for example_subdag_operator.section-2 to None, run_after=None
[2023-12-31T05:36:37.427+0000] {logging_mixin.py:188} INFO - [2023-12-31T05:36:37.427+0000] {dag.py:3033} INFO - Sync 2 DAGs
[2023-12-31T05:36:37.435+0000] {logging_mixin.py:188} INFO - [2023-12-31T05:36:37.435+0000] {dag.py:3820} INFO - Setting next_dagrun for example_subdag_operator.section-1 to None, run_after=None
[2023-12-31T05:36:37.437+0000] {logging_mixin.py:188} INFO - [2023-12-31T05:36:37.436+0000] {dag.py:3820} INFO - Setting next_dagrun for example_subdag_operator.section-2 to None, run_after=None
[2023-12-31T05:36:37.858+0000] {processor.py:183} INFO - Processing /home/airflow/.local/lib/python3.8/site-packages/airflow/example_dags/example_subdag_operator.py took 0.576 seconds
[2023-12-31T05:37:08.644+0000] {processor.py:161} INFO - Started process (PID=1334) to work on /home/airflow/.local/lib/python3.8/site-packages/airflow/example_dags/example_subdag_operator.py
[2023-12-31T05:37:08.653+0000] {processor.py:830} INFO - Processing file /home/airflow/.local/lib/python3.8/site-packages/airflow/example_dags/example_subdag_operator.py for tasks to queue
[2023-12-31T05:37:08.661+0000] {logging_mixin.py:188} INFO - [2023-12-31T05:37:08.660+0000] {dagbag.py:538} INFO - Filling up the DagBag from /home/airflow/.local/lib/python3.8/site-packages/airflow/example_dags/example_subdag_operator.py
[2023-12-31T05:37:08.721+0000] {processor.py:840} INFO - DAG(s) 'example_subdag_operator.section-1', 'example_subdag_operator.section-2', 'example_subdag_operator' retrieved from /home/airflow/.local/lib/python3.8/site-packages/airflow/example_dags/example_subdag_operator.py
[2023-12-31T05:37:08.773+0000] {logging_mixin.py:188} INFO - [2023-12-31T05:37:08.773+0000] {dag.py:3033} INFO - Sync 3 DAGs
[2023-12-31T05:37:08.836+0000] {logging_mixin.py:188} INFO - [2023-12-31T05:37:08.835+0000] {dag.py:3820} INFO - Setting next_dagrun for example_subdag_operator to 2022-01-01T00:00:00+00:00, run_after=2022-01-01T00:00:00+00:00
[2023-12-31T05:37:08.843+0000] {logging_mixin.py:188} INFO - [2023-12-31T05:37:08.842+0000] {dag.py:3820} INFO - Setting next_dagrun for example_subdag_operator.section-1 to None, run_after=None
[2023-12-31T05:37:08.846+0000] {logging_mixin.py:188} INFO - [2023-12-31T05:37:08.845+0000] {dag.py:3820} INFO - Setting next_dagrun for example_subdag_operator.section-2 to None, run_after=None
[2023-12-31T05:37:08.867+0000] {logging_mixin.py:188} INFO - [2023-12-31T05:37:08.867+0000] {dag.py:3033} INFO - Sync 2 DAGs
[2023-12-31T05:37:08.878+0000] {logging_mixin.py:188} INFO - [2023-12-31T05:37:08.877+0000] {dag.py:3820} INFO - Setting next_dagrun for example_subdag_operator.section-1 to None, run_after=None
[2023-12-31T05:37:08.879+0000] {logging_mixin.py:188} INFO - [2023-12-31T05:37:08.878+0000] {dag.py:3820} INFO - Setting next_dagrun for example_subdag_operator.section-2 to None, run_after=None
[2023-12-31T05:37:08.905+0000] {processor.py:183} INFO - Processing /home/airflow/.local/lib/python3.8/site-packages/airflow/example_dags/example_subdag_operator.py took 0.278 seconds
[2023-12-31T05:37:40.515+0000] {processor.py:161} INFO - Started process (PID=1391) to work on /home/airflow/.local/lib/python3.8/site-packages/airflow/example_dags/example_subdag_operator.py
[2023-12-31T05:37:40.566+0000] {processor.py:830} INFO - Processing file /home/airflow/.local/lib/python3.8/site-packages/airflow/example_dags/example_subdag_operator.py for tasks to queue
[2023-12-31T05:37:40.570+0000] {logging_mixin.py:188} INFO - [2023-12-31T05:37:40.570+0000] {dagbag.py:538} INFO - Filling up the DagBag from /home/airflow/.local/lib/python3.8/site-packages/airflow/example_dags/example_subdag_operator.py
[2023-12-31T05:37:40.621+0000] {processor.py:840} INFO - DAG(s) 'example_subdag_operator.section-1', 'example_subdag_operator.section-2', 'example_subdag_operator' retrieved from /home/airflow/.local/lib/python3.8/site-packages/airflow/example_dags/example_subdag_operator.py
[2023-12-31T05:37:40.645+0000] {logging_mixin.py:188} INFO - [2023-12-31T05:37:40.644+0000] {dag.py:3033} INFO - Sync 3 DAGs
[2023-12-31T05:37:40.671+0000] {logging_mixin.py:188} INFO - [2023-12-31T05:37:40.671+0000] {dag.py:3820} INFO - Setting next_dagrun for example_subdag_operator to 2022-01-01T00:00:00+00:00, run_after=2022-01-01T00:00:00+00:00
[2023-12-31T05:37:40.675+0000] {logging_mixin.py:188} INFO - [2023-12-31T05:37:40.675+0000] {dag.py:3820} INFO - Setting next_dagrun for example_subdag_operator.section-1 to None, run_after=None
[2023-12-31T05:37:40.677+0000] {logging_mixin.py:188} INFO - [2023-12-31T05:37:40.677+0000] {dag.py:3820} INFO - Setting next_dagrun for example_subdag_operator.section-2 to None, run_after=None
[2023-12-31T05:37:40.688+0000] {logging_mixin.py:188} INFO - [2023-12-31T05:37:40.687+0000] {dag.py:3033} INFO - Sync 2 DAGs
[2023-12-31T05:37:40.694+0000] {logging_mixin.py:188} INFO - [2023-12-31T05:37:40.693+0000] {dag.py:3820} INFO - Setting next_dagrun for example_subdag_operator.section-1 to None, run_after=None
[2023-12-31T05:37:40.694+0000] {logging_mixin.py:188} INFO - [2023-12-31T05:37:40.694+0000] {dag.py:3820} INFO - Setting next_dagrun for example_subdag_operator.section-2 to None, run_after=None
[2023-12-31T05:37:41.004+0000] {processor.py:183} INFO - Processing /home/airflow/.local/lib/python3.8/site-packages/airflow/example_dags/example_subdag_operator.py took 0.504 seconds
[2023-12-31T05:38:11.938+0000] {processor.py:161} INFO - Started process (PID=1447) to work on /home/airflow/.local/lib/python3.8/site-packages/airflow/example_dags/example_subdag_operator.py
[2023-12-31T05:38:11.941+0000] {processor.py:830} INFO - Processing file /home/airflow/.local/lib/python3.8/site-packages/airflow/example_dags/example_subdag_operator.py for tasks to queue
[2023-12-31T05:38:11.948+0000] {logging_mixin.py:188} INFO - [2023-12-31T05:38:11.947+0000] {dagbag.py:538} INFO - Filling up the DagBag from /home/airflow/.local/lib/python3.8/site-packages/airflow/example_dags/example_subdag_operator.py
[2023-12-31T05:38:12.031+0000] {processor.py:840} INFO - DAG(s) 'example_subdag_operator.section-1', 'example_subdag_operator.section-2', 'example_subdag_operator' retrieved from /home/airflow/.local/lib/python3.8/site-packages/airflow/example_dags/example_subdag_operator.py
[2023-12-31T05:38:12.088+0000] {logging_mixin.py:188} INFO - [2023-12-31T05:38:12.088+0000] {dag.py:3033} INFO - Sync 3 DAGs
[2023-12-31T05:38:12.198+0000] {logging_mixin.py:188} INFO - [2023-12-31T05:38:12.196+0000] {dag.py:3820} INFO - Setting next_dagrun for example_subdag_operator to 2022-01-01T00:00:00+00:00, run_after=2022-01-01T00:00:00+00:00
[2023-12-31T05:38:12.214+0000] {logging_mixin.py:188} INFO - [2023-12-31T05:38:12.214+0000] {dag.py:3820} INFO - Setting next_dagrun for example_subdag_operator.section-1 to None, run_after=None
[2023-12-31T05:38:12.227+0000] {logging_mixin.py:188} INFO - [2023-12-31T05:38:12.227+0000] {dag.py:3820} INFO - Setting next_dagrun for example_subdag_operator.section-2 to None, run_after=None
[2023-12-31T05:38:12.263+0000] {logging_mixin.py:188} INFO - [2023-12-31T05:38:12.261+0000] {dag.py:3033} INFO - Sync 2 DAGs
[2023-12-31T05:38:12.281+0000] {logging_mixin.py:188} INFO - [2023-12-31T05:38:12.280+0000] {dag.py:3820} INFO - Setting next_dagrun for example_subdag_operator.section-1 to None, run_after=None
[2023-12-31T05:38:12.283+0000] {logging_mixin.py:188} INFO - [2023-12-31T05:38:12.282+0000] {dag.py:3820} INFO - Setting next_dagrun for example_subdag_operator.section-2 to None, run_after=None
[2023-12-31T05:38:12.349+0000] {processor.py:183} INFO - Processing /home/airflow/.local/lib/python3.8/site-packages/airflow/example_dags/example_subdag_operator.py took 0.418 seconds
[2023-12-31T05:38:42.855+0000] {processor.py:161} INFO - Started process (PID=1504) to work on /home/airflow/.local/lib/python3.8/site-packages/airflow/example_dags/example_subdag_operator.py
[2023-12-31T05:38:42.857+0000] {processor.py:830} INFO - Processing file /home/airflow/.local/lib/python3.8/site-packages/airflow/example_dags/example_subdag_operator.py for tasks to queue
[2023-12-31T05:38:42.863+0000] {logging_mixin.py:188} INFO - [2023-12-31T05:38:42.862+0000] {dagbag.py:538} INFO - Filling up the DagBag from /home/airflow/.local/lib/python3.8/site-packages/airflow/example_dags/example_subdag_operator.py
[2023-12-31T05:38:42.906+0000] {processor.py:840} INFO - DAG(s) 'example_subdag_operator.section-1', 'example_subdag_operator.section-2', 'example_subdag_operator' retrieved from /home/airflow/.local/lib/python3.8/site-packages/airflow/example_dags/example_subdag_operator.py
[2023-12-31T05:38:42.932+0000] {logging_mixin.py:188} INFO - [2023-12-31T05:38:42.932+0000] {dag.py:3033} INFO - Sync 3 DAGs
[2023-12-31T05:38:42.961+0000] {logging_mixin.py:188} INFO - [2023-12-31T05:38:42.961+0000] {dag.py:3820} INFO - Setting next_dagrun for example_subdag_operator to 2022-01-01T00:00:00+00:00, run_after=2022-01-01T00:00:00+00:00
[2023-12-31T05:38:42.966+0000] {logging_mixin.py:188} INFO - [2023-12-31T05:38:42.966+0000] {dag.py:3820} INFO - Setting next_dagrun for example_subdag_operator.section-1 to None, run_after=None
[2023-12-31T05:38:42.968+0000] {logging_mixin.py:188} INFO - [2023-12-31T05:38:42.968+0000] {dag.py:3820} INFO - Setting next_dagrun for example_subdag_operator.section-2 to None, run_after=None
[2023-12-31T05:38:42.981+0000] {logging_mixin.py:188} INFO - [2023-12-31T05:38:42.980+0000] {dag.py:3033} INFO - Sync 2 DAGs
[2023-12-31T05:38:42.997+0000] {logging_mixin.py:188} INFO - [2023-12-31T05:38:42.996+0000] {dag.py:3820} INFO - Setting next_dagrun for example_subdag_operator.section-1 to None, run_after=None
[2023-12-31T05:38:42.998+0000] {logging_mixin.py:188} INFO - [2023-12-31T05:38:42.997+0000] {dag.py:3820} INFO - Setting next_dagrun for example_subdag_operator.section-2 to None, run_after=None
[2023-12-31T05:38:43.026+0000] {processor.py:183} INFO - Processing /home/airflow/.local/lib/python3.8/site-packages/airflow/example_dags/example_subdag_operator.py took 0.177 seconds
[2023-12-31T05:39:13.248+0000] {processor.py:161} INFO - Started process (PID=1560) to work on /home/airflow/.local/lib/python3.8/site-packages/airflow/example_dags/example_subdag_operator.py
[2023-12-31T05:39:13.249+0000] {processor.py:830} INFO - Processing file /home/airflow/.local/lib/python3.8/site-packages/airflow/example_dags/example_subdag_operator.py for tasks to queue
[2023-12-31T05:39:13.253+0000] {logging_mixin.py:188} INFO - [2023-12-31T05:39:13.252+0000] {dagbag.py:538} INFO - Filling up the DagBag from /home/airflow/.local/lib/python3.8/site-packages/airflow/example_dags/example_subdag_operator.py
[2023-12-31T05:39:13.287+0000] {processor.py:840} INFO - DAG(s) 'example_subdag_operator.section-1', 'example_subdag_operator.section-2', 'example_subdag_operator' retrieved from /home/airflow/.local/lib/python3.8/site-packages/airflow/example_dags/example_subdag_operator.py
[2023-12-31T05:39:13.308+0000] {logging_mixin.py:188} INFO - [2023-12-31T05:39:13.308+0000] {dag.py:3033} INFO - Sync 3 DAGs
[2023-12-31T05:39:13.336+0000] {logging_mixin.py:188} INFO - [2023-12-31T05:39:13.336+0000] {dag.py:3820} INFO - Setting next_dagrun for example_subdag_operator to 2022-01-01T00:00:00+00:00, run_after=2022-01-01T00:00:00+00:00
[2023-12-31T05:39:13.342+0000] {logging_mixin.py:188} INFO - [2023-12-31T05:39:13.342+0000] {dag.py:3820} INFO - Setting next_dagrun for example_subdag_operator.section-1 to None, run_after=None
[2023-12-31T05:39:13.345+0000] {logging_mixin.py:188} INFO - [2023-12-31T05:39:13.345+0000] {dag.py:3820} INFO - Setting next_dagrun for example_subdag_operator.section-2 to None, run_after=None
[2023-12-31T05:39:13.357+0000] {logging_mixin.py:188} INFO - [2023-12-31T05:39:13.357+0000] {dag.py:3033} INFO - Sync 2 DAGs
[2023-12-31T05:39:13.365+0000] {logging_mixin.py:188} INFO - [2023-12-31T05:39:13.365+0000] {dag.py:3820} INFO - Setting next_dagrun for example_subdag_operator.section-1 to None, run_after=None
[2023-12-31T05:39:13.367+0000] {logging_mixin.py:188} INFO - [2023-12-31T05:39:13.367+0000] {dag.py:3820} INFO - Setting next_dagrun for example_subdag_operator.section-2 to None, run_after=None
[2023-12-31T05:39:13.389+0000] {processor.py:183} INFO - Processing /home/airflow/.local/lib/python3.8/site-packages/airflow/example_dags/example_subdag_operator.py took 0.145 seconds
[2023-12-31T05:39:43.533+0000] {processor.py:161} INFO - Started process (PID=1616) to work on /home/airflow/.local/lib/python3.8/site-packages/airflow/example_dags/example_subdag_operator.py
[2023-12-31T05:39:43.536+0000] {processor.py:830} INFO - Processing file /home/airflow/.local/lib/python3.8/site-packages/airflow/example_dags/example_subdag_operator.py for tasks to queue
[2023-12-31T05:39:43.542+0000] {logging_mixin.py:188} INFO - [2023-12-31T05:39:43.541+0000] {dagbag.py:538} INFO - Filling up the DagBag from /home/airflow/.local/lib/python3.8/site-packages/airflow/example_dags/example_subdag_operator.py
[2023-12-31T05:39:43.592+0000] {processor.py:840} INFO - DAG(s) 'example_subdag_operator.section-1', 'example_subdag_operator.section-2', 'example_subdag_operator' retrieved from /home/airflow/.local/lib/python3.8/site-packages/airflow/example_dags/example_subdag_operator.py
[2023-12-31T05:39:43.620+0000] {logging_mixin.py:188} INFO - [2023-12-31T05:39:43.619+0000] {dag.py:3033} INFO - Sync 3 DAGs
[2023-12-31T05:39:43.692+0000] {logging_mixin.py:188} INFO - [2023-12-31T05:39:43.692+0000] {dag.py:3820} INFO - Setting next_dagrun for example_subdag_operator to 2022-01-01T00:00:00+00:00, run_after=2022-01-01T00:00:00+00:00
[2023-12-31T05:39:43.703+0000] {logging_mixin.py:188} INFO - [2023-12-31T05:39:43.703+0000] {dag.py:3820} INFO - Setting next_dagrun for example_subdag_operator.section-1 to None, run_after=None
[2023-12-31T05:39:43.706+0000] {logging_mixin.py:188} INFO - [2023-12-31T05:39:43.706+0000] {dag.py:3820} INFO - Setting next_dagrun for example_subdag_operator.section-2 to None, run_after=None
[2023-12-31T05:39:43.728+0000] {logging_mixin.py:188} INFO - [2023-12-31T05:39:43.727+0000] {dag.py:3033} INFO - Sync 2 DAGs
[2023-12-31T05:39:43.740+0000] {logging_mixin.py:188} INFO - [2023-12-31T05:39:43.740+0000] {dag.py:3820} INFO - Setting next_dagrun for example_subdag_operator.section-1 to None, run_after=None
[2023-12-31T05:39:43.741+0000] {logging_mixin.py:188} INFO - [2023-12-31T05:39:43.741+0000] {dag.py:3820} INFO - Setting next_dagrun for example_subdag_operator.section-2 to None, run_after=None
[2023-12-31T05:39:43.771+0000] {processor.py:183} INFO - Processing /home/airflow/.local/lib/python3.8/site-packages/airflow/example_dags/example_subdag_operator.py took 0.243 seconds
[2023-12-31T05:40:14.317+0000] {processor.py:161} INFO - Started process (PID=1672) to work on /home/airflow/.local/lib/python3.8/site-packages/airflow/example_dags/example_subdag_operator.py
[2023-12-31T05:40:14.319+0000] {processor.py:830} INFO - Processing file /home/airflow/.local/lib/python3.8/site-packages/airflow/example_dags/example_subdag_operator.py for tasks to queue
[2023-12-31T05:40:14.322+0000] {logging_mixin.py:188} INFO - [2023-12-31T05:40:14.322+0000] {dagbag.py:538} INFO - Filling up the DagBag from /home/airflow/.local/lib/python3.8/site-packages/airflow/example_dags/example_subdag_operator.py
[2023-12-31T05:40:14.350+0000] {processor.py:840} INFO - DAG(s) 'example_subdag_operator.section-1', 'example_subdag_operator.section-2', 'example_subdag_operator' retrieved from /home/airflow/.local/lib/python3.8/site-packages/airflow/example_dags/example_subdag_operator.py
[2023-12-31T05:40:14.369+0000] {logging_mixin.py:188} INFO - [2023-12-31T05:40:14.369+0000] {dag.py:3033} INFO - Sync 3 DAGs
[2023-12-31T05:40:14.397+0000] {logging_mixin.py:188} INFO - [2023-12-31T05:40:14.397+0000] {dag.py:3820} INFO - Setting next_dagrun for example_subdag_operator to 2022-01-01T00:00:00+00:00, run_after=2022-01-01T00:00:00+00:00
[2023-12-31T05:40:14.402+0000] {logging_mixin.py:188} INFO - [2023-12-31T05:40:14.402+0000] {dag.py:3820} INFO - Setting next_dagrun for example_subdag_operator.section-1 to None, run_after=None
[2023-12-31T05:40:14.405+0000] {logging_mixin.py:188} INFO - [2023-12-31T05:40:14.405+0000] {dag.py:3820} INFO - Setting next_dagrun for example_subdag_operator.section-2 to None, run_after=None
[2023-12-31T05:40:14.416+0000] {logging_mixin.py:188} INFO - [2023-12-31T05:40:14.416+0000] {dag.py:3033} INFO - Sync 2 DAGs
[2023-12-31T05:40:14.425+0000] {logging_mixin.py:188} INFO - [2023-12-31T05:40:14.424+0000] {dag.py:3820} INFO - Setting next_dagrun for example_subdag_operator.section-1 to None, run_after=None
[2023-12-31T05:40:14.426+0000] {logging_mixin.py:188} INFO - [2023-12-31T05:40:14.425+0000] {dag.py:3820} INFO - Setting next_dagrun for example_subdag_operator.section-2 to None, run_after=None
[2023-12-31T05:40:14.445+0000] {processor.py:183} INFO - Processing /home/airflow/.local/lib/python3.8/site-packages/airflow/example_dags/example_subdag_operator.py took 0.132 seconds
[2023-12-31T05:40:45.125+0000] {processor.py:161} INFO - Started process (PID=1728) to work on /home/airflow/.local/lib/python3.8/site-packages/airflow/example_dags/example_subdag_operator.py
[2023-12-31T05:40:45.127+0000] {processor.py:830} INFO - Processing file /home/airflow/.local/lib/python3.8/site-packages/airflow/example_dags/example_subdag_operator.py for tasks to queue
[2023-12-31T05:40:45.129+0000] {logging_mixin.py:188} INFO - [2023-12-31T05:40:45.129+0000] {dagbag.py:538} INFO - Filling up the DagBag from /home/airflow/.local/lib/python3.8/site-packages/airflow/example_dags/example_subdag_operator.py
[2023-12-31T05:40:45.167+0000] {processor.py:840} INFO - DAG(s) 'example_subdag_operator.section-1', 'example_subdag_operator.section-2', 'example_subdag_operator' retrieved from /home/airflow/.local/lib/python3.8/site-packages/airflow/example_dags/example_subdag_operator.py
[2023-12-31T05:40:45.192+0000] {logging_mixin.py:188} INFO - [2023-12-31T05:40:45.191+0000] {dag.py:3033} INFO - Sync 3 DAGs
[2023-12-31T05:40:45.223+0000] {logging_mixin.py:188} INFO - [2023-12-31T05:40:45.223+0000] {dag.py:3820} INFO - Setting next_dagrun for example_subdag_operator to 2022-01-01T00:00:00+00:00, run_after=2022-01-01T00:00:00+00:00
[2023-12-31T05:40:45.228+0000] {logging_mixin.py:188} INFO - [2023-12-31T05:40:45.228+0000] {dag.py:3820} INFO - Setting next_dagrun for example_subdag_operator.section-1 to None, run_after=None
[2023-12-31T05:40:45.231+0000] {logging_mixin.py:188} INFO - [2023-12-31T05:40:45.230+0000] {dag.py:3820} INFO - Setting next_dagrun for example_subdag_operator.section-2 to None, run_after=None
[2023-12-31T05:40:45.243+0000] {logging_mixin.py:188} INFO - [2023-12-31T05:40:45.243+0000] {dag.py:3033} INFO - Sync 2 DAGs
[2023-12-31T05:40:45.252+0000] {logging_mixin.py:188} INFO - [2023-12-31T05:40:45.252+0000] {dag.py:3820} INFO - Setting next_dagrun for example_subdag_operator.section-1 to None, run_after=None
[2023-12-31T05:40:45.253+0000] {logging_mixin.py:188} INFO - [2023-12-31T05:40:45.253+0000] {dag.py:3820} INFO - Setting next_dagrun for example_subdag_operator.section-2 to None, run_after=None
[2023-12-31T05:40:45.560+0000] {processor.py:183} INFO - Processing /home/airflow/.local/lib/python3.8/site-packages/airflow/example_dags/example_subdag_operator.py took 0.438 seconds
[2023-12-31T05:41:15.818+0000] {processor.py:161} INFO - Started process (PID=1784) to work on /home/airflow/.local/lib/python3.8/site-packages/airflow/example_dags/example_subdag_operator.py
[2023-12-31T05:41:15.819+0000] {processor.py:830} INFO - Processing file /home/airflow/.local/lib/python3.8/site-packages/airflow/example_dags/example_subdag_operator.py for tasks to queue
[2023-12-31T05:41:15.823+0000] {logging_mixin.py:188} INFO - [2023-12-31T05:41:15.822+0000] {dagbag.py:538} INFO - Filling up the DagBag from /home/airflow/.local/lib/python3.8/site-packages/airflow/example_dags/example_subdag_operator.py
[2023-12-31T05:41:15.865+0000] {processor.py:840} INFO - DAG(s) 'example_subdag_operator.section-1', 'example_subdag_operator.section-2', 'example_subdag_operator' retrieved from /home/airflow/.local/lib/python3.8/site-packages/airflow/example_dags/example_subdag_operator.py
[2023-12-31T05:41:15.890+0000] {logging_mixin.py:188} INFO - [2023-12-31T05:41:15.890+0000] {dag.py:3033} INFO - Sync 3 DAGs
[2023-12-31T05:41:15.930+0000] {logging_mixin.py:188} INFO - [2023-12-31T05:41:15.930+0000] {dag.py:3820} INFO - Setting next_dagrun for example_subdag_operator to 2022-01-01T00:00:00+00:00, run_after=2022-01-01T00:00:00+00:00
[2023-12-31T05:41:15.937+0000] {logging_mixin.py:188} INFO - [2023-12-31T05:41:15.936+0000] {dag.py:3820} INFO - Setting next_dagrun for example_subdag_operator.section-1 to None, run_after=None
[2023-12-31T05:41:15.939+0000] {logging_mixin.py:188} INFO - [2023-12-31T05:41:15.939+0000] {dag.py:3820} INFO - Setting next_dagrun for example_subdag_operator.section-2 to None, run_after=None
[2023-12-31T05:41:15.952+0000] {logging_mixin.py:188} INFO - [2023-12-31T05:41:15.952+0000] {dag.py:3033} INFO - Sync 2 DAGs
[2023-12-31T05:41:16.135+0000] {logging_mixin.py:188} INFO - [2023-12-31T05:41:16.135+0000] {dag.py:3820} INFO - Setting next_dagrun for example_subdag_operator.section-1 to None, run_after=None
[2023-12-31T05:41:16.136+0000] {logging_mixin.py:188} INFO - [2023-12-31T05:41:16.136+0000] {dag.py:3820} INFO - Setting next_dagrun for example_subdag_operator.section-2 to None, run_after=None
[2023-12-31T05:41:16.181+0000] {processor.py:183} INFO - Processing /home/airflow/.local/lib/python3.8/site-packages/airflow/example_dags/example_subdag_operator.py took 0.368 seconds
[2023-12-31T05:41:46.330+0000] {processor.py:161} INFO - Started process (PID=1840) to work on /home/airflow/.local/lib/python3.8/site-packages/airflow/example_dags/example_subdag_operator.py
[2023-12-31T05:41:46.333+0000] {processor.py:830} INFO - Processing file /home/airflow/.local/lib/python3.8/site-packages/airflow/example_dags/example_subdag_operator.py for tasks to queue
[2023-12-31T05:41:46.338+0000] {logging_mixin.py:188} INFO - [2023-12-31T05:41:46.337+0000] {dagbag.py:538} INFO - Filling up the DagBag from /home/airflow/.local/lib/python3.8/site-packages/airflow/example_dags/example_subdag_operator.py
[2023-12-31T05:41:46.385+0000] {processor.py:840} INFO - DAG(s) 'example_subdag_operator.section-1', 'example_subdag_operator.section-2', 'example_subdag_operator' retrieved from /home/airflow/.local/lib/python3.8/site-packages/airflow/example_dags/example_subdag_operator.py
[2023-12-31T05:41:46.423+0000] {logging_mixin.py:188} INFO - [2023-12-31T05:41:46.422+0000] {dag.py:3033} INFO - Sync 3 DAGs
[2023-12-31T05:41:46.461+0000] {logging_mixin.py:188} INFO - [2023-12-31T05:41:46.460+0000] {dag.py:3820} INFO - Setting next_dagrun for example_subdag_operator to 2022-01-01T00:00:00+00:00, run_after=2022-01-01T00:00:00+00:00
[2023-12-31T05:41:46.468+0000] {logging_mixin.py:188} INFO - [2023-12-31T05:41:46.467+0000] {dag.py:3820} INFO - Setting next_dagrun for example_subdag_operator.section-1 to None, run_after=None
[2023-12-31T05:41:46.470+0000] {logging_mixin.py:188} INFO - [2023-12-31T05:41:46.470+0000] {dag.py:3820} INFO - Setting next_dagrun for example_subdag_operator.section-2 to None, run_after=None
[2023-12-31T05:41:46.480+0000] {logging_mixin.py:188} INFO - [2023-12-31T05:41:46.480+0000] {dag.py:3033} INFO - Sync 2 DAGs
[2023-12-31T05:41:46.490+0000] {logging_mixin.py:188} INFO - [2023-12-31T05:41:46.490+0000] {dag.py:3820} INFO - Setting next_dagrun for example_subdag_operator.section-1 to None, run_after=None
[2023-12-31T05:41:46.491+0000] {logging_mixin.py:188} INFO - [2023-12-31T05:41:46.491+0000] {dag.py:3820} INFO - Setting next_dagrun for example_subdag_operator.section-2 to None, run_after=None
[2023-12-31T05:41:46.519+0000] {processor.py:183} INFO - Processing /home/airflow/.local/lib/python3.8/site-packages/airflow/example_dags/example_subdag_operator.py took 0.193 seconds
[2023-12-31T05:42:16.740+0000] {processor.py:161} INFO - Started process (PID=1897) to work on /home/airflow/.local/lib/python3.8/site-packages/airflow/example_dags/example_subdag_operator.py
[2023-12-31T05:42:16.742+0000] {processor.py:830} INFO - Processing file /home/airflow/.local/lib/python3.8/site-packages/airflow/example_dags/example_subdag_operator.py for tasks to queue
[2023-12-31T05:42:16.746+0000] {logging_mixin.py:188} INFO - [2023-12-31T05:42:16.746+0000] {dagbag.py:538} INFO - Filling up the DagBag from /home/airflow/.local/lib/python3.8/site-packages/airflow/example_dags/example_subdag_operator.py
