[2023-12-31T05:24:50.289+0000] {processor.py:161} INFO - Started process (PID=134) to work on /home/airflow/.local/lib/python3.8/site-packages/airflow/example_dags/example_setup_teardown.py
[2023-12-31T05:24:50.291+0000] {processor.py:830} INFO - Processing file /home/airflow/.local/lib/python3.8/site-packages/airflow/example_dags/example_setup_teardown.py for tasks to queue
[2023-12-31T05:24:50.295+0000] {logging_mixin.py:188} INFO - [2023-12-31T05:24:50.295+0000] {dagbag.py:538} INFO - Filling up the DagBag from /home/airflow/.local/lib/python3.8/site-packages/airflow/example_dags/example_setup_teardown.py
[2023-12-31T05:24:50.327+0000] {processor.py:840} INFO - DAG(s) 'example_setup_teardown' retrieved from /home/airflow/.local/lib/python3.8/site-packages/airflow/example_dags/example_setup_teardown.py
[2023-12-31T05:24:50.579+0000] {logging_mixin.py:188} INFO - [2023-12-31T05:24:50.579+0000] {dag.py:3033} INFO - Sync 1 DAGs
[2023-12-31T05:24:50.618+0000] {logging_mixin.py:188} INFO - [2023-12-31T05:24:50.618+0000] {dag.py:3820} INFO - Setting next_dagrun for example_setup_teardown to 2023-12-30T00:00:00+00:00, run_after=2023-12-31T00:00:00+00:00
[2023-12-31T05:24:50.677+0000] {processor.py:183} INFO - Processing /home/airflow/.local/lib/python3.8/site-packages/airflow/example_dags/example_setup_teardown.py took 0.396 seconds
[2023-12-31T05:25:20.842+0000] {processor.py:161} INFO - Started process (PID=191) to work on /home/airflow/.local/lib/python3.8/site-packages/airflow/example_dags/example_setup_teardown.py
[2023-12-31T05:25:20.844+0000] {processor.py:830} INFO - Processing file /home/airflow/.local/lib/python3.8/site-packages/airflow/example_dags/example_setup_teardown.py for tasks to queue
[2023-12-31T05:25:20.847+0000] {logging_mixin.py:188} INFO - [2023-12-31T05:25:20.846+0000] {dagbag.py:538} INFO - Filling up the DagBag from /home/airflow/.local/lib/python3.8/site-packages/airflow/example_dags/example_setup_teardown.py
[2023-12-31T05:25:20.856+0000] {processor.py:840} INFO - DAG(s) 'example_setup_teardown' retrieved from /home/airflow/.local/lib/python3.8/site-packages/airflow/example_dags/example_setup_teardown.py
[2023-12-31T05:25:20.884+0000] {logging_mixin.py:188} INFO - [2023-12-31T05:25:20.883+0000] {dag.py:3033} INFO - Sync 1 DAGs
[2023-12-31T05:25:20.913+0000] {logging_mixin.py:188} INFO - [2023-12-31T05:25:20.912+0000] {dag.py:3820} INFO - Setting next_dagrun for example_setup_teardown to 2023-12-30T00:00:00+00:00, run_after=2023-12-31T00:00:00+00:00
[2023-12-31T05:25:20.948+0000] {processor.py:183} INFO - Processing /home/airflow/.local/lib/python3.8/site-packages/airflow/example_dags/example_setup_teardown.py took 0.111 seconds
[2023-12-31T05:26:14.769+0000] {processor.py:161} INFO - Started process (PID=247) to work on /home/airflow/.local/lib/python3.8/site-packages/airflow/example_dags/example_setup_teardown.py
[2023-12-31T05:26:14.770+0000] {processor.py:830} INFO - Processing file /home/airflow/.local/lib/python3.8/site-packages/airflow/example_dags/example_setup_teardown.py for tasks to queue
[2023-12-31T05:26:14.775+0000] {logging_mixin.py:188} INFO - [2023-12-31T05:26:14.775+0000] {dagbag.py:538} INFO - Filling up the DagBag from /home/airflow/.local/lib/python3.8/site-packages/airflow/example_dags/example_setup_teardown.py
[2023-12-31T05:26:14.793+0000] {processor.py:840} INFO - DAG(s) 'example_setup_teardown' retrieved from /home/airflow/.local/lib/python3.8/site-packages/airflow/example_dags/example_setup_teardown.py
[2023-12-31T05:26:14.846+0000] {logging_mixin.py:188} INFO - [2023-12-31T05:26:14.846+0000] {dag.py:3033} INFO - Sync 1 DAGs
[2023-12-31T05:26:14.901+0000] {logging_mixin.py:188} INFO - [2023-12-31T05:26:14.901+0000] {dag.py:3820} INFO - Setting next_dagrun for example_setup_teardown to 2023-12-30T00:00:00+00:00, run_after=2023-12-31T00:00:00+00:00
[2023-12-31T05:26:14.953+0000] {processor.py:183} INFO - Processing /home/airflow/.local/lib/python3.8/site-packages/airflow/example_dags/example_setup_teardown.py took 0.196 seconds
[2023-12-31T05:26:45.615+0000] {processor.py:161} INFO - Started process (PID=303) to work on /home/airflow/.local/lib/python3.8/site-packages/airflow/example_dags/example_setup_teardown.py
[2023-12-31T05:26:45.651+0000] {processor.py:830} INFO - Processing file /home/airflow/.local/lib/python3.8/site-packages/airflow/example_dags/example_setup_teardown.py for tasks to queue
[2023-12-31T05:26:45.655+0000] {logging_mixin.py:188} INFO - [2023-12-31T05:26:45.655+0000] {dagbag.py:538} INFO - Filling up the DagBag from /home/airflow/.local/lib/python3.8/site-packages/airflow/example_dags/example_setup_teardown.py
[2023-12-31T05:26:45.664+0000] {processor.py:840} INFO - DAG(s) 'example_setup_teardown' retrieved from /home/airflow/.local/lib/python3.8/site-packages/airflow/example_dags/example_setup_teardown.py
[2023-12-31T05:26:45.693+0000] {logging_mixin.py:188} INFO - [2023-12-31T05:26:45.693+0000] {dag.py:3033} INFO - Sync 1 DAGs
[2023-12-31T05:26:45.724+0000] {logging_mixin.py:188} INFO - [2023-12-31T05:26:45.724+0000] {dag.py:3820} INFO - Setting next_dagrun for example_setup_teardown to 2023-12-30T00:00:00+00:00, run_after=2023-12-31T00:00:00+00:00
[2023-12-31T05:26:46.517+0000] {processor.py:183} INFO - Processing /home/airflow/.local/lib/python3.8/site-packages/airflow/example_dags/example_setup_teardown.py took 0.906 seconds
[2023-12-31T05:27:17.968+0000] {processor.py:161} INFO - Started process (PID=359) to work on /home/airflow/.local/lib/python3.8/site-packages/airflow/example_dags/example_setup_teardown.py
[2023-12-31T05:27:17.978+0000] {processor.py:830} INFO - Processing file /home/airflow/.local/lib/python3.8/site-packages/airflow/example_dags/example_setup_teardown.py for tasks to queue
[2023-12-31T05:27:18.007+0000] {logging_mixin.py:188} INFO - [2023-12-31T05:27:18.007+0000] {dagbag.py:538} INFO - Filling up the DagBag from /home/airflow/.local/lib/python3.8/site-packages/airflow/example_dags/example_setup_teardown.py
[2023-12-31T05:27:18.055+0000] {processor.py:840} INFO - DAG(s) 'example_setup_teardown' retrieved from /home/airflow/.local/lib/python3.8/site-packages/airflow/example_dags/example_setup_teardown.py
[2023-12-31T05:27:18.089+0000] {logging_mixin.py:188} INFO - [2023-12-31T05:27:18.089+0000] {dag.py:3033} INFO - Sync 1 DAGs
[2023-12-31T05:27:18.122+0000] {logging_mixin.py:188} INFO - [2023-12-31T05:27:18.122+0000] {dag.py:3820} INFO - Setting next_dagrun for example_setup_teardown to 2023-12-30T00:00:00+00:00, run_after=2023-12-31T00:00:00+00:00
[2023-12-31T05:27:18.621+0000] {processor.py:183} INFO - Processing /home/airflow/.local/lib/python3.8/site-packages/airflow/example_dags/example_setup_teardown.py took 0.657 seconds
[2023-12-31T05:27:48.879+0000] {processor.py:161} INFO - Started process (PID=415) to work on /home/airflow/.local/lib/python3.8/site-packages/airflow/example_dags/example_setup_teardown.py
[2023-12-31T05:27:48.902+0000] {processor.py:830} INFO - Processing file /home/airflow/.local/lib/python3.8/site-packages/airflow/example_dags/example_setup_teardown.py for tasks to queue
[2023-12-31T05:27:48.906+0000] {logging_mixin.py:188} INFO - [2023-12-31T05:27:48.906+0000] {dagbag.py:538} INFO - Filling up the DagBag from /home/airflow/.local/lib/python3.8/site-packages/airflow/example_dags/example_setup_teardown.py
[2023-12-31T05:27:48.916+0000] {processor.py:840} INFO - DAG(s) 'example_setup_teardown' retrieved from /home/airflow/.local/lib/python3.8/site-packages/airflow/example_dags/example_setup_teardown.py
[2023-12-31T05:27:48.949+0000] {logging_mixin.py:188} INFO - [2023-12-31T05:27:48.949+0000] {dag.py:3033} INFO - Sync 1 DAGs
[2023-12-31T05:27:48.981+0000] {logging_mixin.py:188} INFO - [2023-12-31T05:27:48.980+0000] {dag.py:3820} INFO - Setting next_dagrun for example_setup_teardown to 2023-12-30T00:00:00+00:00, run_after=2023-12-31T00:00:00+00:00
[2023-12-31T05:27:49.313+0000] {processor.py:183} INFO - Processing /home/airflow/.local/lib/python3.8/site-packages/airflow/example_dags/example_setup_teardown.py took 0.440 seconds
[2023-12-31T05:28:20.077+0000] {processor.py:161} INFO - Started process (PID=471) to work on /home/airflow/.local/lib/python3.8/site-packages/airflow/example_dags/example_setup_teardown.py
[2023-12-31T05:28:20.079+0000] {processor.py:830} INFO - Processing file /home/airflow/.local/lib/python3.8/site-packages/airflow/example_dags/example_setup_teardown.py for tasks to queue
[2023-12-31T05:28:20.082+0000] {logging_mixin.py:188} INFO - [2023-12-31T05:28:20.081+0000] {dagbag.py:538} INFO - Filling up the DagBag from /home/airflow/.local/lib/python3.8/site-packages/airflow/example_dags/example_setup_teardown.py
[2023-12-31T05:28:20.091+0000] {processor.py:840} INFO - DAG(s) 'example_setup_teardown' retrieved from /home/airflow/.local/lib/python3.8/site-packages/airflow/example_dags/example_setup_teardown.py
[2023-12-31T05:28:20.123+0000] {logging_mixin.py:188} INFO - [2023-12-31T05:28:20.122+0000] {dag.py:3033} INFO - Sync 1 DAGs
[2023-12-31T05:28:20.154+0000] {logging_mixin.py:188} INFO - [2023-12-31T05:28:20.154+0000] {dag.py:3820} INFO - Setting next_dagrun for example_setup_teardown to 2023-12-30T00:00:00+00:00, run_after=2023-12-31T00:00:00+00:00
[2023-12-31T05:28:20.185+0000] {processor.py:183} INFO - Processing /home/airflow/.local/lib/python3.8/site-packages/airflow/example_dags/example_setup_teardown.py took 0.112 seconds
[2023-12-31T05:28:50.876+0000] {processor.py:161} INFO - Started process (PID=527) to work on /home/airflow/.local/lib/python3.8/site-packages/airflow/example_dags/example_setup_teardown.py
[2023-12-31T05:28:50.878+0000] {processor.py:830} INFO - Processing file /home/airflow/.local/lib/python3.8/site-packages/airflow/example_dags/example_setup_teardown.py for tasks to queue
[2023-12-31T05:28:50.881+0000] {logging_mixin.py:188} INFO - [2023-12-31T05:28:50.881+0000] {dagbag.py:538} INFO - Filling up the DagBag from /home/airflow/.local/lib/python3.8/site-packages/airflow/example_dags/example_setup_teardown.py
[2023-12-31T05:28:50.890+0000] {processor.py:840} INFO - DAG(s) 'example_setup_teardown' retrieved from /home/airflow/.local/lib/python3.8/site-packages/airflow/example_dags/example_setup_teardown.py
[2023-12-31T05:28:50.917+0000] {logging_mixin.py:188} INFO - [2023-12-31T05:28:50.916+0000] {dag.py:3033} INFO - Sync 1 DAGs
[2023-12-31T05:28:50.947+0000] {logging_mixin.py:188} INFO - [2023-12-31T05:28:50.947+0000] {dag.py:3820} INFO - Setting next_dagrun for example_setup_teardown to 2023-12-30T00:00:00+00:00, run_after=2023-12-31T00:00:00+00:00
[2023-12-31T05:28:50.978+0000] {processor.py:183} INFO - Processing /home/airflow/.local/lib/python3.8/site-packages/airflow/example_dags/example_setup_teardown.py took 0.107 seconds
[2023-12-31T05:29:21.704+0000] {processor.py:161} INFO - Started process (PID=583) to work on /home/airflow/.local/lib/python3.8/site-packages/airflow/example_dags/example_setup_teardown.py
[2023-12-31T05:29:21.706+0000] {processor.py:830} INFO - Processing file /home/airflow/.local/lib/python3.8/site-packages/airflow/example_dags/example_setup_teardown.py for tasks to queue
[2023-12-31T05:29:21.709+0000] {logging_mixin.py:188} INFO - [2023-12-31T05:29:21.709+0000] {dagbag.py:538} INFO - Filling up the DagBag from /home/airflow/.local/lib/python3.8/site-packages/airflow/example_dags/example_setup_teardown.py
[2023-12-31T05:29:21.717+0000] {processor.py:840} INFO - DAG(s) 'example_setup_teardown' retrieved from /home/airflow/.local/lib/python3.8/site-packages/airflow/example_dags/example_setup_teardown.py
[2023-12-31T05:29:21.754+0000] {logging_mixin.py:188} INFO - [2023-12-31T05:29:21.752+0000] {dag.py:3033} INFO - Sync 1 DAGs
[2023-12-31T05:29:21.794+0000] {logging_mixin.py:188} INFO - [2023-12-31T05:29:21.793+0000] {dag.py:3820} INFO - Setting next_dagrun for example_setup_teardown to 2023-12-30T00:00:00+00:00, run_after=2023-12-31T00:00:00+00:00
[2023-12-31T05:29:21.836+0000] {processor.py:183} INFO - Processing /home/airflow/.local/lib/python3.8/site-packages/airflow/example_dags/example_setup_teardown.py took 0.136 seconds
[2023-12-31T05:29:53.468+0000] {processor.py:161} INFO - Started process (PID=639) to work on /home/airflow/.local/lib/python3.8/site-packages/airflow/example_dags/example_setup_teardown.py
[2023-12-31T05:29:53.471+0000] {processor.py:830} INFO - Processing file /home/airflow/.local/lib/python3.8/site-packages/airflow/example_dags/example_setup_teardown.py for tasks to queue
[2023-12-31T05:29:53.485+0000] {logging_mixin.py:188} INFO - [2023-12-31T05:29:53.484+0000] {dagbag.py:538} INFO - Filling up the DagBag from /home/airflow/.local/lib/python3.8/site-packages/airflow/example_dags/example_setup_teardown.py
[2023-12-31T05:29:53.509+0000] {processor.py:840} INFO - DAG(s) 'example_setup_teardown' retrieved from /home/airflow/.local/lib/python3.8/site-packages/airflow/example_dags/example_setup_teardown.py
[2023-12-31T05:29:53.567+0000] {logging_mixin.py:188} INFO - [2023-12-31T05:29:53.567+0000] {dag.py:3033} INFO - Sync 1 DAGs
[2023-12-31T05:29:53.644+0000] {logging_mixin.py:188} INFO - [2023-12-31T05:29:53.634+0000] {dag.py:3820} INFO - Setting next_dagrun for example_setup_teardown to 2023-12-30T00:00:00+00:00, run_after=2023-12-31T00:00:00+00:00
[2023-12-31T05:29:53.726+0000] {processor.py:183} INFO - Processing /home/airflow/.local/lib/python3.8/site-packages/airflow/example_dags/example_setup_teardown.py took 0.267 seconds
[2023-12-31T05:30:24.385+0000] {processor.py:161} INFO - Started process (PID=698) to work on /home/airflow/.local/lib/python3.8/site-packages/airflow/example_dags/example_setup_teardown.py
[2023-12-31T05:30:24.386+0000] {processor.py:830} INFO - Processing file /home/airflow/.local/lib/python3.8/site-packages/airflow/example_dags/example_setup_teardown.py for tasks to queue
[2023-12-31T05:30:24.389+0000] {logging_mixin.py:188} INFO - [2023-12-31T05:30:24.389+0000] {dagbag.py:538} INFO - Filling up the DagBag from /home/airflow/.local/lib/python3.8/site-packages/airflow/example_dags/example_setup_teardown.py
[2023-12-31T05:30:24.398+0000] {processor.py:840} INFO - DAG(s) 'example_setup_teardown' retrieved from /home/airflow/.local/lib/python3.8/site-packages/airflow/example_dags/example_setup_teardown.py
[2023-12-31T05:30:24.424+0000] {logging_mixin.py:188} INFO - [2023-12-31T05:30:24.424+0000] {dag.py:3033} INFO - Sync 1 DAGs
[2023-12-31T05:30:24.452+0000] {logging_mixin.py:188} INFO - [2023-12-31T05:30:24.452+0000] {dag.py:3820} INFO - Setting next_dagrun for example_setup_teardown to 2023-12-30T00:00:00+00:00, run_after=2023-12-31T00:00:00+00:00
[2023-12-31T05:30:24.477+0000] {processor.py:183} INFO - Processing /home/airflow/.local/lib/python3.8/site-packages/airflow/example_dags/example_setup_teardown.py took 0.097 seconds
[2023-12-31T05:30:54.970+0000] {processor.py:161} INFO - Started process (PID=754) to work on /home/airflow/.local/lib/python3.8/site-packages/airflow/example_dags/example_setup_teardown.py
[2023-12-31T05:30:54.972+0000] {processor.py:830} INFO - Processing file /home/airflow/.local/lib/python3.8/site-packages/airflow/example_dags/example_setup_teardown.py for tasks to queue
[2023-12-31T05:30:54.974+0000] {logging_mixin.py:188} INFO - [2023-12-31T05:30:54.974+0000] {dagbag.py:538} INFO - Filling up the DagBag from /home/airflow/.local/lib/python3.8/site-packages/airflow/example_dags/example_setup_teardown.py
[2023-12-31T05:30:54.982+0000] {processor.py:840} INFO - DAG(s) 'example_setup_teardown' retrieved from /home/airflow/.local/lib/python3.8/site-packages/airflow/example_dags/example_setup_teardown.py
[2023-12-31T05:30:55.008+0000] {logging_mixin.py:188} INFO - [2023-12-31T05:30:55.008+0000] {dag.py:3033} INFO - Sync 1 DAGs
[2023-12-31T05:30:55.035+0000] {logging_mixin.py:188} INFO - [2023-12-31T05:30:55.034+0000] {dag.py:3820} INFO - Setting next_dagrun for example_setup_teardown to 2023-12-30T00:00:00+00:00, run_after=2023-12-31T00:00:00+00:00
[2023-12-31T05:30:55.063+0000] {processor.py:183} INFO - Processing /home/airflow/.local/lib/python3.8/site-packages/airflow/example_dags/example_setup_teardown.py took 0.097 seconds
[2023-12-31T05:31:25.402+0000] {processor.py:161} INFO - Started process (PID=809) to work on /home/airflow/.local/lib/python3.8/site-packages/airflow/example_dags/example_setup_teardown.py
[2023-12-31T05:31:25.405+0000] {processor.py:830} INFO - Processing file /home/airflow/.local/lib/python3.8/site-packages/airflow/example_dags/example_setup_teardown.py for tasks to queue
[2023-12-31T05:31:25.410+0000] {logging_mixin.py:188} INFO - [2023-12-31T05:31:25.410+0000] {dagbag.py:538} INFO - Filling up the DagBag from /home/airflow/.local/lib/python3.8/site-packages/airflow/example_dags/example_setup_teardown.py
[2023-12-31T05:31:25.421+0000] {processor.py:840} INFO - DAG(s) 'example_setup_teardown' retrieved from /home/airflow/.local/lib/python3.8/site-packages/airflow/example_dags/example_setup_teardown.py
[2023-12-31T05:31:25.449+0000] {logging_mixin.py:188} INFO - [2023-12-31T05:31:25.448+0000] {dag.py:3033} INFO - Sync 1 DAGs
[2023-12-31T05:31:25.480+0000] {logging_mixin.py:188} INFO - [2023-12-31T05:31:25.479+0000] {dag.py:3820} INFO - Setting next_dagrun for example_setup_teardown to 2023-12-30T00:00:00+00:00, run_after=2023-12-31T00:00:00+00:00
[2023-12-31T05:31:25.517+0000] {processor.py:183} INFO - Processing /home/airflow/.local/lib/python3.8/site-packages/airflow/example_dags/example_setup_teardown.py took 0.119 seconds
[2023-12-31T05:31:55.594+0000] {processor.py:161} INFO - Started process (PID=865) to work on /home/airflow/.local/lib/python3.8/site-packages/airflow/example_dags/example_setup_teardown.py
[2023-12-31T05:31:55.596+0000] {processor.py:830} INFO - Processing file /home/airflow/.local/lib/python3.8/site-packages/airflow/example_dags/example_setup_teardown.py for tasks to queue
[2023-12-31T05:31:55.599+0000] {logging_mixin.py:188} INFO - [2023-12-31T05:31:55.599+0000] {dagbag.py:538} INFO - Filling up the DagBag from /home/airflow/.local/lib/python3.8/site-packages/airflow/example_dags/example_setup_teardown.py
[2023-12-31T05:31:55.609+0000] {processor.py:840} INFO - DAG(s) 'example_setup_teardown' retrieved from /home/airflow/.local/lib/python3.8/site-packages/airflow/example_dags/example_setup_teardown.py
[2023-12-31T05:31:55.637+0000] {logging_mixin.py:188} INFO - [2023-12-31T05:31:55.636+0000] {dag.py:3033} INFO - Sync 1 DAGs
[2023-12-31T05:31:55.668+0000] {logging_mixin.py:188} INFO - [2023-12-31T05:31:55.668+0000] {dag.py:3820} INFO - Setting next_dagrun for example_setup_teardown to 2023-12-30T00:00:00+00:00, run_after=2023-12-31T00:00:00+00:00
[2023-12-31T05:31:55.702+0000] {processor.py:183} INFO - Processing /home/airflow/.local/lib/python3.8/site-packages/airflow/example_dags/example_setup_teardown.py took 0.112 seconds
[2023-12-31T05:32:27.529+0000] {processor.py:161} INFO - Started process (PID=923) to work on /home/airflow/.local/lib/python3.8/site-packages/airflow/example_dags/example_setup_teardown.py
[2023-12-31T05:32:27.536+0000] {processor.py:830} INFO - Processing file /home/airflow/.local/lib/python3.8/site-packages/airflow/example_dags/example_setup_teardown.py for tasks to queue
[2023-12-31T05:32:27.540+0000] {logging_mixin.py:188} INFO - [2023-12-31T05:32:27.540+0000] {dagbag.py:538} INFO - Filling up the DagBag from /home/airflow/.local/lib/python3.8/site-packages/airflow/example_dags/example_setup_teardown.py
[2023-12-31T05:32:27.552+0000] {processor.py:840} INFO - DAG(s) 'example_setup_teardown' retrieved from /home/airflow/.local/lib/python3.8/site-packages/airflow/example_dags/example_setup_teardown.py
[2023-12-31T05:32:27.599+0000] {logging_mixin.py:188} INFO - [2023-12-31T05:32:27.599+0000] {dag.py:3033} INFO - Sync 1 DAGs
[2023-12-31T05:32:27.669+0000] {logging_mixin.py:188} INFO - [2023-12-31T05:32:27.668+0000] {dag.py:3820} INFO - Setting next_dagrun for example_setup_teardown to 2023-12-30T00:00:00+00:00, run_after=2023-12-31T00:00:00+00:00
[2023-12-31T05:32:27.747+0000] {processor.py:183} INFO - Processing /home/airflow/.local/lib/python3.8/site-packages/airflow/example_dags/example_setup_teardown.py took 0.224 seconds
[2023-12-31T05:33:14.710+0000] {processor.py:161} INFO - Started process (PID=982) to work on /home/airflow/.local/lib/python3.8/site-packages/airflow/example_dags/example_setup_teardown.py
[2023-12-31T05:33:14.733+0000] {processor.py:830} INFO - Processing file /home/airflow/.local/lib/python3.8/site-packages/airflow/example_dags/example_setup_teardown.py for tasks to queue
[2023-12-31T05:33:14.743+0000] {logging_mixin.py:188} INFO - [2023-12-31T05:33:14.743+0000] {dagbag.py:538} INFO - Filling up the DagBag from /home/airflow/.local/lib/python3.8/site-packages/airflow/example_dags/example_setup_teardown.py
[2023-12-31T05:33:14.885+0000] {processor.py:840} INFO - DAG(s) 'example_setup_teardown' retrieved from /home/airflow/.local/lib/python3.8/site-packages/airflow/example_dags/example_setup_teardown.py
[2023-12-31T05:33:16.065+0000] {logging_mixin.py:188} INFO - [2023-12-31T05:33:16.064+0000] {dag.py:3033} INFO - Sync 1 DAGs
[2023-12-31T05:33:16.189+0000] {logging_mixin.py:188} INFO - [2023-12-31T05:33:16.189+0000] {dag.py:3820} INFO - Setting next_dagrun for example_setup_teardown to 2023-12-30T00:00:00+00:00, run_after=2023-12-31T00:00:00+00:00
[2023-12-31T05:33:16.265+0000] {processor.py:183} INFO - Processing /home/airflow/.local/lib/python3.8/site-packages/airflow/example_dags/example_setup_teardown.py took 1.559 seconds
[2023-12-31T05:33:49.924+0000] {processor.py:161} INFO - Started process (PID=1033) to work on /home/airflow/.local/lib/python3.8/site-packages/airflow/example_dags/example_setup_teardown.py
[2023-12-31T05:33:49.926+0000] {processor.py:830} INFO - Processing file /home/airflow/.local/lib/python3.8/site-packages/airflow/example_dags/example_setup_teardown.py for tasks to queue
[2023-12-31T05:33:49.930+0000] {logging_mixin.py:188} INFO - [2023-12-31T05:33:49.929+0000] {dagbag.py:538} INFO - Filling up the DagBag from /home/airflow/.local/lib/python3.8/site-packages/airflow/example_dags/example_setup_teardown.py
[2023-12-31T05:33:49.945+0000] {processor.py:840} INFO - DAG(s) 'example_setup_teardown' retrieved from /home/airflow/.local/lib/python3.8/site-packages/airflow/example_dags/example_setup_teardown.py
[2023-12-31T05:33:49.983+0000] {logging_mixin.py:188} INFO - [2023-12-31T05:33:49.982+0000] {dag.py:3033} INFO - Sync 1 DAGs
[2023-12-31T05:33:50.029+0000] {logging_mixin.py:188} INFO - [2023-12-31T05:33:50.028+0000] {dag.py:3820} INFO - Setting next_dagrun for example_setup_teardown to 2023-12-30T00:00:00+00:00, run_after=2023-12-31T00:00:00+00:00
[2023-12-31T05:33:50.069+0000] {processor.py:183} INFO - Processing /home/airflow/.local/lib/python3.8/site-packages/airflow/example_dags/example_setup_teardown.py took 0.153 seconds
[2023-12-31T05:34:44.520+0000] {processor.py:161} INFO - Started process (PID=1096) to work on /home/airflow/.local/lib/python3.8/site-packages/airflow/example_dags/example_setup_teardown.py
[2023-12-31T05:34:44.527+0000] {processor.py:830} INFO - Processing file /home/airflow/.local/lib/python3.8/site-packages/airflow/example_dags/example_setup_teardown.py for tasks to queue
[2023-12-31T05:34:44.533+0000] {logging_mixin.py:188} INFO - [2023-12-31T05:34:44.532+0000] {dagbag.py:538} INFO - Filling up the DagBag from /home/airflow/.local/lib/python3.8/site-packages/airflow/example_dags/example_setup_teardown.py
[2023-12-31T05:34:44.548+0000] {processor.py:840} INFO - DAG(s) 'example_setup_teardown' retrieved from /home/airflow/.local/lib/python3.8/site-packages/airflow/example_dags/example_setup_teardown.py
[2023-12-31T05:34:44.579+0000] {logging_mixin.py:188} INFO - [2023-12-31T05:34:44.579+0000] {dag.py:3033} INFO - Sync 1 DAGs
[2023-12-31T05:34:44.621+0000] {logging_mixin.py:188} INFO - [2023-12-31T05:34:44.621+0000] {dag.py:3820} INFO - Setting next_dagrun for example_setup_teardown to 2023-12-30T00:00:00+00:00, run_after=2023-12-31T00:00:00+00:00
[2023-12-31T05:34:44.659+0000] {processor.py:183} INFO - Processing /home/airflow/.local/lib/python3.8/site-packages/airflow/example_dags/example_setup_teardown.py took 0.150 seconds
[2023-12-31T05:35:15.808+0000] {processor.py:161} INFO - Started process (PID=1152) to work on /home/airflow/.local/lib/python3.8/site-packages/airflow/example_dags/example_setup_teardown.py
[2023-12-31T05:35:15.818+0000] {processor.py:830} INFO - Processing file /home/airflow/.local/lib/python3.8/site-packages/airflow/example_dags/example_setup_teardown.py for tasks to queue
[2023-12-31T05:35:15.825+0000] {logging_mixin.py:188} INFO - [2023-12-31T05:35:15.824+0000] {dagbag.py:538} INFO - Filling up the DagBag from /home/airflow/.local/lib/python3.8/site-packages/airflow/example_dags/example_setup_teardown.py
[2023-12-31T05:35:15.844+0000] {processor.py:840} INFO - DAG(s) 'example_setup_teardown' retrieved from /home/airflow/.local/lib/python3.8/site-packages/airflow/example_dags/example_setup_teardown.py
[2023-12-31T05:35:15.926+0000] {logging_mixin.py:188} INFO - [2023-12-31T05:35:15.925+0000] {dag.py:3033} INFO - Sync 1 DAGs
[2023-12-31T05:35:15.988+0000] {logging_mixin.py:188} INFO - [2023-12-31T05:35:15.988+0000] {dag.py:3820} INFO - Setting next_dagrun for example_setup_teardown to 2023-12-30T00:00:00+00:00, run_after=2023-12-31T00:00:00+00:00
[2023-12-31T05:35:16.038+0000] {processor.py:183} INFO - Processing /home/airflow/.local/lib/python3.8/site-packages/airflow/example_dags/example_setup_teardown.py took 0.239 seconds
[2023-12-31T05:35:49.824+0000] {processor.py:161} INFO - Started process (PID=1208) to work on /home/airflow/.local/lib/python3.8/site-packages/airflow/example_dags/example_setup_teardown.py
[2023-12-31T05:35:49.829+0000] {processor.py:830} INFO - Processing file /home/airflow/.local/lib/python3.8/site-packages/airflow/example_dags/example_setup_teardown.py for tasks to queue
[2023-12-31T05:35:49.834+0000] {logging_mixin.py:188} INFO - [2023-12-31T05:35:49.834+0000] {dagbag.py:538} INFO - Filling up the DagBag from /home/airflow/.local/lib/python3.8/site-packages/airflow/example_dags/example_setup_teardown.py
[2023-12-31T05:35:49.858+0000] {processor.py:840} INFO - DAG(s) 'example_setup_teardown' retrieved from /home/airflow/.local/lib/python3.8/site-packages/airflow/example_dags/example_setup_teardown.py
[2023-12-31T05:35:49.906+0000] {logging_mixin.py:188} INFO - [2023-12-31T05:35:49.905+0000] {dag.py:3033} INFO - Sync 1 DAGs
[2023-12-31T05:35:49.964+0000] {logging_mixin.py:188} INFO - [2023-12-31T05:35:49.964+0000] {dag.py:3820} INFO - Setting next_dagrun for example_setup_teardown to 2023-12-30T00:00:00+00:00, run_after=2023-12-31T00:00:00+00:00
[2023-12-31T05:35:50.009+0000] {processor.py:183} INFO - Processing /home/airflow/.local/lib/python3.8/site-packages/airflow/example_dags/example_setup_teardown.py took 0.192 seconds
[2023-12-31T05:36:21.003+0000] {processor.py:161} INFO - Started process (PID=1264) to work on /home/airflow/.local/lib/python3.8/site-packages/airflow/example_dags/example_setup_teardown.py
[2023-12-31T05:36:21.011+0000] {processor.py:830} INFO - Processing file /home/airflow/.local/lib/python3.8/site-packages/airflow/example_dags/example_setup_teardown.py for tasks to queue
[2023-12-31T05:36:21.030+0000] {logging_mixin.py:188} INFO - [2023-12-31T05:36:21.027+0000] {dagbag.py:538} INFO - Filling up the DagBag from /home/airflow/.local/lib/python3.8/site-packages/airflow/example_dags/example_setup_teardown.py
[2023-12-31T05:36:21.064+0000] {processor.py:840} INFO - DAG(s) 'example_setup_teardown' retrieved from /home/airflow/.local/lib/python3.8/site-packages/airflow/example_dags/example_setup_teardown.py
[2023-12-31T05:36:21.202+0000] {logging_mixin.py:188} INFO - [2023-12-31T05:36:21.202+0000] {dag.py:3033} INFO - Sync 1 DAGs
[2023-12-31T05:36:21.350+0000] {logging_mixin.py:188} INFO - [2023-12-31T05:36:21.350+0000] {dag.py:3820} INFO - Setting next_dagrun for example_setup_teardown to 2023-12-30T00:00:00+00:00, run_after=2023-12-31T00:00:00+00:00
[2023-12-31T05:36:21.417+0000] {processor.py:183} INFO - Processing /home/airflow/.local/lib/python3.8/site-packages/airflow/example_dags/example_setup_teardown.py took 0.455 seconds
[2023-12-31T05:36:52.723+0000] {processor.py:161} INFO - Started process (PID=1321) to work on /home/airflow/.local/lib/python3.8/site-packages/airflow/example_dags/example_setup_teardown.py
[2023-12-31T05:36:52.725+0000] {processor.py:830} INFO - Processing file /home/airflow/.local/lib/python3.8/site-packages/airflow/example_dags/example_setup_teardown.py for tasks to queue
[2023-12-31T05:36:52.731+0000] {logging_mixin.py:188} INFO - [2023-12-31T05:36:52.731+0000] {dagbag.py:538} INFO - Filling up the DagBag from /home/airflow/.local/lib/python3.8/site-packages/airflow/example_dags/example_setup_teardown.py
[2023-12-31T05:36:52.753+0000] {processor.py:840} INFO - DAG(s) 'example_setup_teardown' retrieved from /home/airflow/.local/lib/python3.8/site-packages/airflow/example_dags/example_setup_teardown.py
[2023-12-31T05:36:52.841+0000] {logging_mixin.py:188} INFO - [2023-12-31T05:36:52.840+0000] {dag.py:3033} INFO - Sync 1 DAGs
[2023-12-31T05:36:52.956+0000] {logging_mixin.py:188} INFO - [2023-12-31T05:36:52.952+0000] {dag.py:3820} INFO - Setting next_dagrun for example_setup_teardown to 2023-12-30T00:00:00+00:00, run_after=2023-12-31T00:00:00+00:00
[2023-12-31T05:36:53.013+0000] {processor.py:183} INFO - Processing /home/airflow/.local/lib/python3.8/site-packages/airflow/example_dags/example_setup_teardown.py took 0.303 seconds
[2023-12-31T05:37:23.748+0000] {processor.py:161} INFO - Started process (PID=1377) to work on /home/airflow/.local/lib/python3.8/site-packages/airflow/example_dags/example_setup_teardown.py
[2023-12-31T05:37:23.750+0000] {processor.py:830} INFO - Processing file /home/airflow/.local/lib/python3.8/site-packages/airflow/example_dags/example_setup_teardown.py for tasks to queue
[2023-12-31T05:37:23.755+0000] {logging_mixin.py:188} INFO - [2023-12-31T05:37:23.754+0000] {dagbag.py:538} INFO - Filling up the DagBag from /home/airflow/.local/lib/python3.8/site-packages/airflow/example_dags/example_setup_teardown.py
[2023-12-31T05:37:23.766+0000] {processor.py:840} INFO - DAG(s) 'example_setup_teardown' retrieved from /home/airflow/.local/lib/python3.8/site-packages/airflow/example_dags/example_setup_teardown.py
[2023-12-31T05:37:23.812+0000] {logging_mixin.py:188} INFO - [2023-12-31T05:37:23.812+0000] {dag.py:3033} INFO - Sync 1 DAGs
[2023-12-31T05:37:23.863+0000] {logging_mixin.py:188} INFO - [2023-12-31T05:37:23.863+0000] {dag.py:3820} INFO - Setting next_dagrun for example_setup_teardown to 2023-12-30T00:00:00+00:00, run_after=2023-12-31T00:00:00+00:00
[2023-12-31T05:37:23.919+0000] {processor.py:183} INFO - Processing /home/airflow/.local/lib/python3.8/site-packages/airflow/example_dags/example_setup_teardown.py took 0.178 seconds
[2023-12-31T05:37:54.211+0000] {processor.py:161} INFO - Started process (PID=1433) to work on /home/airflow/.local/lib/python3.8/site-packages/airflow/example_dags/example_setup_teardown.py
[2023-12-31T05:37:54.213+0000] {processor.py:830} INFO - Processing file /home/airflow/.local/lib/python3.8/site-packages/airflow/example_dags/example_setup_teardown.py for tasks to queue
[2023-12-31T05:37:54.216+0000] {logging_mixin.py:188} INFO - [2023-12-31T05:37:54.216+0000] {dagbag.py:538} INFO - Filling up the DagBag from /home/airflow/.local/lib/python3.8/site-packages/airflow/example_dags/example_setup_teardown.py
[2023-12-31T05:37:54.229+0000] {processor.py:840} INFO - DAG(s) 'example_setup_teardown' retrieved from /home/airflow/.local/lib/python3.8/site-packages/airflow/example_dags/example_setup_teardown.py
[2023-12-31T05:37:54.266+0000] {logging_mixin.py:188} INFO - [2023-12-31T05:37:54.266+0000] {dag.py:3033} INFO - Sync 1 DAGs
[2023-12-31T05:37:54.309+0000] {logging_mixin.py:188} INFO - [2023-12-31T05:37:54.308+0000] {dag.py:3820} INFO - Setting next_dagrun for example_setup_teardown to 2023-12-30T00:00:00+00:00, run_after=2023-12-31T00:00:00+00:00
[2023-12-31T05:37:54.354+0000] {processor.py:183} INFO - Processing /home/airflow/.local/lib/python3.8/site-packages/airflow/example_dags/example_setup_teardown.py took 0.149 seconds
[2023-12-31T05:38:25.711+0000] {processor.py:161} INFO - Started process (PID=1489) to work on /home/airflow/.local/lib/python3.8/site-packages/airflow/example_dags/example_setup_teardown.py
[2023-12-31T05:38:25.714+0000] {processor.py:830} INFO - Processing file /home/airflow/.local/lib/python3.8/site-packages/airflow/example_dags/example_setup_teardown.py for tasks to queue
[2023-12-31T05:38:25.718+0000] {logging_mixin.py:188} INFO - [2023-12-31T05:38:25.718+0000] {dagbag.py:538} INFO - Filling up the DagBag from /home/airflow/.local/lib/python3.8/site-packages/airflow/example_dags/example_setup_teardown.py
[2023-12-31T05:38:25.735+0000] {processor.py:840} INFO - DAG(s) 'example_setup_teardown' retrieved from /home/airflow/.local/lib/python3.8/site-packages/airflow/example_dags/example_setup_teardown.py
[2023-12-31T05:38:25.787+0000] {logging_mixin.py:188} INFO - [2023-12-31T05:38:25.787+0000] {dag.py:3033} INFO - Sync 1 DAGs
[2023-12-31T05:38:25.857+0000] {logging_mixin.py:188} INFO - [2023-12-31T05:38:25.853+0000] {dag.py:3820} INFO - Setting next_dagrun for example_setup_teardown to 2023-12-30T00:00:00+00:00, run_after=2023-12-31T00:00:00+00:00
[2023-12-31T05:38:25.943+0000] {processor.py:183} INFO - Processing /home/airflow/.local/lib/python3.8/site-packages/airflow/example_dags/example_setup_teardown.py took 0.237 seconds
[2023-12-31T05:38:56.439+0000] {processor.py:161} INFO - Started process (PID=1544) to work on /home/airflow/.local/lib/python3.8/site-packages/airflow/example_dags/example_setup_teardown.py
[2023-12-31T05:38:56.440+0000] {processor.py:830} INFO - Processing file /home/airflow/.local/lib/python3.8/site-packages/airflow/example_dags/example_setup_teardown.py for tasks to queue
[2023-12-31T05:38:56.443+0000] {logging_mixin.py:188} INFO - [2023-12-31T05:38:56.442+0000] {dagbag.py:538} INFO - Filling up the DagBag from /home/airflow/.local/lib/python3.8/site-packages/airflow/example_dags/example_setup_teardown.py
[2023-12-31T05:38:56.455+0000] {processor.py:840} INFO - DAG(s) 'example_setup_teardown' retrieved from /home/airflow/.local/lib/python3.8/site-packages/airflow/example_dags/example_setup_teardown.py
[2023-12-31T05:38:56.481+0000] {logging_mixin.py:188} INFO - [2023-12-31T05:38:56.481+0000] {dag.py:3033} INFO - Sync 1 DAGs
[2023-12-31T05:38:56.515+0000] {logging_mixin.py:188} INFO - [2023-12-31T05:38:56.514+0000] {dag.py:3820} INFO - Setting next_dagrun for example_setup_teardown to 2023-12-30T00:00:00+00:00, run_after=2023-12-31T00:00:00+00:00
[2023-12-31T05:38:56.548+0000] {processor.py:183} INFO - Processing /home/airflow/.local/lib/python3.8/site-packages/airflow/example_dags/example_setup_teardown.py took 0.114 seconds
[2023-12-31T05:39:26.747+0000] {processor.py:161} INFO - Started process (PID=1600) to work on /home/airflow/.local/lib/python3.8/site-packages/airflow/example_dags/example_setup_teardown.py
[2023-12-31T05:39:26.760+0000] {processor.py:830} INFO - Processing file /home/airflow/.local/lib/python3.8/site-packages/airflow/example_dags/example_setup_teardown.py for tasks to queue
[2023-12-31T05:39:26.763+0000] {logging_mixin.py:188} INFO - [2023-12-31T05:39:26.763+0000] {dagbag.py:538} INFO - Filling up the DagBag from /home/airflow/.local/lib/python3.8/site-packages/airflow/example_dags/example_setup_teardown.py
[2023-12-31T05:39:26.773+0000] {processor.py:840} INFO - DAG(s) 'example_setup_teardown' retrieved from /home/airflow/.local/lib/python3.8/site-packages/airflow/example_dags/example_setup_teardown.py
[2023-12-31T05:39:26.806+0000] {logging_mixin.py:188} INFO - [2023-12-31T05:39:26.805+0000] {dag.py:3033} INFO - Sync 1 DAGs
[2023-12-31T05:39:26.836+0000] {logging_mixin.py:188} INFO - [2023-12-31T05:39:26.836+0000] {dag.py:3820} INFO - Setting next_dagrun for example_setup_teardown to 2023-12-30T00:00:00+00:00, run_after=2023-12-31T00:00:00+00:00
[2023-12-31T05:39:26.866+0000] {processor.py:183} INFO - Processing /home/airflow/.local/lib/python3.8/site-packages/airflow/example_dags/example_setup_teardown.py took 0.124 seconds
[2023-12-31T05:39:57.478+0000] {processor.py:161} INFO - Started process (PID=1656) to work on /home/airflow/.local/lib/python3.8/site-packages/airflow/example_dags/example_setup_teardown.py
[2023-12-31T05:39:57.480+0000] {processor.py:830} INFO - Processing file /home/airflow/.local/lib/python3.8/site-packages/airflow/example_dags/example_setup_teardown.py for tasks to queue
[2023-12-31T05:39:57.486+0000] {logging_mixin.py:188} INFO - [2023-12-31T05:39:57.485+0000] {dagbag.py:538} INFO - Filling up the DagBag from /home/airflow/.local/lib/python3.8/site-packages/airflow/example_dags/example_setup_teardown.py
[2023-12-31T05:39:57.502+0000] {processor.py:840} INFO - DAG(s) 'example_setup_teardown' retrieved from /home/airflow/.local/lib/python3.8/site-packages/airflow/example_dags/example_setup_teardown.py
[2023-12-31T05:39:57.562+0000] {logging_mixin.py:188} INFO - [2023-12-31T05:39:57.561+0000] {dag.py:3033} INFO - Sync 1 DAGs
[2023-12-31T05:39:57.632+0000] {logging_mixin.py:188} INFO - [2023-12-31T05:39:57.631+0000] {dag.py:3820} INFO - Setting next_dagrun for example_setup_teardown to 2023-12-30T00:00:00+00:00, run_after=2023-12-31T00:00:00+00:00
[2023-12-31T05:39:57.718+0000] {processor.py:183} INFO - Processing /home/airflow/.local/lib/python3.8/site-packages/airflow/example_dags/example_setup_teardown.py took 0.248 seconds
[2023-12-31T05:40:27.905+0000] {processor.py:161} INFO - Started process (PID=1712) to work on /home/airflow/.local/lib/python3.8/site-packages/airflow/example_dags/example_setup_teardown.py
[2023-12-31T05:40:27.909+0000] {processor.py:830} INFO - Processing file /home/airflow/.local/lib/python3.8/site-packages/airflow/example_dags/example_setup_teardown.py for tasks to queue
[2023-12-31T05:40:27.914+0000] {logging_mixin.py:188} INFO - [2023-12-31T05:40:27.914+0000] {dagbag.py:538} INFO - Filling up the DagBag from /home/airflow/.local/lib/python3.8/site-packages/airflow/example_dags/example_setup_teardown.py
[2023-12-31T05:40:27.926+0000] {processor.py:840} INFO - DAG(s) 'example_setup_teardown' retrieved from /home/airflow/.local/lib/python3.8/site-packages/airflow/example_dags/example_setup_teardown.py
[2023-12-31T05:40:27.961+0000] {logging_mixin.py:188} INFO - [2023-12-31T05:40:27.961+0000] {dag.py:3033} INFO - Sync 1 DAGs
[2023-12-31T05:40:27.994+0000] {logging_mixin.py:188} INFO - [2023-12-31T05:40:27.994+0000] {dag.py:3820} INFO - Setting next_dagrun for example_setup_teardown to 2023-12-30T00:00:00+00:00, run_after=2023-12-31T00:00:00+00:00
[2023-12-31T05:40:28.030+0000] {processor.py:183} INFO - Processing /home/airflow/.local/lib/python3.8/site-packages/airflow/example_dags/example_setup_teardown.py took 0.131 seconds
[2023-12-31T05:40:58.437+0000] {processor.py:161} INFO - Started process (PID=1768) to work on /home/airflow/.local/lib/python3.8/site-packages/airflow/example_dags/example_setup_teardown.py
[2023-12-31T05:40:58.438+0000] {processor.py:830} INFO - Processing file /home/airflow/.local/lib/python3.8/site-packages/airflow/example_dags/example_setup_teardown.py for tasks to queue
[2023-12-31T05:40:58.441+0000] {logging_mixin.py:188} INFO - [2023-12-31T05:40:58.441+0000] {dagbag.py:538} INFO - Filling up the DagBag from /home/airflow/.local/lib/python3.8/site-packages/airflow/example_dags/example_setup_teardown.py
[2023-12-31T05:40:58.451+0000] {processor.py:840} INFO - DAG(s) 'example_setup_teardown' retrieved from /home/airflow/.local/lib/python3.8/site-packages/airflow/example_dags/example_setup_teardown.py
[2023-12-31T05:40:58.482+0000] {logging_mixin.py:188} INFO - [2023-12-31T05:40:58.481+0000] {dag.py:3033} INFO - Sync 1 DAGs
[2023-12-31T05:40:58.516+0000] {logging_mixin.py:188} INFO - [2023-12-31T05:40:58.516+0000] {dag.py:3820} INFO - Setting next_dagrun for example_setup_teardown to 2023-12-30T00:00:00+00:00, run_after=2023-12-31T00:00:00+00:00
[2023-12-31T05:40:58.556+0000] {processor.py:183} INFO - Processing /home/airflow/.local/lib/python3.8/site-packages/airflow/example_dags/example_setup_teardown.py took 0.124 seconds
[2023-12-31T05:41:30.076+0000] {processor.py:161} INFO - Started process (PID=1825) to work on /home/airflow/.local/lib/python3.8/site-packages/airflow/example_dags/example_setup_teardown.py
[2023-12-31T05:41:30.079+0000] {processor.py:830} INFO - Processing file /home/airflow/.local/lib/python3.8/site-packages/airflow/example_dags/example_setup_teardown.py for tasks to queue
[2023-12-31T05:41:30.084+0000] {logging_mixin.py:188} INFO - [2023-12-31T05:41:30.084+0000] {dagbag.py:538} INFO - Filling up the DagBag from /home/airflow/.local/lib/python3.8/site-packages/airflow/example_dags/example_setup_teardown.py
[2023-12-31T05:41:30.106+0000] {processor.py:840} INFO - DAG(s) 'example_setup_teardown' retrieved from /home/airflow/.local/lib/python3.8/site-packages/airflow/example_dags/example_setup_teardown.py
[2023-12-31T05:41:30.169+0000] {logging_mixin.py:188} INFO - [2023-12-31T05:41:30.169+0000] {dag.py:3033} INFO - Sync 1 DAGs
[2023-12-31T05:41:30.214+0000] {logging_mixin.py:188} INFO - [2023-12-31T05:41:30.214+0000] {dag.py:3820} INFO - Setting next_dagrun for example_setup_teardown to 2023-12-30T00:00:00+00:00, run_after=2023-12-31T00:00:00+00:00
[2023-12-31T05:41:30.665+0000] {processor.py:183} INFO - Processing /home/airflow/.local/lib/python3.8/site-packages/airflow/example_dags/example_setup_teardown.py took 0.601 seconds
[2023-12-31T05:42:00.853+0000] {processor.py:161} INFO - Started process (PID=1881) to work on /home/airflow/.local/lib/python3.8/site-packages/airflow/example_dags/example_setup_teardown.py
[2023-12-31T05:42:00.858+0000] {processor.py:830} INFO - Processing file /home/airflow/.local/lib/python3.8/site-packages/airflow/example_dags/example_setup_teardown.py for tasks to queue
[2023-12-31T05:42:00.861+0000] {logging_mixin.py:188} INFO - [2023-12-31T05:42:00.861+0000] {dagbag.py:538} INFO - Filling up the DagBag from /home/airflow/.local/lib/python3.8/site-packages/airflow/example_dags/example_setup_teardown.py
[2023-12-31T05:42:00.870+0000] {processor.py:840} INFO - DAG(s) 'example_setup_teardown' retrieved from /home/airflow/.local/lib/python3.8/site-packages/airflow/example_dags/example_setup_teardown.py
[2023-12-31T05:42:00.897+0000] {logging_mixin.py:188} INFO - [2023-12-31T05:42:00.897+0000] {dag.py:3033} INFO - Sync 1 DAGs
[2023-12-31T05:42:00.924+0000] {logging_mixin.py:188} INFO - [2023-12-31T05:42:00.924+0000] {dag.py:3820} INFO - Setting next_dagrun for example_setup_teardown to 2023-12-30T00:00:00+00:00, run_after=2023-12-31T00:00:00+00:00
[2023-12-31T05:42:00.951+0000] {processor.py:183} INFO - Processing /home/airflow/.local/lib/python3.8/site-packages/airflow/example_dags/example_setup_teardown.py took 0.101 seconds
