[2023-12-31T05:24:02.747+0000] {processor.py:161} INFO - Started process (PID=93) to work on /home/airflow/.local/lib/python3.8/site-packages/airflow/example_dags/example_python_decorator.py
[2023-12-31T05:24:02.766+0000] {processor.py:830} INFO - Processing file /home/airflow/.local/lib/python3.8/site-packages/airflow/example_dags/example_python_decorator.py for tasks to queue
[2023-12-31T05:24:02.790+0000] {logging_mixin.py:188} INFO - [2023-12-31T05:24:02.789+0000] {dagbag.py:538} INFO - Filling up the DagBag from /home/airflow/.local/lib/python3.8/site-packages/airflow/example_dags/example_python_decorator.py
[2023-12-31T05:24:02.822+0000] {processor.py:840} INFO - DAG(s) 'example_python_decorator' retrieved from /home/airflow/.local/lib/python3.8/site-packages/airflow/example_dags/example_python_decorator.py
[2023-12-31T05:24:03.841+0000] {logging_mixin.py:188} INFO - [2023-12-31T05:24:03.841+0000] {dag.py:3033} INFO - Sync 1 DAGs
[2023-12-31T05:24:03.897+0000] {logging_mixin.py:188} INFO - [2023-12-31T05:24:03.897+0000] {dag.py:3820} INFO - Setting next_dagrun for example_python_decorator to None, run_after=None
[2023-12-31T05:24:11.054+0000] {processor.py:183} INFO - Processing /home/airflow/.local/lib/python3.8/site-packages/airflow/example_dags/example_python_decorator.py took 8.108 seconds
[2023-12-31T05:24:54.459+0000] {processor.py:161} INFO - Started process (PID=155) to work on /home/airflow/.local/lib/python3.8/site-packages/airflow/example_dags/example_python_decorator.py
[2023-12-31T05:24:54.461+0000] {processor.py:830} INFO - Processing file /home/airflow/.local/lib/python3.8/site-packages/airflow/example_dags/example_python_decorator.py for tasks to queue
[2023-12-31T05:24:54.465+0000] {logging_mixin.py:188} INFO - [2023-12-31T05:24:54.464+0000] {dagbag.py:538} INFO - Filling up the DagBag from /home/airflow/.local/lib/python3.8/site-packages/airflow/example_dags/example_python_decorator.py
[2023-12-31T05:24:54.488+0000] {processor.py:840} INFO - DAG(s) 'example_python_decorator' retrieved from /home/airflow/.local/lib/python3.8/site-packages/airflow/example_dags/example_python_decorator.py
[2023-12-31T05:24:54.528+0000] {logging_mixin.py:188} INFO - [2023-12-31T05:24:54.528+0000] {dag.py:3033} INFO - Sync 1 DAGs
[2023-12-31T05:24:54.549+0000] {logging_mixin.py:188} INFO - [2023-12-31T05:24:54.549+0000] {dag.py:3820} INFO - Setting next_dagrun for example_python_decorator to None, run_after=None
[2023-12-31T05:24:54.592+0000] {processor.py:183} INFO - Processing /home/airflow/.local/lib/python3.8/site-packages/airflow/example_dags/example_python_decorator.py took 0.140 seconds
[2023-12-31T05:25:27.407+0000] {processor.py:161} INFO - Started process (PID=210) to work on /home/airflow/.local/lib/python3.8/site-packages/airflow/example_dags/example_python_decorator.py
[2023-12-31T05:25:27.413+0000] {processor.py:830} INFO - Processing file /home/airflow/.local/lib/python3.8/site-packages/airflow/example_dags/example_python_decorator.py for tasks to queue
[2023-12-31T05:25:27.418+0000] {logging_mixin.py:188} INFO - [2023-12-31T05:25:27.418+0000] {dagbag.py:538} INFO - Filling up the DagBag from /home/airflow/.local/lib/python3.8/site-packages/airflow/example_dags/example_python_decorator.py
[2023-12-31T05:25:27.458+0000] {processor.py:840} INFO - DAG(s) 'example_python_decorator' retrieved from /home/airflow/.local/lib/python3.8/site-packages/airflow/example_dags/example_python_decorator.py
[2023-12-31T05:25:27.557+0000] {logging_mixin.py:188} INFO - [2023-12-31T05:25:27.557+0000] {dag.py:3033} INFO - Sync 1 DAGs
[2023-12-31T05:25:27.604+0000] {logging_mixin.py:188} INFO - [2023-12-31T05:25:27.603+0000] {dag.py:3820} INFO - Setting next_dagrun for example_python_decorator to None, run_after=None
[2023-12-31T05:25:27.736+0000] {processor.py:183} INFO - Processing /home/airflow/.local/lib/python3.8/site-packages/airflow/example_dags/example_python_decorator.py took 0.339 seconds
[2023-12-31T05:26:22.379+0000] {processor.py:161} INFO - Started process (PID=261) to work on /home/airflow/.local/lib/python3.8/site-packages/airflow/example_dags/example_python_decorator.py
[2023-12-31T05:26:22.383+0000] {processor.py:830} INFO - Processing file /home/airflow/.local/lib/python3.8/site-packages/airflow/example_dags/example_python_decorator.py for tasks to queue
[2023-12-31T05:26:22.388+0000] {logging_mixin.py:188} INFO - [2023-12-31T05:26:22.387+0000] {dagbag.py:538} INFO - Filling up the DagBag from /home/airflow/.local/lib/python3.8/site-packages/airflow/example_dags/example_python_decorator.py
[2023-12-31T05:26:22.416+0000] {processor.py:840} INFO - DAG(s) 'example_python_decorator' retrieved from /home/airflow/.local/lib/python3.8/site-packages/airflow/example_dags/example_python_decorator.py
[2023-12-31T05:26:22.462+0000] {logging_mixin.py:188} INFO - [2023-12-31T05:26:22.462+0000] {dag.py:3033} INFO - Sync 1 DAGs
[2023-12-31T05:26:22.494+0000] {logging_mixin.py:188} INFO - [2023-12-31T05:26:22.494+0000] {dag.py:3820} INFO - Setting next_dagrun for example_python_decorator to None, run_after=None
[2023-12-31T05:26:22.541+0000] {processor.py:183} INFO - Processing /home/airflow/.local/lib/python3.8/site-packages/airflow/example_dags/example_python_decorator.py took 0.167 seconds
[2023-12-31T05:26:53.528+0000] {processor.py:161} INFO - Started process (PID=317) to work on /home/airflow/.local/lib/python3.8/site-packages/airflow/example_dags/example_python_decorator.py
[2023-12-31T05:26:53.530+0000] {processor.py:830} INFO - Processing file /home/airflow/.local/lib/python3.8/site-packages/airflow/example_dags/example_python_decorator.py for tasks to queue
[2023-12-31T05:26:53.534+0000] {logging_mixin.py:188} INFO - [2023-12-31T05:26:53.534+0000] {dagbag.py:538} INFO - Filling up the DagBag from /home/airflow/.local/lib/python3.8/site-packages/airflow/example_dags/example_python_decorator.py
[2023-12-31T05:26:53.550+0000] {processor.py:840} INFO - DAG(s) 'example_python_decorator' retrieved from /home/airflow/.local/lib/python3.8/site-packages/airflow/example_dags/example_python_decorator.py
[2023-12-31T05:26:53.582+0000] {logging_mixin.py:188} INFO - [2023-12-31T05:26:53.582+0000] {dag.py:3033} INFO - Sync 1 DAGs
[2023-12-31T05:26:53.599+0000] {logging_mixin.py:188} INFO - [2023-12-31T05:26:53.599+0000] {dag.py:3820} INFO - Setting next_dagrun for example_python_decorator to None, run_after=None
[2023-12-31T05:26:53.626+0000] {processor.py:183} INFO - Processing /home/airflow/.local/lib/python3.8/site-packages/airflow/example_dags/example_python_decorator.py took 0.102 seconds
[2023-12-31T05:27:24.679+0000] {processor.py:161} INFO - Started process (PID=373) to work on /home/airflow/.local/lib/python3.8/site-packages/airflow/example_dags/example_python_decorator.py
[2023-12-31T05:27:24.682+0000] {processor.py:830} INFO - Processing file /home/airflow/.local/lib/python3.8/site-packages/airflow/example_dags/example_python_decorator.py for tasks to queue
[2023-12-31T05:27:24.690+0000] {logging_mixin.py:188} INFO - [2023-12-31T05:27:24.688+0000] {dagbag.py:538} INFO - Filling up the DagBag from /home/airflow/.local/lib/python3.8/site-packages/airflow/example_dags/example_python_decorator.py
[2023-12-31T05:27:24.722+0000] {processor.py:840} INFO - DAG(s) 'example_python_decorator' retrieved from /home/airflow/.local/lib/python3.8/site-packages/airflow/example_dags/example_python_decorator.py
[2023-12-31T05:27:24.798+0000] {logging_mixin.py:188} INFO - [2023-12-31T05:27:24.798+0000] {dag.py:3033} INFO - Sync 1 DAGs
[2023-12-31T05:27:24.834+0000] {logging_mixin.py:188} INFO - [2023-12-31T05:27:24.834+0000] {dag.py:3820} INFO - Setting next_dagrun for example_python_decorator to None, run_after=None
[2023-12-31T05:27:25.144+0000] {processor.py:183} INFO - Processing /home/airflow/.local/lib/python3.8/site-packages/airflow/example_dags/example_python_decorator.py took 0.493 seconds
[2023-12-31T05:27:55.521+0000] {processor.py:161} INFO - Started process (PID=429) to work on /home/airflow/.local/lib/python3.8/site-packages/airflow/example_dags/example_python_decorator.py
[2023-12-31T05:27:55.525+0000] {processor.py:830} INFO - Processing file /home/airflow/.local/lib/python3.8/site-packages/airflow/example_dags/example_python_decorator.py for tasks to queue
[2023-12-31T05:27:55.529+0000] {logging_mixin.py:188} INFO - [2023-12-31T05:27:55.528+0000] {dagbag.py:538} INFO - Filling up the DagBag from /home/airflow/.local/lib/python3.8/site-packages/airflow/example_dags/example_python_decorator.py
[2023-12-31T05:27:55.545+0000] {processor.py:840} INFO - DAG(s) 'example_python_decorator' retrieved from /home/airflow/.local/lib/python3.8/site-packages/airflow/example_dags/example_python_decorator.py
[2023-12-31T05:27:55.578+0000] {logging_mixin.py:188} INFO - [2023-12-31T05:27:55.577+0000] {dag.py:3033} INFO - Sync 1 DAGs
[2023-12-31T05:27:55.601+0000] {logging_mixin.py:188} INFO - [2023-12-31T05:27:55.601+0000] {dag.py:3820} INFO - Setting next_dagrun for example_python_decorator to None, run_after=None
[2023-12-31T05:27:55.636+0000] {processor.py:183} INFO - Processing /home/airflow/.local/lib/python3.8/site-packages/airflow/example_dags/example_python_decorator.py took 0.120 seconds
[2023-12-31T05:28:26.096+0000] {processor.py:161} INFO - Started process (PID=485) to work on /home/airflow/.local/lib/python3.8/site-packages/airflow/example_dags/example_python_decorator.py
[2023-12-31T05:28:26.098+0000] {processor.py:830} INFO - Processing file /home/airflow/.local/lib/python3.8/site-packages/airflow/example_dags/example_python_decorator.py for tasks to queue
[2023-12-31T05:28:26.100+0000] {logging_mixin.py:188} INFO - [2023-12-31T05:28:26.100+0000] {dagbag.py:538} INFO - Filling up the DagBag from /home/airflow/.local/lib/python3.8/site-packages/airflow/example_dags/example_python_decorator.py
[2023-12-31T05:28:26.116+0000] {processor.py:840} INFO - DAG(s) 'example_python_decorator' retrieved from /home/airflow/.local/lib/python3.8/site-packages/airflow/example_dags/example_python_decorator.py
[2023-12-31T05:28:26.164+0000] {logging_mixin.py:188} INFO - [2023-12-31T05:28:26.164+0000] {dag.py:3033} INFO - Sync 1 DAGs
[2023-12-31T05:28:26.206+0000] {logging_mixin.py:188} INFO - [2023-12-31T05:28:26.205+0000] {dag.py:3820} INFO - Setting next_dagrun for example_python_decorator to None, run_after=None
[2023-12-31T05:28:26.259+0000] {processor.py:183} INFO - Processing /home/airflow/.local/lib/python3.8/site-packages/airflow/example_dags/example_python_decorator.py took 0.167 seconds
[2023-12-31T05:28:56.872+0000] {processor.py:161} INFO - Started process (PID=541) to work on /home/airflow/.local/lib/python3.8/site-packages/airflow/example_dags/example_python_decorator.py
[2023-12-31T05:28:56.873+0000] {processor.py:830} INFO - Processing file /home/airflow/.local/lib/python3.8/site-packages/airflow/example_dags/example_python_decorator.py for tasks to queue
[2023-12-31T05:28:56.877+0000] {logging_mixin.py:188} INFO - [2023-12-31T05:28:56.876+0000] {dagbag.py:538} INFO - Filling up the DagBag from /home/airflow/.local/lib/python3.8/site-packages/airflow/example_dags/example_python_decorator.py
[2023-12-31T05:28:56.889+0000] {processor.py:840} INFO - DAG(s) 'example_python_decorator' retrieved from /home/airflow/.local/lib/python3.8/site-packages/airflow/example_dags/example_python_decorator.py
[2023-12-31T05:28:56.920+0000] {logging_mixin.py:188} INFO - [2023-12-31T05:28:56.920+0000] {dag.py:3033} INFO - Sync 1 DAGs
[2023-12-31T05:28:56.940+0000] {logging_mixin.py:188} INFO - [2023-12-31T05:28:56.940+0000] {dag.py:3820} INFO - Setting next_dagrun for example_python_decorator to None, run_after=None
[2023-12-31T05:28:56.975+0000] {processor.py:183} INFO - Processing /home/airflow/.local/lib/python3.8/site-packages/airflow/example_dags/example_python_decorator.py took 0.108 seconds
[2023-12-31T05:29:27.849+0000] {processor.py:161} INFO - Started process (PID=597) to work on /home/airflow/.local/lib/python3.8/site-packages/airflow/example_dags/example_python_decorator.py
[2023-12-31T05:29:27.855+0000] {processor.py:830} INFO - Processing file /home/airflow/.local/lib/python3.8/site-packages/airflow/example_dags/example_python_decorator.py for tasks to queue
[2023-12-31T05:29:27.858+0000] {logging_mixin.py:188} INFO - [2023-12-31T05:29:27.857+0000] {dagbag.py:538} INFO - Filling up the DagBag from /home/airflow/.local/lib/python3.8/site-packages/airflow/example_dags/example_python_decorator.py
[2023-12-31T05:29:27.871+0000] {processor.py:840} INFO - DAG(s) 'example_python_decorator' retrieved from /home/airflow/.local/lib/python3.8/site-packages/airflow/example_dags/example_python_decorator.py
[2023-12-31T05:29:27.901+0000] {logging_mixin.py:188} INFO - [2023-12-31T05:29:27.900+0000] {dag.py:3033} INFO - Sync 1 DAGs
[2023-12-31T05:29:27.916+0000] {logging_mixin.py:188} INFO - [2023-12-31T05:29:27.916+0000] {dag.py:3820} INFO - Setting next_dagrun for example_python_decorator to None, run_after=None
[2023-12-31T05:29:27.944+0000] {processor.py:183} INFO - Processing /home/airflow/.local/lib/python3.8/site-packages/airflow/example_dags/example_python_decorator.py took 0.100 seconds
[2023-12-31T05:30:02.654+0000] {processor.py:161} INFO - Started process (PID=653) to work on /home/airflow/.local/lib/python3.8/site-packages/airflow/example_dags/example_python_decorator.py
[2023-12-31T05:30:02.655+0000] {processor.py:830} INFO - Processing file /home/airflow/.local/lib/python3.8/site-packages/airflow/example_dags/example_python_decorator.py for tasks to queue
[2023-12-31T05:30:02.657+0000] {logging_mixin.py:188} INFO - [2023-12-31T05:30:02.657+0000] {dagbag.py:538} INFO - Filling up the DagBag from /home/airflow/.local/lib/python3.8/site-packages/airflow/example_dags/example_python_decorator.py
[2023-12-31T05:30:02.668+0000] {processor.py:840} INFO - DAG(s) 'example_python_decorator' retrieved from /home/airflow/.local/lib/python3.8/site-packages/airflow/example_dags/example_python_decorator.py
[2023-12-31T05:30:02.695+0000] {logging_mixin.py:188} INFO - [2023-12-31T05:30:02.695+0000] {dag.py:3033} INFO - Sync 1 DAGs
[2023-12-31T05:30:02.710+0000] {logging_mixin.py:188} INFO - [2023-12-31T05:30:02.709+0000] {dag.py:3820} INFO - Setting next_dagrun for example_python_decorator to None, run_after=None
[2023-12-31T05:30:03.158+0000] {processor.py:183} INFO - Processing /home/airflow/.local/lib/python3.8/site-packages/airflow/example_dags/example_python_decorator.py took 0.508 seconds
[2023-12-31T05:30:33.855+0000] {processor.py:161} INFO - Started process (PID=709) to work on /home/airflow/.local/lib/python3.8/site-packages/airflow/example_dags/example_python_decorator.py
[2023-12-31T05:30:33.857+0000] {processor.py:830} INFO - Processing file /home/airflow/.local/lib/python3.8/site-packages/airflow/example_dags/example_python_decorator.py for tasks to queue
[2023-12-31T05:30:33.860+0000] {logging_mixin.py:188} INFO - [2023-12-31T05:30:33.859+0000] {dagbag.py:538} INFO - Filling up the DagBag from /home/airflow/.local/lib/python3.8/site-packages/airflow/example_dags/example_python_decorator.py
[2023-12-31T05:30:33.871+0000] {processor.py:840} INFO - DAG(s) 'example_python_decorator' retrieved from /home/airflow/.local/lib/python3.8/site-packages/airflow/example_dags/example_python_decorator.py
[2023-12-31T05:30:33.901+0000] {logging_mixin.py:188} INFO - [2023-12-31T05:30:33.901+0000] {dag.py:3033} INFO - Sync 1 DAGs
[2023-12-31T05:30:33.915+0000] {logging_mixin.py:188} INFO - [2023-12-31T05:30:33.915+0000] {dag.py:3820} INFO - Setting next_dagrun for example_python_decorator to None, run_after=None
[2023-12-31T05:30:33.949+0000] {processor.py:183} INFO - Processing /home/airflow/.local/lib/python3.8/site-packages/airflow/example_dags/example_python_decorator.py took 0.098 seconds
[2023-12-31T05:31:04.027+0000] {processor.py:161} INFO - Started process (PID=765) to work on /home/airflow/.local/lib/python3.8/site-packages/airflow/example_dags/example_python_decorator.py
[2023-12-31T05:31:04.029+0000] {processor.py:830} INFO - Processing file /home/airflow/.local/lib/python3.8/site-packages/airflow/example_dags/example_python_decorator.py for tasks to queue
[2023-12-31T05:31:04.032+0000] {logging_mixin.py:188} INFO - [2023-12-31T05:31:04.032+0000] {dagbag.py:538} INFO - Filling up the DagBag from /home/airflow/.local/lib/python3.8/site-packages/airflow/example_dags/example_python_decorator.py
[2023-12-31T05:31:04.046+0000] {processor.py:840} INFO - DAG(s) 'example_python_decorator' retrieved from /home/airflow/.local/lib/python3.8/site-packages/airflow/example_dags/example_python_decorator.py
[2023-12-31T05:31:04.073+0000] {logging_mixin.py:188} INFO - [2023-12-31T05:31:04.073+0000] {dag.py:3033} INFO - Sync 1 DAGs
[2023-12-31T05:31:04.090+0000] {logging_mixin.py:188} INFO - [2023-12-31T05:31:04.089+0000] {dag.py:3820} INFO - Setting next_dagrun for example_python_decorator to None, run_after=None
[2023-12-31T05:31:04.124+0000] {processor.py:183} INFO - Processing /home/airflow/.local/lib/python3.8/site-packages/airflow/example_dags/example_python_decorator.py took 0.101 seconds
[2023-12-31T05:31:34.424+0000] {processor.py:161} INFO - Started process (PID=821) to work on /home/airflow/.local/lib/python3.8/site-packages/airflow/example_dags/example_python_decorator.py
[2023-12-31T05:31:34.425+0000] {processor.py:830} INFO - Processing file /home/airflow/.local/lib/python3.8/site-packages/airflow/example_dags/example_python_decorator.py for tasks to queue
[2023-12-31T05:31:34.428+0000] {logging_mixin.py:188} INFO - [2023-12-31T05:31:34.428+0000] {dagbag.py:538} INFO - Filling up the DagBag from /home/airflow/.local/lib/python3.8/site-packages/airflow/example_dags/example_python_decorator.py
[2023-12-31T05:31:34.443+0000] {processor.py:840} INFO - DAG(s) 'example_python_decorator' retrieved from /home/airflow/.local/lib/python3.8/site-packages/airflow/example_dags/example_python_decorator.py
[2023-12-31T05:31:34.473+0000] {logging_mixin.py:188} INFO - [2023-12-31T05:31:34.472+0000] {dag.py:3033} INFO - Sync 1 DAGs
[2023-12-31T05:31:34.495+0000] {logging_mixin.py:188} INFO - [2023-12-31T05:31:34.494+0000] {dag.py:3820} INFO - Setting next_dagrun for example_python_decorator to None, run_after=None
[2023-12-31T05:31:34.539+0000] {processor.py:183} INFO - Processing /home/airflow/.local/lib/python3.8/site-packages/airflow/example_dags/example_python_decorator.py took 0.118 seconds
[2023-12-31T05:32:06.233+0000] {processor.py:161} INFO - Started process (PID=877) to work on /home/airflow/.local/lib/python3.8/site-packages/airflow/example_dags/example_python_decorator.py
[2023-12-31T05:32:06.261+0000] {processor.py:830} INFO - Processing file /home/airflow/.local/lib/python3.8/site-packages/airflow/example_dags/example_python_decorator.py for tasks to queue
[2023-12-31T05:32:06.265+0000] {logging_mixin.py:188} INFO - [2023-12-31T05:32:06.264+0000] {dagbag.py:538} INFO - Filling up the DagBag from /home/airflow/.local/lib/python3.8/site-packages/airflow/example_dags/example_python_decorator.py
[2023-12-31T05:32:06.278+0000] {processor.py:840} INFO - DAG(s) 'example_python_decorator' retrieved from /home/airflow/.local/lib/python3.8/site-packages/airflow/example_dags/example_python_decorator.py
[2023-12-31T05:32:06.308+0000] {logging_mixin.py:188} INFO - [2023-12-31T05:32:06.307+0000] {dag.py:3033} INFO - Sync 1 DAGs
[2023-12-31T05:32:06.325+0000] {logging_mixin.py:188} INFO - [2023-12-31T05:32:06.325+0000] {dag.py:3820} INFO - Setting next_dagrun for example_python_decorator to None, run_after=None
[2023-12-31T05:32:06.917+0000] {processor.py:183} INFO - Processing /home/airflow/.local/lib/python3.8/site-packages/airflow/example_dags/example_python_decorator.py took 0.687 seconds
[2023-12-31T05:32:37.602+0000] {processor.py:161} INFO - Started process (PID=933) to work on /home/airflow/.local/lib/python3.8/site-packages/airflow/example_dags/example_python_decorator.py
[2023-12-31T05:32:37.664+0000] {processor.py:830} INFO - Processing file /home/airflow/.local/lib/python3.8/site-packages/airflow/example_dags/example_python_decorator.py for tasks to queue
[2023-12-31T05:32:37.669+0000] {logging_mixin.py:188} INFO - [2023-12-31T05:32:37.668+0000] {dagbag.py:538} INFO - Filling up the DagBag from /home/airflow/.local/lib/python3.8/site-packages/airflow/example_dags/example_python_decorator.py
[2023-12-31T05:32:37.682+0000] {processor.py:840} INFO - DAG(s) 'example_python_decorator' retrieved from /home/airflow/.local/lib/python3.8/site-packages/airflow/example_dags/example_python_decorator.py
[2023-12-31T05:32:37.801+0000] {logging_mixin.py:188} INFO - [2023-12-31T05:32:37.801+0000] {dag.py:3033} INFO - Sync 1 DAGs
[2023-12-31T05:32:37.853+0000] {logging_mixin.py:188} INFO - [2023-12-31T05:32:37.853+0000] {dag.py:3820} INFO - Setting next_dagrun for example_python_decorator to None, run_after=None
[2023-12-31T05:32:38.505+0000] {processor.py:183} INFO - Processing /home/airflow/.local/lib/python3.8/site-packages/airflow/example_dags/example_python_decorator.py took 0.907 seconds
[2023-12-31T05:33:45.406+0000] {processor.py:161} INFO - Started process (PID=995) to work on /home/airflow/.local/lib/python3.8/site-packages/airflow/example_dags/example_python_decorator.py
[2023-12-31T05:33:45.408+0000] {processor.py:830} INFO - Processing file /home/airflow/.local/lib/python3.8/site-packages/airflow/example_dags/example_python_decorator.py for tasks to queue
[2023-12-31T05:33:45.414+0000] {logging_mixin.py:188} INFO - [2023-12-31T05:33:45.414+0000] {dagbag.py:538} INFO - Filling up the DagBag from /home/airflow/.local/lib/python3.8/site-packages/airflow/example_dags/example_python_decorator.py
[2023-12-31T05:33:45.447+0000] {processor.py:840} INFO - DAG(s) 'example_python_decorator' retrieved from /home/airflow/.local/lib/python3.8/site-packages/airflow/example_dags/example_python_decorator.py
[2023-12-31T05:33:45.492+0000] {logging_mixin.py:188} INFO - [2023-12-31T05:33:45.492+0000] {dag.py:3033} INFO - Sync 1 DAGs
[2023-12-31T05:33:45.519+0000] {logging_mixin.py:188} INFO - [2023-12-31T05:33:45.518+0000] {dag.py:3820} INFO - Setting next_dagrun for example_python_decorator to None, run_after=None
[2023-12-31T05:33:45.562+0000] {processor.py:183} INFO - Processing /home/airflow/.local/lib/python3.8/site-packages/airflow/example_dags/example_python_decorator.py took 0.165 seconds
[2023-12-31T05:34:34.384+0000] {processor.py:161} INFO - Started process (PID=1058) to work on /home/airflow/.local/lib/python3.8/site-packages/airflow/example_dags/example_python_decorator.py
[2023-12-31T05:34:34.386+0000] {processor.py:830} INFO - Processing file /home/airflow/.local/lib/python3.8/site-packages/airflow/example_dags/example_python_decorator.py for tasks to queue
[2023-12-31T05:34:34.391+0000] {logging_mixin.py:188} INFO - [2023-12-31T05:34:34.390+0000] {dagbag.py:538} INFO - Filling up the DagBag from /home/airflow/.local/lib/python3.8/site-packages/airflow/example_dags/example_python_decorator.py
[2023-12-31T05:34:34.408+0000] {processor.py:840} INFO - DAG(s) 'example_python_decorator' retrieved from /home/airflow/.local/lib/python3.8/site-packages/airflow/example_dags/example_python_decorator.py
[2023-12-31T05:34:34.446+0000] {logging_mixin.py:188} INFO - [2023-12-31T05:34:34.446+0000] {dag.py:3033} INFO - Sync 1 DAGs
[2023-12-31T05:34:34.469+0000] {logging_mixin.py:188} INFO - [2023-12-31T05:34:34.469+0000] {dag.py:3820} INFO - Setting next_dagrun for example_python_decorator to None, run_after=None
[2023-12-31T05:34:34.502+0000] {processor.py:183} INFO - Processing /home/airflow/.local/lib/python3.8/site-packages/airflow/example_dags/example_python_decorator.py took 0.123 seconds
[2023-12-31T05:35:05.362+0000] {processor.py:161} INFO - Started process (PID=1114) to work on /home/airflow/.local/lib/python3.8/site-packages/airflow/example_dags/example_python_decorator.py
[2023-12-31T05:35:05.364+0000] {processor.py:830} INFO - Processing file /home/airflow/.local/lib/python3.8/site-packages/airflow/example_dags/example_python_decorator.py for tasks to queue
[2023-12-31T05:35:05.368+0000] {logging_mixin.py:188} INFO - [2023-12-31T05:35:05.368+0000] {dagbag.py:538} INFO - Filling up the DagBag from /home/airflow/.local/lib/python3.8/site-packages/airflow/example_dags/example_python_decorator.py
[2023-12-31T05:35:05.388+0000] {processor.py:840} INFO - DAG(s) 'example_python_decorator' retrieved from /home/airflow/.local/lib/python3.8/site-packages/airflow/example_dags/example_python_decorator.py
[2023-12-31T05:35:05.423+0000] {logging_mixin.py:188} INFO - [2023-12-31T05:35:05.423+0000] {dag.py:3033} INFO - Sync 1 DAGs
[2023-12-31T05:35:05.442+0000] {logging_mixin.py:188} INFO - [2023-12-31T05:35:05.442+0000] {dag.py:3820} INFO - Setting next_dagrun for example_python_decorator to None, run_after=None
[2023-12-31T05:35:05.483+0000] {processor.py:183} INFO - Processing /home/airflow/.local/lib/python3.8/site-packages/airflow/example_dags/example_python_decorator.py took 0.128 seconds
[2023-12-31T05:35:36.268+0000] {processor.py:161} INFO - Started process (PID=1168) to work on /home/airflow/.local/lib/python3.8/site-packages/airflow/example_dags/example_python_decorator.py
[2023-12-31T05:35:36.275+0000] {processor.py:830} INFO - Processing file /home/airflow/.local/lib/python3.8/site-packages/airflow/example_dags/example_python_decorator.py for tasks to queue
[2023-12-31T05:35:36.282+0000] {logging_mixin.py:188} INFO - [2023-12-31T05:35:36.281+0000] {dagbag.py:538} INFO - Filling up the DagBag from /home/airflow/.local/lib/python3.8/site-packages/airflow/example_dags/example_python_decorator.py
[2023-12-31T05:35:36.318+0000] {processor.py:840} INFO - DAG(s) 'example_python_decorator' retrieved from /home/airflow/.local/lib/python3.8/site-packages/airflow/example_dags/example_python_decorator.py
[2023-12-31T05:35:36.377+0000] {logging_mixin.py:188} INFO - [2023-12-31T05:35:36.377+0000] {dag.py:3033} INFO - Sync 1 DAGs
[2023-12-31T05:35:36.421+0000] {logging_mixin.py:188} INFO - [2023-12-31T05:35:36.421+0000] {dag.py:3820} INFO - Setting next_dagrun for example_python_decorator to None, run_after=None
[2023-12-31T05:35:36.493+0000] {processor.py:183} INFO - Processing /home/airflow/.local/lib/python3.8/site-packages/airflow/example_dags/example_python_decorator.py took 0.232 seconds
[2023-12-31T05:36:06.865+0000] {processor.py:161} INFO - Started process (PID=1223) to work on /home/airflow/.local/lib/python3.8/site-packages/airflow/example_dags/example_python_decorator.py
[2023-12-31T05:36:06.867+0000] {processor.py:830} INFO - Processing file /home/airflow/.local/lib/python3.8/site-packages/airflow/example_dags/example_python_decorator.py for tasks to queue
[2023-12-31T05:36:06.875+0000] {logging_mixin.py:188} INFO - [2023-12-31T05:36:06.874+0000] {dagbag.py:538} INFO - Filling up the DagBag from /home/airflow/.local/lib/python3.8/site-packages/airflow/example_dags/example_python_decorator.py
[2023-12-31T05:36:06.894+0000] {processor.py:840} INFO - DAG(s) 'example_python_decorator' retrieved from /home/airflow/.local/lib/python3.8/site-packages/airflow/example_dags/example_python_decorator.py
[2023-12-31T05:36:06.953+0000] {logging_mixin.py:188} INFO - [2023-12-31T05:36:06.953+0000] {dag.py:3033} INFO - Sync 1 DAGs
[2023-12-31T05:36:06.994+0000] {logging_mixin.py:188} INFO - [2023-12-31T05:36:06.993+0000] {dag.py:3820} INFO - Setting next_dagrun for example_python_decorator to None, run_after=None
[2023-12-31T05:36:07.059+0000] {processor.py:183} INFO - Processing /home/airflow/.local/lib/python3.8/site-packages/airflow/example_dags/example_python_decorator.py took 0.201 seconds
[2023-12-31T05:36:37.753+0000] {processor.py:161} INFO - Started process (PID=1279) to work on /home/airflow/.local/lib/python3.8/site-packages/airflow/example_dags/example_python_decorator.py
[2023-12-31T05:36:37.755+0000] {processor.py:830} INFO - Processing file /home/airflow/.local/lib/python3.8/site-packages/airflow/example_dags/example_python_decorator.py for tasks to queue
[2023-12-31T05:36:37.758+0000] {logging_mixin.py:188} INFO - [2023-12-31T05:36:37.758+0000] {dagbag.py:538} INFO - Filling up the DagBag from /home/airflow/.local/lib/python3.8/site-packages/airflow/example_dags/example_python_decorator.py
[2023-12-31T05:36:37.774+0000] {processor.py:840} INFO - DAG(s) 'example_python_decorator' retrieved from /home/airflow/.local/lib/python3.8/site-packages/airflow/example_dags/example_python_decorator.py
[2023-12-31T05:36:37.811+0000] {logging_mixin.py:188} INFO - [2023-12-31T05:36:37.811+0000] {dag.py:3033} INFO - Sync 1 DAGs
[2023-12-31T05:36:37.828+0000] {logging_mixin.py:188} INFO - [2023-12-31T05:36:37.827+0000] {dag.py:3820} INFO - Setting next_dagrun for example_python_decorator to None, run_after=None
[2023-12-31T05:36:37.879+0000] {processor.py:183} INFO - Processing /home/airflow/.local/lib/python3.8/site-packages/airflow/example_dags/example_python_decorator.py took 0.130 seconds
[2023-12-31T05:37:08.895+0000] {processor.py:161} INFO - Started process (PID=1335) to work on /home/airflow/.local/lib/python3.8/site-packages/airflow/example_dags/example_python_decorator.py
[2023-12-31T05:37:08.898+0000] {processor.py:830} INFO - Processing file /home/airflow/.local/lib/python3.8/site-packages/airflow/example_dags/example_python_decorator.py for tasks to queue
[2023-12-31T05:37:08.904+0000] {logging_mixin.py:188} INFO - [2023-12-31T05:37:08.903+0000] {dagbag.py:538} INFO - Filling up the DagBag from /home/airflow/.local/lib/python3.8/site-packages/airflow/example_dags/example_python_decorator.py
[2023-12-31T05:37:08.920+0000] {processor.py:840} INFO - DAG(s) 'example_python_decorator' retrieved from /home/airflow/.local/lib/python3.8/site-packages/airflow/example_dags/example_python_decorator.py
[2023-12-31T05:37:08.953+0000] {logging_mixin.py:188} INFO - [2023-12-31T05:37:08.952+0000] {dag.py:3033} INFO - Sync 1 DAGs
[2023-12-31T05:37:08.972+0000] {logging_mixin.py:188} INFO - [2023-12-31T05:37:08.972+0000] {dag.py:3820} INFO - Setting next_dagrun for example_python_decorator to None, run_after=None
[2023-12-31T05:37:09.006+0000] {processor.py:183} INFO - Processing /home/airflow/.local/lib/python3.8/site-packages/airflow/example_dags/example_python_decorator.py took 0.115 seconds
[2023-12-31T05:37:40.787+0000] {processor.py:161} INFO - Started process (PID=1392) to work on /home/airflow/.local/lib/python3.8/site-packages/airflow/example_dags/example_python_decorator.py
[2023-12-31T05:37:40.839+0000] {processor.py:830} INFO - Processing file /home/airflow/.local/lib/python3.8/site-packages/airflow/example_dags/example_python_decorator.py for tasks to queue
[2023-12-31T05:37:40.842+0000] {logging_mixin.py:188} INFO - [2023-12-31T05:37:40.842+0000] {dagbag.py:538} INFO - Filling up the DagBag from /home/airflow/.local/lib/python3.8/site-packages/airflow/example_dags/example_python_decorator.py
[2023-12-31T05:37:40.855+0000] {processor.py:840} INFO - DAG(s) 'example_python_decorator' retrieved from /home/airflow/.local/lib/python3.8/site-packages/airflow/example_dags/example_python_decorator.py
[2023-12-31T05:37:40.888+0000] {logging_mixin.py:188} INFO - [2023-12-31T05:37:40.887+0000] {dag.py:3033} INFO - Sync 1 DAGs
[2023-12-31T05:37:40.906+0000] {logging_mixin.py:188} INFO - [2023-12-31T05:37:40.906+0000] {dag.py:3820} INFO - Setting next_dagrun for example_python_decorator to None, run_after=None
[2023-12-31T05:37:41.383+0000] {processor.py:183} INFO - Processing /home/airflow/.local/lib/python3.8/site-packages/airflow/example_dags/example_python_decorator.py took 0.601 seconds
[2023-12-31T05:38:11.939+0000] {processor.py:161} INFO - Started process (PID=1448) to work on /home/airflow/.local/lib/python3.8/site-packages/airflow/example_dags/example_python_decorator.py
[2023-12-31T05:38:11.951+0000] {processor.py:830} INFO - Processing file /home/airflow/.local/lib/python3.8/site-packages/airflow/example_dags/example_python_decorator.py for tasks to queue
[2023-12-31T05:38:11.956+0000] {logging_mixin.py:188} INFO - [2023-12-31T05:38:11.955+0000] {dagbag.py:538} INFO - Filling up the DagBag from /home/airflow/.local/lib/python3.8/site-packages/airflow/example_dags/example_python_decorator.py
[2023-12-31T05:38:12.008+0000] {processor.py:840} INFO - DAG(s) 'example_python_decorator' retrieved from /home/airflow/.local/lib/python3.8/site-packages/airflow/example_dags/example_python_decorator.py
[2023-12-31T05:38:12.067+0000] {logging_mixin.py:188} INFO - [2023-12-31T05:38:12.067+0000] {dag.py:3033} INFO - Sync 1 DAGs
[2023-12-31T05:38:12.139+0000] {logging_mixin.py:188} INFO - [2023-12-31T05:38:12.138+0000] {dag.py:3820} INFO - Setting next_dagrun for example_python_decorator to None, run_after=None
[2023-12-31T05:38:12.274+0000] {processor.py:183} INFO - Processing /home/airflow/.local/lib/python3.8/site-packages/airflow/example_dags/example_python_decorator.py took 0.341 seconds
[2023-12-31T05:38:42.855+0000] {processor.py:161} INFO - Started process (PID=1505) to work on /home/airflow/.local/lib/python3.8/site-packages/airflow/example_dags/example_python_decorator.py
[2023-12-31T05:38:42.858+0000] {processor.py:830} INFO - Processing file /home/airflow/.local/lib/python3.8/site-packages/airflow/example_dags/example_python_decorator.py for tasks to queue
[2023-12-31T05:38:42.863+0000] {logging_mixin.py:188} INFO - [2023-12-31T05:38:42.862+0000] {dagbag.py:538} INFO - Filling up the DagBag from /home/airflow/.local/lib/python3.8/site-packages/airflow/example_dags/example_python_decorator.py
[2023-12-31T05:38:42.878+0000] {processor.py:840} INFO - DAG(s) 'example_python_decorator' retrieved from /home/airflow/.local/lib/python3.8/site-packages/airflow/example_dags/example_python_decorator.py
[2023-12-31T05:38:42.913+0000] {logging_mixin.py:188} INFO - [2023-12-31T05:38:42.913+0000] {dag.py:3033} INFO - Sync 1 DAGs
[2023-12-31T05:38:42.931+0000] {logging_mixin.py:188} INFO - [2023-12-31T05:38:42.931+0000] {dag.py:3820} INFO - Setting next_dagrun for example_python_decorator to None, run_after=None
[2023-12-31T05:38:42.968+0000] {processor.py:183} INFO - Processing /home/airflow/.local/lib/python3.8/site-packages/airflow/example_dags/example_python_decorator.py took 0.120 seconds
[2023-12-31T05:39:13.248+0000] {processor.py:161} INFO - Started process (PID=1561) to work on /home/airflow/.local/lib/python3.8/site-packages/airflow/example_dags/example_python_decorator.py
[2023-12-31T05:39:13.250+0000] {processor.py:830} INFO - Processing file /home/airflow/.local/lib/python3.8/site-packages/airflow/example_dags/example_python_decorator.py for tasks to queue
[2023-12-31T05:39:13.254+0000] {logging_mixin.py:188} INFO - [2023-12-31T05:39:13.253+0000] {dagbag.py:538} INFO - Filling up the DagBag from /home/airflow/.local/lib/python3.8/site-packages/airflow/example_dags/example_python_decorator.py
[2023-12-31T05:39:13.267+0000] {processor.py:840} INFO - DAG(s) 'example_python_decorator' retrieved from /home/airflow/.local/lib/python3.8/site-packages/airflow/example_dags/example_python_decorator.py
[2023-12-31T05:39:13.296+0000] {logging_mixin.py:188} INFO - [2023-12-31T05:39:13.296+0000] {dag.py:3033} INFO - Sync 1 DAGs
[2023-12-31T05:39:13.314+0000] {logging_mixin.py:188} INFO - [2023-12-31T05:39:13.314+0000] {dag.py:3820} INFO - Setting next_dagrun for example_python_decorator to None, run_after=None
[2023-12-31T05:39:13.348+0000] {processor.py:183} INFO - Processing /home/airflow/.local/lib/python3.8/site-packages/airflow/example_dags/example_python_decorator.py took 0.103 seconds
[2023-12-31T05:39:43.534+0000] {processor.py:161} INFO - Started process (PID=1617) to work on /home/airflow/.local/lib/python3.8/site-packages/airflow/example_dags/example_python_decorator.py
[2023-12-31T05:39:43.536+0000] {processor.py:830} INFO - Processing file /home/airflow/.local/lib/python3.8/site-packages/airflow/example_dags/example_python_decorator.py for tasks to queue
[2023-12-31T05:39:43.539+0000] {logging_mixin.py:188} INFO - [2023-12-31T05:39:43.539+0000] {dagbag.py:538} INFO - Filling up the DagBag from /home/airflow/.local/lib/python3.8/site-packages/airflow/example_dags/example_python_decorator.py
[2023-12-31T05:39:43.562+0000] {processor.py:840} INFO - DAG(s) 'example_python_decorator' retrieved from /home/airflow/.local/lib/python3.8/site-packages/airflow/example_dags/example_python_decorator.py
[2023-12-31T05:39:43.623+0000] {logging_mixin.py:188} INFO - [2023-12-31T05:39:43.623+0000] {dag.py:3033} INFO - Sync 1 DAGs
[2023-12-31T05:39:43.677+0000] {logging_mixin.py:188} INFO - [2023-12-31T05:39:43.676+0000] {dag.py:3820} INFO - Setting next_dagrun for example_python_decorator to None, run_after=None
[2023-12-31T05:39:43.736+0000] {processor.py:183} INFO - Processing /home/airflow/.local/lib/python3.8/site-packages/airflow/example_dags/example_python_decorator.py took 0.208 seconds
[2023-12-31T05:40:14.317+0000] {processor.py:161} INFO - Started process (PID=1673) to work on /home/airflow/.local/lib/python3.8/site-packages/airflow/example_dags/example_python_decorator.py
[2023-12-31T05:40:14.319+0000] {processor.py:830} INFO - Processing file /home/airflow/.local/lib/python3.8/site-packages/airflow/example_dags/example_python_decorator.py for tasks to queue
[2023-12-31T05:40:14.322+0000] {logging_mixin.py:188} INFO - [2023-12-31T05:40:14.322+0000] {dagbag.py:538} INFO - Filling up the DagBag from /home/airflow/.local/lib/python3.8/site-packages/airflow/example_dags/example_python_decorator.py
[2023-12-31T05:40:14.334+0000] {processor.py:840} INFO - DAG(s) 'example_python_decorator' retrieved from /home/airflow/.local/lib/python3.8/site-packages/airflow/example_dags/example_python_decorator.py
[2023-12-31T05:40:14.360+0000] {logging_mixin.py:188} INFO - [2023-12-31T05:40:14.360+0000] {dag.py:3033} INFO - Sync 1 DAGs
[2023-12-31T05:40:14.375+0000] {logging_mixin.py:188} INFO - [2023-12-31T05:40:14.374+0000] {dag.py:3820} INFO - Setting next_dagrun for example_python_decorator to None, run_after=None
[2023-12-31T05:40:14.404+0000] {processor.py:183} INFO - Processing /home/airflow/.local/lib/python3.8/site-packages/airflow/example_dags/example_python_decorator.py took 0.089 seconds
[2023-12-31T05:40:45.116+0000] {processor.py:161} INFO - Started process (PID=1729) to work on /home/airflow/.local/lib/python3.8/site-packages/airflow/example_dags/example_python_decorator.py
[2023-12-31T05:40:45.118+0000] {processor.py:830} INFO - Processing file /home/airflow/.local/lib/python3.8/site-packages/airflow/example_dags/example_python_decorator.py for tasks to queue
[2023-12-31T05:40:45.121+0000] {logging_mixin.py:188} INFO - [2023-12-31T05:40:45.121+0000] {dagbag.py:538} INFO - Filling up the DagBag from /home/airflow/.local/lib/python3.8/site-packages/airflow/example_dags/example_python_decorator.py
[2023-12-31T05:40:45.135+0000] {processor.py:840} INFO - DAG(s) 'example_python_decorator' retrieved from /home/airflow/.local/lib/python3.8/site-packages/airflow/example_dags/example_python_decorator.py
[2023-12-31T05:40:45.168+0000] {logging_mixin.py:188} INFO - [2023-12-31T05:40:45.168+0000] {dag.py:3033} INFO - Sync 1 DAGs
[2023-12-31T05:40:45.187+0000] {logging_mixin.py:188} INFO - [2023-12-31T05:40:45.186+0000] {dag.py:3820} INFO - Setting next_dagrun for example_python_decorator to None, run_after=None
[2023-12-31T05:40:45.395+0000] {processor.py:183} INFO - Processing /home/airflow/.local/lib/python3.8/site-packages/airflow/example_dags/example_python_decorator.py took 0.284 seconds
[2023-12-31T05:41:15.818+0000] {processor.py:161} INFO - Started process (PID=1785) to work on /home/airflow/.local/lib/python3.8/site-packages/airflow/example_dags/example_python_decorator.py
[2023-12-31T05:41:15.819+0000] {processor.py:830} INFO - Processing file /home/airflow/.local/lib/python3.8/site-packages/airflow/example_dags/example_python_decorator.py for tasks to queue
[2023-12-31T05:41:15.825+0000] {logging_mixin.py:188} INFO - [2023-12-31T05:41:15.824+0000] {dagbag.py:538} INFO - Filling up the DagBag from /home/airflow/.local/lib/python3.8/site-packages/airflow/example_dags/example_python_decorator.py
[2023-12-31T05:41:15.845+0000] {processor.py:840} INFO - DAG(s) 'example_python_decorator' retrieved from /home/airflow/.local/lib/python3.8/site-packages/airflow/example_dags/example_python_decorator.py
[2023-12-31T05:41:15.879+0000] {logging_mixin.py:188} INFO - [2023-12-31T05:41:15.879+0000] {dag.py:3033} INFO - Sync 1 DAGs
[2023-12-31T05:41:15.899+0000] {logging_mixin.py:188} INFO - [2023-12-31T05:41:15.899+0000] {dag.py:3820} INFO - Setting next_dagrun for example_python_decorator to None, run_after=None
[2023-12-31T05:41:15.946+0000] {processor.py:183} INFO - Processing /home/airflow/.local/lib/python3.8/site-packages/airflow/example_dags/example_python_decorator.py took 0.132 seconds
[2023-12-31T05:41:46.333+0000] {processor.py:161} INFO - Started process (PID=1841) to work on /home/airflow/.local/lib/python3.8/site-packages/airflow/example_dags/example_python_decorator.py
[2023-12-31T05:41:46.336+0000] {processor.py:830} INFO - Processing file /home/airflow/.local/lib/python3.8/site-packages/airflow/example_dags/example_python_decorator.py for tasks to queue
[2023-12-31T05:41:46.340+0000] {logging_mixin.py:188} INFO - [2023-12-31T05:41:46.339+0000] {dagbag.py:538} INFO - Filling up the DagBag from /home/airflow/.local/lib/python3.8/site-packages/airflow/example_dags/example_python_decorator.py
[2023-12-31T05:41:46.365+0000] {processor.py:840} INFO - DAG(s) 'example_python_decorator' retrieved from /home/airflow/.local/lib/python3.8/site-packages/airflow/example_dags/example_python_decorator.py
[2023-12-31T05:41:46.410+0000] {logging_mixin.py:188} INFO - [2023-12-31T05:41:46.409+0000] {dag.py:3033} INFO - Sync 1 DAGs
[2023-12-31T05:41:46.439+0000] {logging_mixin.py:188} INFO - [2023-12-31T05:41:46.439+0000] {dag.py:3820} INFO - Setting next_dagrun for example_python_decorator to None, run_after=None
[2023-12-31T05:41:46.471+0000] {processor.py:183} INFO - Processing /home/airflow/.local/lib/python3.8/site-packages/airflow/example_dags/example_python_decorator.py took 0.143 seconds
[2023-12-31T05:42:16.611+0000] {processor.py:161} INFO - Started process (PID=1896) to work on /home/airflow/.local/lib/python3.8/site-packages/airflow/example_dags/example_python_decorator.py
[2023-12-31T05:42:16.613+0000] {processor.py:830} INFO - Processing file /home/airflow/.local/lib/python3.8/site-packages/airflow/example_dags/example_python_decorator.py for tasks to queue
[2023-12-31T05:42:16.620+0000] {logging_mixin.py:188} INFO - [2023-12-31T05:42:16.619+0000] {dagbag.py:538} INFO - Filling up the DagBag from /home/airflow/.local/lib/python3.8/site-packages/airflow/example_dags/example_python_decorator.py
[2023-12-31T05:42:16.657+0000] {processor.py:840} INFO - DAG(s) 'example_python_decorator' retrieved from /home/airflow/.local/lib/python3.8/site-packages/airflow/example_dags/example_python_decorator.py
[2023-12-31T05:42:16.716+0000] {logging_mixin.py:188} INFO - [2023-12-31T05:42:16.716+0000] {dag.py:3033} INFO - Sync 1 DAGs
[2023-12-31T05:42:16.752+0000] {logging_mixin.py:188} INFO - [2023-12-31T05:42:16.751+0000] {dag.py:3820} INFO - Setting next_dagrun for example_python_decorator to None, run_after=None
[2023-12-31T05:42:16.829+0000] {processor.py:183} INFO - Processing /home/airflow/.local/lib/python3.8/site-packages/airflow/example_dags/example_python_decorator.py took 0.229 seconds
[2023-12-31T05:42:47.197+0000] {processor.py:161} INFO - Started process (PID=1953) to work on /home/airflow/.local/lib/python3.8/site-packages/airflow/example_dags/example_python_decorator.py
[2023-12-31T05:42:47.200+0000] {processor.py:830} INFO - Processing file /home/airflow/.local/lib/python3.8/site-packages/airflow/example_dags/example_python_decorator.py for tasks to queue
[2023-12-31T05:42:47.202+0000] {logging_mixin.py:188} INFO - [2023-12-31T05:42:47.201+0000] {dagbag.py:538} INFO - Filling up the DagBag from /home/airflow/.local/lib/python3.8/site-packages/airflow/example_dags/example_python_decorator.py
[2023-12-31T05:42:47.237+0000] {processor.py:840} INFO - DAG(s) 'example_python_decorator' retrieved from /home/airflow/.local/lib/python3.8/site-packages/airflow/example_dags/example_python_decorator.py
[2023-12-31T05:42:47.286+0000] {logging_mixin.py:188} INFO - [2023-12-31T05:42:47.286+0000] {dag.py:3033} INFO - Sync 1 DAGs
[2023-12-31T05:42:47.307+0000] {logging_mixin.py:188} INFO - [2023-12-31T05:42:47.306+0000] {dag.py:3820} INFO - Setting next_dagrun for example_python_decorator to None, run_after=None
[2023-12-31T05:42:47.351+0000] {processor.py:183} INFO - Processing /home/airflow/.local/lib/python3.8/site-packages/airflow/example_dags/example_python_decorator.py took 0.160 seconds
[2023-12-31T05:43:18.004+0000] {processor.py:161} INFO - Started process (PID=2010) to work on /home/airflow/.local/lib/python3.8/site-packages/airflow/example_dags/example_python_decorator.py
[2023-12-31T05:43:18.006+0000] {processor.py:830} INFO - Processing file /home/airflow/.local/lib/python3.8/site-packages/airflow/example_dags/example_python_decorator.py for tasks to queue
[2023-12-31T05:43:18.008+0000] {logging_mixin.py:188} INFO - [2023-12-31T05:43:18.008+0000] {dagbag.py:538} INFO - Filling up the DagBag from /home/airflow/.local/lib/python3.8/site-packages/airflow/example_dags/example_python_decorator.py
[2023-12-31T05:43:18.043+0000] {processor.py:840} INFO - DAG(s) 'example_python_decorator' retrieved from /home/airflow/.local/lib/python3.8/site-packages/airflow/example_dags/example_python_decorator.py
[2023-12-31T05:43:18.118+0000] {logging_mixin.py:188} INFO - [2023-12-31T05:43:18.117+0000] {dag.py:3033} INFO - Sync 1 DAGs
[2023-12-31T05:43:18.154+0000] {logging_mixin.py:188} INFO - [2023-12-31T05:43:18.153+0000] {dag.py:3820} INFO - Setting next_dagrun for example_python_decorator to None, run_after=None
[2023-12-31T05:43:18.204+0000] {processor.py:183} INFO - Processing /home/airflow/.local/lib/python3.8/site-packages/airflow/example_dags/example_python_decorator.py took 0.206 seconds
[2023-12-31T05:43:48.281+0000] {processor.py:161} INFO - Started process (PID=2067) to work on /home/airflow/.local/lib/python3.8/site-packages/airflow/example_dags/example_python_decorator.py
[2023-12-31T05:43:48.284+0000] {processor.py:830} INFO - Processing file /home/airflow/.local/lib/python3.8/site-packages/airflow/example_dags/example_python_decorator.py for tasks to queue
[2023-12-31T05:43:48.286+0000] {logging_mixin.py:188} INFO - [2023-12-31T05:43:48.285+0000] {dagbag.py:538} INFO - Filling up the DagBag from /home/airflow/.local/lib/python3.8/site-packages/airflow/example_dags/example_python_decorator.py
[2023-12-31T05:43:48.303+0000] {processor.py:840} INFO - DAG(s) 'example_python_decorator' retrieved from /home/airflow/.local/lib/python3.8/site-packages/airflow/example_dags/example_python_decorator.py
[2023-12-31T05:43:48.329+0000] {logging_mixin.py:188} INFO - [2023-12-31T05:43:48.329+0000] {dag.py:3033} INFO - Sync 1 DAGs
[2023-12-31T05:43:48.516+0000] {logging_mixin.py:188} INFO - [2023-12-31T05:43:48.516+0000] {dag.py:3820} INFO - Setting next_dagrun for example_python_decorator to None, run_after=None
[2023-12-31T05:43:48.555+0000] {processor.py:183} INFO - Processing /home/airflow/.local/lib/python3.8/site-packages/airflow/example_dags/example_python_decorator.py took 0.282 seconds
[2023-12-31T05:44:19.791+0000] {processor.py:161} INFO - Started process (PID=2123) to work on /home/airflow/.local/lib/python3.8/site-packages/airflow/example_dags/example_python_decorator.py
[2023-12-31T05:44:19.793+0000] {processor.py:830} INFO - Processing file /home/airflow/.local/lib/python3.8/site-packages/airflow/example_dags/example_python_decorator.py for tasks to queue
[2023-12-31T05:44:19.795+0000] {logging_mixin.py:188} INFO - [2023-12-31T05:44:19.795+0000] {dagbag.py:538} INFO - Filling up the DagBag from /home/airflow/.local/lib/python3.8/site-packages/airflow/example_dags/example_python_decorator.py
[2023-12-31T05:44:19.825+0000] {processor.py:840} INFO - DAG(s) 'example_python_decorator' retrieved from /home/airflow/.local/lib/python3.8/site-packages/airflow/example_dags/example_python_decorator.py
[2023-12-31T05:44:19.914+0000] {logging_mixin.py:188} INFO - [2023-12-31T05:44:19.914+0000] {dag.py:3033} INFO - Sync 1 DAGs
[2023-12-31T05:44:19.967+0000] {logging_mixin.py:188} INFO - [2023-12-31T05:44:19.967+0000] {dag.py:3820} INFO - Setting next_dagrun for example_python_decorator to None, run_after=None
[2023-12-31T05:44:20.229+0000] {processor.py:183} INFO - Processing /home/airflow/.local/lib/python3.8/site-packages/airflow/example_dags/example_python_decorator.py took 0.455 seconds
[2023-12-31T05:45:03.189+0000] {processor.py:161} INFO - Started process (PID=2185) to work on /home/airflow/.local/lib/python3.8/site-packages/airflow/example_dags/example_python_decorator.py
[2023-12-31T05:45:03.191+0000] {processor.py:830} INFO - Processing file /home/airflow/.local/lib/python3.8/site-packages/airflow/example_dags/example_python_decorator.py for tasks to queue
[2023-12-31T05:45:03.204+0000] {logging_mixin.py:188} INFO - [2023-12-31T05:45:03.198+0000] {dagbag.py:538} INFO - Filling up the DagBag from /home/airflow/.local/lib/python3.8/site-packages/airflow/example_dags/example_python_decorator.py
[2023-12-31T05:45:03.258+0000] {processor.py:840} INFO - DAG(s) 'example_python_decorator' retrieved from /home/airflow/.local/lib/python3.8/site-packages/airflow/example_dags/example_python_decorator.py
[2023-12-31T05:45:03.373+0000] {logging_mixin.py:188} INFO - [2023-12-31T05:45:03.373+0000] {dag.py:3033} INFO - Sync 1 DAGs
[2023-12-31T05:45:03.436+0000] {logging_mixin.py:188} INFO - [2023-12-31T05:45:03.433+0000] {dag.py:3820} INFO - Setting next_dagrun for example_python_decorator to None, run_after=None
[2023-12-31T05:45:03.803+0000] {processor.py:183} INFO - Processing /home/airflow/.local/lib/python3.8/site-packages/airflow/example_dags/example_python_decorator.py took 0.620 seconds
[2023-12-31T05:45:47.046+0000] {processor.py:161} INFO - Started process (PID=2253) to work on /home/airflow/.local/lib/python3.8/site-packages/airflow/example_dags/example_python_decorator.py
[2023-12-31T05:45:47.047+0000] {processor.py:830} INFO - Processing file /home/airflow/.local/lib/python3.8/site-packages/airflow/example_dags/example_python_decorator.py for tasks to queue
[2023-12-31T05:45:47.048+0000] {logging_mixin.py:188} INFO - [2023-12-31T05:45:47.048+0000] {dagbag.py:538} INFO - Filling up the DagBag from /home/airflow/.local/lib/python3.8/site-packages/airflow/example_dags/example_python_decorator.py
[2023-12-31T05:45:47.089+0000] {processor.py:840} INFO - DAG(s) 'example_python_decorator' retrieved from /home/airflow/.local/lib/python3.8/site-packages/airflow/example_dags/example_python_decorator.py
[2023-12-31T05:45:47.133+0000] {logging_mixin.py:188} INFO - [2023-12-31T05:45:47.133+0000] {dag.py:3033} INFO - Sync 1 DAGs
[2023-12-31T05:45:47.163+0000] {logging_mixin.py:188} INFO - [2023-12-31T05:45:47.163+0000] {dag.py:3820} INFO - Setting next_dagrun for example_python_decorator to None, run_after=None
[2023-12-31T05:45:47.207+0000] {processor.py:183} INFO - Processing /home/airflow/.local/lib/python3.8/site-packages/airflow/example_dags/example_python_decorator.py took 0.167 seconds
[2023-12-31T05:46:20.142+0000] {processor.py:161} INFO - Started process (PID=2309) to work on /home/airflow/.local/lib/python3.8/site-packages/airflow/example_dags/example_python_decorator.py
[2023-12-31T05:46:20.188+0000] {processor.py:830} INFO - Processing file /home/airflow/.local/lib/python3.8/site-packages/airflow/example_dags/example_python_decorator.py for tasks to queue
[2023-12-31T05:46:20.190+0000] {logging_mixin.py:188} INFO - [2023-12-31T05:46:20.190+0000] {dagbag.py:538} INFO - Filling up the DagBag from /home/airflow/.local/lib/python3.8/site-packages/airflow/example_dags/example_python_decorator.py
[2023-12-31T05:46:20.351+0000] {processor.py:840} INFO - DAG(s) 'example_python_decorator' retrieved from /home/airflow/.local/lib/python3.8/site-packages/airflow/example_dags/example_python_decorator.py
[2023-12-31T05:46:20.445+0000] {logging_mixin.py:188} INFO - [2023-12-31T05:46:20.445+0000] {dag.py:3033} INFO - Sync 1 DAGs
[2023-12-31T05:46:20.516+0000] {logging_mixin.py:188} INFO - [2023-12-31T05:46:20.515+0000] {dag.py:3820} INFO - Setting next_dagrun for example_python_decorator to None, run_after=None
[2023-12-31T05:46:20.984+0000] {processor.py:183} INFO - Processing /home/airflow/.local/lib/python3.8/site-packages/airflow/example_dags/example_python_decorator.py took 0.847 seconds
[2023-12-31T05:46:51.600+0000] {processor.py:161} INFO - Started process (PID=2365) to work on /home/airflow/.local/lib/python3.8/site-packages/airflow/example_dags/example_python_decorator.py
[2023-12-31T05:46:51.602+0000] {processor.py:830} INFO - Processing file /home/airflow/.local/lib/python3.8/site-packages/airflow/example_dags/example_python_decorator.py for tasks to queue
[2023-12-31T05:46:51.603+0000] {logging_mixin.py:188} INFO - [2023-12-31T05:46:51.603+0000] {dagbag.py:538} INFO - Filling up the DagBag from /home/airflow/.local/lib/python3.8/site-packages/airflow/example_dags/example_python_decorator.py
[2023-12-31T05:46:51.614+0000] {processor.py:840} INFO - DAG(s) 'example_python_decorator' retrieved from /home/airflow/.local/lib/python3.8/site-packages/airflow/example_dags/example_python_decorator.py
[2023-12-31T05:46:51.648+0000] {logging_mixin.py:188} INFO - [2023-12-31T05:46:51.647+0000] {dag.py:3033} INFO - Sync 1 DAGs
[2023-12-31T05:46:51.667+0000] {logging_mixin.py:188} INFO - [2023-12-31T05:46:51.666+0000] {dag.py:3820} INFO - Setting next_dagrun for example_python_decorator to None, run_after=None
[2023-12-31T05:46:51.721+0000] {processor.py:183} INFO - Processing /home/airflow/.local/lib/python3.8/site-packages/airflow/example_dags/example_python_decorator.py took 0.124 seconds
[2023-12-31T05:47:22.513+0000] {processor.py:161} INFO - Started process (PID=2422) to work on /home/airflow/.local/lib/python3.8/site-packages/airflow/example_dags/example_python_decorator.py
[2023-12-31T05:47:22.514+0000] {processor.py:830} INFO - Processing file /home/airflow/.local/lib/python3.8/site-packages/airflow/example_dags/example_python_decorator.py for tasks to queue
[2023-12-31T05:47:22.516+0000] {logging_mixin.py:188} INFO - [2023-12-31T05:47:22.516+0000] {dagbag.py:538} INFO - Filling up the DagBag from /home/airflow/.local/lib/python3.8/site-packages/airflow/example_dags/example_python_decorator.py
[2023-12-31T05:47:22.528+0000] {processor.py:840} INFO - DAG(s) 'example_python_decorator' retrieved from /home/airflow/.local/lib/python3.8/site-packages/airflow/example_dags/example_python_decorator.py
[2023-12-31T05:47:22.560+0000] {logging_mixin.py:188} INFO - [2023-12-31T05:47:22.559+0000] {dag.py:3033} INFO - Sync 1 DAGs
[2023-12-31T05:47:22.577+0000] {logging_mixin.py:188} INFO - [2023-12-31T05:47:22.577+0000] {dag.py:3820} INFO - Setting next_dagrun for example_python_decorator to None, run_after=None
[2023-12-31T05:47:22.622+0000] {processor.py:183} INFO - Processing /home/airflow/.local/lib/python3.8/site-packages/airflow/example_dags/example_python_decorator.py took 0.115 seconds
[2023-12-31T05:47:53.339+0000] {processor.py:161} INFO - Started process (PID=2478) to work on /home/airflow/.local/lib/python3.8/site-packages/airflow/example_dags/example_python_decorator.py
[2023-12-31T05:47:53.348+0000] {processor.py:830} INFO - Processing file /home/airflow/.local/lib/python3.8/site-packages/airflow/example_dags/example_python_decorator.py for tasks to queue
[2023-12-31T05:47:53.350+0000] {logging_mixin.py:188} INFO - [2023-12-31T05:47:53.349+0000] {dagbag.py:538} INFO - Filling up the DagBag from /home/airflow/.local/lib/python3.8/site-packages/airflow/example_dags/example_python_decorator.py
[2023-12-31T05:47:53.376+0000] {processor.py:840} INFO - DAG(s) 'example_python_decorator' retrieved from /home/airflow/.local/lib/python3.8/site-packages/airflow/example_dags/example_python_decorator.py
[2023-12-31T05:47:53.435+0000] {logging_mixin.py:188} INFO - [2023-12-31T05:47:53.435+0000] {dag.py:3033} INFO - Sync 1 DAGs
[2023-12-31T05:47:53.461+0000] {logging_mixin.py:188} INFO - [2023-12-31T05:47:53.460+0000] {dag.py:3820} INFO - Setting next_dagrun for example_python_decorator to None, run_after=None
[2023-12-31T05:47:53.522+0000] {processor.py:183} INFO - Processing /home/airflow/.local/lib/python3.8/site-packages/airflow/example_dags/example_python_decorator.py took 0.187 seconds
[2023-12-31T05:48:24.231+0000] {processor.py:161} INFO - Started process (PID=2534) to work on /home/airflow/.local/lib/python3.8/site-packages/airflow/example_dags/example_python_decorator.py
[2023-12-31T05:48:24.255+0000] {processor.py:830} INFO - Processing file /home/airflow/.local/lib/python3.8/site-packages/airflow/example_dags/example_python_decorator.py for tasks to queue
[2023-12-31T05:48:24.257+0000] {logging_mixin.py:188} INFO - [2023-12-31T05:48:24.256+0000] {dagbag.py:538} INFO - Filling up the DagBag from /home/airflow/.local/lib/python3.8/site-packages/airflow/example_dags/example_python_decorator.py
[2023-12-31T05:48:24.270+0000] {processor.py:840} INFO - DAG(s) 'example_python_decorator' retrieved from /home/airflow/.local/lib/python3.8/site-packages/airflow/example_dags/example_python_decorator.py
[2023-12-31T05:48:24.300+0000] {logging_mixin.py:188} INFO - [2023-12-31T05:48:24.300+0000] {dag.py:3033} INFO - Sync 1 DAGs
[2023-12-31T05:48:24.356+0000] {logging_mixin.py:188} INFO - [2023-12-31T05:48:24.356+0000] {dag.py:3820} INFO - Setting next_dagrun for example_python_decorator to None, run_after=None
[2023-12-31T05:48:24.598+0000] {processor.py:183} INFO - Processing /home/airflow/.local/lib/python3.8/site-packages/airflow/example_dags/example_python_decorator.py took 0.371 seconds
[2023-12-31T05:48:55.270+0000] {processor.py:161} INFO - Started process (PID=2590) to work on /home/airflow/.local/lib/python3.8/site-packages/airflow/example_dags/example_python_decorator.py
[2023-12-31T05:48:55.271+0000] {processor.py:830} INFO - Processing file /home/airflow/.local/lib/python3.8/site-packages/airflow/example_dags/example_python_decorator.py for tasks to queue
[2023-12-31T05:48:55.272+0000] {logging_mixin.py:188} INFO - [2023-12-31T05:48:55.272+0000] {dagbag.py:538} INFO - Filling up the DagBag from /home/airflow/.local/lib/python3.8/site-packages/airflow/example_dags/example_python_decorator.py
[2023-12-31T05:48:55.288+0000] {processor.py:840} INFO - DAG(s) 'example_python_decorator' retrieved from /home/airflow/.local/lib/python3.8/site-packages/airflow/example_dags/example_python_decorator.py
[2023-12-31T05:48:55.320+0000] {logging_mixin.py:188} INFO - [2023-12-31T05:48:55.320+0000] {dag.py:3033} INFO - Sync 1 DAGs
[2023-12-31T05:48:55.335+0000] {logging_mixin.py:188} INFO - [2023-12-31T05:48:55.335+0000] {dag.py:3820} INFO - Setting next_dagrun for example_python_decorator to None, run_after=None
[2023-12-31T05:48:55.372+0000] {processor.py:183} INFO - Processing /home/airflow/.local/lib/python3.8/site-packages/airflow/example_dags/example_python_decorator.py took 0.107 seconds
