[2023-12-31T05:23:43.015+0000] {processor.py:161} INFO - Started process (PID=62) to work on /home/airflow/.local/lib/python3.8/site-packages/airflow/example_dags/example_local_kubernetes_executor.py
[2023-12-31T05:23:43.155+0000] {processor.py:830} INFO - Processing file /home/airflow/.local/lib/python3.8/site-packages/airflow/example_dags/example_local_kubernetes_executor.py for tasks to queue
[2023-12-31T05:23:43.315+0000] {logging_mixin.py:188} INFO - [2023-12-31T05:23:43.310+0000] {dagbag.py:538} INFO - Filling up the DagBag from /home/airflow/.local/lib/python3.8/site-packages/airflow/example_dags/example_local_kubernetes_executor.py
[2023-12-31T05:23:43.570+0000] {processor.py:840} INFO - DAG(s) 'example_local_kubernetes_executor' retrieved from /home/airflow/.local/lib/python3.8/site-packages/airflow/example_dags/example_local_kubernetes_executor.py
[2023-12-31T05:23:50.907+0000] {logging_mixin.py:188} INFO - [2023-12-31T05:23:50.907+0000] {dag.py:3033} INFO - Sync 1 DAGs
[2023-12-31T05:23:51.389+0000] {logging_mixin.py:188} INFO - [2023-12-31T05:23:51.389+0000] {dag.py:3820} INFO - Setting next_dagrun for example_local_kubernetes_executor to None, run_after=None
[2023-12-31T05:23:51.595+0000] {processor.py:183} INFO - Processing /home/airflow/.local/lib/python3.8/site-packages/airflow/example_dags/example_local_kubernetes_executor.py took 9.363 seconds
[2023-12-31T05:24:51.651+0000] {processor.py:161} INFO - Started process (PID=144) to work on /home/airflow/.local/lib/python3.8/site-packages/airflow/example_dags/example_local_kubernetes_executor.py
[2023-12-31T05:24:51.652+0000] {processor.py:830} INFO - Processing file /home/airflow/.local/lib/python3.8/site-packages/airflow/example_dags/example_local_kubernetes_executor.py for tasks to queue
[2023-12-31T05:24:51.656+0000] {logging_mixin.py:188} INFO - [2023-12-31T05:24:51.655+0000] {dagbag.py:538} INFO - Filling up the DagBag from /home/airflow/.local/lib/python3.8/site-packages/airflow/example_dags/example_local_kubernetes_executor.py
[2023-12-31T05:24:51.675+0000] {processor.py:840} INFO - DAG(s) 'example_local_kubernetes_executor' retrieved from /home/airflow/.local/lib/python3.8/site-packages/airflow/example_dags/example_local_kubernetes_executor.py
[2023-12-31T05:24:51.750+0000] {logging_mixin.py:188} INFO - [2023-12-31T05:24:51.750+0000] {dag.py:3033} INFO - Sync 1 DAGs
[2023-12-31T05:24:51.775+0000] {logging_mixin.py:188} INFO - [2023-12-31T05:24:51.775+0000] {dag.py:3820} INFO - Setting next_dagrun for example_local_kubernetes_executor to None, run_after=None
[2023-12-31T05:24:51.813+0000] {processor.py:183} INFO - Processing /home/airflow/.local/lib/python3.8/site-packages/airflow/example_dags/example_local_kubernetes_executor.py took 0.167 seconds
[2023-12-31T05:25:21.875+0000] {processor.py:161} INFO - Started process (PID=199) to work on /home/airflow/.local/lib/python3.8/site-packages/airflow/example_dags/example_local_kubernetes_executor.py
[2023-12-31T05:25:21.877+0000] {processor.py:830} INFO - Processing file /home/airflow/.local/lib/python3.8/site-packages/airflow/example_dags/example_local_kubernetes_executor.py for tasks to queue
[2023-12-31T05:25:21.880+0000] {logging_mixin.py:188} INFO - [2023-12-31T05:25:21.879+0000] {dagbag.py:538} INFO - Filling up the DagBag from /home/airflow/.local/lib/python3.8/site-packages/airflow/example_dags/example_local_kubernetes_executor.py
[2023-12-31T05:25:22.252+0000] {processor.py:840} INFO - DAG(s) 'example_local_kubernetes_executor' retrieved from /home/airflow/.local/lib/python3.8/site-packages/airflow/example_dags/example_local_kubernetes_executor.py
[2023-12-31T05:25:22.398+0000] {logging_mixin.py:188} INFO - [2023-12-31T05:25:22.397+0000] {dag.py:3033} INFO - Sync 1 DAGs
[2023-12-31T05:25:22.567+0000] {logging_mixin.py:188} INFO - [2023-12-31T05:25:22.567+0000] {dag.py:3820} INFO - Setting next_dagrun for example_local_kubernetes_executor to None, run_after=None
[2023-12-31T05:25:24.448+0000] {processor.py:183} INFO - Processing /home/airflow/.local/lib/python3.8/site-packages/airflow/example_dags/example_local_kubernetes_executor.py took 2.578 seconds
[2023-12-31T05:26:16.031+0000] {processor.py:161} INFO - Started process (PID=250) to work on /home/airflow/.local/lib/python3.8/site-packages/airflow/example_dags/example_local_kubernetes_executor.py
[2023-12-31T05:26:16.033+0000] {processor.py:830} INFO - Processing file /home/airflow/.local/lib/python3.8/site-packages/airflow/example_dags/example_local_kubernetes_executor.py for tasks to queue
[2023-12-31T05:26:16.036+0000] {logging_mixin.py:188} INFO - [2023-12-31T05:26:16.035+0000] {dagbag.py:538} INFO - Filling up the DagBag from /home/airflow/.local/lib/python3.8/site-packages/airflow/example_dags/example_local_kubernetes_executor.py
[2023-12-31T05:26:16.096+0000] {processor.py:840} INFO - DAG(s) 'example_local_kubernetes_executor' retrieved from /home/airflow/.local/lib/python3.8/site-packages/airflow/example_dags/example_local_kubernetes_executor.py
[2023-12-31T05:26:17.025+0000] {logging_mixin.py:188} INFO - [2023-12-31T05:26:17.024+0000] {dag.py:3033} INFO - Sync 1 DAGs
[2023-12-31T05:26:17.053+0000] {logging_mixin.py:188} INFO - [2023-12-31T05:26:17.052+0000] {dag.py:3820} INFO - Setting next_dagrun for example_local_kubernetes_executor to None, run_after=None
[2023-12-31T05:26:17.230+0000] {processor.py:183} INFO - Processing /home/airflow/.local/lib/python3.8/site-packages/airflow/example_dags/example_local_kubernetes_executor.py took 1.202 seconds
[2023-12-31T05:26:48.162+0000] {processor.py:161} INFO - Started process (PID=307) to work on /home/airflow/.local/lib/python3.8/site-packages/airflow/example_dags/example_local_kubernetes_executor.py
[2023-12-31T05:26:48.213+0000] {processor.py:830} INFO - Processing file /home/airflow/.local/lib/python3.8/site-packages/airflow/example_dags/example_local_kubernetes_executor.py for tasks to queue
[2023-12-31T05:26:48.216+0000] {logging_mixin.py:188} INFO - [2023-12-31T05:26:48.215+0000] {dagbag.py:538} INFO - Filling up the DagBag from /home/airflow/.local/lib/python3.8/site-packages/airflow/example_dags/example_local_kubernetes_executor.py
[2023-12-31T05:26:48.226+0000] {processor.py:840} INFO - DAG(s) 'example_local_kubernetes_executor' retrieved from /home/airflow/.local/lib/python3.8/site-packages/airflow/example_dags/example_local_kubernetes_executor.py
[2023-12-31T05:26:48.271+0000] {logging_mixin.py:188} INFO - [2023-12-31T05:26:48.271+0000] {dag.py:3033} INFO - Sync 1 DAGs
[2023-12-31T05:26:48.292+0000] {logging_mixin.py:188} INFO - [2023-12-31T05:26:48.292+0000] {dag.py:3820} INFO - Setting next_dagrun for example_local_kubernetes_executor to None, run_after=None
[2023-12-31T05:26:48.859+0000] {processor.py:183} INFO - Processing /home/airflow/.local/lib/python3.8/site-packages/airflow/example_dags/example_local_kubernetes_executor.py took 0.702 seconds
[2023-12-31T05:27:19.818+0000] {processor.py:161} INFO - Started process (PID=362) to work on /home/airflow/.local/lib/python3.8/site-packages/airflow/example_dags/example_local_kubernetes_executor.py
[2023-12-31T05:27:19.820+0000] {processor.py:830} INFO - Processing file /home/airflow/.local/lib/python3.8/site-packages/airflow/example_dags/example_local_kubernetes_executor.py for tasks to queue
[2023-12-31T05:27:19.823+0000] {logging_mixin.py:188} INFO - [2023-12-31T05:27:19.823+0000] {dagbag.py:538} INFO - Filling up the DagBag from /home/airflow/.local/lib/python3.8/site-packages/airflow/example_dags/example_local_kubernetes_executor.py
[2023-12-31T05:27:19.833+0000] {processor.py:840} INFO - DAG(s) 'example_local_kubernetes_executor' retrieved from /home/airflow/.local/lib/python3.8/site-packages/airflow/example_dags/example_local_kubernetes_executor.py
[2023-12-31T05:27:19.882+0000] {logging_mixin.py:188} INFO - [2023-12-31T05:27:19.881+0000] {dag.py:3033} INFO - Sync 1 DAGs
[2023-12-31T05:27:19.901+0000] {logging_mixin.py:188} INFO - [2023-12-31T05:27:19.901+0000] {dag.py:3820} INFO - Setting next_dagrun for example_local_kubernetes_executor to None, run_after=None
[2023-12-31T05:27:20.467+0000] {processor.py:183} INFO - Processing /home/airflow/.local/lib/python3.8/site-packages/airflow/example_dags/example_local_kubernetes_executor.py took 0.653 seconds
[2023-12-31T05:27:51.179+0000] {processor.py:161} INFO - Started process (PID=419) to work on /home/airflow/.local/lib/python3.8/site-packages/airflow/example_dags/example_local_kubernetes_executor.py
[2023-12-31T05:27:51.184+0000] {processor.py:830} INFO - Processing file /home/airflow/.local/lib/python3.8/site-packages/airflow/example_dags/example_local_kubernetes_executor.py for tasks to queue
[2023-12-31T05:27:51.187+0000] {logging_mixin.py:188} INFO - [2023-12-31T05:27:51.187+0000] {dagbag.py:538} INFO - Filling up the DagBag from /home/airflow/.local/lib/python3.8/site-packages/airflow/example_dags/example_local_kubernetes_executor.py
[2023-12-31T05:27:51.200+0000] {processor.py:840} INFO - DAG(s) 'example_local_kubernetes_executor' retrieved from /home/airflow/.local/lib/python3.8/site-packages/airflow/example_dags/example_local_kubernetes_executor.py
[2023-12-31T05:27:51.247+0000] {logging_mixin.py:188} INFO - [2023-12-31T05:27:51.246+0000] {dag.py:3033} INFO - Sync 1 DAGs
[2023-12-31T05:27:51.262+0000] {logging_mixin.py:188} INFO - [2023-12-31T05:27:51.262+0000] {dag.py:3820} INFO - Setting next_dagrun for example_local_kubernetes_executor to None, run_after=None
[2023-12-31T05:27:51.468+0000] {processor.py:183} INFO - Processing /home/airflow/.local/lib/python3.8/site-packages/airflow/example_dags/example_local_kubernetes_executor.py took 0.293 seconds
[2023-12-31T05:28:22.345+0000] {processor.py:161} INFO - Started process (PID=475) to work on /home/airflow/.local/lib/python3.8/site-packages/airflow/example_dags/example_local_kubernetes_executor.py
[2023-12-31T05:28:22.346+0000] {processor.py:830} INFO - Processing file /home/airflow/.local/lib/python3.8/site-packages/airflow/example_dags/example_local_kubernetes_executor.py for tasks to queue
[2023-12-31T05:28:22.350+0000] {logging_mixin.py:188} INFO - [2023-12-31T05:28:22.350+0000] {dagbag.py:538} INFO - Filling up the DagBag from /home/airflow/.local/lib/python3.8/site-packages/airflow/example_dags/example_local_kubernetes_executor.py
[2023-12-31T05:28:22.367+0000] {processor.py:840} INFO - DAG(s) 'example_local_kubernetes_executor' retrieved from /home/airflow/.local/lib/python3.8/site-packages/airflow/example_dags/example_local_kubernetes_executor.py
[2023-12-31T05:28:22.423+0000] {logging_mixin.py:188} INFO - [2023-12-31T05:28:22.423+0000] {dag.py:3033} INFO - Sync 1 DAGs
[2023-12-31T05:28:22.444+0000] {logging_mixin.py:188} INFO - [2023-12-31T05:28:22.444+0000] {dag.py:3820} INFO - Setting next_dagrun for example_local_kubernetes_executor to None, run_after=None
[2023-12-31T05:28:22.469+0000] {processor.py:183} INFO - Processing /home/airflow/.local/lib/python3.8/site-packages/airflow/example_dags/example_local_kubernetes_executor.py took 0.129 seconds
[2023-12-31T05:28:53.095+0000] {processor.py:161} INFO - Started process (PID=531) to work on /home/airflow/.local/lib/python3.8/site-packages/airflow/example_dags/example_local_kubernetes_executor.py
[2023-12-31T05:28:53.098+0000] {processor.py:830} INFO - Processing file /home/airflow/.local/lib/python3.8/site-packages/airflow/example_dags/example_local_kubernetes_executor.py for tasks to queue
[2023-12-31T05:28:53.101+0000] {logging_mixin.py:188} INFO - [2023-12-31T05:28:53.100+0000] {dagbag.py:538} INFO - Filling up the DagBag from /home/airflow/.local/lib/python3.8/site-packages/airflow/example_dags/example_local_kubernetes_executor.py
[2023-12-31T05:28:53.109+0000] {processor.py:840} INFO - DAG(s) 'example_local_kubernetes_executor' retrieved from /home/airflow/.local/lib/python3.8/site-packages/airflow/example_dags/example_local_kubernetes_executor.py
[2023-12-31T05:28:53.155+0000] {logging_mixin.py:188} INFO - [2023-12-31T05:28:53.154+0000] {dag.py:3033} INFO - Sync 1 DAGs
[2023-12-31T05:28:53.173+0000] {logging_mixin.py:188} INFO - [2023-12-31T05:28:53.173+0000] {dag.py:3820} INFO - Setting next_dagrun for example_local_kubernetes_executor to None, run_after=None
[2023-12-31T05:28:53.211+0000] {processor.py:183} INFO - Processing /home/airflow/.local/lib/python3.8/site-packages/airflow/example_dags/example_local_kubernetes_executor.py took 0.120 seconds
[2023-12-31T05:29:23.435+0000] {processor.py:161} INFO - Started process (PID=588) to work on /home/airflow/.local/lib/python3.8/site-packages/airflow/example_dags/example_local_kubernetes_executor.py
[2023-12-31T05:29:23.437+0000] {processor.py:830} INFO - Processing file /home/airflow/.local/lib/python3.8/site-packages/airflow/example_dags/example_local_kubernetes_executor.py for tasks to queue
[2023-12-31T05:29:23.444+0000] {logging_mixin.py:188} INFO - [2023-12-31T05:29:23.443+0000] {dagbag.py:538} INFO - Filling up the DagBag from /home/airflow/.local/lib/python3.8/site-packages/airflow/example_dags/example_local_kubernetes_executor.py
[2023-12-31T05:29:23.469+0000] {processor.py:840} INFO - DAG(s) 'example_local_kubernetes_executor' retrieved from /home/airflow/.local/lib/python3.8/site-packages/airflow/example_dags/example_local_kubernetes_executor.py
[2023-12-31T05:29:23.545+0000] {logging_mixin.py:188} INFO - [2023-12-31T05:29:23.544+0000] {dag.py:3033} INFO - Sync 1 DAGs
[2023-12-31T05:29:23.564+0000] {logging_mixin.py:188} INFO - [2023-12-31T05:29:23.563+0000] {dag.py:3820} INFO - Setting next_dagrun for example_local_kubernetes_executor to None, run_after=None
[2023-12-31T05:29:23.613+0000] {processor.py:183} INFO - Processing /home/airflow/.local/lib/python3.8/site-packages/airflow/example_dags/example_local_kubernetes_executor.py took 0.187 seconds
[2023-12-31T05:29:55.301+0000] {processor.py:161} INFO - Started process (PID=644) to work on /home/airflow/.local/lib/python3.8/site-packages/airflow/example_dags/example_local_kubernetes_executor.py
[2023-12-31T05:29:55.308+0000] {processor.py:830} INFO - Processing file /home/airflow/.local/lib/python3.8/site-packages/airflow/example_dags/example_local_kubernetes_executor.py for tasks to queue
[2023-12-31T05:29:55.317+0000] {logging_mixin.py:188} INFO - [2023-12-31T05:29:55.317+0000] {dagbag.py:538} INFO - Filling up the DagBag from /home/airflow/.local/lib/python3.8/site-packages/airflow/example_dags/example_local_kubernetes_executor.py
[2023-12-31T05:29:55.341+0000] {processor.py:840} INFO - DAG(s) 'example_local_kubernetes_executor' retrieved from /home/airflow/.local/lib/python3.8/site-packages/airflow/example_dags/example_local_kubernetes_executor.py
[2023-12-31T05:29:55.431+0000] {logging_mixin.py:188} INFO - [2023-12-31T05:29:55.431+0000] {dag.py:3033} INFO - Sync 1 DAGs
[2023-12-31T05:29:55.468+0000] {logging_mixin.py:188} INFO - [2023-12-31T05:29:55.468+0000] {dag.py:3820} INFO - Setting next_dagrun for example_local_kubernetes_executor to None, run_after=None
[2023-12-31T05:29:55.522+0000] {processor.py:183} INFO - Processing /home/airflow/.local/lib/python3.8/site-packages/airflow/example_dags/example_local_kubernetes_executor.py took 0.235 seconds
[2023-12-31T05:30:25.704+0000] {processor.py:161} INFO - Started process (PID=700) to work on /home/airflow/.local/lib/python3.8/site-packages/airflow/example_dags/example_local_kubernetes_executor.py
[2023-12-31T05:30:25.706+0000] {processor.py:830} INFO - Processing file /home/airflow/.local/lib/python3.8/site-packages/airflow/example_dags/example_local_kubernetes_executor.py for tasks to queue
[2023-12-31T05:30:25.709+0000] {logging_mixin.py:188} INFO - [2023-12-31T05:30:25.709+0000] {dagbag.py:538} INFO - Filling up the DagBag from /home/airflow/.local/lib/python3.8/site-packages/airflow/example_dags/example_local_kubernetes_executor.py
[2023-12-31T05:30:25.724+0000] {processor.py:840} INFO - DAG(s) 'example_local_kubernetes_executor' retrieved from /home/airflow/.local/lib/python3.8/site-packages/airflow/example_dags/example_local_kubernetes_executor.py
[2023-12-31T05:30:25.778+0000] {logging_mixin.py:188} INFO - [2023-12-31T05:30:25.778+0000] {dag.py:3033} INFO - Sync 1 DAGs
[2023-12-31T05:30:25.800+0000] {logging_mixin.py:188} INFO - [2023-12-31T05:30:25.800+0000] {dag.py:3820} INFO - Setting next_dagrun for example_local_kubernetes_executor to None, run_after=None
[2023-12-31T05:30:25.844+0000] {processor.py:183} INFO - Processing /home/airflow/.local/lib/python3.8/site-packages/airflow/example_dags/example_local_kubernetes_executor.py took 0.148 seconds
[2023-12-31T05:30:56.114+0000] {processor.py:161} INFO - Started process (PID=756) to work on /home/airflow/.local/lib/python3.8/site-packages/airflow/example_dags/example_local_kubernetes_executor.py
[2023-12-31T05:30:56.116+0000] {processor.py:830} INFO - Processing file /home/airflow/.local/lib/python3.8/site-packages/airflow/example_dags/example_local_kubernetes_executor.py for tasks to queue
[2023-12-31T05:30:56.118+0000] {logging_mixin.py:188} INFO - [2023-12-31T05:30:56.118+0000] {dagbag.py:538} INFO - Filling up the DagBag from /home/airflow/.local/lib/python3.8/site-packages/airflow/example_dags/example_local_kubernetes_executor.py
[2023-12-31T05:30:56.126+0000] {processor.py:840} INFO - DAG(s) 'example_local_kubernetes_executor' retrieved from /home/airflow/.local/lib/python3.8/site-packages/airflow/example_dags/example_local_kubernetes_executor.py
[2023-12-31T05:30:56.170+0000] {logging_mixin.py:188} INFO - [2023-12-31T05:30:56.170+0000] {dag.py:3033} INFO - Sync 1 DAGs
[2023-12-31T05:30:56.185+0000] {logging_mixin.py:188} INFO - [2023-12-31T05:30:56.185+0000] {dag.py:3820} INFO - Setting next_dagrun for example_local_kubernetes_executor to None, run_after=None
[2023-12-31T05:30:56.223+0000] {processor.py:183} INFO - Processing /home/airflow/.local/lib/python3.8/site-packages/airflow/example_dags/example_local_kubernetes_executor.py took 0.112 seconds
[2023-12-31T05:31:26.579+0000] {processor.py:161} INFO - Started process (PID=812) to work on /home/airflow/.local/lib/python3.8/site-packages/airflow/example_dags/example_local_kubernetes_executor.py
[2023-12-31T05:31:26.580+0000] {processor.py:830} INFO - Processing file /home/airflow/.local/lib/python3.8/site-packages/airflow/example_dags/example_local_kubernetes_executor.py for tasks to queue
[2023-12-31T05:31:26.584+0000] {logging_mixin.py:188} INFO - [2023-12-31T05:31:26.584+0000] {dagbag.py:538} INFO - Filling up the DagBag from /home/airflow/.local/lib/python3.8/site-packages/airflow/example_dags/example_local_kubernetes_executor.py
[2023-12-31T05:31:26.594+0000] {processor.py:840} INFO - DAG(s) 'example_local_kubernetes_executor' retrieved from /home/airflow/.local/lib/python3.8/site-packages/airflow/example_dags/example_local_kubernetes_executor.py
[2023-12-31T05:31:26.644+0000] {logging_mixin.py:188} INFO - [2023-12-31T05:31:26.644+0000] {dag.py:3033} INFO - Sync 1 DAGs
[2023-12-31T05:31:26.661+0000] {logging_mixin.py:188} INFO - [2023-12-31T05:31:26.661+0000] {dag.py:3820} INFO - Setting next_dagrun for example_local_kubernetes_executor to None, run_after=None
[2023-12-31T05:31:26.691+0000] {processor.py:183} INFO - Processing /home/airflow/.local/lib/python3.8/site-packages/airflow/example_dags/example_local_kubernetes_executor.py took 0.117 seconds
[2023-12-31T05:31:56.753+0000] {processor.py:161} INFO - Started process (PID=867) to work on /home/airflow/.local/lib/python3.8/site-packages/airflow/example_dags/example_local_kubernetes_executor.py
[2023-12-31T05:31:56.755+0000] {processor.py:830} INFO - Processing file /home/airflow/.local/lib/python3.8/site-packages/airflow/example_dags/example_local_kubernetes_executor.py for tasks to queue
[2023-12-31T05:31:56.759+0000] {logging_mixin.py:188} INFO - [2023-12-31T05:31:56.758+0000] {dagbag.py:538} INFO - Filling up the DagBag from /home/airflow/.local/lib/python3.8/site-packages/airflow/example_dags/example_local_kubernetes_executor.py
[2023-12-31T05:31:56.769+0000] {processor.py:840} INFO - DAG(s) 'example_local_kubernetes_executor' retrieved from /home/airflow/.local/lib/python3.8/site-packages/airflow/example_dags/example_local_kubernetes_executor.py
[2023-12-31T05:31:56.814+0000] {logging_mixin.py:188} INFO - [2023-12-31T05:31:56.814+0000] {dag.py:3033} INFO - Sync 1 DAGs
[2023-12-31T05:31:56.829+0000] {logging_mixin.py:188} INFO - [2023-12-31T05:31:56.829+0000] {dag.py:3820} INFO - Setting next_dagrun for example_local_kubernetes_executor to None, run_after=None
[2023-12-31T05:31:56.856+0000] {processor.py:183} INFO - Processing /home/airflow/.local/lib/python3.8/site-packages/airflow/example_dags/example_local_kubernetes_executor.py took 0.107 seconds
[2023-12-31T05:32:27.217+0000] {processor.py:161} INFO - Started process (PID=921) to work on /home/airflow/.local/lib/python3.8/site-packages/airflow/example_dags/example_local_kubernetes_executor.py
[2023-12-31T05:32:27.220+0000] {processor.py:830} INFO - Processing file /home/airflow/.local/lib/python3.8/site-packages/airflow/example_dags/example_local_kubernetes_executor.py for tasks to queue
[2023-12-31T05:32:27.231+0000] {logging_mixin.py:188} INFO - [2023-12-31T05:32:27.230+0000] {dagbag.py:538} INFO - Filling up the DagBag from /home/airflow/.local/lib/python3.8/site-packages/airflow/example_dags/example_local_kubernetes_executor.py
[2023-12-31T05:32:27.255+0000] {processor.py:840} INFO - DAG(s) 'example_local_kubernetes_executor' retrieved from /home/airflow/.local/lib/python3.8/site-packages/airflow/example_dags/example_local_kubernetes_executor.py
[2023-12-31T05:32:27.349+0000] {logging_mixin.py:188} INFO - [2023-12-31T05:32:27.348+0000] {dag.py:3033} INFO - Sync 1 DAGs
[2023-12-31T05:32:27.398+0000] {logging_mixin.py:188} INFO - [2023-12-31T05:32:27.397+0000] {dag.py:3820} INFO - Setting next_dagrun for example_local_kubernetes_executor to None, run_after=None
[2023-12-31T05:32:27.467+0000] {processor.py:183} INFO - Processing /home/airflow/.local/lib/python3.8/site-packages/airflow/example_dags/example_local_kubernetes_executor.py took 0.259 seconds
[2023-12-31T05:33:03.693+0000] {processor.py:161} INFO - Started process (PID=975) to work on /home/airflow/.local/lib/python3.8/site-packages/airflow/example_dags/example_local_kubernetes_executor.py
[2023-12-31T05:33:03.695+0000] {processor.py:830} INFO - Processing file /home/airflow/.local/lib/python3.8/site-packages/airflow/example_dags/example_local_kubernetes_executor.py for tasks to queue
[2023-12-31T05:33:03.704+0000] {logging_mixin.py:188} INFO - [2023-12-31T05:33:03.703+0000] {dagbag.py:538} INFO - Filling up the DagBag from /home/airflow/.local/lib/python3.8/site-packages/airflow/example_dags/example_local_kubernetes_executor.py
[2023-12-31T05:33:05.305+0000] {processor.py:840} INFO - DAG(s) 'example_local_kubernetes_executor' retrieved from /home/airflow/.local/lib/python3.8/site-packages/airflow/example_dags/example_local_kubernetes_executor.py
[2023-12-31T05:33:05.793+0000] {logging_mixin.py:188} INFO - [2023-12-31T05:33:05.792+0000] {dag.py:3033} INFO - Sync 1 DAGs
[2023-12-31T05:33:05.919+0000] {logging_mixin.py:188} INFO - [2023-12-31T05:33:05.918+0000] {dag.py:3820} INFO - Setting next_dagrun for example_local_kubernetes_executor to None, run_after=None
[2023-12-31T05:33:06.140+0000] {processor.py:183} INFO - Processing /home/airflow/.local/lib/python3.8/site-packages/airflow/example_dags/example_local_kubernetes_executor.py took 2.457 seconds
[2023-12-31T05:33:48.317+0000] {processor.py:161} INFO - Started process (PID=1016) to work on /home/airflow/.local/lib/python3.8/site-packages/airflow/example_dags/example_local_kubernetes_executor.py
[2023-12-31T05:33:48.318+0000] {processor.py:830} INFO - Processing file /home/airflow/.local/lib/python3.8/site-packages/airflow/example_dags/example_local_kubernetes_executor.py for tasks to queue
[2023-12-31T05:33:48.322+0000] {logging_mixin.py:188} INFO - [2023-12-31T05:33:48.322+0000] {dagbag.py:538} INFO - Filling up the DagBag from /home/airflow/.local/lib/python3.8/site-packages/airflow/example_dags/example_local_kubernetes_executor.py
[2023-12-31T05:33:48.335+0000] {processor.py:840} INFO - DAG(s) 'example_local_kubernetes_executor' retrieved from /home/airflow/.local/lib/python3.8/site-packages/airflow/example_dags/example_local_kubernetes_executor.py
[2023-12-31T05:33:48.416+0000] {logging_mixin.py:188} INFO - [2023-12-31T05:33:48.415+0000] {dag.py:3033} INFO - Sync 1 DAGs
[2023-12-31T05:33:48.443+0000] {logging_mixin.py:188} INFO - [2023-12-31T05:33:48.443+0000] {dag.py:3820} INFO - Setting next_dagrun for example_local_kubernetes_executor to None, run_after=None
[2023-12-31T05:33:48.502+0000] {processor.py:183} INFO - Processing /home/airflow/.local/lib/python3.8/site-packages/airflow/example_dags/example_local_kubernetes_executor.py took 0.191 seconds
[2023-12-31T05:34:36.310+0000] {processor.py:161} INFO - Started process (PID=1067) to work on /home/airflow/.local/lib/python3.8/site-packages/airflow/example_dags/example_local_kubernetes_executor.py
[2023-12-31T05:34:36.356+0000] {processor.py:830} INFO - Processing file /home/airflow/.local/lib/python3.8/site-packages/airflow/example_dags/example_local_kubernetes_executor.py for tasks to queue
[2023-12-31T05:34:36.359+0000] {logging_mixin.py:188} INFO - [2023-12-31T05:34:36.358+0000] {dagbag.py:538} INFO - Filling up the DagBag from /home/airflow/.local/lib/python3.8/site-packages/airflow/example_dags/example_local_kubernetes_executor.py
[2023-12-31T05:34:36.431+0000] {processor.py:840} INFO - DAG(s) 'example_local_kubernetes_executor' retrieved from /home/airflow/.local/lib/python3.8/site-packages/airflow/example_dags/example_local_kubernetes_executor.py
[2023-12-31T05:34:36.763+0000] {logging_mixin.py:188} INFO - [2023-12-31T05:34:36.763+0000] {dag.py:3033} INFO - Sync 1 DAGs
[2023-12-31T05:34:36.778+0000] {logging_mixin.py:188} INFO - [2023-12-31T05:34:36.778+0000] {dag.py:3820} INFO - Setting next_dagrun for example_local_kubernetes_executor to None, run_after=None
[2023-12-31T05:34:37.108+0000] {processor.py:183} INFO - Processing /home/airflow/.local/lib/python3.8/site-packages/airflow/example_dags/example_local_kubernetes_executor.py took 0.801 seconds
[2023-12-31T05:35:07.865+0000] {processor.py:161} INFO - Started process (PID=1123) to work on /home/airflow/.local/lib/python3.8/site-packages/airflow/example_dags/example_local_kubernetes_executor.py
[2023-12-31T05:35:07.867+0000] {processor.py:830} INFO - Processing file /home/airflow/.local/lib/python3.8/site-packages/airflow/example_dags/example_local_kubernetes_executor.py for tasks to queue
[2023-12-31T05:35:07.870+0000] {logging_mixin.py:188} INFO - [2023-12-31T05:35:07.869+0000] {dagbag.py:538} INFO - Filling up the DagBag from /home/airflow/.local/lib/python3.8/site-packages/airflow/example_dags/example_local_kubernetes_executor.py
[2023-12-31T05:35:07.882+0000] {processor.py:840} INFO - DAG(s) 'example_local_kubernetes_executor' retrieved from /home/airflow/.local/lib/python3.8/site-packages/airflow/example_dags/example_local_kubernetes_executor.py
[2023-12-31T05:35:07.944+0000] {logging_mixin.py:188} INFO - [2023-12-31T05:35:07.944+0000] {dag.py:3033} INFO - Sync 1 DAGs
[2023-12-31T05:35:07.971+0000] {logging_mixin.py:188} INFO - [2023-12-31T05:35:07.970+0000] {dag.py:3820} INFO - Setting next_dagrun for example_local_kubernetes_executor to None, run_after=None
[2023-12-31T05:35:08.015+0000] {processor.py:183} INFO - Processing /home/airflow/.local/lib/python3.8/site-packages/airflow/example_dags/example_local_kubernetes_executor.py took 0.155 seconds
[2023-12-31T05:35:39.776+0000] {processor.py:161} INFO - Started process (PID=1179) to work on /home/airflow/.local/lib/python3.8/site-packages/airflow/example_dags/example_local_kubernetes_executor.py
[2023-12-31T05:35:39.778+0000] {processor.py:830} INFO - Processing file /home/airflow/.local/lib/python3.8/site-packages/airflow/example_dags/example_local_kubernetes_executor.py for tasks to queue
[2023-12-31T05:35:39.785+0000] {logging_mixin.py:188} INFO - [2023-12-31T05:35:39.784+0000] {dagbag.py:538} INFO - Filling up the DagBag from /home/airflow/.local/lib/python3.8/site-packages/airflow/example_dags/example_local_kubernetes_executor.py
[2023-12-31T05:35:39.808+0000] {processor.py:840} INFO - DAG(s) 'example_local_kubernetes_executor' retrieved from /home/airflow/.local/lib/python3.8/site-packages/airflow/example_dags/example_local_kubernetes_executor.py
[2023-12-31T05:35:39.911+0000] {logging_mixin.py:188} INFO - [2023-12-31T05:35:39.910+0000] {dag.py:3033} INFO - Sync 1 DAGs
[2023-12-31T05:35:39.939+0000] {logging_mixin.py:188} INFO - [2023-12-31T05:35:39.939+0000] {dag.py:3820} INFO - Setting next_dagrun for example_local_kubernetes_executor to None, run_after=None
[2023-12-31T05:35:39.989+0000] {processor.py:183} INFO - Processing /home/airflow/.local/lib/python3.8/site-packages/airflow/example_dags/example_local_kubernetes_executor.py took 0.219 seconds
[2023-12-31T05:36:10.059+0000] {processor.py:161} INFO - Started process (PID=1229) to work on /home/airflow/.local/lib/python3.8/site-packages/airflow/example_dags/example_local_kubernetes_executor.py
[2023-12-31T05:36:10.063+0000] {processor.py:830} INFO - Processing file /home/airflow/.local/lib/python3.8/site-packages/airflow/example_dags/example_local_kubernetes_executor.py for tasks to queue
[2023-12-31T05:36:10.066+0000] {logging_mixin.py:188} INFO - [2023-12-31T05:36:10.066+0000] {dagbag.py:538} INFO - Filling up the DagBag from /home/airflow/.local/lib/python3.8/site-packages/airflow/example_dags/example_local_kubernetes_executor.py
[2023-12-31T05:36:10.078+0000] {processor.py:840} INFO - DAG(s) 'example_local_kubernetes_executor' retrieved from /home/airflow/.local/lib/python3.8/site-packages/airflow/example_dags/example_local_kubernetes_executor.py
[2023-12-31T05:36:10.129+0000] {logging_mixin.py:188} INFO - [2023-12-31T05:36:10.129+0000] {dag.py:3033} INFO - Sync 1 DAGs
[2023-12-31T05:36:10.148+0000] {logging_mixin.py:188} INFO - [2023-12-31T05:36:10.147+0000] {dag.py:3820} INFO - Setting next_dagrun for example_local_kubernetes_executor to None, run_after=None
[2023-12-31T05:36:10.192+0000] {processor.py:183} INFO - Processing /home/airflow/.local/lib/python3.8/site-packages/airflow/example_dags/example_local_kubernetes_executor.py took 0.138 seconds
[2023-12-31T05:36:40.612+0000] {processor.py:161} INFO - Started process (PID=1285) to work on /home/airflow/.local/lib/python3.8/site-packages/airflow/example_dags/example_local_kubernetes_executor.py
[2023-12-31T05:36:40.614+0000] {processor.py:830} INFO - Processing file /home/airflow/.local/lib/python3.8/site-packages/airflow/example_dags/example_local_kubernetes_executor.py for tasks to queue
[2023-12-31T05:36:40.617+0000] {logging_mixin.py:188} INFO - [2023-12-31T05:36:40.617+0000] {dagbag.py:538} INFO - Filling up the DagBag from /home/airflow/.local/lib/python3.8/site-packages/airflow/example_dags/example_local_kubernetes_executor.py
[2023-12-31T05:36:40.629+0000] {processor.py:840} INFO - DAG(s) 'example_local_kubernetes_executor' retrieved from /home/airflow/.local/lib/python3.8/site-packages/airflow/example_dags/example_local_kubernetes_executor.py
[2023-12-31T05:36:40.675+0000] {logging_mixin.py:188} INFO - [2023-12-31T05:36:40.674+0000] {dag.py:3033} INFO - Sync 1 DAGs
[2023-12-31T05:36:40.697+0000] {logging_mixin.py:188} INFO - [2023-12-31T05:36:40.697+0000] {dag.py:3820} INFO - Setting next_dagrun for example_local_kubernetes_executor to None, run_after=None
[2023-12-31T05:36:40.736+0000] {processor.py:183} INFO - Processing /home/airflow/.local/lib/python3.8/site-packages/airflow/example_dags/example_local_kubernetes_executor.py took 0.128 seconds
[2023-12-31T05:37:11.323+0000] {processor.py:161} INFO - Started process (PID=1341) to work on /home/airflow/.local/lib/python3.8/site-packages/airflow/example_dags/example_local_kubernetes_executor.py
[2023-12-31T05:37:11.325+0000] {processor.py:830} INFO - Processing file /home/airflow/.local/lib/python3.8/site-packages/airflow/example_dags/example_local_kubernetes_executor.py for tasks to queue
[2023-12-31T05:37:11.330+0000] {logging_mixin.py:188} INFO - [2023-12-31T05:37:11.329+0000] {dagbag.py:538} INFO - Filling up the DagBag from /home/airflow/.local/lib/python3.8/site-packages/airflow/example_dags/example_local_kubernetes_executor.py
[2023-12-31T05:37:11.349+0000] {processor.py:840} INFO - DAG(s) 'example_local_kubernetes_executor' retrieved from /home/airflow/.local/lib/python3.8/site-packages/airflow/example_dags/example_local_kubernetes_executor.py
[2023-12-31T05:37:11.463+0000] {logging_mixin.py:188} INFO - [2023-12-31T05:37:11.462+0000] {dag.py:3033} INFO - Sync 1 DAGs
[2023-12-31T05:37:11.510+0000] {logging_mixin.py:188} INFO - [2023-12-31T05:37:11.509+0000] {dag.py:3820} INFO - Setting next_dagrun for example_local_kubernetes_executor to None, run_after=None
[2023-12-31T05:37:11.588+0000] {processor.py:183} INFO - Processing /home/airflow/.local/lib/python3.8/site-packages/airflow/example_dags/example_local_kubernetes_executor.py took 0.275 seconds
[2023-12-31T05:37:42.523+0000] {processor.py:161} INFO - Started process (PID=1396) to work on /home/airflow/.local/lib/python3.8/site-packages/airflow/example_dags/example_local_kubernetes_executor.py
[2023-12-31T05:37:42.589+0000] {processor.py:830} INFO - Processing file /home/airflow/.local/lib/python3.8/site-packages/airflow/example_dags/example_local_kubernetes_executor.py for tasks to queue
[2023-12-31T05:37:42.592+0000] {logging_mixin.py:188} INFO - [2023-12-31T05:37:42.592+0000] {dagbag.py:538} INFO - Filling up the DagBag from /home/airflow/.local/lib/python3.8/site-packages/airflow/example_dags/example_local_kubernetes_executor.py
[2023-12-31T05:37:42.602+0000] {processor.py:840} INFO - DAG(s) 'example_local_kubernetes_executor' retrieved from /home/airflow/.local/lib/python3.8/site-packages/airflow/example_dags/example_local_kubernetes_executor.py
[2023-12-31T05:37:43.339+0000] {logging_mixin.py:188} INFO - [2023-12-31T05:37:43.338+0000] {dag.py:3033} INFO - Sync 1 DAGs
[2023-12-31T05:37:43.362+0000] {logging_mixin.py:188} INFO - [2023-12-31T05:37:43.362+0000] {dag.py:3820} INFO - Setting next_dagrun for example_local_kubernetes_executor to None, run_after=None
[2023-12-31T05:37:43.977+0000] {processor.py:183} INFO - Processing /home/airflow/.local/lib/python3.8/site-packages/airflow/example_dags/example_local_kubernetes_executor.py took 1.457 seconds
[2023-12-31T05:38:14.150+0000] {processor.py:161} INFO - Started process (PID=1452) to work on /home/airflow/.local/lib/python3.8/site-packages/airflow/example_dags/example_local_kubernetes_executor.py
[2023-12-31T05:38:14.152+0000] {processor.py:830} INFO - Processing file /home/airflow/.local/lib/python3.8/site-packages/airflow/example_dags/example_local_kubernetes_executor.py for tasks to queue
[2023-12-31T05:38:14.158+0000] {logging_mixin.py:188} INFO - [2023-12-31T05:38:14.157+0000] {dagbag.py:538} INFO - Filling up the DagBag from /home/airflow/.local/lib/python3.8/site-packages/airflow/example_dags/example_local_kubernetes_executor.py
[2023-12-31T05:38:14.184+0000] {processor.py:840} INFO - DAG(s) 'example_local_kubernetes_executor' retrieved from /home/airflow/.local/lib/python3.8/site-packages/airflow/example_dags/example_local_kubernetes_executor.py
[2023-12-31T05:38:14.296+0000] {logging_mixin.py:188} INFO - [2023-12-31T05:38:14.295+0000] {dag.py:3033} INFO - Sync 1 DAGs
[2023-12-31T05:38:14.348+0000] {logging_mixin.py:188} INFO - [2023-12-31T05:38:14.348+0000] {dag.py:3820} INFO - Setting next_dagrun for example_local_kubernetes_executor to None, run_after=None
[2023-12-31T05:38:14.426+0000] {processor.py:183} INFO - Processing /home/airflow/.local/lib/python3.8/site-packages/airflow/example_dags/example_local_kubernetes_executor.py took 0.286 seconds
[2023-12-31T05:38:45.411+0000] {processor.py:161} INFO - Started process (PID=1509) to work on /home/airflow/.local/lib/python3.8/site-packages/airflow/example_dags/example_local_kubernetes_executor.py
[2023-12-31T05:38:45.413+0000] {processor.py:830} INFO - Processing file /home/airflow/.local/lib/python3.8/site-packages/airflow/example_dags/example_local_kubernetes_executor.py for tasks to queue
[2023-12-31T05:38:45.417+0000] {logging_mixin.py:188} INFO - [2023-12-31T05:38:45.417+0000] {dagbag.py:538} INFO - Filling up the DagBag from /home/airflow/.local/lib/python3.8/site-packages/airflow/example_dags/example_local_kubernetes_executor.py
[2023-12-31T05:38:45.428+0000] {processor.py:840} INFO - DAG(s) 'example_local_kubernetes_executor' retrieved from /home/airflow/.local/lib/python3.8/site-packages/airflow/example_dags/example_local_kubernetes_executor.py
[2023-12-31T05:38:45.473+0000] {logging_mixin.py:188} INFO - [2023-12-31T05:38:45.472+0000] {dag.py:3033} INFO - Sync 1 DAGs
[2023-12-31T05:38:45.489+0000] {logging_mixin.py:188} INFO - [2023-12-31T05:38:45.489+0000] {dag.py:3820} INFO - Setting next_dagrun for example_local_kubernetes_executor to None, run_after=None
[2023-12-31T05:38:45.523+0000] {processor.py:183} INFO - Processing /home/airflow/.local/lib/python3.8/site-packages/airflow/example_dags/example_local_kubernetes_executor.py took 0.116 seconds
[2023-12-31T05:39:15.642+0000] {processor.py:161} INFO - Started process (PID=1565) to work on /home/airflow/.local/lib/python3.8/site-packages/airflow/example_dags/example_local_kubernetes_executor.py
[2023-12-31T05:39:15.644+0000] {processor.py:830} INFO - Processing file /home/airflow/.local/lib/python3.8/site-packages/airflow/example_dags/example_local_kubernetes_executor.py for tasks to queue
[2023-12-31T05:39:15.651+0000] {logging_mixin.py:188} INFO - [2023-12-31T05:39:15.649+0000] {dagbag.py:538} INFO - Filling up the DagBag from /home/airflow/.local/lib/python3.8/site-packages/airflow/example_dags/example_local_kubernetes_executor.py
[2023-12-31T05:39:15.672+0000] {processor.py:840} INFO - DAG(s) 'example_local_kubernetes_executor' retrieved from /home/airflow/.local/lib/python3.8/site-packages/airflow/example_dags/example_local_kubernetes_executor.py
[2023-12-31T05:39:15.739+0000] {logging_mixin.py:188} INFO - [2023-12-31T05:39:15.739+0000] {dag.py:3033} INFO - Sync 1 DAGs
[2023-12-31T05:39:15.760+0000] {logging_mixin.py:188} INFO - [2023-12-31T05:39:15.760+0000] {dag.py:3820} INFO - Setting next_dagrun for example_local_kubernetes_executor to None, run_after=None
[2023-12-31T05:39:15.791+0000] {processor.py:183} INFO - Processing /home/airflow/.local/lib/python3.8/site-packages/airflow/example_dags/example_local_kubernetes_executor.py took 0.154 seconds
[2023-12-31T05:39:46.108+0000] {processor.py:161} INFO - Started process (PID=1621) to work on /home/airflow/.local/lib/python3.8/site-packages/airflow/example_dags/example_local_kubernetes_executor.py
[2023-12-31T05:39:46.110+0000] {processor.py:830} INFO - Processing file /home/airflow/.local/lib/python3.8/site-packages/airflow/example_dags/example_local_kubernetes_executor.py for tasks to queue
[2023-12-31T05:39:46.115+0000] {logging_mixin.py:188} INFO - [2023-12-31T05:39:46.114+0000] {dagbag.py:538} INFO - Filling up the DagBag from /home/airflow/.local/lib/python3.8/site-packages/airflow/example_dags/example_local_kubernetes_executor.py
[2023-12-31T05:39:46.133+0000] {processor.py:840} INFO - DAG(s) 'example_local_kubernetes_executor' retrieved from /home/airflow/.local/lib/python3.8/site-packages/airflow/example_dags/example_local_kubernetes_executor.py
[2023-12-31T05:39:46.182+0000] {logging_mixin.py:188} INFO - [2023-12-31T05:39:46.182+0000] {dag.py:3033} INFO - Sync 1 DAGs
[2023-12-31T05:39:46.203+0000] {logging_mixin.py:188} INFO - [2023-12-31T05:39:46.202+0000] {dag.py:3820} INFO - Setting next_dagrun for example_local_kubernetes_executor to None, run_after=None
[2023-12-31T05:39:46.272+0000] {processor.py:183} INFO - Processing /home/airflow/.local/lib/python3.8/site-packages/airflow/example_dags/example_local_kubernetes_executor.py took 0.169 seconds
[2023-12-31T05:40:16.647+0000] {processor.py:161} INFO - Started process (PID=1677) to work on /home/airflow/.local/lib/python3.8/site-packages/airflow/example_dags/example_local_kubernetes_executor.py
[2023-12-31T05:40:16.649+0000] {processor.py:830} INFO - Processing file /home/airflow/.local/lib/python3.8/site-packages/airflow/example_dags/example_local_kubernetes_executor.py for tasks to queue
[2023-12-31T05:40:16.652+0000] {logging_mixin.py:188} INFO - [2023-12-31T05:40:16.651+0000] {dagbag.py:538} INFO - Filling up the DagBag from /home/airflow/.local/lib/python3.8/site-packages/airflow/example_dags/example_local_kubernetes_executor.py
[2023-12-31T05:40:16.665+0000] {processor.py:840} INFO - DAG(s) 'example_local_kubernetes_executor' retrieved from /home/airflow/.local/lib/python3.8/site-packages/airflow/example_dags/example_local_kubernetes_executor.py
[2023-12-31T05:40:16.724+0000] {logging_mixin.py:188} INFO - [2023-12-31T05:40:16.724+0000] {dag.py:3033} INFO - Sync 1 DAGs
[2023-12-31T05:40:16.749+0000] {logging_mixin.py:188} INFO - [2023-12-31T05:40:16.748+0000] {dag.py:3820} INFO - Setting next_dagrun for example_local_kubernetes_executor to None, run_after=None
[2023-12-31T05:40:16.789+0000] {processor.py:183} INFO - Processing /home/airflow/.local/lib/python3.8/site-packages/airflow/example_dags/example_local_kubernetes_executor.py took 0.148 seconds
[2023-12-31T05:40:47.134+0000] {processor.py:161} INFO - Started process (PID=1733) to work on /home/airflow/.local/lib/python3.8/site-packages/airflow/example_dags/example_local_kubernetes_executor.py
[2023-12-31T05:40:47.136+0000] {processor.py:830} INFO - Processing file /home/airflow/.local/lib/python3.8/site-packages/airflow/example_dags/example_local_kubernetes_executor.py for tasks to queue
[2023-12-31T05:40:47.140+0000] {logging_mixin.py:188} INFO - [2023-12-31T05:40:47.139+0000] {dagbag.py:538} INFO - Filling up the DagBag from /home/airflow/.local/lib/python3.8/site-packages/airflow/example_dags/example_local_kubernetes_executor.py
[2023-12-31T05:40:47.155+0000] {processor.py:840} INFO - DAG(s) 'example_local_kubernetes_executor' retrieved from /home/airflow/.local/lib/python3.8/site-packages/airflow/example_dags/example_local_kubernetes_executor.py
[2023-12-31T05:40:47.230+0000] {logging_mixin.py:188} INFO - [2023-12-31T05:40:47.230+0000] {dag.py:3033} INFO - Sync 1 DAGs
[2023-12-31T05:40:47.253+0000] {logging_mixin.py:188} INFO - [2023-12-31T05:40:47.253+0000] {dag.py:3820} INFO - Setting next_dagrun for example_local_kubernetes_executor to None, run_after=None
[2023-12-31T05:40:47.705+0000] {processor.py:183} INFO - Processing /home/airflow/.local/lib/python3.8/site-packages/airflow/example_dags/example_local_kubernetes_executor.py took 0.577 seconds
[2023-12-31T05:41:18.419+0000] {processor.py:161} INFO - Started process (PID=1789) to work on /home/airflow/.local/lib/python3.8/site-packages/airflow/example_dags/example_local_kubernetes_executor.py
[2023-12-31T05:41:18.420+0000] {processor.py:830} INFO - Processing file /home/airflow/.local/lib/python3.8/site-packages/airflow/example_dags/example_local_kubernetes_executor.py for tasks to queue
[2023-12-31T05:41:18.424+0000] {logging_mixin.py:188} INFO - [2023-12-31T05:41:18.423+0000] {dagbag.py:538} INFO - Filling up the DagBag from /home/airflow/.local/lib/python3.8/site-packages/airflow/example_dags/example_local_kubernetes_executor.py
[2023-12-31T05:41:18.447+0000] {processor.py:840} INFO - DAG(s) 'example_local_kubernetes_executor' retrieved from /home/airflow/.local/lib/python3.8/site-packages/airflow/example_dags/example_local_kubernetes_executor.py
[2023-12-31T05:41:18.501+0000] {logging_mixin.py:188} INFO - [2023-12-31T05:41:18.501+0000] {dag.py:3033} INFO - Sync 1 DAGs
[2023-12-31T05:41:18.524+0000] {logging_mixin.py:188} INFO - [2023-12-31T05:41:18.523+0000] {dag.py:3820} INFO - Setting next_dagrun for example_local_kubernetes_executor to None, run_after=None
[2023-12-31T05:41:18.561+0000] {processor.py:183} INFO - Processing /home/airflow/.local/lib/python3.8/site-packages/airflow/example_dags/example_local_kubernetes_executor.py took 0.146 seconds
[2023-12-31T05:41:48.807+0000] {processor.py:161} INFO - Started process (PID=1845) to work on /home/airflow/.local/lib/python3.8/site-packages/airflow/example_dags/example_local_kubernetes_executor.py
[2023-12-31T05:41:48.883+0000] {processor.py:830} INFO - Processing file /home/airflow/.local/lib/python3.8/site-packages/airflow/example_dags/example_local_kubernetes_executor.py for tasks to queue
[2023-12-31T05:41:48.886+0000] {logging_mixin.py:188} INFO - [2023-12-31T05:41:48.886+0000] {dagbag.py:538} INFO - Filling up the DagBag from /home/airflow/.local/lib/python3.8/site-packages/airflow/example_dags/example_local_kubernetes_executor.py
[2023-12-31T05:41:48.897+0000] {processor.py:840} INFO - DAG(s) 'example_local_kubernetes_executor' retrieved from /home/airflow/.local/lib/python3.8/site-packages/airflow/example_dags/example_local_kubernetes_executor.py
[2023-12-31T05:41:48.941+0000] {logging_mixin.py:188} INFO - [2023-12-31T05:41:48.940+0000] {dag.py:3033} INFO - Sync 1 DAGs
[2023-12-31T05:41:48.959+0000] {logging_mixin.py:188} INFO - [2023-12-31T05:41:48.959+0000] {dag.py:3820} INFO - Setting next_dagrun for example_local_kubernetes_executor to None, run_after=None
[2023-12-31T05:41:49.685+0000] {processor.py:183} INFO - Processing /home/airflow/.local/lib/python3.8/site-packages/airflow/example_dags/example_local_kubernetes_executor.py took 0.881 seconds
