[2023-12-27T22:07:22.516+0000] {processor.py:161} INFO - Started process (PID=80) to work on /home/airflow/.local/lib/python3.8/site-packages/airflow/example_dags/example_sensors.py
[2023-12-27T22:07:22.517+0000] {processor.py:830} INFO - Processing file /home/airflow/.local/lib/python3.8/site-packages/airflow/example_dags/example_sensors.py for tasks to queue
[2023-12-27T22:07:22.520+0000] {logging_mixin.py:188} INFO - [2023-12-27T22:07:22.520+0000] {dagbag.py:538} INFO - Filling up the DagBag from /home/airflow/.local/lib/python3.8/site-packages/airflow/example_dags/example_sensors.py
[2023-12-27T22:07:22.537+0000] {processor.py:840} INFO - DAG(s) 'example_sensors' retrieved from /home/airflow/.local/lib/python3.8/site-packages/airflow/example_dags/example_sensors.py
[2023-12-27T22:07:22.761+0000] {logging_mixin.py:188} INFO - [2023-12-27T22:07:22.761+0000] {dag.py:3033} INFO - Sync 1 DAGs
[2023-12-27T22:07:22.786+0000] {logging_mixin.py:188} INFO - [2023-12-27T22:07:22.786+0000] {dag.py:3820} INFO - Setting next_dagrun for example_sensors to None, run_after=None
[2023-12-27T22:07:22.853+0000] {processor.py:183} INFO - Processing /home/airflow/.local/lib/python3.8/site-packages/airflow/example_dags/example_sensors.py took 0.342 seconds
[2023-12-27T22:07:53.531+0000] {processor.py:161} INFO - Started process (PID=135) to work on /home/airflow/.local/lib/python3.8/site-packages/airflow/example_dags/example_sensors.py
[2023-12-27T22:07:53.534+0000] {processor.py:830} INFO - Processing file /home/airflow/.local/lib/python3.8/site-packages/airflow/example_dags/example_sensors.py for tasks to queue
[2023-12-27T22:07:53.537+0000] {logging_mixin.py:188} INFO - [2023-12-27T22:07:53.537+0000] {dagbag.py:538} INFO - Filling up the DagBag from /home/airflow/.local/lib/python3.8/site-packages/airflow/example_dags/example_sensors.py
[2023-12-27T22:07:53.548+0000] {processor.py:840} INFO - DAG(s) 'example_sensors' retrieved from /home/airflow/.local/lib/python3.8/site-packages/airflow/example_dags/example_sensors.py
[2023-12-27T22:07:53.581+0000] {logging_mixin.py:188} INFO - [2023-12-27T22:07:53.581+0000] {dag.py:3033} INFO - Sync 1 DAGs
[2023-12-27T22:07:53.596+0000] {logging_mixin.py:188} INFO - [2023-12-27T22:07:53.596+0000] {dag.py:3820} INFO - Setting next_dagrun for example_sensors to None, run_after=None
[2023-12-27T22:07:53.625+0000] {processor.py:183} INFO - Processing /home/airflow/.local/lib/python3.8/site-packages/airflow/example_dags/example_sensors.py took 0.097 seconds
[2023-12-27T22:08:27.903+0000] {processor.py:161} INFO - Started process (PID=190) to work on /home/airflow/.local/lib/python3.8/site-packages/airflow/example_dags/example_sensors.py
[2023-12-27T22:08:27.905+0000] {processor.py:830} INFO - Processing file /home/airflow/.local/lib/python3.8/site-packages/airflow/example_dags/example_sensors.py for tasks to queue
[2023-12-27T22:08:27.908+0000] {logging_mixin.py:188} INFO - [2023-12-27T22:08:27.908+0000] {dagbag.py:538} INFO - Filling up the DagBag from /home/airflow/.local/lib/python3.8/site-packages/airflow/example_dags/example_sensors.py
[2023-12-27T22:08:27.922+0000] {processor.py:840} INFO - DAG(s) 'example_sensors' retrieved from /home/airflow/.local/lib/python3.8/site-packages/airflow/example_dags/example_sensors.py
[2023-12-27T22:08:27.963+0000] {logging_mixin.py:188} INFO - [2023-12-27T22:08:27.963+0000] {dag.py:3033} INFO - Sync 1 DAGs
[2023-12-27T22:08:27.982+0000] {logging_mixin.py:188} INFO - [2023-12-27T22:08:27.982+0000] {dag.py:3820} INFO - Setting next_dagrun for example_sensors to None, run_after=None
[2023-12-27T22:08:28.011+0000] {processor.py:183} INFO - Processing /home/airflow/.local/lib/python3.8/site-packages/airflow/example_dags/example_sensors.py took 0.112 seconds
[2023-12-27T22:08:58.440+0000] {processor.py:161} INFO - Started process (PID=245) to work on /home/airflow/.local/lib/python3.8/site-packages/airflow/example_dags/example_sensors.py
[2023-12-27T22:08:58.442+0000] {processor.py:830} INFO - Processing file /home/airflow/.local/lib/python3.8/site-packages/airflow/example_dags/example_sensors.py for tasks to queue
[2023-12-27T22:08:58.445+0000] {logging_mixin.py:188} INFO - [2023-12-27T22:08:58.444+0000] {dagbag.py:538} INFO - Filling up the DagBag from /home/airflow/.local/lib/python3.8/site-packages/airflow/example_dags/example_sensors.py
[2023-12-27T22:08:58.455+0000] {processor.py:840} INFO - DAG(s) 'example_sensors' retrieved from /home/airflow/.local/lib/python3.8/site-packages/airflow/example_dags/example_sensors.py
[2023-12-27T22:08:58.484+0000] {logging_mixin.py:188} INFO - [2023-12-27T22:08:58.484+0000] {dag.py:3033} INFO - Sync 1 DAGs
[2023-12-27T22:08:58.499+0000] {logging_mixin.py:188} INFO - [2023-12-27T22:08:58.499+0000] {dag.py:3820} INFO - Setting next_dagrun for example_sensors to None, run_after=None
[2023-12-27T22:08:58.532+0000] {processor.py:183} INFO - Processing /home/airflow/.local/lib/python3.8/site-packages/airflow/example_dags/example_sensors.py took 0.096 seconds
[2023-12-27T22:09:28.606+0000] {processor.py:161} INFO - Started process (PID=298) to work on /home/airflow/.local/lib/python3.8/site-packages/airflow/example_dags/example_sensors.py
[2023-12-27T22:09:28.608+0000] {processor.py:830} INFO - Processing file /home/airflow/.local/lib/python3.8/site-packages/airflow/example_dags/example_sensors.py for tasks to queue
[2023-12-27T22:09:28.610+0000] {logging_mixin.py:188} INFO - [2023-12-27T22:09:28.610+0000] {dagbag.py:538} INFO - Filling up the DagBag from /home/airflow/.local/lib/python3.8/site-packages/airflow/example_dags/example_sensors.py
[2023-12-27T22:09:28.621+0000] {processor.py:840} INFO - DAG(s) 'example_sensors' retrieved from /home/airflow/.local/lib/python3.8/site-packages/airflow/example_dags/example_sensors.py
[2023-12-27T22:09:28.649+0000] {logging_mixin.py:188} INFO - [2023-12-27T22:09:28.649+0000] {dag.py:3033} INFO - Sync 1 DAGs
[2023-12-27T22:09:28.663+0000] {logging_mixin.py:188} INFO - [2023-12-27T22:09:28.663+0000] {dag.py:3820} INFO - Setting next_dagrun for example_sensors to None, run_after=None
[2023-12-27T22:09:28.692+0000] {processor.py:183} INFO - Processing /home/airflow/.local/lib/python3.8/site-packages/airflow/example_dags/example_sensors.py took 0.090 seconds
[2023-12-27T22:09:59.408+0000] {processor.py:161} INFO - Started process (PID=353) to work on /home/airflow/.local/lib/python3.8/site-packages/airflow/example_dags/example_sensors.py
[2023-12-27T22:09:59.410+0000] {processor.py:830} INFO - Processing file /home/airflow/.local/lib/python3.8/site-packages/airflow/example_dags/example_sensors.py for tasks to queue
[2023-12-27T22:09:59.413+0000] {logging_mixin.py:188} INFO - [2023-12-27T22:09:59.412+0000] {dagbag.py:538} INFO - Filling up the DagBag from /home/airflow/.local/lib/python3.8/site-packages/airflow/example_dags/example_sensors.py
[2023-12-27T22:09:59.424+0000] {processor.py:840} INFO - DAG(s) 'example_sensors' retrieved from /home/airflow/.local/lib/python3.8/site-packages/airflow/example_dags/example_sensors.py
[2023-12-27T22:09:59.454+0000] {logging_mixin.py:188} INFO - [2023-12-27T22:09:59.453+0000] {dag.py:3033} INFO - Sync 1 DAGs
[2023-12-27T22:09:59.468+0000] {logging_mixin.py:188} INFO - [2023-12-27T22:09:59.468+0000] {dag.py:3820} INFO - Setting next_dagrun for example_sensors to None, run_after=None
[2023-12-27T22:09:59.522+0000] {processor.py:183} INFO - Processing /home/airflow/.local/lib/python3.8/site-packages/airflow/example_dags/example_sensors.py took 0.119 seconds
[2023-12-27T22:10:29.760+0000] {processor.py:161} INFO - Started process (PID=408) to work on /home/airflow/.local/lib/python3.8/site-packages/airflow/example_dags/example_sensors.py
[2023-12-27T22:10:29.762+0000] {processor.py:830} INFO - Processing file /home/airflow/.local/lib/python3.8/site-packages/airflow/example_dags/example_sensors.py for tasks to queue
[2023-12-27T22:10:29.765+0000] {logging_mixin.py:188} INFO - [2023-12-27T22:10:29.765+0000] {dagbag.py:538} INFO - Filling up the DagBag from /home/airflow/.local/lib/python3.8/site-packages/airflow/example_dags/example_sensors.py
[2023-12-27T22:10:29.778+0000] {processor.py:840} INFO - DAG(s) 'example_sensors' retrieved from /home/airflow/.local/lib/python3.8/site-packages/airflow/example_dags/example_sensors.py
[2023-12-27T22:10:29.808+0000] {logging_mixin.py:188} INFO - [2023-12-27T22:10:29.808+0000] {dag.py:3033} INFO - Sync 1 DAGs
[2023-12-27T22:10:29.828+0000] {logging_mixin.py:188} INFO - [2023-12-27T22:10:29.828+0000] {dag.py:3820} INFO - Setting next_dagrun for example_sensors to None, run_after=None
[2023-12-27T22:10:29.860+0000] {processor.py:183} INFO - Processing /home/airflow/.local/lib/python3.8/site-packages/airflow/example_dags/example_sensors.py took 0.103 seconds
[2023-12-27T22:11:00.253+0000] {processor.py:161} INFO - Started process (PID=463) to work on /home/airflow/.local/lib/python3.8/site-packages/airflow/example_dags/example_sensors.py
[2023-12-27T22:11:00.255+0000] {processor.py:830} INFO - Processing file /home/airflow/.local/lib/python3.8/site-packages/airflow/example_dags/example_sensors.py for tasks to queue
[2023-12-27T22:11:00.258+0000] {logging_mixin.py:188} INFO - [2023-12-27T22:11:00.258+0000] {dagbag.py:538} INFO - Filling up the DagBag from /home/airflow/.local/lib/python3.8/site-packages/airflow/example_dags/example_sensors.py
[2023-12-27T22:11:00.268+0000] {processor.py:840} INFO - DAG(s) 'example_sensors' retrieved from /home/airflow/.local/lib/python3.8/site-packages/airflow/example_dags/example_sensors.py
[2023-12-27T22:11:00.303+0000] {logging_mixin.py:188} INFO - [2023-12-27T22:11:00.303+0000] {dag.py:3033} INFO - Sync 1 DAGs
[2023-12-27T22:11:00.321+0000] {logging_mixin.py:188} INFO - [2023-12-27T22:11:00.321+0000] {dag.py:3820} INFO - Setting next_dagrun for example_sensors to None, run_after=None
[2023-12-27T22:11:00.351+0000] {processor.py:183} INFO - Processing /home/airflow/.local/lib/python3.8/site-packages/airflow/example_dags/example_sensors.py took 0.103 seconds
[2023-12-27T22:11:31.448+0000] {processor.py:161} INFO - Started process (PID=518) to work on /home/airflow/.local/lib/python3.8/site-packages/airflow/example_dags/example_sensors.py
[2023-12-27T22:11:31.450+0000] {processor.py:830} INFO - Processing file /home/airflow/.local/lib/python3.8/site-packages/airflow/example_dags/example_sensors.py for tasks to queue
[2023-12-27T22:11:31.452+0000] {logging_mixin.py:188} INFO - [2023-12-27T22:11:31.452+0000] {dagbag.py:538} INFO - Filling up the DagBag from /home/airflow/.local/lib/python3.8/site-packages/airflow/example_dags/example_sensors.py
[2023-12-27T22:11:31.463+0000] {processor.py:840} INFO - DAG(s) 'example_sensors' retrieved from /home/airflow/.local/lib/python3.8/site-packages/airflow/example_dags/example_sensors.py
[2023-12-27T22:11:31.506+0000] {logging_mixin.py:188} INFO - [2023-12-27T22:11:31.505+0000] {dag.py:3033} INFO - Sync 1 DAGs
[2023-12-27T22:11:31.521+0000] {logging_mixin.py:188} INFO - [2023-12-27T22:11:31.521+0000] {dag.py:3820} INFO - Setting next_dagrun for example_sensors to None, run_after=None
[2023-12-27T22:11:31.545+0000] {processor.py:183} INFO - Processing /home/airflow/.local/lib/python3.8/site-packages/airflow/example_dags/example_sensors.py took 0.100 seconds
[2023-12-27T22:12:03.776+0000] {processor.py:161} INFO - Started process (PID=573) to work on /home/airflow/.local/lib/python3.8/site-packages/airflow/example_dags/example_sensors.py
[2023-12-27T22:12:03.788+0000] {processor.py:830} INFO - Processing file /home/airflow/.local/lib/python3.8/site-packages/airflow/example_dags/example_sensors.py for tasks to queue
[2023-12-27T22:12:03.804+0000] {logging_mixin.py:188} INFO - [2023-12-27T22:12:03.804+0000] {dagbag.py:538} INFO - Filling up the DagBag from /home/airflow/.local/lib/python3.8/site-packages/airflow/example_dags/example_sensors.py
[2023-12-27T22:12:03.885+0000] {processor.py:840} INFO - DAG(s) 'example_sensors' retrieved from /home/airflow/.local/lib/python3.8/site-packages/airflow/example_dags/example_sensors.py
[2023-12-27T22:12:04.046+0000] {logging_mixin.py:188} INFO - [2023-12-27T22:12:04.045+0000] {dag.py:3033} INFO - Sync 1 DAGs
[2023-12-27T22:12:04.119+0000] {logging_mixin.py:188} INFO - [2023-12-27T22:12:04.119+0000] {dag.py:3820} INFO - Setting next_dagrun for example_sensors to None, run_after=None
[2023-12-27T22:12:04.253+0000] {processor.py:183} INFO - Processing /home/airflow/.local/lib/python3.8/site-packages/airflow/example_dags/example_sensors.py took 0.482 seconds
[2023-12-27T22:12:34.511+0000] {processor.py:161} INFO - Started process (PID=628) to work on /home/airflow/.local/lib/python3.8/site-packages/airflow/example_dags/example_sensors.py
[2023-12-27T22:12:34.513+0000] {processor.py:830} INFO - Processing file /home/airflow/.local/lib/python3.8/site-packages/airflow/example_dags/example_sensors.py for tasks to queue
[2023-12-27T22:12:34.518+0000] {logging_mixin.py:188} INFO - [2023-12-27T22:12:34.517+0000] {dagbag.py:538} INFO - Filling up the DagBag from /home/airflow/.local/lib/python3.8/site-packages/airflow/example_dags/example_sensors.py
[2023-12-27T22:12:34.528+0000] {processor.py:840} INFO - DAG(s) 'example_sensors' retrieved from /home/airflow/.local/lib/python3.8/site-packages/airflow/example_dags/example_sensors.py
[2023-12-27T22:12:34.562+0000] {logging_mixin.py:188} INFO - [2023-12-27T22:12:34.562+0000] {dag.py:3033} INFO - Sync 1 DAGs
[2023-12-27T22:12:34.578+0000] {logging_mixin.py:188} INFO - [2023-12-27T22:12:34.578+0000] {dag.py:3820} INFO - Setting next_dagrun for example_sensors to None, run_after=None
[2023-12-27T22:12:34.923+0000] {processor.py:183} INFO - Processing /home/airflow/.local/lib/python3.8/site-packages/airflow/example_dags/example_sensors.py took 0.415 seconds
[2023-12-27T22:13:05.045+0000] {processor.py:161} INFO - Started process (PID=683) to work on /home/airflow/.local/lib/python3.8/site-packages/airflow/example_dags/example_sensors.py
[2023-12-27T22:13:05.047+0000] {processor.py:830} INFO - Processing file /home/airflow/.local/lib/python3.8/site-packages/airflow/example_dags/example_sensors.py for tasks to queue
[2023-12-27T22:13:05.050+0000] {logging_mixin.py:188} INFO - [2023-12-27T22:13:05.050+0000] {dagbag.py:538} INFO - Filling up the DagBag from /home/airflow/.local/lib/python3.8/site-packages/airflow/example_dags/example_sensors.py
[2023-12-27T22:13:05.062+0000] {processor.py:840} INFO - DAG(s) 'example_sensors' retrieved from /home/airflow/.local/lib/python3.8/site-packages/airflow/example_dags/example_sensors.py
[2023-12-27T22:13:05.102+0000] {logging_mixin.py:188} INFO - [2023-12-27T22:13:05.101+0000] {dag.py:3033} INFO - Sync 1 DAGs
[2023-12-27T22:13:05.135+0000] {logging_mixin.py:188} INFO - [2023-12-27T22:13:05.135+0000] {dag.py:3820} INFO - Setting next_dagrun for example_sensors to None, run_after=None
[2023-12-27T22:13:05.172+0000] {processor.py:183} INFO - Processing /home/airflow/.local/lib/python3.8/site-packages/airflow/example_dags/example_sensors.py took 0.132 seconds
[2023-12-27T22:13:35.764+0000] {processor.py:161} INFO - Started process (PID=738) to work on /home/airflow/.local/lib/python3.8/site-packages/airflow/example_dags/example_sensors.py
[2023-12-27T22:13:35.766+0000] {processor.py:830} INFO - Processing file /home/airflow/.local/lib/python3.8/site-packages/airflow/example_dags/example_sensors.py for tasks to queue
[2023-12-27T22:13:35.769+0000] {logging_mixin.py:188} INFO - [2023-12-27T22:13:35.769+0000] {dagbag.py:538} INFO - Filling up the DagBag from /home/airflow/.local/lib/python3.8/site-packages/airflow/example_dags/example_sensors.py
[2023-12-27T22:13:35.780+0000] {processor.py:840} INFO - DAG(s) 'example_sensors' retrieved from /home/airflow/.local/lib/python3.8/site-packages/airflow/example_dags/example_sensors.py
[2023-12-27T22:13:35.810+0000] {logging_mixin.py:188} INFO - [2023-12-27T22:13:35.809+0000] {dag.py:3033} INFO - Sync 1 DAGs
[2023-12-27T22:13:35.827+0000] {logging_mixin.py:188} INFO - [2023-12-27T22:13:35.826+0000] {dag.py:3820} INFO - Setting next_dagrun for example_sensors to None, run_after=None
[2023-12-27T22:13:35.917+0000] {processor.py:183} INFO - Processing /home/airflow/.local/lib/python3.8/site-packages/airflow/example_dags/example_sensors.py took 0.156 seconds
[2023-12-27T22:14:06.509+0000] {processor.py:161} INFO - Started process (PID=793) to work on /home/airflow/.local/lib/python3.8/site-packages/airflow/example_dags/example_sensors.py
[2023-12-27T22:14:06.511+0000] {processor.py:830} INFO - Processing file /home/airflow/.local/lib/python3.8/site-packages/airflow/example_dags/example_sensors.py for tasks to queue
[2023-12-27T22:14:06.513+0000] {logging_mixin.py:188} INFO - [2023-12-27T22:14:06.513+0000] {dagbag.py:538} INFO - Filling up the DagBag from /home/airflow/.local/lib/python3.8/site-packages/airflow/example_dags/example_sensors.py
[2023-12-27T22:14:06.526+0000] {processor.py:840} INFO - DAG(s) 'example_sensors' retrieved from /home/airflow/.local/lib/python3.8/site-packages/airflow/example_dags/example_sensors.py
[2023-12-27T22:14:06.559+0000] {logging_mixin.py:188} INFO - [2023-12-27T22:14:06.559+0000] {dag.py:3033} INFO - Sync 1 DAGs
[2023-12-27T22:14:06.573+0000] {logging_mixin.py:188} INFO - [2023-12-27T22:14:06.573+0000] {dag.py:3820} INFO - Setting next_dagrun for example_sensors to None, run_after=None
[2023-12-27T22:14:06.604+0000] {processor.py:183} INFO - Processing /home/airflow/.local/lib/python3.8/site-packages/airflow/example_dags/example_sensors.py took 0.099 seconds
[2023-12-27T22:14:37.040+0000] {processor.py:161} INFO - Started process (PID=848) to work on /home/airflow/.local/lib/python3.8/site-packages/airflow/example_dags/example_sensors.py
[2023-12-27T22:14:37.048+0000] {processor.py:830} INFO - Processing file /home/airflow/.local/lib/python3.8/site-packages/airflow/example_dags/example_sensors.py for tasks to queue
[2023-12-27T22:14:37.052+0000] {logging_mixin.py:188} INFO - [2023-12-27T22:14:37.051+0000] {dagbag.py:538} INFO - Filling up the DagBag from /home/airflow/.local/lib/python3.8/site-packages/airflow/example_dags/example_sensors.py
[2023-12-27T22:14:37.065+0000] {processor.py:840} INFO - DAG(s) 'example_sensors' retrieved from /home/airflow/.local/lib/python3.8/site-packages/airflow/example_dags/example_sensors.py
[2023-12-27T22:14:37.105+0000] {logging_mixin.py:188} INFO - [2023-12-27T22:14:37.105+0000] {dag.py:3033} INFO - Sync 1 DAGs
[2023-12-27T22:14:37.130+0000] {logging_mixin.py:188} INFO - [2023-12-27T22:14:37.130+0000] {dag.py:3820} INFO - Setting next_dagrun for example_sensors to None, run_after=None
[2023-12-27T22:14:37.211+0000] {processor.py:183} INFO - Processing /home/airflow/.local/lib/python3.8/site-packages/airflow/example_dags/example_sensors.py took 0.175 seconds
[2023-12-27T22:15:08.020+0000] {processor.py:161} INFO - Started process (PID=903) to work on /home/airflow/.local/lib/python3.8/site-packages/airflow/example_dags/example_sensors.py
[2023-12-27T22:15:08.022+0000] {processor.py:830} INFO - Processing file /home/airflow/.local/lib/python3.8/site-packages/airflow/example_dags/example_sensors.py for tasks to queue
[2023-12-27T22:15:08.025+0000] {logging_mixin.py:188} INFO - [2023-12-27T22:15:08.024+0000] {dagbag.py:538} INFO - Filling up the DagBag from /home/airflow/.local/lib/python3.8/site-packages/airflow/example_dags/example_sensors.py
[2023-12-27T22:15:08.036+0000] {processor.py:840} INFO - DAG(s) 'example_sensors' retrieved from /home/airflow/.local/lib/python3.8/site-packages/airflow/example_dags/example_sensors.py
[2023-12-27T22:15:08.073+0000] {logging_mixin.py:188} INFO - [2023-12-27T22:15:08.073+0000] {dag.py:3033} INFO - Sync 1 DAGs
[2023-12-27T22:15:08.094+0000] {logging_mixin.py:188} INFO - [2023-12-27T22:15:08.094+0000] {dag.py:3820} INFO - Setting next_dagrun for example_sensors to None, run_after=None
[2023-12-27T22:15:08.137+0000] {processor.py:183} INFO - Processing /home/airflow/.local/lib/python3.8/site-packages/airflow/example_dags/example_sensors.py took 0.121 seconds
[2023-12-27T22:15:38.196+0000] {processor.py:161} INFO - Started process (PID=957) to work on /home/airflow/.local/lib/python3.8/site-packages/airflow/example_dags/example_sensors.py
[2023-12-27T22:15:38.198+0000] {processor.py:830} INFO - Processing file /home/airflow/.local/lib/python3.8/site-packages/airflow/example_dags/example_sensors.py for tasks to queue
[2023-12-27T22:15:38.201+0000] {logging_mixin.py:188} INFO - [2023-12-27T22:15:38.200+0000] {dagbag.py:538} INFO - Filling up the DagBag from /home/airflow/.local/lib/python3.8/site-packages/airflow/example_dags/example_sensors.py
[2023-12-27T22:15:38.212+0000] {processor.py:840} INFO - DAG(s) 'example_sensors' retrieved from /home/airflow/.local/lib/python3.8/site-packages/airflow/example_dags/example_sensors.py
[2023-12-27T22:15:38.249+0000] {logging_mixin.py:188} INFO - [2023-12-27T22:15:38.249+0000] {dag.py:3033} INFO - Sync 1 DAGs
[2023-12-27T22:15:38.270+0000] {logging_mixin.py:188} INFO - [2023-12-27T22:15:38.270+0000] {dag.py:3820} INFO - Setting next_dagrun for example_sensors to None, run_after=None
[2023-12-27T22:15:38.307+0000] {processor.py:183} INFO - Processing /home/airflow/.local/lib/python3.8/site-packages/airflow/example_dags/example_sensors.py took 0.114 seconds
[2023-12-27T22:16:08.688+0000] {processor.py:161} INFO - Started process (PID=1012) to work on /home/airflow/.local/lib/python3.8/site-packages/airflow/example_dags/example_sensors.py
[2023-12-27T22:16:08.690+0000] {processor.py:830} INFO - Processing file /home/airflow/.local/lib/python3.8/site-packages/airflow/example_dags/example_sensors.py for tasks to queue
[2023-12-27T22:16:08.694+0000] {logging_mixin.py:188} INFO - [2023-12-27T22:16:08.694+0000] {dagbag.py:538} INFO - Filling up the DagBag from /home/airflow/.local/lib/python3.8/site-packages/airflow/example_dags/example_sensors.py
[2023-12-27T22:16:08.711+0000] {processor.py:840} INFO - DAG(s) 'example_sensors' retrieved from /home/airflow/.local/lib/python3.8/site-packages/airflow/example_dags/example_sensors.py
[2023-12-27T22:16:08.764+0000] {logging_mixin.py:188} INFO - [2023-12-27T22:16:08.764+0000] {dag.py:3033} INFO - Sync 1 DAGs
[2023-12-27T22:16:08.802+0000] {logging_mixin.py:188} INFO - [2023-12-27T22:16:08.801+0000] {dag.py:3820} INFO - Setting next_dagrun for example_sensors to None, run_after=None
[2023-12-27T22:16:08.873+0000] {processor.py:183} INFO - Processing /home/airflow/.local/lib/python3.8/site-packages/airflow/example_dags/example_sensors.py took 0.190 seconds
[2023-12-27T22:16:39.008+0000] {processor.py:161} INFO - Started process (PID=1064) to work on /home/airflow/.local/lib/python3.8/site-packages/airflow/example_dags/example_sensors.py
[2023-12-27T22:16:39.018+0000] {processor.py:830} INFO - Processing file /home/airflow/.local/lib/python3.8/site-packages/airflow/example_dags/example_sensors.py for tasks to queue
[2023-12-27T22:16:39.022+0000] {logging_mixin.py:188} INFO - [2023-12-27T22:16:39.022+0000] {dagbag.py:538} INFO - Filling up the DagBag from /home/airflow/.local/lib/python3.8/site-packages/airflow/example_dags/example_sensors.py
[2023-12-27T22:16:39.036+0000] {processor.py:840} INFO - DAG(s) 'example_sensors' retrieved from /home/airflow/.local/lib/python3.8/site-packages/airflow/example_dags/example_sensors.py
[2023-12-27T22:16:39.066+0000] {logging_mixin.py:188} INFO - [2023-12-27T22:16:39.066+0000] {dag.py:3033} INFO - Sync 1 DAGs
[2023-12-27T22:16:39.081+0000] {logging_mixin.py:188} INFO - [2023-12-27T22:16:39.081+0000] {dag.py:3820} INFO - Setting next_dagrun for example_sensors to None, run_after=None
[2023-12-27T22:16:39.400+0000] {processor.py:183} INFO - Processing /home/airflow/.local/lib/python3.8/site-packages/airflow/example_dags/example_sensors.py took 0.396 seconds
[2023-12-27T22:17:10.435+0000] {processor.py:161} INFO - Started process (PID=1115) to work on /home/airflow/.local/lib/python3.8/site-packages/airflow/example_dags/example_sensors.py
[2023-12-27T22:17:10.437+0000] {processor.py:830} INFO - Processing file /home/airflow/.local/lib/python3.8/site-packages/airflow/example_dags/example_sensors.py for tasks to queue
[2023-12-27T22:17:10.448+0000] {logging_mixin.py:188} INFO - [2023-12-27T22:17:10.447+0000] {dagbag.py:538} INFO - Filling up the DagBag from /home/airflow/.local/lib/python3.8/site-packages/airflow/example_dags/example_sensors.py
[2023-12-27T22:17:10.461+0000] {processor.py:840} INFO - DAG(s) 'example_sensors' retrieved from /home/airflow/.local/lib/python3.8/site-packages/airflow/example_dags/example_sensors.py
[2023-12-27T22:17:10.499+0000] {logging_mixin.py:188} INFO - [2023-12-27T22:17:10.499+0000] {dag.py:3033} INFO - Sync 1 DAGs
[2023-12-27T22:17:10.516+0000] {logging_mixin.py:188} INFO - [2023-12-27T22:17:10.516+0000] {dag.py:3820} INFO - Setting next_dagrun for example_sensors to None, run_after=None
[2023-12-27T22:17:10.644+0000] {processor.py:183} INFO - Processing /home/airflow/.local/lib/python3.8/site-packages/airflow/example_dags/example_sensors.py took 0.226 seconds
[2023-12-27T22:17:41.142+0000] {processor.py:161} INFO - Started process (PID=1170) to work on /home/airflow/.local/lib/python3.8/site-packages/airflow/example_dags/example_sensors.py
[2023-12-27T22:17:41.143+0000] {processor.py:830} INFO - Processing file /home/airflow/.local/lib/python3.8/site-packages/airflow/example_dags/example_sensors.py for tasks to queue
[2023-12-27T22:17:41.146+0000] {logging_mixin.py:188} INFO - [2023-12-27T22:17:41.146+0000] {dagbag.py:538} INFO - Filling up the DagBag from /home/airflow/.local/lib/python3.8/site-packages/airflow/example_dags/example_sensors.py
[2023-12-27T22:17:41.160+0000] {processor.py:840} INFO - DAG(s) 'example_sensors' retrieved from /home/airflow/.local/lib/python3.8/site-packages/airflow/example_dags/example_sensors.py
[2023-12-27T22:17:41.189+0000] {logging_mixin.py:188} INFO - [2023-12-27T22:17:41.189+0000] {dag.py:3033} INFO - Sync 1 DAGs
[2023-12-27T22:17:41.204+0000] {logging_mixin.py:188} INFO - [2023-12-27T22:17:41.204+0000] {dag.py:3820} INFO - Setting next_dagrun for example_sensors to None, run_after=None
[2023-12-27T22:17:41.237+0000] {processor.py:183} INFO - Processing /home/airflow/.local/lib/python3.8/site-packages/airflow/example_dags/example_sensors.py took 0.099 seconds
[2023-12-27T22:18:11.446+0000] {processor.py:161} INFO - Started process (PID=1225) to work on /home/airflow/.local/lib/python3.8/site-packages/airflow/example_dags/example_sensors.py
[2023-12-27T22:18:11.447+0000] {processor.py:830} INFO - Processing file /home/airflow/.local/lib/python3.8/site-packages/airflow/example_dags/example_sensors.py for tasks to queue
[2023-12-27T22:18:11.451+0000] {logging_mixin.py:188} INFO - [2023-12-27T22:18:11.450+0000] {dagbag.py:538} INFO - Filling up the DagBag from /home/airflow/.local/lib/python3.8/site-packages/airflow/example_dags/example_sensors.py
[2023-12-27T22:18:11.462+0000] {processor.py:840} INFO - DAG(s) 'example_sensors' retrieved from /home/airflow/.local/lib/python3.8/site-packages/airflow/example_dags/example_sensors.py
[2023-12-27T22:18:11.497+0000] {logging_mixin.py:188} INFO - [2023-12-27T22:18:11.497+0000] {dag.py:3033} INFO - Sync 1 DAGs
[2023-12-27T22:18:11.514+0000] {logging_mixin.py:188} INFO - [2023-12-27T22:18:11.513+0000] {dag.py:3820} INFO - Setting next_dagrun for example_sensors to None, run_after=None
[2023-12-27T22:18:11.542+0000] {processor.py:183} INFO - Processing /home/airflow/.local/lib/python3.8/site-packages/airflow/example_dags/example_sensors.py took 0.101 seconds
