[2023-12-27T22:07:21.308+0000] {processor.py:161} INFO - Started process (PID=79) to work on /home/airflow/.local/lib/python3.8/site-packages/airflow/example_dags/example_xcomargs.py
[2023-12-27T22:07:21.310+0000] {processor.py:830} INFO - Processing file /home/airflow/.local/lib/python3.8/site-packages/airflow/example_dags/example_xcomargs.py for tasks to queue
[2023-12-27T22:07:21.314+0000] {logging_mixin.py:188} INFO - [2023-12-27T22:07:21.313+0000] {dagbag.py:538} INFO - Filling up the DagBag from /home/airflow/.local/lib/python3.8/site-packages/airflow/example_dags/example_xcomargs.py
[2023-12-27T22:07:21.645+0000] {processor.py:840} INFO - DAG(s) 'example_xcom_args', 'example_xcom_args_with_operators' retrieved from /home/airflow/.local/lib/python3.8/site-packages/airflow/example_dags/example_xcomargs.py
[2023-12-27T22:07:22.605+0000] {logging_mixin.py:188} INFO - [2023-12-27T22:07:22.605+0000] {dag.py:3033} INFO - Sync 2 DAGs
[2023-12-27T22:07:22.632+0000] {logging_mixin.py:188} INFO - [2023-12-27T22:07:22.632+0000] {dag.py:3820} INFO - Setting next_dagrun for example_xcom_args to None, run_after=None
[2023-12-27T22:07:22.636+0000] {logging_mixin.py:188} INFO - [2023-12-27T22:07:22.636+0000] {dag.py:3820} INFO - Setting next_dagrun for example_xcom_args_with_operators to None, run_after=None
[2023-12-27T22:07:22.670+0000] {processor.py:183} INFO - Processing /home/airflow/.local/lib/python3.8/site-packages/airflow/example_dags/example_xcomargs.py took 1.368 seconds
[2023-12-27T22:07:53.531+0000] {processor.py:161} INFO - Started process (PID=134) to work on /home/airflow/.local/lib/python3.8/site-packages/airflow/example_dags/example_xcomargs.py
[2023-12-27T22:07:53.534+0000] {processor.py:830} INFO - Processing file /home/airflow/.local/lib/python3.8/site-packages/airflow/example_dags/example_xcomargs.py for tasks to queue
[2023-12-27T22:07:53.537+0000] {logging_mixin.py:188} INFO - [2023-12-27T22:07:53.537+0000] {dagbag.py:538} INFO - Filling up the DagBag from /home/airflow/.local/lib/python3.8/site-packages/airflow/example_dags/example_xcomargs.py
[2023-12-27T22:07:53.550+0000] {processor.py:840} INFO - DAG(s) 'example_xcom_args_with_operators', 'example_xcom_args' retrieved from /home/airflow/.local/lib/python3.8/site-packages/airflow/example_dags/example_xcomargs.py
[2023-12-27T22:07:53.586+0000] {logging_mixin.py:188} INFO - [2023-12-27T22:07:53.585+0000] {dag.py:3033} INFO - Sync 2 DAGs
[2023-12-27T22:07:53.605+0000] {logging_mixin.py:188} INFO - [2023-12-27T22:07:53.604+0000] {dag.py:3820} INFO - Setting next_dagrun for example_xcom_args to None, run_after=None
[2023-12-27T22:07:53.610+0000] {logging_mixin.py:188} INFO - [2023-12-27T22:07:53.610+0000] {dag.py:3820} INFO - Setting next_dagrun for example_xcom_args_with_operators to None, run_after=None
[2023-12-27T22:07:53.643+0000] {processor.py:183} INFO - Processing /home/airflow/.local/lib/python3.8/site-packages/airflow/example_dags/example_xcomargs.py took 0.116 seconds
[2023-12-27T22:08:27.834+0000] {processor.py:161} INFO - Started process (PID=189) to work on /home/airflow/.local/lib/python3.8/site-packages/airflow/example_dags/example_xcomargs.py
[2023-12-27T22:08:27.836+0000] {processor.py:830} INFO - Processing file /home/airflow/.local/lib/python3.8/site-packages/airflow/example_dags/example_xcomargs.py for tasks to queue
[2023-12-27T22:08:27.840+0000] {logging_mixin.py:188} INFO - [2023-12-27T22:08:27.839+0000] {dagbag.py:538} INFO - Filling up the DagBag from /home/airflow/.local/lib/python3.8/site-packages/airflow/example_dags/example_xcomargs.py
[2023-12-27T22:08:27.864+0000] {processor.py:840} INFO - DAG(s) 'example_xcom_args', 'example_xcom_args_with_operators' retrieved from /home/airflow/.local/lib/python3.8/site-packages/airflow/example_dags/example_xcomargs.py
[2023-12-27T22:08:27.908+0000] {logging_mixin.py:188} INFO - [2023-12-27T22:08:27.907+0000] {dag.py:3033} INFO - Sync 2 DAGs
[2023-12-27T22:08:27.927+0000] {logging_mixin.py:188} INFO - [2023-12-27T22:08:27.927+0000] {dag.py:3820} INFO - Setting next_dagrun for example_xcom_args to None, run_after=None
[2023-12-27T22:08:27.934+0000] {logging_mixin.py:188} INFO - [2023-12-27T22:08:27.934+0000] {dag.py:3820} INFO - Setting next_dagrun for example_xcom_args_with_operators to None, run_after=None
[2023-12-27T22:08:27.967+0000] {processor.py:183} INFO - Processing /home/airflow/.local/lib/python3.8/site-packages/airflow/example_dags/example_xcomargs.py took 0.139 seconds
[2023-12-27T22:08:58.304+0000] {processor.py:161} INFO - Started process (PID=244) to work on /home/airflow/.local/lib/python3.8/site-packages/airflow/example_dags/example_xcomargs.py
[2023-12-27T22:08:58.307+0000] {processor.py:830} INFO - Processing file /home/airflow/.local/lib/python3.8/site-packages/airflow/example_dags/example_xcomargs.py for tasks to queue
[2023-12-27T22:08:58.311+0000] {logging_mixin.py:188} INFO - [2023-12-27T22:08:58.311+0000] {dagbag.py:538} INFO - Filling up the DagBag from /home/airflow/.local/lib/python3.8/site-packages/airflow/example_dags/example_xcomargs.py
[2023-12-27T22:08:58.326+0000] {processor.py:840} INFO - DAG(s) 'example_xcom_args', 'example_xcom_args_with_operators' retrieved from /home/airflow/.local/lib/python3.8/site-packages/airflow/example_dags/example_xcomargs.py
[2023-12-27T22:08:58.354+0000] {logging_mixin.py:188} INFO - [2023-12-27T22:08:58.354+0000] {dag.py:3033} INFO - Sync 2 DAGs
[2023-12-27T22:08:58.371+0000] {logging_mixin.py:188} INFO - [2023-12-27T22:08:58.370+0000] {dag.py:3820} INFO - Setting next_dagrun for example_xcom_args to None, run_after=None
[2023-12-27T22:08:58.376+0000] {logging_mixin.py:188} INFO - [2023-12-27T22:08:58.376+0000] {dag.py:3820} INFO - Setting next_dagrun for example_xcom_args_with_operators to None, run_after=None
[2023-12-27T22:08:58.406+0000] {processor.py:183} INFO - Processing /home/airflow/.local/lib/python3.8/site-packages/airflow/example_dags/example_xcomargs.py took 0.124 seconds
[2023-12-27T22:09:28.449+0000] {processor.py:161} INFO - Started process (PID=297) to work on /home/airflow/.local/lib/python3.8/site-packages/airflow/example_dags/example_xcomargs.py
[2023-12-27T22:09:28.450+0000] {processor.py:830} INFO - Processing file /home/airflow/.local/lib/python3.8/site-packages/airflow/example_dags/example_xcomargs.py for tasks to queue
[2023-12-27T22:09:28.453+0000] {logging_mixin.py:188} INFO - [2023-12-27T22:09:28.453+0000] {dagbag.py:538} INFO - Filling up the DagBag from /home/airflow/.local/lib/python3.8/site-packages/airflow/example_dags/example_xcomargs.py
[2023-12-27T22:09:28.462+0000] {processor.py:840} INFO - DAG(s) 'example_xcom_args', 'example_xcom_args_with_operators' retrieved from /home/airflow/.local/lib/python3.8/site-packages/airflow/example_dags/example_xcomargs.py
[2023-12-27T22:09:28.489+0000] {logging_mixin.py:188} INFO - [2023-12-27T22:09:28.488+0000] {dag.py:3033} INFO - Sync 2 DAGs
[2023-12-27T22:09:28.503+0000] {logging_mixin.py:188} INFO - [2023-12-27T22:09:28.502+0000] {dag.py:3820} INFO - Setting next_dagrun for example_xcom_args to None, run_after=None
[2023-12-27T22:09:28.507+0000] {logging_mixin.py:188} INFO - [2023-12-27T22:09:28.507+0000] {dag.py:3820} INFO - Setting next_dagrun for example_xcom_args_with_operators to None, run_after=None
[2023-12-27T22:09:28.536+0000] {processor.py:183} INFO - Processing /home/airflow/.local/lib/python3.8/site-packages/airflow/example_dags/example_xcomargs.py took 0.090 seconds
[2023-12-27T22:09:59.380+0000] {processor.py:161} INFO - Started process (PID=352) to work on /home/airflow/.local/lib/python3.8/site-packages/airflow/example_dags/example_xcomargs.py
[2023-12-27T22:09:59.382+0000] {processor.py:830} INFO - Processing file /home/airflow/.local/lib/python3.8/site-packages/airflow/example_dags/example_xcomargs.py for tasks to queue
[2023-12-27T22:09:59.385+0000] {logging_mixin.py:188} INFO - [2023-12-27T22:09:59.384+0000] {dagbag.py:538} INFO - Filling up the DagBag from /home/airflow/.local/lib/python3.8/site-packages/airflow/example_dags/example_xcomargs.py
[2023-12-27T22:09:59.401+0000] {processor.py:840} INFO - DAG(s) 'example_xcom_args', 'example_xcom_args_with_operators' retrieved from /home/airflow/.local/lib/python3.8/site-packages/airflow/example_dags/example_xcomargs.py
[2023-12-27T22:09:59.433+0000] {logging_mixin.py:188} INFO - [2023-12-27T22:09:59.433+0000] {dag.py:3033} INFO - Sync 2 DAGs
[2023-12-27T22:09:59.448+0000] {logging_mixin.py:188} INFO - [2023-12-27T22:09:59.448+0000] {dag.py:3820} INFO - Setting next_dagrun for example_xcom_args to None, run_after=None
[2023-12-27T22:09:59.452+0000] {logging_mixin.py:188} INFO - [2023-12-27T22:09:59.452+0000] {dag.py:3820} INFO - Setting next_dagrun for example_xcom_args_with_operators to None, run_after=None
[2023-12-27T22:09:59.514+0000] {processor.py:183} INFO - Processing /home/airflow/.local/lib/python3.8/site-packages/airflow/example_dags/example_xcomargs.py took 0.140 seconds
[2023-12-27T22:10:29.760+0000] {processor.py:161} INFO - Started process (PID=407) to work on /home/airflow/.local/lib/python3.8/site-packages/airflow/example_dags/example_xcomargs.py
[2023-12-27T22:10:29.762+0000] {processor.py:830} INFO - Processing file /home/airflow/.local/lib/python3.8/site-packages/airflow/example_dags/example_xcomargs.py for tasks to queue
[2023-12-27T22:10:29.765+0000] {logging_mixin.py:188} INFO - [2023-12-27T22:10:29.765+0000] {dagbag.py:538} INFO - Filling up the DagBag from /home/airflow/.local/lib/python3.8/site-packages/airflow/example_dags/example_xcomargs.py
[2023-12-27T22:10:29.776+0000] {processor.py:840} INFO - DAG(s) 'example_xcom_args_with_operators', 'example_xcom_args' retrieved from /home/airflow/.local/lib/python3.8/site-packages/airflow/example_dags/example_xcomargs.py
[2023-12-27T22:10:29.809+0000] {logging_mixin.py:188} INFO - [2023-12-27T22:10:29.809+0000] {dag.py:3033} INFO - Sync 2 DAGs
[2023-12-27T22:10:29.828+0000] {logging_mixin.py:188} INFO - [2023-12-27T22:10:29.828+0000] {dag.py:3820} INFO - Setting next_dagrun for example_xcom_args to None, run_after=None
[2023-12-27T22:10:29.834+0000] {logging_mixin.py:188} INFO - [2023-12-27T22:10:29.834+0000] {dag.py:3820} INFO - Setting next_dagrun for example_xcom_args_with_operators to None, run_after=None
[2023-12-27T22:10:29.865+0000] {processor.py:183} INFO - Processing /home/airflow/.local/lib/python3.8/site-packages/airflow/example_dags/example_xcomargs.py took 0.108 seconds
[2023-12-27T22:11:00.222+0000] {processor.py:161} INFO - Started process (PID=462) to work on /home/airflow/.local/lib/python3.8/site-packages/airflow/example_dags/example_xcomargs.py
[2023-12-27T22:11:00.224+0000] {processor.py:830} INFO - Processing file /home/airflow/.local/lib/python3.8/site-packages/airflow/example_dags/example_xcomargs.py for tasks to queue
[2023-12-27T22:11:00.227+0000] {logging_mixin.py:188} INFO - [2023-12-27T22:11:00.227+0000] {dagbag.py:538} INFO - Filling up the DagBag from /home/airflow/.local/lib/python3.8/site-packages/airflow/example_dags/example_xcomargs.py
[2023-12-27T22:11:00.239+0000] {processor.py:840} INFO - DAG(s) 'example_xcom_args_with_operators', 'example_xcom_args' retrieved from /home/airflow/.local/lib/python3.8/site-packages/airflow/example_dags/example_xcomargs.py
[2023-12-27T22:11:00.268+0000] {logging_mixin.py:188} INFO - [2023-12-27T22:11:00.267+0000] {dag.py:3033} INFO - Sync 2 DAGs
[2023-12-27T22:11:00.285+0000] {logging_mixin.py:188} INFO - [2023-12-27T22:11:00.285+0000] {dag.py:3820} INFO - Setting next_dagrun for example_xcom_args to None, run_after=None
[2023-12-27T22:11:00.291+0000] {logging_mixin.py:188} INFO - [2023-12-27T22:11:00.291+0000] {dag.py:3820} INFO - Setting next_dagrun for example_xcom_args_with_operators to None, run_after=None
[2023-12-27T22:11:00.321+0000] {processor.py:183} INFO - Processing /home/airflow/.local/lib/python3.8/site-packages/airflow/example_dags/example_xcomargs.py took 0.103 seconds
[2023-12-27T22:11:31.372+0000] {processor.py:161} INFO - Started process (PID=517) to work on /home/airflow/.local/lib/python3.8/site-packages/airflow/example_dags/example_xcomargs.py
[2023-12-27T22:11:31.374+0000] {processor.py:830} INFO - Processing file /home/airflow/.local/lib/python3.8/site-packages/airflow/example_dags/example_xcomargs.py for tasks to queue
[2023-12-27T22:11:31.377+0000] {logging_mixin.py:188} INFO - [2023-12-27T22:11:31.376+0000] {dagbag.py:538} INFO - Filling up the DagBag from /home/airflow/.local/lib/python3.8/site-packages/airflow/example_dags/example_xcomargs.py
[2023-12-27T22:11:31.389+0000] {processor.py:840} INFO - DAG(s) 'example_xcom_args', 'example_xcom_args_with_operators' retrieved from /home/airflow/.local/lib/python3.8/site-packages/airflow/example_dags/example_xcomargs.py
[2023-12-27T22:11:31.440+0000] {logging_mixin.py:188} INFO - [2023-12-27T22:11:31.439+0000] {dag.py:3033} INFO - Sync 2 DAGs
[2023-12-27T22:11:31.456+0000] {logging_mixin.py:188} INFO - [2023-12-27T22:11:31.456+0000] {dag.py:3820} INFO - Setting next_dagrun for example_xcom_args to None, run_after=None
[2023-12-27T22:11:31.460+0000] {logging_mixin.py:188} INFO - [2023-12-27T22:11:31.460+0000] {dag.py:3820} INFO - Setting next_dagrun for example_xcom_args_with_operators to None, run_after=None
[2023-12-27T22:11:31.487+0000] {processor.py:183} INFO - Processing /home/airflow/.local/lib/python3.8/site-packages/airflow/example_dags/example_xcomargs.py took 0.119 seconds
[2023-12-27T22:12:03.512+0000] {processor.py:161} INFO - Started process (PID=572) to work on /home/airflow/.local/lib/python3.8/site-packages/airflow/example_dags/example_xcomargs.py
[2023-12-27T22:12:03.546+0000] {processor.py:830} INFO - Processing file /home/airflow/.local/lib/python3.8/site-packages/airflow/example_dags/example_xcomargs.py for tasks to queue
[2023-12-27T22:12:03.556+0000] {logging_mixin.py:188} INFO - [2023-12-27T22:12:03.554+0000] {dagbag.py:538} INFO - Filling up the DagBag from /home/airflow/.local/lib/python3.8/site-packages/airflow/example_dags/example_xcomargs.py
[2023-12-27T22:12:03.575+0000] {processor.py:840} INFO - DAG(s) 'example_xcom_args_with_operators', 'example_xcom_args' retrieved from /home/airflow/.local/lib/python3.8/site-packages/airflow/example_dags/example_xcomargs.py
[2023-12-27T22:12:03.684+0000] {logging_mixin.py:188} INFO - [2023-12-27T22:12:03.684+0000] {dag.py:3033} INFO - Sync 2 DAGs
[2023-12-27T22:12:03.729+0000] {logging_mixin.py:188} INFO - [2023-12-27T22:12:03.728+0000] {dag.py:3820} INFO - Setting next_dagrun for example_xcom_args to None, run_after=None
[2023-12-27T22:12:03.747+0000] {logging_mixin.py:188} INFO - [2023-12-27T22:12:03.747+0000] {dag.py:3820} INFO - Setting next_dagrun for example_xcom_args_with_operators to None, run_after=None
[2023-12-27T22:12:03.848+0000] {processor.py:183} INFO - Processing /home/airflow/.local/lib/python3.8/site-packages/airflow/example_dags/example_xcomargs.py took 0.342 seconds
[2023-12-27T22:12:34.343+0000] {processor.py:161} INFO - Started process (PID=627) to work on /home/airflow/.local/lib/python3.8/site-packages/airflow/example_dags/example_xcomargs.py
[2023-12-27T22:12:34.344+0000] {processor.py:830} INFO - Processing file /home/airflow/.local/lib/python3.8/site-packages/airflow/example_dags/example_xcomargs.py for tasks to queue
[2023-12-27T22:12:34.346+0000] {logging_mixin.py:188} INFO - [2023-12-27T22:12:34.346+0000] {dagbag.py:538} INFO - Filling up the DagBag from /home/airflow/.local/lib/python3.8/site-packages/airflow/example_dags/example_xcomargs.py
[2023-12-27T22:12:34.356+0000] {processor.py:840} INFO - DAG(s) 'example_xcom_args_with_operators', 'example_xcom_args' retrieved from /home/airflow/.local/lib/python3.8/site-packages/airflow/example_dags/example_xcomargs.py
[2023-12-27T22:12:34.386+0000] {logging_mixin.py:188} INFO - [2023-12-27T22:12:34.386+0000] {dag.py:3033} INFO - Sync 2 DAGs
[2023-12-27T22:12:34.404+0000] {logging_mixin.py:188} INFO - [2023-12-27T22:12:34.404+0000] {dag.py:3820} INFO - Setting next_dagrun for example_xcom_args to None, run_after=None
[2023-12-27T22:12:34.409+0000] {logging_mixin.py:188} INFO - [2023-12-27T22:12:34.409+0000] {dag.py:3820} INFO - Setting next_dagrun for example_xcom_args_with_operators to None, run_after=None
[2023-12-27T22:12:34.717+0000] {processor.py:183} INFO - Processing /home/airflow/.local/lib/python3.8/site-packages/airflow/example_dags/example_xcomargs.py took 0.378 seconds
[2023-12-27T22:13:04.849+0000] {processor.py:161} INFO - Started process (PID=682) to work on /home/airflow/.local/lib/python3.8/site-packages/airflow/example_dags/example_xcomargs.py
[2023-12-27T22:13:04.851+0000] {processor.py:830} INFO - Processing file /home/airflow/.local/lib/python3.8/site-packages/airflow/example_dags/example_xcomargs.py for tasks to queue
[2023-12-27T22:13:04.854+0000] {logging_mixin.py:188} INFO - [2023-12-27T22:13:04.854+0000] {dagbag.py:538} INFO - Filling up the DagBag from /home/airflow/.local/lib/python3.8/site-packages/airflow/example_dags/example_xcomargs.py
[2023-12-27T22:13:04.878+0000] {processor.py:840} INFO - DAG(s) 'example_xcom_args', 'example_xcom_args_with_operators' retrieved from /home/airflow/.local/lib/python3.8/site-packages/airflow/example_dags/example_xcomargs.py
[2023-12-27T22:13:04.923+0000] {logging_mixin.py:188} INFO - [2023-12-27T22:13:04.922+0000] {dag.py:3033} INFO - Sync 2 DAGs
[2023-12-27T22:13:04.947+0000] {logging_mixin.py:188} INFO - [2023-12-27T22:13:04.947+0000] {dag.py:3820} INFO - Setting next_dagrun for example_xcom_args to None, run_after=None
[2023-12-27T22:13:04.954+0000] {logging_mixin.py:188} INFO - [2023-12-27T22:13:04.954+0000] {dag.py:3820} INFO - Setting next_dagrun for example_xcom_args_with_operators to None, run_after=None
[2023-12-27T22:13:04.992+0000] {processor.py:183} INFO - Processing /home/airflow/.local/lib/python3.8/site-packages/airflow/example_dags/example_xcomargs.py took 0.148 seconds
[2023-12-27T22:13:35.682+0000] {processor.py:161} INFO - Started process (PID=737) to work on /home/airflow/.local/lib/python3.8/site-packages/airflow/example_dags/example_xcomargs.py
[2023-12-27T22:13:35.684+0000] {processor.py:830} INFO - Processing file /home/airflow/.local/lib/python3.8/site-packages/airflow/example_dags/example_xcomargs.py for tasks to queue
[2023-12-27T22:13:35.687+0000] {logging_mixin.py:188} INFO - [2023-12-27T22:13:35.686+0000] {dagbag.py:538} INFO - Filling up the DagBag from /home/airflow/.local/lib/python3.8/site-packages/airflow/example_dags/example_xcomargs.py
[2023-12-27T22:13:35.696+0000] {processor.py:840} INFO - DAG(s) 'example_xcom_args', 'example_xcom_args_with_operators' retrieved from /home/airflow/.local/lib/python3.8/site-packages/airflow/example_dags/example_xcomargs.py
[2023-12-27T22:13:35.725+0000] {logging_mixin.py:188} INFO - [2023-12-27T22:13:35.725+0000] {dag.py:3033} INFO - Sync 2 DAGs
[2023-12-27T22:13:35.746+0000] {logging_mixin.py:188} INFO - [2023-12-27T22:13:35.746+0000] {dag.py:3820} INFO - Setting next_dagrun for example_xcom_args to None, run_after=None
[2023-12-27T22:13:35.752+0000] {logging_mixin.py:188} INFO - [2023-12-27T22:13:35.752+0000] {dag.py:3820} INFO - Setting next_dagrun for example_xcom_args_with_operators to None, run_after=None
[2023-12-27T22:13:35.777+0000] {processor.py:183} INFO - Processing /home/airflow/.local/lib/python3.8/site-packages/airflow/example_dags/example_xcomargs.py took 0.100 seconds
[2023-12-27T22:14:06.422+0000] {processor.py:161} INFO - Started process (PID=792) to work on /home/airflow/.local/lib/python3.8/site-packages/airflow/example_dags/example_xcomargs.py
[2023-12-27T22:14:06.424+0000] {processor.py:830} INFO - Processing file /home/airflow/.local/lib/python3.8/site-packages/airflow/example_dags/example_xcomargs.py for tasks to queue
[2023-12-27T22:14:06.427+0000] {logging_mixin.py:188} INFO - [2023-12-27T22:14:06.427+0000] {dagbag.py:538} INFO - Filling up the DagBag from /home/airflow/.local/lib/python3.8/site-packages/airflow/example_dags/example_xcomargs.py
[2023-12-27T22:14:06.437+0000] {processor.py:840} INFO - DAG(s) 'example_xcom_args_with_operators', 'example_xcom_args' retrieved from /home/airflow/.local/lib/python3.8/site-packages/airflow/example_dags/example_xcomargs.py
[2023-12-27T22:14:06.467+0000] {logging_mixin.py:188} INFO - [2023-12-27T22:14:06.466+0000] {dag.py:3033} INFO - Sync 2 DAGs
[2023-12-27T22:14:06.488+0000] {logging_mixin.py:188} INFO - [2023-12-27T22:14:06.487+0000] {dag.py:3820} INFO - Setting next_dagrun for example_xcom_args to None, run_after=None
[2023-12-27T22:14:06.495+0000] {logging_mixin.py:188} INFO - [2023-12-27T22:14:06.495+0000] {dag.py:3820} INFO - Setting next_dagrun for example_xcom_args_with_operators to None, run_after=None
[2023-12-27T22:14:06.527+0000] {processor.py:183} INFO - Processing /home/airflow/.local/lib/python3.8/site-packages/airflow/example_dags/example_xcomargs.py took 0.111 seconds
[2023-12-27T22:14:36.888+0000] {processor.py:161} INFO - Started process (PID=847) to work on /home/airflow/.local/lib/python3.8/site-packages/airflow/example_dags/example_xcomargs.py
[2023-12-27T22:14:36.889+0000] {processor.py:830} INFO - Processing file /home/airflow/.local/lib/python3.8/site-packages/airflow/example_dags/example_xcomargs.py for tasks to queue
[2023-12-27T22:14:36.892+0000] {logging_mixin.py:188} INFO - [2023-12-27T22:14:36.892+0000] {dagbag.py:538} INFO - Filling up the DagBag from /home/airflow/.local/lib/python3.8/site-packages/airflow/example_dags/example_xcomargs.py
[2023-12-27T22:14:36.903+0000] {processor.py:840} INFO - DAG(s) 'example_xcom_args_with_operators', 'example_xcom_args' retrieved from /home/airflow/.local/lib/python3.8/site-packages/airflow/example_dags/example_xcomargs.py
[2023-12-27T22:14:36.933+0000] {logging_mixin.py:188} INFO - [2023-12-27T22:14:36.933+0000] {dag.py:3033} INFO - Sync 2 DAGs
[2023-12-27T22:14:36.951+0000] {logging_mixin.py:188} INFO - [2023-12-27T22:14:36.951+0000] {dag.py:3820} INFO - Setting next_dagrun for example_xcom_args to None, run_after=None
[2023-12-27T22:14:36.956+0000] {logging_mixin.py:188} INFO - [2023-12-27T22:14:36.956+0000] {dag.py:3820} INFO - Setting next_dagrun for example_xcom_args_with_operators to None, run_after=None
[2023-12-27T22:14:37.035+0000] {processor.py:183} INFO - Processing /home/airflow/.local/lib/python3.8/site-packages/airflow/example_dags/example_xcomargs.py took 0.152 seconds
[2023-12-27T22:15:08.020+0000] {processor.py:161} INFO - Started process (PID=902) to work on /home/airflow/.local/lib/python3.8/site-packages/airflow/example_dags/example_xcomargs.py
[2023-12-27T22:15:08.021+0000] {processor.py:830} INFO - Processing file /home/airflow/.local/lib/python3.8/site-packages/airflow/example_dags/example_xcomargs.py for tasks to queue
[2023-12-27T22:15:08.025+0000] {logging_mixin.py:188} INFO - [2023-12-27T22:15:08.025+0000] {dagbag.py:538} INFO - Filling up the DagBag from /home/airflow/.local/lib/python3.8/site-packages/airflow/example_dags/example_xcomargs.py
[2023-12-27T22:15:08.038+0000] {processor.py:840} INFO - DAG(s) 'example_xcom_args', 'example_xcom_args_with_operators' retrieved from /home/airflow/.local/lib/python3.8/site-packages/airflow/example_dags/example_xcomargs.py
[2023-12-27T22:15:08.071+0000] {logging_mixin.py:188} INFO - [2023-12-27T22:15:08.071+0000] {dag.py:3033} INFO - Sync 2 DAGs
[2023-12-27T22:15:08.095+0000] {logging_mixin.py:188} INFO - [2023-12-27T22:15:08.095+0000] {dag.py:3820} INFO - Setting next_dagrun for example_xcom_args to None, run_after=None
[2023-12-27T22:15:08.101+0000] {logging_mixin.py:188} INFO - [2023-12-27T22:15:08.101+0000] {dag.py:3820} INFO - Setting next_dagrun for example_xcom_args_with_operators to None, run_after=None
[2023-12-27T22:15:08.137+0000] {processor.py:183} INFO - Processing /home/airflow/.local/lib/python3.8/site-packages/airflow/example_dags/example_xcomargs.py took 0.122 seconds
[2023-12-27T22:15:38.195+0000] {processor.py:161} INFO - Started process (PID=956) to work on /home/airflow/.local/lib/python3.8/site-packages/airflow/example_dags/example_xcomargs.py
[2023-12-27T22:15:38.196+0000] {processor.py:830} INFO - Processing file /home/airflow/.local/lib/python3.8/site-packages/airflow/example_dags/example_xcomargs.py for tasks to queue
[2023-12-27T22:15:38.199+0000] {logging_mixin.py:188} INFO - [2023-12-27T22:15:38.199+0000] {dagbag.py:538} INFO - Filling up the DagBag from /home/airflow/.local/lib/python3.8/site-packages/airflow/example_dags/example_xcomargs.py
[2023-12-27T22:15:38.210+0000] {processor.py:840} INFO - DAG(s) 'example_xcom_args_with_operators', 'example_xcom_args' retrieved from /home/airflow/.local/lib/python3.8/site-packages/airflow/example_dags/example_xcomargs.py
[2023-12-27T22:15:38.247+0000] {logging_mixin.py:188} INFO - [2023-12-27T22:15:38.247+0000] {dag.py:3033} INFO - Sync 2 DAGs
[2023-12-27T22:15:38.267+0000] {logging_mixin.py:188} INFO - [2023-12-27T22:15:38.267+0000] {dag.py:3820} INFO - Setting next_dagrun for example_xcom_args to None, run_after=None
[2023-12-27T22:15:38.274+0000] {logging_mixin.py:188} INFO - [2023-12-27T22:15:38.274+0000] {dag.py:3820} INFO - Setting next_dagrun for example_xcom_args_with_operators to None, run_after=None
[2023-12-27T22:15:38.310+0000] {processor.py:183} INFO - Processing /home/airflow/.local/lib/python3.8/site-packages/airflow/example_dags/example_xcomargs.py took 0.119 seconds
[2023-12-27T22:16:08.687+0000] {processor.py:161} INFO - Started process (PID=1011) to work on /home/airflow/.local/lib/python3.8/site-packages/airflow/example_dags/example_xcomargs.py
[2023-12-27T22:16:08.689+0000] {processor.py:830} INFO - Processing file /home/airflow/.local/lib/python3.8/site-packages/airflow/example_dags/example_xcomargs.py for tasks to queue
[2023-12-27T22:16:08.693+0000] {logging_mixin.py:188} INFO - [2023-12-27T22:16:08.692+0000] {dagbag.py:538} INFO - Filling up the DagBag from /home/airflow/.local/lib/python3.8/site-packages/airflow/example_dags/example_xcomargs.py
[2023-12-27T22:16:08.706+0000] {processor.py:840} INFO - DAG(s) 'example_xcom_args', 'example_xcom_args_with_operators' retrieved from /home/airflow/.local/lib/python3.8/site-packages/airflow/example_dags/example_xcomargs.py
[2023-12-27T22:16:08.756+0000] {logging_mixin.py:188} INFO - [2023-12-27T22:16:08.756+0000] {dag.py:3033} INFO - Sync 2 DAGs
[2023-12-27T22:16:08.791+0000] {logging_mixin.py:188} INFO - [2023-12-27T22:16:08.790+0000] {dag.py:3820} INFO - Setting next_dagrun for example_xcom_args to None, run_after=None
[2023-12-27T22:16:08.800+0000] {logging_mixin.py:188} INFO - [2023-12-27T22:16:08.800+0000] {dag.py:3820} INFO - Setting next_dagrun for example_xcom_args_with_operators to None, run_after=None
[2023-12-27T22:16:08.842+0000] {processor.py:183} INFO - Processing /home/airflow/.local/lib/python3.8/site-packages/airflow/example_dags/example_xcomargs.py took 0.159 seconds
[2023-12-27T22:16:38.950+0000] {processor.py:161} INFO - Started process (PID=1063) to work on /home/airflow/.local/lib/python3.8/site-packages/airflow/example_dags/example_xcomargs.py
[2023-12-27T22:16:38.954+0000] {processor.py:830} INFO - Processing file /home/airflow/.local/lib/python3.8/site-packages/airflow/example_dags/example_xcomargs.py for tasks to queue
[2023-12-27T22:16:38.958+0000] {logging_mixin.py:188} INFO - [2023-12-27T22:16:38.957+0000] {dagbag.py:538} INFO - Filling up the DagBag from /home/airflow/.local/lib/python3.8/site-packages/airflow/example_dags/example_xcomargs.py
[2023-12-27T22:16:38.973+0000] {processor.py:840} INFO - DAG(s) 'example_xcom_args', 'example_xcom_args_with_operators' retrieved from /home/airflow/.local/lib/python3.8/site-packages/airflow/example_dags/example_xcomargs.py
[2023-12-27T22:16:39.016+0000] {logging_mixin.py:188} INFO - [2023-12-27T22:16:39.016+0000] {dag.py:3033} INFO - Sync 2 DAGs
[2023-12-27T22:16:39.037+0000] {logging_mixin.py:188} INFO - [2023-12-27T22:16:39.036+0000] {dag.py:3820} INFO - Setting next_dagrun for example_xcom_args to None, run_after=None
[2023-12-27T22:16:39.043+0000] {logging_mixin.py:188} INFO - [2023-12-27T22:16:39.043+0000] {dag.py:3820} INFO - Setting next_dagrun for example_xcom_args_with_operators to None, run_after=None
[2023-12-27T22:16:39.225+0000] {processor.py:183} INFO - Processing /home/airflow/.local/lib/python3.8/site-packages/airflow/example_dags/example_xcomargs.py took 0.284 seconds
[2023-12-27T22:17:09.995+0000] {processor.py:161} INFO - Started process (PID=1114) to work on /home/airflow/.local/lib/python3.8/site-packages/airflow/example_dags/example_xcomargs.py
[2023-12-27T22:17:09.997+0000] {processor.py:830} INFO - Processing file /home/airflow/.local/lib/python3.8/site-packages/airflow/example_dags/example_xcomargs.py for tasks to queue
[2023-12-27T22:17:10.000+0000] {logging_mixin.py:188} INFO - [2023-12-27T22:17:09.999+0000] {dagbag.py:538} INFO - Filling up the DagBag from /home/airflow/.local/lib/python3.8/site-packages/airflow/example_dags/example_xcomargs.py
[2023-12-27T22:17:10.017+0000] {processor.py:840} INFO - DAG(s) 'example_xcom_args', 'example_xcom_args_with_operators' retrieved from /home/airflow/.local/lib/python3.8/site-packages/airflow/example_dags/example_xcomargs.py
[2023-12-27T22:17:10.184+0000] {logging_mixin.py:188} INFO - [2023-12-27T22:17:10.184+0000] {dag.py:3033} INFO - Sync 2 DAGs
[2023-12-27T22:17:10.202+0000] {logging_mixin.py:188} INFO - [2023-12-27T22:17:10.202+0000] {dag.py:3820} INFO - Setting next_dagrun for example_xcom_args to None, run_after=None
[2023-12-27T22:17:10.207+0000] {logging_mixin.py:188} INFO - [2023-12-27T22:17:10.207+0000] {dag.py:3820} INFO - Setting next_dagrun for example_xcom_args_with_operators to None, run_after=None
[2023-12-27T22:17:10.352+0000] {processor.py:183} INFO - Processing /home/airflow/.local/lib/python3.8/site-packages/airflow/example_dags/example_xcomargs.py took 0.361 seconds
[2023-12-27T22:17:41.013+0000] {processor.py:161} INFO - Started process (PID=1169) to work on /home/airflow/.local/lib/python3.8/site-packages/airflow/example_dags/example_xcomargs.py
[2023-12-27T22:17:41.015+0000] {processor.py:830} INFO - Processing file /home/airflow/.local/lib/python3.8/site-packages/airflow/example_dags/example_xcomargs.py for tasks to queue
[2023-12-27T22:17:41.018+0000] {logging_mixin.py:188} INFO - [2023-12-27T22:17:41.017+0000] {dagbag.py:538} INFO - Filling up the DagBag from /home/airflow/.local/lib/python3.8/site-packages/airflow/example_dags/example_xcomargs.py
[2023-12-27T22:17:41.029+0000] {processor.py:840} INFO - DAG(s) 'example_xcom_args_with_operators', 'example_xcom_args' retrieved from /home/airflow/.local/lib/python3.8/site-packages/airflow/example_dags/example_xcomargs.py
[2023-12-27T22:17:41.059+0000] {logging_mixin.py:188} INFO - [2023-12-27T22:17:41.059+0000] {dag.py:3033} INFO - Sync 2 DAGs
[2023-12-27T22:17:41.074+0000] {logging_mixin.py:188} INFO - [2023-12-27T22:17:41.074+0000] {dag.py:3820} INFO - Setting next_dagrun for example_xcom_args to None, run_after=None
[2023-12-27T22:17:41.079+0000] {logging_mixin.py:188} INFO - [2023-12-27T22:17:41.078+0000] {dag.py:3820} INFO - Setting next_dagrun for example_xcom_args_with_operators to None, run_after=None
[2023-12-27T22:17:41.112+0000] {processor.py:183} INFO - Processing /home/airflow/.local/lib/python3.8/site-packages/airflow/example_dags/example_xcomargs.py took 0.103 seconds
[2023-12-27T22:18:11.291+0000] {processor.py:161} INFO - Started process (PID=1223) to work on /home/airflow/.local/lib/python3.8/site-packages/airflow/example_dags/example_xcomargs.py
[2023-12-27T22:18:11.293+0000] {processor.py:830} INFO - Processing file /home/airflow/.local/lib/python3.8/site-packages/airflow/example_dags/example_xcomargs.py for tasks to queue
[2023-12-27T22:18:11.296+0000] {logging_mixin.py:188} INFO - [2023-12-27T22:18:11.296+0000] {dagbag.py:538} INFO - Filling up the DagBag from /home/airflow/.local/lib/python3.8/site-packages/airflow/example_dags/example_xcomargs.py
[2023-12-27T22:18:11.305+0000] {processor.py:840} INFO - DAG(s) 'example_xcom_args', 'example_xcom_args_with_operators' retrieved from /home/airflow/.local/lib/python3.8/site-packages/airflow/example_dags/example_xcomargs.py
[2023-12-27T22:18:11.337+0000] {logging_mixin.py:188} INFO - [2023-12-27T22:18:11.337+0000] {dag.py:3033} INFO - Sync 2 DAGs
[2023-12-27T22:18:11.353+0000] {logging_mixin.py:188} INFO - [2023-12-27T22:18:11.352+0000] {dag.py:3820} INFO - Setting next_dagrun for example_xcom_args to None, run_after=None
[2023-12-27T22:18:11.358+0000] {logging_mixin.py:188} INFO - [2023-12-27T22:18:11.358+0000] {dag.py:3820} INFO - Setting next_dagrun for example_xcom_args_with_operators to None, run_after=None
[2023-12-27T22:18:11.395+0000] {processor.py:183} INFO - Processing /home/airflow/.local/lib/python3.8/site-packages/airflow/example_dags/example_xcomargs.py took 0.107 seconds
