[2023-12-27T22:07:23.381+0000] {processor.py:161} INFO - Started process (PID=83) to work on /home/airflow/.local/lib/python3.8/site-packages/airflow/example_dags/example_task_group_decorator.py
[2023-12-27T22:07:23.413+0000] {processor.py:830} INFO - Processing file /home/airflow/.local/lib/python3.8/site-packages/airflow/example_dags/example_task_group_decorator.py for tasks to queue
[2023-12-27T22:07:23.416+0000] {logging_mixin.py:188} INFO - [2023-12-27T22:07:23.416+0000] {dagbag.py:538} INFO - Filling up the DagBag from /home/airflow/.local/lib/python3.8/site-packages/airflow/example_dags/example_task_group_decorator.py
[2023-12-27T22:07:23.466+0000] {processor.py:840} INFO - DAG(s) 'example_task_group_decorator' retrieved from /home/airflow/.local/lib/python3.8/site-packages/airflow/example_dags/example_task_group_decorator.py
[2023-12-27T22:07:24.419+0000] {logging_mixin.py:188} INFO - [2023-12-27T22:07:24.418+0000] {dag.py:3033} INFO - Sync 1 DAGs
[2023-12-27T22:07:25.387+0000] {logging_mixin.py:188} INFO - [2023-12-27T22:07:25.386+0000] {dag.py:3820} INFO - Setting next_dagrun for example_task_group_decorator to 2023-12-26T00:00:00+00:00, run_after=2023-12-27T00:00:00+00:00
[2023-12-27T22:07:25.642+0000] {processor.py:183} INFO - Processing /home/airflow/.local/lib/python3.8/site-packages/airflow/example_dags/example_task_group_decorator.py took 2.267 seconds
[2023-12-27T22:07:55.705+0000] {processor.py:161} INFO - Started process (PID=137) to work on /home/airflow/.local/lib/python3.8/site-packages/airflow/example_dags/example_task_group_decorator.py
[2023-12-27T22:07:55.707+0000] {processor.py:830} INFO - Processing file /home/airflow/.local/lib/python3.8/site-packages/airflow/example_dags/example_task_group_decorator.py for tasks to queue
[2023-12-27T22:07:55.710+0000] {logging_mixin.py:188} INFO - [2023-12-27T22:07:55.709+0000] {dagbag.py:538} INFO - Filling up the DagBag from /home/airflow/.local/lib/python3.8/site-packages/airflow/example_dags/example_task_group_decorator.py
[2023-12-27T22:07:55.732+0000] {processor.py:840} INFO - DAG(s) 'example_task_group_decorator' retrieved from /home/airflow/.local/lib/python3.8/site-packages/airflow/example_dags/example_task_group_decorator.py
[2023-12-27T22:07:55.767+0000] {logging_mixin.py:188} INFO - [2023-12-27T22:07:55.767+0000] {dag.py:3033} INFO - Sync 1 DAGs
[2023-12-27T22:07:55.801+0000] {logging_mixin.py:188} INFO - [2023-12-27T22:07:55.801+0000] {dag.py:3820} INFO - Setting next_dagrun for example_task_group_decorator to 2023-12-26T00:00:00+00:00, run_after=2023-12-27T00:00:00+00:00
[2023-12-27T22:07:55.842+0000] {processor.py:183} INFO - Processing /home/airflow/.local/lib/python3.8/site-packages/airflow/example_dags/example_task_group_decorator.py took 0.142 seconds
[2023-12-27T22:08:28.124+0000] {processor.py:161} INFO - Started process (PID=193) to work on /home/airflow/.local/lib/python3.8/site-packages/airflow/example_dags/example_task_group_decorator.py
[2023-12-27T22:08:28.126+0000] {processor.py:830} INFO - Processing file /home/airflow/.local/lib/python3.8/site-packages/airflow/example_dags/example_task_group_decorator.py for tasks to queue
[2023-12-27T22:08:28.129+0000] {logging_mixin.py:188} INFO - [2023-12-27T22:08:28.128+0000] {dagbag.py:538} INFO - Filling up the DagBag from /home/airflow/.local/lib/python3.8/site-packages/airflow/example_dags/example_task_group_decorator.py
[2023-12-27T22:08:28.158+0000] {processor.py:840} INFO - DAG(s) 'example_task_group_decorator' retrieved from /home/airflow/.local/lib/python3.8/site-packages/airflow/example_dags/example_task_group_decorator.py
[2023-12-27T22:08:28.186+0000] {logging_mixin.py:188} INFO - [2023-12-27T22:08:28.186+0000] {dag.py:3033} INFO - Sync 1 DAGs
[2023-12-27T22:08:28.216+0000] {logging_mixin.py:188} INFO - [2023-12-27T22:08:28.215+0000] {dag.py:3820} INFO - Setting next_dagrun for example_task_group_decorator to 2023-12-26T00:00:00+00:00, run_after=2023-12-27T00:00:00+00:00
[2023-12-27T22:08:28.242+0000] {processor.py:183} INFO - Processing /home/airflow/.local/lib/python3.8/site-packages/airflow/example_dags/example_task_group_decorator.py took 0.123 seconds
[2023-12-27T22:08:58.830+0000] {processor.py:161} INFO - Started process (PID=248) to work on /home/airflow/.local/lib/python3.8/site-packages/airflow/example_dags/example_task_group_decorator.py
[2023-12-27T22:08:58.832+0000] {processor.py:830} INFO - Processing file /home/airflow/.local/lib/python3.8/site-packages/airflow/example_dags/example_task_group_decorator.py for tasks to queue
[2023-12-27T22:08:58.835+0000] {logging_mixin.py:188} INFO - [2023-12-27T22:08:58.834+0000] {dagbag.py:538} INFO - Filling up the DagBag from /home/airflow/.local/lib/python3.8/site-packages/airflow/example_dags/example_task_group_decorator.py
[2023-12-27T22:08:58.853+0000] {processor.py:840} INFO - DAG(s) 'example_task_group_decorator' retrieved from /home/airflow/.local/lib/python3.8/site-packages/airflow/example_dags/example_task_group_decorator.py
[2023-12-27T22:08:58.912+0000] {logging_mixin.py:188} INFO - [2023-12-27T22:08:58.912+0000] {dag.py:3033} INFO - Sync 1 DAGs
[2023-12-27T22:08:58.961+0000] {logging_mixin.py:188} INFO - [2023-12-27T22:08:58.961+0000] {dag.py:3820} INFO - Setting next_dagrun for example_task_group_decorator to 2023-12-26T00:00:00+00:00, run_after=2023-12-27T00:00:00+00:00
[2023-12-27T22:08:58.996+0000] {processor.py:183} INFO - Processing /home/airflow/.local/lib/python3.8/site-packages/airflow/example_dags/example_task_group_decorator.py took 0.169 seconds
[2023-12-27T22:09:29.890+0000] {processor.py:161} INFO - Started process (PID=301) to work on /home/airflow/.local/lib/python3.8/site-packages/airflow/example_dags/example_task_group_decorator.py
[2023-12-27T22:09:29.892+0000] {processor.py:830} INFO - Processing file /home/airflow/.local/lib/python3.8/site-packages/airflow/example_dags/example_task_group_decorator.py for tasks to queue
[2023-12-27T22:09:29.897+0000] {logging_mixin.py:188} INFO - [2023-12-27T22:09:29.897+0000] {dagbag.py:538} INFO - Filling up the DagBag from /home/airflow/.local/lib/python3.8/site-packages/airflow/example_dags/example_task_group_decorator.py
[2023-12-27T22:09:29.936+0000] {processor.py:840} INFO - DAG(s) 'example_task_group_decorator' retrieved from /home/airflow/.local/lib/python3.8/site-packages/airflow/example_dags/example_task_group_decorator.py
[2023-12-27T22:09:29.979+0000] {logging_mixin.py:188} INFO - [2023-12-27T22:09:29.979+0000] {dag.py:3033} INFO - Sync 1 DAGs
[2023-12-27T22:09:30.017+0000] {logging_mixin.py:188} INFO - [2023-12-27T22:09:30.017+0000] {dag.py:3820} INFO - Setting next_dagrun for example_task_group_decorator to 2023-12-26T00:00:00+00:00, run_after=2023-12-27T00:00:00+00:00
[2023-12-27T22:09:30.049+0000] {processor.py:183} INFO - Processing /home/airflow/.local/lib/python3.8/site-packages/airflow/example_dags/example_task_group_decorator.py took 0.164 seconds
[2023-12-27T22:10:00.736+0000] {processor.py:161} INFO - Started process (PID=356) to work on /home/airflow/.local/lib/python3.8/site-packages/airflow/example_dags/example_task_group_decorator.py
[2023-12-27T22:10:00.738+0000] {processor.py:830} INFO - Processing file /home/airflow/.local/lib/python3.8/site-packages/airflow/example_dags/example_task_group_decorator.py for tasks to queue
[2023-12-27T22:10:00.741+0000] {logging_mixin.py:188} INFO - [2023-12-27T22:10:00.741+0000] {dagbag.py:538} INFO - Filling up the DagBag from /home/airflow/.local/lib/python3.8/site-packages/airflow/example_dags/example_task_group_decorator.py
[2023-12-27T22:10:00.758+0000] {processor.py:840} INFO - DAG(s) 'example_task_group_decorator' retrieved from /home/airflow/.local/lib/python3.8/site-packages/airflow/example_dags/example_task_group_decorator.py
[2023-12-27T22:10:00.788+0000] {logging_mixin.py:188} INFO - [2023-12-27T22:10:00.788+0000] {dag.py:3033} INFO - Sync 1 DAGs
[2023-12-27T22:10:00.821+0000] {logging_mixin.py:188} INFO - [2023-12-27T22:10:00.820+0000] {dag.py:3820} INFO - Setting next_dagrun for example_task_group_decorator to 2023-12-26T00:00:00+00:00, run_after=2023-12-27T00:00:00+00:00
[2023-12-27T22:10:00.855+0000] {processor.py:183} INFO - Processing /home/airflow/.local/lib/python3.8/site-packages/airflow/example_dags/example_task_group_decorator.py took 0.124 seconds
[2023-12-27T22:10:31.077+0000] {processor.py:161} INFO - Started process (PID=411) to work on /home/airflow/.local/lib/python3.8/site-packages/airflow/example_dags/example_task_group_decorator.py
[2023-12-27T22:10:31.089+0000] {processor.py:830} INFO - Processing file /home/airflow/.local/lib/python3.8/site-packages/airflow/example_dags/example_task_group_decorator.py for tasks to queue
[2023-12-27T22:10:31.093+0000] {logging_mixin.py:188} INFO - [2023-12-27T22:10:31.093+0000] {dagbag.py:538} INFO - Filling up the DagBag from /home/airflow/.local/lib/python3.8/site-packages/airflow/example_dags/example_task_group_decorator.py
[2023-12-27T22:10:31.115+0000] {processor.py:840} INFO - DAG(s) 'example_task_group_decorator' retrieved from /home/airflow/.local/lib/python3.8/site-packages/airflow/example_dags/example_task_group_decorator.py
[2023-12-27T22:10:31.232+0000] {logging_mixin.py:188} INFO - [2023-12-27T22:10:31.232+0000] {dag.py:3033} INFO - Sync 1 DAGs
[2023-12-27T22:10:31.261+0000] {logging_mixin.py:188} INFO - [2023-12-27T22:10:31.261+0000] {dag.py:3820} INFO - Setting next_dagrun for example_task_group_decorator to 2023-12-26T00:00:00+00:00, run_after=2023-12-27T00:00:00+00:00
[2023-12-27T22:10:31.513+0000] {processor.py:183} INFO - Processing /home/airflow/.local/lib/python3.8/site-packages/airflow/example_dags/example_task_group_decorator.py took 0.440 seconds
[2023-12-27T22:11:02.505+0000] {processor.py:161} INFO - Started process (PID=466) to work on /home/airflow/.local/lib/python3.8/site-packages/airflow/example_dags/example_task_group_decorator.py
[2023-12-27T22:11:02.506+0000] {processor.py:830} INFO - Processing file /home/airflow/.local/lib/python3.8/site-packages/airflow/example_dags/example_task_group_decorator.py for tasks to queue
[2023-12-27T22:11:02.510+0000] {logging_mixin.py:188} INFO - [2023-12-27T22:11:02.509+0000] {dagbag.py:538} INFO - Filling up the DagBag from /home/airflow/.local/lib/python3.8/site-packages/airflow/example_dags/example_task_group_decorator.py
[2023-12-27T22:11:02.529+0000] {processor.py:840} INFO - DAG(s) 'example_task_group_decorator' retrieved from /home/airflow/.local/lib/python3.8/site-packages/airflow/example_dags/example_task_group_decorator.py
[2023-12-27T22:11:02.560+0000] {logging_mixin.py:188} INFO - [2023-12-27T22:11:02.560+0000] {dag.py:3033} INFO - Sync 1 DAGs
[2023-12-27T22:11:02.589+0000] {logging_mixin.py:188} INFO - [2023-12-27T22:11:02.589+0000] {dag.py:3820} INFO - Setting next_dagrun for example_task_group_decorator to 2023-12-26T00:00:00+00:00, run_after=2023-12-27T00:00:00+00:00
[2023-12-27T22:11:02.618+0000] {processor.py:183} INFO - Processing /home/airflow/.local/lib/python3.8/site-packages/airflow/example_dags/example_task_group_decorator.py took 0.117 seconds
[2023-12-27T22:11:32.759+0000] {processor.py:161} INFO - Started process (PID=522) to work on /home/airflow/.local/lib/python3.8/site-packages/airflow/example_dags/example_task_group_decorator.py
[2023-12-27T22:11:32.765+0000] {processor.py:830} INFO - Processing file /home/airflow/.local/lib/python3.8/site-packages/airflow/example_dags/example_task_group_decorator.py for tasks to queue
[2023-12-27T22:11:32.775+0000] {logging_mixin.py:188} INFO - [2023-12-27T22:11:32.774+0000] {dagbag.py:538} INFO - Filling up the DagBag from /home/airflow/.local/lib/python3.8/site-packages/airflow/example_dags/example_task_group_decorator.py
[2023-12-27T22:11:32.825+0000] {processor.py:840} INFO - DAG(s) 'example_task_group_decorator' retrieved from /home/airflow/.local/lib/python3.8/site-packages/airflow/example_dags/example_task_group_decorator.py
[2023-12-27T22:11:32.861+0000] {logging_mixin.py:188} INFO - [2023-12-27T22:11:32.861+0000] {dag.py:3033} INFO - Sync 1 DAGs
[2023-12-27T22:11:32.888+0000] {logging_mixin.py:188} INFO - [2023-12-27T22:11:32.887+0000] {dag.py:3820} INFO - Setting next_dagrun for example_task_group_decorator to 2023-12-26T00:00:00+00:00, run_after=2023-12-27T00:00:00+00:00
[2023-12-27T22:11:32.937+0000] {processor.py:183} INFO - Processing /home/airflow/.local/lib/python3.8/site-packages/airflow/example_dags/example_task_group_decorator.py took 0.201 seconds
[2023-12-27T22:12:04.866+0000] {processor.py:161} INFO - Started process (PID=576) to work on /home/airflow/.local/lib/python3.8/site-packages/airflow/example_dags/example_task_group_decorator.py
[2023-12-27T22:12:04.894+0000] {processor.py:830} INFO - Processing file /home/airflow/.local/lib/python3.8/site-packages/airflow/example_dags/example_task_group_decorator.py for tasks to queue
[2023-12-27T22:12:04.906+0000] {logging_mixin.py:188} INFO - [2023-12-27T22:12:04.905+0000] {dagbag.py:538} INFO - Filling up the DagBag from /home/airflow/.local/lib/python3.8/site-packages/airflow/example_dags/example_task_group_decorator.py
[2023-12-27T22:12:05.006+0000] {processor.py:840} INFO - DAG(s) 'example_task_group_decorator' retrieved from /home/airflow/.local/lib/python3.8/site-packages/airflow/example_dags/example_task_group_decorator.py
[2023-12-27T22:12:05.119+0000] {logging_mixin.py:188} INFO - [2023-12-27T22:12:05.119+0000] {dag.py:3033} INFO - Sync 1 DAGs
[2023-12-27T22:12:05.210+0000] {logging_mixin.py:188} INFO - [2023-12-27T22:12:05.209+0000] {dag.py:3820} INFO - Setting next_dagrun for example_task_group_decorator to 2023-12-26T00:00:00+00:00, run_after=2023-12-27T00:00:00+00:00
[2023-12-27T22:12:05.293+0000] {processor.py:183} INFO - Processing /home/airflow/.local/lib/python3.8/site-packages/airflow/example_dags/example_task_group_decorator.py took 0.435 seconds
[2023-12-27T22:12:35.706+0000] {processor.py:161} INFO - Started process (PID=631) to work on /home/airflow/.local/lib/python3.8/site-packages/airflow/example_dags/example_task_group_decorator.py
[2023-12-27T22:12:35.707+0000] {processor.py:830} INFO - Processing file /home/airflow/.local/lib/python3.8/site-packages/airflow/example_dags/example_task_group_decorator.py for tasks to queue
[2023-12-27T22:12:35.710+0000] {logging_mixin.py:188} INFO - [2023-12-27T22:12:35.710+0000] {dagbag.py:538} INFO - Filling up the DagBag from /home/airflow/.local/lib/python3.8/site-packages/airflow/example_dags/example_task_group_decorator.py
[2023-12-27T22:12:35.726+0000] {processor.py:840} INFO - DAG(s) 'example_task_group_decorator' retrieved from /home/airflow/.local/lib/python3.8/site-packages/airflow/example_dags/example_task_group_decorator.py
[2023-12-27T22:12:35.814+0000] {logging_mixin.py:188} INFO - [2023-12-27T22:12:35.813+0000] {dag.py:3033} INFO - Sync 1 DAGs
[2023-12-27T22:12:35.859+0000] {logging_mixin.py:188} INFO - [2023-12-27T22:12:35.859+0000] {dag.py:3820} INFO - Setting next_dagrun for example_task_group_decorator to 2023-12-26T00:00:00+00:00, run_after=2023-12-27T00:00:00+00:00
[2023-12-27T22:12:36.001+0000] {processor.py:183} INFO - Processing /home/airflow/.local/lib/python3.8/site-packages/airflow/example_dags/example_task_group_decorator.py took 0.298 seconds
[2023-12-27T22:13:06.409+0000] {processor.py:161} INFO - Started process (PID=686) to work on /home/airflow/.local/lib/python3.8/site-packages/airflow/example_dags/example_task_group_decorator.py
[2023-12-27T22:13:06.425+0000] {processor.py:830} INFO - Processing file /home/airflow/.local/lib/python3.8/site-packages/airflow/example_dags/example_task_group_decorator.py for tasks to queue
[2023-12-27T22:13:06.441+0000] {logging_mixin.py:188} INFO - [2023-12-27T22:13:06.430+0000] {dagbag.py:538} INFO - Filling up the DagBag from /home/airflow/.local/lib/python3.8/site-packages/airflow/example_dags/example_task_group_decorator.py
[2023-12-27T22:13:06.511+0000] {processor.py:840} INFO - DAG(s) 'example_task_group_decorator' retrieved from /home/airflow/.local/lib/python3.8/site-packages/airflow/example_dags/example_task_group_decorator.py
[2023-12-27T22:13:06.571+0000] {logging_mixin.py:188} INFO - [2023-12-27T22:13:06.570+0000] {dag.py:3033} INFO - Sync 1 DAGs
[2023-12-27T22:13:06.622+0000] {logging_mixin.py:188} INFO - [2023-12-27T22:13:06.621+0000] {dag.py:3820} INFO - Setting next_dagrun for example_task_group_decorator to 2023-12-26T00:00:00+00:00, run_after=2023-12-27T00:00:00+00:00
[2023-12-27T22:13:06.687+0000] {processor.py:183} INFO - Processing /home/airflow/.local/lib/python3.8/site-packages/airflow/example_dags/example_task_group_decorator.py took 0.298 seconds
[2023-12-27T22:13:36.995+0000] {processor.py:161} INFO - Started process (PID=741) to work on /home/airflow/.local/lib/python3.8/site-packages/airflow/example_dags/example_task_group_decorator.py
[2023-12-27T22:13:36.997+0000] {processor.py:830} INFO - Processing file /home/airflow/.local/lib/python3.8/site-packages/airflow/example_dags/example_task_group_decorator.py for tasks to queue
[2023-12-27T22:13:37.002+0000] {logging_mixin.py:188} INFO - [2023-12-27T22:13:37.001+0000] {dagbag.py:538} INFO - Filling up the DagBag from /home/airflow/.local/lib/python3.8/site-packages/airflow/example_dags/example_task_group_decorator.py
[2023-12-27T22:13:37.025+0000] {processor.py:840} INFO - DAG(s) 'example_task_group_decorator' retrieved from /home/airflow/.local/lib/python3.8/site-packages/airflow/example_dags/example_task_group_decorator.py
[2023-12-27T22:13:37.065+0000] {logging_mixin.py:188} INFO - [2023-12-27T22:13:37.065+0000] {dag.py:3033} INFO - Sync 1 DAGs
[2023-12-27T22:13:37.107+0000] {logging_mixin.py:188} INFO - [2023-12-27T22:13:37.106+0000] {dag.py:3820} INFO - Setting next_dagrun for example_task_group_decorator to 2023-12-26T00:00:00+00:00, run_after=2023-12-27T00:00:00+00:00
[2023-12-27T22:13:37.151+0000] {processor.py:183} INFO - Processing /home/airflow/.local/lib/python3.8/site-packages/airflow/example_dags/example_task_group_decorator.py took 0.161 seconds
[2023-12-27T22:14:07.803+0000] {processor.py:161} INFO - Started process (PID=796) to work on /home/airflow/.local/lib/python3.8/site-packages/airflow/example_dags/example_task_group_decorator.py
[2023-12-27T22:14:07.805+0000] {processor.py:830} INFO - Processing file /home/airflow/.local/lib/python3.8/site-packages/airflow/example_dags/example_task_group_decorator.py for tasks to queue
[2023-12-27T22:14:07.808+0000] {logging_mixin.py:188} INFO - [2023-12-27T22:14:07.808+0000] {dagbag.py:538} INFO - Filling up the DagBag from /home/airflow/.local/lib/python3.8/site-packages/airflow/example_dags/example_task_group_decorator.py
[2023-12-27T22:14:07.828+0000] {processor.py:840} INFO - DAG(s) 'example_task_group_decorator' retrieved from /home/airflow/.local/lib/python3.8/site-packages/airflow/example_dags/example_task_group_decorator.py
[2023-12-27T22:14:07.862+0000] {logging_mixin.py:188} INFO - [2023-12-27T22:14:07.862+0000] {dag.py:3033} INFO - Sync 1 DAGs
[2023-12-27T22:14:07.893+0000] {logging_mixin.py:188} INFO - [2023-12-27T22:14:07.893+0000] {dag.py:3820} INFO - Setting next_dagrun for example_task_group_decorator to 2023-12-26T00:00:00+00:00, run_after=2023-12-27T00:00:00+00:00
[2023-12-27T22:14:08.103+0000] {processor.py:183} INFO - Processing /home/airflow/.local/lib/python3.8/site-packages/airflow/example_dags/example_task_group_decorator.py took 0.306 seconds
[2023-12-27T22:14:38.247+0000] {processor.py:161} INFO - Started process (PID=851) to work on /home/airflow/.local/lib/python3.8/site-packages/airflow/example_dags/example_task_group_decorator.py
[2023-12-27T22:14:38.249+0000] {processor.py:830} INFO - Processing file /home/airflow/.local/lib/python3.8/site-packages/airflow/example_dags/example_task_group_decorator.py for tasks to queue
[2023-12-27T22:14:38.252+0000] {logging_mixin.py:188} INFO - [2023-12-27T22:14:38.251+0000] {dagbag.py:538} INFO - Filling up the DagBag from /home/airflow/.local/lib/python3.8/site-packages/airflow/example_dags/example_task_group_decorator.py
[2023-12-27T22:14:38.282+0000] {processor.py:840} INFO - DAG(s) 'example_task_group_decorator' retrieved from /home/airflow/.local/lib/python3.8/site-packages/airflow/example_dags/example_task_group_decorator.py
[2023-12-27T22:14:38.320+0000] {logging_mixin.py:188} INFO - [2023-12-27T22:14:38.319+0000] {dag.py:3033} INFO - Sync 1 DAGs
[2023-12-27T22:14:38.345+0000] {logging_mixin.py:188} INFO - [2023-12-27T22:14:38.345+0000] {dag.py:3820} INFO - Setting next_dagrun for example_task_group_decorator to 2023-12-26T00:00:00+00:00, run_after=2023-12-27T00:00:00+00:00
[2023-12-27T22:14:38.387+0000] {processor.py:183} INFO - Processing /home/airflow/.local/lib/python3.8/site-packages/airflow/example_dags/example_task_group_decorator.py took 0.145 seconds
[2023-12-27T22:15:09.218+0000] {processor.py:161} INFO - Started process (PID=906) to work on /home/airflow/.local/lib/python3.8/site-packages/airflow/example_dags/example_task_group_decorator.py
[2023-12-27T22:15:09.220+0000] {processor.py:830} INFO - Processing file /home/airflow/.local/lib/python3.8/site-packages/airflow/example_dags/example_task_group_decorator.py for tasks to queue
[2023-12-27T22:15:09.223+0000] {logging_mixin.py:188} INFO - [2023-12-27T22:15:09.223+0000] {dagbag.py:538} INFO - Filling up the DagBag from /home/airflow/.local/lib/python3.8/site-packages/airflow/example_dags/example_task_group_decorator.py
[2023-12-27T22:15:09.247+0000] {processor.py:840} INFO - DAG(s) 'example_task_group_decorator' retrieved from /home/airflow/.local/lib/python3.8/site-packages/airflow/example_dags/example_task_group_decorator.py
[2023-12-27T22:15:09.287+0000] {logging_mixin.py:188} INFO - [2023-12-27T22:15:09.287+0000] {dag.py:3033} INFO - Sync 1 DAGs
[2023-12-27T22:15:09.321+0000] {logging_mixin.py:188} INFO - [2023-12-27T22:15:09.321+0000] {dag.py:3820} INFO - Setting next_dagrun for example_task_group_decorator to 2023-12-26T00:00:00+00:00, run_after=2023-12-27T00:00:00+00:00
[2023-12-27T22:15:09.355+0000] {processor.py:183} INFO - Processing /home/airflow/.local/lib/python3.8/site-packages/airflow/example_dags/example_task_group_decorator.py took 0.144 seconds
[2023-12-27T22:15:39.525+0000] {processor.py:161} INFO - Started process (PID=961) to work on /home/airflow/.local/lib/python3.8/site-packages/airflow/example_dags/example_task_group_decorator.py
[2023-12-27T22:15:39.527+0000] {processor.py:830} INFO - Processing file /home/airflow/.local/lib/python3.8/site-packages/airflow/example_dags/example_task_group_decorator.py for tasks to queue
[2023-12-27T22:15:39.530+0000] {logging_mixin.py:188} INFO - [2023-12-27T22:15:39.530+0000] {dagbag.py:538} INFO - Filling up the DagBag from /home/airflow/.local/lib/python3.8/site-packages/airflow/example_dags/example_task_group_decorator.py
[2023-12-27T22:15:39.546+0000] {processor.py:840} INFO - DAG(s) 'example_task_group_decorator' retrieved from /home/airflow/.local/lib/python3.8/site-packages/airflow/example_dags/example_task_group_decorator.py
[2023-12-27T22:15:39.578+0000] {logging_mixin.py:188} INFO - [2023-12-27T22:15:39.577+0000] {dag.py:3033} INFO - Sync 1 DAGs
[2023-12-27T22:15:39.643+0000] {logging_mixin.py:188} INFO - [2023-12-27T22:15:39.643+0000] {dag.py:3820} INFO - Setting next_dagrun for example_task_group_decorator to 2023-12-26T00:00:00+00:00, run_after=2023-12-27T00:00:00+00:00
[2023-12-27T22:15:39.730+0000] {processor.py:183} INFO - Processing /home/airflow/.local/lib/python3.8/site-packages/airflow/example_dags/example_task_group_decorator.py took 0.208 seconds
[2023-12-27T22:16:10.137+0000] {processor.py:161} INFO - Started process (PID=1016) to work on /home/airflow/.local/lib/python3.8/site-packages/airflow/example_dags/example_task_group_decorator.py
[2023-12-27T22:16:10.138+0000] {processor.py:830} INFO - Processing file /home/airflow/.local/lib/python3.8/site-packages/airflow/example_dags/example_task_group_decorator.py for tasks to queue
[2023-12-27T22:16:10.142+0000] {logging_mixin.py:188} INFO - [2023-12-27T22:16:10.142+0000] {dagbag.py:538} INFO - Filling up the DagBag from /home/airflow/.local/lib/python3.8/site-packages/airflow/example_dags/example_task_group_decorator.py
[2023-12-27T22:16:10.166+0000] {processor.py:840} INFO - DAG(s) 'example_task_group_decorator' retrieved from /home/airflow/.local/lib/python3.8/site-packages/airflow/example_dags/example_task_group_decorator.py
[2023-12-27T22:16:10.198+0000] {logging_mixin.py:188} INFO - [2023-12-27T22:16:10.198+0000] {dag.py:3033} INFO - Sync 1 DAGs
[2023-12-27T22:16:10.225+0000] {logging_mixin.py:188} INFO - [2023-12-27T22:16:10.224+0000] {dag.py:3820} INFO - Setting next_dagrun for example_task_group_decorator to 2023-12-26T00:00:00+00:00, run_after=2023-12-27T00:00:00+00:00
[2023-12-27T22:16:10.256+0000] {processor.py:183} INFO - Processing /home/airflow/.local/lib/python3.8/site-packages/airflow/example_dags/example_task_group_decorator.py took 0.124 seconds
[2023-12-27T22:16:40.991+0000] {processor.py:161} INFO - Started process (PID=1071) to work on /home/airflow/.local/lib/python3.8/site-packages/airflow/example_dags/example_task_group_decorator.py
[2023-12-27T22:16:40.997+0000] {processor.py:830} INFO - Processing file /home/airflow/.local/lib/python3.8/site-packages/airflow/example_dags/example_task_group_decorator.py for tasks to queue
[2023-12-27T22:16:41.009+0000] {logging_mixin.py:188} INFO - [2023-12-27T22:16:41.008+0000] {dagbag.py:538} INFO - Filling up the DagBag from /home/airflow/.local/lib/python3.8/site-packages/airflow/example_dags/example_task_group_decorator.py
[2023-12-27T22:16:41.032+0000] {processor.py:840} INFO - DAG(s) 'example_task_group_decorator' retrieved from /home/airflow/.local/lib/python3.8/site-packages/airflow/example_dags/example_task_group_decorator.py
[2023-12-27T22:16:41.070+0000] {logging_mixin.py:188} INFO - [2023-12-27T22:16:41.069+0000] {dag.py:3033} INFO - Sync 1 DAGs
[2023-12-27T22:16:41.120+0000] {logging_mixin.py:188} INFO - [2023-12-27T22:16:41.119+0000] {dag.py:3820} INFO - Setting next_dagrun for example_task_group_decorator to 2023-12-26T00:00:00+00:00, run_after=2023-12-27T00:00:00+00:00
[2023-12-27T22:16:41.484+0000] {processor.py:183} INFO - Processing /home/airflow/.local/lib/python3.8/site-packages/airflow/example_dags/example_task_group_decorator.py took 0.499 seconds
[2023-12-27T22:17:11.751+0000] {processor.py:161} INFO - Started process (PID=1126) to work on /home/airflow/.local/lib/python3.8/site-packages/airflow/example_dags/example_task_group_decorator.py
[2023-12-27T22:17:11.753+0000] {processor.py:830} INFO - Processing file /home/airflow/.local/lib/python3.8/site-packages/airflow/example_dags/example_task_group_decorator.py for tasks to queue
[2023-12-27T22:17:11.758+0000] {logging_mixin.py:188} INFO - [2023-12-27T22:17:11.757+0000] {dagbag.py:538} INFO - Filling up the DagBag from /home/airflow/.local/lib/python3.8/site-packages/airflow/example_dags/example_task_group_decorator.py
[2023-12-27T22:17:11.818+0000] {processor.py:840} INFO - DAG(s) 'example_task_group_decorator' retrieved from /home/airflow/.local/lib/python3.8/site-packages/airflow/example_dags/example_task_group_decorator.py
[2023-12-27T22:17:11.859+0000] {logging_mixin.py:188} INFO - [2023-12-27T22:17:11.859+0000] {dag.py:3033} INFO - Sync 1 DAGs
[2023-12-27T22:17:11.890+0000] {logging_mixin.py:188} INFO - [2023-12-27T22:17:11.890+0000] {dag.py:3820} INFO - Setting next_dagrun for example_task_group_decorator to 2023-12-26T00:00:00+00:00, run_after=2023-12-27T00:00:00+00:00
[2023-12-27T22:17:11.955+0000] {processor.py:183} INFO - Processing /home/airflow/.local/lib/python3.8/site-packages/airflow/example_dags/example_task_group_decorator.py took 0.214 seconds
[2023-12-27T22:17:42.876+0000] {processor.py:161} INFO - Started process (PID=1181) to work on /home/airflow/.local/lib/python3.8/site-packages/airflow/example_dags/example_task_group_decorator.py
[2023-12-27T22:17:42.877+0000] {processor.py:830} INFO - Processing file /home/airflow/.local/lib/python3.8/site-packages/airflow/example_dags/example_task_group_decorator.py for tasks to queue
[2023-12-27T22:17:42.880+0000] {logging_mixin.py:188} INFO - [2023-12-27T22:17:42.879+0000] {dagbag.py:538} INFO - Filling up the DagBag from /home/airflow/.local/lib/python3.8/site-packages/airflow/example_dags/example_task_group_decorator.py
[2023-12-27T22:17:42.899+0000] {processor.py:840} INFO - DAG(s) 'example_task_group_decorator' retrieved from /home/airflow/.local/lib/python3.8/site-packages/airflow/example_dags/example_task_group_decorator.py
[2023-12-27T22:17:42.932+0000] {logging_mixin.py:188} INFO - [2023-12-27T22:17:42.932+0000] {dag.py:3033} INFO - Sync 1 DAGs
[2023-12-27T22:17:42.963+0000] {logging_mixin.py:188} INFO - [2023-12-27T22:17:42.962+0000] {dag.py:3820} INFO - Setting next_dagrun for example_task_group_decorator to 2023-12-26T00:00:00+00:00, run_after=2023-12-27T00:00:00+00:00
[2023-12-27T22:17:43.002+0000] {processor.py:183} INFO - Processing /home/airflow/.local/lib/python3.8/site-packages/airflow/example_dags/example_task_group_decorator.py took 0.130 seconds
[2023-12-27T22:18:13.585+0000] {processor.py:161} INFO - Started process (PID=1236) to work on /home/airflow/.local/lib/python3.8/site-packages/airflow/example_dags/example_task_group_decorator.py
[2023-12-27T22:18:13.587+0000] {processor.py:830} INFO - Processing file /home/airflow/.local/lib/python3.8/site-packages/airflow/example_dags/example_task_group_decorator.py for tasks to queue
[2023-12-27T22:18:13.590+0000] {logging_mixin.py:188} INFO - [2023-12-27T22:18:13.590+0000] {dagbag.py:538} INFO - Filling up the DagBag from /home/airflow/.local/lib/python3.8/site-packages/airflow/example_dags/example_task_group_decorator.py
[2023-12-27T22:18:13.613+0000] {processor.py:840} INFO - DAG(s) 'example_task_group_decorator' retrieved from /home/airflow/.local/lib/python3.8/site-packages/airflow/example_dags/example_task_group_decorator.py
[2023-12-27T22:18:13.652+0000] {logging_mixin.py:188} INFO - [2023-12-27T22:18:13.652+0000] {dag.py:3033} INFO - Sync 1 DAGs
[2023-12-27T22:18:13.689+0000] {logging_mixin.py:188} INFO - [2023-12-27T22:18:13.688+0000] {dag.py:3820} INFO - Setting next_dagrun for example_task_group_decorator to 2023-12-26T00:00:00+00:00, run_after=2023-12-27T00:00:00+00:00
[2023-12-27T22:18:13.739+0000] {processor.py:183} INFO - Processing /home/airflow/.local/lib/python3.8/site-packages/airflow/example_dags/example_task_group_decorator.py took 0.160 seconds
