[2023-12-27T22:07:29.881+0000] {processor.py:161} INFO - Started process (PID=87) to work on /home/airflow/.local/lib/python3.8/site-packages/airflow/example_dags/example_python_operator.py
[2023-12-27T22:07:29.949+0000] {processor.py:830} INFO - Processing file /home/airflow/.local/lib/python3.8/site-packages/airflow/example_dags/example_python_operator.py for tasks to queue
[2023-12-27T22:07:29.953+0000] {logging_mixin.py:188} INFO - [2023-12-27T22:07:29.952+0000] {dagbag.py:538} INFO - Filling up the DagBag from /home/airflow/.local/lib/python3.8/site-packages/airflow/example_dags/example_python_operator.py
[2023-12-27T22:07:30.012+0000] {processor.py:840} INFO - DAG(s) 'example_python_operator' retrieved from /home/airflow/.local/lib/python3.8/site-packages/airflow/example_dags/example_python_operator.py
[2023-12-27T22:07:30.392+0000] {logging_mixin.py:188} INFO - [2023-12-27T22:07:30.392+0000] {dag.py:3033} INFO - Sync 1 DAGs
[2023-12-27T22:07:30.449+0000] {logging_mixin.py:188} INFO - [2023-12-27T22:07:30.448+0000] {dag.py:3820} INFO - Setting next_dagrun for example_python_operator to None, run_after=None
[2023-12-27T22:07:30.529+0000] {processor.py:183} INFO - Processing /home/airflow/.local/lib/python3.8/site-packages/airflow/example_dags/example_python_operator.py took 0.662 seconds
[2023-12-27T22:08:00.702+0000] {processor.py:161} INFO - Started process (PID=142) to work on /home/airflow/.local/lib/python3.8/site-packages/airflow/example_dags/example_python_operator.py
[2023-12-27T22:08:00.706+0000] {processor.py:830} INFO - Processing file /home/airflow/.local/lib/python3.8/site-packages/airflow/example_dags/example_python_operator.py for tasks to queue
[2023-12-27T22:08:00.711+0000] {logging_mixin.py:188} INFO - [2023-12-27T22:08:00.710+0000] {dagbag.py:538} INFO - Filling up the DagBag from /home/airflow/.local/lib/python3.8/site-packages/airflow/example_dags/example_python_operator.py
[2023-12-27T22:08:00.745+0000] {processor.py:840} INFO - DAG(s) 'example_python_operator' retrieved from /home/airflow/.local/lib/python3.8/site-packages/airflow/example_dags/example_python_operator.py
[2023-12-27T22:08:00.800+0000] {logging_mixin.py:188} INFO - [2023-12-27T22:08:00.799+0000] {dag.py:3033} INFO - Sync 1 DAGs
[2023-12-27T22:08:00.839+0000] {logging_mixin.py:188} INFO - [2023-12-27T22:08:00.838+0000] {dag.py:3820} INFO - Setting next_dagrun for example_python_operator to None, run_after=None
[2023-12-27T22:08:00.894+0000] {processor.py:183} INFO - Processing /home/airflow/.local/lib/python3.8/site-packages/airflow/example_dags/example_python_operator.py took 0.199 seconds
[2023-12-27T22:08:35.701+0000] {processor.py:161} INFO - Started process (PID=197) to work on /home/airflow/.local/lib/python3.8/site-packages/airflow/example_dags/example_python_operator.py
[2023-12-27T22:08:35.754+0000] {processor.py:830} INFO - Processing file /home/airflow/.local/lib/python3.8/site-packages/airflow/example_dags/example_python_operator.py for tasks to queue
[2023-12-27T22:08:35.780+0000] {logging_mixin.py:188} INFO - [2023-12-27T22:08:35.779+0000] {dagbag.py:538} INFO - Filling up the DagBag from /home/airflow/.local/lib/python3.8/site-packages/airflow/example_dags/example_python_operator.py
[2023-12-27T22:08:40.724+0000] {processor.py:840} INFO - DAG(s) 'example_python_operator' retrieved from /home/airflow/.local/lib/python3.8/site-packages/airflow/example_dags/example_python_operator.py
[2023-12-27T22:08:40.963+0000] {logging_mixin.py:188} INFO - [2023-12-27T22:08:40.962+0000] {dag.py:3033} INFO - Sync 1 DAGs
[2023-12-27T22:08:41.079+0000] {logging_mixin.py:188} INFO - [2023-12-27T22:08:41.078+0000] {dag.py:3820} INFO - Setting next_dagrun for example_python_operator to None, run_after=None
[2023-12-27T22:08:49.028+0000] {processor.py:183} INFO - Processing /home/airflow/.local/lib/python3.8/site-packages/airflow/example_dags/example_python_operator.py took 13.331 seconds
[2023-12-27T22:09:19.921+0000] {processor.py:161} INFO - Started process (PID=254) to work on /home/airflow/.local/lib/python3.8/site-packages/airflow/example_dags/example_python_operator.py
[2023-12-27T22:09:19.923+0000] {processor.py:830} INFO - Processing file /home/airflow/.local/lib/python3.8/site-packages/airflow/example_dags/example_python_operator.py for tasks to queue
[2023-12-27T22:09:19.927+0000] {logging_mixin.py:188} INFO - [2023-12-27T22:09:19.927+0000] {dagbag.py:538} INFO - Filling up the DagBag from /home/airflow/.local/lib/python3.8/site-packages/airflow/example_dags/example_python_operator.py
[2023-12-27T22:09:19.944+0000] {processor.py:840} INFO - DAG(s) 'example_python_operator' retrieved from /home/airflow/.local/lib/python3.8/site-packages/airflow/example_dags/example_python_operator.py
[2023-12-27T22:09:19.989+0000] {logging_mixin.py:188} INFO - [2023-12-27T22:09:19.989+0000] {dag.py:3033} INFO - Sync 1 DAGs
[2023-12-27T22:09:20.020+0000] {logging_mixin.py:188} INFO - [2023-12-27T22:09:20.020+0000] {dag.py:3820} INFO - Setting next_dagrun for example_python_operator to None, run_after=None
[2023-12-27T22:09:20.056+0000] {processor.py:183} INFO - Processing /home/airflow/.local/lib/python3.8/site-packages/airflow/example_dags/example_python_operator.py took 0.139 seconds
[2023-12-27T22:09:50.451+0000] {processor.py:161} INFO - Started process (PID=311) to work on /home/airflow/.local/lib/python3.8/site-packages/airflow/example_dags/example_python_operator.py
[2023-12-27T22:09:50.453+0000] {processor.py:830} INFO - Processing file /home/airflow/.local/lib/python3.8/site-packages/airflow/example_dags/example_python_operator.py for tasks to queue
[2023-12-27T22:09:50.456+0000] {logging_mixin.py:188} INFO - [2023-12-27T22:09:50.455+0000] {dagbag.py:538} INFO - Filling up the DagBag from /home/airflow/.local/lib/python3.8/site-packages/airflow/example_dags/example_python_operator.py
[2023-12-27T22:09:50.467+0000] {processor.py:840} INFO - DAG(s) 'example_python_operator' retrieved from /home/airflow/.local/lib/python3.8/site-packages/airflow/example_dags/example_python_operator.py
[2023-12-27T22:09:50.502+0000] {logging_mixin.py:188} INFO - [2023-12-27T22:09:50.501+0000] {dag.py:3033} INFO - Sync 1 DAGs
[2023-12-27T22:09:50.522+0000] {logging_mixin.py:188} INFO - [2023-12-27T22:09:50.522+0000] {dag.py:3820} INFO - Setting next_dagrun for example_python_operator to None, run_after=None
[2023-12-27T22:09:50.561+0000] {processor.py:183} INFO - Processing /home/airflow/.local/lib/python3.8/site-packages/airflow/example_dags/example_python_operator.py took 0.113 seconds
[2023-12-27T22:10:21.055+0000] {processor.py:161} INFO - Started process (PID=367) to work on /home/airflow/.local/lib/python3.8/site-packages/airflow/example_dags/example_python_operator.py
[2023-12-27T22:10:21.066+0000] {processor.py:830} INFO - Processing file /home/airflow/.local/lib/python3.8/site-packages/airflow/example_dags/example_python_operator.py for tasks to queue
[2023-12-27T22:10:21.070+0000] {logging_mixin.py:188} INFO - [2023-12-27T22:10:21.070+0000] {dagbag.py:538} INFO - Filling up the DagBag from /home/airflow/.local/lib/python3.8/site-packages/airflow/example_dags/example_python_operator.py
[2023-12-27T22:10:21.087+0000] {processor.py:840} INFO - DAG(s) 'example_python_operator' retrieved from /home/airflow/.local/lib/python3.8/site-packages/airflow/example_dags/example_python_operator.py
[2023-12-27T22:10:21.118+0000] {logging_mixin.py:188} INFO - [2023-12-27T22:10:21.118+0000] {dag.py:3033} INFO - Sync 1 DAGs
[2023-12-27T22:10:21.136+0000] {logging_mixin.py:188} INFO - [2023-12-27T22:10:21.136+0000] {dag.py:3820} INFO - Setting next_dagrun for example_python_operator to None, run_after=None
[2023-12-27T22:10:21.172+0000] {processor.py:183} INFO - Processing /home/airflow/.local/lib/python3.8/site-packages/airflow/example_dags/example_python_operator.py took 0.121 seconds
[2023-12-27T22:10:51.684+0000] {processor.py:161} INFO - Started process (PID=425) to work on /home/airflow/.local/lib/python3.8/site-packages/airflow/example_dags/example_python_operator.py
[2023-12-27T22:10:51.685+0000] {processor.py:830} INFO - Processing file /home/airflow/.local/lib/python3.8/site-packages/airflow/example_dags/example_python_operator.py for tasks to queue
[2023-12-27T22:10:51.688+0000] {logging_mixin.py:188} INFO - [2023-12-27T22:10:51.687+0000] {dagbag.py:538} INFO - Filling up the DagBag from /home/airflow/.local/lib/python3.8/site-packages/airflow/example_dags/example_python_operator.py
[2023-12-27T22:10:51.700+0000] {processor.py:840} INFO - DAG(s) 'example_python_operator' retrieved from /home/airflow/.local/lib/python3.8/site-packages/airflow/example_dags/example_python_operator.py
[2023-12-27T22:10:51.730+0000] {logging_mixin.py:188} INFO - [2023-12-27T22:10:51.730+0000] {dag.py:3033} INFO - Sync 1 DAGs
[2023-12-27T22:10:51.749+0000] {logging_mixin.py:188} INFO - [2023-12-27T22:10:51.748+0000] {dag.py:3820} INFO - Setting next_dagrun for example_python_operator to None, run_after=None
[2023-12-27T22:10:51.787+0000] {processor.py:183} INFO - Processing /home/airflow/.local/lib/python3.8/site-packages/airflow/example_dags/example_python_operator.py took 0.107 seconds
[2023-12-27T22:11:22.378+0000] {processor.py:161} INFO - Started process (PID=480) to work on /home/airflow/.local/lib/python3.8/site-packages/airflow/example_dags/example_python_operator.py
[2023-12-27T22:11:22.379+0000] {processor.py:830} INFO - Processing file /home/airflow/.local/lib/python3.8/site-packages/airflow/example_dags/example_python_operator.py for tasks to queue
[2023-12-27T22:11:22.382+0000] {logging_mixin.py:188} INFO - [2023-12-27T22:11:22.381+0000] {dagbag.py:538} INFO - Filling up the DagBag from /home/airflow/.local/lib/python3.8/site-packages/airflow/example_dags/example_python_operator.py
[2023-12-27T22:11:22.394+0000] {processor.py:840} INFO - DAG(s) 'example_python_operator' retrieved from /home/airflow/.local/lib/python3.8/site-packages/airflow/example_dags/example_python_operator.py
[2023-12-27T22:11:22.423+0000] {logging_mixin.py:188} INFO - [2023-12-27T22:11:22.423+0000] {dag.py:3033} INFO - Sync 1 DAGs
[2023-12-27T22:11:22.439+0000] {logging_mixin.py:188} INFO - [2023-12-27T22:11:22.439+0000] {dag.py:3820} INFO - Setting next_dagrun for example_python_operator to None, run_after=None
[2023-12-27T22:11:22.479+0000] {processor.py:183} INFO - Processing /home/airflow/.local/lib/python3.8/site-packages/airflow/example_dags/example_python_operator.py took 0.106 seconds
[2023-12-27T22:11:58.313+0000] {processor.py:161} INFO - Started process (PID=544) to work on /home/airflow/.local/lib/python3.8/site-packages/airflow/example_dags/example_python_operator.py
[2023-12-27T22:11:58.314+0000] {processor.py:830} INFO - Processing file /home/airflow/.local/lib/python3.8/site-packages/airflow/example_dags/example_python_operator.py for tasks to queue
[2023-12-27T22:11:58.318+0000] {logging_mixin.py:188} INFO - [2023-12-27T22:11:58.318+0000] {dagbag.py:538} INFO - Filling up the DagBag from /home/airflow/.local/lib/python3.8/site-packages/airflow/example_dags/example_python_operator.py
[2023-12-27T22:11:58.330+0000] {processor.py:840} INFO - DAG(s) 'example_python_operator' retrieved from /home/airflow/.local/lib/python3.8/site-packages/airflow/example_dags/example_python_operator.py
[2023-12-27T22:11:58.392+0000] {logging_mixin.py:188} INFO - [2023-12-27T22:11:58.391+0000] {dag.py:3033} INFO - Sync 1 DAGs
[2023-12-27T22:11:58.407+0000] {logging_mixin.py:188} INFO - [2023-12-27T22:11:58.406+0000] {dag.py:3820} INFO - Setting next_dagrun for example_python_operator to None, run_after=None
[2023-12-27T22:11:58.532+0000] {processor.py:183} INFO - Processing /home/airflow/.local/lib/python3.8/site-packages/airflow/example_dags/example_python_operator.py took 0.223 seconds
[2023-12-27T22:12:29.421+0000] {processor.py:161} INFO - Started process (PID=605) to work on /home/airflow/.local/lib/python3.8/site-packages/airflow/example_dags/example_python_operator.py
[2023-12-27T22:12:29.422+0000] {processor.py:830} INFO - Processing file /home/airflow/.local/lib/python3.8/site-packages/airflow/example_dags/example_python_operator.py for tasks to queue
[2023-12-27T22:12:29.430+0000] {logging_mixin.py:188} INFO - [2023-12-27T22:12:29.429+0000] {dagbag.py:538} INFO - Filling up the DagBag from /home/airflow/.local/lib/python3.8/site-packages/airflow/example_dags/example_python_operator.py
[2023-12-27T22:12:29.450+0000] {processor.py:840} INFO - DAG(s) 'example_python_operator' retrieved from /home/airflow/.local/lib/python3.8/site-packages/airflow/example_dags/example_python_operator.py
[2023-12-27T22:12:29.479+0000] {logging_mixin.py:188} INFO - [2023-12-27T22:12:29.478+0000] {dag.py:3033} INFO - Sync 1 DAGs
[2023-12-27T22:12:29.509+0000] {logging_mixin.py:188} INFO - [2023-12-27T22:12:29.508+0000] {dag.py:3820} INFO - Setting next_dagrun for example_python_operator to None, run_after=None
[2023-12-27T22:12:29.893+0000] {processor.py:183} INFO - Processing /home/airflow/.local/lib/python3.8/site-packages/airflow/example_dags/example_python_operator.py took 0.476 seconds
[2023-12-27T22:13:02.068+0000] {processor.py:161} INFO - Started process (PID=662) to work on /home/airflow/.local/lib/python3.8/site-packages/airflow/example_dags/example_python_operator.py
[2023-12-27T22:13:02.073+0000] {processor.py:830} INFO - Processing file /home/airflow/.local/lib/python3.8/site-packages/airflow/example_dags/example_python_operator.py for tasks to queue
[2023-12-27T22:13:02.076+0000] {logging_mixin.py:188} INFO - [2023-12-27T22:13:02.076+0000] {dagbag.py:538} INFO - Filling up the DagBag from /home/airflow/.local/lib/python3.8/site-packages/airflow/example_dags/example_python_operator.py
[2023-12-27T22:13:02.092+0000] {processor.py:840} INFO - DAG(s) 'example_python_operator' retrieved from /home/airflow/.local/lib/python3.8/site-packages/airflow/example_dags/example_python_operator.py
[2023-12-27T22:13:02.124+0000] {logging_mixin.py:188} INFO - [2023-12-27T22:13:02.124+0000] {dag.py:3033} INFO - Sync 1 DAGs
[2023-12-27T22:13:02.139+0000] {logging_mixin.py:188} INFO - [2023-12-27T22:13:02.139+0000] {dag.py:3820} INFO - Setting next_dagrun for example_python_operator to None, run_after=None
[2023-12-27T22:13:02.175+0000] {processor.py:183} INFO - Processing /home/airflow/.local/lib/python3.8/site-packages/airflow/example_dags/example_python_operator.py took 0.110 seconds
[2023-12-27T22:13:33.066+0000] {processor.py:161} INFO - Started process (PID=717) to work on /home/airflow/.local/lib/python3.8/site-packages/airflow/example_dags/example_python_operator.py
[2023-12-27T22:13:33.067+0000] {processor.py:830} INFO - Processing file /home/airflow/.local/lib/python3.8/site-packages/airflow/example_dags/example_python_operator.py for tasks to queue
[2023-12-27T22:13:33.071+0000] {logging_mixin.py:188} INFO - [2023-12-27T22:13:33.070+0000] {dagbag.py:538} INFO - Filling up the DagBag from /home/airflow/.local/lib/python3.8/site-packages/airflow/example_dags/example_python_operator.py
[2023-12-27T22:13:33.082+0000] {processor.py:840} INFO - DAG(s) 'example_python_operator' retrieved from /home/airflow/.local/lib/python3.8/site-packages/airflow/example_dags/example_python_operator.py
[2023-12-27T22:13:33.107+0000] {logging_mixin.py:188} INFO - [2023-12-27T22:13:33.107+0000] {dag.py:3033} INFO - Sync 1 DAGs
[2023-12-27T22:13:33.125+0000] {logging_mixin.py:188} INFO - [2023-12-27T22:13:33.125+0000] {dag.py:3820} INFO - Setting next_dagrun for example_python_operator to None, run_after=None
[2023-12-27T22:13:33.168+0000] {processor.py:183} INFO - Processing /home/airflow/.local/lib/python3.8/site-packages/airflow/example_dags/example_python_operator.py took 0.106 seconds
[2023-12-27T22:14:03.292+0000] {processor.py:161} INFO - Started process (PID=771) to work on /home/airflow/.local/lib/python3.8/site-packages/airflow/example_dags/example_python_operator.py
[2023-12-27T22:14:03.294+0000] {processor.py:830} INFO - Processing file /home/airflow/.local/lib/python3.8/site-packages/airflow/example_dags/example_python_operator.py for tasks to queue
[2023-12-27T22:14:03.297+0000] {logging_mixin.py:188} INFO - [2023-12-27T22:14:03.297+0000] {dagbag.py:538} INFO - Filling up the DagBag from /home/airflow/.local/lib/python3.8/site-packages/airflow/example_dags/example_python_operator.py
[2023-12-27T22:14:03.314+0000] {processor.py:840} INFO - DAG(s) 'example_python_operator' retrieved from /home/airflow/.local/lib/python3.8/site-packages/airflow/example_dags/example_python_operator.py
[2023-12-27T22:14:03.354+0000] {logging_mixin.py:188} INFO - [2023-12-27T22:14:03.354+0000] {dag.py:3033} INFO - Sync 1 DAGs
[2023-12-27T22:14:03.374+0000] {logging_mixin.py:188} INFO - [2023-12-27T22:14:03.374+0000] {dag.py:3820} INFO - Setting next_dagrun for example_python_operator to None, run_after=None
[2023-12-27T22:14:03.414+0000] {processor.py:183} INFO - Processing /home/airflow/.local/lib/python3.8/site-packages/airflow/example_dags/example_python_operator.py took 0.130 seconds
[2023-12-27T22:14:33.976+0000] {processor.py:161} INFO - Started process (PID=826) to work on /home/airflow/.local/lib/python3.8/site-packages/airflow/example_dags/example_python_operator.py
[2023-12-27T22:14:33.978+0000] {processor.py:830} INFO - Processing file /home/airflow/.local/lib/python3.8/site-packages/airflow/example_dags/example_python_operator.py for tasks to queue
[2023-12-27T22:14:33.983+0000] {logging_mixin.py:188} INFO - [2023-12-27T22:14:33.982+0000] {dagbag.py:538} INFO - Filling up the DagBag from /home/airflow/.local/lib/python3.8/site-packages/airflow/example_dags/example_python_operator.py
[2023-12-27T22:14:34.009+0000] {processor.py:840} INFO - DAG(s) 'example_python_operator' retrieved from /home/airflow/.local/lib/python3.8/site-packages/airflow/example_dags/example_python_operator.py
[2023-12-27T22:14:34.059+0000] {logging_mixin.py:188} INFO - [2023-12-27T22:14:34.058+0000] {dag.py:3033} INFO - Sync 1 DAGs
[2023-12-27T22:14:34.090+0000] {logging_mixin.py:188} INFO - [2023-12-27T22:14:34.090+0000] {dag.py:3820} INFO - Setting next_dagrun for example_python_operator to None, run_after=None
[2023-12-27T22:14:34.140+0000] {processor.py:183} INFO - Processing /home/airflow/.local/lib/python3.8/site-packages/airflow/example_dags/example_python_operator.py took 0.168 seconds
[2023-12-27T22:15:04.644+0000] {processor.py:161} INFO - Started process (PID=881) to work on /home/airflow/.local/lib/python3.8/site-packages/airflow/example_dags/example_python_operator.py
[2023-12-27T22:15:04.646+0000] {processor.py:830} INFO - Processing file /home/airflow/.local/lib/python3.8/site-packages/airflow/example_dags/example_python_operator.py for tasks to queue
[2023-12-27T22:15:04.650+0000] {logging_mixin.py:188} INFO - [2023-12-27T22:15:04.650+0000] {dagbag.py:538} INFO - Filling up the DagBag from /home/airflow/.local/lib/python3.8/site-packages/airflow/example_dags/example_python_operator.py
[2023-12-27T22:15:04.674+0000] {processor.py:840} INFO - DAG(s) 'example_python_operator' retrieved from /home/airflow/.local/lib/python3.8/site-packages/airflow/example_dags/example_python_operator.py
[2023-12-27T22:15:04.714+0000] {logging_mixin.py:188} INFO - [2023-12-27T22:15:04.714+0000] {dag.py:3033} INFO - Sync 1 DAGs
[2023-12-27T22:15:04.738+0000] {logging_mixin.py:188} INFO - [2023-12-27T22:15:04.737+0000] {dag.py:3820} INFO - Setting next_dagrun for example_python_operator to None, run_after=None
[2023-12-27T22:15:04.776+0000] {processor.py:183} INFO - Processing /home/airflow/.local/lib/python3.8/site-packages/airflow/example_dags/example_python_operator.py took 0.140 seconds
[2023-12-27T22:15:34.931+0000] {processor.py:161} INFO - Started process (PID=936) to work on /home/airflow/.local/lib/python3.8/site-packages/airflow/example_dags/example_python_operator.py
[2023-12-27T22:15:34.932+0000] {processor.py:830} INFO - Processing file /home/airflow/.local/lib/python3.8/site-packages/airflow/example_dags/example_python_operator.py for tasks to queue
[2023-12-27T22:15:34.936+0000] {logging_mixin.py:188} INFO - [2023-12-27T22:15:34.935+0000] {dagbag.py:538} INFO - Filling up the DagBag from /home/airflow/.local/lib/python3.8/site-packages/airflow/example_dags/example_python_operator.py
[2023-12-27T22:15:34.952+0000] {processor.py:840} INFO - DAG(s) 'example_python_operator' retrieved from /home/airflow/.local/lib/python3.8/site-packages/airflow/example_dags/example_python_operator.py
[2023-12-27T22:15:34.997+0000] {logging_mixin.py:188} INFO - [2023-12-27T22:15:34.997+0000] {dag.py:3033} INFO - Sync 1 DAGs
[2023-12-27T22:15:35.021+0000] {logging_mixin.py:188} INFO - [2023-12-27T22:15:35.020+0000] {dag.py:3820} INFO - Setting next_dagrun for example_python_operator to None, run_after=None
[2023-12-27T22:15:35.062+0000] {processor.py:183} INFO - Processing /home/airflow/.local/lib/python3.8/site-packages/airflow/example_dags/example_python_operator.py took 0.135 seconds
[2023-12-27T22:16:05.227+0000] {processor.py:161} INFO - Started process (PID=991) to work on /home/airflow/.local/lib/python3.8/site-packages/airflow/example_dags/example_python_operator.py
[2023-12-27T22:16:05.228+0000] {processor.py:830} INFO - Processing file /home/airflow/.local/lib/python3.8/site-packages/airflow/example_dags/example_python_operator.py for tasks to queue
[2023-12-27T22:16:05.235+0000] {logging_mixin.py:188} INFO - [2023-12-27T22:16:05.234+0000] {dagbag.py:538} INFO - Filling up the DagBag from /home/airflow/.local/lib/python3.8/site-packages/airflow/example_dags/example_python_operator.py
[2023-12-27T22:16:05.256+0000] {processor.py:840} INFO - DAG(s) 'example_python_operator' retrieved from /home/airflow/.local/lib/python3.8/site-packages/airflow/example_dags/example_python_operator.py
[2023-12-27T22:16:05.286+0000] {logging_mixin.py:188} INFO - [2023-12-27T22:16:05.286+0000] {dag.py:3033} INFO - Sync 1 DAGs
[2023-12-27T22:16:05.303+0000] {logging_mixin.py:188} INFO - [2023-12-27T22:16:05.302+0000] {dag.py:3820} INFO - Setting next_dagrun for example_python_operator to None, run_after=None
[2023-12-27T22:16:05.334+0000] {processor.py:183} INFO - Processing /home/airflow/.local/lib/python3.8/site-packages/airflow/example_dags/example_python_operator.py took 0.112 seconds
[2023-12-27T22:16:35.981+0000] {processor.py:161} INFO - Started process (PID=1046) to work on /home/airflow/.local/lib/python3.8/site-packages/airflow/example_dags/example_python_operator.py
[2023-12-27T22:16:35.984+0000] {processor.py:830} INFO - Processing file /home/airflow/.local/lib/python3.8/site-packages/airflow/example_dags/example_python_operator.py for tasks to queue
[2023-12-27T22:16:35.988+0000] {logging_mixin.py:188} INFO - [2023-12-27T22:16:35.987+0000] {dagbag.py:538} INFO - Filling up the DagBag from /home/airflow/.local/lib/python3.8/site-packages/airflow/example_dags/example_python_operator.py
[2023-12-27T22:16:36.014+0000] {processor.py:840} INFO - DAG(s) 'example_python_operator' retrieved from /home/airflow/.local/lib/python3.8/site-packages/airflow/example_dags/example_python_operator.py
[2023-12-27T22:16:36.046+0000] {logging_mixin.py:188} INFO - [2023-12-27T22:16:36.046+0000] {dag.py:3033} INFO - Sync 1 DAGs
[2023-12-27T22:16:36.063+0000] {logging_mixin.py:188} INFO - [2023-12-27T22:16:36.062+0000] {dag.py:3820} INFO - Setting next_dagrun for example_python_operator to None, run_after=None
[2023-12-27T22:16:36.096+0000] {processor.py:183} INFO - Processing /home/airflow/.local/lib/python3.8/site-packages/airflow/example_dags/example_python_operator.py took 0.124 seconds
[2023-12-27T22:17:06.490+0000] {processor.py:161} INFO - Started process (PID=1101) to work on /home/airflow/.local/lib/python3.8/site-packages/airflow/example_dags/example_python_operator.py
[2023-12-27T22:17:06.491+0000] {processor.py:830} INFO - Processing file /home/airflow/.local/lib/python3.8/site-packages/airflow/example_dags/example_python_operator.py for tasks to queue
[2023-12-27T22:17:06.495+0000] {logging_mixin.py:188} INFO - [2023-12-27T22:17:06.495+0000] {dagbag.py:538} INFO - Filling up the DagBag from /home/airflow/.local/lib/python3.8/site-packages/airflow/example_dags/example_python_operator.py
[2023-12-27T22:17:06.511+0000] {processor.py:840} INFO - DAG(s) 'example_python_operator' retrieved from /home/airflow/.local/lib/python3.8/site-packages/airflow/example_dags/example_python_operator.py
[2023-12-27T22:17:06.539+0000] {logging_mixin.py:188} INFO - [2023-12-27T22:17:06.539+0000] {dag.py:3033} INFO - Sync 1 DAGs
[2023-12-27T22:17:06.556+0000] {logging_mixin.py:188} INFO - [2023-12-27T22:17:06.556+0000] {dag.py:3820} INFO - Setting next_dagrun for example_python_operator to None, run_after=None
[2023-12-27T22:17:06.631+0000] {processor.py:183} INFO - Processing /home/airflow/.local/lib/python3.8/site-packages/airflow/example_dags/example_python_operator.py took 0.146 seconds
[2023-12-27T22:17:36.697+0000] {processor.py:161} INFO - Started process (PID=1156) to work on /home/airflow/.local/lib/python3.8/site-packages/airflow/example_dags/example_python_operator.py
[2023-12-27T22:17:36.699+0000] {processor.py:830} INFO - Processing file /home/airflow/.local/lib/python3.8/site-packages/airflow/example_dags/example_python_operator.py for tasks to queue
[2023-12-27T22:17:36.703+0000] {logging_mixin.py:188} INFO - [2023-12-27T22:17:36.702+0000] {dagbag.py:538} INFO - Filling up the DagBag from /home/airflow/.local/lib/python3.8/site-packages/airflow/example_dags/example_python_operator.py
[2023-12-27T22:17:36.720+0000] {processor.py:840} INFO - DAG(s) 'example_python_operator' retrieved from /home/airflow/.local/lib/python3.8/site-packages/airflow/example_dags/example_python_operator.py
[2023-12-27T22:17:36.747+0000] {logging_mixin.py:188} INFO - [2023-12-27T22:17:36.747+0000] {dag.py:3033} INFO - Sync 1 DAGs
[2023-12-27T22:17:36.766+0000] {logging_mixin.py:188} INFO - [2023-12-27T22:17:36.765+0000] {dag.py:3820} INFO - Setting next_dagrun for example_python_operator to None, run_after=None
[2023-12-27T22:17:36.797+0000] {processor.py:183} INFO - Processing /home/airflow/.local/lib/python3.8/site-packages/airflow/example_dags/example_python_operator.py took 0.103 seconds
[2023-12-27T22:18:06.921+0000] {processor.py:161} INFO - Started process (PID=1211) to work on /home/airflow/.local/lib/python3.8/site-packages/airflow/example_dags/example_python_operator.py
[2023-12-27T22:18:06.923+0000] {processor.py:830} INFO - Processing file /home/airflow/.local/lib/python3.8/site-packages/airflow/example_dags/example_python_operator.py for tasks to queue
[2023-12-27T22:18:06.928+0000] {logging_mixin.py:188} INFO - [2023-12-27T22:18:06.927+0000] {dagbag.py:538} INFO - Filling up the DagBag from /home/airflow/.local/lib/python3.8/site-packages/airflow/example_dags/example_python_operator.py
[2023-12-27T22:18:06.941+0000] {processor.py:840} INFO - DAG(s) 'example_python_operator' retrieved from /home/airflow/.local/lib/python3.8/site-packages/airflow/example_dags/example_python_operator.py
[2023-12-27T22:18:06.977+0000] {logging_mixin.py:188} INFO - [2023-12-27T22:18:06.977+0000] {dag.py:3033} INFO - Sync 1 DAGs
[2023-12-27T22:18:06.995+0000] {logging_mixin.py:188} INFO - [2023-12-27T22:18:06.995+0000] {dag.py:3820} INFO - Setting next_dagrun for example_python_operator to None, run_after=None
[2023-12-27T22:18:07.025+0000] {processor.py:183} INFO - Processing /home/airflow/.local/lib/python3.8/site-packages/airflow/example_dags/example_python_operator.py took 0.108 seconds
