[2023-12-27T22:07:35.099+0000] {processor.py:161} INFO - Started process (PID=96) to work on /home/airflow/.local/lib/python3.8/site-packages/airflow/example_dags/example_external_task_marker_dag.py
[2023-12-27T22:07:35.101+0000] {processor.py:830} INFO - Processing file /home/airflow/.local/lib/python3.8/site-packages/airflow/example_dags/example_external_task_marker_dag.py for tasks to queue
[2023-12-27T22:07:35.105+0000] {logging_mixin.py:188} INFO - [2023-12-27T22:07:35.105+0000] {dagbag.py:538} INFO - Filling up the DagBag from /home/airflow/.local/lib/python3.8/site-packages/airflow/example_dags/example_external_task_marker_dag.py
[2023-12-27T22:07:35.122+0000] {processor.py:840} INFO - DAG(s) 'example_external_task_marker_child', 'example_external_task_marker_parent' retrieved from /home/airflow/.local/lib/python3.8/site-packages/airflow/example_dags/example_external_task_marker_dag.py
[2023-12-27T22:07:35.446+0000] {logging_mixin.py:188} INFO - [2023-12-27T22:07:35.445+0000] {dag.py:3033} INFO - Sync 2 DAGs
[2023-12-27T22:07:35.485+0000] {logging_mixin.py:188} INFO - [2023-12-27T22:07:35.485+0000] {dag.py:3820} INFO - Setting next_dagrun for example_external_task_marker_child to None, run_after=None
[2023-12-27T22:07:35.493+0000] {logging_mixin.py:188} INFO - [2023-12-27T22:07:35.493+0000] {dag.py:3820} INFO - Setting next_dagrun for example_external_task_marker_parent to None, run_after=None
[2023-12-27T22:07:35.551+0000] {processor.py:183} INFO - Processing /home/airflow/.local/lib/python3.8/site-packages/airflow/example_dags/example_external_task_marker_dag.py took 0.457 seconds
[2023-12-27T22:08:06.086+0000] {processor.py:161} INFO - Started process (PID=151) to work on /home/airflow/.local/lib/python3.8/site-packages/airflow/example_dags/example_external_task_marker_dag.py
[2023-12-27T22:08:06.132+0000] {processor.py:830} INFO - Processing file /home/airflow/.local/lib/python3.8/site-packages/airflow/example_dags/example_external_task_marker_dag.py for tasks to queue
[2023-12-27T22:08:06.136+0000] {logging_mixin.py:188} INFO - [2023-12-27T22:08:06.136+0000] {dagbag.py:538} INFO - Filling up the DagBag from /home/airflow/.local/lib/python3.8/site-packages/airflow/example_dags/example_external_task_marker_dag.py
[2023-12-27T22:08:06.143+0000] {processor.py:840} INFO - DAG(s) 'example_external_task_marker_child', 'example_external_task_marker_parent' retrieved from /home/airflow/.local/lib/python3.8/site-packages/airflow/example_dags/example_external_task_marker_dag.py
[2023-12-27T22:08:06.180+0000] {logging_mixin.py:188} INFO - [2023-12-27T22:08:06.179+0000] {dag.py:3033} INFO - Sync 2 DAGs
[2023-12-27T22:08:06.200+0000] {logging_mixin.py:188} INFO - [2023-12-27T22:08:06.199+0000] {dag.py:3820} INFO - Setting next_dagrun for example_external_task_marker_child to None, run_after=None
[2023-12-27T22:08:06.205+0000] {logging_mixin.py:188} INFO - [2023-12-27T22:08:06.205+0000] {dag.py:3820} INFO - Setting next_dagrun for example_external_task_marker_parent to None, run_after=None
[2023-12-27T22:08:06.636+0000] {processor.py:183} INFO - Processing /home/airflow/.local/lib/python3.8/site-packages/airflow/example_dags/example_external_task_marker_dag.py took 0.553 seconds
[2023-12-27T22:08:52.572+0000] {processor.py:161} INFO - Started process (PID=223) to work on /home/airflow/.local/lib/python3.8/site-packages/airflow/example_dags/example_external_task_marker_dag.py
[2023-12-27T22:08:52.585+0000] {processor.py:830} INFO - Processing file /home/airflow/.local/lib/python3.8/site-packages/airflow/example_dags/example_external_task_marker_dag.py for tasks to queue
[2023-12-27T22:08:52.589+0000] {logging_mixin.py:188} INFO - [2023-12-27T22:08:52.588+0000] {dagbag.py:538} INFO - Filling up the DagBag from /home/airflow/.local/lib/python3.8/site-packages/airflow/example_dags/example_external_task_marker_dag.py
[2023-12-27T22:08:52.602+0000] {processor.py:840} INFO - DAG(s) 'example_external_task_marker_parent', 'example_external_task_marker_child' retrieved from /home/airflow/.local/lib/python3.8/site-packages/airflow/example_dags/example_external_task_marker_dag.py
[2023-12-27T22:08:52.639+0000] {logging_mixin.py:188} INFO - [2023-12-27T22:08:52.639+0000] {dag.py:3033} INFO - Sync 2 DAGs
[2023-12-27T22:08:52.701+0000] {logging_mixin.py:188} INFO - [2023-12-27T22:08:52.700+0000] {dag.py:3820} INFO - Setting next_dagrun for example_external_task_marker_child to None, run_after=None
[2023-12-27T22:08:52.706+0000] {logging_mixin.py:188} INFO - [2023-12-27T22:08:52.705+0000] {dag.py:3820} INFO - Setting next_dagrun for example_external_task_marker_parent to None, run_after=None
[2023-12-27T22:08:52.906+0000] {processor.py:183} INFO - Processing /home/airflow/.local/lib/python3.8/site-packages/airflow/example_dags/example_external_task_marker_dag.py took 0.339 seconds
[2023-12-27T22:09:23.521+0000] {processor.py:161} INFO - Started process (PID=278) to work on /home/airflow/.local/lib/python3.8/site-packages/airflow/example_dags/example_external_task_marker_dag.py
[2023-12-27T22:09:23.523+0000] {processor.py:830} INFO - Processing file /home/airflow/.local/lib/python3.8/site-packages/airflow/example_dags/example_external_task_marker_dag.py for tasks to queue
[2023-12-27T22:09:23.526+0000] {logging_mixin.py:188} INFO - [2023-12-27T22:09:23.526+0000] {dagbag.py:538} INFO - Filling up the DagBag from /home/airflow/.local/lib/python3.8/site-packages/airflow/example_dags/example_external_task_marker_dag.py
[2023-12-27T22:09:23.534+0000] {processor.py:840} INFO - DAG(s) 'example_external_task_marker_child', 'example_external_task_marker_parent' retrieved from /home/airflow/.local/lib/python3.8/site-packages/airflow/example_dags/example_external_task_marker_dag.py
[2023-12-27T22:09:23.571+0000] {logging_mixin.py:188} INFO - [2023-12-27T22:09:23.571+0000] {dag.py:3033} INFO - Sync 2 DAGs
[2023-12-27T22:09:23.592+0000] {logging_mixin.py:188} INFO - [2023-12-27T22:09:23.592+0000] {dag.py:3820} INFO - Setting next_dagrun for example_external_task_marker_child to None, run_after=None
[2023-12-27T22:09:23.598+0000] {logging_mixin.py:188} INFO - [2023-12-27T22:09:23.598+0000] {dag.py:3820} INFO - Setting next_dagrun for example_external_task_marker_parent to None, run_after=None
[2023-12-27T22:09:23.632+0000] {processor.py:183} INFO - Processing /home/airflow/.local/lib/python3.8/site-packages/airflow/example_dags/example_external_task_marker_dag.py took 0.115 seconds
[2023-12-27T22:09:54.336+0000] {processor.py:161} INFO - Started process (PID=333) to work on /home/airflow/.local/lib/python3.8/site-packages/airflow/example_dags/example_external_task_marker_dag.py
[2023-12-27T22:09:54.337+0000] {processor.py:830} INFO - Processing file /home/airflow/.local/lib/python3.8/site-packages/airflow/example_dags/example_external_task_marker_dag.py for tasks to queue
[2023-12-27T22:09:54.340+0000] {logging_mixin.py:188} INFO - [2023-12-27T22:09:54.339+0000] {dagbag.py:538} INFO - Filling up the DagBag from /home/airflow/.local/lib/python3.8/site-packages/airflow/example_dags/example_external_task_marker_dag.py
[2023-12-27T22:09:54.346+0000] {processor.py:840} INFO - DAG(s) 'example_external_task_marker_parent', 'example_external_task_marker_child' retrieved from /home/airflow/.local/lib/python3.8/site-packages/airflow/example_dags/example_external_task_marker_dag.py
[2023-12-27T22:09:54.375+0000] {logging_mixin.py:188} INFO - [2023-12-27T22:09:54.375+0000] {dag.py:3033} INFO - Sync 2 DAGs
[2023-12-27T22:09:54.392+0000] {logging_mixin.py:188} INFO - [2023-12-27T22:09:54.391+0000] {dag.py:3820} INFO - Setting next_dagrun for example_external_task_marker_child to None, run_after=None
[2023-12-27T22:09:54.396+0000] {logging_mixin.py:188} INFO - [2023-12-27T22:09:54.396+0000] {dag.py:3820} INFO - Setting next_dagrun for example_external_task_marker_parent to None, run_after=None
[2023-12-27T22:09:54.421+0000] {processor.py:183} INFO - Processing /home/airflow/.local/lib/python3.8/site-packages/airflow/example_dags/example_external_task_marker_dag.py took 0.089 seconds
[2023-12-27T22:10:24.597+0000] {processor.py:161} INFO - Started process (PID=388) to work on /home/airflow/.local/lib/python3.8/site-packages/airflow/example_dags/example_external_task_marker_dag.py
[2023-12-27T22:10:24.599+0000] {processor.py:830} INFO - Processing file /home/airflow/.local/lib/python3.8/site-packages/airflow/example_dags/example_external_task_marker_dag.py for tasks to queue
[2023-12-27T22:10:24.602+0000] {logging_mixin.py:188} INFO - [2023-12-27T22:10:24.601+0000] {dagbag.py:538} INFO - Filling up the DagBag from /home/airflow/.local/lib/python3.8/site-packages/airflow/example_dags/example_external_task_marker_dag.py
[2023-12-27T22:10:24.610+0000] {processor.py:840} INFO - DAG(s) 'example_external_task_marker_child', 'example_external_task_marker_parent' retrieved from /home/airflow/.local/lib/python3.8/site-packages/airflow/example_dags/example_external_task_marker_dag.py
[2023-12-27T22:10:24.642+0000] {logging_mixin.py:188} INFO - [2023-12-27T22:10:24.642+0000] {dag.py:3033} INFO - Sync 2 DAGs
[2023-12-27T22:10:24.668+0000] {logging_mixin.py:188} INFO - [2023-12-27T22:10:24.668+0000] {dag.py:3820} INFO - Setting next_dagrun for example_external_task_marker_child to None, run_after=None
[2023-12-27T22:10:24.673+0000] {logging_mixin.py:188} INFO - [2023-12-27T22:10:24.673+0000] {dag.py:3820} INFO - Setting next_dagrun for example_external_task_marker_parent to None, run_after=None
[2023-12-27T22:10:24.712+0000] {processor.py:183} INFO - Processing /home/airflow/.local/lib/python3.8/site-packages/airflow/example_dags/example_external_task_marker_dag.py took 0.119 seconds
[2023-12-27T22:10:55.452+0000] {processor.py:161} INFO - Started process (PID=443) to work on /home/airflow/.local/lib/python3.8/site-packages/airflow/example_dags/example_external_task_marker_dag.py
[2023-12-27T22:10:55.454+0000] {processor.py:830} INFO - Processing file /home/airflow/.local/lib/python3.8/site-packages/airflow/example_dags/example_external_task_marker_dag.py for tasks to queue
[2023-12-27T22:10:55.457+0000] {logging_mixin.py:188} INFO - [2023-12-27T22:10:55.457+0000] {dagbag.py:538} INFO - Filling up the DagBag from /home/airflow/.local/lib/python3.8/site-packages/airflow/example_dags/example_external_task_marker_dag.py
[2023-12-27T22:10:55.464+0000] {processor.py:840} INFO - DAG(s) 'example_external_task_marker_parent', 'example_external_task_marker_child' retrieved from /home/airflow/.local/lib/python3.8/site-packages/airflow/example_dags/example_external_task_marker_dag.py
[2023-12-27T22:10:55.497+0000] {logging_mixin.py:188} INFO - [2023-12-27T22:10:55.497+0000] {dag.py:3033} INFO - Sync 2 DAGs
[2023-12-27T22:10:55.516+0000] {logging_mixin.py:188} INFO - [2023-12-27T22:10:55.515+0000] {dag.py:3820} INFO - Setting next_dagrun for example_external_task_marker_child to None, run_after=None
[2023-12-27T22:10:55.521+0000] {logging_mixin.py:188} INFO - [2023-12-27T22:10:55.520+0000] {dag.py:3820} INFO - Setting next_dagrun for example_external_task_marker_parent to None, run_after=None
[2023-12-27T22:10:55.550+0000] {processor.py:183} INFO - Processing /home/airflow/.local/lib/python3.8/site-packages/airflow/example_dags/example_external_task_marker_dag.py took 0.102 seconds
[2023-12-27T22:11:26.328+0000] {processor.py:161} INFO - Started process (PID=498) to work on /home/airflow/.local/lib/python3.8/site-packages/airflow/example_dags/example_external_task_marker_dag.py
[2023-12-27T22:11:26.330+0000] {processor.py:830} INFO - Processing file /home/airflow/.local/lib/python3.8/site-packages/airflow/example_dags/example_external_task_marker_dag.py for tasks to queue
[2023-12-27T22:11:26.335+0000] {logging_mixin.py:188} INFO - [2023-12-27T22:11:26.334+0000] {dagbag.py:538} INFO - Filling up the DagBag from /home/airflow/.local/lib/python3.8/site-packages/airflow/example_dags/example_external_task_marker_dag.py
[2023-12-27T22:11:26.352+0000] {processor.py:840} INFO - DAG(s) 'example_external_task_marker_child', 'example_external_task_marker_parent' retrieved from /home/airflow/.local/lib/python3.8/site-packages/airflow/example_dags/example_external_task_marker_dag.py
[2023-12-27T22:11:26.403+0000] {logging_mixin.py:188} INFO - [2023-12-27T22:11:26.402+0000] {dag.py:3033} INFO - Sync 2 DAGs
[2023-12-27T22:11:26.419+0000] {logging_mixin.py:188} INFO - [2023-12-27T22:11:26.419+0000] {dag.py:3820} INFO - Setting next_dagrun for example_external_task_marker_child to None, run_after=None
[2023-12-27T22:11:26.424+0000] {logging_mixin.py:188} INFO - [2023-12-27T22:11:26.424+0000] {dag.py:3820} INFO - Setting next_dagrun for example_external_task_marker_parent to None, run_after=None
[2023-12-27T22:11:26.456+0000] {processor.py:183} INFO - Processing /home/airflow/.local/lib/python3.8/site-packages/airflow/example_dags/example_external_task_marker_dag.py took 0.137 seconds
[2023-12-27T22:11:59.690+0000] {processor.py:161} INFO - Started process (PID=561) to work on /home/airflow/.local/lib/python3.8/site-packages/airflow/example_dags/example_external_task_marker_dag.py
[2023-12-27T22:11:59.691+0000] {processor.py:830} INFO - Processing file /home/airflow/.local/lib/python3.8/site-packages/airflow/example_dags/example_external_task_marker_dag.py for tasks to queue
[2023-12-27T22:11:59.695+0000] {logging_mixin.py:188} INFO - [2023-12-27T22:11:59.694+0000] {dagbag.py:538} INFO - Filling up the DagBag from /home/airflow/.local/lib/python3.8/site-packages/airflow/example_dags/example_external_task_marker_dag.py
[2023-12-27T22:11:59.705+0000] {processor.py:840} INFO - DAG(s) 'example_external_task_marker_parent', 'example_external_task_marker_child' retrieved from /home/airflow/.local/lib/python3.8/site-packages/airflow/example_dags/example_external_task_marker_dag.py
[2023-12-27T22:11:59.747+0000] {logging_mixin.py:188} INFO - [2023-12-27T22:11:59.746+0000] {dag.py:3033} INFO - Sync 2 DAGs
[2023-12-27T22:11:59.787+0000] {logging_mixin.py:188} INFO - [2023-12-27T22:11:59.787+0000] {dag.py:3820} INFO - Setting next_dagrun for example_external_task_marker_child to None, run_after=None
[2023-12-27T22:11:59.799+0000] {logging_mixin.py:188} INFO - [2023-12-27T22:11:59.798+0000] {dag.py:3820} INFO - Setting next_dagrun for example_external_task_marker_parent to None, run_after=None
[2023-12-27T22:11:59.833+0000] {processor.py:183} INFO - Processing /home/airflow/.local/lib/python3.8/site-packages/airflow/example_dags/example_external_task_marker_dag.py took 0.147 seconds
[2023-12-27T22:12:30.976+0000] {processor.py:161} INFO - Started process (PID=616) to work on /home/airflow/.local/lib/python3.8/site-packages/airflow/example_dags/example_external_task_marker_dag.py
[2023-12-27T22:12:30.977+0000] {processor.py:830} INFO - Processing file /home/airflow/.local/lib/python3.8/site-packages/airflow/example_dags/example_external_task_marker_dag.py for tasks to queue
[2023-12-27T22:12:30.982+0000] {logging_mixin.py:188} INFO - [2023-12-27T22:12:30.981+0000] {dagbag.py:538} INFO - Filling up the DagBag from /home/airflow/.local/lib/python3.8/site-packages/airflow/example_dags/example_external_task_marker_dag.py
[2023-12-27T22:12:30.995+0000] {processor.py:840} INFO - DAG(s) 'example_external_task_marker_child', 'example_external_task_marker_parent' retrieved from /home/airflow/.local/lib/python3.8/site-packages/airflow/example_dags/example_external_task_marker_dag.py
[2023-12-27T22:12:31.036+0000] {logging_mixin.py:188} INFO - [2023-12-27T22:12:31.036+0000] {dag.py:3033} INFO - Sync 2 DAGs
[2023-12-27T22:12:31.057+0000] {logging_mixin.py:188} INFO - [2023-12-27T22:12:31.057+0000] {dag.py:3820} INFO - Setting next_dagrun for example_external_task_marker_child to None, run_after=None
[2023-12-27T22:12:31.063+0000] {logging_mixin.py:188} INFO - [2023-12-27T22:12:31.063+0000] {dag.py:3820} INFO - Setting next_dagrun for example_external_task_marker_parent to None, run_after=None
[2023-12-27T22:12:31.091+0000] {processor.py:183} INFO - Processing /home/airflow/.local/lib/python3.8/site-packages/airflow/example_dags/example_external_task_marker_dag.py took 0.119 seconds
[2023-12-27T22:13:02.717+0000] {processor.py:161} INFO - Started process (PID=671) to work on /home/airflow/.local/lib/python3.8/site-packages/airflow/example_dags/example_external_task_marker_dag.py
[2023-12-27T22:13:02.719+0000] {processor.py:830} INFO - Processing file /home/airflow/.local/lib/python3.8/site-packages/airflow/example_dags/example_external_task_marker_dag.py for tasks to queue
[2023-12-27T22:13:02.722+0000] {logging_mixin.py:188} INFO - [2023-12-27T22:13:02.722+0000] {dagbag.py:538} INFO - Filling up the DagBag from /home/airflow/.local/lib/python3.8/site-packages/airflow/example_dags/example_external_task_marker_dag.py
[2023-12-27T22:13:02.729+0000] {processor.py:840} INFO - DAG(s) 'example_external_task_marker_parent', 'example_external_task_marker_child' retrieved from /home/airflow/.local/lib/python3.8/site-packages/airflow/example_dags/example_external_task_marker_dag.py
[2023-12-27T22:13:02.760+0000] {logging_mixin.py:188} INFO - [2023-12-27T22:13:02.759+0000] {dag.py:3033} INFO - Sync 2 DAGs
[2023-12-27T22:13:02.776+0000] {logging_mixin.py:188} INFO - [2023-12-27T22:13:02.776+0000] {dag.py:3820} INFO - Setting next_dagrun for example_external_task_marker_child to None, run_after=None
[2023-12-27T22:13:02.782+0000] {logging_mixin.py:188} INFO - [2023-12-27T22:13:02.782+0000] {dag.py:3820} INFO - Setting next_dagrun for example_external_task_marker_parent to None, run_after=None
[2023-12-27T22:13:02.810+0000] {processor.py:183} INFO - Processing /home/airflow/.local/lib/python3.8/site-packages/airflow/example_dags/example_external_task_marker_dag.py took 0.098 seconds
[2023-12-27T22:13:34.072+0000] {processor.py:161} INFO - Started process (PID=728) to work on /home/airflow/.local/lib/python3.8/site-packages/airflow/example_dags/example_external_task_marker_dag.py
[2023-12-27T22:13:34.074+0000] {processor.py:830} INFO - Processing file /home/airflow/.local/lib/python3.8/site-packages/airflow/example_dags/example_external_task_marker_dag.py for tasks to queue
[2023-12-27T22:13:34.078+0000] {logging_mixin.py:188} INFO - [2023-12-27T22:13:34.077+0000] {dagbag.py:538} INFO - Filling up the DagBag from /home/airflow/.local/lib/python3.8/site-packages/airflow/example_dags/example_external_task_marker_dag.py
[2023-12-27T22:13:34.090+0000] {processor.py:840} INFO - DAG(s) 'example_external_task_marker_parent', 'example_external_task_marker_child' retrieved from /home/airflow/.local/lib/python3.8/site-packages/airflow/example_dags/example_external_task_marker_dag.py
[2023-12-27T22:13:34.133+0000] {logging_mixin.py:188} INFO - [2023-12-27T22:13:34.132+0000] {dag.py:3033} INFO - Sync 2 DAGs
[2023-12-27T22:13:34.158+0000] {logging_mixin.py:188} INFO - [2023-12-27T22:13:34.157+0000] {dag.py:3820} INFO - Setting next_dagrun for example_external_task_marker_child to None, run_after=None
[2023-12-27T22:13:34.164+0000] {logging_mixin.py:188} INFO - [2023-12-27T22:13:34.164+0000] {dag.py:3820} INFO - Setting next_dagrun for example_external_task_marker_parent to None, run_after=None
[2023-12-27T22:13:34.202+0000] {processor.py:183} INFO - Processing /home/airflow/.local/lib/python3.8/site-packages/airflow/example_dags/example_external_task_marker_dag.py took 0.139 seconds
[2023-12-27T22:14:04.735+0000] {processor.py:161} INFO - Started process (PID=783) to work on /home/airflow/.local/lib/python3.8/site-packages/airflow/example_dags/example_external_task_marker_dag.py
[2023-12-27T22:14:04.736+0000] {processor.py:830} INFO - Processing file /home/airflow/.local/lib/python3.8/site-packages/airflow/example_dags/example_external_task_marker_dag.py for tasks to queue
[2023-12-27T22:14:04.739+0000] {logging_mixin.py:188} INFO - [2023-12-27T22:14:04.739+0000] {dagbag.py:538} INFO - Filling up the DagBag from /home/airflow/.local/lib/python3.8/site-packages/airflow/example_dags/example_external_task_marker_dag.py
[2023-12-27T22:14:04.747+0000] {processor.py:840} INFO - DAG(s) 'example_external_task_marker_child', 'example_external_task_marker_parent' retrieved from /home/airflow/.local/lib/python3.8/site-packages/airflow/example_dags/example_external_task_marker_dag.py
[2023-12-27T22:14:04.775+0000] {logging_mixin.py:188} INFO - [2023-12-27T22:14:04.775+0000] {dag.py:3033} INFO - Sync 2 DAGs
[2023-12-27T22:14:04.790+0000] {logging_mixin.py:188} INFO - [2023-12-27T22:14:04.790+0000] {dag.py:3820} INFO - Setting next_dagrun for example_external_task_marker_child to None, run_after=None
[2023-12-27T22:14:04.796+0000] {logging_mixin.py:188} INFO - [2023-12-27T22:14:04.795+0000] {dag.py:3820} INFO - Setting next_dagrun for example_external_task_marker_parent to None, run_after=None
[2023-12-27T22:14:04.850+0000] {processor.py:183} INFO - Processing /home/airflow/.local/lib/python3.8/site-packages/airflow/example_dags/example_external_task_marker_dag.py took 0.119 seconds
[2023-12-27T22:14:36.141+0000] {processor.py:161} INFO - Started process (PID=838) to work on /home/airflow/.local/lib/python3.8/site-packages/airflow/example_dags/example_external_task_marker_dag.py
[2023-12-27T22:14:36.144+0000] {processor.py:830} INFO - Processing file /home/airflow/.local/lib/python3.8/site-packages/airflow/example_dags/example_external_task_marker_dag.py for tasks to queue
[2023-12-27T22:14:36.147+0000] {logging_mixin.py:188} INFO - [2023-12-27T22:14:36.147+0000] {dagbag.py:538} INFO - Filling up the DagBag from /home/airflow/.local/lib/python3.8/site-packages/airflow/example_dags/example_external_task_marker_dag.py
[2023-12-27T22:14:36.154+0000] {processor.py:840} INFO - DAG(s) 'example_external_task_marker_child', 'example_external_task_marker_parent' retrieved from /home/airflow/.local/lib/python3.8/site-packages/airflow/example_dags/example_external_task_marker_dag.py
[2023-12-27T22:14:36.189+0000] {logging_mixin.py:188} INFO - [2023-12-27T22:14:36.189+0000] {dag.py:3033} INFO - Sync 2 DAGs
[2023-12-27T22:14:36.205+0000] {logging_mixin.py:188} INFO - [2023-12-27T22:14:36.205+0000] {dag.py:3820} INFO - Setting next_dagrun for example_external_task_marker_child to None, run_after=None
[2023-12-27T22:14:36.211+0000] {logging_mixin.py:188} INFO - [2023-12-27T22:14:36.210+0000] {dag.py:3820} INFO - Setting next_dagrun for example_external_task_marker_parent to None, run_after=None
[2023-12-27T22:14:36.243+0000] {processor.py:183} INFO - Processing /home/airflow/.local/lib/python3.8/site-packages/airflow/example_dags/example_external_task_marker_dag.py took 0.105 seconds
[2023-12-27T22:15:07.372+0000] {processor.py:161} INFO - Started process (PID=895) to work on /home/airflow/.local/lib/python3.8/site-packages/airflow/example_dags/example_external_task_marker_dag.py
[2023-12-27T22:15:07.374+0000] {processor.py:830} INFO - Processing file /home/airflow/.local/lib/python3.8/site-packages/airflow/example_dags/example_external_task_marker_dag.py for tasks to queue
[2023-12-27T22:15:07.379+0000] {logging_mixin.py:188} INFO - [2023-12-27T22:15:07.378+0000] {dagbag.py:538} INFO - Filling up the DagBag from /home/airflow/.local/lib/python3.8/site-packages/airflow/example_dags/example_external_task_marker_dag.py
[2023-12-27T22:15:07.393+0000] {processor.py:840} INFO - DAG(s) 'example_external_task_marker_child', 'example_external_task_marker_parent' retrieved from /home/airflow/.local/lib/python3.8/site-packages/airflow/example_dags/example_external_task_marker_dag.py
[2023-12-27T22:15:07.440+0000] {logging_mixin.py:188} INFO - [2023-12-27T22:15:07.439+0000] {dag.py:3033} INFO - Sync 2 DAGs
[2023-12-27T22:15:07.465+0000] {logging_mixin.py:188} INFO - [2023-12-27T22:15:07.465+0000] {dag.py:3820} INFO - Setting next_dagrun for example_external_task_marker_child to None, run_after=None
[2023-12-27T22:15:07.472+0000] {logging_mixin.py:188} INFO - [2023-12-27T22:15:07.472+0000] {dag.py:3820} INFO - Setting next_dagrun for example_external_task_marker_parent to None, run_after=None
[2023-12-27T22:15:07.510+0000] {processor.py:183} INFO - Processing /home/airflow/.local/lib/python3.8/site-packages/airflow/example_dags/example_external_task_marker_dag.py took 0.145 seconds
[2023-12-27T22:15:37.696+0000] {processor.py:161} INFO - Started process (PID=950) to work on /home/airflow/.local/lib/python3.8/site-packages/airflow/example_dags/example_external_task_marker_dag.py
[2023-12-27T22:15:37.697+0000] {processor.py:830} INFO - Processing file /home/airflow/.local/lib/python3.8/site-packages/airflow/example_dags/example_external_task_marker_dag.py for tasks to queue
[2023-12-27T22:15:37.702+0000] {logging_mixin.py:188} INFO - [2023-12-27T22:15:37.700+0000] {dagbag.py:538} INFO - Filling up the DagBag from /home/airflow/.local/lib/python3.8/site-packages/airflow/example_dags/example_external_task_marker_dag.py
[2023-12-27T22:15:37.710+0000] {processor.py:840} INFO - DAG(s) 'example_external_task_marker_parent', 'example_external_task_marker_child' retrieved from /home/airflow/.local/lib/python3.8/site-packages/airflow/example_dags/example_external_task_marker_dag.py
[2023-12-27T22:15:37.744+0000] {logging_mixin.py:188} INFO - [2023-12-27T22:15:37.743+0000] {dag.py:3033} INFO - Sync 2 DAGs
[2023-12-27T22:15:37.761+0000] {logging_mixin.py:188} INFO - [2023-12-27T22:15:37.761+0000] {dag.py:3820} INFO - Setting next_dagrun for example_external_task_marker_child to None, run_after=None
[2023-12-27T22:15:37.766+0000] {logging_mixin.py:188} INFO - [2023-12-27T22:15:37.766+0000] {dag.py:3820} INFO - Setting next_dagrun for example_external_task_marker_parent to None, run_after=None
[2023-12-27T22:15:37.804+0000] {processor.py:183} INFO - Processing /home/airflow/.local/lib/python3.8/site-packages/airflow/example_dags/example_external_task_marker_dag.py took 0.113 seconds
[2023-12-27T22:16:08.155+0000] {processor.py:161} INFO - Started process (PID=1005) to work on /home/airflow/.local/lib/python3.8/site-packages/airflow/example_dags/example_external_task_marker_dag.py
[2023-12-27T22:16:08.158+0000] {processor.py:830} INFO - Processing file /home/airflow/.local/lib/python3.8/site-packages/airflow/example_dags/example_external_task_marker_dag.py for tasks to queue
[2023-12-27T22:16:08.161+0000] {logging_mixin.py:188} INFO - [2023-12-27T22:16:08.161+0000] {dagbag.py:538} INFO - Filling up the DagBag from /home/airflow/.local/lib/python3.8/site-packages/airflow/example_dags/example_external_task_marker_dag.py
[2023-12-27T22:16:08.170+0000] {processor.py:840} INFO - DAG(s) 'example_external_task_marker_child', 'example_external_task_marker_parent' retrieved from /home/airflow/.local/lib/python3.8/site-packages/airflow/example_dags/example_external_task_marker_dag.py
[2023-12-27T22:16:08.208+0000] {logging_mixin.py:188} INFO - [2023-12-27T22:16:08.208+0000] {dag.py:3033} INFO - Sync 2 DAGs
[2023-12-27T22:16:08.232+0000] {logging_mixin.py:188} INFO - [2023-12-27T22:16:08.232+0000] {dag.py:3820} INFO - Setting next_dagrun for example_external_task_marker_child to None, run_after=None
[2023-12-27T22:16:08.237+0000] {logging_mixin.py:188} INFO - [2023-12-27T22:16:08.236+0000] {dag.py:3820} INFO - Setting next_dagrun for example_external_task_marker_parent to None, run_after=None
[2023-12-27T22:16:08.269+0000] {processor.py:183} INFO - Processing /home/airflow/.local/lib/python3.8/site-packages/airflow/example_dags/example_external_task_marker_dag.py took 0.119 seconds
[2023-12-27T22:16:38.732+0000] {processor.py:161} INFO - Started process (PID=1060) to work on /home/airflow/.local/lib/python3.8/site-packages/airflow/example_dags/example_external_task_marker_dag.py
[2023-12-27T22:16:38.733+0000] {processor.py:830} INFO - Processing file /home/airflow/.local/lib/python3.8/site-packages/airflow/example_dags/example_external_task_marker_dag.py for tasks to queue
[2023-12-27T22:16:38.737+0000] {logging_mixin.py:188} INFO - [2023-12-27T22:16:38.737+0000] {dagbag.py:538} INFO - Filling up the DagBag from /home/airflow/.local/lib/python3.8/site-packages/airflow/example_dags/example_external_task_marker_dag.py
[2023-12-27T22:16:38.744+0000] {processor.py:840} INFO - DAG(s) 'example_external_task_marker_child', 'example_external_task_marker_parent' retrieved from /home/airflow/.local/lib/python3.8/site-packages/airflow/example_dags/example_external_task_marker_dag.py
[2023-12-27T22:16:38.772+0000] {logging_mixin.py:188} INFO - [2023-12-27T22:16:38.771+0000] {dag.py:3033} INFO - Sync 2 DAGs
[2023-12-27T22:16:38.794+0000] {logging_mixin.py:188} INFO - [2023-12-27T22:16:38.793+0000] {dag.py:3820} INFO - Setting next_dagrun for example_external_task_marker_child to None, run_after=None
[2023-12-27T22:16:38.800+0000] {logging_mixin.py:188} INFO - [2023-12-27T22:16:38.800+0000] {dag.py:3820} INFO - Setting next_dagrun for example_external_task_marker_parent to None, run_after=None
[2023-12-27T22:16:38.828+0000] {processor.py:183} INFO - Processing /home/airflow/.local/lib/python3.8/site-packages/airflow/example_dags/example_external_task_marker_dag.py took 0.100 seconds
[2023-12-27T22:17:10.701+0000] {processor.py:161} INFO - Started process (PID=1117) to work on /home/airflow/.local/lib/python3.8/site-packages/airflow/example_dags/example_external_task_marker_dag.py
[2023-12-27T22:17:10.705+0000] {processor.py:830} INFO - Processing file /home/airflow/.local/lib/python3.8/site-packages/airflow/example_dags/example_external_task_marker_dag.py for tasks to queue
[2023-12-27T22:17:10.708+0000] {logging_mixin.py:188} INFO - [2023-12-27T22:17:10.708+0000] {dagbag.py:538} INFO - Filling up the DagBag from /home/airflow/.local/lib/python3.8/site-packages/airflow/example_dags/example_external_task_marker_dag.py
[2023-12-27T22:17:10.716+0000] {processor.py:840} INFO - DAG(s) 'example_external_task_marker_child', 'example_external_task_marker_parent' retrieved from /home/airflow/.local/lib/python3.8/site-packages/airflow/example_dags/example_external_task_marker_dag.py
[2023-12-27T22:17:10.755+0000] {logging_mixin.py:188} INFO - [2023-12-27T22:17:10.755+0000] {dag.py:3033} INFO - Sync 2 DAGs
[2023-12-27T22:17:10.776+0000] {logging_mixin.py:188} INFO - [2023-12-27T22:17:10.776+0000] {dag.py:3820} INFO - Setting next_dagrun for example_external_task_marker_child to None, run_after=None
[2023-12-27T22:17:10.783+0000] {logging_mixin.py:188} INFO - [2023-12-27T22:17:10.783+0000] {dag.py:3820} INFO - Setting next_dagrun for example_external_task_marker_parent to None, run_after=None
[2023-12-27T22:17:10.913+0000] {processor.py:183} INFO - Processing /home/airflow/.local/lib/python3.8/site-packages/airflow/example_dags/example_external_task_marker_dag.py took 0.216 seconds
[2023-12-27T22:17:41.394+0000] {processor.py:161} INFO - Started process (PID=1172) to work on /home/airflow/.local/lib/python3.8/site-packages/airflow/example_dags/example_external_task_marker_dag.py
[2023-12-27T22:17:41.395+0000] {processor.py:830} INFO - Processing file /home/airflow/.local/lib/python3.8/site-packages/airflow/example_dags/example_external_task_marker_dag.py for tasks to queue
[2023-12-27T22:17:41.397+0000] {logging_mixin.py:188} INFO - [2023-12-27T22:17:41.397+0000] {dagbag.py:538} INFO - Filling up the DagBag from /home/airflow/.local/lib/python3.8/site-packages/airflow/example_dags/example_external_task_marker_dag.py
[2023-12-27T22:17:41.405+0000] {processor.py:840} INFO - DAG(s) 'example_external_task_marker_child', 'example_external_task_marker_parent' retrieved from /home/airflow/.local/lib/python3.8/site-packages/airflow/example_dags/example_external_task_marker_dag.py
[2023-12-27T22:17:41.432+0000] {logging_mixin.py:188} INFO - [2023-12-27T22:17:41.432+0000] {dag.py:3033} INFO - Sync 2 DAGs
[2023-12-27T22:17:41.447+0000] {logging_mixin.py:188} INFO - [2023-12-27T22:17:41.447+0000] {dag.py:3820} INFO - Setting next_dagrun for example_external_task_marker_child to None, run_after=None
[2023-12-27T22:17:41.452+0000] {logging_mixin.py:188} INFO - [2023-12-27T22:17:41.452+0000] {dag.py:3820} INFO - Setting next_dagrun for example_external_task_marker_parent to None, run_after=None
[2023-12-27T22:17:41.481+0000] {processor.py:183} INFO - Processing /home/airflow/.local/lib/python3.8/site-packages/airflow/example_dags/example_external_task_marker_dag.py took 0.092 seconds
[2023-12-27T22:18:11.885+0000] {processor.py:161} INFO - Started process (PID=1228) to work on /home/airflow/.local/lib/python3.8/site-packages/airflow/example_dags/example_external_task_marker_dag.py
[2023-12-27T22:18:11.887+0000] {processor.py:830} INFO - Processing file /home/airflow/.local/lib/python3.8/site-packages/airflow/example_dags/example_external_task_marker_dag.py for tasks to queue
[2023-12-27T22:18:11.890+0000] {logging_mixin.py:188} INFO - [2023-12-27T22:18:11.890+0000] {dagbag.py:538} INFO - Filling up the DagBag from /home/airflow/.local/lib/python3.8/site-packages/airflow/example_dags/example_external_task_marker_dag.py
[2023-12-27T22:18:11.899+0000] {processor.py:840} INFO - DAG(s) 'example_external_task_marker_parent', 'example_external_task_marker_child' retrieved from /home/airflow/.local/lib/python3.8/site-packages/airflow/example_dags/example_external_task_marker_dag.py
[2023-12-27T22:18:11.941+0000] {logging_mixin.py:188} INFO - [2023-12-27T22:18:11.941+0000] {dag.py:3033} INFO - Sync 2 DAGs
[2023-12-27T22:18:11.961+0000] {logging_mixin.py:188} INFO - [2023-12-27T22:18:11.961+0000] {dag.py:3820} INFO - Setting next_dagrun for example_external_task_marker_child to None, run_after=None
[2023-12-27T22:18:11.968+0000] {logging_mixin.py:188} INFO - [2023-12-27T22:18:11.968+0000] {dag.py:3820} INFO - Setting next_dagrun for example_external_task_marker_parent to None, run_after=None
[2023-12-27T22:18:12.004+0000] {processor.py:183} INFO - Processing /home/airflow/.local/lib/python3.8/site-packages/airflow/example_dags/example_external_task_marker_dag.py took 0.122 seconds
