[2023-12-27T22:07:35.605+0000] {processor.py:161} INFO - Started process (PID=98) to work on /home/airflow/.local/lib/python3.8/site-packages/airflow/example_dags/example_latest_only_with_trigger.py
[2023-12-27T22:07:35.606+0000] {processor.py:830} INFO - Processing file /home/airflow/.local/lib/python3.8/site-packages/airflow/example_dags/example_latest_only_with_trigger.py for tasks to queue
[2023-12-27T22:07:35.631+0000] {logging_mixin.py:188} INFO - [2023-12-27T22:07:35.630+0000] {dagbag.py:538} INFO - Filling up the DagBag from /home/airflow/.local/lib/python3.8/site-packages/airflow/example_dags/example_latest_only_with_trigger.py
[2023-12-27T22:07:35.643+0000] {processor.py:840} INFO - DAG(s) 'latest_only_with_trigger' retrieved from /home/airflow/.local/lib/python3.8/site-packages/airflow/example_dags/example_latest_only_with_trigger.py
[2023-12-27T22:07:36.026+0000] {logging_mixin.py:188} INFO - [2023-12-27T22:07:36.026+0000] {dag.py:3033} INFO - Sync 1 DAGs
[2023-12-27T22:07:36.103+0000] {logging_mixin.py:188} INFO - [2023-12-27T22:07:36.103+0000] {dag.py:3820} INFO - Setting next_dagrun for latest_only_with_trigger to 2023-12-27T16:00:00+00:00, run_after=2023-12-27T20:00:00+00:00
[2023-12-27T22:07:36.183+0000] {processor.py:183} INFO - Processing /home/airflow/.local/lib/python3.8/site-packages/airflow/example_dags/example_latest_only_with_trigger.py took 0.584 seconds
[2023-12-27T22:08:06.755+0000] {processor.py:161} INFO - Started process (PID=153) to work on /home/airflow/.local/lib/python3.8/site-packages/airflow/example_dags/example_latest_only_with_trigger.py
[2023-12-27T22:08:06.775+0000] {processor.py:830} INFO - Processing file /home/airflow/.local/lib/python3.8/site-packages/airflow/example_dags/example_latest_only_with_trigger.py for tasks to queue
[2023-12-27T22:08:06.779+0000] {logging_mixin.py:188} INFO - [2023-12-27T22:08:06.778+0000] {dagbag.py:538} INFO - Filling up the DagBag from /home/airflow/.local/lib/python3.8/site-packages/airflow/example_dags/example_latest_only_with_trigger.py
[2023-12-27T22:08:06.791+0000] {processor.py:840} INFO - DAG(s) 'latest_only_with_trigger' retrieved from /home/airflow/.local/lib/python3.8/site-packages/airflow/example_dags/example_latest_only_with_trigger.py
[2023-12-27T22:08:06.839+0000] {logging_mixin.py:188} INFO - [2023-12-27T22:08:06.839+0000] {dag.py:3033} INFO - Sync 1 DAGs
[2023-12-27T22:08:06.880+0000] {logging_mixin.py:188} INFO - [2023-12-27T22:08:06.880+0000] {dag.py:3820} INFO - Setting next_dagrun for latest_only_with_trigger to 2023-12-27T16:00:00+00:00, run_after=2023-12-27T20:00:00+00:00
[2023-12-27T22:08:07.146+0000] {processor.py:183} INFO - Processing /home/airflow/.local/lib/python3.8/site-packages/airflow/example_dags/example_latest_only_with_trigger.py took 0.395 seconds
[2023-12-27T22:08:52.942+0000] {processor.py:161} INFO - Started process (PID=225) to work on /home/airflow/.local/lib/python3.8/site-packages/airflow/example_dags/example_latest_only_with_trigger.py
[2023-12-27T22:08:52.953+0000] {processor.py:830} INFO - Processing file /home/airflow/.local/lib/python3.8/site-packages/airflow/example_dags/example_latest_only_with_trigger.py for tasks to queue
[2023-12-27T22:08:52.956+0000] {logging_mixin.py:188} INFO - [2023-12-27T22:08:52.956+0000] {dagbag.py:538} INFO - Filling up the DagBag from /home/airflow/.local/lib/python3.8/site-packages/airflow/example_dags/example_latest_only_with_trigger.py
[2023-12-27T22:08:53.003+0000] {processor.py:840} INFO - DAG(s) 'latest_only_with_trigger' retrieved from /home/airflow/.local/lib/python3.8/site-packages/airflow/example_dags/example_latest_only_with_trigger.py
[2023-12-27T22:08:53.035+0000] {logging_mixin.py:188} INFO - [2023-12-27T22:08:53.035+0000] {dag.py:3033} INFO - Sync 1 DAGs
[2023-12-27T22:08:53.062+0000] {logging_mixin.py:188} INFO - [2023-12-27T22:08:53.062+0000] {dag.py:3820} INFO - Setting next_dagrun for latest_only_with_trigger to 2023-12-27T16:00:00+00:00, run_after=2023-12-27T20:00:00+00:00
[2023-12-27T22:08:53.391+0000] {processor.py:183} INFO - Processing /home/airflow/.local/lib/python3.8/site-packages/airflow/example_dags/example_latest_only_with_trigger.py took 0.453 seconds
[2023-12-27T22:09:23.672+0000] {processor.py:161} INFO - Started process (PID=280) to work on /home/airflow/.local/lib/python3.8/site-packages/airflow/example_dags/example_latest_only_with_trigger.py
[2023-12-27T22:09:23.673+0000] {processor.py:830} INFO - Processing file /home/airflow/.local/lib/python3.8/site-packages/airflow/example_dags/example_latest_only_with_trigger.py for tasks to queue
[2023-12-27T22:09:23.677+0000] {logging_mixin.py:188} INFO - [2023-12-27T22:09:23.677+0000] {dagbag.py:538} INFO - Filling up the DagBag from /home/airflow/.local/lib/python3.8/site-packages/airflow/example_dags/example_latest_only_with_trigger.py
[2023-12-27T22:09:23.684+0000] {processor.py:840} INFO - DAG(s) 'latest_only_with_trigger' retrieved from /home/airflow/.local/lib/python3.8/site-packages/airflow/example_dags/example_latest_only_with_trigger.py
[2023-12-27T22:09:23.710+0000] {logging_mixin.py:188} INFO - [2023-12-27T22:09:23.710+0000] {dag.py:3033} INFO - Sync 1 DAGs
[2023-12-27T22:09:23.738+0000] {logging_mixin.py:188} INFO - [2023-12-27T22:09:23.738+0000] {dag.py:3820} INFO - Setting next_dagrun for latest_only_with_trigger to 2023-12-27T16:00:00+00:00, run_after=2023-12-27T20:00:00+00:00
[2023-12-27T22:09:23.769+0000] {processor.py:183} INFO - Processing /home/airflow/.local/lib/python3.8/site-packages/airflow/example_dags/example_latest_only_with_trigger.py took 0.101 seconds
[2023-12-27T22:09:54.460+0000] {processor.py:161} INFO - Started process (PID=335) to work on /home/airflow/.local/lib/python3.8/site-packages/airflow/example_dags/example_latest_only_with_trigger.py
[2023-12-27T22:09:54.462+0000] {processor.py:830} INFO - Processing file /home/airflow/.local/lib/python3.8/site-packages/airflow/example_dags/example_latest_only_with_trigger.py for tasks to queue
[2023-12-27T22:09:54.464+0000] {logging_mixin.py:188} INFO - [2023-12-27T22:09:54.464+0000] {dagbag.py:538} INFO - Filling up the DagBag from /home/airflow/.local/lib/python3.8/site-packages/airflow/example_dags/example_latest_only_with_trigger.py
[2023-12-27T22:09:54.472+0000] {processor.py:840} INFO - DAG(s) 'latest_only_with_trigger' retrieved from /home/airflow/.local/lib/python3.8/site-packages/airflow/example_dags/example_latest_only_with_trigger.py
[2023-12-27T22:09:54.503+0000] {logging_mixin.py:188} INFO - [2023-12-27T22:09:54.503+0000] {dag.py:3033} INFO - Sync 1 DAGs
[2023-12-27T22:09:54.530+0000] {logging_mixin.py:188} INFO - [2023-12-27T22:09:54.530+0000] {dag.py:3820} INFO - Setting next_dagrun for latest_only_with_trigger to 2023-12-27T16:00:00+00:00, run_after=2023-12-27T20:00:00+00:00
[2023-12-27T22:09:54.568+0000] {processor.py:183} INFO - Processing /home/airflow/.local/lib/python3.8/site-packages/airflow/example_dags/example_latest_only_with_trigger.py took 0.113 seconds
[2023-12-27T22:10:24.740+0000] {processor.py:161} INFO - Started process (PID=390) to work on /home/airflow/.local/lib/python3.8/site-packages/airflow/example_dags/example_latest_only_with_trigger.py
[2023-12-27T22:10:24.742+0000] {processor.py:830} INFO - Processing file /home/airflow/.local/lib/python3.8/site-packages/airflow/example_dags/example_latest_only_with_trigger.py for tasks to queue
[2023-12-27T22:10:24.745+0000] {logging_mixin.py:188} INFO - [2023-12-27T22:10:24.744+0000] {dagbag.py:538} INFO - Filling up the DagBag from /home/airflow/.local/lib/python3.8/site-packages/airflow/example_dags/example_latest_only_with_trigger.py
[2023-12-27T22:10:24.751+0000] {processor.py:840} INFO - DAG(s) 'latest_only_with_trigger' retrieved from /home/airflow/.local/lib/python3.8/site-packages/airflow/example_dags/example_latest_only_with_trigger.py
[2023-12-27T22:10:24.777+0000] {logging_mixin.py:188} INFO - [2023-12-27T22:10:24.777+0000] {dag.py:3033} INFO - Sync 1 DAGs
[2023-12-27T22:10:24.803+0000] {logging_mixin.py:188} INFO - [2023-12-27T22:10:24.802+0000] {dag.py:3820} INFO - Setting next_dagrun for latest_only_with_trigger to 2023-12-27T16:00:00+00:00, run_after=2023-12-27T20:00:00+00:00
[2023-12-27T22:10:24.836+0000] {processor.py:183} INFO - Processing /home/airflow/.local/lib/python3.8/site-packages/airflow/example_dags/example_latest_only_with_trigger.py took 0.099 seconds
[2023-12-27T22:10:55.584+0000] {processor.py:161} INFO - Started process (PID=445) to work on /home/airflow/.local/lib/python3.8/site-packages/airflow/example_dags/example_latest_only_with_trigger.py
[2023-12-27T22:10:55.586+0000] {processor.py:830} INFO - Processing file /home/airflow/.local/lib/python3.8/site-packages/airflow/example_dags/example_latest_only_with_trigger.py for tasks to queue
[2023-12-27T22:10:55.589+0000] {logging_mixin.py:188} INFO - [2023-12-27T22:10:55.589+0000] {dagbag.py:538} INFO - Filling up the DagBag from /home/airflow/.local/lib/python3.8/site-packages/airflow/example_dags/example_latest_only_with_trigger.py
[2023-12-27T22:10:55.597+0000] {processor.py:840} INFO - DAG(s) 'latest_only_with_trigger' retrieved from /home/airflow/.local/lib/python3.8/site-packages/airflow/example_dags/example_latest_only_with_trigger.py
[2023-12-27T22:10:55.628+0000] {logging_mixin.py:188} INFO - [2023-12-27T22:10:55.627+0000] {dag.py:3033} INFO - Sync 1 DAGs
[2023-12-27T22:10:55.654+0000] {logging_mixin.py:188} INFO - [2023-12-27T22:10:55.654+0000] {dag.py:3820} INFO - Setting next_dagrun for latest_only_with_trigger to 2023-12-27T16:00:00+00:00, run_after=2023-12-27T20:00:00+00:00
[2023-12-27T22:10:55.687+0000] {processor.py:183} INFO - Processing /home/airflow/.local/lib/python3.8/site-packages/airflow/example_dags/example_latest_only_with_trigger.py took 0.106 seconds
[2023-12-27T22:11:26.492+0000] {processor.py:161} INFO - Started process (PID=500) to work on /home/airflow/.local/lib/python3.8/site-packages/airflow/example_dags/example_latest_only_with_trigger.py
[2023-12-27T22:11:26.494+0000] {processor.py:830} INFO - Processing file /home/airflow/.local/lib/python3.8/site-packages/airflow/example_dags/example_latest_only_with_trigger.py for tasks to queue
[2023-12-27T22:11:26.497+0000] {logging_mixin.py:188} INFO - [2023-12-27T22:11:26.497+0000] {dagbag.py:538} INFO - Filling up the DagBag from /home/airflow/.local/lib/python3.8/site-packages/airflow/example_dags/example_latest_only_with_trigger.py
[2023-12-27T22:11:26.505+0000] {processor.py:840} INFO - DAG(s) 'latest_only_with_trigger' retrieved from /home/airflow/.local/lib/python3.8/site-packages/airflow/example_dags/example_latest_only_with_trigger.py
[2023-12-27T22:11:26.534+0000] {logging_mixin.py:188} INFO - [2023-12-27T22:11:26.534+0000] {dag.py:3033} INFO - Sync 1 DAGs
[2023-12-27T22:11:26.561+0000] {logging_mixin.py:188} INFO - [2023-12-27T22:11:26.561+0000] {dag.py:3820} INFO - Setting next_dagrun for latest_only_with_trigger to 2023-12-27T16:00:00+00:00, run_after=2023-12-27T20:00:00+00:00
[2023-12-27T22:11:26.587+0000] {processor.py:183} INFO - Processing /home/airflow/.local/lib/python3.8/site-packages/airflow/example_dags/example_latest_only_with_trigger.py took 0.098 seconds
[2023-12-27T22:11:59.867+0000] {processor.py:161} INFO - Started process (PID=563) to work on /home/airflow/.local/lib/python3.8/site-packages/airflow/example_dags/example_latest_only_with_trigger.py
[2023-12-27T22:11:59.868+0000] {processor.py:830} INFO - Processing file /home/airflow/.local/lib/python3.8/site-packages/airflow/example_dags/example_latest_only_with_trigger.py for tasks to queue
[2023-12-27T22:11:59.872+0000] {logging_mixin.py:188} INFO - [2023-12-27T22:11:59.871+0000] {dagbag.py:538} INFO - Filling up the DagBag from /home/airflow/.local/lib/python3.8/site-packages/airflow/example_dags/example_latest_only_with_trigger.py
[2023-12-27T22:11:59.879+0000] {processor.py:840} INFO - DAG(s) 'latest_only_with_trigger' retrieved from /home/airflow/.local/lib/python3.8/site-packages/airflow/example_dags/example_latest_only_with_trigger.py
[2023-12-27T22:11:59.904+0000] {logging_mixin.py:188} INFO - [2023-12-27T22:11:59.904+0000] {dag.py:3033} INFO - Sync 1 DAGs
[2023-12-27T22:11:59.935+0000] {logging_mixin.py:188} INFO - [2023-12-27T22:11:59.935+0000] {dag.py:3820} INFO - Setting next_dagrun for latest_only_with_trigger to 2023-12-27T16:00:00+00:00, run_after=2023-12-27T20:00:00+00:00
[2023-12-27T22:11:59.971+0000] {processor.py:183} INFO - Processing /home/airflow/.local/lib/python3.8/site-packages/airflow/example_dags/example_latest_only_with_trigger.py took 0.109 seconds
[2023-12-27T22:12:31.142+0000] {processor.py:161} INFO - Started process (PID=618) to work on /home/airflow/.local/lib/python3.8/site-packages/airflow/example_dags/example_latest_only_with_trigger.py
[2023-12-27T22:12:31.144+0000] {processor.py:830} INFO - Processing file /home/airflow/.local/lib/python3.8/site-packages/airflow/example_dags/example_latest_only_with_trigger.py for tasks to queue
[2023-12-27T22:12:31.148+0000] {logging_mixin.py:188} INFO - [2023-12-27T22:12:31.147+0000] {dagbag.py:538} INFO - Filling up the DagBag from /home/airflow/.local/lib/python3.8/site-packages/airflow/example_dags/example_latest_only_with_trigger.py
[2023-12-27T22:12:31.156+0000] {processor.py:840} INFO - DAG(s) 'latest_only_with_trigger' retrieved from /home/airflow/.local/lib/python3.8/site-packages/airflow/example_dags/example_latest_only_with_trigger.py
[2023-12-27T22:12:31.210+0000] {logging_mixin.py:188} INFO - [2023-12-27T22:12:31.210+0000] {dag.py:3033} INFO - Sync 1 DAGs
[2023-12-27T22:12:31.276+0000] {logging_mixin.py:188} INFO - [2023-12-27T22:12:31.275+0000] {dag.py:3820} INFO - Setting next_dagrun for latest_only_with_trigger to 2023-12-27T16:00:00+00:00, run_after=2023-12-27T20:00:00+00:00
[2023-12-27T22:12:31.330+0000] {processor.py:183} INFO - Processing /home/airflow/.local/lib/python3.8/site-packages/airflow/example_dags/example_latest_only_with_trigger.py took 0.193 seconds
[2023-12-27T22:13:02.843+0000] {processor.py:161} INFO - Started process (PID=673) to work on /home/airflow/.local/lib/python3.8/site-packages/airflow/example_dags/example_latest_only_with_trigger.py
[2023-12-27T22:13:02.845+0000] {processor.py:830} INFO - Processing file /home/airflow/.local/lib/python3.8/site-packages/airflow/example_dags/example_latest_only_with_trigger.py for tasks to queue
[2023-12-27T22:13:02.848+0000] {logging_mixin.py:188} INFO - [2023-12-27T22:13:02.848+0000] {dagbag.py:538} INFO - Filling up the DagBag from /home/airflow/.local/lib/python3.8/site-packages/airflow/example_dags/example_latest_only_with_trigger.py
[2023-12-27T22:13:02.855+0000] {processor.py:840} INFO - DAG(s) 'latest_only_with_trigger' retrieved from /home/airflow/.local/lib/python3.8/site-packages/airflow/example_dags/example_latest_only_with_trigger.py
[2023-12-27T22:13:02.881+0000] {logging_mixin.py:188} INFO - [2023-12-27T22:13:02.881+0000] {dag.py:3033} INFO - Sync 1 DAGs
[2023-12-27T22:13:02.912+0000] {logging_mixin.py:188} INFO - [2023-12-27T22:13:02.911+0000] {dag.py:3820} INFO - Setting next_dagrun for latest_only_with_trigger to 2023-12-27T16:00:00+00:00, run_after=2023-12-27T20:00:00+00:00
[2023-12-27T22:13:02.942+0000] {processor.py:183} INFO - Processing /home/airflow/.local/lib/python3.8/site-packages/airflow/example_dags/example_latest_only_with_trigger.py took 0.103 seconds
[2023-12-27T22:13:34.239+0000] {processor.py:161} INFO - Started process (PID=730) to work on /home/airflow/.local/lib/python3.8/site-packages/airflow/example_dags/example_latest_only_with_trigger.py
[2023-12-27T22:13:34.240+0000] {processor.py:830} INFO - Processing file /home/airflow/.local/lib/python3.8/site-packages/airflow/example_dags/example_latest_only_with_trigger.py for tasks to queue
[2023-12-27T22:13:34.243+0000] {logging_mixin.py:188} INFO - [2023-12-27T22:13:34.243+0000] {dagbag.py:538} INFO - Filling up the DagBag from /home/airflow/.local/lib/python3.8/site-packages/airflow/example_dags/example_latest_only_with_trigger.py
[2023-12-27T22:13:34.251+0000] {processor.py:840} INFO - DAG(s) 'latest_only_with_trigger' retrieved from /home/airflow/.local/lib/python3.8/site-packages/airflow/example_dags/example_latest_only_with_trigger.py
[2023-12-27T22:13:34.288+0000] {logging_mixin.py:188} INFO - [2023-12-27T22:13:34.287+0000] {dag.py:3033} INFO - Sync 1 DAGs
[2023-12-27T22:13:34.319+0000] {logging_mixin.py:188} INFO - [2023-12-27T22:13:34.318+0000] {dag.py:3820} INFO - Setting next_dagrun for latest_only_with_trigger to 2023-12-27T16:00:00+00:00, run_after=2023-12-27T20:00:00+00:00
[2023-12-27T22:13:34.352+0000] {processor.py:183} INFO - Processing /home/airflow/.local/lib/python3.8/site-packages/airflow/example_dags/example_latest_only_with_trigger.py took 0.120 seconds
[2023-12-27T22:14:04.908+0000] {processor.py:161} INFO - Started process (PID=785) to work on /home/airflow/.local/lib/python3.8/site-packages/airflow/example_dags/example_latest_only_with_trigger.py
[2023-12-27T22:14:04.910+0000] {processor.py:830} INFO - Processing file /home/airflow/.local/lib/python3.8/site-packages/airflow/example_dags/example_latest_only_with_trigger.py for tasks to queue
[2023-12-27T22:14:04.912+0000] {logging_mixin.py:188} INFO - [2023-12-27T22:14:04.912+0000] {dagbag.py:538} INFO - Filling up the DagBag from /home/airflow/.local/lib/python3.8/site-packages/airflow/example_dags/example_latest_only_with_trigger.py
[2023-12-27T22:14:04.918+0000] {processor.py:840} INFO - DAG(s) 'latest_only_with_trigger' retrieved from /home/airflow/.local/lib/python3.8/site-packages/airflow/example_dags/example_latest_only_with_trigger.py
[2023-12-27T22:14:04.945+0000] {logging_mixin.py:188} INFO - [2023-12-27T22:14:04.945+0000] {dag.py:3033} INFO - Sync 1 DAGs
[2023-12-27T22:14:04.995+0000] {logging_mixin.py:188} INFO - [2023-12-27T22:14:04.995+0000] {dag.py:3820} INFO - Setting next_dagrun for latest_only_with_trigger to 2023-12-27T16:00:00+00:00, run_after=2023-12-27T20:00:00+00:00
[2023-12-27T22:14:05.030+0000] {processor.py:183} INFO - Processing /home/airflow/.local/lib/python3.8/site-packages/airflow/example_dags/example_latest_only_with_trigger.py took 0.125 seconds
[2023-12-27T22:14:36.300+0000] {processor.py:161} INFO - Started process (PID=840) to work on /home/airflow/.local/lib/python3.8/site-packages/airflow/example_dags/example_latest_only_with_trigger.py
[2023-12-27T22:14:36.302+0000] {processor.py:830} INFO - Processing file /home/airflow/.local/lib/python3.8/site-packages/airflow/example_dags/example_latest_only_with_trigger.py for tasks to queue
[2023-12-27T22:14:36.308+0000] {logging_mixin.py:188} INFO - [2023-12-27T22:14:36.307+0000] {dagbag.py:538} INFO - Filling up the DagBag from /home/airflow/.local/lib/python3.8/site-packages/airflow/example_dags/example_latest_only_with_trigger.py
[2023-12-27T22:14:36.319+0000] {processor.py:840} INFO - DAG(s) 'latest_only_with_trigger' retrieved from /home/airflow/.local/lib/python3.8/site-packages/airflow/example_dags/example_latest_only_with_trigger.py
[2023-12-27T22:14:36.362+0000] {logging_mixin.py:188} INFO - [2023-12-27T22:14:36.362+0000] {dag.py:3033} INFO - Sync 1 DAGs
[2023-12-27T22:14:36.404+0000] {logging_mixin.py:188} INFO - [2023-12-27T22:14:36.404+0000] {dag.py:3820} INFO - Setting next_dagrun for latest_only_with_trigger to 2023-12-27T16:00:00+00:00, run_after=2023-12-27T20:00:00+00:00
[2023-12-27T22:14:36.449+0000] {processor.py:183} INFO - Processing /home/airflow/.local/lib/python3.8/site-packages/airflow/example_dags/example_latest_only_with_trigger.py took 0.157 seconds
[2023-12-27T22:15:07.549+0000] {processor.py:161} INFO - Started process (PID=897) to work on /home/airflow/.local/lib/python3.8/site-packages/airflow/example_dags/example_latest_only_with_trigger.py
[2023-12-27T22:15:07.551+0000] {processor.py:830} INFO - Processing file /home/airflow/.local/lib/python3.8/site-packages/airflow/example_dags/example_latest_only_with_trigger.py for tasks to queue
[2023-12-27T22:15:07.555+0000] {logging_mixin.py:188} INFO - [2023-12-27T22:15:07.554+0000] {dagbag.py:538} INFO - Filling up the DagBag from /home/airflow/.local/lib/python3.8/site-packages/airflow/example_dags/example_latest_only_with_trigger.py
[2023-12-27T22:15:07.564+0000] {processor.py:840} INFO - DAG(s) 'latest_only_with_trigger' retrieved from /home/airflow/.local/lib/python3.8/site-packages/airflow/example_dags/example_latest_only_with_trigger.py
[2023-12-27T22:15:07.600+0000] {logging_mixin.py:188} INFO - [2023-12-27T22:15:07.600+0000] {dag.py:3033} INFO - Sync 1 DAGs
[2023-12-27T22:15:07.646+0000] {logging_mixin.py:188} INFO - [2023-12-27T22:15:07.645+0000] {dag.py:3820} INFO - Setting next_dagrun for latest_only_with_trigger to 2023-12-27T16:00:00+00:00, run_after=2023-12-27T20:00:00+00:00
[2023-12-27T22:15:07.682+0000] {processor.py:183} INFO - Processing /home/airflow/.local/lib/python3.8/site-packages/airflow/example_dags/example_latest_only_with_trigger.py took 0.139 seconds
[2023-12-27T22:15:37.995+0000] {processor.py:161} INFO - Started process (PID=952) to work on /home/airflow/.local/lib/python3.8/site-packages/airflow/example_dags/example_latest_only_with_trigger.py
[2023-12-27T22:15:37.997+0000] {processor.py:830} INFO - Processing file /home/airflow/.local/lib/python3.8/site-packages/airflow/example_dags/example_latest_only_with_trigger.py for tasks to queue
[2023-12-27T22:15:38.000+0000] {logging_mixin.py:188} INFO - [2023-12-27T22:15:38.000+0000] {dagbag.py:538} INFO - Filling up the DagBag from /home/airflow/.local/lib/python3.8/site-packages/airflow/example_dags/example_latest_only_with_trigger.py
[2023-12-27T22:15:38.007+0000] {processor.py:840} INFO - DAG(s) 'latest_only_with_trigger' retrieved from /home/airflow/.local/lib/python3.8/site-packages/airflow/example_dags/example_latest_only_with_trigger.py
[2023-12-27T22:15:38.030+0000] {logging_mixin.py:188} INFO - [2023-12-27T22:15:38.030+0000] {dag.py:3033} INFO - Sync 1 DAGs
[2023-12-27T22:15:38.057+0000] {logging_mixin.py:188} INFO - [2023-12-27T22:15:38.057+0000] {dag.py:3820} INFO - Setting next_dagrun for latest_only_with_trigger to 2023-12-27T16:00:00+00:00, run_after=2023-12-27T20:00:00+00:00
[2023-12-27T22:15:38.087+0000] {processor.py:183} INFO - Processing /home/airflow/.local/lib/python3.8/site-packages/airflow/example_dags/example_latest_only_with_trigger.py took 0.096 seconds
[2023-12-27T22:16:08.305+0000] {processor.py:161} INFO - Started process (PID=1007) to work on /home/airflow/.local/lib/python3.8/site-packages/airflow/example_dags/example_latest_only_with_trigger.py
[2023-12-27T22:16:08.307+0000] {processor.py:830} INFO - Processing file /home/airflow/.local/lib/python3.8/site-packages/airflow/example_dags/example_latest_only_with_trigger.py for tasks to queue
[2023-12-27T22:16:08.311+0000] {logging_mixin.py:188} INFO - [2023-12-27T22:16:08.311+0000] {dagbag.py:538} INFO - Filling up the DagBag from /home/airflow/.local/lib/python3.8/site-packages/airflow/example_dags/example_latest_only_with_trigger.py
[2023-12-27T22:16:08.320+0000] {processor.py:840} INFO - DAG(s) 'latest_only_with_trigger' retrieved from /home/airflow/.local/lib/python3.8/site-packages/airflow/example_dags/example_latest_only_with_trigger.py
[2023-12-27T22:16:08.356+0000] {logging_mixin.py:188} INFO - [2023-12-27T22:16:08.356+0000] {dag.py:3033} INFO - Sync 1 DAGs
[2023-12-27T22:16:08.409+0000] {logging_mixin.py:188} INFO - [2023-12-27T22:16:08.409+0000] {dag.py:3820} INFO - Setting next_dagrun for latest_only_with_trigger to 2023-12-27T16:00:00+00:00, run_after=2023-12-27T20:00:00+00:00
[2023-12-27T22:16:08.445+0000] {processor.py:183} INFO - Processing /home/airflow/.local/lib/python3.8/site-packages/airflow/example_dags/example_latest_only_with_trigger.py took 0.144 seconds
[2023-12-27T22:16:38.860+0000] {processor.py:161} INFO - Started process (PID=1062) to work on /home/airflow/.local/lib/python3.8/site-packages/airflow/example_dags/example_latest_only_with_trigger.py
[2023-12-27T22:16:38.862+0000] {processor.py:830} INFO - Processing file /home/airflow/.local/lib/python3.8/site-packages/airflow/example_dags/example_latest_only_with_trigger.py for tasks to queue
[2023-12-27T22:16:38.865+0000] {logging_mixin.py:188} INFO - [2023-12-27T22:16:38.865+0000] {dagbag.py:538} INFO - Filling up the DagBag from /home/airflow/.local/lib/python3.8/site-packages/airflow/example_dags/example_latest_only_with_trigger.py
[2023-12-27T22:16:38.872+0000] {processor.py:840} INFO - DAG(s) 'latest_only_with_trigger' retrieved from /home/airflow/.local/lib/python3.8/site-packages/airflow/example_dags/example_latest_only_with_trigger.py
[2023-12-27T22:16:38.898+0000] {logging_mixin.py:188} INFO - [2023-12-27T22:16:38.898+0000] {dag.py:3033} INFO - Sync 1 DAGs
[2023-12-27T22:16:38.932+0000] {logging_mixin.py:188} INFO - [2023-12-27T22:16:38.932+0000] {dag.py:3820} INFO - Setting next_dagrun for latest_only_with_trigger to 2023-12-27T16:00:00+00:00, run_after=2023-12-27T20:00:00+00:00
[2023-12-27T22:16:38.973+0000] {processor.py:183} INFO - Processing /home/airflow/.local/lib/python3.8/site-packages/airflow/example_dags/example_latest_only_with_trigger.py took 0.116 seconds
[2023-12-27T22:17:11.073+0000] {processor.py:161} INFO - Started process (PID=1119) to work on /home/airflow/.local/lib/python3.8/site-packages/airflow/example_dags/example_latest_only_with_trigger.py
[2023-12-27T22:17:11.075+0000] {processor.py:830} INFO - Processing file /home/airflow/.local/lib/python3.8/site-packages/airflow/example_dags/example_latest_only_with_trigger.py for tasks to queue
[2023-12-27T22:17:11.078+0000] {logging_mixin.py:188} INFO - [2023-12-27T22:17:11.078+0000] {dagbag.py:538} INFO - Filling up the DagBag from /home/airflow/.local/lib/python3.8/site-packages/airflow/example_dags/example_latest_only_with_trigger.py
[2023-12-27T22:17:11.087+0000] {processor.py:840} INFO - DAG(s) 'latest_only_with_trigger' retrieved from /home/airflow/.local/lib/python3.8/site-packages/airflow/example_dags/example_latest_only_with_trigger.py
[2023-12-27T22:17:11.127+0000] {logging_mixin.py:188} INFO - [2023-12-27T22:17:11.127+0000] {dag.py:3033} INFO - Sync 1 DAGs
[2023-12-27T22:17:11.164+0000] {logging_mixin.py:188} INFO - [2023-12-27T22:17:11.163+0000] {dag.py:3820} INFO - Setting next_dagrun for latest_only_with_trigger to 2023-12-27T16:00:00+00:00, run_after=2023-12-27T20:00:00+00:00
[2023-12-27T22:17:11.303+0000] {processor.py:183} INFO - Processing /home/airflow/.local/lib/python3.8/site-packages/airflow/example_dags/example_latest_only_with_trigger.py took 0.234 seconds
[2023-12-27T22:17:41.538+0000] {processor.py:161} INFO - Started process (PID=1175) to work on /home/airflow/.local/lib/python3.8/site-packages/airflow/example_dags/example_latest_only_with_trigger.py
[2023-12-27T22:17:41.540+0000] {processor.py:830} INFO - Processing file /home/airflow/.local/lib/python3.8/site-packages/airflow/example_dags/example_latest_only_with_trigger.py for tasks to queue
[2023-12-27T22:17:41.542+0000] {logging_mixin.py:188} INFO - [2023-12-27T22:17:41.542+0000] {dagbag.py:538} INFO - Filling up the DagBag from /home/airflow/.local/lib/python3.8/site-packages/airflow/example_dags/example_latest_only_with_trigger.py
[2023-12-27T22:17:41.549+0000] {processor.py:840} INFO - DAG(s) 'latest_only_with_trigger' retrieved from /home/airflow/.local/lib/python3.8/site-packages/airflow/example_dags/example_latest_only_with_trigger.py
[2023-12-27T22:17:41.574+0000] {logging_mixin.py:188} INFO - [2023-12-27T22:17:41.573+0000] {dag.py:3033} INFO - Sync 1 DAGs
[2023-12-27T22:17:41.603+0000] {logging_mixin.py:188} INFO - [2023-12-27T22:17:41.602+0000] {dag.py:3820} INFO - Setting next_dagrun for latest_only_with_trigger to 2023-12-27T16:00:00+00:00, run_after=2023-12-27T20:00:00+00:00
[2023-12-27T22:17:41.632+0000] {processor.py:183} INFO - Processing /home/airflow/.local/lib/python3.8/site-packages/airflow/example_dags/example_latest_only_with_trigger.py took 0.098 seconds
[2023-12-27T22:18:12.049+0000] {processor.py:161} INFO - Started process (PID=1230) to work on /home/airflow/.local/lib/python3.8/site-packages/airflow/example_dags/example_latest_only_with_trigger.py
[2023-12-27T22:18:12.050+0000] {processor.py:830} INFO - Processing file /home/airflow/.local/lib/python3.8/site-packages/airflow/example_dags/example_latest_only_with_trigger.py for tasks to queue
[2023-12-27T22:18:12.053+0000] {logging_mixin.py:188} INFO - [2023-12-27T22:18:12.053+0000] {dagbag.py:538} INFO - Filling up the DagBag from /home/airflow/.local/lib/python3.8/site-packages/airflow/example_dags/example_latest_only_with_trigger.py
[2023-12-27T22:18:12.066+0000] {processor.py:840} INFO - DAG(s) 'latest_only_with_trigger' retrieved from /home/airflow/.local/lib/python3.8/site-packages/airflow/example_dags/example_latest_only_with_trigger.py
[2023-12-27T22:18:12.103+0000] {logging_mixin.py:188} INFO - [2023-12-27T22:18:12.103+0000] {dag.py:3033} INFO - Sync 1 DAGs
[2023-12-27T22:18:12.149+0000] {logging_mixin.py:188} INFO - [2023-12-27T22:18:12.148+0000] {dag.py:3820} INFO - Setting next_dagrun for latest_only_with_trigger to 2023-12-27T16:00:00+00:00, run_after=2023-12-27T20:00:00+00:00
[2023-12-27T22:18:12.303+0000] {processor.py:183} INFO - Processing /home/airflow/.local/lib/python3.8/site-packages/airflow/example_dags/example_latest_only_with_trigger.py took 0.259 seconds
