[2023-12-27T22:06:37.788+0000] {processor.py:161} INFO - Started process (PID=48) to work on /home/airflow/.local/lib/python3.8/site-packages/airflow/example_dags/example_dag_decorator.py
[2023-12-27T22:06:37.795+0000] {processor.py:830} INFO - Processing file /home/airflow/.local/lib/python3.8/site-packages/airflow/example_dags/example_dag_decorator.py for tasks to queue
[2023-12-27T22:06:38.138+0000] {logging_mixin.py:188} INFO - [2023-12-27T22:06:38.043+0000] {dagbag.py:538} INFO - Filling up the DagBag from /home/airflow/.local/lib/python3.8/site-packages/airflow/example_dags/example_dag_decorator.py
[2023-12-27T22:06:43.405+0000] {processor.py:840} INFO - DAG(s) 'example_dag_decorator' retrieved from /home/airflow/.local/lib/python3.8/site-packages/airflow/example_dags/example_dag_decorator.py
[2023-12-27T22:06:44.942+0000] {logging_mixin.py:188} INFO - [2023-12-27T22:06:44.941+0000] {dag.py:3033} INFO - Sync 1 DAGs
[2023-12-27T22:06:45.084+0000] {logging_mixin.py:188} INFO - [2023-12-27T22:06:45.083+0000] {dag.py:3820} INFO - Setting next_dagrun for example_dag_decorator to None, run_after=None
[2023-12-27T22:06:45.160+0000] {processor.py:183} INFO - Processing /home/airflow/.local/lib/python3.8/site-packages/airflow/example_dags/example_dag_decorator.py took 7.675 seconds
[2023-12-27T22:07:42.270+0000] {processor.py:161} INFO - Started process (PID=112) to work on /home/airflow/.local/lib/python3.8/site-packages/airflow/example_dags/example_dag_decorator.py
[2023-12-27T22:07:42.273+0000] {processor.py:830} INFO - Processing file /home/airflow/.local/lib/python3.8/site-packages/airflow/example_dags/example_dag_decorator.py for tasks to queue
[2023-12-27T22:07:42.279+0000] {logging_mixin.py:188} INFO - [2023-12-27T22:07:42.278+0000] {dagbag.py:538} INFO - Filling up the DagBag from /home/airflow/.local/lib/python3.8/site-packages/airflow/example_dags/example_dag_decorator.py
[2023-12-27T22:07:42.778+0000] {processor.py:840} INFO - DAG(s) 'example_dag_decorator' retrieved from /home/airflow/.local/lib/python3.8/site-packages/airflow/example_dags/example_dag_decorator.py
[2023-12-27T22:07:43.060+0000] {logging_mixin.py:188} INFO - [2023-12-27T22:07:43.059+0000] {dag.py:3033} INFO - Sync 1 DAGs
[2023-12-27T22:07:43.103+0000] {logging_mixin.py:188} INFO - [2023-12-27T22:07:43.103+0000] {dag.py:3820} INFO - Setting next_dagrun for example_dag_decorator to None, run_after=None
[2023-12-27T22:07:43.171+0000] {processor.py:183} INFO - Processing /home/airflow/.local/lib/python3.8/site-packages/airflow/example_dags/example_dag_decorator.py took 0.910 seconds
[2023-12-27T22:08:13.257+0000] {processor.py:161} INFO - Started process (PID=165) to work on /home/airflow/.local/lib/python3.8/site-packages/airflow/example_dags/example_dag_decorator.py
[2023-12-27T22:08:13.260+0000] {processor.py:830} INFO - Processing file /home/airflow/.local/lib/python3.8/site-packages/airflow/example_dags/example_dag_decorator.py for tasks to queue
[2023-12-27T22:08:13.266+0000] {logging_mixin.py:188} INFO - [2023-12-27T22:08:13.265+0000] {dagbag.py:538} INFO - Filling up the DagBag from /home/airflow/.local/lib/python3.8/site-packages/airflow/example_dags/example_dag_decorator.py
[2023-12-27T22:08:13.437+0000] {processor.py:840} INFO - DAG(s) 'example_dag_decorator' retrieved from /home/airflow/.local/lib/python3.8/site-packages/airflow/example_dags/example_dag_decorator.py
[2023-12-27T22:08:13.589+0000] {logging_mixin.py:188} INFO - [2023-12-27T22:08:13.588+0000] {dag.py:3033} INFO - Sync 1 DAGs
[2023-12-27T22:08:13.603+0000] {logging_mixin.py:188} INFO - [2023-12-27T22:08:13.603+0000] {dag.py:3820} INFO - Setting next_dagrun for example_dag_decorator to None, run_after=None
[2023-12-27T22:08:13.633+0000] {processor.py:183} INFO - Processing /home/airflow/.local/lib/python3.8/site-packages/airflow/example_dags/example_dag_decorator.py took 0.380 seconds
[2023-12-27T22:08:49.957+0000] {processor.py:161} INFO - Started process (PID=206) to work on /home/airflow/.local/lib/python3.8/site-packages/airflow/example_dags/example_dag_decorator.py
[2023-12-27T22:08:49.959+0000] {processor.py:830} INFO - Processing file /home/airflow/.local/lib/python3.8/site-packages/airflow/example_dags/example_dag_decorator.py for tasks to queue
[2023-12-27T22:08:49.966+0000] {logging_mixin.py:188} INFO - [2023-12-27T22:08:49.965+0000] {dagbag.py:538} INFO - Filling up the DagBag from /home/airflow/.local/lib/python3.8/site-packages/airflow/example_dags/example_dag_decorator.py
[2023-12-27T22:08:50.299+0000] {processor.py:840} INFO - DAG(s) 'example_dag_decorator' retrieved from /home/airflow/.local/lib/python3.8/site-packages/airflow/example_dags/example_dag_decorator.py
[2023-12-27T22:08:50.712+0000] {logging_mixin.py:188} INFO - [2023-12-27T22:08:50.712+0000] {dag.py:3033} INFO - Sync 1 DAGs
[2023-12-27T22:08:50.762+0000] {logging_mixin.py:188} INFO - [2023-12-27T22:08:50.762+0000] {dag.py:3820} INFO - Setting next_dagrun for example_dag_decorator to None, run_after=None
[2023-12-27T22:08:50.835+0000] {processor.py:183} INFO - Processing /home/airflow/.local/lib/python3.8/site-packages/airflow/example_dags/example_dag_decorator.py took 0.882 seconds
[2023-12-27T22:09:21.576+0000] {processor.py:161} INFO - Started process (PID=262) to work on /home/airflow/.local/lib/python3.8/site-packages/airflow/example_dags/example_dag_decorator.py
[2023-12-27T22:09:21.578+0000] {processor.py:830} INFO - Processing file /home/airflow/.local/lib/python3.8/site-packages/airflow/example_dags/example_dag_decorator.py for tasks to queue
[2023-12-27T22:09:21.581+0000] {logging_mixin.py:188} INFO - [2023-12-27T22:09:21.581+0000] {dagbag.py:538} INFO - Filling up the DagBag from /home/airflow/.local/lib/python3.8/site-packages/airflow/example_dags/example_dag_decorator.py
[2023-12-27T22:09:21.856+0000] {processor.py:840} INFO - DAG(s) 'example_dag_decorator' retrieved from /home/airflow/.local/lib/python3.8/site-packages/airflow/example_dags/example_dag_decorator.py
[2023-12-27T22:09:22.236+0000] {logging_mixin.py:188} INFO - [2023-12-27T22:09:22.236+0000] {dag.py:3033} INFO - Sync 1 DAGs
[2023-12-27T22:09:22.256+0000] {logging_mixin.py:188} INFO - [2023-12-27T22:09:22.256+0000] {dag.py:3820} INFO - Setting next_dagrun for example_dag_decorator to None, run_after=None
[2023-12-27T22:09:22.459+0000] {processor.py:183} INFO - Processing /home/airflow/.local/lib/python3.8/site-packages/airflow/example_dags/example_dag_decorator.py took 0.888 seconds
[2023-12-27T22:09:53.114+0000] {processor.py:161} INFO - Started process (PID=318) to work on /home/airflow/.local/lib/python3.8/site-packages/airflow/example_dags/example_dag_decorator.py
[2023-12-27T22:09:53.116+0000] {processor.py:830} INFO - Processing file /home/airflow/.local/lib/python3.8/site-packages/airflow/example_dags/example_dag_decorator.py for tasks to queue
[2023-12-27T22:09:53.120+0000] {logging_mixin.py:188} INFO - [2023-12-27T22:09:53.120+0000] {dagbag.py:538} INFO - Filling up the DagBag from /home/airflow/.local/lib/python3.8/site-packages/airflow/example_dags/example_dag_decorator.py
[2023-12-27T22:09:53.261+0000] {processor.py:840} INFO - DAG(s) 'example_dag_decorator' retrieved from /home/airflow/.local/lib/python3.8/site-packages/airflow/example_dags/example_dag_decorator.py
[2023-12-27T22:09:53.400+0000] {logging_mixin.py:188} INFO - [2023-12-27T22:09:53.400+0000] {dag.py:3033} INFO - Sync 1 DAGs
[2023-12-27T22:09:53.417+0000] {logging_mixin.py:188} INFO - [2023-12-27T22:09:53.417+0000] {dag.py:3820} INFO - Setting next_dagrun for example_dag_decorator to None, run_after=None
[2023-12-27T22:09:53.447+0000] {processor.py:183} INFO - Processing /home/airflow/.local/lib/python3.8/site-packages/airflow/example_dags/example_dag_decorator.py took 0.340 seconds
[2023-12-27T22:10:23.484+0000] {processor.py:161} INFO - Started process (PID=373) to work on /home/airflow/.local/lib/python3.8/site-packages/airflow/example_dags/example_dag_decorator.py
[2023-12-27T22:10:23.486+0000] {processor.py:830} INFO - Processing file /home/airflow/.local/lib/python3.8/site-packages/airflow/example_dags/example_dag_decorator.py for tasks to queue
[2023-12-27T22:10:23.489+0000] {logging_mixin.py:188} INFO - [2023-12-27T22:10:23.489+0000] {dagbag.py:538} INFO - Filling up the DagBag from /home/airflow/.local/lib/python3.8/site-packages/airflow/example_dags/example_dag_decorator.py
[2023-12-27T22:10:23.613+0000] {processor.py:840} INFO - DAG(s) 'example_dag_decorator' retrieved from /home/airflow/.local/lib/python3.8/site-packages/airflow/example_dags/example_dag_decorator.py
[2023-12-27T22:10:23.753+0000] {logging_mixin.py:188} INFO - [2023-12-27T22:10:23.753+0000] {dag.py:3033} INFO - Sync 1 DAGs
[2023-12-27T22:10:23.767+0000] {logging_mixin.py:188} INFO - [2023-12-27T22:10:23.767+0000] {dag.py:3820} INFO - Setting next_dagrun for example_dag_decorator to None, run_after=None
[2023-12-27T22:10:23.796+0000] {processor.py:183} INFO - Processing /home/airflow/.local/lib/python3.8/site-packages/airflow/example_dags/example_dag_decorator.py took 0.317 seconds
[2023-12-27T22:10:53.951+0000] {processor.py:161} INFO - Started process (PID=428) to work on /home/airflow/.local/lib/python3.8/site-packages/airflow/example_dags/example_dag_decorator.py
[2023-12-27T22:10:53.952+0000] {processor.py:830} INFO - Processing file /home/airflow/.local/lib/python3.8/site-packages/airflow/example_dags/example_dag_decorator.py for tasks to queue
[2023-12-27T22:10:53.955+0000] {logging_mixin.py:188} INFO - [2023-12-27T22:10:53.955+0000] {dagbag.py:538} INFO - Filling up the DagBag from /home/airflow/.local/lib/python3.8/site-packages/airflow/example_dags/example_dag_decorator.py
[2023-12-27T22:10:54.068+0000] {processor.py:840} INFO - DAG(s) 'example_dag_decorator' retrieved from /home/airflow/.local/lib/python3.8/site-packages/airflow/example_dags/example_dag_decorator.py
[2023-12-27T22:10:54.205+0000] {logging_mixin.py:188} INFO - [2023-12-27T22:10:54.205+0000] {dag.py:3033} INFO - Sync 1 DAGs
[2023-12-27T22:10:54.218+0000] {logging_mixin.py:188} INFO - [2023-12-27T22:10:54.217+0000] {dag.py:3820} INFO - Setting next_dagrun for example_dag_decorator to None, run_after=None
[2023-12-27T22:10:54.383+0000] {processor.py:183} INFO - Processing /home/airflow/.local/lib/python3.8/site-packages/airflow/example_dags/example_dag_decorator.py took 0.436 seconds
[2023-12-27T22:11:24.619+0000] {processor.py:161} INFO - Started process (PID=483) to work on /home/airflow/.local/lib/python3.8/site-packages/airflow/example_dags/example_dag_decorator.py
[2023-12-27T22:11:24.622+0000] {processor.py:830} INFO - Processing file /home/airflow/.local/lib/python3.8/site-packages/airflow/example_dags/example_dag_decorator.py for tasks to queue
[2023-12-27T22:11:24.627+0000] {logging_mixin.py:188} INFO - [2023-12-27T22:11:24.626+0000] {dagbag.py:538} INFO - Filling up the DagBag from /home/airflow/.local/lib/python3.8/site-packages/airflow/example_dags/example_dag_decorator.py
[2023-12-27T22:11:24.786+0000] {processor.py:840} INFO - DAG(s) 'example_dag_decorator' retrieved from /home/airflow/.local/lib/python3.8/site-packages/airflow/example_dags/example_dag_decorator.py
[2023-12-27T22:11:24.914+0000] {logging_mixin.py:188} INFO - [2023-12-27T22:11:24.914+0000] {dag.py:3033} INFO - Sync 1 DAGs
[2023-12-27T22:11:24.930+0000] {logging_mixin.py:188} INFO - [2023-12-27T22:11:24.930+0000] {dag.py:3820} INFO - Setting next_dagrun for example_dag_decorator to None, run_after=None
[2023-12-27T22:11:24.967+0000] {processor.py:183} INFO - Processing /home/airflow/.local/lib/python3.8/site-packages/airflow/example_dags/example_dag_decorator.py took 0.354 seconds
[2023-12-27T22:11:56.391+0000] {processor.py:161} INFO - Started process (PID=534) to work on /home/airflow/.local/lib/python3.8/site-packages/airflow/example_dags/example_dag_decorator.py
[2023-12-27T22:11:56.393+0000] {processor.py:830} INFO - Processing file /home/airflow/.local/lib/python3.8/site-packages/airflow/example_dags/example_dag_decorator.py for tasks to queue
[2023-12-27T22:11:56.399+0000] {logging_mixin.py:188} INFO - [2023-12-27T22:11:56.398+0000] {dagbag.py:538} INFO - Filling up the DagBag from /home/airflow/.local/lib/python3.8/site-packages/airflow/example_dags/example_dag_decorator.py
[2023-12-27T22:11:56.579+0000] {processor.py:840} INFO - DAG(s) 'example_dag_decorator' retrieved from /home/airflow/.local/lib/python3.8/site-packages/airflow/example_dags/example_dag_decorator.py
[2023-12-27T22:11:56.767+0000] {logging_mixin.py:188} INFO - [2023-12-27T22:11:56.766+0000] {dag.py:3033} INFO - Sync 1 DAGs
[2023-12-27T22:11:56.783+0000] {logging_mixin.py:188} INFO - [2023-12-27T22:11:56.783+0000] {dag.py:3820} INFO - Setting next_dagrun for example_dag_decorator to None, run_after=None
[2023-12-27T22:11:56.824+0000] {processor.py:183} INFO - Processing /home/airflow/.local/lib/python3.8/site-packages/airflow/example_dags/example_dag_decorator.py took 0.437 seconds
[2023-12-27T22:12:27.607+0000] {processor.py:161} INFO - Started process (PID=590) to work on /home/airflow/.local/lib/python3.8/site-packages/airflow/example_dags/example_dag_decorator.py
[2023-12-27T22:12:27.612+0000] {processor.py:830} INFO - Processing file /home/airflow/.local/lib/python3.8/site-packages/airflow/example_dags/example_dag_decorator.py for tasks to queue
[2023-12-27T22:12:27.616+0000] {logging_mixin.py:188} INFO - [2023-12-27T22:12:27.615+0000] {dagbag.py:538} INFO - Filling up the DagBag from /home/airflow/.local/lib/python3.8/site-packages/airflow/example_dags/example_dag_decorator.py
[2023-12-27T22:12:27.773+0000] {processor.py:840} INFO - DAG(s) 'example_dag_decorator' retrieved from /home/airflow/.local/lib/python3.8/site-packages/airflow/example_dags/example_dag_decorator.py
[2023-12-27T22:12:27.983+0000] {logging_mixin.py:188} INFO - [2023-12-27T22:12:27.982+0000] {dag.py:3033} INFO - Sync 1 DAGs
[2023-12-27T22:12:28.008+0000] {logging_mixin.py:188} INFO - [2023-12-27T22:12:28.008+0000] {dag.py:3820} INFO - Setting next_dagrun for example_dag_decorator to None, run_after=None
[2023-12-27T22:12:28.040+0000] {processor.py:183} INFO - Processing /home/airflow/.local/lib/python3.8/site-packages/airflow/example_dags/example_dag_decorator.py took 0.449 seconds
[2023-12-27T22:12:59.272+0000] {processor.py:161} INFO - Started process (PID=653) to work on /home/airflow/.local/lib/python3.8/site-packages/airflow/example_dags/example_dag_decorator.py
[2023-12-27T22:12:59.274+0000] {processor.py:830} INFO - Processing file /home/airflow/.local/lib/python3.8/site-packages/airflow/example_dags/example_dag_decorator.py for tasks to queue
[2023-12-27T22:12:59.278+0000] {logging_mixin.py:188} INFO - [2023-12-27T22:12:59.277+0000] {dagbag.py:538} INFO - Filling up the DagBag from /home/airflow/.local/lib/python3.8/site-packages/airflow/example_dags/example_dag_decorator.py
[2023-12-27T22:12:59.571+0000] {processor.py:840} INFO - DAG(s) 'example_dag_decorator' retrieved from /home/airflow/.local/lib/python3.8/site-packages/airflow/example_dags/example_dag_decorator.py
[2023-12-27T22:13:01.899+0000] {logging_mixin.py:188} INFO - [2023-12-27T22:13:01.899+0000] {dag.py:3033} INFO - Sync 1 DAGs
[2023-12-27T22:13:01.913+0000] {logging_mixin.py:188} INFO - [2023-12-27T22:13:01.913+0000] {dag.py:3820} INFO - Setting next_dagrun for example_dag_decorator to None, run_after=None
[2023-12-27T22:13:02.029+0000] {processor.py:183} INFO - Processing /home/airflow/.local/lib/python3.8/site-packages/airflow/example_dags/example_dag_decorator.py took 2.764 seconds
[2023-12-27T22:13:32.751+0000] {processor.py:161} INFO - Started process (PID=714) to work on /home/airflow/.local/lib/python3.8/site-packages/airflow/example_dags/example_dag_decorator.py
[2023-12-27T22:13:32.753+0000] {processor.py:830} INFO - Processing file /home/airflow/.local/lib/python3.8/site-packages/airflow/example_dags/example_dag_decorator.py for tasks to queue
[2023-12-27T22:13:32.755+0000] {logging_mixin.py:188} INFO - [2023-12-27T22:13:32.755+0000] {dagbag.py:538} INFO - Filling up the DagBag from /home/airflow/.local/lib/python3.8/site-packages/airflow/example_dags/example_dag_decorator.py
[2023-12-27T22:13:32.868+0000] {processor.py:840} INFO - DAG(s) 'example_dag_decorator' retrieved from /home/airflow/.local/lib/python3.8/site-packages/airflow/example_dags/example_dag_decorator.py
[2023-12-27T22:13:33.250+0000] {logging_mixin.py:188} INFO - [2023-12-27T22:13:33.250+0000] {dag.py:3033} INFO - Sync 1 DAGs
[2023-12-27T22:13:33.262+0000] {logging_mixin.py:188} INFO - [2023-12-27T22:13:33.262+0000] {dag.py:3820} INFO - Setting next_dagrun for example_dag_decorator to None, run_after=None
[2023-12-27T22:13:33.291+0000] {processor.py:183} INFO - Processing /home/airflow/.local/lib/python3.8/site-packages/airflow/example_dags/example_dag_decorator.py took 0.545 seconds
[2023-12-27T22:14:03.460+0000] {processor.py:161} INFO - Started process (PID=772) to work on /home/airflow/.local/lib/python3.8/site-packages/airflow/example_dags/example_dag_decorator.py
[2023-12-27T22:14:03.462+0000] {processor.py:830} INFO - Processing file /home/airflow/.local/lib/python3.8/site-packages/airflow/example_dags/example_dag_decorator.py for tasks to queue
[2023-12-27T22:14:03.465+0000] {logging_mixin.py:188} INFO - [2023-12-27T22:14:03.464+0000] {dagbag.py:538} INFO - Filling up the DagBag from /home/airflow/.local/lib/python3.8/site-packages/airflow/example_dags/example_dag_decorator.py
[2023-12-27T22:14:03.597+0000] {processor.py:840} INFO - DAG(s) 'example_dag_decorator' retrieved from /home/airflow/.local/lib/python3.8/site-packages/airflow/example_dags/example_dag_decorator.py
[2023-12-27T22:14:03.978+0000] {logging_mixin.py:188} INFO - [2023-12-27T22:14:03.977+0000] {dag.py:3033} INFO - Sync 1 DAGs
[2023-12-27T22:14:03.992+0000] {logging_mixin.py:188} INFO - [2023-12-27T22:14:03.992+0000] {dag.py:3820} INFO - Setting next_dagrun for example_dag_decorator to None, run_after=None
[2023-12-27T22:14:04.021+0000] {processor.py:183} INFO - Processing /home/airflow/.local/lib/python3.8/site-packages/airflow/example_dags/example_dag_decorator.py took 0.565 seconds
[2023-12-27T22:14:34.411+0000] {processor.py:161} INFO - Started process (PID=829) to work on /home/airflow/.local/lib/python3.8/site-packages/airflow/example_dags/example_dag_decorator.py
[2023-12-27T22:14:34.413+0000] {processor.py:830} INFO - Processing file /home/airflow/.local/lib/python3.8/site-packages/airflow/example_dags/example_dag_decorator.py for tasks to queue
[2023-12-27T22:14:34.418+0000] {logging_mixin.py:188} INFO - [2023-12-27T22:14:34.417+0000] {dagbag.py:538} INFO - Filling up the DagBag from /home/airflow/.local/lib/python3.8/site-packages/airflow/example_dags/example_dag_decorator.py
[2023-12-27T22:14:34.788+0000] {processor.py:840} INFO - DAG(s) 'example_dag_decorator' retrieved from /home/airflow/.local/lib/python3.8/site-packages/airflow/example_dags/example_dag_decorator.py
[2023-12-27T22:14:35.065+0000] {logging_mixin.py:188} INFO - [2023-12-27T22:14:35.064+0000] {dag.py:3033} INFO - Sync 1 DAGs
[2023-12-27T22:14:35.422+0000] {logging_mixin.py:188} INFO - [2023-12-27T22:14:35.421+0000] {dag.py:3820} INFO - Setting next_dagrun for example_dag_decorator to None, run_after=None
[2023-12-27T22:14:35.495+0000] {processor.py:183} INFO - Processing /home/airflow/.local/lib/python3.8/site-packages/airflow/example_dags/example_dag_decorator.py took 1.096 seconds
[2023-12-27T22:15:06.002+0000] {processor.py:161} INFO - Started process (PID=885) to work on /home/airflow/.local/lib/python3.8/site-packages/airflow/example_dags/example_dag_decorator.py
[2023-12-27T22:15:06.003+0000] {processor.py:830} INFO - Processing file /home/airflow/.local/lib/python3.8/site-packages/airflow/example_dags/example_dag_decorator.py for tasks to queue
[2023-12-27T22:15:06.007+0000] {logging_mixin.py:188} INFO - [2023-12-27T22:15:06.006+0000] {dagbag.py:538} INFO - Filling up the DagBag from /home/airflow/.local/lib/python3.8/site-packages/airflow/example_dags/example_dag_decorator.py
[2023-12-27T22:15:06.252+0000] {processor.py:840} INFO - DAG(s) 'example_dag_decorator' retrieved from /home/airflow/.local/lib/python3.8/site-packages/airflow/example_dags/example_dag_decorator.py
[2023-12-27T22:15:06.470+0000] {logging_mixin.py:188} INFO - [2023-12-27T22:15:06.469+0000] {dag.py:3033} INFO - Sync 1 DAGs
[2023-12-27T22:15:06.491+0000] {logging_mixin.py:188} INFO - [2023-12-27T22:15:06.491+0000] {dag.py:3820} INFO - Setting next_dagrun for example_dag_decorator to None, run_after=None
[2023-12-27T22:15:06.533+0000] {processor.py:183} INFO - Processing /home/airflow/.local/lib/python3.8/site-packages/airflow/example_dags/example_dag_decorator.py took 0.536 seconds
[2023-12-27T22:15:36.584+0000] {processor.py:161} INFO - Started process (PID=941) to work on /home/airflow/.local/lib/python3.8/site-packages/airflow/example_dags/example_dag_decorator.py
[2023-12-27T22:15:36.586+0000] {processor.py:830} INFO - Processing file /home/airflow/.local/lib/python3.8/site-packages/airflow/example_dags/example_dag_decorator.py for tasks to queue
[2023-12-27T22:15:36.589+0000] {logging_mixin.py:188} INFO - [2023-12-27T22:15:36.588+0000] {dagbag.py:538} INFO - Filling up the DagBag from /home/airflow/.local/lib/python3.8/site-packages/airflow/example_dags/example_dag_decorator.py
[2023-12-27T22:15:36.733+0000] {processor.py:840} INFO - DAG(s) 'example_dag_decorator' retrieved from /home/airflow/.local/lib/python3.8/site-packages/airflow/example_dags/example_dag_decorator.py
[2023-12-27T22:15:37.105+0000] {logging_mixin.py:188} INFO - [2023-12-27T22:15:37.105+0000] {dag.py:3033} INFO - Sync 1 DAGs
[2023-12-27T22:15:37.116+0000] {logging_mixin.py:188} INFO - [2023-12-27T22:15:37.115+0000] {dag.py:3820} INFO - Setting next_dagrun for example_dag_decorator to None, run_after=None
[2023-12-27T22:15:37.144+0000] {processor.py:183} INFO - Processing /home/airflow/.local/lib/python3.8/site-packages/airflow/example_dags/example_dag_decorator.py took 0.563 seconds
[2023-12-27T22:16:07.336+0000] {processor.py:161} INFO - Started process (PID=999) to work on /home/airflow/.local/lib/python3.8/site-packages/airflow/example_dags/example_dag_decorator.py
[2023-12-27T22:16:07.339+0000] {processor.py:830} INFO - Processing file /home/airflow/.local/lib/python3.8/site-packages/airflow/example_dags/example_dag_decorator.py for tasks to queue
[2023-12-27T22:16:07.343+0000] {logging_mixin.py:188} INFO - [2023-12-27T22:16:07.343+0000] {dagbag.py:538} INFO - Filling up the DagBag from /home/airflow/.local/lib/python3.8/site-packages/airflow/example_dags/example_dag_decorator.py
[2023-12-27T22:16:07.475+0000] {processor.py:840} INFO - DAG(s) 'example_dag_decorator' retrieved from /home/airflow/.local/lib/python3.8/site-packages/airflow/example_dags/example_dag_decorator.py
[2023-12-27T22:16:07.913+0000] {logging_mixin.py:188} INFO - [2023-12-27T22:16:07.913+0000] {dag.py:3033} INFO - Sync 1 DAGs
[2023-12-27T22:16:07.931+0000] {logging_mixin.py:188} INFO - [2023-12-27T22:16:07.930+0000] {dag.py:3820} INFO - Setting next_dagrun for example_dag_decorator to None, run_after=None
[2023-12-27T22:16:07.963+0000] {processor.py:183} INFO - Processing /home/airflow/.local/lib/python3.8/site-packages/airflow/example_dags/example_dag_decorator.py took 0.630 seconds
[2023-12-27T22:16:38.022+0000] {processor.py:161} INFO - Started process (PID=1056) to work on /home/airflow/.local/lib/python3.8/site-packages/airflow/example_dags/example_dag_decorator.py
[2023-12-27T22:16:38.026+0000] {processor.py:830} INFO - Processing file /home/airflow/.local/lib/python3.8/site-packages/airflow/example_dags/example_dag_decorator.py for tasks to queue
[2023-12-27T22:16:38.031+0000] {logging_mixin.py:188} INFO - [2023-12-27T22:16:38.031+0000] {dagbag.py:538} INFO - Filling up the DagBag from /home/airflow/.local/lib/python3.8/site-packages/airflow/example_dags/example_dag_decorator.py
[2023-12-27T22:16:38.157+0000] {processor.py:840} INFO - DAG(s) 'example_dag_decorator' retrieved from /home/airflow/.local/lib/python3.8/site-packages/airflow/example_dags/example_dag_decorator.py
[2023-12-27T22:16:38.436+0000] {logging_mixin.py:188} INFO - [2023-12-27T22:16:38.436+0000] {dag.py:3033} INFO - Sync 1 DAGs
[2023-12-27T22:16:38.453+0000] {logging_mixin.py:188} INFO - [2023-12-27T22:16:38.453+0000] {dag.py:3820} INFO - Setting next_dagrun for example_dag_decorator to None, run_after=None
[2023-12-27T22:16:38.496+0000] {processor.py:183} INFO - Processing /home/airflow/.local/lib/python3.8/site-packages/airflow/example_dags/example_dag_decorator.py took 0.479 seconds
[2023-12-27T22:17:09.458+0000] {processor.py:161} INFO - Started process (PID=1111) to work on /home/airflow/.local/lib/python3.8/site-packages/airflow/example_dags/example_dag_decorator.py
[2023-12-27T22:17:09.460+0000] {processor.py:830} INFO - Processing file /home/airflow/.local/lib/python3.8/site-packages/airflow/example_dags/example_dag_decorator.py for tasks to queue
[2023-12-27T22:17:09.463+0000] {logging_mixin.py:188} INFO - [2023-12-27T22:17:09.463+0000] {dagbag.py:538} INFO - Filling up the DagBag from /home/airflow/.local/lib/python3.8/site-packages/airflow/example_dags/example_dag_decorator.py
[2023-12-27T22:17:09.590+0000] {processor.py:840} INFO - DAG(s) 'example_dag_decorator' retrieved from /home/airflow/.local/lib/python3.8/site-packages/airflow/example_dags/example_dag_decorator.py
[2023-12-27T22:17:10.185+0000] {logging_mixin.py:188} INFO - [2023-12-27T22:17:10.184+0000] {dag.py:3033} INFO - Sync 1 DAGs
[2023-12-27T22:17:10.198+0000] {logging_mixin.py:188} INFO - [2023-12-27T22:17:10.198+0000] {dag.py:3820} INFO - Setting next_dagrun for example_dag_decorator to None, run_after=None
[2023-12-27T22:17:10.352+0000] {processor.py:183} INFO - Processing /home/airflow/.local/lib/python3.8/site-packages/airflow/example_dags/example_dag_decorator.py took 0.897 seconds
[2023-12-27T22:17:40.876+0000] {processor.py:161} INFO - Started process (PID=1167) to work on /home/airflow/.local/lib/python3.8/site-packages/airflow/example_dags/example_dag_decorator.py
[2023-12-27T22:17:40.877+0000] {processor.py:830} INFO - Processing file /home/airflow/.local/lib/python3.8/site-packages/airflow/example_dags/example_dag_decorator.py for tasks to queue
[2023-12-27T22:17:40.882+0000] {logging_mixin.py:188} INFO - [2023-12-27T22:17:40.882+0000] {dagbag.py:538} INFO - Filling up the DagBag from /home/airflow/.local/lib/python3.8/site-packages/airflow/example_dags/example_dag_decorator.py
[2023-12-27T22:17:41.031+0000] {processor.py:840} INFO - DAG(s) 'example_dag_decorator' retrieved from /home/airflow/.local/lib/python3.8/site-packages/airflow/example_dags/example_dag_decorator.py
[2023-12-27T22:17:41.313+0000] {logging_mixin.py:188} INFO - [2023-12-27T22:17:41.313+0000] {dag.py:3033} INFO - Sync 1 DAGs
[2023-12-27T22:17:41.326+0000] {logging_mixin.py:188} INFO - [2023-12-27T22:17:41.326+0000] {dag.py:3820} INFO - Setting next_dagrun for example_dag_decorator to None, run_after=None
[2023-12-27T22:17:41.358+0000] {processor.py:183} INFO - Processing /home/airflow/.local/lib/python3.8/site-packages/airflow/example_dags/example_dag_decorator.py took 0.487 seconds
[2023-12-27T22:18:11.445+0000] {processor.py:161} INFO - Started process (PID=1224) to work on /home/airflow/.local/lib/python3.8/site-packages/airflow/example_dags/example_dag_decorator.py
[2023-12-27T22:18:11.446+0000] {processor.py:830} INFO - Processing file /home/airflow/.local/lib/python3.8/site-packages/airflow/example_dags/example_dag_decorator.py for tasks to queue
[2023-12-27T22:18:11.450+0000] {logging_mixin.py:188} INFO - [2023-12-27T22:18:11.449+0000] {dagbag.py:538} INFO - Filling up the DagBag from /home/airflow/.local/lib/python3.8/site-packages/airflow/example_dags/example_dag_decorator.py
[2023-12-27T22:18:11.576+0000] {processor.py:840} INFO - DAG(s) 'example_dag_decorator' retrieved from /home/airflow/.local/lib/python3.8/site-packages/airflow/example_dags/example_dag_decorator.py
[2023-12-27T22:18:11.898+0000] {logging_mixin.py:188} INFO - [2023-12-27T22:18:11.898+0000] {dag.py:3033} INFO - Sync 1 DAGs
[2023-12-27T22:18:11.913+0000] {logging_mixin.py:188} INFO - [2023-12-27T22:18:11.912+0000] {dag.py:3820} INFO - Setting next_dagrun for example_dag_decorator to None, run_after=None
[2023-12-27T22:18:11.953+0000] {processor.py:183} INFO - Processing /home/airflow/.local/lib/python3.8/site-packages/airflow/example_dags/example_dag_decorator.py took 0.511 seconds
