[2023-12-27T22:06:46.411+0000] {processor.py:161} INFO - Started process (PID=59) to work on /home/airflow/.local/lib/python3.8/site-packages/airflow/example_dags/example_branch_python_dop_operator_3.py
[2023-12-27T22:06:46.420+0000] {processor.py:830} INFO - Processing file /home/airflow/.local/lib/python3.8/site-packages/airflow/example_dags/example_branch_python_dop_operator_3.py for tasks to queue
[2023-12-27T22:06:46.541+0000] {logging_mixin.py:188} INFO - [2023-12-27T22:06:46.531+0000] {dagbag.py:538} INFO - Filling up the DagBag from /home/airflow/.local/lib/python3.8/site-packages/airflow/example_dags/example_branch_python_dop_operator_3.py
[2023-12-27T22:06:47.047+0000] {processor.py:840} INFO - DAG(s) 'example_branch_dop_operator_v3' retrieved from /home/airflow/.local/lib/python3.8/site-packages/airflow/example_dags/example_branch_python_dop_operator_3.py
[2023-12-27T22:06:47.596+0000] {logging_mixin.py:188} INFO - [2023-12-27T22:06:47.596+0000] {dag.py:3033} INFO - Sync 1 DAGs
[2023-12-27T22:06:48.487+0000] {logging_mixin.py:188} INFO - [2023-12-27T22:06:48.486+0000] {dag.py:3820} INFO - Setting next_dagrun for example_branch_dop_operator_v3 to 2023-12-27T22:05:00+00:00, run_after=2023-12-27T22:06:00+00:00
[2023-12-27T22:06:49.313+0000] {processor.py:183} INFO - Processing /home/airflow/.local/lib/python3.8/site-packages/airflow/example_dags/example_branch_python_dop_operator_3.py took 2.976 seconds
[2023-12-27T22:07:43.748+0000] {processor.py:161} INFO - Started process (PID=115) to work on /home/airflow/.local/lib/python3.8/site-packages/airflow/example_dags/example_branch_python_dop_operator_3.py
[2023-12-27T22:07:43.754+0000] {processor.py:830} INFO - Processing file /home/airflow/.local/lib/python3.8/site-packages/airflow/example_dags/example_branch_python_dop_operator_3.py for tasks to queue
[2023-12-27T22:07:43.762+0000] {logging_mixin.py:188} INFO - [2023-12-27T22:07:43.761+0000] {dagbag.py:538} INFO - Filling up the DagBag from /home/airflow/.local/lib/python3.8/site-packages/airflow/example_dags/example_branch_python_dop_operator_3.py
[2023-12-27T22:07:43.802+0000] {processor.py:840} INFO - DAG(s) 'example_branch_dop_operator_v3' retrieved from /home/airflow/.local/lib/python3.8/site-packages/airflow/example_dags/example_branch_python_dop_operator_3.py
[2023-12-27T22:07:43.883+0000] {logging_mixin.py:188} INFO - [2023-12-27T22:07:43.882+0000] {dag.py:3033} INFO - Sync 1 DAGs
[2023-12-27T22:07:43.974+0000] {logging_mixin.py:188} INFO - [2023-12-27T22:07:43.974+0000] {dag.py:3820} INFO - Setting next_dagrun for example_branch_dop_operator_v3 to 2023-12-27T22:06:00+00:00, run_after=2023-12-27T22:07:00+00:00
[2023-12-27T22:07:44.025+0000] {processor.py:183} INFO - Processing /home/airflow/.local/lib/python3.8/site-packages/airflow/example_dags/example_branch_python_dop_operator_3.py took 0.283 seconds
[2023-12-27T22:08:14.653+0000] {processor.py:161} INFO - Started process (PID=168) to work on /home/airflow/.local/lib/python3.8/site-packages/airflow/example_dags/example_branch_python_dop_operator_3.py
[2023-12-27T22:08:14.657+0000] {processor.py:830} INFO - Processing file /home/airflow/.local/lib/python3.8/site-packages/airflow/example_dags/example_branch_python_dop_operator_3.py for tasks to queue
[2023-12-27T22:08:14.659+0000] {logging_mixin.py:188} INFO - [2023-12-27T22:08:14.659+0000] {dagbag.py:538} INFO - Filling up the DagBag from /home/airflow/.local/lib/python3.8/site-packages/airflow/example_dags/example_branch_python_dop_operator_3.py
[2023-12-27T22:08:14.669+0000] {processor.py:840} INFO - DAG(s) 'example_branch_dop_operator_v3' retrieved from /home/airflow/.local/lib/python3.8/site-packages/airflow/example_dags/example_branch_python_dop_operator_3.py
[2023-12-27T22:08:14.696+0000] {logging_mixin.py:188} INFO - [2023-12-27T22:08:14.695+0000] {dag.py:3033} INFO - Sync 1 DAGs
[2023-12-27T22:08:14.727+0000] {logging_mixin.py:188} INFO - [2023-12-27T22:08:14.726+0000] {dag.py:3820} INFO - Setting next_dagrun for example_branch_dop_operator_v3 to 2023-12-27T22:07:00+00:00, run_after=2023-12-27T22:08:00+00:00
[2023-12-27T22:08:14.764+0000] {processor.py:183} INFO - Processing /home/airflow/.local/lib/python3.8/site-packages/airflow/example_dags/example_branch_python_dop_operator_3.py took 0.113 seconds
[2023-12-27T22:08:50.791+0000] {processor.py:161} INFO - Started process (PID=209) to work on /home/airflow/.local/lib/python3.8/site-packages/airflow/example_dags/example_branch_python_dop_operator_3.py
[2023-12-27T22:08:50.800+0000] {processor.py:830} INFO - Processing file /home/airflow/.local/lib/python3.8/site-packages/airflow/example_dags/example_branch_python_dop_operator_3.py for tasks to queue
[2023-12-27T22:08:50.807+0000] {logging_mixin.py:188} INFO - [2023-12-27T22:08:50.806+0000] {dagbag.py:538} INFO - Filling up the DagBag from /home/airflow/.local/lib/python3.8/site-packages/airflow/example_dags/example_branch_python_dop_operator_3.py
[2023-12-27T22:08:50.843+0000] {processor.py:840} INFO - DAG(s) 'example_branch_dop_operator_v3' retrieved from /home/airflow/.local/lib/python3.8/site-packages/airflow/example_dags/example_branch_python_dop_operator_3.py
[2023-12-27T22:08:50.903+0000] {logging_mixin.py:188} INFO - [2023-12-27T22:08:50.903+0000] {dag.py:3033} INFO - Sync 1 DAGs
[2023-12-27T22:08:50.963+0000] {logging_mixin.py:188} INFO - [2023-12-27T22:08:50.963+0000] {dag.py:3820} INFO - Setting next_dagrun for example_branch_dop_operator_v3 to 2023-12-27T22:07:00+00:00, run_after=2023-12-27T22:08:00+00:00
[2023-12-27T22:08:50.999+0000] {processor.py:183} INFO - Processing /home/airflow/.local/lib/python3.8/site-packages/airflow/example_dags/example_branch_python_dop_operator_3.py took 0.212 seconds
[2023-12-27T22:09:21.919+0000] {processor.py:161} INFO - Started process (PID=264) to work on /home/airflow/.local/lib/python3.8/site-packages/airflow/example_dags/example_branch_python_dop_operator_3.py
[2023-12-27T22:09:21.924+0000] {processor.py:830} INFO - Processing file /home/airflow/.local/lib/python3.8/site-packages/airflow/example_dags/example_branch_python_dop_operator_3.py for tasks to queue
[2023-12-27T22:09:21.937+0000] {logging_mixin.py:188} INFO - [2023-12-27T22:09:21.934+0000] {dagbag.py:538} INFO - Filling up the DagBag from /home/airflow/.local/lib/python3.8/site-packages/airflow/example_dags/example_branch_python_dop_operator_3.py
[2023-12-27T22:09:21.994+0000] {processor.py:840} INFO - DAG(s) 'example_branch_dop_operator_v3' retrieved from /home/airflow/.local/lib/python3.8/site-packages/airflow/example_dags/example_branch_python_dop_operator_3.py
[2023-12-27T22:09:22.107+0000] {logging_mixin.py:188} INFO - [2023-12-27T22:09:22.107+0000] {dag.py:3033} INFO - Sync 1 DAGs
[2023-12-27T22:09:22.181+0000] {logging_mixin.py:188} INFO - [2023-12-27T22:09:22.181+0000] {dag.py:3820} INFO - Setting next_dagrun for example_branch_dop_operator_v3 to 2023-12-27T22:08:00+00:00, run_after=2023-12-27T22:09:00+00:00
[2023-12-27T22:09:22.456+0000] {processor.py:183} INFO - Processing /home/airflow/.local/lib/python3.8/site-packages/airflow/example_dags/example_branch_python_dop_operator_3.py took 0.548 seconds
[2023-12-27T22:09:53.112+0000] {processor.py:161} INFO - Started process (PID=319) to work on /home/airflow/.local/lib/python3.8/site-packages/airflow/example_dags/example_branch_python_dop_operator_3.py
[2023-12-27T22:09:53.116+0000] {processor.py:830} INFO - Processing file /home/airflow/.local/lib/python3.8/site-packages/airflow/example_dags/example_branch_python_dop_operator_3.py for tasks to queue
[2023-12-27T22:09:53.122+0000] {logging_mixin.py:188} INFO - [2023-12-27T22:09:53.121+0000] {dagbag.py:538} INFO - Filling up the DagBag from /home/airflow/.local/lib/python3.8/site-packages/airflow/example_dags/example_branch_python_dop_operator_3.py
[2023-12-27T22:09:53.134+0000] {processor.py:840} INFO - DAG(s) 'example_branch_dop_operator_v3' retrieved from /home/airflow/.local/lib/python3.8/site-packages/airflow/example_dags/example_branch_python_dop_operator_3.py
[2023-12-27T22:09:53.173+0000] {logging_mixin.py:188} INFO - [2023-12-27T22:09:53.173+0000] {dag.py:3033} INFO - Sync 1 DAGs
[2023-12-27T22:09:53.205+0000] {logging_mixin.py:188} INFO - [2023-12-27T22:09:53.205+0000] {dag.py:3820} INFO - Setting next_dagrun for example_branch_dop_operator_v3 to 2023-12-27T22:08:00+00:00, run_after=2023-12-27T22:09:00+00:00
[2023-12-27T22:09:53.241+0000] {processor.py:183} INFO - Processing /home/airflow/.local/lib/python3.8/site-packages/airflow/example_dags/example_branch_python_dop_operator_3.py took 0.132 seconds
[2023-12-27T22:10:23.483+0000] {processor.py:161} INFO - Started process (PID=374) to work on /home/airflow/.local/lib/python3.8/site-packages/airflow/example_dags/example_branch_python_dop_operator_3.py
[2023-12-27T22:10:23.486+0000] {processor.py:830} INFO - Processing file /home/airflow/.local/lib/python3.8/site-packages/airflow/example_dags/example_branch_python_dop_operator_3.py for tasks to queue
[2023-12-27T22:10:23.490+0000] {logging_mixin.py:188} INFO - [2023-12-27T22:10:23.489+0000] {dagbag.py:538} INFO - Filling up the DagBag from /home/airflow/.local/lib/python3.8/site-packages/airflow/example_dags/example_branch_python_dop_operator_3.py
[2023-12-27T22:10:23.501+0000] {processor.py:840} INFO - DAG(s) 'example_branch_dop_operator_v3' retrieved from /home/airflow/.local/lib/python3.8/site-packages/airflow/example_dags/example_branch_python_dop_operator_3.py
[2023-12-27T22:10:23.525+0000] {logging_mixin.py:188} INFO - [2023-12-27T22:10:23.525+0000] {dag.py:3033} INFO - Sync 1 DAGs
[2023-12-27T22:10:23.564+0000] {logging_mixin.py:188} INFO - [2023-12-27T22:10:23.563+0000] {dag.py:3820} INFO - Setting next_dagrun for example_branch_dop_operator_v3 to 2023-12-27T22:09:00+00:00, run_after=2023-12-27T22:10:00+00:00
[2023-12-27T22:10:23.593+0000] {processor.py:183} INFO - Processing /home/airflow/.local/lib/python3.8/site-packages/airflow/example_dags/example_branch_python_dop_operator_3.py took 0.113 seconds
[2023-12-27T22:10:53.951+0000] {processor.py:161} INFO - Started process (PID=429) to work on /home/airflow/.local/lib/python3.8/site-packages/airflow/example_dags/example_branch_python_dop_operator_3.py
[2023-12-27T22:10:53.952+0000] {processor.py:830} INFO - Processing file /home/airflow/.local/lib/python3.8/site-packages/airflow/example_dags/example_branch_python_dop_operator_3.py for tasks to queue
[2023-12-27T22:10:53.955+0000] {logging_mixin.py:188} INFO - [2023-12-27T22:10:53.955+0000] {dagbag.py:538} INFO - Filling up the DagBag from /home/airflow/.local/lib/python3.8/site-packages/airflow/example_dags/example_branch_python_dop_operator_3.py
[2023-12-27T22:10:53.964+0000] {processor.py:840} INFO - DAG(s) 'example_branch_dop_operator_v3' retrieved from /home/airflow/.local/lib/python3.8/site-packages/airflow/example_dags/example_branch_python_dop_operator_3.py
[2023-12-27T22:10:53.990+0000] {logging_mixin.py:188} INFO - [2023-12-27T22:10:53.989+0000] {dag.py:3033} INFO - Sync 1 DAGs
[2023-12-27T22:10:54.021+0000] {logging_mixin.py:188} INFO - [2023-12-27T22:10:54.020+0000] {dag.py:3820} INFO - Setting next_dagrun for example_branch_dop_operator_v3 to 2023-12-27T22:09:00+00:00, run_after=2023-12-27T22:10:00+00:00
[2023-12-27T22:10:54.054+0000] {processor.py:183} INFO - Processing /home/airflow/.local/lib/python3.8/site-packages/airflow/example_dags/example_branch_python_dop_operator_3.py took 0.106 seconds
[2023-12-27T22:11:24.621+0000] {processor.py:161} INFO - Started process (PID=484) to work on /home/airflow/.local/lib/python3.8/site-packages/airflow/example_dags/example_branch_python_dop_operator_3.py
[2023-12-27T22:11:24.624+0000] {processor.py:830} INFO - Processing file /home/airflow/.local/lib/python3.8/site-packages/airflow/example_dags/example_branch_python_dop_operator_3.py for tasks to queue
[2023-12-27T22:11:24.632+0000] {logging_mixin.py:188} INFO - [2023-12-27T22:11:24.631+0000] {dagbag.py:538} INFO - Filling up the DagBag from /home/airflow/.local/lib/python3.8/site-packages/airflow/example_dags/example_branch_python_dop_operator_3.py
[2023-12-27T22:11:24.650+0000] {processor.py:840} INFO - DAG(s) 'example_branch_dop_operator_v3' retrieved from /home/airflow/.local/lib/python3.8/site-packages/airflow/example_dags/example_branch_python_dop_operator_3.py
[2023-12-27T22:11:24.685+0000] {logging_mixin.py:188} INFO - [2023-12-27T22:11:24.685+0000] {dag.py:3033} INFO - Sync 1 DAGs
[2023-12-27T22:11:24.735+0000] {logging_mixin.py:188} INFO - [2023-12-27T22:11:24.735+0000] {dag.py:3820} INFO - Setting next_dagrun for example_branch_dop_operator_v3 to 2023-12-27T22:10:00+00:00, run_after=2023-12-27T22:11:00+00:00
[2023-12-27T22:11:24.766+0000] {processor.py:183} INFO - Processing /home/airflow/.local/lib/python3.8/site-packages/airflow/example_dags/example_branch_python_dop_operator_3.py took 0.151 seconds
[2023-12-27T22:11:56.857+0000] {processor.py:161} INFO - Started process (PID=537) to work on /home/airflow/.local/lib/python3.8/site-packages/airflow/example_dags/example_branch_python_dop_operator_3.py
[2023-12-27T22:11:56.858+0000] {processor.py:830} INFO - Processing file /home/airflow/.local/lib/python3.8/site-packages/airflow/example_dags/example_branch_python_dop_operator_3.py for tasks to queue
[2023-12-27T22:11:56.861+0000] {logging_mixin.py:188} INFO - [2023-12-27T22:11:56.861+0000] {dagbag.py:538} INFO - Filling up the DagBag from /home/airflow/.local/lib/python3.8/site-packages/airflow/example_dags/example_branch_python_dop_operator_3.py
[2023-12-27T22:11:56.874+0000] {processor.py:840} INFO - DAG(s) 'example_branch_dop_operator_v3' retrieved from /home/airflow/.local/lib/python3.8/site-packages/airflow/example_dags/example_branch_python_dop_operator_3.py
[2023-12-27T22:11:56.904+0000] {logging_mixin.py:188} INFO - [2023-12-27T22:11:56.904+0000] {dag.py:3033} INFO - Sync 1 DAGs
[2023-12-27T22:11:56.944+0000] {logging_mixin.py:188} INFO - [2023-12-27T22:11:56.944+0000] {dag.py:3820} INFO - Setting next_dagrun for example_branch_dop_operator_v3 to 2023-12-27T22:10:00+00:00, run_after=2023-12-27T22:11:00+00:00
[2023-12-27T22:11:57.142+0000] {processor.py:183} INFO - Processing /home/airflow/.local/lib/python3.8/site-packages/airflow/example_dags/example_branch_python_dop_operator_3.py took 0.291 seconds
[2023-12-27T22:12:27.782+0000] {processor.py:161} INFO - Started process (PID=592) to work on /home/airflow/.local/lib/python3.8/site-packages/airflow/example_dags/example_branch_python_dop_operator_3.py
[2023-12-27T22:12:27.783+0000] {processor.py:830} INFO - Processing file /home/airflow/.local/lib/python3.8/site-packages/airflow/example_dags/example_branch_python_dop_operator_3.py for tasks to queue
[2023-12-27T22:12:27.786+0000] {logging_mixin.py:188} INFO - [2023-12-27T22:12:27.785+0000] {dagbag.py:538} INFO - Filling up the DagBag from /home/airflow/.local/lib/python3.8/site-packages/airflow/example_dags/example_branch_python_dop_operator_3.py
[2023-12-27T22:12:27.798+0000] {processor.py:840} INFO - DAG(s) 'example_branch_dop_operator_v3' retrieved from /home/airflow/.local/lib/python3.8/site-packages/airflow/example_dags/example_branch_python_dop_operator_3.py
[2023-12-27T22:12:27.823+0000] {logging_mixin.py:188} INFO - [2023-12-27T22:12:27.823+0000] {dag.py:3033} INFO - Sync 1 DAGs
[2023-12-27T22:12:27.863+0000] {logging_mixin.py:188} INFO - [2023-12-27T22:12:27.862+0000] {dag.py:3820} INFO - Setting next_dagrun for example_branch_dop_operator_v3 to 2023-12-27T22:11:00+00:00, run_after=2023-12-27T22:12:00+00:00
[2023-12-27T22:12:27.916+0000] {processor.py:183} INFO - Processing /home/airflow/.local/lib/python3.8/site-packages/airflow/example_dags/example_branch_python_dop_operator_3.py took 0.139 seconds
[2023-12-27T22:12:58.546+0000] {processor.py:161} INFO - Started process (PID=645) to work on /home/airflow/.local/lib/python3.8/site-packages/airflow/example_dags/example_branch_python_dop_operator_3.py
[2023-12-27T22:12:58.549+0000] {processor.py:830} INFO - Processing file /home/airflow/.local/lib/python3.8/site-packages/airflow/example_dags/example_branch_python_dop_operator_3.py for tasks to queue
[2023-12-27T22:12:58.561+0000] {logging_mixin.py:188} INFO - [2023-12-27T22:12:58.559+0000] {dagbag.py:538} INFO - Filling up the DagBag from /home/airflow/.local/lib/python3.8/site-packages/airflow/example_dags/example_branch_python_dop_operator_3.py
[2023-12-27T22:12:58.581+0000] {processor.py:840} INFO - DAG(s) 'example_branch_dop_operator_v3' retrieved from /home/airflow/.local/lib/python3.8/site-packages/airflow/example_dags/example_branch_python_dop_operator_3.py
[2023-12-27T22:12:58.657+0000] {logging_mixin.py:188} INFO - [2023-12-27T22:12:58.656+0000] {dag.py:3033} INFO - Sync 1 DAGs
[2023-12-27T22:12:58.743+0000] {logging_mixin.py:188} INFO - [2023-12-27T22:12:58.742+0000] {dag.py:3820} INFO - Setting next_dagrun for example_branch_dop_operator_v3 to 2023-12-27T22:11:00+00:00, run_after=2023-12-27T22:12:00+00:00
[2023-12-27T22:12:58.873+0000] {processor.py:183} INFO - Processing /home/airflow/.local/lib/python3.8/site-packages/airflow/example_dags/example_branch_python_dop_operator_3.py took 0.334 seconds
[2023-12-27T22:13:29.847+0000] {processor.py:161} INFO - Started process (PID=706) to work on /home/airflow/.local/lib/python3.8/site-packages/airflow/example_dags/example_branch_python_dop_operator_3.py
[2023-12-27T22:13:29.849+0000] {processor.py:830} INFO - Processing file /home/airflow/.local/lib/python3.8/site-packages/airflow/example_dags/example_branch_python_dop_operator_3.py for tasks to queue
[2023-12-27T22:13:29.853+0000] {logging_mixin.py:188} INFO - [2023-12-27T22:13:29.853+0000] {dagbag.py:538} INFO - Filling up the DagBag from /home/airflow/.local/lib/python3.8/site-packages/airflow/example_dags/example_branch_python_dop_operator_3.py
[2023-12-27T22:13:29.867+0000] {processor.py:840} INFO - DAG(s) 'example_branch_dop_operator_v3' retrieved from /home/airflow/.local/lib/python3.8/site-packages/airflow/example_dags/example_branch_python_dop_operator_3.py
[2023-12-27T22:13:29.896+0000] {logging_mixin.py:188} INFO - [2023-12-27T22:13:29.896+0000] {dag.py:3033} INFO - Sync 1 DAGs
[2023-12-27T22:13:29.934+0000] {logging_mixin.py:188} INFO - [2023-12-27T22:13:29.933+0000] {dag.py:3820} INFO - Setting next_dagrun for example_branch_dop_operator_v3 to 2023-12-27T22:12:00+00:00, run_after=2023-12-27T22:13:00+00:00
[2023-12-27T22:13:29.971+0000] {processor.py:183} INFO - Processing /home/airflow/.local/lib/python3.8/site-packages/airflow/example_dags/example_branch_python_dop_operator_3.py took 0.128 seconds
[2023-12-27T22:14:00.363+0000] {processor.py:161} INFO - Started process (PID=761) to work on /home/airflow/.local/lib/python3.8/site-packages/airflow/example_dags/example_branch_python_dop_operator_3.py
[2023-12-27T22:14:00.364+0000] {processor.py:830} INFO - Processing file /home/airflow/.local/lib/python3.8/site-packages/airflow/example_dags/example_branch_python_dop_operator_3.py for tasks to queue
[2023-12-27T22:14:00.368+0000] {logging_mixin.py:188} INFO - [2023-12-27T22:14:00.367+0000] {dagbag.py:538} INFO - Filling up the DagBag from /home/airflow/.local/lib/python3.8/site-packages/airflow/example_dags/example_branch_python_dop_operator_3.py
[2023-12-27T22:14:00.381+0000] {processor.py:840} INFO - DAG(s) 'example_branch_dop_operator_v3' retrieved from /home/airflow/.local/lib/python3.8/site-packages/airflow/example_dags/example_branch_python_dop_operator_3.py
[2023-12-27T22:14:00.410+0000] {logging_mixin.py:188} INFO - [2023-12-27T22:14:00.410+0000] {dag.py:3033} INFO - Sync 1 DAGs
[2023-12-27T22:14:00.441+0000] {logging_mixin.py:188} INFO - [2023-12-27T22:14:00.441+0000] {dag.py:3820} INFO - Setting next_dagrun for example_branch_dop_operator_v3 to 2023-12-27T22:13:00+00:00, run_after=2023-12-27T22:14:00+00:00
[2023-12-27T22:14:00.471+0000] {processor.py:183} INFO - Processing /home/airflow/.local/lib/python3.8/site-packages/airflow/example_dags/example_branch_python_dop_operator_3.py took 0.114 seconds
[2023-12-27T22:14:30.856+0000] {processor.py:161} INFO - Started process (PID=816) to work on /home/airflow/.local/lib/python3.8/site-packages/airflow/example_dags/example_branch_python_dop_operator_3.py
[2023-12-27T22:14:30.858+0000] {processor.py:830} INFO - Processing file /home/airflow/.local/lib/python3.8/site-packages/airflow/example_dags/example_branch_python_dop_operator_3.py for tasks to queue
[2023-12-27T22:14:30.862+0000] {logging_mixin.py:188} INFO - [2023-12-27T22:14:30.861+0000] {dagbag.py:538} INFO - Filling up the DagBag from /home/airflow/.local/lib/python3.8/site-packages/airflow/example_dags/example_branch_python_dop_operator_3.py
[2023-12-27T22:14:30.892+0000] {processor.py:840} INFO - DAG(s) 'example_branch_dop_operator_v3' retrieved from /home/airflow/.local/lib/python3.8/site-packages/airflow/example_dags/example_branch_python_dop_operator_3.py
[2023-12-27T22:14:30.919+0000] {logging_mixin.py:188} INFO - [2023-12-27T22:14:30.919+0000] {dag.py:3033} INFO - Sync 1 DAGs
[2023-12-27T22:14:30.962+0000] {logging_mixin.py:188} INFO - [2023-12-27T22:14:30.962+0000] {dag.py:3820} INFO - Setting next_dagrun for example_branch_dop_operator_v3 to 2023-12-27T22:13:00+00:00, run_after=2023-12-27T22:14:00+00:00
[2023-12-27T22:14:30.998+0000] {processor.py:183} INFO - Processing /home/airflow/.local/lib/python3.8/site-packages/airflow/example_dags/example_branch_python_dop_operator_3.py took 0.150 seconds
[2023-12-27T22:15:01.411+0000] {processor.py:161} INFO - Started process (PID=871) to work on /home/airflow/.local/lib/python3.8/site-packages/airflow/example_dags/example_branch_python_dop_operator_3.py
[2023-12-27T22:15:01.413+0000] {processor.py:830} INFO - Processing file /home/airflow/.local/lib/python3.8/site-packages/airflow/example_dags/example_branch_python_dop_operator_3.py for tasks to queue
[2023-12-27T22:15:01.416+0000] {logging_mixin.py:188} INFO - [2023-12-27T22:15:01.416+0000] {dagbag.py:538} INFO - Filling up the DagBag from /home/airflow/.local/lib/python3.8/site-packages/airflow/example_dags/example_branch_python_dop_operator_3.py
[2023-12-27T22:15:01.429+0000] {processor.py:840} INFO - DAG(s) 'example_branch_dop_operator_v3' retrieved from /home/airflow/.local/lib/python3.8/site-packages/airflow/example_dags/example_branch_python_dop_operator_3.py
[2023-12-27T22:15:01.459+0000] {logging_mixin.py:188} INFO - [2023-12-27T22:15:01.459+0000] {dag.py:3033} INFO - Sync 1 DAGs
[2023-12-27T22:15:01.503+0000] {logging_mixin.py:188} INFO - [2023-12-27T22:15:01.502+0000] {dag.py:3820} INFO - Setting next_dagrun for example_branch_dop_operator_v3 to 2023-12-27T22:14:00+00:00, run_after=2023-12-27T22:15:00+00:00
[2023-12-27T22:15:01.548+0000] {processor.py:183} INFO - Processing /home/airflow/.local/lib/python3.8/site-packages/airflow/example_dags/example_branch_python_dop_operator_3.py took 0.142 seconds
[2023-12-27T22:15:32.087+0000] {processor.py:161} INFO - Started process (PID=926) to work on /home/airflow/.local/lib/python3.8/site-packages/airflow/example_dags/example_branch_python_dop_operator_3.py
[2023-12-27T22:15:32.089+0000] {processor.py:830} INFO - Processing file /home/airflow/.local/lib/python3.8/site-packages/airflow/example_dags/example_branch_python_dop_operator_3.py for tasks to queue
[2023-12-27T22:15:32.092+0000] {logging_mixin.py:188} INFO - [2023-12-27T22:15:32.092+0000] {dagbag.py:538} INFO - Filling up the DagBag from /home/airflow/.local/lib/python3.8/site-packages/airflow/example_dags/example_branch_python_dop_operator_3.py
[2023-12-27T22:15:32.104+0000] {processor.py:840} INFO - DAG(s) 'example_branch_dop_operator_v3' retrieved from /home/airflow/.local/lib/python3.8/site-packages/airflow/example_dags/example_branch_python_dop_operator_3.py
[2023-12-27T22:15:32.134+0000] {logging_mixin.py:188} INFO - [2023-12-27T22:15:32.133+0000] {dag.py:3033} INFO - Sync 1 DAGs
[2023-12-27T22:15:32.168+0000] {logging_mixin.py:188} INFO - [2023-12-27T22:15:32.168+0000] {dag.py:3820} INFO - Setting next_dagrun for example_branch_dop_operator_v3 to 2023-12-27T22:14:00+00:00, run_after=2023-12-27T22:15:00+00:00
[2023-12-27T22:15:32.199+0000] {processor.py:183} INFO - Processing /home/airflow/.local/lib/python3.8/site-packages/airflow/example_dags/example_branch_python_dop_operator_3.py took 0.116 seconds
[2023-12-27T22:16:02.907+0000] {processor.py:161} INFO - Started process (PID=981) to work on /home/airflow/.local/lib/python3.8/site-packages/airflow/example_dags/example_branch_python_dop_operator_3.py
[2023-12-27T22:16:02.918+0000] {processor.py:830} INFO - Processing file /home/airflow/.local/lib/python3.8/site-packages/airflow/example_dags/example_branch_python_dop_operator_3.py for tasks to queue
[2023-12-27T22:16:02.921+0000] {logging_mixin.py:188} INFO - [2023-12-27T22:16:02.920+0000] {dagbag.py:538} INFO - Filling up the DagBag from /home/airflow/.local/lib/python3.8/site-packages/airflow/example_dags/example_branch_python_dop_operator_3.py
[2023-12-27T22:16:02.940+0000] {processor.py:840} INFO - DAG(s) 'example_branch_dop_operator_v3' retrieved from /home/airflow/.local/lib/python3.8/site-packages/airflow/example_dags/example_branch_python_dop_operator_3.py
[2023-12-27T22:16:02.978+0000] {logging_mixin.py:188} INFO - [2023-12-27T22:16:02.978+0000] {dag.py:3033} INFO - Sync 1 DAGs
[2023-12-27T22:16:03.019+0000] {logging_mixin.py:188} INFO - [2023-12-27T22:16:03.019+0000] {dag.py:3820} INFO - Setting next_dagrun for example_branch_dop_operator_v3 to 2023-12-27T22:15:00+00:00, run_after=2023-12-27T22:16:00+00:00
[2023-12-27T22:16:03.066+0000] {processor.py:183} INFO - Processing /home/airflow/.local/lib/python3.8/site-packages/airflow/example_dags/example_branch_python_dop_operator_3.py took 0.166 seconds
[2023-12-27T22:16:33.507+0000] {processor.py:161} INFO - Started process (PID=1035) to work on /home/airflow/.local/lib/python3.8/site-packages/airflow/example_dags/example_branch_python_dop_operator_3.py
[2023-12-27T22:16:33.514+0000] {processor.py:830} INFO - Processing file /home/airflow/.local/lib/python3.8/site-packages/airflow/example_dags/example_branch_python_dop_operator_3.py for tasks to queue
[2023-12-27T22:16:33.518+0000] {logging_mixin.py:188} INFO - [2023-12-27T22:16:33.518+0000] {dagbag.py:538} INFO - Filling up the DagBag from /home/airflow/.local/lib/python3.8/site-packages/airflow/example_dags/example_branch_python_dop_operator_3.py
[2023-12-27T22:16:33.534+0000] {processor.py:840} INFO - DAG(s) 'example_branch_dop_operator_v3' retrieved from /home/airflow/.local/lib/python3.8/site-packages/airflow/example_dags/example_branch_python_dop_operator_3.py
[2023-12-27T22:16:33.568+0000] {logging_mixin.py:188} INFO - [2023-12-27T22:16:33.567+0000] {dag.py:3033} INFO - Sync 1 DAGs
[2023-12-27T22:16:33.607+0000] {logging_mixin.py:188} INFO - [2023-12-27T22:16:33.606+0000] {dag.py:3820} INFO - Setting next_dagrun for example_branch_dop_operator_v3 to 2023-12-27T22:15:00+00:00, run_after=2023-12-27T22:16:00+00:00
[2023-12-27T22:16:33.666+0000] {processor.py:183} INFO - Processing /home/airflow/.local/lib/python3.8/site-packages/airflow/example_dags/example_branch_python_dop_operator_3.py took 0.165 seconds
[2023-12-27T22:17:04.312+0000] {processor.py:161} INFO - Started process (PID=1091) to work on /home/airflow/.local/lib/python3.8/site-packages/airflow/example_dags/example_branch_python_dop_operator_3.py
[2023-12-27T22:17:04.313+0000] {processor.py:830} INFO - Processing file /home/airflow/.local/lib/python3.8/site-packages/airflow/example_dags/example_branch_python_dop_operator_3.py for tasks to queue
[2023-12-27T22:17:04.316+0000] {logging_mixin.py:188} INFO - [2023-12-27T22:17:04.316+0000] {dagbag.py:538} INFO - Filling up the DagBag from /home/airflow/.local/lib/python3.8/site-packages/airflow/example_dags/example_branch_python_dop_operator_3.py
[2023-12-27T22:17:04.330+0000] {processor.py:840} INFO - DAG(s) 'example_branch_dop_operator_v3' retrieved from /home/airflow/.local/lib/python3.8/site-packages/airflow/example_dags/example_branch_python_dop_operator_3.py
[2023-12-27T22:17:04.360+0000] {logging_mixin.py:188} INFO - [2023-12-27T22:17:04.360+0000] {dag.py:3033} INFO - Sync 1 DAGs
[2023-12-27T22:17:04.395+0000] {logging_mixin.py:188} INFO - [2023-12-27T22:17:04.395+0000] {dag.py:3820} INFO - Setting next_dagrun for example_branch_dop_operator_v3 to 2023-12-27T22:16:00+00:00, run_after=2023-12-27T22:17:00+00:00
[2023-12-27T22:17:04.434+0000] {processor.py:183} INFO - Processing /home/airflow/.local/lib/python3.8/site-packages/airflow/example_dags/example_branch_python_dop_operator_3.py took 0.127 seconds
[2023-12-27T22:17:34.666+0000] {processor.py:161} INFO - Started process (PID=1146) to work on /home/airflow/.local/lib/python3.8/site-packages/airflow/example_dags/example_branch_python_dop_operator_3.py
[2023-12-27T22:17:34.667+0000] {processor.py:830} INFO - Processing file /home/airflow/.local/lib/python3.8/site-packages/airflow/example_dags/example_branch_python_dop_operator_3.py for tasks to queue
[2023-12-27T22:17:34.671+0000] {logging_mixin.py:188} INFO - [2023-12-27T22:17:34.670+0000] {dagbag.py:538} INFO - Filling up the DagBag from /home/airflow/.local/lib/python3.8/site-packages/airflow/example_dags/example_branch_python_dop_operator_3.py
[2023-12-27T22:17:34.680+0000] {processor.py:840} INFO - DAG(s) 'example_branch_dop_operator_v3' retrieved from /home/airflow/.local/lib/python3.8/site-packages/airflow/example_dags/example_branch_python_dop_operator_3.py
[2023-12-27T22:17:34.706+0000] {logging_mixin.py:188} INFO - [2023-12-27T22:17:34.706+0000] {dag.py:3033} INFO - Sync 1 DAGs
[2023-12-27T22:17:34.740+0000] {logging_mixin.py:188} INFO - [2023-12-27T22:17:34.740+0000] {dag.py:3820} INFO - Setting next_dagrun for example_branch_dop_operator_v3 to 2023-12-27T22:16:00+00:00, run_after=2023-12-27T22:17:00+00:00
[2023-12-27T22:17:34.771+0000] {processor.py:183} INFO - Processing /home/airflow/.local/lib/python3.8/site-packages/airflow/example_dags/example_branch_python_dop_operator_3.py took 0.109 seconds
[2023-12-27T22:18:04.978+0000] {processor.py:161} INFO - Started process (PID=1201) to work on /home/airflow/.local/lib/python3.8/site-packages/airflow/example_dags/example_branch_python_dop_operator_3.py
[2023-12-27T22:18:04.980+0000] {processor.py:830} INFO - Processing file /home/airflow/.local/lib/python3.8/site-packages/airflow/example_dags/example_branch_python_dop_operator_3.py for tasks to queue
[2023-12-27T22:18:04.983+0000] {logging_mixin.py:188} INFO - [2023-12-27T22:18:04.982+0000] {dagbag.py:538} INFO - Filling up the DagBag from /home/airflow/.local/lib/python3.8/site-packages/airflow/example_dags/example_branch_python_dop_operator_3.py
[2023-12-27T22:18:04.992+0000] {processor.py:840} INFO - DAG(s) 'example_branch_dop_operator_v3' retrieved from /home/airflow/.local/lib/python3.8/site-packages/airflow/example_dags/example_branch_python_dop_operator_3.py
[2023-12-27T22:18:05.019+0000] {logging_mixin.py:188} INFO - [2023-12-27T22:18:05.019+0000] {dag.py:3033} INFO - Sync 1 DAGs
[2023-12-27T22:18:05.053+0000] {logging_mixin.py:188} INFO - [2023-12-27T22:18:05.052+0000] {dag.py:3820} INFO - Setting next_dagrun for example_branch_dop_operator_v3 to 2023-12-27T22:17:00+00:00, run_after=2023-12-27T22:18:00+00:00
[2023-12-27T22:18:05.092+0000] {processor.py:183} INFO - Processing /home/airflow/.local/lib/python3.8/site-packages/airflow/example_dags/example_branch_python_dop_operator_3.py took 0.117 seconds
