[2023-12-27T22:07:33.283+0000] {processor.py:161} INFO - Started process (PID=93) to work on /home/airflow/.local/lib/python3.8/site-packages/airflow/example_dags/example_branch_operator.py
[2023-12-27T22:07:33.288+0000] {processor.py:830} INFO - Processing file /home/airflow/.local/lib/python3.8/site-packages/airflow/example_dags/example_branch_operator.py for tasks to queue
[2023-12-27T22:07:33.293+0000] {logging_mixin.py:188} INFO - [2023-12-27T22:07:33.293+0000] {dagbag.py:538} INFO - Filling up the DagBag from /home/airflow/.local/lib/python3.8/site-packages/airflow/example_dags/example_branch_operator.py
[2023-12-27T22:07:33.376+0000] {processor.py:840} INFO - DAG(s) 'example_branch_operator' retrieved from /home/airflow/.local/lib/python3.8/site-packages/airflow/example_dags/example_branch_operator.py
[2023-12-27T22:07:33.867+0000] {logging_mixin.py:188} INFO - [2023-12-27T22:07:33.866+0000] {dag.py:3033} INFO - Sync 1 DAGs
[2023-12-27T22:07:33.970+0000] {logging_mixin.py:188} INFO - [2023-12-27T22:07:33.969+0000] {dag.py:3820} INFO - Setting next_dagrun for example_branch_operator to 2023-12-26T00:00:00+00:00, run_after=2023-12-27T00:00:00+00:00
[2023-12-27T22:07:34.591+0000] {processor.py:183} INFO - Processing /home/airflow/.local/lib/python3.8/site-packages/airflow/example_dags/example_branch_operator.py took 1.313 seconds
[2023-12-27T22:08:05.084+0000] {processor.py:161} INFO - Started process (PID=149) to work on /home/airflow/.local/lib/python3.8/site-packages/airflow/example_dags/example_branch_operator.py
[2023-12-27T22:08:05.141+0000] {processor.py:830} INFO - Processing file /home/airflow/.local/lib/python3.8/site-packages/airflow/example_dags/example_branch_operator.py for tasks to queue
[2023-12-27T22:08:05.145+0000] {logging_mixin.py:188} INFO - [2023-12-27T22:08:05.144+0000] {dagbag.py:538} INFO - Filling up the DagBag from /home/airflow/.local/lib/python3.8/site-packages/airflow/example_dags/example_branch_operator.py
[2023-12-27T22:08:05.174+0000] {processor.py:840} INFO - DAG(s) 'example_branch_operator' retrieved from /home/airflow/.local/lib/python3.8/site-packages/airflow/example_dags/example_branch_operator.py
[2023-12-27T22:08:05.259+0000] {logging_mixin.py:188} INFO - [2023-12-27T22:08:05.259+0000] {dag.py:3033} INFO - Sync 1 DAGs
[2023-12-27T22:08:05.293+0000] {logging_mixin.py:188} INFO - [2023-12-27T22:08:05.293+0000] {dag.py:3820} INFO - Setting next_dagrun for example_branch_operator to 2023-12-26T00:00:00+00:00, run_after=2023-12-27T00:00:00+00:00
[2023-12-27T22:08:05.506+0000] {processor.py:183} INFO - Processing /home/airflow/.local/lib/python3.8/site-packages/airflow/example_dags/example_branch_operator.py took 0.427 seconds
[2023-12-27T22:08:51.979+0000] {processor.py:161} INFO - Started process (PID=220) to work on /home/airflow/.local/lib/python3.8/site-packages/airflow/example_dags/example_branch_operator.py
[2023-12-27T22:08:51.983+0000] {processor.py:830} INFO - Processing file /home/airflow/.local/lib/python3.8/site-packages/airflow/example_dags/example_branch_operator.py for tasks to queue
[2023-12-27T22:08:51.987+0000] {logging_mixin.py:188} INFO - [2023-12-27T22:08:51.986+0000] {dagbag.py:538} INFO - Filling up the DagBag from /home/airflow/.local/lib/python3.8/site-packages/airflow/example_dags/example_branch_operator.py
[2023-12-27T22:08:52.019+0000] {processor.py:840} INFO - DAG(s) 'example_branch_operator' retrieved from /home/airflow/.local/lib/python3.8/site-packages/airflow/example_dags/example_branch_operator.py
[2023-12-27T22:08:52.054+0000] {logging_mixin.py:188} INFO - [2023-12-27T22:08:52.053+0000] {dag.py:3033} INFO - Sync 1 DAGs
[2023-12-27T22:08:52.083+0000] {logging_mixin.py:188} INFO - [2023-12-27T22:08:52.082+0000] {dag.py:3820} INFO - Setting next_dagrun for example_branch_operator to 2023-12-26T00:00:00+00:00, run_after=2023-12-27T00:00:00+00:00
[2023-12-27T22:08:52.373+0000] {processor.py:183} INFO - Processing /home/airflow/.local/lib/python3.8/site-packages/airflow/example_dags/example_branch_operator.py took 0.401 seconds
[2023-12-27T22:09:23.298+0000] {processor.py:161} INFO - Started process (PID=275) to work on /home/airflow/.local/lib/python3.8/site-packages/airflow/example_dags/example_branch_operator.py
[2023-12-27T22:09:23.300+0000] {processor.py:830} INFO - Processing file /home/airflow/.local/lib/python3.8/site-packages/airflow/example_dags/example_branch_operator.py for tasks to queue
[2023-12-27T22:09:23.303+0000] {logging_mixin.py:188} INFO - [2023-12-27T22:09:23.303+0000] {dagbag.py:538} INFO - Filling up the DagBag from /home/airflow/.local/lib/python3.8/site-packages/airflow/example_dags/example_branch_operator.py
[2023-12-27T22:09:23.326+0000] {processor.py:840} INFO - DAG(s) 'example_branch_operator' retrieved from /home/airflow/.local/lib/python3.8/site-packages/airflow/example_dags/example_branch_operator.py
[2023-12-27T22:09:23.371+0000] {logging_mixin.py:188} INFO - [2023-12-27T22:09:23.371+0000] {dag.py:3033} INFO - Sync 1 DAGs
[2023-12-27T22:09:23.411+0000] {logging_mixin.py:188} INFO - [2023-12-27T22:09:23.410+0000] {dag.py:3820} INFO - Setting next_dagrun for example_branch_operator to 2023-12-26T00:00:00+00:00, run_after=2023-12-27T00:00:00+00:00
[2023-12-27T22:09:23.446+0000] {processor.py:183} INFO - Processing /home/airflow/.local/lib/python3.8/site-packages/airflow/example_dags/example_branch_operator.py took 0.151 seconds
[2023-12-27T22:09:54.013+0000] {processor.py:161} INFO - Started process (PID=330) to work on /home/airflow/.local/lib/python3.8/site-packages/airflow/example_dags/example_branch_operator.py
[2023-12-27T22:09:54.014+0000] {processor.py:830} INFO - Processing file /home/airflow/.local/lib/python3.8/site-packages/airflow/example_dags/example_branch_operator.py for tasks to queue
[2023-12-27T22:09:54.017+0000] {logging_mixin.py:188} INFO - [2023-12-27T22:09:54.017+0000] {dagbag.py:538} INFO - Filling up the DagBag from /home/airflow/.local/lib/python3.8/site-packages/airflow/example_dags/example_branch_operator.py
[2023-12-27T22:09:54.038+0000] {processor.py:840} INFO - DAG(s) 'example_branch_operator' retrieved from /home/airflow/.local/lib/python3.8/site-packages/airflow/example_dags/example_branch_operator.py
[2023-12-27T22:09:54.074+0000] {logging_mixin.py:188} INFO - [2023-12-27T22:09:54.073+0000] {dag.py:3033} INFO - Sync 1 DAGs
[2023-12-27T22:09:54.107+0000] {logging_mixin.py:188} INFO - [2023-12-27T22:09:54.107+0000] {dag.py:3820} INFO - Setting next_dagrun for example_branch_operator to 2023-12-26T00:00:00+00:00, run_after=2023-12-27T00:00:00+00:00
[2023-12-27T22:09:54.144+0000] {processor.py:183} INFO - Processing /home/airflow/.local/lib/python3.8/site-packages/airflow/example_dags/example_branch_operator.py took 0.134 seconds
[2023-12-27T22:10:24.384+0000] {processor.py:161} INFO - Started process (PID=385) to work on /home/airflow/.local/lib/python3.8/site-packages/airflow/example_dags/example_branch_operator.py
[2023-12-27T22:10:24.386+0000] {processor.py:830} INFO - Processing file /home/airflow/.local/lib/python3.8/site-packages/airflow/example_dags/example_branch_operator.py for tasks to queue
[2023-12-27T22:10:24.389+0000] {logging_mixin.py:188} INFO - [2023-12-27T22:10:24.388+0000] {dagbag.py:538} INFO - Filling up the DagBag from /home/airflow/.local/lib/python3.8/site-packages/airflow/example_dags/example_branch_operator.py
[2023-12-27T22:10:24.412+0000] {processor.py:840} INFO - DAG(s) 'example_branch_operator' retrieved from /home/airflow/.local/lib/python3.8/site-packages/airflow/example_dags/example_branch_operator.py
[2023-12-27T22:10:24.448+0000] {logging_mixin.py:188} INFO - [2023-12-27T22:10:24.448+0000] {dag.py:3033} INFO - Sync 1 DAGs
[2023-12-27T22:10:24.479+0000] {logging_mixin.py:188} INFO - [2023-12-27T22:10:24.479+0000] {dag.py:3820} INFO - Setting next_dagrun for example_branch_operator to 2023-12-26T00:00:00+00:00, run_after=2023-12-27T00:00:00+00:00
[2023-12-27T22:10:24.513+0000] {processor.py:183} INFO - Processing /home/airflow/.local/lib/python3.8/site-packages/airflow/example_dags/example_branch_operator.py took 0.134 seconds
[2023-12-27T22:10:55.202+0000] {processor.py:161} INFO - Started process (PID=440) to work on /home/airflow/.local/lib/python3.8/site-packages/airflow/example_dags/example_branch_operator.py
[2023-12-27T22:10:55.203+0000] {processor.py:830} INFO - Processing file /home/airflow/.local/lib/python3.8/site-packages/airflow/example_dags/example_branch_operator.py for tasks to queue
[2023-12-27T22:10:55.206+0000] {logging_mixin.py:188} INFO - [2023-12-27T22:10:55.206+0000] {dagbag.py:538} INFO - Filling up the DagBag from /home/airflow/.local/lib/python3.8/site-packages/airflow/example_dags/example_branch_operator.py
[2023-12-27T22:10:55.227+0000] {processor.py:840} INFO - DAG(s) 'example_branch_operator' retrieved from /home/airflow/.local/lib/python3.8/site-packages/airflow/example_dags/example_branch_operator.py
[2023-12-27T22:10:55.261+0000] {logging_mixin.py:188} INFO - [2023-12-27T22:10:55.261+0000] {dag.py:3033} INFO - Sync 1 DAGs
[2023-12-27T22:10:55.291+0000] {logging_mixin.py:188} INFO - [2023-12-27T22:10:55.291+0000] {dag.py:3820} INFO - Setting next_dagrun for example_branch_operator to 2023-12-26T00:00:00+00:00, run_after=2023-12-27T00:00:00+00:00
[2023-12-27T22:10:55.319+0000] {processor.py:183} INFO - Processing /home/airflow/.local/lib/python3.8/site-packages/airflow/example_dags/example_branch_operator.py took 0.122 seconds
[2023-12-27T22:11:25.945+0000] {processor.py:161} INFO - Started process (PID=495) to work on /home/airflow/.local/lib/python3.8/site-packages/airflow/example_dags/example_branch_operator.py
[2023-12-27T22:11:25.946+0000] {processor.py:830} INFO - Processing file /home/airflow/.local/lib/python3.8/site-packages/airflow/example_dags/example_branch_operator.py for tasks to queue
[2023-12-27T22:11:25.949+0000] {logging_mixin.py:188} INFO - [2023-12-27T22:11:25.948+0000] {dagbag.py:538} INFO - Filling up the DagBag from /home/airflow/.local/lib/python3.8/site-packages/airflow/example_dags/example_branch_operator.py
[2023-12-27T22:11:25.969+0000] {processor.py:840} INFO - DAG(s) 'example_branch_operator' retrieved from /home/airflow/.local/lib/python3.8/site-packages/airflow/example_dags/example_branch_operator.py
[2023-12-27T22:11:26.004+0000] {logging_mixin.py:188} INFO - [2023-12-27T22:11:26.004+0000] {dag.py:3033} INFO - Sync 1 DAGs
[2023-12-27T22:11:26.040+0000] {logging_mixin.py:188} INFO - [2023-12-27T22:11:26.039+0000] {dag.py:3820} INFO - Setting next_dagrun for example_branch_operator to 2023-12-26T00:00:00+00:00, run_after=2023-12-27T00:00:00+00:00
[2023-12-27T22:11:26.069+0000] {processor.py:183} INFO - Processing /home/airflow/.local/lib/python3.8/site-packages/airflow/example_dags/example_branch_operator.py took 0.128 seconds
[2023-12-27T22:11:59.054+0000] {processor.py:161} INFO - Started process (PID=556) to work on /home/airflow/.local/lib/python3.8/site-packages/airflow/example_dags/example_branch_operator.py
[2023-12-27T22:11:59.056+0000] {processor.py:830} INFO - Processing file /home/airflow/.local/lib/python3.8/site-packages/airflow/example_dags/example_branch_operator.py for tasks to queue
[2023-12-27T22:11:59.060+0000] {logging_mixin.py:188} INFO - [2023-12-27T22:11:59.059+0000] {dagbag.py:538} INFO - Filling up the DagBag from /home/airflow/.local/lib/python3.8/site-packages/airflow/example_dags/example_branch_operator.py
[2023-12-27T22:11:59.118+0000] {processor.py:840} INFO - DAG(s) 'example_branch_operator' retrieved from /home/airflow/.local/lib/python3.8/site-packages/airflow/example_dags/example_branch_operator.py
[2023-12-27T22:11:59.214+0000] {logging_mixin.py:188} INFO - [2023-12-27T22:11:59.213+0000] {dag.py:3033} INFO - Sync 1 DAGs
[2023-12-27T22:11:59.290+0000] {logging_mixin.py:188} INFO - [2023-12-27T22:11:59.289+0000] {dag.py:3820} INFO - Setting next_dagrun for example_branch_operator to 2023-12-26T00:00:00+00:00, run_after=2023-12-27T00:00:00+00:00
[2023-12-27T22:11:59.330+0000] {processor.py:183} INFO - Processing /home/airflow/.local/lib/python3.8/site-packages/airflow/example_dags/example_branch_operator.py took 0.285 seconds
[2023-12-27T22:12:30.432+0000] {processor.py:161} INFO - Started process (PID=611) to work on /home/airflow/.local/lib/python3.8/site-packages/airflow/example_dags/example_branch_operator.py
[2023-12-27T22:12:30.433+0000] {processor.py:830} INFO - Processing file /home/airflow/.local/lib/python3.8/site-packages/airflow/example_dags/example_branch_operator.py for tasks to queue
[2023-12-27T22:12:30.436+0000] {logging_mixin.py:188} INFO - [2023-12-27T22:12:30.436+0000] {dagbag.py:538} INFO - Filling up the DagBag from /home/airflow/.local/lib/python3.8/site-packages/airflow/example_dags/example_branch_operator.py
[2023-12-27T22:12:30.460+0000] {processor.py:840} INFO - DAG(s) 'example_branch_operator' retrieved from /home/airflow/.local/lib/python3.8/site-packages/airflow/example_dags/example_branch_operator.py
[2023-12-27T22:12:30.495+0000] {logging_mixin.py:188} INFO - [2023-12-27T22:12:30.494+0000] {dag.py:3033} INFO - Sync 1 DAGs
[2023-12-27T22:12:30.526+0000] {logging_mixin.py:188} INFO - [2023-12-27T22:12:30.526+0000] {dag.py:3820} INFO - Setting next_dagrun for example_branch_operator to 2023-12-26T00:00:00+00:00, run_after=2023-12-27T00:00:00+00:00
[2023-12-27T22:12:30.556+0000] {processor.py:183} INFO - Processing /home/airflow/.local/lib/python3.8/site-packages/airflow/example_dags/example_branch_operator.py took 0.128 seconds
[2023-12-27T22:13:02.498+0000] {processor.py:161} INFO - Started process (PID=668) to work on /home/airflow/.local/lib/python3.8/site-packages/airflow/example_dags/example_branch_operator.py
[2023-12-27T22:13:02.500+0000] {processor.py:830} INFO - Processing file /home/airflow/.local/lib/python3.8/site-packages/airflow/example_dags/example_branch_operator.py for tasks to queue
[2023-12-27T22:13:02.504+0000] {logging_mixin.py:188} INFO - [2023-12-27T22:13:02.503+0000] {dagbag.py:538} INFO - Filling up the DagBag from /home/airflow/.local/lib/python3.8/site-packages/airflow/example_dags/example_branch_operator.py
[2023-12-27T22:13:02.528+0000] {processor.py:840} INFO - DAG(s) 'example_branch_operator' retrieved from /home/airflow/.local/lib/python3.8/site-packages/airflow/example_dags/example_branch_operator.py
[2023-12-27T22:13:02.570+0000] {logging_mixin.py:188} INFO - [2023-12-27T22:13:02.569+0000] {dag.py:3033} INFO - Sync 1 DAGs
[2023-12-27T22:13:02.606+0000] {logging_mixin.py:188} INFO - [2023-12-27T22:13:02.606+0000] {dag.py:3820} INFO - Setting next_dagrun for example_branch_operator to 2023-12-26T00:00:00+00:00, run_after=2023-12-27T00:00:00+00:00
[2023-12-27T22:13:02.637+0000] {processor.py:183} INFO - Processing /home/airflow/.local/lib/python3.8/site-packages/airflow/example_dags/example_branch_operator.py took 0.143 seconds
[2023-12-27T22:13:33.595+0000] {processor.py:161} INFO - Started process (PID=723) to work on /home/airflow/.local/lib/python3.8/site-packages/airflow/example_dags/example_branch_operator.py
[2023-12-27T22:13:33.596+0000] {processor.py:830} INFO - Processing file /home/airflow/.local/lib/python3.8/site-packages/airflow/example_dags/example_branch_operator.py for tasks to queue
[2023-12-27T22:13:33.600+0000] {logging_mixin.py:188} INFO - [2023-12-27T22:13:33.600+0000] {dagbag.py:538} INFO - Filling up the DagBag from /home/airflow/.local/lib/python3.8/site-packages/airflow/example_dags/example_branch_operator.py
[2023-12-27T22:13:33.627+0000] {processor.py:840} INFO - DAG(s) 'example_branch_operator' retrieved from /home/airflow/.local/lib/python3.8/site-packages/airflow/example_dags/example_branch_operator.py
[2023-12-27T22:13:33.663+0000] {logging_mixin.py:188} INFO - [2023-12-27T22:13:33.663+0000] {dag.py:3033} INFO - Sync 1 DAGs
[2023-12-27T22:13:33.692+0000] {logging_mixin.py:188} INFO - [2023-12-27T22:13:33.692+0000] {dag.py:3820} INFO - Setting next_dagrun for example_branch_operator to 2023-12-26T00:00:00+00:00, run_after=2023-12-27T00:00:00+00:00
[2023-12-27T22:13:33.723+0000] {processor.py:183} INFO - Processing /home/airflow/.local/lib/python3.8/site-packages/airflow/example_dags/example_branch_operator.py took 0.131 seconds
[2023-12-27T22:14:04.217+0000] {processor.py:161} INFO - Started process (PID=778) to work on /home/airflow/.local/lib/python3.8/site-packages/airflow/example_dags/example_branch_operator.py
[2023-12-27T22:14:04.219+0000] {processor.py:830} INFO - Processing file /home/airflow/.local/lib/python3.8/site-packages/airflow/example_dags/example_branch_operator.py for tasks to queue
[2023-12-27T22:14:04.223+0000] {logging_mixin.py:188} INFO - [2023-12-27T22:14:04.222+0000] {dagbag.py:538} INFO - Filling up the DagBag from /home/airflow/.local/lib/python3.8/site-packages/airflow/example_dags/example_branch_operator.py
[2023-12-27T22:14:04.248+0000] {processor.py:840} INFO - DAG(s) 'example_branch_operator' retrieved from /home/airflow/.local/lib/python3.8/site-packages/airflow/example_dags/example_branch_operator.py
[2023-12-27T22:14:04.288+0000] {logging_mixin.py:188} INFO - [2023-12-27T22:14:04.287+0000] {dag.py:3033} INFO - Sync 1 DAGs
[2023-12-27T22:14:04.317+0000] {logging_mixin.py:188} INFO - [2023-12-27T22:14:04.316+0000] {dag.py:3820} INFO - Setting next_dagrun for example_branch_operator to 2023-12-26T00:00:00+00:00, run_after=2023-12-27T00:00:00+00:00
[2023-12-27T22:14:04.350+0000] {processor.py:183} INFO - Processing /home/airflow/.local/lib/python3.8/site-packages/airflow/example_dags/example_branch_operator.py took 0.137 seconds
[2023-12-27T22:14:35.771+0000] {processor.py:161} INFO - Started process (PID=836) to work on /home/airflow/.local/lib/python3.8/site-packages/airflow/example_dags/example_branch_operator.py
[2023-12-27T22:14:35.773+0000] {processor.py:830} INFO - Processing file /home/airflow/.local/lib/python3.8/site-packages/airflow/example_dags/example_branch_operator.py for tasks to queue
[2023-12-27T22:14:35.776+0000] {logging_mixin.py:188} INFO - [2023-12-27T22:14:35.775+0000] {dagbag.py:538} INFO - Filling up the DagBag from /home/airflow/.local/lib/python3.8/site-packages/airflow/example_dags/example_branch_operator.py
[2023-12-27T22:14:35.802+0000] {processor.py:840} INFO - DAG(s) 'example_branch_operator' retrieved from /home/airflow/.local/lib/python3.8/site-packages/airflow/example_dags/example_branch_operator.py
[2023-12-27T22:14:35.841+0000] {logging_mixin.py:188} INFO - [2023-12-27T22:14:35.841+0000] {dag.py:3033} INFO - Sync 1 DAGs
[2023-12-27T22:14:35.883+0000] {logging_mixin.py:188} INFO - [2023-12-27T22:14:35.883+0000] {dag.py:3820} INFO - Setting next_dagrun for example_branch_operator to 2023-12-26T00:00:00+00:00, run_after=2023-12-27T00:00:00+00:00
[2023-12-27T22:14:35.918+0000] {processor.py:183} INFO - Processing /home/airflow/.local/lib/python3.8/site-packages/airflow/example_dags/example_branch_operator.py took 0.153 seconds
[2023-12-27T22:15:06.705+0000] {processor.py:161} INFO - Started process (PID=890) to work on /home/airflow/.local/lib/python3.8/site-packages/airflow/example_dags/example_branch_operator.py
[2023-12-27T22:15:06.710+0000] {processor.py:830} INFO - Processing file /home/airflow/.local/lib/python3.8/site-packages/airflow/example_dags/example_branch_operator.py for tasks to queue
[2023-12-27T22:15:06.716+0000] {logging_mixin.py:188} INFO - [2023-12-27T22:15:06.716+0000] {dagbag.py:538} INFO - Filling up the DagBag from /home/airflow/.local/lib/python3.8/site-packages/airflow/example_dags/example_branch_operator.py
[2023-12-27T22:15:06.777+0000] {processor.py:840} INFO - DAG(s) 'example_branch_operator' retrieved from /home/airflow/.local/lib/python3.8/site-packages/airflow/example_dags/example_branch_operator.py
[2023-12-27T22:15:06.863+0000] {logging_mixin.py:188} INFO - [2023-12-27T22:15:06.862+0000] {dag.py:3033} INFO - Sync 1 DAGs
[2023-12-27T22:15:06.937+0000] {logging_mixin.py:188} INFO - [2023-12-27T22:15:06.937+0000] {dag.py:3820} INFO - Setting next_dagrun for example_branch_operator to 2023-12-26T00:00:00+00:00, run_after=2023-12-27T00:00:00+00:00
[2023-12-27T22:15:06.999+0000] {processor.py:183} INFO - Processing /home/airflow/.local/lib/python3.8/site-packages/airflow/example_dags/example_branch_operator.py took 0.303 seconds
[2023-12-27T22:15:37.143+0000] {processor.py:161} INFO - Started process (PID=945) to work on /home/airflow/.local/lib/python3.8/site-packages/airflow/example_dags/example_branch_operator.py
[2023-12-27T22:15:37.144+0000] {processor.py:830} INFO - Processing file /home/airflow/.local/lib/python3.8/site-packages/airflow/example_dags/example_branch_operator.py for tasks to queue
[2023-12-27T22:15:37.147+0000] {logging_mixin.py:188} INFO - [2023-12-27T22:15:37.147+0000] {dagbag.py:538} INFO - Filling up the DagBag from /home/airflow/.local/lib/python3.8/site-packages/airflow/example_dags/example_branch_operator.py
[2023-12-27T22:15:37.172+0000] {processor.py:840} INFO - DAG(s) 'example_branch_operator' retrieved from /home/airflow/.local/lib/python3.8/site-packages/airflow/example_dags/example_branch_operator.py
[2023-12-27T22:15:37.204+0000] {logging_mixin.py:188} INFO - [2023-12-27T22:15:37.203+0000] {dag.py:3033} INFO - Sync 1 DAGs
[2023-12-27T22:15:37.233+0000] {logging_mixin.py:188} INFO - [2023-12-27T22:15:37.233+0000] {dag.py:3820} INFO - Setting next_dagrun for example_branch_operator to 2023-12-26T00:00:00+00:00, run_after=2023-12-27T00:00:00+00:00
[2023-12-27T22:15:37.260+0000] {processor.py:183} INFO - Processing /home/airflow/.local/lib/python3.8/site-packages/airflow/example_dags/example_branch_operator.py took 0.120 seconds
[2023-12-27T22:16:07.340+0000] {processor.py:161} INFO - Started process (PID=1000) to work on /home/airflow/.local/lib/python3.8/site-packages/airflow/example_dags/example_branch_operator.py
[2023-12-27T22:16:07.346+0000] {processor.py:830} INFO - Processing file /home/airflow/.local/lib/python3.8/site-packages/airflow/example_dags/example_branch_operator.py for tasks to queue
[2023-12-27T22:16:07.349+0000] {logging_mixin.py:188} INFO - [2023-12-27T22:16:07.349+0000] {dagbag.py:538} INFO - Filling up the DagBag from /home/airflow/.local/lib/python3.8/site-packages/airflow/example_dags/example_branch_operator.py
[2023-12-27T22:16:07.374+0000] {processor.py:840} INFO - DAG(s) 'example_branch_operator' retrieved from /home/airflow/.local/lib/python3.8/site-packages/airflow/example_dags/example_branch_operator.py
[2023-12-27T22:16:07.414+0000] {logging_mixin.py:188} INFO - [2023-12-27T22:16:07.414+0000] {dag.py:3033} INFO - Sync 1 DAGs
[2023-12-27T22:16:07.459+0000] {logging_mixin.py:188} INFO - [2023-12-27T22:16:07.458+0000] {dag.py:3820} INFO - Setting next_dagrun for example_branch_operator to 2023-12-26T00:00:00+00:00, run_after=2023-12-27T00:00:00+00:00
[2023-12-27T22:16:07.526+0000] {processor.py:183} INFO - Processing /home/airflow/.local/lib/python3.8/site-packages/airflow/example_dags/example_branch_operator.py took 0.192 seconds
[2023-12-27T22:16:37.685+0000] {processor.py:161} INFO - Started process (PID=1054) to work on /home/airflow/.local/lib/python3.8/site-packages/airflow/example_dags/example_branch_operator.py
[2023-12-27T22:16:37.688+0000] {processor.py:830} INFO - Processing file /home/airflow/.local/lib/python3.8/site-packages/airflow/example_dags/example_branch_operator.py for tasks to queue
[2023-12-27T22:16:37.692+0000] {logging_mixin.py:188} INFO - [2023-12-27T22:16:37.691+0000] {dagbag.py:538} INFO - Filling up the DagBag from /home/airflow/.local/lib/python3.8/site-packages/airflow/example_dags/example_branch_operator.py
[2023-12-27T22:16:37.721+0000] {processor.py:840} INFO - DAG(s) 'example_branch_operator' retrieved from /home/airflow/.local/lib/python3.8/site-packages/airflow/example_dags/example_branch_operator.py
[2023-12-27T22:16:37.760+0000] {logging_mixin.py:188} INFO - [2023-12-27T22:16:37.760+0000] {dag.py:3033} INFO - Sync 1 DAGs
[2023-12-27T22:16:37.791+0000] {logging_mixin.py:188} INFO - [2023-12-27T22:16:37.791+0000] {dag.py:3820} INFO - Setting next_dagrun for example_branch_operator to 2023-12-26T00:00:00+00:00, run_after=2023-12-27T00:00:00+00:00
[2023-12-27T22:16:37.819+0000] {processor.py:183} INFO - Processing /home/airflow/.local/lib/python3.8/site-packages/airflow/example_dags/example_branch_operator.py took 0.139 seconds
[2023-12-27T22:17:08.286+0000] {processor.py:161} INFO - Started process (PID=1109) to work on /home/airflow/.local/lib/python3.8/site-packages/airflow/example_dags/example_branch_operator.py
[2023-12-27T22:17:08.288+0000] {processor.py:830} INFO - Processing file /home/airflow/.local/lib/python3.8/site-packages/airflow/example_dags/example_branch_operator.py for tasks to queue
[2023-12-27T22:17:08.290+0000] {logging_mixin.py:188} INFO - [2023-12-27T22:17:08.290+0000] {dagbag.py:538} INFO - Filling up the DagBag from /home/airflow/.local/lib/python3.8/site-packages/airflow/example_dags/example_branch_operator.py
[2023-12-27T22:17:08.314+0000] {processor.py:840} INFO - DAG(s) 'example_branch_operator' retrieved from /home/airflow/.local/lib/python3.8/site-packages/airflow/example_dags/example_branch_operator.py
[2023-12-27T22:17:08.356+0000] {logging_mixin.py:188} INFO - [2023-12-27T22:17:08.355+0000] {dag.py:3033} INFO - Sync 1 DAGs
[2023-12-27T22:17:08.385+0000] {logging_mixin.py:188} INFO - [2023-12-27T22:17:08.385+0000] {dag.py:3820} INFO - Setting next_dagrun for example_branch_operator to 2023-12-26T00:00:00+00:00, run_after=2023-12-27T00:00:00+00:00
[2023-12-27T22:17:08.425+0000] {processor.py:183} INFO - Processing /home/airflow/.local/lib/python3.8/site-packages/airflow/example_dags/example_branch_operator.py took 0.142 seconds
[2023-12-27T22:17:38.503+0000] {processor.py:161} INFO - Started process (PID=1164) to work on /home/airflow/.local/lib/python3.8/site-packages/airflow/example_dags/example_branch_operator.py
[2023-12-27T22:17:38.505+0000] {processor.py:830} INFO - Processing file /home/airflow/.local/lib/python3.8/site-packages/airflow/example_dags/example_branch_operator.py for tasks to queue
[2023-12-27T22:17:38.508+0000] {logging_mixin.py:188} INFO - [2023-12-27T22:17:38.508+0000] {dagbag.py:538} INFO - Filling up the DagBag from /home/airflow/.local/lib/python3.8/site-packages/airflow/example_dags/example_branch_operator.py
[2023-12-27T22:17:38.537+0000] {processor.py:840} INFO - DAG(s) 'example_branch_operator' retrieved from /home/airflow/.local/lib/python3.8/site-packages/airflow/example_dags/example_branch_operator.py
[2023-12-27T22:17:38.585+0000] {logging_mixin.py:188} INFO - [2023-12-27T22:17:38.583+0000] {dag.py:3033} INFO - Sync 1 DAGs
[2023-12-27T22:17:38.632+0000] {logging_mixin.py:188} INFO - [2023-12-27T22:17:38.632+0000] {dag.py:3820} INFO - Setting next_dagrun for example_branch_operator to 2023-12-26T00:00:00+00:00, run_after=2023-12-27T00:00:00+00:00
[2023-12-27T22:17:38.659+0000] {processor.py:183} INFO - Processing /home/airflow/.local/lib/python3.8/site-packages/airflow/example_dags/example_branch_operator.py took 0.161 seconds
[2023-12-27T22:18:09.674+0000] {processor.py:161} INFO - Started process (PID=1219) to work on /home/airflow/.local/lib/python3.8/site-packages/airflow/example_dags/example_branch_operator.py
[2023-12-27T22:18:09.675+0000] {processor.py:830} INFO - Processing file /home/airflow/.local/lib/python3.8/site-packages/airflow/example_dags/example_branch_operator.py for tasks to queue
[2023-12-27T22:18:09.679+0000] {logging_mixin.py:188} INFO - [2023-12-27T22:18:09.679+0000] {dagbag.py:538} INFO - Filling up the DagBag from /home/airflow/.local/lib/python3.8/site-packages/airflow/example_dags/example_branch_operator.py
[2023-12-27T22:18:09.705+0000] {processor.py:840} INFO - DAG(s) 'example_branch_operator' retrieved from /home/airflow/.local/lib/python3.8/site-packages/airflow/example_dags/example_branch_operator.py
[2023-12-27T22:18:09.742+0000] {logging_mixin.py:188} INFO - [2023-12-27T22:18:09.742+0000] {dag.py:3033} INFO - Sync 1 DAGs
[2023-12-27T22:18:09.768+0000] {logging_mixin.py:188} INFO - [2023-12-27T22:18:09.768+0000] {dag.py:3820} INFO - Setting next_dagrun for example_branch_operator to 2023-12-26T00:00:00+00:00, run_after=2023-12-27T00:00:00+00:00
[2023-12-27T22:18:09.797+0000] {processor.py:183} INFO - Processing /home/airflow/.local/lib/python3.8/site-packages/airflow/example_dags/example_branch_operator.py took 0.128 seconds
