[2023-12-27T22:06:52.325+0000] {processor.py:161} INFO - Started process (PID=63) to work on /home/airflow/.local/lib/python3.8/site-packages/airflow/example_dags/example_sla_dag.py
[2023-12-27T22:06:52.347+0000] {processor.py:830} INFO - Processing file /home/airflow/.local/lib/python3.8/site-packages/airflow/example_dags/example_sla_dag.py for tasks to queue
[2023-12-27T22:06:52.370+0000] {logging_mixin.py:188} INFO - [2023-12-27T22:06:52.369+0000] {dagbag.py:538} INFO - Filling up the DagBag from /home/airflow/.local/lib/python3.8/site-packages/airflow/example_dags/example_sla_dag.py
[2023-12-27T22:06:52.409+0000] {processor.py:840} INFO - DAG(s) 'example_sla_dag' retrieved from /home/airflow/.local/lib/python3.8/site-packages/airflow/example_dags/example_sla_dag.py
[2023-12-27T22:06:58.723+0000] {logging_mixin.py:188} INFO - [2023-12-27T22:06:58.722+0000] {dag.py:3033} INFO - Sync 1 DAGs
[2023-12-27T22:06:59.211+0000] {logging_mixin.py:188} INFO - [2023-12-27T22:06:59.210+0000] {dag.py:3820} INFO - Setting next_dagrun for example_sla_dag to 2023-12-27T22:04:00+00:00, run_after=2023-12-27T22:06:00+00:00
[2023-12-27T22:06:59.305+0000] {processor.py:183} INFO - Processing /home/airflow/.local/lib/python3.8/site-packages/airflow/example_dags/example_sla_dag.py took 7.113 seconds
[2023-12-27T22:07:47.566+0000] {processor.py:161} INFO - Started process (PID=119) to work on /home/airflow/.local/lib/python3.8/site-packages/airflow/example_dags/example_sla_dag.py
[2023-12-27T22:07:47.588+0000] {processor.py:830} INFO - Processing file /home/airflow/.local/lib/python3.8/site-packages/airflow/example_dags/example_sla_dag.py for tasks to queue
[2023-12-27T22:07:47.592+0000] {logging_mixin.py:188} INFO - [2023-12-27T22:07:47.591+0000] {dagbag.py:538} INFO - Filling up the DagBag from /home/airflow/.local/lib/python3.8/site-packages/airflow/example_dags/example_sla_dag.py
[2023-12-27T22:07:47.629+0000] {processor.py:840} INFO - DAG(s) 'example_sla_dag' retrieved from /home/airflow/.local/lib/python3.8/site-packages/airflow/example_dags/example_sla_dag.py
[2023-12-27T22:07:47.741+0000] {logging_mixin.py:188} INFO - [2023-12-27T22:07:47.740+0000] {dag.py:3033} INFO - Sync 1 DAGs
[2023-12-27T22:07:47.849+0000] {logging_mixin.py:188} INFO - [2023-12-27T22:07:47.848+0000] {dag.py:3820} INFO - Setting next_dagrun for example_sla_dag to 2023-12-27T22:04:00+00:00, run_after=2023-12-27T22:06:00+00:00
[2023-12-27T22:07:47.913+0000] {processor.py:183} INFO - Processing /home/airflow/.local/lib/python3.8/site-packages/airflow/example_dags/example_sla_dag.py took 0.351 seconds
[2023-12-27T22:08:18.090+0000] {processor.py:161} INFO - Started process (PID=172) to work on /home/airflow/.local/lib/python3.8/site-packages/airflow/example_dags/example_sla_dag.py
[2023-12-27T22:08:18.163+0000] {processor.py:830} INFO - Processing file /home/airflow/.local/lib/python3.8/site-packages/airflow/example_dags/example_sla_dag.py for tasks to queue
[2023-12-27T22:08:18.166+0000] {logging_mixin.py:188} INFO - [2023-12-27T22:08:18.165+0000] {dagbag.py:538} INFO - Filling up the DagBag from /home/airflow/.local/lib/python3.8/site-packages/airflow/example_dags/example_sla_dag.py
[2023-12-27T22:08:18.176+0000] {processor.py:840} INFO - DAG(s) 'example_sla_dag' retrieved from /home/airflow/.local/lib/python3.8/site-packages/airflow/example_dags/example_sla_dag.py
[2023-12-27T22:08:18.203+0000] {logging_mixin.py:188} INFO - [2023-12-27T22:08:18.203+0000] {dag.py:3033} INFO - Sync 1 DAGs
[2023-12-27T22:08:18.245+0000] {logging_mixin.py:188} INFO - [2023-12-27T22:08:18.245+0000] {dag.py:3820} INFO - Setting next_dagrun for example_sla_dag to 2023-12-27T22:06:00+00:00, run_after=2023-12-27T22:08:00+00:00
[2023-12-27T22:08:18.564+0000] {processor.py:183} INFO - Processing /home/airflow/.local/lib/python3.8/site-packages/airflow/example_dags/example_sla_dag.py took 0.477 seconds
[2023-12-27T22:08:51.232+0000] {processor.py:161} INFO - Started process (PID=213) to work on /home/airflow/.local/lib/python3.8/site-packages/airflow/example_dags/example_sla_dag.py
[2023-12-27T22:08:51.234+0000] {processor.py:830} INFO - Processing file /home/airflow/.local/lib/python3.8/site-packages/airflow/example_dags/example_sla_dag.py for tasks to queue
[2023-12-27T22:08:51.238+0000] {logging_mixin.py:188} INFO - [2023-12-27T22:08:51.237+0000] {dagbag.py:538} INFO - Filling up the DagBag from /home/airflow/.local/lib/python3.8/site-packages/airflow/example_dags/example_sla_dag.py
[2023-12-27T22:08:51.251+0000] {processor.py:840} INFO - DAG(s) 'example_sla_dag' retrieved from /home/airflow/.local/lib/python3.8/site-packages/airflow/example_dags/example_sla_dag.py
[2023-12-27T22:08:51.284+0000] {logging_mixin.py:188} INFO - [2023-12-27T22:08:51.284+0000] {dag.py:3033} INFO - Sync 1 DAGs
[2023-12-27T22:08:51.344+0000] {logging_mixin.py:188} INFO - [2023-12-27T22:08:51.344+0000] {dag.py:3820} INFO - Setting next_dagrun for example_sla_dag to 2023-12-27T22:06:00+00:00, run_after=2023-12-27T22:08:00+00:00
[2023-12-27T22:08:51.433+0000] {processor.py:183} INFO - Processing /home/airflow/.local/lib/python3.8/site-packages/airflow/example_dags/example_sla_dag.py took 0.205 seconds
[2023-12-27T22:09:22.857+0000] {processor.py:161} INFO - Started process (PID=268) to work on /home/airflow/.local/lib/python3.8/site-packages/airflow/example_dags/example_sla_dag.py
[2023-12-27T22:09:22.859+0000] {processor.py:830} INFO - Processing file /home/airflow/.local/lib/python3.8/site-packages/airflow/example_dags/example_sla_dag.py for tasks to queue
[2023-12-27T22:09:22.861+0000] {logging_mixin.py:188} INFO - [2023-12-27T22:09:22.861+0000] {dagbag.py:538} INFO - Filling up the DagBag from /home/airflow/.local/lib/python3.8/site-packages/airflow/example_dags/example_sla_dag.py
[2023-12-27T22:09:22.870+0000] {processor.py:840} INFO - DAG(s) 'example_sla_dag' retrieved from /home/airflow/.local/lib/python3.8/site-packages/airflow/example_dags/example_sla_dag.py
[2023-12-27T22:09:22.894+0000] {logging_mixin.py:188} INFO - [2023-12-27T22:09:22.893+0000] {dag.py:3033} INFO - Sync 1 DAGs
[2023-12-27T22:09:22.925+0000] {logging_mixin.py:188} INFO - [2023-12-27T22:09:22.925+0000] {dag.py:3820} INFO - Setting next_dagrun for example_sla_dag to 2023-12-27T22:06:00+00:00, run_after=2023-12-27T22:08:00+00:00
[2023-12-27T22:09:22.950+0000] {processor.py:183} INFO - Processing /home/airflow/.local/lib/python3.8/site-packages/airflow/example_dags/example_sla_dag.py took 0.097 seconds
[2023-12-27T22:09:53.559+0000] {processor.py:161} INFO - Started process (PID=323) to work on /home/airflow/.local/lib/python3.8/site-packages/airflow/example_dags/example_sla_dag.py
[2023-12-27T22:09:53.561+0000] {processor.py:830} INFO - Processing file /home/airflow/.local/lib/python3.8/site-packages/airflow/example_dags/example_sla_dag.py for tasks to queue
[2023-12-27T22:09:53.564+0000] {logging_mixin.py:188} INFO - [2023-12-27T22:09:53.564+0000] {dagbag.py:538} INFO - Filling up the DagBag from /home/airflow/.local/lib/python3.8/site-packages/airflow/example_dags/example_sla_dag.py
[2023-12-27T22:09:53.574+0000] {processor.py:840} INFO - DAG(s) 'example_sla_dag' retrieved from /home/airflow/.local/lib/python3.8/site-packages/airflow/example_dags/example_sla_dag.py
[2023-12-27T22:09:53.598+0000] {logging_mixin.py:188} INFO - [2023-12-27T22:09:53.598+0000] {dag.py:3033} INFO - Sync 1 DAGs
[2023-12-27T22:09:53.633+0000] {logging_mixin.py:188} INFO - [2023-12-27T22:09:53.632+0000] {dag.py:3820} INFO - Setting next_dagrun for example_sla_dag to 2023-12-27T22:06:00+00:00, run_after=2023-12-27T22:08:00+00:00
[2023-12-27T22:09:53.659+0000] {processor.py:183} INFO - Processing /home/airflow/.local/lib/python3.8/site-packages/airflow/example_dags/example_sla_dag.py took 0.103 seconds
[2023-12-27T22:10:23.929+0000] {processor.py:161} INFO - Started process (PID=378) to work on /home/airflow/.local/lib/python3.8/site-packages/airflow/example_dags/example_sla_dag.py
[2023-12-27T22:10:23.930+0000] {processor.py:830} INFO - Processing file /home/airflow/.local/lib/python3.8/site-packages/airflow/example_dags/example_sla_dag.py for tasks to queue
[2023-12-27T22:10:23.933+0000] {logging_mixin.py:188} INFO - [2023-12-27T22:10:23.933+0000] {dagbag.py:538} INFO - Filling up the DagBag from /home/airflow/.local/lib/python3.8/site-packages/airflow/example_dags/example_sla_dag.py
[2023-12-27T22:10:23.944+0000] {processor.py:840} INFO - DAG(s) 'example_sla_dag' retrieved from /home/airflow/.local/lib/python3.8/site-packages/airflow/example_dags/example_sla_dag.py
[2023-12-27T22:10:23.969+0000] {logging_mixin.py:188} INFO - [2023-12-27T22:10:23.969+0000] {dag.py:3033} INFO - Sync 1 DAGs
[2023-12-27T22:10:24.002+0000] {logging_mixin.py:188} INFO - [2023-12-27T22:10:24.002+0000] {dag.py:3820} INFO - Setting next_dagrun for example_sla_dag to 2023-12-27T22:08:00+00:00, run_after=2023-12-27T22:10:00+00:00
[2023-12-27T22:10:24.037+0000] {processor.py:183} INFO - Processing /home/airflow/.local/lib/python3.8/site-packages/airflow/example_dags/example_sla_dag.py took 0.111 seconds
[2023-12-27T22:10:54.424+0000] {processor.py:161} INFO - Started process (PID=433) to work on /home/airflow/.local/lib/python3.8/site-packages/airflow/example_dags/example_sla_dag.py
[2023-12-27T22:10:54.426+0000] {processor.py:830} INFO - Processing file /home/airflow/.local/lib/python3.8/site-packages/airflow/example_dags/example_sla_dag.py for tasks to queue
[2023-12-27T22:10:54.431+0000] {logging_mixin.py:188} INFO - [2023-12-27T22:10:54.430+0000] {dagbag.py:538} INFO - Filling up the DagBag from /home/airflow/.local/lib/python3.8/site-packages/airflow/example_dags/example_sla_dag.py
[2023-12-27T22:10:54.444+0000] {processor.py:840} INFO - DAG(s) 'example_sla_dag' retrieved from /home/airflow/.local/lib/python3.8/site-packages/airflow/example_dags/example_sla_dag.py
[2023-12-27T22:10:54.471+0000] {logging_mixin.py:188} INFO - [2023-12-27T22:10:54.471+0000] {dag.py:3033} INFO - Sync 1 DAGs
[2023-12-27T22:10:54.506+0000] {logging_mixin.py:188} INFO - [2023-12-27T22:10:54.506+0000] {dag.py:3820} INFO - Setting next_dagrun for example_sla_dag to 2023-12-27T22:08:00+00:00, run_after=2023-12-27T22:10:00+00:00
[2023-12-27T22:10:54.536+0000] {processor.py:183} INFO - Processing /home/airflow/.local/lib/python3.8/site-packages/airflow/example_dags/example_sla_dag.py took 0.117 seconds
[2023-12-27T22:11:25.182+0000] {processor.py:161} INFO - Started process (PID=488) to work on /home/airflow/.local/lib/python3.8/site-packages/airflow/example_dags/example_sla_dag.py
[2023-12-27T22:11:25.184+0000] {processor.py:830} INFO - Processing file /home/airflow/.local/lib/python3.8/site-packages/airflow/example_dags/example_sla_dag.py for tasks to queue
[2023-12-27T22:11:25.188+0000] {logging_mixin.py:188} INFO - [2023-12-27T22:11:25.187+0000] {dagbag.py:538} INFO - Filling up the DagBag from /home/airflow/.local/lib/python3.8/site-packages/airflow/example_dags/example_sla_dag.py
[2023-12-27T22:11:25.212+0000] {processor.py:840} INFO - DAG(s) 'example_sla_dag' retrieved from /home/airflow/.local/lib/python3.8/site-packages/airflow/example_dags/example_sla_dag.py
[2023-12-27T22:11:25.260+0000] {logging_mixin.py:188} INFO - [2023-12-27T22:11:25.260+0000] {dag.py:3033} INFO - Sync 1 DAGs
[2023-12-27T22:11:25.305+0000] {logging_mixin.py:188} INFO - [2023-12-27T22:11:25.305+0000] {dag.py:3820} INFO - Setting next_dagrun for example_sla_dag to 2023-12-27T22:08:00+00:00, run_after=2023-12-27T22:10:00+00:00
[2023-12-27T22:11:25.341+0000] {processor.py:183} INFO - Processing /home/airflow/.local/lib/python3.8/site-packages/airflow/example_dags/example_sla_dag.py took 0.164 seconds
[2023-12-27T22:11:57.560+0000] {processor.py:161} INFO - Started process (PID=541) to work on /home/airflow/.local/lib/python3.8/site-packages/airflow/example_dags/example_sla_dag.py
[2023-12-27T22:11:57.562+0000] {processor.py:830} INFO - Processing file /home/airflow/.local/lib/python3.8/site-packages/airflow/example_dags/example_sla_dag.py for tasks to queue
[2023-12-27T22:11:57.564+0000] {logging_mixin.py:188} INFO - [2023-12-27T22:11:57.564+0000] {dagbag.py:538} INFO - Filling up the DagBag from /home/airflow/.local/lib/python3.8/site-packages/airflow/example_dags/example_sla_dag.py
[2023-12-27T22:11:57.574+0000] {processor.py:840} INFO - DAG(s) 'example_sla_dag' retrieved from /home/airflow/.local/lib/python3.8/site-packages/airflow/example_dags/example_sla_dag.py
[2023-12-27T22:11:57.600+0000] {logging_mixin.py:188} INFO - [2023-12-27T22:11:57.600+0000] {dag.py:3033} INFO - Sync 1 DAGs
[2023-12-27T22:11:57.629+0000] {logging_mixin.py:188} INFO - [2023-12-27T22:11:57.629+0000] {dag.py:3820} INFO - Setting next_dagrun for example_sla_dag to 2023-12-27T22:08:00+00:00, run_after=2023-12-27T22:10:00+00:00
[2023-12-27T22:11:58.100+0000] {processor.py:183} INFO - Processing /home/airflow/.local/lib/python3.8/site-packages/airflow/example_dags/example_sla_dag.py took 0.543 seconds
[2023-12-27T22:12:28.208+0000] {processor.py:161} INFO - Started process (PID=596) to work on /home/airflow/.local/lib/python3.8/site-packages/airflow/example_dags/example_sla_dag.py
[2023-12-27T22:12:28.210+0000] {processor.py:830} INFO - Processing file /home/airflow/.local/lib/python3.8/site-packages/airflow/example_dags/example_sla_dag.py for tasks to queue
[2023-12-27T22:12:28.213+0000] {logging_mixin.py:188} INFO - [2023-12-27T22:12:28.213+0000] {dagbag.py:538} INFO - Filling up the DagBag from /home/airflow/.local/lib/python3.8/site-packages/airflow/example_dags/example_sla_dag.py
[2023-12-27T22:12:28.225+0000] {processor.py:840} INFO - DAG(s) 'example_sla_dag' retrieved from /home/airflow/.local/lib/python3.8/site-packages/airflow/example_dags/example_sla_dag.py
[2023-12-27T22:12:28.253+0000] {logging_mixin.py:188} INFO - [2023-12-27T22:12:28.252+0000] {dag.py:3033} INFO - Sync 1 DAGs
[2023-12-27T22:12:28.289+0000] {logging_mixin.py:188} INFO - [2023-12-27T22:12:28.288+0000] {dag.py:3820} INFO - Setting next_dagrun for example_sla_dag to 2023-12-27T22:10:00+00:00, run_after=2023-12-27T22:12:00+00:00
[2023-12-27T22:12:28.349+0000] {processor.py:183} INFO - Processing /home/airflow/.local/lib/python3.8/site-packages/airflow/example_dags/example_sla_dag.py took 0.146 seconds
[2023-12-27T22:13:00.471+0000] {processor.py:161} INFO - Started process (PID=657) to work on /home/airflow/.local/lib/python3.8/site-packages/airflow/example_dags/example_sla_dag.py
[2023-12-27T22:13:00.487+0000] {processor.py:830} INFO - Processing file /home/airflow/.local/lib/python3.8/site-packages/airflow/example_dags/example_sla_dag.py for tasks to queue
[2023-12-27T22:13:00.491+0000] {logging_mixin.py:188} INFO - [2023-12-27T22:13:00.491+0000] {dagbag.py:538} INFO - Filling up the DagBag from /home/airflow/.local/lib/python3.8/site-packages/airflow/example_dags/example_sla_dag.py
[2023-12-27T22:13:00.501+0000] {processor.py:840} INFO - DAG(s) 'example_sla_dag' retrieved from /home/airflow/.local/lib/python3.8/site-packages/airflow/example_dags/example_sla_dag.py
[2023-12-27T22:13:00.529+0000] {logging_mixin.py:188} INFO - [2023-12-27T22:13:00.528+0000] {dag.py:3033} INFO - Sync 1 DAGs
[2023-12-27T22:13:00.558+0000] {logging_mixin.py:188} INFO - [2023-12-27T22:13:00.558+0000] {dag.py:3820} INFO - Setting next_dagrun for example_sla_dag to 2023-12-27T22:10:00+00:00, run_after=2023-12-27T22:12:00+00:00
[2023-12-27T22:13:00.836+0000] {processor.py:183} INFO - Processing /home/airflow/.local/lib/python3.8/site-packages/airflow/example_dags/example_sla_dag.py took 0.370 seconds
[2023-12-27T22:13:31.578+0000] {processor.py:161} INFO - Started process (PID=711) to work on /home/airflow/.local/lib/python3.8/site-packages/airflow/example_dags/example_sla_dag.py
[2023-12-27T22:13:31.580+0000] {processor.py:830} INFO - Processing file /home/airflow/.local/lib/python3.8/site-packages/airflow/example_dags/example_sla_dag.py for tasks to queue
[2023-12-27T22:13:31.583+0000] {logging_mixin.py:188} INFO - [2023-12-27T22:13:31.583+0000] {dagbag.py:538} INFO - Filling up the DagBag from /home/airflow/.local/lib/python3.8/site-packages/airflow/example_dags/example_sla_dag.py
[2023-12-27T22:13:31.592+0000] {processor.py:840} INFO - DAG(s) 'example_sla_dag' retrieved from /home/airflow/.local/lib/python3.8/site-packages/airflow/example_dags/example_sla_dag.py
[2023-12-27T22:13:31.617+0000] {logging_mixin.py:188} INFO - [2023-12-27T22:13:31.617+0000] {dag.py:3033} INFO - Sync 1 DAGs
[2023-12-27T22:13:31.654+0000] {logging_mixin.py:188} INFO - [2023-12-27T22:13:31.653+0000] {dag.py:3820} INFO - Setting next_dagrun for example_sla_dag to 2023-12-27T22:10:00+00:00, run_after=2023-12-27T22:12:00+00:00
[2023-12-27T22:13:31.683+0000] {processor.py:183} INFO - Processing /home/airflow/.local/lib/python3.8/site-packages/airflow/example_dags/example_sla_dag.py took 0.109 seconds
[2023-12-27T22:14:01.831+0000] {processor.py:161} INFO - Started process (PID=766) to work on /home/airflow/.local/lib/python3.8/site-packages/airflow/example_dags/example_sla_dag.py
[2023-12-27T22:14:01.833+0000] {processor.py:830} INFO - Processing file /home/airflow/.local/lib/python3.8/site-packages/airflow/example_dags/example_sla_dag.py for tasks to queue
[2023-12-27T22:14:01.837+0000] {logging_mixin.py:188} INFO - [2023-12-27T22:14:01.836+0000] {dagbag.py:538} INFO - Filling up the DagBag from /home/airflow/.local/lib/python3.8/site-packages/airflow/example_dags/example_sla_dag.py
[2023-12-27T22:14:01.848+0000] {processor.py:840} INFO - DAG(s) 'example_sla_dag' retrieved from /home/airflow/.local/lib/python3.8/site-packages/airflow/example_dags/example_sla_dag.py
[2023-12-27T22:14:01.874+0000] {logging_mixin.py:188} INFO - [2023-12-27T22:14:01.874+0000] {dag.py:3033} INFO - Sync 1 DAGs
[2023-12-27T22:14:01.911+0000] {logging_mixin.py:188} INFO - [2023-12-27T22:14:01.910+0000] {dag.py:3820} INFO - Setting next_dagrun for example_sla_dag to 2023-12-27T22:12:00+00:00, run_after=2023-12-27T22:14:00+00:00
[2023-12-27T22:14:01.940+0000] {processor.py:183} INFO - Processing /home/airflow/.local/lib/python3.8/site-packages/airflow/example_dags/example_sla_dag.py took 0.113 seconds
[2023-12-27T22:14:32.510+0000] {processor.py:161} INFO - Started process (PID=821) to work on /home/airflow/.local/lib/python3.8/site-packages/airflow/example_dags/example_sla_dag.py
[2023-12-27T22:14:32.519+0000] {processor.py:830} INFO - Processing file /home/airflow/.local/lib/python3.8/site-packages/airflow/example_dags/example_sla_dag.py for tasks to queue
[2023-12-27T22:14:32.526+0000] {logging_mixin.py:188} INFO - [2023-12-27T22:14:32.525+0000] {dagbag.py:538} INFO - Filling up the DagBag from /home/airflow/.local/lib/python3.8/site-packages/airflow/example_dags/example_sla_dag.py
[2023-12-27T22:14:32.543+0000] {processor.py:840} INFO - DAG(s) 'example_sla_dag' retrieved from /home/airflow/.local/lib/python3.8/site-packages/airflow/example_dags/example_sla_dag.py
[2023-12-27T22:14:32.587+0000] {logging_mixin.py:188} INFO - [2023-12-27T22:14:32.587+0000] {dag.py:3033} INFO - Sync 1 DAGs
[2023-12-27T22:14:32.669+0000] {logging_mixin.py:188} INFO - [2023-12-27T22:14:32.669+0000] {dag.py:3820} INFO - Setting next_dagrun for example_sla_dag to 2023-12-27T22:12:00+00:00, run_after=2023-12-27T22:14:00+00:00
[2023-12-27T22:14:32.714+0000] {processor.py:183} INFO - Processing /home/airflow/.local/lib/python3.8/site-packages/airflow/example_dags/example_sla_dag.py took 0.212 seconds
[2023-12-27T22:15:03.202+0000] {processor.py:161} INFO - Started process (PID=876) to work on /home/airflow/.local/lib/python3.8/site-packages/airflow/example_dags/example_sla_dag.py
[2023-12-27T22:15:03.204+0000] {processor.py:830} INFO - Processing file /home/airflow/.local/lib/python3.8/site-packages/airflow/example_dags/example_sla_dag.py for tasks to queue
[2023-12-27T22:15:03.211+0000] {logging_mixin.py:188} INFO - [2023-12-27T22:15:03.210+0000] {dagbag.py:538} INFO - Filling up the DagBag from /home/airflow/.local/lib/python3.8/site-packages/airflow/example_dags/example_sla_dag.py
[2023-12-27T22:15:03.234+0000] {processor.py:840} INFO - DAG(s) 'example_sla_dag' retrieved from /home/airflow/.local/lib/python3.8/site-packages/airflow/example_dags/example_sla_dag.py
[2023-12-27T22:15:03.265+0000] {logging_mixin.py:188} INFO - [2023-12-27T22:15:03.265+0000] {dag.py:3033} INFO - Sync 1 DAGs
[2023-12-27T22:15:03.310+0000] {logging_mixin.py:188} INFO - [2023-12-27T22:15:03.310+0000] {dag.py:3820} INFO - Setting next_dagrun for example_sla_dag to 2023-12-27T22:12:00+00:00, run_after=2023-12-27T22:14:00+00:00
[2023-12-27T22:15:03.349+0000] {processor.py:183} INFO - Processing /home/airflow/.local/lib/python3.8/site-packages/airflow/example_dags/example_sla_dag.py took 0.153 seconds
[2023-12-27T22:15:33.627+0000] {processor.py:161} INFO - Started process (PID=931) to work on /home/airflow/.local/lib/python3.8/site-packages/airflow/example_dags/example_sla_dag.py
[2023-12-27T22:15:33.628+0000] {processor.py:830} INFO - Processing file /home/airflow/.local/lib/python3.8/site-packages/airflow/example_dags/example_sla_dag.py for tasks to queue
[2023-12-27T22:15:33.632+0000] {logging_mixin.py:188} INFO - [2023-12-27T22:15:33.631+0000] {dagbag.py:538} INFO - Filling up the DagBag from /home/airflow/.local/lib/python3.8/site-packages/airflow/example_dags/example_sla_dag.py
[2023-12-27T22:15:33.643+0000] {processor.py:840} INFO - DAG(s) 'example_sla_dag' retrieved from /home/airflow/.local/lib/python3.8/site-packages/airflow/example_dags/example_sla_dag.py
[2023-12-27T22:15:33.672+0000] {logging_mixin.py:188} INFO - [2023-12-27T22:15:33.671+0000] {dag.py:3033} INFO - Sync 1 DAGs
[2023-12-27T22:15:33.708+0000] {logging_mixin.py:188} INFO - [2023-12-27T22:15:33.707+0000] {dag.py:3820} INFO - Setting next_dagrun for example_sla_dag to 2023-12-27T22:12:00+00:00, run_after=2023-12-27T22:14:00+00:00
[2023-12-27T22:15:33.739+0000] {processor.py:183} INFO - Processing /home/airflow/.local/lib/python3.8/site-packages/airflow/example_dags/example_sla_dag.py took 0.116 seconds
[2023-12-27T22:16:04.606+0000] {processor.py:161} INFO - Started process (PID=986) to work on /home/airflow/.local/lib/python3.8/site-packages/airflow/example_dags/example_sla_dag.py
[2023-12-27T22:16:04.608+0000] {processor.py:830} INFO - Processing file /home/airflow/.local/lib/python3.8/site-packages/airflow/example_dags/example_sla_dag.py for tasks to queue
[2023-12-27T22:16:04.617+0000] {logging_mixin.py:188} INFO - [2023-12-27T22:16:04.617+0000] {dagbag.py:538} INFO - Filling up the DagBag from /home/airflow/.local/lib/python3.8/site-packages/airflow/example_dags/example_sla_dag.py
[2023-12-27T22:16:04.636+0000] {processor.py:840} INFO - DAG(s) 'example_sla_dag' retrieved from /home/airflow/.local/lib/python3.8/site-packages/airflow/example_dags/example_sla_dag.py
[2023-12-27T22:16:04.688+0000] {logging_mixin.py:188} INFO - [2023-12-27T22:16:04.687+0000] {dag.py:3033} INFO - Sync 1 DAGs
[2023-12-27T22:16:04.750+0000] {logging_mixin.py:188} INFO - [2023-12-27T22:16:04.750+0000] {dag.py:3820} INFO - Setting next_dagrun for example_sla_dag to 2023-12-27T22:14:00+00:00, run_after=2023-12-27T22:16:00+00:00
[2023-12-27T22:16:04.824+0000] {processor.py:183} INFO - Processing /home/airflow/.local/lib/python3.8/site-packages/airflow/example_dags/example_sla_dag.py took 0.225 seconds
[2023-12-27T22:16:35.423+0000] {processor.py:161} INFO - Started process (PID=1041) to work on /home/airflow/.local/lib/python3.8/site-packages/airflow/example_dags/example_sla_dag.py
[2023-12-27T22:16:35.426+0000] {processor.py:830} INFO - Processing file /home/airflow/.local/lib/python3.8/site-packages/airflow/example_dags/example_sla_dag.py for tasks to queue
[2023-12-27T22:16:35.429+0000] {logging_mixin.py:188} INFO - [2023-12-27T22:16:35.429+0000] {dagbag.py:538} INFO - Filling up the DagBag from /home/airflow/.local/lib/python3.8/site-packages/airflow/example_dags/example_sla_dag.py
[2023-12-27T22:16:35.439+0000] {processor.py:840} INFO - DAG(s) 'example_sla_dag' retrieved from /home/airflow/.local/lib/python3.8/site-packages/airflow/example_dags/example_sla_dag.py
[2023-12-27T22:16:35.465+0000] {logging_mixin.py:188} INFO - [2023-12-27T22:16:35.465+0000] {dag.py:3033} INFO - Sync 1 DAGs
[2023-12-27T22:16:35.497+0000] {logging_mixin.py:188} INFO - [2023-12-27T22:16:35.497+0000] {dag.py:3820} INFO - Setting next_dagrun for example_sla_dag to 2023-12-27T22:14:00+00:00, run_after=2023-12-27T22:16:00+00:00
[2023-12-27T22:16:35.536+0000] {processor.py:183} INFO - Processing /home/airflow/.local/lib/python3.8/site-packages/airflow/example_dags/example_sla_dag.py took 0.118 seconds
[2023-12-27T22:17:05.834+0000] {processor.py:161} INFO - Started process (PID=1096) to work on /home/airflow/.local/lib/python3.8/site-packages/airflow/example_dags/example_sla_dag.py
[2023-12-27T22:17:05.855+0000] {processor.py:830} INFO - Processing file /home/airflow/.local/lib/python3.8/site-packages/airflow/example_dags/example_sla_dag.py for tasks to queue
[2023-12-27T22:17:05.859+0000] {logging_mixin.py:188} INFO - [2023-12-27T22:17:05.858+0000] {dagbag.py:538} INFO - Filling up the DagBag from /home/airflow/.local/lib/python3.8/site-packages/airflow/example_dags/example_sla_dag.py
[2023-12-27T22:17:05.870+0000] {processor.py:840} INFO - DAG(s) 'example_sla_dag' retrieved from /home/airflow/.local/lib/python3.8/site-packages/airflow/example_dags/example_sla_dag.py
[2023-12-27T22:17:05.894+0000] {logging_mixin.py:188} INFO - [2023-12-27T22:17:05.893+0000] {dag.py:3033} INFO - Sync 1 DAGs
[2023-12-27T22:17:05.930+0000] {logging_mixin.py:188} INFO - [2023-12-27T22:17:05.930+0000] {dag.py:3820} INFO - Setting next_dagrun for example_sla_dag to 2023-12-27T22:14:00+00:00, run_after=2023-12-27T22:16:00+00:00
[2023-12-27T22:17:06.142+0000] {processor.py:183} INFO - Processing /home/airflow/.local/lib/python3.8/site-packages/airflow/example_dags/example_sla_dag.py took 0.313 seconds
[2023-12-27T22:17:36.302+0000] {processor.py:161} INFO - Started process (PID=1152) to work on /home/airflow/.local/lib/python3.8/site-packages/airflow/example_dags/example_sla_dag.py
[2023-12-27T22:17:36.304+0000] {processor.py:830} INFO - Processing file /home/airflow/.local/lib/python3.8/site-packages/airflow/example_dags/example_sla_dag.py for tasks to queue
[2023-12-27T22:17:36.309+0000] {logging_mixin.py:188} INFO - [2023-12-27T22:17:36.308+0000] {dagbag.py:538} INFO - Filling up the DagBag from /home/airflow/.local/lib/python3.8/site-packages/airflow/example_dags/example_sla_dag.py
[2023-12-27T22:17:36.322+0000] {processor.py:840} INFO - DAG(s) 'example_sla_dag' retrieved from /home/airflow/.local/lib/python3.8/site-packages/airflow/example_dags/example_sla_dag.py
[2023-12-27T22:17:36.349+0000] {logging_mixin.py:188} INFO - [2023-12-27T22:17:36.349+0000] {dag.py:3033} INFO - Sync 1 DAGs
[2023-12-27T22:17:36.384+0000] {logging_mixin.py:188} INFO - [2023-12-27T22:17:36.384+0000] {dag.py:3820} INFO - Setting next_dagrun for example_sla_dag to 2023-12-27T22:14:00+00:00, run_after=2023-12-27T22:16:00+00:00
[2023-12-27T22:17:36.420+0000] {processor.py:183} INFO - Processing /home/airflow/.local/lib/python3.8/site-packages/airflow/example_dags/example_sla_dag.py took 0.122 seconds
[2023-12-27T22:18:06.583+0000] {processor.py:161} INFO - Started process (PID=1207) to work on /home/airflow/.local/lib/python3.8/site-packages/airflow/example_dags/example_sla_dag.py
[2023-12-27T22:18:06.584+0000] {processor.py:830} INFO - Processing file /home/airflow/.local/lib/python3.8/site-packages/airflow/example_dags/example_sla_dag.py for tasks to queue
[2023-12-27T22:18:06.587+0000] {logging_mixin.py:188} INFO - [2023-12-27T22:18:06.587+0000] {dagbag.py:538} INFO - Filling up the DagBag from /home/airflow/.local/lib/python3.8/site-packages/airflow/example_dags/example_sla_dag.py
[2023-12-27T22:18:06.599+0000] {processor.py:840} INFO - DAG(s) 'example_sla_dag' retrieved from /home/airflow/.local/lib/python3.8/site-packages/airflow/example_dags/example_sla_dag.py
[2023-12-27T22:18:06.628+0000] {logging_mixin.py:188} INFO - [2023-12-27T22:18:06.628+0000] {dag.py:3033} INFO - Sync 1 DAGs
[2023-12-27T22:18:06.663+0000] {logging_mixin.py:188} INFO - [2023-12-27T22:18:06.663+0000] {dag.py:3820} INFO - Setting next_dagrun for example_sla_dag to 2023-12-27T22:16:00+00:00, run_after=2023-12-27T22:18:00+00:00
[2023-12-27T22:18:06.705+0000] {processor.py:183} INFO - Processing /home/airflow/.local/lib/python3.8/site-packages/airflow/example_dags/example_sla_dag.py took 0.128 seconds
