[2023-12-27T22:07:13.548+0000] {processor.py:161} INFO - Started process (PID=69) to work on /home/airflow/.local/lib/python3.8/site-packages/airflow/example_dags/example_datasets.py
[2023-12-27T22:07:13.558+0000] {processor.py:830} INFO - Processing file /home/airflow/.local/lib/python3.8/site-packages/airflow/example_dags/example_datasets.py for tasks to queue
[2023-12-27T22:07:13.565+0000] {logging_mixin.py:188} INFO - [2023-12-27T22:07:13.564+0000] {dagbag.py:538} INFO - Filling up the DagBag from /home/airflow/.local/lib/python3.8/site-packages/airflow/example_dags/example_datasets.py
[2023-12-27T22:07:13.638+0000] {processor.py:840} INFO - DAG(s) 'dataset_produces_1', 'dataset_consumes_1', 'dataset_consumes_1_never_scheduled', 'dataset_produces_2', 'dataset_consumes_unknown_never_scheduled', 'dataset_consumes_1_and_2' retrieved from /home/airflow/.local/lib/python3.8/site-packages/airflow/example_dags/example_datasets.py
[2023-12-27T22:07:17.910+0000] {logging_mixin.py:188} INFO - [2023-12-27T22:07:17.910+0000] {dag.py:3033} INFO - Sync 6 DAGs
[2023-12-27T22:07:18.072+0000] {logging_mixin.py:188} INFO - [2023-12-27T22:07:18.072+0000] {dag.py:3820} INFO - Setting next_dagrun for dataset_consumes_1 to None, run_after=None
[2023-12-27T22:07:18.087+0000] {logging_mixin.py:188} INFO - [2023-12-27T22:07:18.087+0000] {dag.py:3820} INFO - Setting next_dagrun for dataset_consumes_1_and_2 to None, run_after=None
[2023-12-27T22:07:18.091+0000] {logging_mixin.py:188} INFO - [2023-12-27T22:07:18.090+0000] {dag.py:3820} INFO - Setting next_dagrun for dataset_consumes_1_never_scheduled to None, run_after=None
[2023-12-27T22:07:18.129+0000] {logging_mixin.py:188} INFO - [2023-12-27T22:07:18.128+0000] {dag.py:3820} INFO - Setting next_dagrun for dataset_consumes_unknown_never_scheduled to None, run_after=None
[2023-12-27T22:07:18.197+0000] {logging_mixin.py:188} INFO - [2023-12-27T22:07:18.196+0000] {dag.py:3820} INFO - Setting next_dagrun for dataset_produces_1 to 2023-12-26T00:00:00+00:00, run_after=2023-12-27T00:00:00+00:00
[2023-12-27T22:07:18.203+0000] {logging_mixin.py:188} INFO - [2023-12-27T22:07:18.203+0000] {dag.py:3820} INFO - Setting next_dagrun for dataset_produces_2 to None, run_after=None
[2023-12-27T22:07:20.038+0000] {processor.py:183} INFO - Processing /home/airflow/.local/lib/python3.8/site-packages/airflow/example_dags/example_datasets.py took 6.496 seconds
[2023-12-27T22:07:50.281+0000] {processor.py:161} INFO - Started process (PID=125) to work on /home/airflow/.local/lib/python3.8/site-packages/airflow/example_dags/example_datasets.py
[2023-12-27T22:07:50.295+0000] {processor.py:830} INFO - Processing file /home/airflow/.local/lib/python3.8/site-packages/airflow/example_dags/example_datasets.py for tasks to queue
[2023-12-27T22:07:50.299+0000] {logging_mixin.py:188} INFO - [2023-12-27T22:07:50.299+0000] {dagbag.py:538} INFO - Filling up the DagBag from /home/airflow/.local/lib/python3.8/site-packages/airflow/example_dags/example_datasets.py
[2023-12-27T22:07:50.329+0000] {processor.py:840} INFO - DAG(s) 'dataset_consumes_unknown_never_scheduled', 'dataset_produces_1', 'dataset_produces_2', 'dataset_consumes_1_and_2', 'dataset_consumes_1', 'dataset_consumes_1_never_scheduled' retrieved from /home/airflow/.local/lib/python3.8/site-packages/airflow/example_dags/example_datasets.py
[2023-12-27T22:07:50.418+0000] {logging_mixin.py:188} INFO - [2023-12-27T22:07:50.417+0000] {dag.py:3033} INFO - Sync 6 DAGs
[2023-12-27T22:07:50.471+0000] {logging_mixin.py:188} INFO - [2023-12-27T22:07:50.469+0000] {dag.py:3820} INFO - Setting next_dagrun for dataset_consumes_1 to None, run_after=None
[2023-12-27T22:07:50.485+0000] {logging_mixin.py:188} INFO - [2023-12-27T22:07:50.484+0000] {dag.py:3820} INFO - Setting next_dagrun for dataset_consumes_1_and_2 to None, run_after=None
[2023-12-27T22:07:50.504+0000] {logging_mixin.py:188} INFO - [2023-12-27T22:07:50.504+0000] {dag.py:3820} INFO - Setting next_dagrun for dataset_consumes_1_never_scheduled to None, run_after=None
[2023-12-27T22:07:50.508+0000] {logging_mixin.py:188} INFO - [2023-12-27T22:07:50.507+0000] {dag.py:3820} INFO - Setting next_dagrun for dataset_consumes_unknown_never_scheduled to None, run_after=None
[2023-12-27T22:07:50.516+0000] {logging_mixin.py:188} INFO - [2023-12-27T22:07:50.516+0000] {dag.py:3820} INFO - Setting next_dagrun for dataset_produces_1 to 2023-12-26T00:00:00+00:00, run_after=2023-12-27T00:00:00+00:00
[2023-12-27T22:07:50.520+0000] {logging_mixin.py:188} INFO - [2023-12-27T22:07:50.519+0000] {dag.py:3820} INFO - Setting next_dagrun for dataset_produces_2 to None, run_after=None
[2023-12-27T22:07:50.605+0000] {processor.py:183} INFO - Processing /home/airflow/.local/lib/python3.8/site-packages/airflow/example_dags/example_datasets.py took 0.329 seconds
[2023-12-27T22:08:27.380+0000] {processor.py:161} INFO - Started process (PID=180) to work on /home/airflow/.local/lib/python3.8/site-packages/airflow/example_dags/example_datasets.py
[2023-12-27T22:08:27.442+0000] {processor.py:830} INFO - Processing file /home/airflow/.local/lib/python3.8/site-packages/airflow/example_dags/example_datasets.py for tasks to queue
[2023-12-27T22:08:27.446+0000] {logging_mixin.py:188} INFO - [2023-12-27T22:08:27.445+0000] {dagbag.py:538} INFO - Filling up the DagBag from /home/airflow/.local/lib/python3.8/site-packages/airflow/example_dags/example_datasets.py
[2023-12-27T22:08:27.462+0000] {processor.py:840} INFO - DAG(s) 'dataset_consumes_1_and_2', 'dataset_consumes_unknown_never_scheduled', 'dataset_produces_1', 'dataset_consumes_1_never_scheduled', 'dataset_produces_2', 'dataset_consumes_1' retrieved from /home/airflow/.local/lib/python3.8/site-packages/airflow/example_dags/example_datasets.py
[2023-12-27T22:08:27.520+0000] {logging_mixin.py:188} INFO - [2023-12-27T22:08:27.520+0000] {dag.py:3033} INFO - Sync 6 DAGs
[2023-12-27T22:08:27.563+0000] {logging_mixin.py:188} INFO - [2023-12-27T22:08:27.562+0000] {dag.py:3820} INFO - Setting next_dagrun for dataset_consumes_1 to None, run_after=None
[2023-12-27T22:08:27.568+0000] {logging_mixin.py:188} INFO - [2023-12-27T22:08:27.568+0000] {dag.py:3820} INFO - Setting next_dagrun for dataset_consumes_1_and_2 to None, run_after=None
[2023-12-27T22:08:27.571+0000] {logging_mixin.py:188} INFO - [2023-12-27T22:08:27.571+0000] {dag.py:3820} INFO - Setting next_dagrun for dataset_consumes_1_never_scheduled to None, run_after=None
[2023-12-27T22:08:27.576+0000] {logging_mixin.py:188} INFO - [2023-12-27T22:08:27.575+0000] {dag.py:3820} INFO - Setting next_dagrun for dataset_consumes_unknown_never_scheduled to None, run_after=None
[2023-12-27T22:08:27.583+0000] {logging_mixin.py:188} INFO - [2023-12-27T22:08:27.582+0000] {dag.py:3820} INFO - Setting next_dagrun for dataset_produces_1 to 2023-12-26T00:00:00+00:00, run_after=2023-12-27T00:00:00+00:00
[2023-12-27T22:08:27.585+0000] {logging_mixin.py:188} INFO - [2023-12-27T22:08:27.585+0000] {dag.py:3820} INFO - Setting next_dagrun for dataset_produces_2 to None, run_after=None
[2023-12-27T22:08:27.685+0000] {processor.py:183} INFO - Processing /home/airflow/.local/lib/python3.8/site-packages/airflow/example_dags/example_datasets.py took 0.314 seconds
[2023-12-27T22:08:57.757+0000] {processor.py:161} INFO - Started process (PID=239) to work on /home/airflow/.local/lib/python3.8/site-packages/airflow/example_dags/example_datasets.py
[2023-12-27T22:08:57.759+0000] {processor.py:830} INFO - Processing file /home/airflow/.local/lib/python3.8/site-packages/airflow/example_dags/example_datasets.py for tasks to queue
[2023-12-27T22:08:57.762+0000] {logging_mixin.py:188} INFO - [2023-12-27T22:08:57.761+0000] {dagbag.py:538} INFO - Filling up the DagBag from /home/airflow/.local/lib/python3.8/site-packages/airflow/example_dags/example_datasets.py
[2023-12-27T22:08:57.776+0000] {processor.py:840} INFO - DAG(s) 'dataset_produces_1', 'dataset_consumes_1_never_scheduled', 'dataset_consumes_unknown_never_scheduled', 'dataset_consumes_1_and_2', 'dataset_consumes_1', 'dataset_produces_2' retrieved from /home/airflow/.local/lib/python3.8/site-packages/airflow/example_dags/example_datasets.py
[2023-12-27T22:08:57.827+0000] {logging_mixin.py:188} INFO - [2023-12-27T22:08:57.826+0000] {dag.py:3033} INFO - Sync 6 DAGs
[2023-12-27T22:08:57.858+0000] {logging_mixin.py:188} INFO - [2023-12-27T22:08:57.858+0000] {dag.py:3820} INFO - Setting next_dagrun for dataset_consumes_1 to None, run_after=None
[2023-12-27T22:08:57.864+0000] {logging_mixin.py:188} INFO - [2023-12-27T22:08:57.864+0000] {dag.py:3820} INFO - Setting next_dagrun for dataset_consumes_1_and_2 to None, run_after=None
[2023-12-27T22:08:57.867+0000] {logging_mixin.py:188} INFO - [2023-12-27T22:08:57.866+0000] {dag.py:3820} INFO - Setting next_dagrun for dataset_consumes_1_never_scheduled to None, run_after=None
[2023-12-27T22:08:57.870+0000] {logging_mixin.py:188} INFO - [2023-12-27T22:08:57.869+0000] {dag.py:3820} INFO - Setting next_dagrun for dataset_consumes_unknown_never_scheduled to None, run_after=None
[2023-12-27T22:08:57.875+0000] {logging_mixin.py:188} INFO - [2023-12-27T22:08:57.874+0000] {dag.py:3820} INFO - Setting next_dagrun for dataset_produces_1 to 2023-12-26T00:00:00+00:00, run_after=2023-12-27T00:00:00+00:00
[2023-12-27T22:08:57.877+0000] {logging_mixin.py:188} INFO - [2023-12-27T22:08:57.877+0000] {dag.py:3820} INFO - Setting next_dagrun for dataset_produces_2 to None, run_after=None
[2023-12-27T22:08:57.941+0000] {processor.py:183} INFO - Processing /home/airflow/.local/lib/python3.8/site-packages/airflow/example_dags/example_datasets.py took 0.190 seconds
[2023-12-27T22:09:28.132+0000] {processor.py:161} INFO - Started process (PID=294) to work on /home/airflow/.local/lib/python3.8/site-packages/airflow/example_dags/example_datasets.py
[2023-12-27T22:09:28.134+0000] {processor.py:830} INFO - Processing file /home/airflow/.local/lib/python3.8/site-packages/airflow/example_dags/example_datasets.py for tasks to queue
[2023-12-27T22:09:28.138+0000] {logging_mixin.py:188} INFO - [2023-12-27T22:09:28.138+0000] {dagbag.py:538} INFO - Filling up the DagBag from /home/airflow/.local/lib/python3.8/site-packages/airflow/example_dags/example_datasets.py
[2023-12-27T22:09:28.148+0000] {processor.py:840} INFO - DAG(s) 'dataset_consumes_unknown_never_scheduled', 'dataset_consumes_1_never_scheduled', 'dataset_consumes_1', 'dataset_consumes_1_and_2', 'dataset_produces_1', 'dataset_produces_2' retrieved from /home/airflow/.local/lib/python3.8/site-packages/airflow/example_dags/example_datasets.py
[2023-12-27T22:09:28.194+0000] {logging_mixin.py:188} INFO - [2023-12-27T22:09:28.194+0000] {dag.py:3033} INFO - Sync 6 DAGs
[2023-12-27T22:09:28.224+0000] {logging_mixin.py:188} INFO - [2023-12-27T22:09:28.223+0000] {dag.py:3820} INFO - Setting next_dagrun for dataset_consumes_1 to None, run_after=None
[2023-12-27T22:09:28.229+0000] {logging_mixin.py:188} INFO - [2023-12-27T22:09:28.229+0000] {dag.py:3820} INFO - Setting next_dagrun for dataset_consumes_1_and_2 to None, run_after=None
[2023-12-27T22:09:28.231+0000] {logging_mixin.py:188} INFO - [2023-12-27T22:09:28.231+0000] {dag.py:3820} INFO - Setting next_dagrun for dataset_consumes_1_never_scheduled to None, run_after=None
[2023-12-27T22:09:28.233+0000] {logging_mixin.py:188} INFO - [2023-12-27T22:09:28.233+0000] {dag.py:3820} INFO - Setting next_dagrun for dataset_consumes_unknown_never_scheduled to None, run_after=None
[2023-12-27T22:09:28.237+0000] {logging_mixin.py:188} INFO - [2023-12-27T22:09:28.237+0000] {dag.py:3820} INFO - Setting next_dagrun for dataset_produces_1 to 2023-12-26T00:00:00+00:00, run_after=2023-12-27T00:00:00+00:00
[2023-12-27T22:09:28.239+0000] {logging_mixin.py:188} INFO - [2023-12-27T22:09:28.239+0000] {dag.py:3820} INFO - Setting next_dagrun for dataset_produces_2 to None, run_after=None
[2023-12-27T22:09:28.290+0000] {processor.py:183} INFO - Processing /home/airflow/.local/lib/python3.8/site-packages/airflow/example_dags/example_datasets.py took 0.162 seconds
[2023-12-27T22:09:59.053+0000] {processor.py:161} INFO - Started process (PID=349) to work on /home/airflow/.local/lib/python3.8/site-packages/airflow/example_dags/example_datasets.py
[2023-12-27T22:09:59.055+0000] {processor.py:830} INFO - Processing file /home/airflow/.local/lib/python3.8/site-packages/airflow/example_dags/example_datasets.py for tasks to queue
[2023-12-27T22:09:59.058+0000] {logging_mixin.py:188} INFO - [2023-12-27T22:09:59.057+0000] {dagbag.py:538} INFO - Filling up the DagBag from /home/airflow/.local/lib/python3.8/site-packages/airflow/example_dags/example_datasets.py
[2023-12-27T22:09:59.067+0000] {processor.py:840} INFO - DAG(s) 'dataset_consumes_1', 'dataset_produces_1', 'dataset_produces_2', 'dataset_consumes_1_never_scheduled', 'dataset_consumes_unknown_never_scheduled', 'dataset_consumes_1_and_2' retrieved from /home/airflow/.local/lib/python3.8/site-packages/airflow/example_dags/example_datasets.py
[2023-12-27T22:09:59.115+0000] {logging_mixin.py:188} INFO - [2023-12-27T22:09:59.115+0000] {dag.py:3033} INFO - Sync 6 DAGs
[2023-12-27T22:09:59.142+0000] {logging_mixin.py:188} INFO - [2023-12-27T22:09:59.141+0000] {dag.py:3820} INFO - Setting next_dagrun for dataset_consumes_1 to None, run_after=None
[2023-12-27T22:09:59.149+0000] {logging_mixin.py:188} INFO - [2023-12-27T22:09:59.149+0000] {dag.py:3820} INFO - Setting next_dagrun for dataset_consumes_1_and_2 to None, run_after=None
[2023-12-27T22:09:59.153+0000] {logging_mixin.py:188} INFO - [2023-12-27T22:09:59.153+0000] {dag.py:3820} INFO - Setting next_dagrun for dataset_consumes_1_never_scheduled to None, run_after=None
[2023-12-27T22:09:59.158+0000] {logging_mixin.py:188} INFO - [2023-12-27T22:09:59.157+0000] {dag.py:3820} INFO - Setting next_dagrun for dataset_consumes_unknown_never_scheduled to None, run_after=None
[2023-12-27T22:09:59.166+0000] {logging_mixin.py:188} INFO - [2023-12-27T22:09:59.166+0000] {dag.py:3820} INFO - Setting next_dagrun for dataset_produces_1 to 2023-12-26T00:00:00+00:00, run_after=2023-12-27T00:00:00+00:00
[2023-12-27T22:09:59.170+0000] {logging_mixin.py:188} INFO - [2023-12-27T22:09:59.170+0000] {dag.py:3820} INFO - Setting next_dagrun for dataset_produces_2 to None, run_after=None
[2023-12-27T22:09:59.222+0000] {processor.py:183} INFO - Processing /home/airflow/.local/lib/python3.8/site-packages/airflow/example_dags/example_datasets.py took 0.172 seconds
[2023-12-27T22:10:29.367+0000] {processor.py:161} INFO - Started process (PID=404) to work on /home/airflow/.local/lib/python3.8/site-packages/airflow/example_dags/example_datasets.py
[2023-12-27T22:10:29.373+0000] {processor.py:830} INFO - Processing file /home/airflow/.local/lib/python3.8/site-packages/airflow/example_dags/example_datasets.py for tasks to queue
[2023-12-27T22:10:29.376+0000] {logging_mixin.py:188} INFO - [2023-12-27T22:10:29.376+0000] {dagbag.py:538} INFO - Filling up the DagBag from /home/airflow/.local/lib/python3.8/site-packages/airflow/example_dags/example_datasets.py
[2023-12-27T22:10:29.390+0000] {processor.py:840} INFO - DAG(s) 'dataset_consumes_1', 'dataset_consumes_1_and_2', 'dataset_produces_1', 'dataset_consumes_unknown_never_scheduled', 'dataset_consumes_1_never_scheduled', 'dataset_produces_2' retrieved from /home/airflow/.local/lib/python3.8/site-packages/airflow/example_dags/example_datasets.py
[2023-12-27T22:10:29.451+0000] {logging_mixin.py:188} INFO - [2023-12-27T22:10:29.451+0000] {dag.py:3033} INFO - Sync 6 DAGs
[2023-12-27T22:10:29.487+0000] {logging_mixin.py:188} INFO - [2023-12-27T22:10:29.487+0000] {dag.py:3820} INFO - Setting next_dagrun for dataset_consumes_1 to None, run_after=None
[2023-12-27T22:10:29.502+0000] {logging_mixin.py:188} INFO - [2023-12-27T22:10:29.502+0000] {dag.py:3820} INFO - Setting next_dagrun for dataset_consumes_1_and_2 to None, run_after=None
[2023-12-27T22:10:29.505+0000] {logging_mixin.py:188} INFO - [2023-12-27T22:10:29.505+0000] {dag.py:3820} INFO - Setting next_dagrun for dataset_consumes_1_never_scheduled to None, run_after=None
[2023-12-27T22:10:29.507+0000] {logging_mixin.py:188} INFO - [2023-12-27T22:10:29.507+0000] {dag.py:3820} INFO - Setting next_dagrun for dataset_consumes_unknown_never_scheduled to None, run_after=None
[2023-12-27T22:10:29.512+0000] {logging_mixin.py:188} INFO - [2023-12-27T22:10:29.512+0000] {dag.py:3820} INFO - Setting next_dagrun for dataset_produces_1 to 2023-12-26T00:00:00+00:00, run_after=2023-12-27T00:00:00+00:00
[2023-12-27T22:10:29.515+0000] {logging_mixin.py:188} INFO - [2023-12-27T22:10:29.515+0000] {dag.py:3820} INFO - Setting next_dagrun for dataset_produces_2 to None, run_after=None
[2023-12-27T22:10:29.561+0000] {processor.py:183} INFO - Processing /home/airflow/.local/lib/python3.8/site-packages/airflow/example_dags/example_datasets.py took 0.198 seconds
[2023-12-27T22:10:59.888+0000] {processor.py:161} INFO - Started process (PID=459) to work on /home/airflow/.local/lib/python3.8/site-packages/airflow/example_dags/example_datasets.py
[2023-12-27T22:10:59.890+0000] {processor.py:830} INFO - Processing file /home/airflow/.local/lib/python3.8/site-packages/airflow/example_dags/example_datasets.py for tasks to queue
[2023-12-27T22:10:59.892+0000] {logging_mixin.py:188} INFO - [2023-12-27T22:10:59.892+0000] {dagbag.py:538} INFO - Filling up the DagBag from /home/airflow/.local/lib/python3.8/site-packages/airflow/example_dags/example_datasets.py
[2023-12-27T22:10:59.906+0000] {processor.py:840} INFO - DAG(s) 'dataset_produces_2', 'dataset_consumes_1_and_2', 'dataset_produces_1', 'dataset_consumes_1_never_scheduled', 'dataset_consumes_unknown_never_scheduled', 'dataset_consumes_1' retrieved from /home/airflow/.local/lib/python3.8/site-packages/airflow/example_dags/example_datasets.py
[2023-12-27T22:10:59.965+0000] {logging_mixin.py:188} INFO - [2023-12-27T22:10:59.965+0000] {dag.py:3033} INFO - Sync 6 DAGs
[2023-12-27T22:10:59.999+0000] {logging_mixin.py:188} INFO - [2023-12-27T22:10:59.999+0000] {dag.py:3820} INFO - Setting next_dagrun for dataset_consumes_1 to None, run_after=None
[2023-12-27T22:11:00.004+0000] {logging_mixin.py:188} INFO - [2023-12-27T22:11:00.004+0000] {dag.py:3820} INFO - Setting next_dagrun for dataset_consumes_1_and_2 to None, run_after=None
[2023-12-27T22:11:00.006+0000] {logging_mixin.py:188} INFO - [2023-12-27T22:11:00.006+0000] {dag.py:3820} INFO - Setting next_dagrun for dataset_consumes_1_never_scheduled to None, run_after=None
[2023-12-27T22:11:00.008+0000] {logging_mixin.py:188} INFO - [2023-12-27T22:11:00.008+0000] {dag.py:3820} INFO - Setting next_dagrun for dataset_consumes_unknown_never_scheduled to None, run_after=None
[2023-12-27T22:11:00.012+0000] {logging_mixin.py:188} INFO - [2023-12-27T22:11:00.011+0000] {dag.py:3820} INFO - Setting next_dagrun for dataset_produces_1 to 2023-12-26T00:00:00+00:00, run_after=2023-12-27T00:00:00+00:00
[2023-12-27T22:11:00.016+0000] {logging_mixin.py:188} INFO - [2023-12-27T22:11:00.016+0000] {dag.py:3820} INFO - Setting next_dagrun for dataset_produces_2 to None, run_after=None
[2023-12-27T22:11:00.080+0000] {processor.py:183} INFO - Processing /home/airflow/.local/lib/python3.8/site-packages/airflow/example_dags/example_datasets.py took 0.196 seconds
[2023-12-27T22:11:31.160+0000] {processor.py:161} INFO - Started process (PID=514) to work on /home/airflow/.local/lib/python3.8/site-packages/airflow/example_dags/example_datasets.py
[2023-12-27T22:11:31.162+0000] {processor.py:830} INFO - Processing file /home/airflow/.local/lib/python3.8/site-packages/airflow/example_dags/example_datasets.py for tasks to queue
[2023-12-27T22:11:31.166+0000] {logging_mixin.py:188} INFO - [2023-12-27T22:11:31.165+0000] {dagbag.py:538} INFO - Filling up the DagBag from /home/airflow/.local/lib/python3.8/site-packages/airflow/example_dags/example_datasets.py
[2023-12-27T22:11:31.177+0000] {processor.py:840} INFO - DAG(s) 'dataset_produces_2', 'dataset_produces_1', 'dataset_consumes_1_and_2', 'dataset_consumes_1_never_scheduled', 'dataset_consumes_1', 'dataset_consumes_unknown_never_scheduled' retrieved from /home/airflow/.local/lib/python3.8/site-packages/airflow/example_dags/example_datasets.py
[2023-12-27T22:11:31.225+0000] {logging_mixin.py:188} INFO - [2023-12-27T22:11:31.225+0000] {dag.py:3033} INFO - Sync 6 DAGs
[2023-12-27T22:11:31.252+0000] {logging_mixin.py:188} INFO - [2023-12-27T22:11:31.252+0000] {dag.py:3820} INFO - Setting next_dagrun for dataset_consumes_1 to None, run_after=None
[2023-12-27T22:11:31.257+0000] {logging_mixin.py:188} INFO - [2023-12-27T22:11:31.257+0000] {dag.py:3820} INFO - Setting next_dagrun for dataset_consumes_1_and_2 to None, run_after=None
[2023-12-27T22:11:31.260+0000] {logging_mixin.py:188} INFO - [2023-12-27T22:11:31.259+0000] {dag.py:3820} INFO - Setting next_dagrun for dataset_consumes_1_never_scheduled to None, run_after=None
[2023-12-27T22:11:31.262+0000] {logging_mixin.py:188} INFO - [2023-12-27T22:11:31.262+0000] {dag.py:3820} INFO - Setting next_dagrun for dataset_consumes_unknown_never_scheduled to None, run_after=None
[2023-12-27T22:11:31.267+0000] {logging_mixin.py:188} INFO - [2023-12-27T22:11:31.267+0000] {dag.py:3820} INFO - Setting next_dagrun for dataset_produces_1 to 2023-12-26T00:00:00+00:00, run_after=2023-12-27T00:00:00+00:00
[2023-12-27T22:11:31.270+0000] {logging_mixin.py:188} INFO - [2023-12-27T22:11:31.270+0000] {dag.py:3820} INFO - Setting next_dagrun for dataset_produces_2 to None, run_after=None
[2023-12-27T22:11:31.338+0000] {processor.py:183} INFO - Processing /home/airflow/.local/lib/python3.8/site-packages/airflow/example_dags/example_datasets.py took 0.183 seconds
[2023-12-27T22:12:02.407+0000] {processor.py:161} INFO - Started process (PID=569) to work on /home/airflow/.local/lib/python3.8/site-packages/airflow/example_dags/example_datasets.py
[2023-12-27T22:12:02.552+0000] {processor.py:830} INFO - Processing file /home/airflow/.local/lib/python3.8/site-packages/airflow/example_dags/example_datasets.py for tasks to queue
[2023-12-27T22:12:02.576+0000] {logging_mixin.py:188} INFO - [2023-12-27T22:12:02.576+0000] {dagbag.py:538} INFO - Filling up the DagBag from /home/airflow/.local/lib/python3.8/site-packages/airflow/example_dags/example_datasets.py
[2023-12-27T22:12:02.589+0000] {processor.py:840} INFO - DAG(s) 'dataset_consumes_1_and_2', 'dataset_produces_1', 'dataset_produces_2', 'dataset_consumes_1', 'dataset_consumes_unknown_never_scheduled', 'dataset_consumes_1_never_scheduled' retrieved from /home/airflow/.local/lib/python3.8/site-packages/airflow/example_dags/example_datasets.py
[2023-12-27T22:12:02.648+0000] {logging_mixin.py:188} INFO - [2023-12-27T22:12:02.647+0000] {dag.py:3033} INFO - Sync 6 DAGs
[2023-12-27T22:12:02.720+0000] {logging_mixin.py:188} INFO - [2023-12-27T22:12:02.720+0000] {dag.py:3820} INFO - Setting next_dagrun for dataset_consumes_1 to None, run_after=None
[2023-12-27T22:12:02.771+0000] {logging_mixin.py:188} INFO - [2023-12-27T22:12:02.771+0000] {dag.py:3820} INFO - Setting next_dagrun for dataset_consumes_1_and_2 to None, run_after=None
[2023-12-27T22:12:02.868+0000] {logging_mixin.py:188} INFO - [2023-12-27T22:12:02.868+0000] {dag.py:3820} INFO - Setting next_dagrun for dataset_consumes_1_never_scheduled to None, run_after=None
[2023-12-27T22:12:02.885+0000] {logging_mixin.py:188} INFO - [2023-12-27T22:12:02.884+0000] {dag.py:3820} INFO - Setting next_dagrun for dataset_consumes_unknown_never_scheduled to None, run_after=None
[2023-12-27T22:12:02.929+0000] {logging_mixin.py:188} INFO - [2023-12-27T22:12:02.929+0000] {dag.py:3820} INFO - Setting next_dagrun for dataset_produces_1 to 2023-12-26T00:00:00+00:00, run_after=2023-12-27T00:00:00+00:00
[2023-12-27T22:12:02.986+0000] {logging_mixin.py:188} INFO - [2023-12-27T22:12:02.985+0000] {dag.py:3820} INFO - Setting next_dagrun for dataset_produces_2 to None, run_after=None
[2023-12-27T22:12:03.475+0000] {processor.py:183} INFO - Processing /home/airflow/.local/lib/python3.8/site-packages/airflow/example_dags/example_datasets.py took 1.072 seconds
[2023-12-27T22:12:33.971+0000] {processor.py:161} INFO - Started process (PID=625) to work on /home/airflow/.local/lib/python3.8/site-packages/airflow/example_dags/example_datasets.py
[2023-12-27T22:12:33.973+0000] {processor.py:830} INFO - Processing file /home/airflow/.local/lib/python3.8/site-packages/airflow/example_dags/example_datasets.py for tasks to queue
[2023-12-27T22:12:33.977+0000] {logging_mixin.py:188} INFO - [2023-12-27T22:12:33.976+0000] {dagbag.py:538} INFO - Filling up the DagBag from /home/airflow/.local/lib/python3.8/site-packages/airflow/example_dags/example_datasets.py
[2023-12-27T22:12:34.018+0000] {processor.py:840} INFO - DAG(s) 'dataset_produces_2', 'dataset_consumes_unknown_never_scheduled', 'dataset_consumes_1', 'dataset_produces_1', 'dataset_consumes_1_and_2', 'dataset_consumes_1_never_scheduled' retrieved from /home/airflow/.local/lib/python3.8/site-packages/airflow/example_dags/example_datasets.py
[2023-12-27T22:12:34.070+0000] {logging_mixin.py:188} INFO - [2023-12-27T22:12:34.070+0000] {dag.py:3033} INFO - Sync 6 DAGs
[2023-12-27T22:12:34.099+0000] {logging_mixin.py:188} INFO - [2023-12-27T22:12:34.098+0000] {dag.py:3820} INFO - Setting next_dagrun for dataset_consumes_1 to None, run_after=None
[2023-12-27T22:12:34.104+0000] {logging_mixin.py:188} INFO - [2023-12-27T22:12:34.103+0000] {dag.py:3820} INFO - Setting next_dagrun for dataset_consumes_1_and_2 to None, run_after=None
[2023-12-27T22:12:34.106+0000] {logging_mixin.py:188} INFO - [2023-12-27T22:12:34.106+0000] {dag.py:3820} INFO - Setting next_dagrun for dataset_consumes_1_never_scheduled to None, run_after=None
[2023-12-27T22:12:34.109+0000] {logging_mixin.py:188} INFO - [2023-12-27T22:12:34.109+0000] {dag.py:3820} INFO - Setting next_dagrun for dataset_consumes_unknown_never_scheduled to None, run_after=None
[2023-12-27T22:12:34.113+0000] {logging_mixin.py:188} INFO - [2023-12-27T22:12:34.113+0000] {dag.py:3820} INFO - Setting next_dagrun for dataset_produces_1 to 2023-12-26T00:00:00+00:00, run_after=2023-12-27T00:00:00+00:00
[2023-12-27T22:12:34.116+0000] {logging_mixin.py:188} INFO - [2023-12-27T22:12:34.116+0000] {dag.py:3820} INFO - Setting next_dagrun for dataset_produces_2 to None, run_after=None
[2023-12-27T22:12:34.456+0000] {processor.py:183} INFO - Processing /home/airflow/.local/lib/python3.8/site-packages/airflow/example_dags/example_datasets.py took 0.488 seconds
[2023-12-27T22:13:04.600+0000] {processor.py:161} INFO - Started process (PID=681) to work on /home/airflow/.local/lib/python3.8/site-packages/airflow/example_dags/example_datasets.py
[2023-12-27T22:13:04.602+0000] {processor.py:830} INFO - Processing file /home/airflow/.local/lib/python3.8/site-packages/airflow/example_dags/example_datasets.py for tasks to queue
[2023-12-27T22:13:04.605+0000] {logging_mixin.py:188} INFO - [2023-12-27T22:13:04.605+0000] {dagbag.py:538} INFO - Filling up the DagBag from /home/airflow/.local/lib/python3.8/site-packages/airflow/example_dags/example_datasets.py
[2023-12-27T22:13:04.616+0000] {processor.py:840} INFO - DAG(s) 'dataset_produces_1', 'dataset_consumes_1_and_2', 'dataset_consumes_unknown_never_scheduled', 'dataset_produces_2', 'dataset_consumes_1_never_scheduled', 'dataset_consumes_1' retrieved from /home/airflow/.local/lib/python3.8/site-packages/airflow/example_dags/example_datasets.py
[2023-12-27T22:13:04.675+0000] {logging_mixin.py:188} INFO - [2023-12-27T22:13:04.674+0000] {dag.py:3033} INFO - Sync 6 DAGs
[2023-12-27T22:13:04.704+0000] {logging_mixin.py:188} INFO - [2023-12-27T22:13:04.704+0000] {dag.py:3820} INFO - Setting next_dagrun for dataset_consumes_1 to None, run_after=None
[2023-12-27T22:13:04.710+0000] {logging_mixin.py:188} INFO - [2023-12-27T22:13:04.710+0000] {dag.py:3820} INFO - Setting next_dagrun for dataset_consumes_1_and_2 to None, run_after=None
[2023-12-27T22:13:04.712+0000] {logging_mixin.py:188} INFO - [2023-12-27T22:13:04.712+0000] {dag.py:3820} INFO - Setting next_dagrun for dataset_consumes_1_never_scheduled to None, run_after=None
[2023-12-27T22:13:04.714+0000] {logging_mixin.py:188} INFO - [2023-12-27T22:13:04.714+0000] {dag.py:3820} INFO - Setting next_dagrun for dataset_consumes_unknown_never_scheduled to None, run_after=None
[2023-12-27T22:13:04.717+0000] {logging_mixin.py:188} INFO - [2023-12-27T22:13:04.717+0000] {dag.py:3820} INFO - Setting next_dagrun for dataset_produces_1 to 2023-12-26T00:00:00+00:00, run_after=2023-12-27T00:00:00+00:00
[2023-12-27T22:13:04.720+0000] {logging_mixin.py:188} INFO - [2023-12-27T22:13:04.720+0000] {dag.py:3820} INFO - Setting next_dagrun for dataset_produces_2 to None, run_after=None
[2023-12-27T22:13:04.787+0000] {processor.py:183} INFO - Processing /home/airflow/.local/lib/python3.8/site-packages/airflow/example_dags/example_datasets.py took 0.190 seconds
[2023-12-27T22:13:35.521+0000] {processor.py:161} INFO - Started process (PID=735) to work on /home/airflow/.local/lib/python3.8/site-packages/airflow/example_dags/example_datasets.py
[2023-12-27T22:13:35.523+0000] {processor.py:830} INFO - Processing file /home/airflow/.local/lib/python3.8/site-packages/airflow/example_dags/example_datasets.py for tasks to queue
[2023-12-27T22:13:35.527+0000] {logging_mixin.py:188} INFO - [2023-12-27T22:13:35.527+0000] {dagbag.py:538} INFO - Filling up the DagBag from /home/airflow/.local/lib/python3.8/site-packages/airflow/example_dags/example_datasets.py
[2023-12-27T22:13:35.547+0000] {processor.py:840} INFO - DAG(s) 'dataset_produces_2', 'dataset_consumes_1', 'dataset_consumes_1_never_scheduled', 'dataset_produces_1', 'dataset_consumes_unknown_never_scheduled', 'dataset_consumes_1_and_2' retrieved from /home/airflow/.local/lib/python3.8/site-packages/airflow/example_dags/example_datasets.py
[2023-12-27T22:13:35.617+0000] {logging_mixin.py:188} INFO - [2023-12-27T22:13:35.617+0000] {dag.py:3033} INFO - Sync 6 DAGs
[2023-12-27T22:13:35.670+0000] {logging_mixin.py:188} INFO - [2023-12-27T22:13:35.669+0000] {dag.py:3820} INFO - Setting next_dagrun for dataset_consumes_1 to None, run_after=None
[2023-12-27T22:13:35.677+0000] {logging_mixin.py:188} INFO - [2023-12-27T22:13:35.676+0000] {dag.py:3820} INFO - Setting next_dagrun for dataset_consumes_1_and_2 to None, run_after=None
[2023-12-27T22:13:35.681+0000] {logging_mixin.py:188} INFO - [2023-12-27T22:13:35.681+0000] {dag.py:3820} INFO - Setting next_dagrun for dataset_consumes_1_never_scheduled to None, run_after=None
[2023-12-27T22:13:35.684+0000] {logging_mixin.py:188} INFO - [2023-12-27T22:13:35.683+0000] {dag.py:3820} INFO - Setting next_dagrun for dataset_consumes_unknown_never_scheduled to None, run_after=None
[2023-12-27T22:13:35.687+0000] {logging_mixin.py:188} INFO - [2023-12-27T22:13:35.687+0000] {dag.py:3820} INFO - Setting next_dagrun for dataset_produces_1 to 2023-12-26T00:00:00+00:00, run_after=2023-12-27T00:00:00+00:00
[2023-12-27T22:13:35.689+0000] {logging_mixin.py:188} INFO - [2023-12-27T22:13:35.689+0000] {dag.py:3820} INFO - Setting next_dagrun for dataset_produces_2 to None, run_after=None
[2023-12-27T22:13:35.735+0000] {processor.py:183} INFO - Processing /home/airflow/.local/lib/python3.8/site-packages/airflow/example_dags/example_datasets.py took 0.221 seconds
[2023-12-27T22:14:06.253+0000] {processor.py:161} INFO - Started process (PID=790) to work on /home/airflow/.local/lib/python3.8/site-packages/airflow/example_dags/example_datasets.py
[2023-12-27T22:14:06.255+0000] {processor.py:830} INFO - Processing file /home/airflow/.local/lib/python3.8/site-packages/airflow/example_dags/example_datasets.py for tasks to queue
[2023-12-27T22:14:06.259+0000] {logging_mixin.py:188} INFO - [2023-12-27T22:14:06.258+0000] {dagbag.py:538} INFO - Filling up the DagBag from /home/airflow/.local/lib/python3.8/site-packages/airflow/example_dags/example_datasets.py
[2023-12-27T22:14:06.292+0000] {processor.py:840} INFO - DAG(s) 'dataset_consumes_1', 'dataset_consumes_1_never_scheduled', 'dataset_consumes_unknown_never_scheduled', 'dataset_produces_2', 'dataset_produces_1', 'dataset_consumes_1_and_2' retrieved from /home/airflow/.local/lib/python3.8/site-packages/airflow/example_dags/example_datasets.py
[2023-12-27T22:14:06.364+0000] {logging_mixin.py:188} INFO - [2023-12-27T22:14:06.364+0000] {dag.py:3033} INFO - Sync 6 DAGs
[2023-12-27T22:14:06.407+0000] {logging_mixin.py:188} INFO - [2023-12-27T22:14:06.407+0000] {dag.py:3820} INFO - Setting next_dagrun for dataset_consumes_1 to None, run_after=None
[2023-12-27T22:14:06.416+0000] {logging_mixin.py:188} INFO - [2023-12-27T22:14:06.416+0000] {dag.py:3820} INFO - Setting next_dagrun for dataset_consumes_1_and_2 to None, run_after=None
[2023-12-27T22:14:06.418+0000] {logging_mixin.py:188} INFO - [2023-12-27T22:14:06.418+0000] {dag.py:3820} INFO - Setting next_dagrun for dataset_consumes_1_never_scheduled to None, run_after=None
[2023-12-27T22:14:06.422+0000] {logging_mixin.py:188} INFO - [2023-12-27T22:14:06.421+0000] {dag.py:3820} INFO - Setting next_dagrun for dataset_consumes_unknown_never_scheduled to None, run_after=None
[2023-12-27T22:14:06.429+0000] {logging_mixin.py:188} INFO - [2023-12-27T22:14:06.429+0000] {dag.py:3820} INFO - Setting next_dagrun for dataset_produces_1 to 2023-12-26T00:00:00+00:00, run_after=2023-12-27T00:00:00+00:00
[2023-12-27T22:14:06.431+0000] {logging_mixin.py:188} INFO - [2023-12-27T22:14:06.431+0000] {dag.py:3820} INFO - Setting next_dagrun for dataset_produces_2 to None, run_after=None
[2023-12-27T22:14:06.477+0000] {processor.py:183} INFO - Processing /home/airflow/.local/lib/python3.8/site-packages/airflow/example_dags/example_datasets.py took 0.236 seconds
[2023-12-27T22:14:36.753+0000] {processor.py:161} INFO - Started process (PID=845) to work on /home/airflow/.local/lib/python3.8/site-packages/airflow/example_dags/example_datasets.py
[2023-12-27T22:14:36.756+0000] {processor.py:830} INFO - Processing file /home/airflow/.local/lib/python3.8/site-packages/airflow/example_dags/example_datasets.py for tasks to queue
[2023-12-27T22:14:36.761+0000] {logging_mixin.py:188} INFO - [2023-12-27T22:14:36.760+0000] {dagbag.py:538} INFO - Filling up the DagBag from /home/airflow/.local/lib/python3.8/site-packages/airflow/example_dags/example_datasets.py
[2023-12-27T22:14:36.776+0000] {processor.py:840} INFO - DAG(s) 'dataset_produces_1', 'dataset_consumes_unknown_never_scheduled', 'dataset_consumes_1_never_scheduled', 'dataset_produces_2', 'dataset_consumes_1', 'dataset_consumes_1_and_2' retrieved from /home/airflow/.local/lib/python3.8/site-packages/airflow/example_dags/example_datasets.py
[2023-12-27T22:14:36.830+0000] {logging_mixin.py:188} INFO - [2023-12-27T22:14:36.829+0000] {dag.py:3033} INFO - Sync 6 DAGs
[2023-12-27T22:14:36.863+0000] {logging_mixin.py:188} INFO - [2023-12-27T22:14:36.862+0000] {dag.py:3820} INFO - Setting next_dagrun for dataset_consumes_1 to None, run_after=None
[2023-12-27T22:14:36.870+0000] {logging_mixin.py:188} INFO - [2023-12-27T22:14:36.870+0000] {dag.py:3820} INFO - Setting next_dagrun for dataset_consumes_1_and_2 to None, run_after=None
[2023-12-27T22:14:36.872+0000] {logging_mixin.py:188} INFO - [2023-12-27T22:14:36.872+0000] {dag.py:3820} INFO - Setting next_dagrun for dataset_consumes_1_never_scheduled to None, run_after=None
[2023-12-27T22:14:36.875+0000] {logging_mixin.py:188} INFO - [2023-12-27T22:14:36.874+0000] {dag.py:3820} INFO - Setting next_dagrun for dataset_consumes_unknown_never_scheduled to None, run_after=None
[2023-12-27T22:14:36.880+0000] {logging_mixin.py:188} INFO - [2023-12-27T22:14:36.880+0000] {dag.py:3820} INFO - Setting next_dagrun for dataset_produces_1 to 2023-12-26T00:00:00+00:00, run_after=2023-12-27T00:00:00+00:00
[2023-12-27T22:14:36.883+0000] {logging_mixin.py:188} INFO - [2023-12-27T22:14:36.882+0000] {dag.py:3820} INFO - Setting next_dagrun for dataset_produces_2 to None, run_after=None
[2023-12-27T22:14:36.985+0000] {processor.py:183} INFO - Processing /home/airflow/.local/lib/python3.8/site-packages/airflow/example_dags/example_datasets.py took 0.239 seconds
[2023-12-27T22:15:07.055+0000] {processor.py:161} INFO - Started process (PID=892) to work on /home/airflow/.local/lib/python3.8/site-packages/airflow/example_dags/example_datasets.py
[2023-12-27T22:15:07.057+0000] {processor.py:830} INFO - Processing file /home/airflow/.local/lib/python3.8/site-packages/airflow/example_dags/example_datasets.py for tasks to queue
[2023-12-27T22:15:07.062+0000] {logging_mixin.py:188} INFO - [2023-12-27T22:15:07.061+0000] {dagbag.py:538} INFO - Filling up the DagBag from /home/airflow/.local/lib/python3.8/site-packages/airflow/example_dags/example_datasets.py
[2023-12-27T22:15:07.086+0000] {processor.py:840} INFO - DAG(s) 'dataset_consumes_1_never_scheduled', 'dataset_consumes_1', 'dataset_consumes_unknown_never_scheduled', 'dataset_produces_2', 'dataset_produces_1', 'dataset_consumes_1_and_2' retrieved from /home/airflow/.local/lib/python3.8/site-packages/airflow/example_dags/example_datasets.py
[2023-12-27T22:15:07.186+0000] {logging_mixin.py:188} INFO - [2023-12-27T22:15:07.181+0000] {dag.py:3033} INFO - Sync 6 DAGs
[2023-12-27T22:15:07.238+0000] {logging_mixin.py:188} INFO - [2023-12-27T22:15:07.238+0000] {dag.py:3820} INFO - Setting next_dagrun for dataset_consumes_1 to None, run_after=None
[2023-12-27T22:15:07.245+0000] {logging_mixin.py:188} INFO - [2023-12-27T22:15:07.245+0000] {dag.py:3820} INFO - Setting next_dagrun for dataset_consumes_1_and_2 to None, run_after=None
[2023-12-27T22:15:07.248+0000] {logging_mixin.py:188} INFO - [2023-12-27T22:15:07.248+0000] {dag.py:3820} INFO - Setting next_dagrun for dataset_consumes_1_never_scheduled to None, run_after=None
[2023-12-27T22:15:07.251+0000] {logging_mixin.py:188} INFO - [2023-12-27T22:15:07.251+0000] {dag.py:3820} INFO - Setting next_dagrun for dataset_consumes_unknown_never_scheduled to None, run_after=None
[2023-12-27T22:15:07.257+0000] {logging_mixin.py:188} INFO - [2023-12-27T22:15:07.257+0000] {dag.py:3820} INFO - Setting next_dagrun for dataset_produces_1 to 2023-12-26T00:00:00+00:00, run_after=2023-12-27T00:00:00+00:00
[2023-12-27T22:15:07.261+0000] {logging_mixin.py:188} INFO - [2023-12-27T22:15:07.260+0000] {dag.py:3820} INFO - Setting next_dagrun for dataset_produces_2 to None, run_after=None
[2023-12-27T22:15:07.325+0000] {processor.py:183} INFO - Processing /home/airflow/.local/lib/python3.8/site-packages/airflow/example_dags/example_datasets.py took 0.276 seconds
[2023-12-27T22:15:37.486+0000] {processor.py:161} INFO - Started process (PID=948) to work on /home/airflow/.local/lib/python3.8/site-packages/airflow/example_dags/example_datasets.py
[2023-12-27T22:15:37.488+0000] {processor.py:830} INFO - Processing file /home/airflow/.local/lib/python3.8/site-packages/airflow/example_dags/example_datasets.py for tasks to queue
[2023-12-27T22:15:37.492+0000] {logging_mixin.py:188} INFO - [2023-12-27T22:15:37.492+0000] {dagbag.py:538} INFO - Filling up the DagBag from /home/airflow/.local/lib/python3.8/site-packages/airflow/example_dags/example_datasets.py
[2023-12-27T22:15:37.505+0000] {processor.py:840} INFO - DAG(s) 'dataset_consumes_1', 'dataset_consumes_1_and_2', 'dataset_consumes_unknown_never_scheduled', 'dataset_produces_1', 'dataset_produces_2', 'dataset_consumes_1_never_scheduled' retrieved from /home/airflow/.local/lib/python3.8/site-packages/airflow/example_dags/example_datasets.py
[2023-12-27T22:15:37.547+0000] {logging_mixin.py:188} INFO - [2023-12-27T22:15:37.547+0000] {dag.py:3033} INFO - Sync 6 DAGs
[2023-12-27T22:15:37.579+0000] {logging_mixin.py:188} INFO - [2023-12-27T22:15:37.578+0000] {dag.py:3820} INFO - Setting next_dagrun for dataset_consumes_1 to None, run_after=None
[2023-12-27T22:15:37.584+0000] {logging_mixin.py:188} INFO - [2023-12-27T22:15:37.584+0000] {dag.py:3820} INFO - Setting next_dagrun for dataset_consumes_1_and_2 to None, run_after=None
[2023-12-27T22:15:37.586+0000] {logging_mixin.py:188} INFO - [2023-12-27T22:15:37.586+0000] {dag.py:3820} INFO - Setting next_dagrun for dataset_consumes_1_never_scheduled to None, run_after=None
[2023-12-27T22:15:37.589+0000] {logging_mixin.py:188} INFO - [2023-12-27T22:15:37.588+0000] {dag.py:3820} INFO - Setting next_dagrun for dataset_consumes_unknown_never_scheduled to None, run_after=None
[2023-12-27T22:15:37.593+0000] {logging_mixin.py:188} INFO - [2023-12-27T22:15:37.592+0000] {dag.py:3820} INFO - Setting next_dagrun for dataset_produces_1 to 2023-12-26T00:00:00+00:00, run_after=2023-12-27T00:00:00+00:00
[2023-12-27T22:15:37.595+0000] {logging_mixin.py:188} INFO - [2023-12-27T22:15:37.595+0000] {dag.py:3820} INFO - Setting next_dagrun for dataset_produces_2 to None, run_after=None
[2023-12-27T22:15:37.652+0000] {processor.py:183} INFO - Processing /home/airflow/.local/lib/python3.8/site-packages/airflow/example_dags/example_datasets.py took 0.172 seconds
[2023-12-27T22:16:07.795+0000] {processor.py:161} INFO - Started process (PID=1002) to work on /home/airflow/.local/lib/python3.8/site-packages/airflow/example_dags/example_datasets.py
[2023-12-27T22:16:07.798+0000] {processor.py:830} INFO - Processing file /home/airflow/.local/lib/python3.8/site-packages/airflow/example_dags/example_datasets.py for tasks to queue
[2023-12-27T22:16:07.803+0000] {logging_mixin.py:188} INFO - [2023-12-27T22:16:07.802+0000] {dagbag.py:538} INFO - Filling up the DagBag from /home/airflow/.local/lib/python3.8/site-packages/airflow/example_dags/example_datasets.py
[2023-12-27T22:16:07.823+0000] {processor.py:840} INFO - DAG(s) 'dataset_produces_2', 'dataset_consumes_1_never_scheduled', 'dataset_consumes_1', 'dataset_consumes_unknown_never_scheduled', 'dataset_produces_1', 'dataset_consumes_1_and_2' retrieved from /home/airflow/.local/lib/python3.8/site-packages/airflow/example_dags/example_datasets.py
[2023-12-27T22:16:07.893+0000] {logging_mixin.py:188} INFO - [2023-12-27T22:16:07.892+0000] {dag.py:3033} INFO - Sync 6 DAGs
[2023-12-27T22:16:07.935+0000] {logging_mixin.py:188} INFO - [2023-12-27T22:16:07.934+0000] {dag.py:3820} INFO - Setting next_dagrun for dataset_consumes_1 to None, run_after=None
[2023-12-27T22:16:07.941+0000] {logging_mixin.py:188} INFO - [2023-12-27T22:16:07.941+0000] {dag.py:3820} INFO - Setting next_dagrun for dataset_consumes_1_and_2 to None, run_after=None
[2023-12-27T22:16:07.944+0000] {logging_mixin.py:188} INFO - [2023-12-27T22:16:07.944+0000] {dag.py:3820} INFO - Setting next_dagrun for dataset_consumes_1_never_scheduled to None, run_after=None
[2023-12-27T22:16:07.946+0000] {logging_mixin.py:188} INFO - [2023-12-27T22:16:07.946+0000] {dag.py:3820} INFO - Setting next_dagrun for dataset_consumes_unknown_never_scheduled to None, run_after=None
[2023-12-27T22:16:07.950+0000] {logging_mixin.py:188} INFO - [2023-12-27T22:16:07.950+0000] {dag.py:3820} INFO - Setting next_dagrun for dataset_produces_1 to 2023-12-26T00:00:00+00:00, run_after=2023-12-27T00:00:00+00:00
[2023-12-27T22:16:07.953+0000] {logging_mixin.py:188} INFO - [2023-12-27T22:16:07.952+0000] {dag.py:3820} INFO - Setting next_dagrun for dataset_produces_2 to None, run_after=None
[2023-12-27T22:16:08.015+0000] {processor.py:183} INFO - Processing /home/airflow/.local/lib/python3.8/site-packages/airflow/example_dags/example_datasets.py took 0.225 seconds
[2023-12-27T22:16:38.542+0000] {processor.py:161} INFO - Started process (PID=1057) to work on /home/airflow/.local/lib/python3.8/site-packages/airflow/example_dags/example_datasets.py
[2023-12-27T22:16:38.543+0000] {processor.py:830} INFO - Processing file /home/airflow/.local/lib/python3.8/site-packages/airflow/example_dags/example_datasets.py for tasks to queue
[2023-12-27T22:16:38.546+0000] {logging_mixin.py:188} INFO - [2023-12-27T22:16:38.546+0000] {dagbag.py:538} INFO - Filling up the DagBag from /home/airflow/.local/lib/python3.8/site-packages/airflow/example_dags/example_datasets.py
[2023-12-27T22:16:38.558+0000] {processor.py:840} INFO - DAG(s) 'dataset_consumes_1', 'dataset_consumes_1_never_scheduled', 'dataset_produces_1', 'dataset_consumes_1_and_2', 'dataset_produces_2', 'dataset_consumes_unknown_never_scheduled' retrieved from /home/airflow/.local/lib/python3.8/site-packages/airflow/example_dags/example_datasets.py
[2023-12-27T22:16:38.602+0000] {logging_mixin.py:188} INFO - [2023-12-27T22:16:38.602+0000] {dag.py:3033} INFO - Sync 6 DAGs
[2023-12-27T22:16:38.634+0000] {logging_mixin.py:188} INFO - [2023-12-27T22:16:38.633+0000] {dag.py:3820} INFO - Setting next_dagrun for dataset_consumes_1 to None, run_after=None
[2023-12-27T22:16:38.640+0000] {logging_mixin.py:188} INFO - [2023-12-27T22:16:38.640+0000] {dag.py:3820} INFO - Setting next_dagrun for dataset_consumes_1_and_2 to None, run_after=None
[2023-12-27T22:16:38.646+0000] {logging_mixin.py:188} INFO - [2023-12-27T22:16:38.646+0000] {dag.py:3820} INFO - Setting next_dagrun for dataset_consumes_1_never_scheduled to None, run_after=None
[2023-12-27T22:16:38.648+0000] {logging_mixin.py:188} INFO - [2023-12-27T22:16:38.648+0000] {dag.py:3820} INFO - Setting next_dagrun for dataset_consumes_unknown_never_scheduled to None, run_after=None
[2023-12-27T22:16:38.653+0000] {logging_mixin.py:188} INFO - [2023-12-27T22:16:38.653+0000] {dag.py:3820} INFO - Setting next_dagrun for dataset_produces_1 to 2023-12-26T00:00:00+00:00, run_after=2023-12-27T00:00:00+00:00
[2023-12-27T22:16:38.656+0000] {logging_mixin.py:188} INFO - [2023-12-27T22:16:38.656+0000] {dag.py:3820} INFO - Setting next_dagrun for dataset_produces_2 to None, run_after=None
[2023-12-27T22:16:38.701+0000] {processor.py:183} INFO - Processing /home/airflow/.local/lib/python3.8/site-packages/airflow/example_dags/example_datasets.py took 0.163 seconds
[2023-12-27T22:17:09.458+0000] {processor.py:161} INFO - Started process (PID=1112) to work on /home/airflow/.local/lib/python3.8/site-packages/airflow/example_dags/example_datasets.py
[2023-12-27T22:17:09.460+0000] {processor.py:830} INFO - Processing file /home/airflow/.local/lib/python3.8/site-packages/airflow/example_dags/example_datasets.py for tasks to queue
[2023-12-27T22:17:09.463+0000] {logging_mixin.py:188} INFO - [2023-12-27T22:17:09.463+0000] {dagbag.py:538} INFO - Filling up the DagBag from /home/airflow/.local/lib/python3.8/site-packages/airflow/example_dags/example_datasets.py
[2023-12-27T22:17:09.472+0000] {processor.py:840} INFO - DAG(s) 'dataset_consumes_1_and_2', 'dataset_consumes_unknown_never_scheduled', 'dataset_consumes_1_never_scheduled', 'dataset_produces_1', 'dataset_produces_2', 'dataset_consumes_1' retrieved from /home/airflow/.local/lib/python3.8/site-packages/airflow/example_dags/example_datasets.py
[2023-12-27T22:17:09.528+0000] {logging_mixin.py:188} INFO - [2023-12-27T22:17:09.527+0000] {dag.py:3033} INFO - Sync 6 DAGs
[2023-12-27T22:17:09.564+0000] {logging_mixin.py:188} INFO - [2023-12-27T22:17:09.564+0000] {dag.py:3820} INFO - Setting next_dagrun for dataset_consumes_1 to None, run_after=None
[2023-12-27T22:17:09.569+0000] {logging_mixin.py:188} INFO - [2023-12-27T22:17:09.569+0000] {dag.py:3820} INFO - Setting next_dagrun for dataset_consumes_1_and_2 to None, run_after=None
[2023-12-27T22:17:09.572+0000] {logging_mixin.py:188} INFO - [2023-12-27T22:17:09.571+0000] {dag.py:3820} INFO - Setting next_dagrun for dataset_consumes_1_never_scheduled to None, run_after=None
[2023-12-27T22:17:09.574+0000] {logging_mixin.py:188} INFO - [2023-12-27T22:17:09.574+0000] {dag.py:3820} INFO - Setting next_dagrun for dataset_consumes_unknown_never_scheduled to None, run_after=None
[2023-12-27T22:17:09.580+0000] {logging_mixin.py:188} INFO - [2023-12-27T22:17:09.579+0000] {dag.py:3820} INFO - Setting next_dagrun for dataset_produces_1 to 2023-12-26T00:00:00+00:00, run_after=2023-12-27T00:00:00+00:00
[2023-12-27T22:17:09.582+0000] {logging_mixin.py:188} INFO - [2023-12-27T22:17:09.582+0000] {dag.py:3820} INFO - Setting next_dagrun for dataset_produces_2 to None, run_after=None
[2023-12-27T22:17:09.630+0000] {processor.py:183} INFO - Processing /home/airflow/.local/lib/python3.8/site-packages/airflow/example_dags/example_datasets.py took 0.175 seconds
[2023-12-27T22:17:39.736+0000] {processor.py:161} INFO - Started process (PID=1166) to work on /home/airflow/.local/lib/python3.8/site-packages/airflow/example_dags/example_datasets.py
[2023-12-27T22:17:39.739+0000] {processor.py:830} INFO - Processing file /home/airflow/.local/lib/python3.8/site-packages/airflow/example_dags/example_datasets.py for tasks to queue
[2023-12-27T22:17:39.741+0000] {logging_mixin.py:188} INFO - [2023-12-27T22:17:39.741+0000] {dagbag.py:538} INFO - Filling up the DagBag from /home/airflow/.local/lib/python3.8/site-packages/airflow/example_dags/example_datasets.py
[2023-12-27T22:17:39.753+0000] {processor.py:840} INFO - DAG(s) 'dataset_consumes_unknown_never_scheduled', 'dataset_produces_1', 'dataset_consumes_1_never_scheduled', 'dataset_consumes_1', 'dataset_produces_2', 'dataset_consumes_1_and_2' retrieved from /home/airflow/.local/lib/python3.8/site-packages/airflow/example_dags/example_datasets.py
[2023-12-27T22:17:39.800+0000] {logging_mixin.py:188} INFO - [2023-12-27T22:17:39.799+0000] {dag.py:3033} INFO - Sync 6 DAGs
[2023-12-27T22:17:39.839+0000] {logging_mixin.py:188} INFO - [2023-12-27T22:17:39.839+0000] {dag.py:3820} INFO - Setting next_dagrun for dataset_consumes_1 to None, run_after=None
[2023-12-27T22:17:39.845+0000] {logging_mixin.py:188} INFO - [2023-12-27T22:17:39.845+0000] {dag.py:3820} INFO - Setting next_dagrun for dataset_consumes_1_and_2 to None, run_after=None
[2023-12-27T22:17:39.849+0000] {logging_mixin.py:188} INFO - [2023-12-27T22:17:39.848+0000] {dag.py:3820} INFO - Setting next_dagrun for dataset_consumes_1_never_scheduled to None, run_after=None
[2023-12-27T22:17:39.851+0000] {logging_mixin.py:188} INFO - [2023-12-27T22:17:39.851+0000] {dag.py:3820} INFO - Setting next_dagrun for dataset_consumes_unknown_never_scheduled to None, run_after=None
[2023-12-27T22:17:39.857+0000] {logging_mixin.py:188} INFO - [2023-12-27T22:17:39.857+0000] {dag.py:3820} INFO - Setting next_dagrun for dataset_produces_1 to 2023-12-26T00:00:00+00:00, run_after=2023-12-27T00:00:00+00:00
[2023-12-27T22:17:39.862+0000] {logging_mixin.py:188} INFO - [2023-12-27T22:17:39.861+0000] {dag.py:3820} INFO - Setting next_dagrun for dataset_produces_2 to None, run_after=None
[2023-12-27T22:17:39.925+0000] {processor.py:183} INFO - Processing /home/airflow/.local/lib/python3.8/site-packages/airflow/example_dags/example_datasets.py took 0.196 seconds
[2023-12-27T22:18:10.850+0000] {processor.py:161} INFO - Started process (PID=1221) to work on /home/airflow/.local/lib/python3.8/site-packages/airflow/example_dags/example_datasets.py
[2023-12-27T22:18:10.851+0000] {processor.py:830} INFO - Processing file /home/airflow/.local/lib/python3.8/site-packages/airflow/example_dags/example_datasets.py for tasks to queue
[2023-12-27T22:18:10.855+0000] {logging_mixin.py:188} INFO - [2023-12-27T22:18:10.854+0000] {dagbag.py:538} INFO - Filling up the DagBag from /home/airflow/.local/lib/python3.8/site-packages/airflow/example_dags/example_datasets.py
[2023-12-27T22:18:10.870+0000] {processor.py:840} INFO - DAG(s) 'dataset_consumes_1', 'dataset_consumes_unknown_never_scheduled', 'dataset_consumes_1_never_scheduled', 'dataset_produces_1', 'dataset_produces_2', 'dataset_consumes_1_and_2' retrieved from /home/airflow/.local/lib/python3.8/site-packages/airflow/example_dags/example_datasets.py
[2023-12-27T22:18:10.949+0000] {logging_mixin.py:188} INFO - [2023-12-27T22:18:10.948+0000] {dag.py:3033} INFO - Sync 6 DAGs
[2023-12-27T22:18:10.989+0000] {logging_mixin.py:188} INFO - [2023-12-27T22:18:10.989+0000] {dag.py:3820} INFO - Setting next_dagrun for dataset_consumes_1 to None, run_after=None
[2023-12-27T22:18:10.996+0000] {logging_mixin.py:188} INFO - [2023-12-27T22:18:10.995+0000] {dag.py:3820} INFO - Setting next_dagrun for dataset_consumes_1_and_2 to None, run_after=None
[2023-12-27T22:18:10.999+0000] {logging_mixin.py:188} INFO - [2023-12-27T22:18:10.999+0000] {dag.py:3820} INFO - Setting next_dagrun for dataset_consumes_1_never_scheduled to None, run_after=None
[2023-12-27T22:18:11.002+0000] {logging_mixin.py:188} INFO - [2023-12-27T22:18:11.002+0000] {dag.py:3820} INFO - Setting next_dagrun for dataset_consumes_unknown_never_scheduled to None, run_after=None
[2023-12-27T22:18:11.008+0000] {logging_mixin.py:188} INFO - [2023-12-27T22:18:11.008+0000] {dag.py:3820} INFO - Setting next_dagrun for dataset_produces_1 to 2023-12-26T00:00:00+00:00, run_after=2023-12-27T00:00:00+00:00
[2023-12-27T22:18:11.010+0000] {logging_mixin.py:188} INFO - [2023-12-27T22:18:11.010+0000] {dag.py:3820} INFO - Setting next_dagrun for dataset_produces_2 to None, run_after=None
[2023-12-27T22:18:11.056+0000] {processor.py:183} INFO - Processing /home/airflow/.local/lib/python3.8/site-packages/airflow/example_dags/example_datasets.py took 0.211 seconds
