[2023-12-27T22:07:32.358+0000] {processor.py:161} INFO - Started process (PID=91) to work on /home/airflow/.local/lib/python3.8/site-packages/airflow/example_dags/example_skip_dag.py
[2023-12-27T22:07:32.359+0000] {processor.py:830} INFO - Processing file /home/airflow/.local/lib/python3.8/site-packages/airflow/example_dags/example_skip_dag.py for tasks to queue
[2023-12-27T22:07:32.362+0000] {logging_mixin.py:188} INFO - [2023-12-27T22:07:32.362+0000] {dagbag.py:538} INFO - Filling up the DagBag from /home/airflow/.local/lib/python3.8/site-packages/airflow/example_dags/example_skip_dag.py
[2023-12-27T22:07:32.444+0000] {processor.py:840} INFO - DAG(s) 'example_skip_dag' retrieved from /home/airflow/.local/lib/python3.8/site-packages/airflow/example_dags/example_skip_dag.py
[2023-12-27T22:07:33.472+0000] {logging_mixin.py:188} INFO - [2023-12-27T22:07:33.472+0000] {dag.py:3033} INFO - Sync 1 DAGs
[2023-12-27T22:07:33.601+0000] {logging_mixin.py:188} INFO - [2023-12-27T22:07:33.601+0000] {dag.py:3820} INFO - Setting next_dagrun for example_skip_dag to 2023-12-26T00:00:00+00:00, run_after=2023-12-27T00:00:00+00:00
[2023-12-27T22:07:33.219+0000] {processor.py:183} INFO - Processing /home/airflow/.local/lib/python3.8/site-packages/airflow/example_dags/example_skip_dag.py took 1.523 seconds
[2023-12-27T22:08:03.703+0000] {processor.py:161} INFO - Started process (PID=146) to work on /home/airflow/.local/lib/python3.8/site-packages/airflow/example_dags/example_skip_dag.py
[2023-12-27T22:08:03.757+0000] {processor.py:830} INFO - Processing file /home/airflow/.local/lib/python3.8/site-packages/airflow/example_dags/example_skip_dag.py for tasks to queue
[2023-12-27T22:08:03.762+0000] {logging_mixin.py:188} INFO - [2023-12-27T22:08:03.761+0000] {dagbag.py:538} INFO - Filling up the DagBag from /home/airflow/.local/lib/python3.8/site-packages/airflow/example_dags/example_skip_dag.py
[2023-12-27T22:08:03.772+0000] {processor.py:840} INFO - DAG(s) 'example_skip_dag' retrieved from /home/airflow/.local/lib/python3.8/site-packages/airflow/example_dags/example_skip_dag.py
[2023-12-27T22:08:03.798+0000] {logging_mixin.py:188} INFO - [2023-12-27T22:08:03.797+0000] {dag.py:3033} INFO - Sync 1 DAGs
[2023-12-27T22:08:03.871+0000] {logging_mixin.py:188} INFO - [2023-12-27T22:08:03.870+0000] {dag.py:3820} INFO - Setting next_dagrun for example_skip_dag to 2023-12-26T00:00:00+00:00, run_after=2023-12-27T00:00:00+00:00
[2023-12-27T22:08:04.549+0000] {processor.py:183} INFO - Processing /home/airflow/.local/lib/python3.8/site-packages/airflow/example_dags/example_skip_dag.py took 0.850 seconds
[2023-12-27T22:08:51.800+0000] {processor.py:161} INFO - Started process (PID=218) to work on /home/airflow/.local/lib/python3.8/site-packages/airflow/example_dags/example_skip_dag.py
[2023-12-27T22:08:51.802+0000] {processor.py:830} INFO - Processing file /home/airflow/.local/lib/python3.8/site-packages/airflow/example_dags/example_skip_dag.py for tasks to queue
[2023-12-27T22:08:51.805+0000] {logging_mixin.py:188} INFO - [2023-12-27T22:08:51.805+0000] {dagbag.py:538} INFO - Filling up the DagBag from /home/airflow/.local/lib/python3.8/site-packages/airflow/example_dags/example_skip_dag.py
[2023-12-27T22:08:51.815+0000] {processor.py:840} INFO - DAG(s) 'example_skip_dag' retrieved from /home/airflow/.local/lib/python3.8/site-packages/airflow/example_dags/example_skip_dag.py
[2023-12-27T22:08:51.844+0000] {logging_mixin.py:188} INFO - [2023-12-27T22:08:51.844+0000] {dag.py:3033} INFO - Sync 1 DAGs
[2023-12-27T22:08:51.889+0000] {logging_mixin.py:188} INFO - [2023-12-27T22:08:51.889+0000] {dag.py:3820} INFO - Setting next_dagrun for example_skip_dag to 2023-12-26T00:00:00+00:00, run_after=2023-12-27T00:00:00+00:00
[2023-12-27T22:08:51.931+0000] {processor.py:183} INFO - Processing /home/airflow/.local/lib/python3.8/site-packages/airflow/example_dags/example_skip_dag.py took 0.138 seconds
[2023-12-27T22:09:23.161+0000] {processor.py:161} INFO - Started process (PID=273) to work on /home/airflow/.local/lib/python3.8/site-packages/airflow/example_dags/example_skip_dag.py
[2023-12-27T22:09:23.162+0000] {processor.py:830} INFO - Processing file /home/airflow/.local/lib/python3.8/site-packages/airflow/example_dags/example_skip_dag.py for tasks to queue
[2023-12-27T22:09:23.165+0000] {logging_mixin.py:188} INFO - [2023-12-27T22:09:23.165+0000] {dagbag.py:538} INFO - Filling up the DagBag from /home/airflow/.local/lib/python3.8/site-packages/airflow/example_dags/example_skip_dag.py
[2023-12-27T22:09:23.174+0000] {processor.py:840} INFO - DAG(s) 'example_skip_dag' retrieved from /home/airflow/.local/lib/python3.8/site-packages/airflow/example_dags/example_skip_dag.py
[2023-12-27T22:09:23.202+0000] {logging_mixin.py:188} INFO - [2023-12-27T22:09:23.201+0000] {dag.py:3033} INFO - Sync 1 DAGs
[2023-12-27T22:09:23.232+0000] {logging_mixin.py:188} INFO - [2023-12-27T22:09:23.232+0000] {dag.py:3820} INFO - Setting next_dagrun for example_skip_dag to 2023-12-26T00:00:00+00:00, run_after=2023-12-27T00:00:00+00:00
[2023-12-27T22:09:23.265+0000] {processor.py:183} INFO - Processing /home/airflow/.local/lib/python3.8/site-packages/airflow/example_dags/example_skip_dag.py took 0.107 seconds
[2023-12-27T22:09:53.882+0000] {processor.py:161} INFO - Started process (PID=328) to work on /home/airflow/.local/lib/python3.8/site-packages/airflow/example_dags/example_skip_dag.py
[2023-12-27T22:09:53.884+0000] {processor.py:830} INFO - Processing file /home/airflow/.local/lib/python3.8/site-packages/airflow/example_dags/example_skip_dag.py for tasks to queue
[2023-12-27T22:09:53.888+0000] {logging_mixin.py:188} INFO - [2023-12-27T22:09:53.887+0000] {dagbag.py:538} INFO - Filling up the DagBag from /home/airflow/.local/lib/python3.8/site-packages/airflow/example_dags/example_skip_dag.py
[2023-12-27T22:09:53.895+0000] {processor.py:840} INFO - DAG(s) 'example_skip_dag' retrieved from /home/airflow/.local/lib/python3.8/site-packages/airflow/example_dags/example_skip_dag.py
[2023-12-27T22:09:53.927+0000] {logging_mixin.py:188} INFO - [2023-12-27T22:09:53.927+0000] {dag.py:3033} INFO - Sync 1 DAGs
[2023-12-27T22:09:53.954+0000] {logging_mixin.py:188} INFO - [2023-12-27T22:09:53.954+0000] {dag.py:3820} INFO - Setting next_dagrun for example_skip_dag to 2023-12-26T00:00:00+00:00, run_after=2023-12-27T00:00:00+00:00
[2023-12-27T22:09:53.984+0000] {processor.py:183} INFO - Processing /home/airflow/.local/lib/python3.8/site-packages/airflow/example_dags/example_skip_dag.py took 0.106 seconds
[2023-12-27T22:10:24.252+0000] {processor.py:161} INFO - Started process (PID=383) to work on /home/airflow/.local/lib/python3.8/site-packages/airflow/example_dags/example_skip_dag.py
[2023-12-27T22:10:24.253+0000] {processor.py:830} INFO - Processing file /home/airflow/.local/lib/python3.8/site-packages/airflow/example_dags/example_skip_dag.py for tasks to queue
[2023-12-27T22:10:24.256+0000] {logging_mixin.py:188} INFO - [2023-12-27T22:10:24.256+0000] {dagbag.py:538} INFO - Filling up the DagBag from /home/airflow/.local/lib/python3.8/site-packages/airflow/example_dags/example_skip_dag.py
[2023-12-27T22:10:24.264+0000] {processor.py:840} INFO - DAG(s) 'example_skip_dag' retrieved from /home/airflow/.local/lib/python3.8/site-packages/airflow/example_dags/example_skip_dag.py
[2023-12-27T22:10:24.287+0000] {logging_mixin.py:188} INFO - [2023-12-27T22:10:24.287+0000] {dag.py:3033} INFO - Sync 1 DAGs
[2023-12-27T22:10:24.316+0000] {logging_mixin.py:188} INFO - [2023-12-27T22:10:24.316+0000] {dag.py:3820} INFO - Setting next_dagrun for example_skip_dag to 2023-12-26T00:00:00+00:00, run_after=2023-12-27T00:00:00+00:00
[2023-12-27T22:10:24.345+0000] {processor.py:183} INFO - Processing /home/airflow/.local/lib/python3.8/site-packages/airflow/example_dags/example_skip_dag.py took 0.097 seconds
[2023-12-27T22:10:55.060+0000] {processor.py:161} INFO - Started process (PID=438) to work on /home/airflow/.local/lib/python3.8/site-packages/airflow/example_dags/example_skip_dag.py
[2023-12-27T22:10:55.062+0000] {processor.py:830} INFO - Processing file /home/airflow/.local/lib/python3.8/site-packages/airflow/example_dags/example_skip_dag.py for tasks to queue
[2023-12-27T22:10:55.066+0000] {logging_mixin.py:188} INFO - [2023-12-27T22:10:55.065+0000] {dagbag.py:538} INFO - Filling up the DagBag from /home/airflow/.local/lib/python3.8/site-packages/airflow/example_dags/example_skip_dag.py
[2023-12-27T22:10:55.074+0000] {processor.py:840} INFO - DAG(s) 'example_skip_dag' retrieved from /home/airflow/.local/lib/python3.8/site-packages/airflow/example_dags/example_skip_dag.py
[2023-12-27T22:10:55.100+0000] {logging_mixin.py:188} INFO - [2023-12-27T22:10:55.099+0000] {dag.py:3033} INFO - Sync 1 DAGs
[2023-12-27T22:10:55.125+0000] {logging_mixin.py:188} INFO - [2023-12-27T22:10:55.124+0000] {dag.py:3820} INFO - Setting next_dagrun for example_skip_dag to 2023-12-26T00:00:00+00:00, run_after=2023-12-27T00:00:00+00:00
[2023-12-27T22:10:55.158+0000] {processor.py:183} INFO - Processing /home/airflow/.local/lib/python3.8/site-packages/airflow/example_dags/example_skip_dag.py took 0.101 seconds
[2023-12-27T22:11:25.771+0000] {processor.py:161} INFO - Started process (PID=493) to work on /home/airflow/.local/lib/python3.8/site-packages/airflow/example_dags/example_skip_dag.py
[2023-12-27T22:11:25.773+0000] {processor.py:830} INFO - Processing file /home/airflow/.local/lib/python3.8/site-packages/airflow/example_dags/example_skip_dag.py for tasks to queue
[2023-12-27T22:11:25.778+0000] {logging_mixin.py:188} INFO - [2023-12-27T22:11:25.777+0000] {dagbag.py:538} INFO - Filling up the DagBag from /home/airflow/.local/lib/python3.8/site-packages/airflow/example_dags/example_skip_dag.py
[2023-12-27T22:11:25.789+0000] {processor.py:840} INFO - DAG(s) 'example_skip_dag' retrieved from /home/airflow/.local/lib/python3.8/site-packages/airflow/example_dags/example_skip_dag.py
[2023-12-27T22:11:25.818+0000] {logging_mixin.py:188} INFO - [2023-12-27T22:11:25.818+0000] {dag.py:3033} INFO - Sync 1 DAGs
[2023-12-27T22:11:25.857+0000] {logging_mixin.py:188} INFO - [2023-12-27T22:11:25.857+0000] {dag.py:3820} INFO - Setting next_dagrun for example_skip_dag to 2023-12-26T00:00:00+00:00, run_after=2023-12-27T00:00:00+00:00
[2023-12-27T22:11:25.897+0000] {processor.py:183} INFO - Processing /home/airflow/.local/lib/python3.8/site-packages/airflow/example_dags/example_skip_dag.py took 0.129 seconds
[2023-12-27T22:11:58.839+0000] {processor.py:161} INFO - Started process (PID=554) to work on /home/airflow/.local/lib/python3.8/site-packages/airflow/example_dags/example_skip_dag.py
[2023-12-27T22:11:58.840+0000] {processor.py:830} INFO - Processing file /home/airflow/.local/lib/python3.8/site-packages/airflow/example_dags/example_skip_dag.py for tasks to queue
[2023-12-27T22:11:58.844+0000] {logging_mixin.py:188} INFO - [2023-12-27T22:11:58.843+0000] {dagbag.py:538} INFO - Filling up the DagBag from /home/airflow/.local/lib/python3.8/site-packages/airflow/example_dags/example_skip_dag.py
[2023-12-27T22:11:58.860+0000] {processor.py:840} INFO - DAG(s) 'example_skip_dag' retrieved from /home/airflow/.local/lib/python3.8/site-packages/airflow/example_dags/example_skip_dag.py
[2023-12-27T22:11:58.906+0000] {logging_mixin.py:188} INFO - [2023-12-27T22:11:58.905+0000] {dag.py:3033} INFO - Sync 1 DAGs
[2023-12-27T22:11:58.942+0000] {logging_mixin.py:188} INFO - [2023-12-27T22:11:58.941+0000] {dag.py:3820} INFO - Setting next_dagrun for example_skip_dag to 2023-12-26T00:00:00+00:00, run_after=2023-12-27T00:00:00+00:00
[2023-12-27T22:11:59.000+0000] {processor.py:183} INFO - Processing /home/airflow/.local/lib/python3.8/site-packages/airflow/example_dags/example_skip_dag.py took 0.167 seconds
[2023-12-27T22:12:30.270+0000] {processor.py:161} INFO - Started process (PID=609) to work on /home/airflow/.local/lib/python3.8/site-packages/airflow/example_dags/example_skip_dag.py
[2023-12-27T22:12:30.272+0000] {processor.py:830} INFO - Processing file /home/airflow/.local/lib/python3.8/site-packages/airflow/example_dags/example_skip_dag.py for tasks to queue
[2023-12-27T22:12:30.276+0000] {logging_mixin.py:188} INFO - [2023-12-27T22:12:30.276+0000] {dagbag.py:538} INFO - Filling up the DagBag from /home/airflow/.local/lib/python3.8/site-packages/airflow/example_dags/example_skip_dag.py
[2023-12-27T22:12:30.293+0000] {processor.py:840} INFO - DAG(s) 'example_skip_dag' retrieved from /home/airflow/.local/lib/python3.8/site-packages/airflow/example_dags/example_skip_dag.py
[2023-12-27T22:12:30.332+0000] {logging_mixin.py:188} INFO - [2023-12-27T22:12:30.331+0000] {dag.py:3033} INFO - Sync 1 DAGs
[2023-12-27T22:12:30.372+0000] {logging_mixin.py:188} INFO - [2023-12-27T22:12:30.372+0000] {dag.py:3820} INFO - Setting next_dagrun for example_skip_dag to 2023-12-26T00:00:00+00:00, run_after=2023-12-27T00:00:00+00:00
[2023-12-27T22:12:30.402+0000] {processor.py:183} INFO - Processing /home/airflow/.local/lib/python3.8/site-packages/airflow/example_dags/example_skip_dag.py took 0.140 seconds
[2023-12-27T22:13:02.361+0000] {processor.py:161} INFO - Started process (PID=666) to work on /home/airflow/.local/lib/python3.8/site-packages/airflow/example_dags/example_skip_dag.py
[2023-12-27T22:13:02.362+0000] {processor.py:830} INFO - Processing file /home/airflow/.local/lib/python3.8/site-packages/airflow/example_dags/example_skip_dag.py for tasks to queue
[2023-12-27T22:13:02.365+0000] {logging_mixin.py:188} INFO - [2023-12-27T22:13:02.365+0000] {dagbag.py:538} INFO - Filling up the DagBag from /home/airflow/.local/lib/python3.8/site-packages/airflow/example_dags/example_skip_dag.py
[2023-12-27T22:13:02.373+0000] {processor.py:840} INFO - DAG(s) 'example_skip_dag' retrieved from /home/airflow/.local/lib/python3.8/site-packages/airflow/example_dags/example_skip_dag.py
[2023-12-27T22:13:02.398+0000] {logging_mixin.py:188} INFO - [2023-12-27T22:13:02.398+0000] {dag.py:3033} INFO - Sync 1 DAGs
[2023-12-27T22:13:02.427+0000] {logging_mixin.py:188} INFO - [2023-12-27T22:13:02.427+0000] {dag.py:3820} INFO - Setting next_dagrun for example_skip_dag to 2023-12-26T00:00:00+00:00, run_after=2023-12-27T00:00:00+00:00
[2023-12-27T22:13:02.460+0000] {processor.py:183} INFO - Processing /home/airflow/.local/lib/python3.8/site-packages/airflow/example_dags/example_skip_dag.py took 0.104 seconds
[2023-12-27T22:13:33.455+0000] {processor.py:161} INFO - Started process (PID=721) to work on /home/airflow/.local/lib/python3.8/site-packages/airflow/example_dags/example_skip_dag.py
[2023-12-27T22:13:33.456+0000] {processor.py:830} INFO - Processing file /home/airflow/.local/lib/python3.8/site-packages/airflow/example_dags/example_skip_dag.py for tasks to queue
[2023-12-27T22:13:33.459+0000] {logging_mixin.py:188} INFO - [2023-12-27T22:13:33.459+0000] {dagbag.py:538} INFO - Filling up the DagBag from /home/airflow/.local/lib/python3.8/site-packages/airflow/example_dags/example_skip_dag.py
[2023-12-27T22:13:33.466+0000] {processor.py:840} INFO - DAG(s) 'example_skip_dag' retrieved from /home/airflow/.local/lib/python3.8/site-packages/airflow/example_dags/example_skip_dag.py
[2023-12-27T22:13:33.492+0000] {logging_mixin.py:188} INFO - [2023-12-27T22:13:33.492+0000] {dag.py:3033} INFO - Sync 1 DAGs
[2023-12-27T22:13:33.517+0000] {logging_mixin.py:188} INFO - [2023-12-27T22:13:33.517+0000] {dag.py:3820} INFO - Setting next_dagrun for example_skip_dag to 2023-12-26T00:00:00+00:00, run_after=2023-12-27T00:00:00+00:00
[2023-12-27T22:13:33.546+0000] {processor.py:183} INFO - Processing /home/airflow/.local/lib/python3.8/site-packages/airflow/example_dags/example_skip_dag.py took 0.094 seconds
[2023-12-27T22:14:03.916+0000] {processor.py:161} INFO - Started process (PID=776) to work on /home/airflow/.local/lib/python3.8/site-packages/airflow/example_dags/example_skip_dag.py
[2023-12-27T22:14:03.917+0000] {processor.py:830} INFO - Processing file /home/airflow/.local/lib/python3.8/site-packages/airflow/example_dags/example_skip_dag.py for tasks to queue
[2023-12-27T22:14:03.920+0000] {logging_mixin.py:188} INFO - [2023-12-27T22:14:03.920+0000] {dagbag.py:538} INFO - Filling up the DagBag from /home/airflow/.local/lib/python3.8/site-packages/airflow/example_dags/example_skip_dag.py
[2023-12-27T22:14:03.933+0000] {processor.py:840} INFO - DAG(s) 'example_skip_dag' retrieved from /home/airflow/.local/lib/python3.8/site-packages/airflow/example_dags/example_skip_dag.py
[2023-12-27T22:14:03.965+0000] {logging_mixin.py:188} INFO - [2023-12-27T22:14:03.964+0000] {dag.py:3033} INFO - Sync 1 DAGs
[2023-12-27T22:14:03.995+0000] {logging_mixin.py:188} INFO - [2023-12-27T22:14:03.994+0000] {dag.py:3820} INFO - Setting next_dagrun for example_skip_dag to 2023-12-26T00:00:00+00:00, run_after=2023-12-27T00:00:00+00:00
[2023-12-27T22:14:04.027+0000] {processor.py:183} INFO - Processing /home/airflow/.local/lib/python3.8/site-packages/airflow/example_dags/example_skip_dag.py took 0.116 seconds
[2023-12-27T22:14:34.779+0000] {processor.py:161} INFO - Started process (PID=831) to work on /home/airflow/.local/lib/python3.8/site-packages/airflow/example_dags/example_skip_dag.py
[2023-12-27T22:14:34.781+0000] {processor.py:830} INFO - Processing file /home/airflow/.local/lib/python3.8/site-packages/airflow/example_dags/example_skip_dag.py for tasks to queue
[2023-12-27T22:14:34.786+0000] {logging_mixin.py:188} INFO - [2023-12-27T22:14:34.785+0000] {dagbag.py:538} INFO - Filling up the DagBag from /home/airflow/.local/lib/python3.8/site-packages/airflow/example_dags/example_skip_dag.py
[2023-12-27T22:14:34.803+0000] {processor.py:840} INFO - DAG(s) 'example_skip_dag' retrieved from /home/airflow/.local/lib/python3.8/site-packages/airflow/example_dags/example_skip_dag.py
[2023-12-27T22:14:34.872+0000] {logging_mixin.py:188} INFO - [2023-12-27T22:14:34.871+0000] {dag.py:3033} INFO - Sync 1 DAGs
[2023-12-27T22:14:34.930+0000] {logging_mixin.py:188} INFO - [2023-12-27T22:14:34.930+0000] {dag.py:3820} INFO - Setting next_dagrun for example_skip_dag to 2023-12-26T00:00:00+00:00, run_after=2023-12-27T00:00:00+00:00
[2023-12-27T22:14:34.979+0000] {processor.py:183} INFO - Processing /home/airflow/.local/lib/python3.8/site-packages/airflow/example_dags/example_skip_dag.py took 0.207 seconds
[2023-12-27T22:15:06.501+0000] {processor.py:161} INFO - Started process (PID=888) to work on /home/airflow/.local/lib/python3.8/site-packages/airflow/example_dags/example_skip_dag.py
[2023-12-27T22:15:06.503+0000] {processor.py:830} INFO - Processing file /home/airflow/.local/lib/python3.8/site-packages/airflow/example_dags/example_skip_dag.py for tasks to queue
[2023-12-27T22:15:06.507+0000] {logging_mixin.py:188} INFO - [2023-12-27T22:15:06.506+0000] {dagbag.py:538} INFO - Filling up the DagBag from /home/airflow/.local/lib/python3.8/site-packages/airflow/example_dags/example_skip_dag.py
[2023-12-27T22:15:06.517+0000] {processor.py:840} INFO - DAG(s) 'example_skip_dag' retrieved from /home/airflow/.local/lib/python3.8/site-packages/airflow/example_dags/example_skip_dag.py
[2023-12-27T22:15:06.552+0000] {logging_mixin.py:188} INFO - [2023-12-27T22:15:06.552+0000] {dag.py:3033} INFO - Sync 1 DAGs
[2023-12-27T22:15:06.590+0000] {logging_mixin.py:188} INFO - [2023-12-27T22:15:06.589+0000] {dag.py:3820} INFO - Setting next_dagrun for example_skip_dag to 2023-12-26T00:00:00+00:00, run_after=2023-12-27T00:00:00+00:00
[2023-12-27T22:15:06.638+0000] {processor.py:183} INFO - Processing /home/airflow/.local/lib/python3.8/site-packages/airflow/example_dags/example_skip_dag.py took 0.142 seconds
[2023-12-27T22:15:36.756+0000] {processor.py:161} INFO - Started process (PID=943) to work on /home/airflow/.local/lib/python3.8/site-packages/airflow/example_dags/example_skip_dag.py
[2023-12-27T22:15:36.757+0000] {processor.py:830} INFO - Processing file /home/airflow/.local/lib/python3.8/site-packages/airflow/example_dags/example_skip_dag.py for tasks to queue
[2023-12-27T22:15:36.761+0000] {logging_mixin.py:188} INFO - [2023-12-27T22:15:36.761+0000] {dagbag.py:538} INFO - Filling up the DagBag from /home/airflow/.local/lib/python3.8/site-packages/airflow/example_dags/example_skip_dag.py
[2023-12-27T22:15:36.771+0000] {processor.py:840} INFO - DAG(s) 'example_skip_dag' retrieved from /home/airflow/.local/lib/python3.8/site-packages/airflow/example_dags/example_skip_dag.py
[2023-12-27T22:15:36.797+0000] {logging_mixin.py:188} INFO - [2023-12-27T22:15:36.797+0000] {dag.py:3033} INFO - Sync 1 DAGs
[2023-12-27T22:15:36.827+0000] {logging_mixin.py:188} INFO - [2023-12-27T22:15:36.826+0000] {dag.py:3820} INFO - Setting next_dagrun for example_skip_dag to 2023-12-26T00:00:00+00:00, run_after=2023-12-27T00:00:00+00:00
[2023-12-27T22:15:36.865+0000] {processor.py:183} INFO - Processing /home/airflow/.local/lib/python3.8/site-packages/airflow/example_dags/example_skip_dag.py took 0.115 seconds
[2023-12-27T22:16:07.006+0000] {processor.py:161} INFO - Started process (PID=997) to work on /home/airflow/.local/lib/python3.8/site-packages/airflow/example_dags/example_skip_dag.py
[2023-12-27T22:16:07.008+0000] {processor.py:830} INFO - Processing file /home/airflow/.local/lib/python3.8/site-packages/airflow/example_dags/example_skip_dag.py for tasks to queue
[2023-12-27T22:16:07.012+0000] {logging_mixin.py:188} INFO - [2023-12-27T22:16:07.012+0000] {dagbag.py:538} INFO - Filling up the DagBag from /home/airflow/.local/lib/python3.8/site-packages/airflow/example_dags/example_skip_dag.py
[2023-12-27T22:16:07.024+0000] {processor.py:840} INFO - DAG(s) 'example_skip_dag' retrieved from /home/airflow/.local/lib/python3.8/site-packages/airflow/example_dags/example_skip_dag.py
[2023-12-27T22:16:07.059+0000] {logging_mixin.py:188} INFO - [2023-12-27T22:16:07.058+0000] {dag.py:3033} INFO - Sync 1 DAGs
[2023-12-27T22:16:07.091+0000] {logging_mixin.py:188} INFO - [2023-12-27T22:16:07.091+0000] {dag.py:3820} INFO - Setting next_dagrun for example_skip_dag to 2023-12-26T00:00:00+00:00, run_after=2023-12-27T00:00:00+00:00
[2023-12-27T22:16:07.131+0000] {processor.py:183} INFO - Processing /home/airflow/.local/lib/python3.8/site-packages/airflow/example_dags/example_skip_dag.py took 0.131 seconds
[2023-12-27T22:16:37.542+0000] {processor.py:161} INFO - Started process (PID=1052) to work on /home/airflow/.local/lib/python3.8/site-packages/airflow/example_dags/example_skip_dag.py
[2023-12-27T22:16:37.544+0000] {processor.py:830} INFO - Processing file /home/airflow/.local/lib/python3.8/site-packages/airflow/example_dags/example_skip_dag.py for tasks to queue
[2023-12-27T22:16:37.547+0000] {logging_mixin.py:188} INFO - [2023-12-27T22:16:37.546+0000] {dagbag.py:538} INFO - Filling up the DagBag from /home/airflow/.local/lib/python3.8/site-packages/airflow/example_dags/example_skip_dag.py
[2023-12-27T22:16:37.555+0000] {processor.py:840} INFO - DAG(s) 'example_skip_dag' retrieved from /home/airflow/.local/lib/python3.8/site-packages/airflow/example_dags/example_skip_dag.py
[2023-12-27T22:16:37.580+0000] {logging_mixin.py:188} INFO - [2023-12-27T22:16:37.580+0000] {dag.py:3033} INFO - Sync 1 DAGs
[2023-12-27T22:16:37.605+0000] {logging_mixin.py:188} INFO - [2023-12-27T22:16:37.605+0000] {dag.py:3820} INFO - Setting next_dagrun for example_skip_dag to 2023-12-26T00:00:00+00:00, run_after=2023-12-27T00:00:00+00:00
[2023-12-27T22:16:37.636+0000] {processor.py:183} INFO - Processing /home/airflow/.local/lib/python3.8/site-packages/airflow/example_dags/example_skip_dag.py took 0.097 seconds
[2023-12-27T22:17:08.011+0000] {processor.py:161} INFO - Started process (PID=1107) to work on /home/airflow/.local/lib/python3.8/site-packages/airflow/example_dags/example_skip_dag.py
[2023-12-27T22:17:08.013+0000] {processor.py:830} INFO - Processing file /home/airflow/.local/lib/python3.8/site-packages/airflow/example_dags/example_skip_dag.py for tasks to queue
[2023-12-27T22:17:08.017+0000] {logging_mixin.py:188} INFO - [2023-12-27T22:17:08.016+0000] {dagbag.py:538} INFO - Filling up the DagBag from /home/airflow/.local/lib/python3.8/site-packages/airflow/example_dags/example_skip_dag.py
[2023-12-27T22:17:08.030+0000] {processor.py:840} INFO - DAG(s) 'example_skip_dag' retrieved from /home/airflow/.local/lib/python3.8/site-packages/airflow/example_dags/example_skip_dag.py
[2023-12-27T22:17:08.066+0000] {logging_mixin.py:188} INFO - [2023-12-27T22:17:08.066+0000] {dag.py:3033} INFO - Sync 1 DAGs
[2023-12-27T22:17:08.096+0000] {logging_mixin.py:188} INFO - [2023-12-27T22:17:08.095+0000] {dag.py:3820} INFO - Setting next_dagrun for example_skip_dag to 2023-12-26T00:00:00+00:00, run_after=2023-12-27T00:00:00+00:00
[2023-12-27T22:17:08.127+0000] {processor.py:183} INFO - Processing /home/airflow/.local/lib/python3.8/site-packages/airflow/example_dags/example_skip_dag.py took 0.120 seconds
[2023-12-27T22:17:38.363+0000] {processor.py:161} INFO - Started process (PID=1162) to work on /home/airflow/.local/lib/python3.8/site-packages/airflow/example_dags/example_skip_dag.py
[2023-12-27T22:17:38.364+0000] {processor.py:830} INFO - Processing file /home/airflow/.local/lib/python3.8/site-packages/airflow/example_dags/example_skip_dag.py for tasks to queue
[2023-12-27T22:17:38.368+0000] {logging_mixin.py:188} INFO - [2023-12-27T22:17:38.367+0000] {dagbag.py:538} INFO - Filling up the DagBag from /home/airflow/.local/lib/python3.8/site-packages/airflow/example_dags/example_skip_dag.py
[2023-12-27T22:17:38.377+0000] {processor.py:840} INFO - DAG(s) 'example_skip_dag' retrieved from /home/airflow/.local/lib/python3.8/site-packages/airflow/example_dags/example_skip_dag.py
[2023-12-27T22:17:38.405+0000] {logging_mixin.py:188} INFO - [2023-12-27T22:17:38.405+0000] {dag.py:3033} INFO - Sync 1 DAGs
[2023-12-27T22:17:38.430+0000] {logging_mixin.py:188} INFO - [2023-12-27T22:17:38.430+0000] {dag.py:3820} INFO - Setting next_dagrun for example_skip_dag to 2023-12-26T00:00:00+00:00, run_after=2023-12-27T00:00:00+00:00
[2023-12-27T22:17:38.456+0000] {processor.py:183} INFO - Processing /home/airflow/.local/lib/python3.8/site-packages/airflow/example_dags/example_skip_dag.py took 0.097 seconds
[2023-12-27T22:18:08.515+0000] {processor.py:161} INFO - Started process (PID=1217) to work on /home/airflow/.local/lib/python3.8/site-packages/airflow/example_dags/example_skip_dag.py
[2023-12-27T22:18:08.517+0000] {processor.py:830} INFO - Processing file /home/airflow/.local/lib/python3.8/site-packages/airflow/example_dags/example_skip_dag.py for tasks to queue
[2023-12-27T22:18:08.521+0000] {logging_mixin.py:188} INFO - [2023-12-27T22:18:08.520+0000] {dagbag.py:538} INFO - Filling up the DagBag from /home/airflow/.local/lib/python3.8/site-packages/airflow/example_dags/example_skip_dag.py
[2023-12-27T22:18:08.530+0000] {processor.py:840} INFO - DAG(s) 'example_skip_dag' retrieved from /home/airflow/.local/lib/python3.8/site-packages/airflow/example_dags/example_skip_dag.py
[2023-12-27T22:18:08.559+0000] {logging_mixin.py:188} INFO - [2023-12-27T22:18:08.559+0000] {dag.py:3033} INFO - Sync 1 DAGs
[2023-12-27T22:18:08.592+0000] {logging_mixin.py:188} INFO - [2023-12-27T22:18:08.591+0000] {dag.py:3820} INFO - Setting next_dagrun for example_skip_dag to 2023-12-26T00:00:00+00:00, run_after=2023-12-27T00:00:00+00:00
[2023-12-27T22:18:08.621+0000] {processor.py:183} INFO - Processing /home/airflow/.local/lib/python3.8/site-packages/airflow/example_dags/example_skip_dag.py took 0.110 seconds
