[2023-12-27T22:07:23.380+0000] {processor.py:161} INFO - Started process (PID=82) to work on /home/airflow/.local/lib/python3.8/site-packages/airflow/example_dags/example_short_circuit_operator.py
[2023-12-27T22:07:23.413+0000] {processor.py:830} INFO - Processing file /home/airflow/.local/lib/python3.8/site-packages/airflow/example_dags/example_short_circuit_operator.py for tasks to queue
[2023-12-27T22:07:23.416+0000] {logging_mixin.py:188} INFO - [2023-12-27T22:07:23.416+0000] {dagbag.py:538} INFO - Filling up the DagBag from /home/airflow/.local/lib/python3.8/site-packages/airflow/example_dags/example_short_circuit_operator.py
[2023-12-27T22:07:23.434+0000] {processor.py:840} INFO - DAG(s) 'example_short_circuit_operator' retrieved from /home/airflow/.local/lib/python3.8/site-packages/airflow/example_dags/example_short_circuit_operator.py
[2023-12-27T22:07:24.156+0000] {logging_mixin.py:188} INFO - [2023-12-27T22:07:24.156+0000] {dag.py:3033} INFO - Sync 1 DAGs
[2023-12-27T22:07:25.549+0000] {logging_mixin.py:188} INFO - [2023-12-27T22:07:25.548+0000] {dag.py:3820} INFO - Setting next_dagrun for example_short_circuit_operator to 2023-12-26T00:00:00+00:00, run_after=2023-12-27T00:00:00+00:00
[2023-12-27T22:07:25.681+0000] {processor.py:183} INFO - Processing /home/airflow/.local/lib/python3.8/site-packages/airflow/example_dags/example_short_circuit_operator.py took 2.307 seconds
[2023-12-27T22:07:55.801+0000] {processor.py:161} INFO - Started process (PID=138) to work on /home/airflow/.local/lib/python3.8/site-packages/airflow/example_dags/example_short_circuit_operator.py
[2023-12-27T22:07:55.803+0000] {processor.py:830} INFO - Processing file /home/airflow/.local/lib/python3.8/site-packages/airflow/example_dags/example_short_circuit_operator.py for tasks to queue
[2023-12-27T22:07:55.807+0000] {logging_mixin.py:188} INFO - [2023-12-27T22:07:55.807+0000] {dagbag.py:538} INFO - Filling up the DagBag from /home/airflow/.local/lib/python3.8/site-packages/airflow/example_dags/example_short_circuit_operator.py
[2023-12-27T22:07:55.821+0000] {processor.py:840} INFO - DAG(s) 'example_short_circuit_operator' retrieved from /home/airflow/.local/lib/python3.8/site-packages/airflow/example_dags/example_short_circuit_operator.py
[2023-12-27T22:07:55.861+0000] {logging_mixin.py:188} INFO - [2023-12-27T22:07:55.861+0000] {dag.py:3033} INFO - Sync 1 DAGs
[2023-12-27T22:07:55.895+0000] {logging_mixin.py:188} INFO - [2023-12-27T22:07:55.895+0000] {dag.py:3820} INFO - Setting next_dagrun for example_short_circuit_operator to 2023-12-26T00:00:00+00:00, run_after=2023-12-27T00:00:00+00:00
[2023-12-27T22:07:55.927+0000] {processor.py:183} INFO - Processing /home/airflow/.local/lib/python3.8/site-packages/airflow/example_dags/example_short_circuit_operator.py took 0.131 seconds
[2023-12-27T22:08:28.043+0000] {processor.py:161} INFO - Started process (PID=192) to work on /home/airflow/.local/lib/python3.8/site-packages/airflow/example_dags/example_short_circuit_operator.py
[2023-12-27T22:08:28.045+0000] {processor.py:830} INFO - Processing file /home/airflow/.local/lib/python3.8/site-packages/airflow/example_dags/example_short_circuit_operator.py for tasks to queue
[2023-12-27T22:08:28.048+0000] {logging_mixin.py:188} INFO - [2023-12-27T22:08:28.048+0000] {dagbag.py:538} INFO - Filling up the DagBag from /home/airflow/.local/lib/python3.8/site-packages/airflow/example_dags/example_short_circuit_operator.py
[2023-12-27T22:08:28.060+0000] {processor.py:840} INFO - DAG(s) 'example_short_circuit_operator' retrieved from /home/airflow/.local/lib/python3.8/site-packages/airflow/example_dags/example_short_circuit_operator.py
[2023-12-27T22:08:28.089+0000] {logging_mixin.py:188} INFO - [2023-12-27T22:08:28.089+0000] {dag.py:3033} INFO - Sync 1 DAGs
[2023-12-27T22:08:28.120+0000] {logging_mixin.py:188} INFO - [2023-12-27T22:08:28.120+0000] {dag.py:3820} INFO - Setting next_dagrun for example_short_circuit_operator to 2023-12-26T00:00:00+00:00, run_after=2023-12-27T00:00:00+00:00
[2023-12-27T22:08:28.154+0000] {processor.py:183} INFO - Processing /home/airflow/.local/lib/python3.8/site-packages/airflow/example_dags/example_short_circuit_operator.py took 0.115 seconds
[2023-12-27T22:08:58.684+0000] {processor.py:161} INFO - Started process (PID=247) to work on /home/airflow/.local/lib/python3.8/site-packages/airflow/example_dags/example_short_circuit_operator.py
[2023-12-27T22:08:58.686+0000] {processor.py:830} INFO - Processing file /home/airflow/.local/lib/python3.8/site-packages/airflow/example_dags/example_short_circuit_operator.py for tasks to queue
[2023-12-27T22:08:58.688+0000] {logging_mixin.py:188} INFO - [2023-12-27T22:08:58.688+0000] {dagbag.py:538} INFO - Filling up the DagBag from /home/airflow/.local/lib/python3.8/site-packages/airflow/example_dags/example_short_circuit_operator.py
[2023-12-27T22:08:58.696+0000] {processor.py:840} INFO - DAG(s) 'example_short_circuit_operator' retrieved from /home/airflow/.local/lib/python3.8/site-packages/airflow/example_dags/example_short_circuit_operator.py
[2023-12-27T22:08:58.727+0000] {logging_mixin.py:188} INFO - [2023-12-27T22:08:58.727+0000] {dag.py:3033} INFO - Sync 1 DAGs
[2023-12-27T22:08:58.769+0000] {logging_mixin.py:188} INFO - [2023-12-27T22:08:58.768+0000] {dag.py:3820} INFO - Setting next_dagrun for example_short_circuit_operator to 2023-12-26T00:00:00+00:00, run_after=2023-12-27T00:00:00+00:00
[2023-12-27T22:08:58.801+0000] {processor.py:183} INFO - Processing /home/airflow/.local/lib/python3.8/site-packages/airflow/example_dags/example_short_circuit_operator.py took 0.122 seconds
[2023-12-27T22:09:28.883+0000] {processor.py:161} INFO - Started process (PID=300) to work on /home/airflow/.local/lib/python3.8/site-packages/airflow/example_dags/example_short_circuit_operator.py
[2023-12-27T22:09:28.885+0000] {processor.py:830} INFO - Processing file /home/airflow/.local/lib/python3.8/site-packages/airflow/example_dags/example_short_circuit_operator.py for tasks to queue
[2023-12-27T22:09:28.888+0000] {logging_mixin.py:188} INFO - [2023-12-27T22:09:28.887+0000] {dagbag.py:538} INFO - Filling up the DagBag from /home/airflow/.local/lib/python3.8/site-packages/airflow/example_dags/example_short_circuit_operator.py
[2023-12-27T22:09:28.896+0000] {processor.py:840} INFO - DAG(s) 'example_short_circuit_operator' retrieved from /home/airflow/.local/lib/python3.8/site-packages/airflow/example_dags/example_short_circuit_operator.py
[2023-12-27T22:09:28.926+0000] {logging_mixin.py:188} INFO - [2023-12-27T22:09:28.926+0000] {dag.py:3033} INFO - Sync 1 DAGs
[2023-12-27T22:09:28.951+0000] {logging_mixin.py:188} INFO - [2023-12-27T22:09:28.951+0000] {dag.py:3820} INFO - Setting next_dagrun for example_short_circuit_operator to 2023-12-26T00:00:00+00:00, run_after=2023-12-27T00:00:00+00:00
[2023-12-27T22:09:28.982+0000] {processor.py:183} INFO - Processing /home/airflow/.local/lib/python3.8/site-packages/airflow/example_dags/example_short_circuit_operator.py took 0.103 seconds
[2023-12-27T22:09:59.728+0000] {processor.py:161} INFO - Started process (PID=355) to work on /home/airflow/.local/lib/python3.8/site-packages/airflow/example_dags/example_short_circuit_operator.py
[2023-12-27T22:09:59.730+0000] {processor.py:830} INFO - Processing file /home/airflow/.local/lib/python3.8/site-packages/airflow/example_dags/example_short_circuit_operator.py for tasks to queue
[2023-12-27T22:09:59.733+0000] {logging_mixin.py:188} INFO - [2023-12-27T22:09:59.733+0000] {dagbag.py:538} INFO - Filling up the DagBag from /home/airflow/.local/lib/python3.8/site-packages/airflow/example_dags/example_short_circuit_operator.py
[2023-12-27T22:09:59.744+0000] {processor.py:840} INFO - DAG(s) 'example_short_circuit_operator' retrieved from /home/airflow/.local/lib/python3.8/site-packages/airflow/example_dags/example_short_circuit_operator.py
[2023-12-27T22:09:59.776+0000] {logging_mixin.py:188} INFO - [2023-12-27T22:09:59.776+0000] {dag.py:3033} INFO - Sync 1 DAGs
[2023-12-27T22:09:59.801+0000] {logging_mixin.py:188} INFO - [2023-12-27T22:09:59.801+0000] {dag.py:3820} INFO - Setting next_dagrun for example_short_circuit_operator to 2023-12-26T00:00:00+00:00, run_after=2023-12-27T00:00:00+00:00
[2023-12-27T22:09:59.832+0000] {processor.py:183} INFO - Processing /home/airflow/.local/lib/python3.8/site-packages/airflow/example_dags/example_short_circuit_operator.py took 0.109 seconds
[2023-12-27T22:10:30.080+0000] {processor.py:161} INFO - Started process (PID=410) to work on /home/airflow/.local/lib/python3.8/site-packages/airflow/example_dags/example_short_circuit_operator.py
[2023-12-27T22:10:30.082+0000] {processor.py:830} INFO - Processing file /home/airflow/.local/lib/python3.8/site-packages/airflow/example_dags/example_short_circuit_operator.py for tasks to queue
[2023-12-27T22:10:30.085+0000] {logging_mixin.py:188} INFO - [2023-12-27T22:10:30.085+0000] {dagbag.py:538} INFO - Filling up the DagBag from /home/airflow/.local/lib/python3.8/site-packages/airflow/example_dags/example_short_circuit_operator.py
[2023-12-27T22:10:30.094+0000] {processor.py:840} INFO - DAG(s) 'example_short_circuit_operator' retrieved from /home/airflow/.local/lib/python3.8/site-packages/airflow/example_dags/example_short_circuit_operator.py
[2023-12-27T22:10:30.128+0000] {logging_mixin.py:188} INFO - [2023-12-27T22:10:30.128+0000] {dag.py:3033} INFO - Sync 1 DAGs
[2023-12-27T22:10:30.158+0000] {logging_mixin.py:188} INFO - [2023-12-27T22:10:30.156+0000] {dag.py:3820} INFO - Setting next_dagrun for example_short_circuit_operator to 2023-12-26T00:00:00+00:00, run_after=2023-12-27T00:00:00+00:00
[2023-12-27T22:10:30.201+0000] {processor.py:183} INFO - Processing /home/airflow/.local/lib/python3.8/site-packages/airflow/example_dags/example_short_circuit_operator.py took 0.126 seconds
[2023-12-27T22:11:00.389+0000] {processor.py:161} INFO - Started process (PID=465) to work on /home/airflow/.local/lib/python3.8/site-packages/airflow/example_dags/example_short_circuit_operator.py
[2023-12-27T22:11:00.390+0000] {processor.py:830} INFO - Processing file /home/airflow/.local/lib/python3.8/site-packages/airflow/example_dags/example_short_circuit_operator.py for tasks to queue
[2023-12-27T22:11:00.393+0000] {logging_mixin.py:188} INFO - [2023-12-27T22:11:00.393+0000] {dagbag.py:538} INFO - Filling up the DagBag from /home/airflow/.local/lib/python3.8/site-packages/airflow/example_dags/example_short_circuit_operator.py
[2023-12-27T22:11:00.405+0000] {processor.py:840} INFO - DAG(s) 'example_short_circuit_operator' retrieved from /home/airflow/.local/lib/python3.8/site-packages/airflow/example_dags/example_short_circuit_operator.py
[2023-12-27T22:11:00.432+0000] {logging_mixin.py:188} INFO - [2023-12-27T22:11:00.432+0000] {dag.py:3033} INFO - Sync 1 DAGs
[2023-12-27T22:11:00.467+0000] {logging_mixin.py:188} INFO - [2023-12-27T22:11:00.466+0000] {dag.py:3820} INFO - Setting next_dagrun for example_short_circuit_operator to 2023-12-26T00:00:00+00:00, run_after=2023-12-27T00:00:00+00:00
[2023-12-27T22:11:00.495+0000] {processor.py:183} INFO - Processing /home/airflow/.local/lib/python3.8/site-packages/airflow/example_dags/example_short_circuit_operator.py took 0.111 seconds
[2023-12-27T22:11:31.572+0000] {processor.py:161} INFO - Started process (PID=520) to work on /home/airflow/.local/lib/python3.8/site-packages/airflow/example_dags/example_short_circuit_operator.py
[2023-12-27T22:11:31.574+0000] {processor.py:830} INFO - Processing file /home/airflow/.local/lib/python3.8/site-packages/airflow/example_dags/example_short_circuit_operator.py for tasks to queue
[2023-12-27T22:11:31.576+0000] {logging_mixin.py:188} INFO - [2023-12-27T22:11:31.576+0000] {dagbag.py:538} INFO - Filling up the DagBag from /home/airflow/.local/lib/python3.8/site-packages/airflow/example_dags/example_short_circuit_operator.py
[2023-12-27T22:11:31.588+0000] {processor.py:840} INFO - DAG(s) 'example_short_circuit_operator' retrieved from /home/airflow/.local/lib/python3.8/site-packages/airflow/example_dags/example_short_circuit_operator.py
[2023-12-27T22:11:31.619+0000] {logging_mixin.py:188} INFO - [2023-12-27T22:11:31.619+0000] {dag.py:3033} INFO - Sync 1 DAGs
[2023-12-27T22:11:31.645+0000] {logging_mixin.py:188} INFO - [2023-12-27T22:11:31.644+0000] {dag.py:3820} INFO - Setting next_dagrun for example_short_circuit_operator to 2023-12-26T00:00:00+00:00, run_after=2023-12-27T00:00:00+00:00
[2023-12-27T22:11:31.675+0000] {processor.py:183} INFO - Processing /home/airflow/.local/lib/python3.8/site-packages/airflow/example_dags/example_short_circuit_operator.py took 0.107 seconds
[2023-12-27T22:12:04.536+0000] {processor.py:161} INFO - Started process (PID=575) to work on /home/airflow/.local/lib/python3.8/site-packages/airflow/example_dags/example_short_circuit_operator.py
[2023-12-27T22:12:04.604+0000] {processor.py:830} INFO - Processing file /home/airflow/.local/lib/python3.8/site-packages/airflow/example_dags/example_short_circuit_operator.py for tasks to queue
[2023-12-27T22:12:04.625+0000] {logging_mixin.py:188} INFO - [2023-12-27T22:12:04.624+0000] {dagbag.py:538} INFO - Filling up the DagBag from /home/airflow/.local/lib/python3.8/site-packages/airflow/example_dags/example_short_circuit_operator.py
[2023-12-27T22:12:04.666+0000] {processor.py:840} INFO - DAG(s) 'example_short_circuit_operator' retrieved from /home/airflow/.local/lib/python3.8/site-packages/airflow/example_dags/example_short_circuit_operator.py
[2023-12-27T22:12:04.822+0000] {logging_mixin.py:188} INFO - [2023-12-27T22:12:04.821+0000] {dag.py:3033} INFO - Sync 1 DAGs
[2023-12-27T22:12:04.945+0000] {logging_mixin.py:188} INFO - [2023-12-27T22:12:04.945+0000] {dag.py:3820} INFO - Setting next_dagrun for example_short_circuit_operator to 2023-12-26T00:00:00+00:00, run_after=2023-12-27T00:00:00+00:00
[2023-12-27T22:12:05.068+0000] {processor.py:183} INFO - Processing /home/airflow/.local/lib/python3.8/site-packages/airflow/example_dags/example_short_circuit_operator.py took 0.549 seconds
[2023-12-27T22:12:35.352+0000] {processor.py:161} INFO - Started process (PID=630) to work on /home/airflow/.local/lib/python3.8/site-packages/airflow/example_dags/example_short_circuit_operator.py
[2023-12-27T22:12:35.354+0000] {processor.py:830} INFO - Processing file /home/airflow/.local/lib/python3.8/site-packages/airflow/example_dags/example_short_circuit_operator.py for tasks to queue
[2023-12-27T22:12:35.357+0000] {logging_mixin.py:188} INFO - [2023-12-27T22:12:35.357+0000] {dagbag.py:538} INFO - Filling up the DagBag from /home/airflow/.local/lib/python3.8/site-packages/airflow/example_dags/example_short_circuit_operator.py
[2023-12-27T22:12:35.366+0000] {processor.py:840} INFO - DAG(s) 'example_short_circuit_operator' retrieved from /home/airflow/.local/lib/python3.8/site-packages/airflow/example_dags/example_short_circuit_operator.py
[2023-12-27T22:12:35.400+0000] {logging_mixin.py:188} INFO - [2023-12-27T22:12:35.399+0000] {dag.py:3033} INFO - Sync 1 DAGs
[2023-12-27T22:12:35.432+0000] {logging_mixin.py:188} INFO - [2023-12-27T22:12:35.432+0000] {dag.py:3820} INFO - Setting next_dagrun for example_short_circuit_operator to 2023-12-26T00:00:00+00:00, run_after=2023-12-27T00:00:00+00:00
[2023-12-27T22:12:35.662+0000] {processor.py:183} INFO - Processing /home/airflow/.local/lib/python3.8/site-packages/airflow/example_dags/example_short_circuit_operator.py took 0.314 seconds
[2023-12-27T22:13:06.066+0000] {processor.py:161} INFO - Started process (PID=685) to work on /home/airflow/.local/lib/python3.8/site-packages/airflow/example_dags/example_short_circuit_operator.py
[2023-12-27T22:13:06.069+0000] {processor.py:830} INFO - Processing file /home/airflow/.local/lib/python3.8/site-packages/airflow/example_dags/example_short_circuit_operator.py for tasks to queue
[2023-12-27T22:13:06.079+0000] {logging_mixin.py:188} INFO - [2023-12-27T22:13:06.078+0000] {dagbag.py:538} INFO - Filling up the DagBag from /home/airflow/.local/lib/python3.8/site-packages/airflow/example_dags/example_short_circuit_operator.py
[2023-12-27T22:13:06.104+0000] {processor.py:840} INFO - DAG(s) 'example_short_circuit_operator' retrieved from /home/airflow/.local/lib/python3.8/site-packages/airflow/example_dags/example_short_circuit_operator.py
[2023-12-27T22:13:06.171+0000] {logging_mixin.py:188} INFO - [2023-12-27T22:13:06.170+0000] {dag.py:3033} INFO - Sync 1 DAGs
[2023-12-27T22:13:06.234+0000] {logging_mixin.py:188} INFO - [2023-12-27T22:13:06.234+0000] {dag.py:3820} INFO - Setting next_dagrun for example_short_circuit_operator to 2023-12-26T00:00:00+00:00, run_after=2023-12-27T00:00:00+00:00
[2023-12-27T22:13:06.307+0000] {processor.py:183} INFO - Processing /home/airflow/.local/lib/python3.8/site-packages/airflow/example_dags/example_short_circuit_operator.py took 0.248 seconds
[2023-12-27T22:13:36.832+0000] {processor.py:161} INFO - Started process (PID=740) to work on /home/airflow/.local/lib/python3.8/site-packages/airflow/example_dags/example_short_circuit_operator.py
[2023-12-27T22:13:36.833+0000] {processor.py:830} INFO - Processing file /home/airflow/.local/lib/python3.8/site-packages/airflow/example_dags/example_short_circuit_operator.py for tasks to queue
[2023-12-27T22:13:36.837+0000] {logging_mixin.py:188} INFO - [2023-12-27T22:13:36.836+0000] {dagbag.py:538} INFO - Filling up the DagBag from /home/airflow/.local/lib/python3.8/site-packages/airflow/example_dags/example_short_circuit_operator.py
[2023-12-27T22:13:36.848+0000] {processor.py:840} INFO - DAG(s) 'example_short_circuit_operator' retrieved from /home/airflow/.local/lib/python3.8/site-packages/airflow/example_dags/example_short_circuit_operator.py
[2023-12-27T22:13:36.881+0000] {logging_mixin.py:188} INFO - [2023-12-27T22:13:36.880+0000] {dag.py:3033} INFO - Sync 1 DAGs
[2023-12-27T22:13:36.909+0000] {logging_mixin.py:188} INFO - [2023-12-27T22:13:36.909+0000] {dag.py:3820} INFO - Setting next_dagrun for example_short_circuit_operator to 2023-12-26T00:00:00+00:00, run_after=2023-12-27T00:00:00+00:00
[2023-12-27T22:13:36.939+0000] {processor.py:183} INFO - Processing /home/airflow/.local/lib/python3.8/site-packages/airflow/example_dags/example_short_circuit_operator.py took 0.111 seconds
[2023-12-27T22:14:07.569+0000] {processor.py:161} INFO - Started process (PID=795) to work on /home/airflow/.local/lib/python3.8/site-packages/airflow/example_dags/example_short_circuit_operator.py
[2023-12-27T22:14:07.571+0000] {processor.py:830} INFO - Processing file /home/airflow/.local/lib/python3.8/site-packages/airflow/example_dags/example_short_circuit_operator.py for tasks to queue
[2023-12-27T22:14:07.575+0000] {logging_mixin.py:188} INFO - [2023-12-27T22:14:07.574+0000] {dagbag.py:538} INFO - Filling up the DagBag from /home/airflow/.local/lib/python3.8/site-packages/airflow/example_dags/example_short_circuit_operator.py
[2023-12-27T22:14:07.584+0000] {processor.py:840} INFO - DAG(s) 'example_short_circuit_operator' retrieved from /home/airflow/.local/lib/python3.8/site-packages/airflow/example_dags/example_short_circuit_operator.py
[2023-12-27T22:14:07.620+0000] {logging_mixin.py:188} INFO - [2023-12-27T22:14:07.620+0000] {dag.py:3033} INFO - Sync 1 DAGs
[2023-12-27T22:14:07.670+0000] {logging_mixin.py:188} INFO - [2023-12-27T22:14:07.670+0000] {dag.py:3820} INFO - Setting next_dagrun for example_short_circuit_operator to 2023-12-26T00:00:00+00:00, run_after=2023-12-27T00:00:00+00:00
[2023-12-27T22:14:07.912+0000] {processor.py:183} INFO - Processing /home/airflow/.local/lib/python3.8/site-packages/airflow/example_dags/example_short_circuit_operator.py took 0.346 seconds
[2023-12-27T22:14:38.101+0000] {processor.py:161} INFO - Started process (PID=850) to work on /home/airflow/.local/lib/python3.8/site-packages/airflow/example_dags/example_short_circuit_operator.py
[2023-12-27T22:14:38.103+0000] {processor.py:830} INFO - Processing file /home/airflow/.local/lib/python3.8/site-packages/airflow/example_dags/example_short_circuit_operator.py for tasks to queue
[2023-12-27T22:14:38.107+0000] {logging_mixin.py:188} INFO - [2023-12-27T22:14:38.107+0000] {dagbag.py:538} INFO - Filling up the DagBag from /home/airflow/.local/lib/python3.8/site-packages/airflow/example_dags/example_short_circuit_operator.py
[2023-12-27T22:14:38.118+0000] {processor.py:840} INFO - DAG(s) 'example_short_circuit_operator' retrieved from /home/airflow/.local/lib/python3.8/site-packages/airflow/example_dags/example_short_circuit_operator.py
[2023-12-27T22:14:38.158+0000] {logging_mixin.py:188} INFO - [2023-12-27T22:14:38.157+0000] {dag.py:3033} INFO - Sync 1 DAGs
[2023-12-27T22:14:38.197+0000] {logging_mixin.py:188} INFO - [2023-12-27T22:14:38.197+0000] {dag.py:3820} INFO - Setting next_dagrun for example_short_circuit_operator to 2023-12-26T00:00:00+00:00, run_after=2023-12-27T00:00:00+00:00
[2023-12-27T22:14:38.247+0000] {processor.py:183} INFO - Processing /home/airflow/.local/lib/python3.8/site-packages/airflow/example_dags/example_short_circuit_operator.py took 0.151 seconds
[2023-12-27T22:15:09.074+0000] {processor.py:161} INFO - Started process (PID=905) to work on /home/airflow/.local/lib/python3.8/site-packages/airflow/example_dags/example_short_circuit_operator.py
[2023-12-27T22:15:09.076+0000] {processor.py:830} INFO - Processing file /home/airflow/.local/lib/python3.8/site-packages/airflow/example_dags/example_short_circuit_operator.py for tasks to queue
[2023-12-27T22:15:09.080+0000] {logging_mixin.py:188} INFO - [2023-12-27T22:15:09.079+0000] {dagbag.py:538} INFO - Filling up the DagBag from /home/airflow/.local/lib/python3.8/site-packages/airflow/example_dags/example_short_circuit_operator.py
[2023-12-27T22:15:09.100+0000] {processor.py:840} INFO - DAG(s) 'example_short_circuit_operator' retrieved from /home/airflow/.local/lib/python3.8/site-packages/airflow/example_dags/example_short_circuit_operator.py
[2023-12-27T22:15:09.142+0000] {logging_mixin.py:188} INFO - [2023-12-27T22:15:09.142+0000] {dag.py:3033} INFO - Sync 1 DAGs
[2023-12-27T22:15:09.172+0000] {logging_mixin.py:188} INFO - [2023-12-27T22:15:09.172+0000] {dag.py:3820} INFO - Setting next_dagrun for example_short_circuit_operator to 2023-12-26T00:00:00+00:00, run_after=2023-12-27T00:00:00+00:00
[2023-12-27T22:15:09.202+0000] {processor.py:183} INFO - Processing /home/airflow/.local/lib/python3.8/site-packages/airflow/example_dags/example_short_circuit_operator.py took 0.139 seconds
[2023-12-27T22:15:39.365+0000] {processor.py:161} INFO - Started process (PID=960) to work on /home/airflow/.local/lib/python3.8/site-packages/airflow/example_dags/example_short_circuit_operator.py
[2023-12-27T22:15:39.368+0000] {processor.py:830} INFO - Processing file /home/airflow/.local/lib/python3.8/site-packages/airflow/example_dags/example_short_circuit_operator.py for tasks to queue
[2023-12-27T22:15:39.375+0000] {logging_mixin.py:188} INFO - [2023-12-27T22:15:39.374+0000] {dagbag.py:538} INFO - Filling up the DagBag from /home/airflow/.local/lib/python3.8/site-packages/airflow/example_dags/example_short_circuit_operator.py
[2023-12-27T22:15:39.395+0000] {processor.py:840} INFO - DAG(s) 'example_short_circuit_operator' retrieved from /home/airflow/.local/lib/python3.8/site-packages/airflow/example_dags/example_short_circuit_operator.py
[2023-12-27T22:15:39.439+0000] {logging_mixin.py:188} INFO - [2023-12-27T22:15:39.439+0000] {dag.py:3033} INFO - Sync 1 DAGs
[2023-12-27T22:15:39.478+0000] {logging_mixin.py:188} INFO - [2023-12-27T22:15:39.478+0000] {dag.py:3820} INFO - Setting next_dagrun for example_short_circuit_operator to 2023-12-26T00:00:00+00:00, run_after=2023-12-27T00:00:00+00:00
[2023-12-27T22:15:39.512+0000] {processor.py:183} INFO - Processing /home/airflow/.local/lib/python3.8/site-packages/airflow/example_dags/example_short_circuit_operator.py took 0.151 seconds
[2023-12-27T22:16:09.929+0000] {processor.py:161} INFO - Started process (PID=1015) to work on /home/airflow/.local/lib/python3.8/site-packages/airflow/example_dags/example_short_circuit_operator.py
[2023-12-27T22:16:09.931+0000] {processor.py:830} INFO - Processing file /home/airflow/.local/lib/python3.8/site-packages/airflow/example_dags/example_short_circuit_operator.py for tasks to queue
[2023-12-27T22:16:09.934+0000] {logging_mixin.py:188} INFO - [2023-12-27T22:16:09.934+0000] {dagbag.py:538} INFO - Filling up the DagBag from /home/airflow/.local/lib/python3.8/site-packages/airflow/example_dags/example_short_circuit_operator.py
[2023-12-27T22:16:09.945+0000] {processor.py:840} INFO - DAG(s) 'example_short_circuit_operator' retrieved from /home/airflow/.local/lib/python3.8/site-packages/airflow/example_dags/example_short_circuit_operator.py
[2023-12-27T22:16:09.992+0000] {logging_mixin.py:188} INFO - [2023-12-27T22:16:09.992+0000] {dag.py:3033} INFO - Sync 1 DAGs
[2023-12-27T22:16:10.051+0000] {logging_mixin.py:188} INFO - [2023-12-27T22:16:10.051+0000] {dag.py:3820} INFO - Setting next_dagrun for example_short_circuit_operator to 2023-12-26T00:00:00+00:00, run_after=2023-12-27T00:00:00+00:00
[2023-12-27T22:16:10.131+0000] {processor.py:183} INFO - Processing /home/airflow/.local/lib/python3.8/site-packages/airflow/example_dags/example_short_circuit_operator.py took 0.206 seconds
[2023-12-27T22:16:40.714+0000] {processor.py:161} INFO - Started process (PID=1070) to work on /home/airflow/.local/lib/python3.8/site-packages/airflow/example_dags/example_short_circuit_operator.py
[2023-12-27T22:16:40.722+0000] {processor.py:830} INFO - Processing file /home/airflow/.local/lib/python3.8/site-packages/airflow/example_dags/example_short_circuit_operator.py for tasks to queue
[2023-12-27T22:16:40.726+0000] {logging_mixin.py:188} INFO - [2023-12-27T22:16:40.726+0000] {dagbag.py:538} INFO - Filling up the DagBag from /home/airflow/.local/lib/python3.8/site-packages/airflow/example_dags/example_short_circuit_operator.py
[2023-12-27T22:16:40.746+0000] {processor.py:840} INFO - DAG(s) 'example_short_circuit_operator' retrieved from /home/airflow/.local/lib/python3.8/site-packages/airflow/example_dags/example_short_circuit_operator.py
[2023-12-27T22:16:40.779+0000] {logging_mixin.py:188} INFO - [2023-12-27T22:16:40.778+0000] {dag.py:3033} INFO - Sync 1 DAGs
[2023-12-27T22:16:40.805+0000] {logging_mixin.py:188} INFO - [2023-12-27T22:16:40.805+0000] {dag.py:3820} INFO - Setting next_dagrun for example_short_circuit_operator to 2023-12-26T00:00:00+00:00, run_after=2023-12-27T00:00:00+00:00
[2023-12-27T22:16:41.091+0000] {processor.py:183} INFO - Processing /home/airflow/.local/lib/python3.8/site-packages/airflow/example_dags/example_short_circuit_operator.py took 0.381 seconds
[2023-12-27T22:17:11.340+0000] {processor.py:161} INFO - Started process (PID=1121) to work on /home/airflow/.local/lib/python3.8/site-packages/airflow/example_dags/example_short_circuit_operator.py
[2023-12-27T22:17:11.342+0000] {processor.py:830} INFO - Processing file /home/airflow/.local/lib/python3.8/site-packages/airflow/example_dags/example_short_circuit_operator.py for tasks to queue
[2023-12-27T22:17:11.345+0000] {logging_mixin.py:188} INFO - [2023-12-27T22:17:11.345+0000] {dagbag.py:538} INFO - Filling up the DagBag from /home/airflow/.local/lib/python3.8/site-packages/airflow/example_dags/example_short_circuit_operator.py
[2023-12-27T22:17:11.355+0000] {processor.py:840} INFO - DAG(s) 'example_short_circuit_operator' retrieved from /home/airflow/.local/lib/python3.8/site-packages/airflow/example_dags/example_short_circuit_operator.py
[2023-12-27T22:17:11.385+0000] {logging_mixin.py:188} INFO - [2023-12-27T22:17:11.385+0000] {dag.py:3033} INFO - Sync 1 DAGs
[2023-12-27T22:17:11.419+0000] {logging_mixin.py:188} INFO - [2023-12-27T22:17:11.419+0000] {dag.py:3820} INFO - Setting next_dagrun for example_short_circuit_operator to 2023-12-26T00:00:00+00:00, run_after=2023-12-27T00:00:00+00:00
[2023-12-27T22:17:11.515+0000] {processor.py:183} INFO - Processing /home/airflow/.local/lib/python3.8/site-packages/airflow/example_dags/example_short_circuit_operator.py took 0.178 seconds
[2023-12-27T22:17:41.630+0000] {processor.py:161} INFO - Started process (PID=1176) to work on /home/airflow/.local/lib/python3.8/site-packages/airflow/example_dags/example_short_circuit_operator.py
[2023-12-27T22:17:41.631+0000] {processor.py:830} INFO - Processing file /home/airflow/.local/lib/python3.8/site-packages/airflow/example_dags/example_short_circuit_operator.py for tasks to queue
[2023-12-27T22:17:41.634+0000] {logging_mixin.py:188} INFO - [2023-12-27T22:17:41.634+0000] {dagbag.py:538} INFO - Filling up the DagBag from /home/airflow/.local/lib/python3.8/site-packages/airflow/example_dags/example_short_circuit_operator.py
[2023-12-27T22:17:41.645+0000] {processor.py:840} INFO - DAG(s) 'example_short_circuit_operator' retrieved from /home/airflow/.local/lib/python3.8/site-packages/airflow/example_dags/example_short_circuit_operator.py
[2023-12-27T22:17:41.672+0000] {logging_mixin.py:188} INFO - [2023-12-27T22:17:41.672+0000] {dag.py:3033} INFO - Sync 1 DAGs
[2023-12-27T22:17:41.698+0000] {logging_mixin.py:188} INFO - [2023-12-27T22:17:41.698+0000] {dag.py:3820} INFO - Setting next_dagrun for example_short_circuit_operator to 2023-12-26T00:00:00+00:00, run_after=2023-12-27T00:00:00+00:00
[2023-12-27T22:17:41.736+0000] {processor.py:183} INFO - Processing /home/airflow/.local/lib/python3.8/site-packages/airflow/example_dags/example_short_circuit_operator.py took 0.109 seconds
[2023-12-27T22:18:12.161+0000] {processor.py:161} INFO - Started process (PID=1231) to work on /home/airflow/.local/lib/python3.8/site-packages/airflow/example_dags/example_short_circuit_operator.py
[2023-12-27T22:18:12.162+0000] {processor.py:830} INFO - Processing file /home/airflow/.local/lib/python3.8/site-packages/airflow/example_dags/example_short_circuit_operator.py for tasks to queue
[2023-12-27T22:18:12.166+0000] {logging_mixin.py:188} INFO - [2023-12-27T22:18:12.165+0000] {dagbag.py:538} INFO - Filling up the DagBag from /home/airflow/.local/lib/python3.8/site-packages/airflow/example_dags/example_short_circuit_operator.py
[2023-12-27T22:18:12.174+0000] {processor.py:840} INFO - DAG(s) 'example_short_circuit_operator' retrieved from /home/airflow/.local/lib/python3.8/site-packages/airflow/example_dags/example_short_circuit_operator.py
[2023-12-27T22:18:12.201+0000] {logging_mixin.py:188} INFO - [2023-12-27T22:18:12.201+0000] {dag.py:3033} INFO - Sync 1 DAGs
[2023-12-27T22:18:12.233+0000] {logging_mixin.py:188} INFO - [2023-12-27T22:18:12.233+0000] {dag.py:3820} INFO - Setting next_dagrun for example_short_circuit_operator to 2023-12-26T00:00:00+00:00, run_after=2023-12-27T00:00:00+00:00
[2023-12-27T22:18:12.307+0000] {processor.py:183} INFO - Processing /home/airflow/.local/lib/python3.8/site-packages/airflow/example_dags/example_short_circuit_operator.py took 0.150 seconds
