[2023-12-27T22:07:18.075+0000] {processor.py:161} INFO - Started process (PID=70) to work on /home/airflow/.local/lib/python3.8/site-packages/airflow/example_dags/example_nested_branch_dag.py
[2023-12-27T22:07:18.082+0000] {processor.py:830} INFO - Processing file /home/airflow/.local/lib/python3.8/site-packages/airflow/example_dags/example_nested_branch_dag.py for tasks to queue
[2023-12-27T22:07:18.194+0000] {logging_mixin.py:188} INFO - [2023-12-27T22:07:18.193+0000] {dagbag.py:538} INFO - Filling up the DagBag from /home/airflow/.local/lib/python3.8/site-packages/airflow/example_dags/example_nested_branch_dag.py
[2023-12-27T22:07:18.978+0000] {processor.py:840} INFO - DAG(s) 'example_nested_branch_dag' retrieved from /home/airflow/.local/lib/python3.8/site-packages/airflow/example_dags/example_nested_branch_dag.py
[2023-12-27T22:07:20.667+0000] {logging_mixin.py:188} INFO - [2023-12-27T22:07:20.666+0000] {dag.py:3033} INFO - Sync 1 DAGs
[2023-12-27T22:07:21.893+0000] {logging_mixin.py:188} INFO - [2023-12-27T22:07:21.893+0000] {dag.py:3820} INFO - Setting next_dagrun for example_nested_branch_dag to 2023-12-26T00:00:00+00:00, run_after=2023-12-27T00:00:00+00:00
[2023-12-27T22:07:22.433+0000] {processor.py:183} INFO - Processing /home/airflow/.local/lib/python3.8/site-packages/airflow/example_dags/example_nested_branch_dag.py took 4.364 seconds
[2023-12-27T22:07:52.534+0000] {processor.py:161} INFO - Started process (PID=133) to work on /home/airflow/.local/lib/python3.8/site-packages/airflow/example_dags/example_nested_branch_dag.py
[2023-12-27T22:07:52.539+0000] {processor.py:830} INFO - Processing file /home/airflow/.local/lib/python3.8/site-packages/airflow/example_dags/example_nested_branch_dag.py for tasks to queue
[2023-12-27T22:07:52.543+0000] {logging_mixin.py:188} INFO - [2023-12-27T22:07:52.543+0000] {dagbag.py:538} INFO - Filling up the DagBag from /home/airflow/.local/lib/python3.8/site-packages/airflow/example_dags/example_nested_branch_dag.py
[2023-12-27T22:07:52.560+0000] {processor.py:840} INFO - DAG(s) 'example_nested_branch_dag' retrieved from /home/airflow/.local/lib/python3.8/site-packages/airflow/example_dags/example_nested_branch_dag.py
[2023-12-27T22:07:52.589+0000] {logging_mixin.py:188} INFO - [2023-12-27T22:07:52.589+0000] {dag.py:3033} INFO - Sync 1 DAGs
[2023-12-27T22:07:52.623+0000] {logging_mixin.py:188} INFO - [2023-12-27T22:07:52.623+0000] {dag.py:3820} INFO - Setting next_dagrun for example_nested_branch_dag to 2023-12-26T00:00:00+00:00, run_after=2023-12-27T00:00:00+00:00
[2023-12-27T22:07:52.654+0000] {processor.py:183} INFO - Processing /home/airflow/.local/lib/python3.8/site-packages/airflow/example_dags/example_nested_branch_dag.py took 0.126 seconds
[2023-12-27T22:08:27.608+0000] {processor.py:161} INFO - Started process (PID=187) to work on /home/airflow/.local/lib/python3.8/site-packages/airflow/example_dags/example_nested_branch_dag.py
[2023-12-27T22:08:27.612+0000] {processor.py:830} INFO - Processing file /home/airflow/.local/lib/python3.8/site-packages/airflow/example_dags/example_nested_branch_dag.py for tasks to queue
[2023-12-27T22:08:27.617+0000] {logging_mixin.py:188} INFO - [2023-12-27T22:08:27.617+0000] {dagbag.py:538} INFO - Filling up the DagBag from /home/airflow/.local/lib/python3.8/site-packages/airflow/example_dags/example_nested_branch_dag.py
[2023-12-27T22:08:27.651+0000] {processor.py:840} INFO - DAG(s) 'example_nested_branch_dag' retrieved from /home/airflow/.local/lib/python3.8/site-packages/airflow/example_dags/example_nested_branch_dag.py
[2023-12-27T22:08:27.709+0000] {logging_mixin.py:188} INFO - [2023-12-27T22:08:27.708+0000] {dag.py:3033} INFO - Sync 1 DAGs
[2023-12-27T22:08:27.764+0000] {logging_mixin.py:188} INFO - [2023-12-27T22:08:27.764+0000] {dag.py:3820} INFO - Setting next_dagrun for example_nested_branch_dag to 2023-12-26T00:00:00+00:00, run_after=2023-12-27T00:00:00+00:00
[2023-12-27T22:08:27.796+0000] {processor.py:183} INFO - Processing /home/airflow/.local/lib/python3.8/site-packages/airflow/example_dags/example_nested_branch_dag.py took 0.198 seconds
[2023-12-27T22:08:57.987+0000] {processor.py:161} INFO - Started process (PID=241) to work on /home/airflow/.local/lib/python3.8/site-packages/airflow/example_dags/example_nested_branch_dag.py
[2023-12-27T22:08:57.991+0000] {processor.py:830} INFO - Processing file /home/airflow/.local/lib/python3.8/site-packages/airflow/example_dags/example_nested_branch_dag.py for tasks to queue
[2023-12-27T22:08:58.000+0000] {logging_mixin.py:188} INFO - [2023-12-27T22:08:58.000+0000] {dagbag.py:538} INFO - Filling up the DagBag from /home/airflow/.local/lib/python3.8/site-packages/airflow/example_dags/example_nested_branch_dag.py
[2023-12-27T22:08:58.023+0000] {processor.py:840} INFO - DAG(s) 'example_nested_branch_dag' retrieved from /home/airflow/.local/lib/python3.8/site-packages/airflow/example_dags/example_nested_branch_dag.py
[2023-12-27T22:08:58.051+0000] {logging_mixin.py:188} INFO - [2023-12-27T22:08:58.051+0000] {dag.py:3033} INFO - Sync 1 DAGs
[2023-12-27T22:08:58.079+0000] {logging_mixin.py:188} INFO - [2023-12-27T22:08:58.079+0000] {dag.py:3820} INFO - Setting next_dagrun for example_nested_branch_dag to 2023-12-26T00:00:00+00:00, run_after=2023-12-27T00:00:00+00:00
[2023-12-27T22:08:58.113+0000] {processor.py:183} INFO - Processing /home/airflow/.local/lib/python3.8/site-packages/airflow/example_dags/example_nested_branch_dag.py took 0.140 seconds
[2023-12-27T22:09:28.271+0000] {processor.py:161} INFO - Started process (PID=295) to work on /home/airflow/.local/lib/python3.8/site-packages/airflow/example_dags/example_nested_branch_dag.py
[2023-12-27T22:09:28.273+0000] {processor.py:830} INFO - Processing file /home/airflow/.local/lib/python3.8/site-packages/airflow/example_dags/example_nested_branch_dag.py for tasks to queue
[2023-12-27T22:09:28.277+0000] {logging_mixin.py:188} INFO - [2023-12-27T22:09:28.277+0000] {dagbag.py:538} INFO - Filling up the DagBag from /home/airflow/.local/lib/python3.8/site-packages/airflow/example_dags/example_nested_branch_dag.py
[2023-12-27T22:09:28.296+0000] {processor.py:840} INFO - DAG(s) 'example_nested_branch_dag' retrieved from /home/airflow/.local/lib/python3.8/site-packages/airflow/example_dags/example_nested_branch_dag.py
[2023-12-27T22:09:28.330+0000] {logging_mixin.py:188} INFO - [2023-12-27T22:09:28.330+0000] {dag.py:3033} INFO - Sync 1 DAGs
[2023-12-27T22:09:28.360+0000] {logging_mixin.py:188} INFO - [2023-12-27T22:09:28.359+0000] {dag.py:3820} INFO - Setting next_dagrun for example_nested_branch_dag to 2023-12-26T00:00:00+00:00, run_after=2023-12-27T00:00:00+00:00
[2023-12-27T22:09:28.393+0000] {processor.py:183} INFO - Processing /home/airflow/.local/lib/python3.8/site-packages/airflow/example_dags/example_nested_branch_dag.py took 0.125 seconds
[2023-12-27T22:09:59.213+0000] {processor.py:161} INFO - Started process (PID=350) to work on /home/airflow/.local/lib/python3.8/site-packages/airflow/example_dags/example_nested_branch_dag.py
[2023-12-27T22:09:59.216+0000] {processor.py:830} INFO - Processing file /home/airflow/.local/lib/python3.8/site-packages/airflow/example_dags/example_nested_branch_dag.py for tasks to queue
[2023-12-27T22:09:59.220+0000] {logging_mixin.py:188} INFO - [2023-12-27T22:09:59.219+0000] {dagbag.py:538} INFO - Filling up the DagBag from /home/airflow/.local/lib/python3.8/site-packages/airflow/example_dags/example_nested_branch_dag.py
[2023-12-27T22:09:59.233+0000] {processor.py:840} INFO - DAG(s) 'example_nested_branch_dag' retrieved from /home/airflow/.local/lib/python3.8/site-packages/airflow/example_dags/example_nested_branch_dag.py
[2023-12-27T22:09:59.268+0000] {logging_mixin.py:188} INFO - [2023-12-27T22:09:59.267+0000] {dag.py:3033} INFO - Sync 1 DAGs
[2023-12-27T22:09:59.319+0000] {logging_mixin.py:188} INFO - [2023-12-27T22:09:59.319+0000] {dag.py:3820} INFO - Setting next_dagrun for example_nested_branch_dag to 2023-12-26T00:00:00+00:00, run_after=2023-12-27T00:00:00+00:00
[2023-12-27T22:09:59.347+0000] {processor.py:183} INFO - Processing /home/airflow/.local/lib/python3.8/site-packages/airflow/example_dags/example_nested_branch_dag.py took 0.138 seconds
[2023-12-27T22:10:29.430+0000] {processor.py:161} INFO - Started process (PID=405) to work on /home/airflow/.local/lib/python3.8/site-packages/airflow/example_dags/example_nested_branch_dag.py
[2023-12-27T22:10:29.432+0000] {processor.py:830} INFO - Processing file /home/airflow/.local/lib/python3.8/site-packages/airflow/example_dags/example_nested_branch_dag.py for tasks to queue
[2023-12-27T22:10:29.435+0000] {logging_mixin.py:188} INFO - [2023-12-27T22:10:29.435+0000] {dagbag.py:538} INFO - Filling up the DagBag from /home/airflow/.local/lib/python3.8/site-packages/airflow/example_dags/example_nested_branch_dag.py
[2023-12-27T22:10:29.450+0000] {processor.py:840} INFO - DAG(s) 'example_nested_branch_dag' retrieved from /home/airflow/.local/lib/python3.8/site-packages/airflow/example_dags/example_nested_branch_dag.py
[2023-12-27T22:10:29.486+0000] {logging_mixin.py:188} INFO - [2023-12-27T22:10:29.485+0000] {dag.py:3033} INFO - Sync 1 DAGs
[2023-12-27T22:10:29.530+0000] {logging_mixin.py:188} INFO - [2023-12-27T22:10:29.529+0000] {dag.py:3820} INFO - Setting next_dagrun for example_nested_branch_dag to 2023-12-26T00:00:00+00:00, run_after=2023-12-27T00:00:00+00:00
[2023-12-27T22:10:29.558+0000] {processor.py:183} INFO - Processing /home/airflow/.local/lib/python3.8/site-packages/airflow/example_dags/example_nested_branch_dag.py took 0.134 seconds
[2023-12-27T22:11:00.060+0000] {processor.py:161} INFO - Started process (PID=460) to work on /home/airflow/.local/lib/python3.8/site-packages/airflow/example_dags/example_nested_branch_dag.py
[2023-12-27T22:11:00.062+0000] {processor.py:830} INFO - Processing file /home/airflow/.local/lib/python3.8/site-packages/airflow/example_dags/example_nested_branch_dag.py for tasks to queue
[2023-12-27T22:11:00.065+0000] {logging_mixin.py:188} INFO - [2023-12-27T22:11:00.064+0000] {dagbag.py:538} INFO - Filling up the DagBag from /home/airflow/.local/lib/python3.8/site-packages/airflow/example_dags/example_nested_branch_dag.py
[2023-12-27T22:11:00.080+0000] {processor.py:840} INFO - DAG(s) 'example_nested_branch_dag' retrieved from /home/airflow/.local/lib/python3.8/site-packages/airflow/example_dags/example_nested_branch_dag.py
[2023-12-27T22:11:00.119+0000] {logging_mixin.py:188} INFO - [2023-12-27T22:11:00.119+0000] {dag.py:3033} INFO - Sync 1 DAGs
[2023-12-27T22:11:00.158+0000] {logging_mixin.py:188} INFO - [2023-12-27T22:11:00.158+0000] {dag.py:3820} INFO - Setting next_dagrun for example_nested_branch_dag to 2023-12-26T00:00:00+00:00, run_after=2023-12-27T00:00:00+00:00
[2023-12-27T22:11:00.189+0000] {processor.py:183} INFO - Processing /home/airflow/.local/lib/python3.8/site-packages/airflow/example_dags/example_nested_branch_dag.py took 0.133 seconds
[2023-12-27T22:11:31.160+0000] {processor.py:161} INFO - Started process (PID=515) to work on /home/airflow/.local/lib/python3.8/site-packages/airflow/example_dags/example_nested_branch_dag.py
[2023-12-27T22:11:31.162+0000] {processor.py:830} INFO - Processing file /home/airflow/.local/lib/python3.8/site-packages/airflow/example_dags/example_nested_branch_dag.py for tasks to queue
[2023-12-27T22:11:31.165+0000] {logging_mixin.py:188} INFO - [2023-12-27T22:11:31.165+0000] {dagbag.py:538} INFO - Filling up the DagBag from /home/airflow/.local/lib/python3.8/site-packages/airflow/example_dags/example_nested_branch_dag.py
[2023-12-27T22:11:31.178+0000] {processor.py:840} INFO - DAG(s) 'example_nested_branch_dag' retrieved from /home/airflow/.local/lib/python3.8/site-packages/airflow/example_dags/example_nested_branch_dag.py
[2023-12-27T22:11:31.205+0000] {logging_mixin.py:188} INFO - [2023-12-27T22:11:31.204+0000] {dag.py:3033} INFO - Sync 1 DAGs
[2023-12-27T22:11:31.234+0000] {logging_mixin.py:188} INFO - [2023-12-27T22:11:31.233+0000] {dag.py:3820} INFO - Setting next_dagrun for example_nested_branch_dag to 2023-12-26T00:00:00+00:00, run_after=2023-12-27T00:00:00+00:00
[2023-12-27T22:11:31.268+0000] {processor.py:183} INFO - Processing /home/airflow/.local/lib/python3.8/site-packages/airflow/example_dags/example_nested_branch_dag.py took 0.113 seconds
[2023-12-27T22:12:02.407+0000] {processor.py:161} INFO - Started process (PID=570) to work on /home/airflow/.local/lib/python3.8/site-packages/airflow/example_dags/example_nested_branch_dag.py
[2023-12-27T22:12:02.493+0000] {processor.py:830} INFO - Processing file /home/airflow/.local/lib/python3.8/site-packages/airflow/example_dags/example_nested_branch_dag.py for tasks to queue
[2023-12-27T22:12:02.497+0000] {logging_mixin.py:188} INFO - [2023-12-27T22:12:02.496+0000] {dagbag.py:538} INFO - Filling up the DagBag from /home/airflow/.local/lib/python3.8/site-packages/airflow/example_dags/example_nested_branch_dag.py
[2023-12-27T22:12:02.516+0000] {processor.py:840} INFO - DAG(s) 'example_nested_branch_dag' retrieved from /home/airflow/.local/lib/python3.8/site-packages/airflow/example_dags/example_nested_branch_dag.py
[2023-12-27T22:12:02.547+0000] {logging_mixin.py:188} INFO - [2023-12-27T22:12:02.546+0000] {dag.py:3033} INFO - Sync 1 DAGs
[2023-12-27T22:12:02.582+0000] {logging_mixin.py:188} INFO - [2023-12-27T22:12:02.582+0000] {dag.py:3820} INFO - Setting next_dagrun for example_nested_branch_dag to 2023-12-26T00:00:00+00:00, run_after=2023-12-27T00:00:00+00:00
[2023-12-27T22:12:02.813+0000] {processor.py:183} INFO - Processing /home/airflow/.local/lib/python3.8/site-packages/airflow/example_dags/example_nested_branch_dag.py took 0.412 seconds
[2023-12-27T22:12:32.944+0000] {processor.py:161} INFO - Started process (PID=624) to work on /home/airflow/.local/lib/python3.8/site-packages/airflow/example_dags/example_nested_branch_dag.py
[2023-12-27T22:12:32.945+0000] {processor.py:830} INFO - Processing file /home/airflow/.local/lib/python3.8/site-packages/airflow/example_dags/example_nested_branch_dag.py for tasks to queue
[2023-12-27T22:12:32.950+0000] {logging_mixin.py:188} INFO - [2023-12-27T22:12:32.949+0000] {dagbag.py:538} INFO - Filling up the DagBag from /home/airflow/.local/lib/python3.8/site-packages/airflow/example_dags/example_nested_branch_dag.py
[2023-12-27T22:12:32.965+0000] {processor.py:840} INFO - DAG(s) 'example_nested_branch_dag' retrieved from /home/airflow/.local/lib/python3.8/site-packages/airflow/example_dags/example_nested_branch_dag.py
[2023-12-27T22:12:32.991+0000] {logging_mixin.py:188} INFO - [2023-12-27T22:12:32.991+0000] {dag.py:3033} INFO - Sync 1 DAGs
[2023-12-27T22:12:33.022+0000] {logging_mixin.py:188} INFO - [2023-12-27T22:12:33.021+0000] {dag.py:3820} INFO - Setting next_dagrun for example_nested_branch_dag to 2023-12-26T00:00:00+00:00, run_after=2023-12-27T00:00:00+00:00
[2023-12-27T22:12:33.204+0000] {processor.py:183} INFO - Processing /home/airflow/.local/lib/python3.8/site-packages/airflow/example_dags/example_nested_branch_dag.py took 0.264 seconds
[2023-12-27T22:13:03.278+0000] {processor.py:161} INFO - Started process (PID=679) to work on /home/airflow/.local/lib/python3.8/site-packages/airflow/example_dags/example_nested_branch_dag.py
[2023-12-27T22:13:03.287+0000] {processor.py:830} INFO - Processing file /home/airflow/.local/lib/python3.8/site-packages/airflow/example_dags/example_nested_branch_dag.py for tasks to queue
[2023-12-27T22:13:03.291+0000] {logging_mixin.py:188} INFO - [2023-12-27T22:13:03.290+0000] {dagbag.py:538} INFO - Filling up the DagBag from /home/airflow/.local/lib/python3.8/site-packages/airflow/example_dags/example_nested_branch_dag.py
[2023-12-27T22:13:03.302+0000] {processor.py:840} INFO - DAG(s) 'example_nested_branch_dag' retrieved from /home/airflow/.local/lib/python3.8/site-packages/airflow/example_dags/example_nested_branch_dag.py
[2023-12-27T22:13:03.327+0000] {logging_mixin.py:188} INFO - [2023-12-27T22:13:03.327+0000] {dag.py:3033} INFO - Sync 1 DAGs
[2023-12-27T22:13:03.354+0000] {logging_mixin.py:188} INFO - [2023-12-27T22:13:03.354+0000] {dag.py:3820} INFO - Setting next_dagrun for example_nested_branch_dag to 2023-12-26T00:00:00+00:00, run_after=2023-12-27T00:00:00+00:00
[2023-12-27T22:13:03.386+0000] {processor.py:183} INFO - Processing /home/airflow/.local/lib/python3.8/site-packages/airflow/example_dags/example_nested_branch_dag.py took 0.112 seconds
[2023-12-27T22:13:33.906+0000] {processor.py:161} INFO - Started process (PID=726) to work on /home/airflow/.local/lib/python3.8/site-packages/airflow/example_dags/example_nested_branch_dag.py
[2023-12-27T22:13:33.908+0000] {processor.py:830} INFO - Processing file /home/airflow/.local/lib/python3.8/site-packages/airflow/example_dags/example_nested_branch_dag.py for tasks to queue
[2023-12-27T22:13:33.910+0000] {logging_mixin.py:188} INFO - [2023-12-27T22:13:33.910+0000] {dagbag.py:538} INFO - Filling up the DagBag from /home/airflow/.local/lib/python3.8/site-packages/airflow/example_dags/example_nested_branch_dag.py
[2023-12-27T22:13:33.921+0000] {processor.py:840} INFO - DAG(s) 'example_nested_branch_dag' retrieved from /home/airflow/.local/lib/python3.8/site-packages/airflow/example_dags/example_nested_branch_dag.py
[2023-12-27T22:13:33.948+0000] {logging_mixin.py:188} INFO - [2023-12-27T22:13:33.947+0000] {dag.py:3033} INFO - Sync 1 DAGs
[2023-12-27T22:13:33.986+0000] {logging_mixin.py:188} INFO - [2023-12-27T22:13:33.986+0000] {dag.py:3820} INFO - Setting next_dagrun for example_nested_branch_dag to 2023-12-26T00:00:00+00:00, run_after=2023-12-27T00:00:00+00:00
[2023-12-27T22:13:34.026+0000] {processor.py:183} INFO - Processing /home/airflow/.local/lib/python3.8/site-packages/airflow/example_dags/example_nested_branch_dag.py took 0.124 seconds
[2023-12-27T22:14:04.396+0000] {processor.py:161} INFO - Started process (PID=781) to work on /home/airflow/.local/lib/python3.8/site-packages/airflow/example_dags/example_nested_branch_dag.py
[2023-12-27T22:14:04.398+0000] {processor.py:830} INFO - Processing file /home/airflow/.local/lib/python3.8/site-packages/airflow/example_dags/example_nested_branch_dag.py for tasks to queue
[2023-12-27T22:14:04.403+0000] {logging_mixin.py:188} INFO - [2023-12-27T22:14:04.402+0000] {dagbag.py:538} INFO - Filling up the DagBag from /home/airflow/.local/lib/python3.8/site-packages/airflow/example_dags/example_nested_branch_dag.py
[2023-12-27T22:14:04.428+0000] {processor.py:840} INFO - DAG(s) 'example_nested_branch_dag' retrieved from /home/airflow/.local/lib/python3.8/site-packages/airflow/example_dags/example_nested_branch_dag.py
[2023-12-27T22:14:04.468+0000] {logging_mixin.py:188} INFO - [2023-12-27T22:14:04.468+0000] {dag.py:3033} INFO - Sync 1 DAGs
[2023-12-27T22:14:04.504+0000] {logging_mixin.py:188} INFO - [2023-12-27T22:14:04.504+0000] {dag.py:3820} INFO - Setting next_dagrun for example_nested_branch_dag to 2023-12-26T00:00:00+00:00, run_after=2023-12-27T00:00:00+00:00
[2023-12-27T22:14:04.533+0000] {processor.py:183} INFO - Processing /home/airflow/.local/lib/python3.8/site-packages/airflow/example_dags/example_nested_branch_dag.py took 0.143 seconds
[2023-12-27T22:14:35.770+0000] {processor.py:161} INFO - Started process (PID=835) to work on /home/airflow/.local/lib/python3.8/site-packages/airflow/example_dags/example_nested_branch_dag.py
[2023-12-27T22:14:35.772+0000] {processor.py:830} INFO - Processing file /home/airflow/.local/lib/python3.8/site-packages/airflow/example_dags/example_nested_branch_dag.py for tasks to queue
[2023-12-27T22:14:35.776+0000] {logging_mixin.py:188} INFO - [2023-12-27T22:14:35.775+0000] {dagbag.py:538} INFO - Filling up the DagBag from /home/airflow/.local/lib/python3.8/site-packages/airflow/example_dags/example_nested_branch_dag.py
[2023-12-27T22:14:35.790+0000] {processor.py:840} INFO - DAG(s) 'example_nested_branch_dag' retrieved from /home/airflow/.local/lib/python3.8/site-packages/airflow/example_dags/example_nested_branch_dag.py
[2023-12-27T22:14:35.837+0000] {logging_mixin.py:188} INFO - [2023-12-27T22:14:35.836+0000] {dag.py:3033} INFO - Sync 1 DAGs
[2023-12-27T22:14:35.877+0000] {logging_mixin.py:188} INFO - [2023-12-27T22:14:35.877+0000] {dag.py:3820} INFO - Setting next_dagrun for example_nested_branch_dag to 2023-12-26T00:00:00+00:00, run_after=2023-12-27T00:00:00+00:00
[2023-12-27T22:14:35.912+0000] {processor.py:183} INFO - Processing /home/airflow/.local/lib/python3.8/site-packages/airflow/example_dags/example_nested_branch_dag.py took 0.148 seconds
[2023-12-27T22:15:06.298+0000] {processor.py:161} INFO - Started process (PID=887) to work on /home/airflow/.local/lib/python3.8/site-packages/airflow/example_dags/example_nested_branch_dag.py
[2023-12-27T22:15:06.300+0000] {processor.py:830} INFO - Processing file /home/airflow/.local/lib/python3.8/site-packages/airflow/example_dags/example_nested_branch_dag.py for tasks to queue
[2023-12-27T22:15:06.304+0000] {logging_mixin.py:188} INFO - [2023-12-27T22:15:06.304+0000] {dagbag.py:538} INFO - Filling up the DagBag from /home/airflow/.local/lib/python3.8/site-packages/airflow/example_dags/example_nested_branch_dag.py
[2023-12-27T22:15:06.325+0000] {processor.py:840} INFO - DAG(s) 'example_nested_branch_dag' retrieved from /home/airflow/.local/lib/python3.8/site-packages/airflow/example_dags/example_nested_branch_dag.py
[2023-12-27T22:15:06.382+0000] {logging_mixin.py:188} INFO - [2023-12-27T22:15:06.382+0000] {dag.py:3033} INFO - Sync 1 DAGs
[2023-12-27T22:15:06.429+0000] {logging_mixin.py:188} INFO - [2023-12-27T22:15:06.429+0000] {dag.py:3820} INFO - Setting next_dagrun for example_nested_branch_dag to 2023-12-26T00:00:00+00:00, run_after=2023-12-27T00:00:00+00:00
[2023-12-27T22:15:06.466+0000] {processor.py:183} INFO - Processing /home/airflow/.local/lib/python3.8/site-packages/airflow/example_dags/example_nested_branch_dag.py took 0.174 seconds
[2023-12-27T22:15:36.585+0000] {processor.py:161} INFO - Started process (PID=942) to work on /home/airflow/.local/lib/python3.8/site-packages/airflow/example_dags/example_nested_branch_dag.py
[2023-12-27T22:15:36.586+0000] {processor.py:830} INFO - Processing file /home/airflow/.local/lib/python3.8/site-packages/airflow/example_dags/example_nested_branch_dag.py for tasks to queue
[2023-12-27T22:15:36.589+0000] {logging_mixin.py:188} INFO - [2023-12-27T22:15:36.588+0000] {dagbag.py:538} INFO - Filling up the DagBag from /home/airflow/.local/lib/python3.8/site-packages/airflow/example_dags/example_nested_branch_dag.py
[2023-12-27T22:15:36.600+0000] {processor.py:840} INFO - DAG(s) 'example_nested_branch_dag' retrieved from /home/airflow/.local/lib/python3.8/site-packages/airflow/example_dags/example_nested_branch_dag.py
[2023-12-27T22:15:36.636+0000] {logging_mixin.py:188} INFO - [2023-12-27T22:15:36.636+0000] {dag.py:3033} INFO - Sync 1 DAGs
[2023-12-27T22:15:36.672+0000] {logging_mixin.py:188} INFO - [2023-12-27T22:15:36.672+0000] {dag.py:3820} INFO - Setting next_dagrun for example_nested_branch_dag to 2023-12-26T00:00:00+00:00, run_after=2023-12-27T00:00:00+00:00
[2023-12-27T22:15:36.710+0000] {processor.py:183} INFO - Processing /home/airflow/.local/lib/python3.8/site-packages/airflow/example_dags/example_nested_branch_dag.py took 0.129 seconds
[2023-12-27T22:16:06.810+0000] {processor.py:161} INFO - Started process (PID=996) to work on /home/airflow/.local/lib/python3.8/site-packages/airflow/example_dags/example_nested_branch_dag.py
[2023-12-27T22:16:06.813+0000] {processor.py:830} INFO - Processing file /home/airflow/.local/lib/python3.8/site-packages/airflow/example_dags/example_nested_branch_dag.py for tasks to queue
[2023-12-27T22:16:06.817+0000] {logging_mixin.py:188} INFO - [2023-12-27T22:16:06.816+0000] {dagbag.py:538} INFO - Filling up the DagBag from /home/airflow/.local/lib/python3.8/site-packages/airflow/example_dags/example_nested_branch_dag.py
[2023-12-27T22:16:06.832+0000] {processor.py:840} INFO - DAG(s) 'example_nested_branch_dag' retrieved from /home/airflow/.local/lib/python3.8/site-packages/airflow/example_dags/example_nested_branch_dag.py
[2023-12-27T22:16:06.865+0000] {logging_mixin.py:188} INFO - [2023-12-27T22:16:06.865+0000] {dag.py:3033} INFO - Sync 1 DAGs
[2023-12-27T22:16:06.898+0000] {logging_mixin.py:188} INFO - [2023-12-27T22:16:06.898+0000] {dag.py:3820} INFO - Setting next_dagrun for example_nested_branch_dag to 2023-12-26T00:00:00+00:00, run_after=2023-12-27T00:00:00+00:00
[2023-12-27T22:16:06.937+0000] {processor.py:183} INFO - Processing /home/airflow/.local/lib/python3.8/site-packages/airflow/example_dags/example_nested_branch_dag.py took 0.131 seconds
[2023-12-27T22:16:37.036+0000] {processor.py:161} INFO - Started process (PID=1049) to work on /home/airflow/.local/lib/python3.8/site-packages/airflow/example_dags/example_nested_branch_dag.py
[2023-12-27T22:16:37.038+0000] {processor.py:830} INFO - Processing file /home/airflow/.local/lib/python3.8/site-packages/airflow/example_dags/example_nested_branch_dag.py for tasks to queue
[2023-12-27T22:16:37.042+0000] {logging_mixin.py:188} INFO - [2023-12-27T22:16:37.041+0000] {dagbag.py:538} INFO - Filling up the DagBag from /home/airflow/.local/lib/python3.8/site-packages/airflow/example_dags/example_nested_branch_dag.py
[2023-12-27T22:16:37.058+0000] {processor.py:840} INFO - DAG(s) 'example_nested_branch_dag' retrieved from /home/airflow/.local/lib/python3.8/site-packages/airflow/example_dags/example_nested_branch_dag.py
[2023-12-27T22:16:37.096+0000] {logging_mixin.py:188} INFO - [2023-12-27T22:16:37.096+0000] {dag.py:3033} INFO - Sync 1 DAGs
[2023-12-27T22:16:37.138+0000] {logging_mixin.py:188} INFO - [2023-12-27T22:16:37.138+0000] {dag.py:3820} INFO - Setting next_dagrun for example_nested_branch_dag to 2023-12-26T00:00:00+00:00, run_after=2023-12-27T00:00:00+00:00
[2023-12-27T22:16:37.184+0000] {processor.py:183} INFO - Processing /home/airflow/.local/lib/python3.8/site-packages/airflow/example_dags/example_nested_branch_dag.py took 0.152 seconds
[2023-12-27T22:17:07.698+0000] {processor.py:161} INFO - Started process (PID=1104) to work on /home/airflow/.local/lib/python3.8/site-packages/airflow/example_dags/example_nested_branch_dag.py
[2023-12-27T22:17:07.699+0000] {processor.py:830} INFO - Processing file /home/airflow/.local/lib/python3.8/site-packages/airflow/example_dags/example_nested_branch_dag.py for tasks to queue
[2023-12-27T22:17:07.702+0000] {logging_mixin.py:188} INFO - [2023-12-27T22:17:07.702+0000] {dagbag.py:538} INFO - Filling up the DagBag from /home/airflow/.local/lib/python3.8/site-packages/airflow/example_dags/example_nested_branch_dag.py
[2023-12-27T22:17:07.716+0000] {processor.py:840} INFO - DAG(s) 'example_nested_branch_dag' retrieved from /home/airflow/.local/lib/python3.8/site-packages/airflow/example_dags/example_nested_branch_dag.py
[2023-12-27T22:17:07.746+0000] {logging_mixin.py:188} INFO - [2023-12-27T22:17:07.745+0000] {dag.py:3033} INFO - Sync 1 DAGs
[2023-12-27T22:17:07.773+0000] {logging_mixin.py:188} INFO - [2023-12-27T22:17:07.773+0000] {dag.py:3820} INFO - Setting next_dagrun for example_nested_branch_dag to 2023-12-26T00:00:00+00:00, run_after=2023-12-27T00:00:00+00:00
[2023-12-27T22:17:07.808+0000] {processor.py:183} INFO - Processing /home/airflow/.local/lib/python3.8/site-packages/airflow/example_dags/example_nested_branch_dag.py took 0.114 seconds
[2023-12-27T22:17:37.864+0000] {processor.py:161} INFO - Started process (PID=1158) to work on /home/airflow/.local/lib/python3.8/site-packages/airflow/example_dags/example_nested_branch_dag.py
[2023-12-27T22:17:37.866+0000] {processor.py:830} INFO - Processing file /home/airflow/.local/lib/python3.8/site-packages/airflow/example_dags/example_nested_branch_dag.py for tasks to queue
[2023-12-27T22:17:37.871+0000] {logging_mixin.py:188} INFO - [2023-12-27T22:17:37.870+0000] {dagbag.py:538} INFO - Filling up the DagBag from /home/airflow/.local/lib/python3.8/site-packages/airflow/example_dags/example_nested_branch_dag.py
[2023-12-27T22:17:37.889+0000] {processor.py:840} INFO - DAG(s) 'example_nested_branch_dag' retrieved from /home/airflow/.local/lib/python3.8/site-packages/airflow/example_dags/example_nested_branch_dag.py
[2023-12-27T22:17:37.925+0000] {logging_mixin.py:188} INFO - [2023-12-27T22:17:37.924+0000] {dag.py:3033} INFO - Sync 1 DAGs
[2023-12-27T22:17:37.959+0000] {logging_mixin.py:188} INFO - [2023-12-27T22:17:37.959+0000] {dag.py:3820} INFO - Setting next_dagrun for example_nested_branch_dag to 2023-12-26T00:00:00+00:00, run_after=2023-12-27T00:00:00+00:00
[2023-12-27T22:17:37.995+0000] {processor.py:183} INFO - Processing /home/airflow/.local/lib/python3.8/site-packages/airflow/example_dags/example_nested_branch_dag.py took 0.137 seconds
[2023-12-27T22:18:08.075+0000] {processor.py:161} INFO - Started process (PID=1213) to work on /home/airflow/.local/lib/python3.8/site-packages/airflow/example_dags/example_nested_branch_dag.py
[2023-12-27T22:18:08.076+0000] {processor.py:830} INFO - Processing file /home/airflow/.local/lib/python3.8/site-packages/airflow/example_dags/example_nested_branch_dag.py for tasks to queue
[2023-12-27T22:18:08.079+0000] {logging_mixin.py:188} INFO - [2023-12-27T22:18:08.079+0000] {dagbag.py:538} INFO - Filling up the DagBag from /home/airflow/.local/lib/python3.8/site-packages/airflow/example_dags/example_nested_branch_dag.py
[2023-12-27T22:18:08.090+0000] {processor.py:840} INFO - DAG(s) 'example_nested_branch_dag' retrieved from /home/airflow/.local/lib/python3.8/site-packages/airflow/example_dags/example_nested_branch_dag.py
[2023-12-27T22:18:08.129+0000] {logging_mixin.py:188} INFO - [2023-12-27T22:18:08.128+0000] {dag.py:3033} INFO - Sync 1 DAGs
[2023-12-27T22:18:08.163+0000] {logging_mixin.py:188} INFO - [2023-12-27T22:18:08.162+0000] {dag.py:3820} INFO - Setting next_dagrun for example_nested_branch_dag to 2023-12-26T00:00:00+00:00, run_after=2023-12-27T00:00:00+00:00
[2023-12-27T22:18:08.198+0000] {processor.py:183} INFO - Processing /home/airflow/.local/lib/python3.8/site-packages/airflow/example_dags/example_nested_branch_dag.py took 0.127 seconds
