[2023-12-27T22:06:31.643+0000] {processor.py:161} INFO - Started process (PID=43) to work on /home/airflow/.local/lib/python3.8/site-packages/airflow/example_dags/tutorial_taskflow_api.py
[2023-12-27T22:06:31.645+0000] {processor.py:830} INFO - Processing file /home/airflow/.local/lib/python3.8/site-packages/airflow/example_dags/tutorial_taskflow_api.py for tasks to queue
[2023-12-27T22:06:31.650+0000] {logging_mixin.py:188} INFO - [2023-12-27T22:06:31.649+0000] {dagbag.py:538} INFO - Filling up the DagBag from /home/airflow/.local/lib/python3.8/site-packages/airflow/example_dags/tutorial_taskflow_api.py
[2023-12-27T22:06:31.669+0000] {processor.py:840} INFO - DAG(s) 'tutorial_taskflow_api' retrieved from /home/airflow/.local/lib/python3.8/site-packages/airflow/example_dags/tutorial_taskflow_api.py
[2023-12-27T22:06:31.926+0000] {logging_mixin.py:188} INFO - [2023-12-27T22:06:31.926+0000] {dag.py:3033} INFO - Sync 1 DAGs
[2023-12-27T22:06:31.971+0000] {logging_mixin.py:188} INFO - [2023-12-27T22:06:31.969+0000] {dag.py:3820} INFO - Setting next_dagrun for tutorial_taskflow_api to None, run_after=None
[2023-12-27T22:06:32.442+0000] {processor.py:183} INFO - Processing /home/airflow/.local/lib/python3.8/site-packages/airflow/example_dags/tutorial_taskflow_api.py took 0.805 seconds
[2023-12-27T22:07:38.104+0000] {processor.py:161} INFO - Started process (PID=107) to work on /home/airflow/.local/lib/python3.8/site-packages/airflow/example_dags/tutorial_taskflow_api.py
[2023-12-27T22:07:38.141+0000] {processor.py:830} INFO - Processing file /home/airflow/.local/lib/python3.8/site-packages/airflow/example_dags/tutorial_taskflow_api.py for tasks to queue
[2023-12-27T22:07:38.146+0000] {logging_mixin.py:188} INFO - [2023-12-27T22:07:38.145+0000] {dagbag.py:538} INFO - Filling up the DagBag from /home/airflow/.local/lib/python3.8/site-packages/airflow/example_dags/tutorial_taskflow_api.py
[2023-12-27T22:07:38.188+0000] {processor.py:840} INFO - DAG(s) 'tutorial_taskflow_api' retrieved from /home/airflow/.local/lib/python3.8/site-packages/airflow/example_dags/tutorial_taskflow_api.py
[2023-12-27T22:07:38.446+0000] {logging_mixin.py:188} INFO - [2023-12-27T22:07:38.446+0000] {dag.py:3033} INFO - Sync 1 DAGs
[2023-12-27T22:07:38.468+0000] {logging_mixin.py:188} INFO - [2023-12-27T22:07:38.467+0000] {dag.py:3820} INFO - Setting next_dagrun for tutorial_taskflow_api to None, run_after=None
[2023-12-27T22:07:39.841+0000] {processor.py:183} INFO - Processing /home/airflow/.local/lib/python3.8/site-packages/airflow/example_dags/tutorial_taskflow_api.py took 1.743 seconds
[2023-12-27T22:08:09.947+0000] {processor.py:161} INFO - Started process (PID=160) to work on /home/airflow/.local/lib/python3.8/site-packages/airflow/example_dags/tutorial_taskflow_api.py
[2023-12-27T22:08:09.949+0000] {processor.py:830} INFO - Processing file /home/airflow/.local/lib/python3.8/site-packages/airflow/example_dags/tutorial_taskflow_api.py for tasks to queue
[2023-12-27T22:08:09.952+0000] {logging_mixin.py:188} INFO - [2023-12-27T22:08:09.951+0000] {dagbag.py:538} INFO - Filling up the DagBag from /home/airflow/.local/lib/python3.8/site-packages/airflow/example_dags/tutorial_taskflow_api.py
[2023-12-27T22:08:09.961+0000] {processor.py:840} INFO - DAG(s) 'tutorial_taskflow_api' retrieved from /home/airflow/.local/lib/python3.8/site-packages/airflow/example_dags/tutorial_taskflow_api.py
[2023-12-27T22:08:09.990+0000] {logging_mixin.py:188} INFO - [2023-12-27T22:08:09.989+0000] {dag.py:3033} INFO - Sync 1 DAGs
[2023-12-27T22:08:10.005+0000] {logging_mixin.py:188} INFO - [2023-12-27T22:08:10.004+0000] {dag.py:3820} INFO - Setting next_dagrun for tutorial_taskflow_api to None, run_after=None
[2023-12-27T22:08:10.044+0000] {processor.py:183} INFO - Processing /home/airflow/.local/lib/python3.8/site-packages/airflow/example_dags/tutorial_taskflow_api.py took 0.101 seconds
[2023-12-27T22:08:49.539+0000] {processor.py:161} INFO - Started process (PID=201) to work on /home/airflow/.local/lib/python3.8/site-packages/airflow/example_dags/tutorial_taskflow_api.py
[2023-12-27T22:08:49.542+0000] {processor.py:830} INFO - Processing file /home/airflow/.local/lib/python3.8/site-packages/airflow/example_dags/tutorial_taskflow_api.py for tasks to queue
[2023-12-27T22:08:49.545+0000] {logging_mixin.py:188} INFO - [2023-12-27T22:08:49.545+0000] {dagbag.py:538} INFO - Filling up the DagBag from /home/airflow/.local/lib/python3.8/site-packages/airflow/example_dags/tutorial_taskflow_api.py
[2023-12-27T22:08:49.557+0000] {processor.py:840} INFO - DAG(s) 'tutorial_taskflow_api' retrieved from /home/airflow/.local/lib/python3.8/site-packages/airflow/example_dags/tutorial_taskflow_api.py
[2023-12-27T22:08:49.588+0000] {logging_mixin.py:188} INFO - [2023-12-27T22:08:49.588+0000] {dag.py:3033} INFO - Sync 1 DAGs
[2023-12-27T22:08:49.609+0000] {logging_mixin.py:188} INFO - [2023-12-27T22:08:49.609+0000] {dag.py:3820} INFO - Setting next_dagrun for tutorial_taskflow_api to None, run_after=None
[2023-12-27T22:08:49.654+0000] {processor.py:183} INFO - Processing /home/airflow/.local/lib/python3.8/site-packages/airflow/example_dags/tutorial_taskflow_api.py took 0.119 seconds
[2023-12-27T22:09:20.076+0000] {processor.py:161} INFO - Started process (PID=256) to work on /home/airflow/.local/lib/python3.8/site-packages/airflow/example_dags/tutorial_taskflow_api.py
[2023-12-27T22:09:20.077+0000] {processor.py:830} INFO - Processing file /home/airflow/.local/lib/python3.8/site-packages/airflow/example_dags/tutorial_taskflow_api.py for tasks to queue
[2023-12-27T22:09:20.080+0000] {logging_mixin.py:188} INFO - [2023-12-27T22:09:20.080+0000] {dagbag.py:538} INFO - Filling up the DagBag from /home/airflow/.local/lib/python3.8/site-packages/airflow/example_dags/tutorial_taskflow_api.py
[2023-12-27T22:09:20.089+0000] {processor.py:840} INFO - DAG(s) 'tutorial_taskflow_api' retrieved from /home/airflow/.local/lib/python3.8/site-packages/airflow/example_dags/tutorial_taskflow_api.py
[2023-12-27T22:09:20.115+0000] {logging_mixin.py:188} INFO - [2023-12-27T22:09:20.114+0000] {dag.py:3033} INFO - Sync 1 DAGs
[2023-12-27T22:09:20.143+0000] {logging_mixin.py:188} INFO - [2023-12-27T22:09:20.142+0000] {dag.py:3820} INFO - Setting next_dagrun for tutorial_taskflow_api to None, run_after=None
[2023-12-27T22:09:20.177+0000] {processor.py:183} INFO - Processing /home/airflow/.local/lib/python3.8/site-packages/airflow/example_dags/tutorial_taskflow_api.py took 0.105 seconds
[2023-12-27T22:09:50.297+0000] {processor.py:161} INFO - Started process (PID=309) to work on /home/airflow/.local/lib/python3.8/site-packages/airflow/example_dags/tutorial_taskflow_api.py
[2023-12-27T22:09:50.299+0000] {processor.py:830} INFO - Processing file /home/airflow/.local/lib/python3.8/site-packages/airflow/example_dags/tutorial_taskflow_api.py for tasks to queue
[2023-12-27T22:09:50.302+0000] {logging_mixin.py:188} INFO - [2023-12-27T22:09:50.302+0000] {dagbag.py:538} INFO - Filling up the DagBag from /home/airflow/.local/lib/python3.8/site-packages/airflow/example_dags/tutorial_taskflow_api.py
[2023-12-27T22:09:50.312+0000] {processor.py:840} INFO - DAG(s) 'tutorial_taskflow_api' retrieved from /home/airflow/.local/lib/python3.8/site-packages/airflow/example_dags/tutorial_taskflow_api.py
[2023-12-27T22:09:50.353+0000] {logging_mixin.py:188} INFO - [2023-12-27T22:09:50.353+0000] {dag.py:3033} INFO - Sync 1 DAGs
[2023-12-27T22:09:50.368+0000] {logging_mixin.py:188} INFO - [2023-12-27T22:09:50.368+0000] {dag.py:3820} INFO - Setting next_dagrun for tutorial_taskflow_api to None, run_after=None
[2023-12-27T22:09:50.404+0000] {processor.py:183} INFO - Processing /home/airflow/.local/lib/python3.8/site-packages/airflow/example_dags/tutorial_taskflow_api.py took 0.120 seconds
[2023-12-27T22:10:20.918+0000] {processor.py:161} INFO - Started process (PID=364) to work on /home/airflow/.local/lib/python3.8/site-packages/airflow/example_dags/tutorial_taskflow_api.py
[2023-12-27T22:10:20.920+0000] {processor.py:830} INFO - Processing file /home/airflow/.local/lib/python3.8/site-packages/airflow/example_dags/tutorial_taskflow_api.py for tasks to queue
[2023-12-27T22:10:20.923+0000] {logging_mixin.py:188} INFO - [2023-12-27T22:10:20.923+0000] {dagbag.py:538} INFO - Filling up the DagBag from /home/airflow/.local/lib/python3.8/site-packages/airflow/example_dags/tutorial_taskflow_api.py
[2023-12-27T22:10:20.930+0000] {processor.py:840} INFO - DAG(s) 'tutorial_taskflow_api' retrieved from /home/airflow/.local/lib/python3.8/site-packages/airflow/example_dags/tutorial_taskflow_api.py
[2023-12-27T22:10:20.952+0000] {logging_mixin.py:188} INFO - [2023-12-27T22:10:20.952+0000] {dag.py:3033} INFO - Sync 1 DAGs
[2023-12-27T22:10:20.967+0000] {logging_mixin.py:188} INFO - [2023-12-27T22:10:20.967+0000] {dag.py:3820} INFO - Setting next_dagrun for tutorial_taskflow_api to None, run_after=None
[2023-12-27T22:10:20.998+0000] {processor.py:183} INFO - Processing /home/airflow/.local/lib/python3.8/site-packages/airflow/example_dags/tutorial_taskflow_api.py took 0.083 seconds
[2023-12-27T22:10:51.208+0000] {processor.py:161} INFO - Started process (PID=419) to work on /home/airflow/.local/lib/python3.8/site-packages/airflow/example_dags/tutorial_taskflow_api.py
[2023-12-27T22:10:51.209+0000] {processor.py:830} INFO - Processing file /home/airflow/.local/lib/python3.8/site-packages/airflow/example_dags/tutorial_taskflow_api.py for tasks to queue
[2023-12-27T22:10:51.212+0000] {logging_mixin.py:188} INFO - [2023-12-27T22:10:51.212+0000] {dagbag.py:538} INFO - Filling up the DagBag from /home/airflow/.local/lib/python3.8/site-packages/airflow/example_dags/tutorial_taskflow_api.py
[2023-12-27T22:10:51.219+0000] {processor.py:840} INFO - DAG(s) 'tutorial_taskflow_api' retrieved from /home/airflow/.local/lib/python3.8/site-packages/airflow/example_dags/tutorial_taskflow_api.py
[2023-12-27T22:10:51.244+0000] {logging_mixin.py:188} INFO - [2023-12-27T22:10:51.243+0000] {dag.py:3033} INFO - Sync 1 DAGs
[2023-12-27T22:10:51.259+0000] {logging_mixin.py:188} INFO - [2023-12-27T22:10:51.259+0000] {dag.py:3820} INFO - Setting next_dagrun for tutorial_taskflow_api to None, run_after=None
[2023-12-27T22:10:51.295+0000] {processor.py:183} INFO - Processing /home/airflow/.local/lib/python3.8/site-packages/airflow/example_dags/tutorial_taskflow_api.py took 0.090 seconds
[2023-12-27T22:11:21.802+0000] {processor.py:161} INFO - Started process (PID=473) to work on /home/airflow/.local/lib/python3.8/site-packages/airflow/example_dags/tutorial_taskflow_api.py
[2023-12-27T22:11:21.816+0000] {processor.py:830} INFO - Processing file /home/airflow/.local/lib/python3.8/site-packages/airflow/example_dags/tutorial_taskflow_api.py for tasks to queue
[2023-12-27T22:11:21.820+0000] {logging_mixin.py:188} INFO - [2023-12-27T22:11:21.819+0000] {dagbag.py:538} INFO - Filling up the DagBag from /home/airflow/.local/lib/python3.8/site-packages/airflow/example_dags/tutorial_taskflow_api.py
[2023-12-27T22:11:21.837+0000] {processor.py:840} INFO - DAG(s) 'tutorial_taskflow_api' retrieved from /home/airflow/.local/lib/python3.8/site-packages/airflow/example_dags/tutorial_taskflow_api.py
[2023-12-27T22:11:21.869+0000] {logging_mixin.py:188} INFO - [2023-12-27T22:11:21.869+0000] {dag.py:3033} INFO - Sync 1 DAGs
[2023-12-27T22:11:21.894+0000] {logging_mixin.py:188} INFO - [2023-12-27T22:11:21.893+0000] {dag.py:3820} INFO - Setting next_dagrun for tutorial_taskflow_api to None, run_after=None
[2023-12-27T22:11:21.929+0000] {processor.py:183} INFO - Processing /home/airflow/.local/lib/python3.8/site-packages/airflow/example_dags/tutorial_taskflow_api.py took 0.139 seconds
[2023-12-27T22:11:54.143+0000] {processor.py:161} INFO - Started process (PID=528) to work on /home/airflow/.local/lib/python3.8/site-packages/airflow/example_dags/tutorial_taskflow_api.py
[2023-12-27T22:11:54.144+0000] {processor.py:830} INFO - Processing file /home/airflow/.local/lib/python3.8/site-packages/airflow/example_dags/tutorial_taskflow_api.py for tasks to queue
[2023-12-27T22:11:54.205+0000] {logging_mixin.py:188} INFO - [2023-12-27T22:11:54.205+0000] {dagbag.py:538} INFO - Filling up the DagBag from /home/airflow/.local/lib/python3.8/site-packages/airflow/example_dags/tutorial_taskflow_api.py
[2023-12-27T22:11:55.988+0000] {processor.py:840} INFO - DAG(s) 'tutorial_taskflow_api' retrieved from /home/airflow/.local/lib/python3.8/site-packages/airflow/example_dags/tutorial_taskflow_api.py
[2023-12-27T22:11:56.019+0000] {logging_mixin.py:188} INFO - [2023-12-27T22:11:56.018+0000] {dag.py:3033} INFO - Sync 1 DAGs
[2023-12-27T22:11:56.038+0000] {logging_mixin.py:188} INFO - [2023-12-27T22:11:56.037+0000] {dag.py:3820} INFO - Setting next_dagrun for tutorial_taskflow_api to None, run_after=None
[2023-12-27T22:11:56.082+0000] {processor.py:183} INFO - Processing /home/airflow/.local/lib/python3.8/site-packages/airflow/example_dags/tutorial_taskflow_api.py took 1.943 seconds
[2023-12-27T22:12:26.816+0000] {processor.py:161} INFO - Started process (PID=583) to work on /home/airflow/.local/lib/python3.8/site-packages/airflow/example_dags/tutorial_taskflow_api.py
[2023-12-27T22:12:26.818+0000] {processor.py:830} INFO - Processing file /home/airflow/.local/lib/python3.8/site-packages/airflow/example_dags/tutorial_taskflow_api.py for tasks to queue
[2023-12-27T22:12:26.824+0000] {logging_mixin.py:188} INFO - [2023-12-27T22:12:26.823+0000] {dagbag.py:538} INFO - Filling up the DagBag from /home/airflow/.local/lib/python3.8/site-packages/airflow/example_dags/tutorial_taskflow_api.py
[2023-12-27T22:12:26.838+0000] {processor.py:840} INFO - DAG(s) 'tutorial_taskflow_api' retrieved from /home/airflow/.local/lib/python3.8/site-packages/airflow/example_dags/tutorial_taskflow_api.py
[2023-12-27T22:12:26.877+0000] {logging_mixin.py:188} INFO - [2023-12-27T22:12:26.877+0000] {dag.py:3033} INFO - Sync 1 DAGs
[2023-12-27T22:12:26.898+0000] {logging_mixin.py:188} INFO - [2023-12-27T22:12:26.898+0000] {dag.py:3820} INFO - Setting next_dagrun for tutorial_taskflow_api to None, run_after=None
[2023-12-27T22:12:26.937+0000] {processor.py:183} INFO - Processing /home/airflow/.local/lib/python3.8/site-packages/airflow/example_dags/tutorial_taskflow_api.py took 0.125 seconds
[2023-12-27T22:12:57.343+0000] {processor.py:161} INFO - Started process (PID=638) to work on /home/airflow/.local/lib/python3.8/site-packages/airflow/example_dags/tutorial_taskflow_api.py
[2023-12-27T22:12:57.345+0000] {processor.py:830} INFO - Processing file /home/airflow/.local/lib/python3.8/site-packages/airflow/example_dags/tutorial_taskflow_api.py for tasks to queue
[2023-12-27T22:12:57.349+0000] {logging_mixin.py:188} INFO - [2023-12-27T22:12:57.348+0000] {dagbag.py:538} INFO - Filling up the DagBag from /home/airflow/.local/lib/python3.8/site-packages/airflow/example_dags/tutorial_taskflow_api.py
[2023-12-27T22:12:57.359+0000] {processor.py:840} INFO - DAG(s) 'tutorial_taskflow_api' retrieved from /home/airflow/.local/lib/python3.8/site-packages/airflow/example_dags/tutorial_taskflow_api.py
[2023-12-27T22:12:57.389+0000] {logging_mixin.py:188} INFO - [2023-12-27T22:12:57.389+0000] {dag.py:3033} INFO - Sync 1 DAGs
[2023-12-27T22:12:57.417+0000] {logging_mixin.py:188} INFO - [2023-12-27T22:12:57.417+0000] {dag.py:3820} INFO - Setting next_dagrun for tutorial_taskflow_api to None, run_after=None
[2023-12-27T22:12:57.475+0000] {processor.py:183} INFO - Processing /home/airflow/.local/lib/python3.8/site-packages/airflow/example_dags/tutorial_taskflow_api.py took 0.136 seconds
[2023-12-27T22:13:28.419+0000] {processor.py:161} INFO - Started process (PID=693) to work on /home/airflow/.local/lib/python3.8/site-packages/airflow/example_dags/tutorial_taskflow_api.py
[2023-12-27T22:13:28.420+0000] {processor.py:830} INFO - Processing file /home/airflow/.local/lib/python3.8/site-packages/airflow/example_dags/tutorial_taskflow_api.py for tasks to queue
[2023-12-27T22:13:28.423+0000] {logging_mixin.py:188} INFO - [2023-12-27T22:13:28.423+0000] {dagbag.py:538} INFO - Filling up the DagBag from /home/airflow/.local/lib/python3.8/site-packages/airflow/example_dags/tutorial_taskflow_api.py
[2023-12-27T22:13:28.431+0000] {processor.py:840} INFO - DAG(s) 'tutorial_taskflow_api' retrieved from /home/airflow/.local/lib/python3.8/site-packages/airflow/example_dags/tutorial_taskflow_api.py
[2023-12-27T22:13:28.472+0000] {logging_mixin.py:188} INFO - [2023-12-27T22:13:28.472+0000] {dag.py:3033} INFO - Sync 1 DAGs
[2023-12-27T22:13:28.493+0000] {logging_mixin.py:188} INFO - [2023-12-27T22:13:28.492+0000] {dag.py:3820} INFO - Setting next_dagrun for tutorial_taskflow_api to None, run_after=None
[2023-12-27T22:13:28.521+0000] {processor.py:183} INFO - Processing /home/airflow/.local/lib/python3.8/site-packages/airflow/example_dags/tutorial_taskflow_api.py took 0.143 seconds
[2023-12-27T22:13:58.691+0000] {processor.py:161} INFO - Started process (PID=748) to work on /home/airflow/.local/lib/python3.8/site-packages/airflow/example_dags/tutorial_taskflow_api.py
[2023-12-27T22:13:58.692+0000] {processor.py:830} INFO - Processing file /home/airflow/.local/lib/python3.8/site-packages/airflow/example_dags/tutorial_taskflow_api.py for tasks to queue
[2023-12-27T22:13:58.695+0000] {logging_mixin.py:188} INFO - [2023-12-27T22:13:58.695+0000] {dagbag.py:538} INFO - Filling up the DagBag from /home/airflow/.local/lib/python3.8/site-packages/airflow/example_dags/tutorial_taskflow_api.py
[2023-12-27T22:13:58.703+0000] {processor.py:840} INFO - DAG(s) 'tutorial_taskflow_api' retrieved from /home/airflow/.local/lib/python3.8/site-packages/airflow/example_dags/tutorial_taskflow_api.py
[2023-12-27T22:13:58.729+0000] {logging_mixin.py:188} INFO - [2023-12-27T22:13:58.729+0000] {dag.py:3033} INFO - Sync 1 DAGs
[2023-12-27T22:13:58.772+0000] {logging_mixin.py:188} INFO - [2023-12-27T22:13:58.772+0000] {dag.py:3820} INFO - Setting next_dagrun for tutorial_taskflow_api to None, run_after=None
[2023-12-27T22:13:58.866+0000] {processor.py:183} INFO - Processing /home/airflow/.local/lib/python3.8/site-packages/airflow/example_dags/tutorial_taskflow_api.py took 0.179 seconds
[2023-12-27T22:14:29.340+0000] {processor.py:161} INFO - Started process (PID=809) to work on /home/airflow/.local/lib/python3.8/site-packages/airflow/example_dags/tutorial_taskflow_api.py
[2023-12-27T22:14:29.342+0000] {processor.py:830} INFO - Processing file /home/airflow/.local/lib/python3.8/site-packages/airflow/example_dags/tutorial_taskflow_api.py for tasks to queue
[2023-12-27T22:14:29.347+0000] {logging_mixin.py:188} INFO - [2023-12-27T22:14:29.346+0000] {dagbag.py:538} INFO - Filling up the DagBag from /home/airflow/.local/lib/python3.8/site-packages/airflow/example_dags/tutorial_taskflow_api.py
[2023-12-27T22:14:29.355+0000] {processor.py:840} INFO - DAG(s) 'tutorial_taskflow_api' retrieved from /home/airflow/.local/lib/python3.8/site-packages/airflow/example_dags/tutorial_taskflow_api.py
[2023-12-27T22:14:29.387+0000] {logging_mixin.py:188} INFO - [2023-12-27T22:14:29.387+0000] {dag.py:3033} INFO - Sync 1 DAGs
[2023-12-27T22:14:29.410+0000] {logging_mixin.py:188} INFO - [2023-12-27T22:14:29.410+0000] {dag.py:3820} INFO - Setting next_dagrun for tutorial_taskflow_api to None, run_after=None
[2023-12-27T22:14:29.443+0000] {processor.py:183} INFO - Processing /home/airflow/.local/lib/python3.8/site-packages/airflow/example_dags/tutorial_taskflow_api.py took 0.107 seconds
[2023-12-27T22:14:59.775+0000] {processor.py:161} INFO - Started process (PID=864) to work on /home/airflow/.local/lib/python3.8/site-packages/airflow/example_dags/tutorial_taskflow_api.py
[2023-12-27T22:14:59.777+0000] {processor.py:830} INFO - Processing file /home/airflow/.local/lib/python3.8/site-packages/airflow/example_dags/tutorial_taskflow_api.py for tasks to queue
[2023-12-27T22:14:59.782+0000] {logging_mixin.py:188} INFO - [2023-12-27T22:14:59.781+0000] {dagbag.py:538} INFO - Filling up the DagBag from /home/airflow/.local/lib/python3.8/site-packages/airflow/example_dags/tutorial_taskflow_api.py
[2023-12-27T22:14:59.792+0000] {processor.py:840} INFO - DAG(s) 'tutorial_taskflow_api' retrieved from /home/airflow/.local/lib/python3.8/site-packages/airflow/example_dags/tutorial_taskflow_api.py
[2023-12-27T22:14:59.831+0000] {logging_mixin.py:188} INFO - [2023-12-27T22:14:59.831+0000] {dag.py:3033} INFO - Sync 1 DAGs
[2023-12-27T22:14:59.852+0000] {logging_mixin.py:188} INFO - [2023-12-27T22:14:59.851+0000] {dag.py:3820} INFO - Setting next_dagrun for tutorial_taskflow_api to None, run_after=None
[2023-12-27T22:14:59.890+0000] {processor.py:183} INFO - Processing /home/airflow/.local/lib/python3.8/site-packages/airflow/example_dags/tutorial_taskflow_api.py took 0.120 seconds
[2023-12-27T22:15:30.763+0000] {processor.py:161} INFO - Started process (PID=919) to work on /home/airflow/.local/lib/python3.8/site-packages/airflow/example_dags/tutorial_taskflow_api.py
[2023-12-27T22:15:30.765+0000] {processor.py:830} INFO - Processing file /home/airflow/.local/lib/python3.8/site-packages/airflow/example_dags/tutorial_taskflow_api.py for tasks to queue
[2023-12-27T22:15:30.769+0000] {logging_mixin.py:188} INFO - [2023-12-27T22:15:30.769+0000] {dagbag.py:538} INFO - Filling up the DagBag from /home/airflow/.local/lib/python3.8/site-packages/airflow/example_dags/tutorial_taskflow_api.py
[2023-12-27T22:15:30.780+0000] {processor.py:840} INFO - DAG(s) 'tutorial_taskflow_api' retrieved from /home/airflow/.local/lib/python3.8/site-packages/airflow/example_dags/tutorial_taskflow_api.py
[2023-12-27T22:15:30.808+0000] {logging_mixin.py:188} INFO - [2023-12-27T22:15:30.808+0000] {dag.py:3033} INFO - Sync 1 DAGs
[2023-12-27T22:15:30.825+0000] {logging_mixin.py:188} INFO - [2023-12-27T22:15:30.825+0000] {dag.py:3820} INFO - Setting next_dagrun for tutorial_taskflow_api to None, run_after=None
[2023-12-27T22:15:30.859+0000] {processor.py:183} INFO - Processing /home/airflow/.local/lib/python3.8/site-packages/airflow/example_dags/tutorial_taskflow_api.py took 0.101 seconds
[2023-12-27T22:16:01.519+0000] {processor.py:161} INFO - Started process (PID=974) to work on /home/airflow/.local/lib/python3.8/site-packages/airflow/example_dags/tutorial_taskflow_api.py
[2023-12-27T22:16:01.546+0000] {processor.py:830} INFO - Processing file /home/airflow/.local/lib/python3.8/site-packages/airflow/example_dags/tutorial_taskflow_api.py for tasks to queue
[2023-12-27T22:16:01.550+0000] {logging_mixin.py:188} INFO - [2023-12-27T22:16:01.550+0000] {dagbag.py:538} INFO - Filling up the DagBag from /home/airflow/.local/lib/python3.8/site-packages/airflow/example_dags/tutorial_taskflow_api.py
[2023-12-27T22:16:01.559+0000] {processor.py:840} INFO - DAG(s) 'tutorial_taskflow_api' retrieved from /home/airflow/.local/lib/python3.8/site-packages/airflow/example_dags/tutorial_taskflow_api.py
[2023-12-27T22:16:01.595+0000] {logging_mixin.py:188} INFO - [2023-12-27T22:16:01.594+0000] {dag.py:3033} INFO - Sync 1 DAGs
[2023-12-27T22:16:01.631+0000] {logging_mixin.py:188} INFO - [2023-12-27T22:16:01.631+0000] {dag.py:3820} INFO - Setting next_dagrun for tutorial_taskflow_api to None, run_after=None
[2023-12-27T22:16:01.989+0000] {processor.py:183} INFO - Processing /home/airflow/.local/lib/python3.8/site-packages/airflow/example_dags/tutorial_taskflow_api.py took 0.473 seconds
[2023-12-27T22:16:32.085+0000] {processor.py:161} INFO - Started process (PID=1029) to work on /home/airflow/.local/lib/python3.8/site-packages/airflow/example_dags/tutorial_taskflow_api.py
[2023-12-27T22:16:32.111+0000] {processor.py:830} INFO - Processing file /home/airflow/.local/lib/python3.8/site-packages/airflow/example_dags/tutorial_taskflow_api.py for tasks to queue
[2023-12-27T22:16:32.117+0000] {logging_mixin.py:188} INFO - [2023-12-27T22:16:32.116+0000] {dagbag.py:538} INFO - Filling up the DagBag from /home/airflow/.local/lib/python3.8/site-packages/airflow/example_dags/tutorial_taskflow_api.py
[2023-12-27T22:16:32.135+0000] {processor.py:840} INFO - DAG(s) 'tutorial_taskflow_api' retrieved from /home/airflow/.local/lib/python3.8/site-packages/airflow/example_dags/tutorial_taskflow_api.py
[2023-12-27T22:16:32.167+0000] {logging_mixin.py:188} INFO - [2023-12-27T22:16:32.167+0000] {dag.py:3033} INFO - Sync 1 DAGs
[2023-12-27T22:16:32.190+0000] {logging_mixin.py:188} INFO - [2023-12-27T22:16:32.190+0000] {dag.py:3820} INFO - Setting next_dagrun for tutorial_taskflow_api to None, run_after=None
[2023-12-27T22:16:32.468+0000] {processor.py:183} INFO - Processing /home/airflow/.local/lib/python3.8/site-packages/airflow/example_dags/tutorial_taskflow_api.py took 0.391 seconds
[2023-12-27T22:17:02.653+0000] {processor.py:161} INFO - Started process (PID=1084) to work on /home/airflow/.local/lib/python3.8/site-packages/airflow/example_dags/tutorial_taskflow_api.py
[2023-12-27T22:17:02.655+0000] {processor.py:830} INFO - Processing file /home/airflow/.local/lib/python3.8/site-packages/airflow/example_dags/tutorial_taskflow_api.py for tasks to queue
[2023-12-27T22:17:02.658+0000] {logging_mixin.py:188} INFO - [2023-12-27T22:17:02.658+0000] {dagbag.py:538} INFO - Filling up the DagBag from /home/airflow/.local/lib/python3.8/site-packages/airflow/example_dags/tutorial_taskflow_api.py
[2023-12-27T22:17:02.665+0000] {processor.py:840} INFO - DAG(s) 'tutorial_taskflow_api' retrieved from /home/airflow/.local/lib/python3.8/site-packages/airflow/example_dags/tutorial_taskflow_api.py
[2023-12-27T22:17:02.688+0000] {logging_mixin.py:188} INFO - [2023-12-27T22:17:02.688+0000] {dag.py:3033} INFO - Sync 1 DAGs
[2023-12-27T22:17:02.703+0000] {logging_mixin.py:188} INFO - [2023-12-27T22:17:02.703+0000] {dag.py:3820} INFO - Setting next_dagrun for tutorial_taskflow_api to None, run_after=None
[2023-12-27T22:17:02.736+0000] {processor.py:183} INFO - Processing /home/airflow/.local/lib/python3.8/site-packages/airflow/example_dags/tutorial_taskflow_api.py took 0.087 seconds
[2023-12-27T22:17:33.167+0000] {processor.py:161} INFO - Started process (PID=1139) to work on /home/airflow/.local/lib/python3.8/site-packages/airflow/example_dags/tutorial_taskflow_api.py
[2023-12-27T22:17:33.170+0000] {processor.py:830} INFO - Processing file /home/airflow/.local/lib/python3.8/site-packages/airflow/example_dags/tutorial_taskflow_api.py for tasks to queue
[2023-12-27T22:17:33.174+0000] {logging_mixin.py:188} INFO - [2023-12-27T22:17:33.173+0000] {dagbag.py:538} INFO - Filling up the DagBag from /home/airflow/.local/lib/python3.8/site-packages/airflow/example_dags/tutorial_taskflow_api.py
[2023-12-27T22:17:33.189+0000] {processor.py:840} INFO - DAG(s) 'tutorial_taskflow_api' retrieved from /home/airflow/.local/lib/python3.8/site-packages/airflow/example_dags/tutorial_taskflow_api.py
[2023-12-27T22:17:33.217+0000] {logging_mixin.py:188} INFO - [2023-12-27T22:17:33.217+0000] {dag.py:3033} INFO - Sync 1 DAGs
[2023-12-27T22:17:33.235+0000] {logging_mixin.py:188} INFO - [2023-12-27T22:17:33.234+0000] {dag.py:3820} INFO - Setting next_dagrun for tutorial_taskflow_api to None, run_after=None
[2023-12-27T22:17:33.273+0000] {processor.py:183} INFO - Processing /home/airflow/.local/lib/python3.8/site-packages/airflow/example_dags/tutorial_taskflow_api.py took 0.112 seconds
[2023-12-27T22:18:03.508+0000] {processor.py:161} INFO - Started process (PID=1194) to work on /home/airflow/.local/lib/python3.8/site-packages/airflow/example_dags/tutorial_taskflow_api.py
[2023-12-27T22:18:03.510+0000] {processor.py:830} INFO - Processing file /home/airflow/.local/lib/python3.8/site-packages/airflow/example_dags/tutorial_taskflow_api.py for tasks to queue
[2023-12-27T22:18:03.514+0000] {logging_mixin.py:188} INFO - [2023-12-27T22:18:03.513+0000] {dagbag.py:538} INFO - Filling up the DagBag from /home/airflow/.local/lib/python3.8/site-packages/airflow/example_dags/tutorial_taskflow_api.py
[2023-12-27T22:18:03.523+0000] {processor.py:840} INFO - DAG(s) 'tutorial_taskflow_api' retrieved from /home/airflow/.local/lib/python3.8/site-packages/airflow/example_dags/tutorial_taskflow_api.py
[2023-12-27T22:18:03.551+0000] {logging_mixin.py:188} INFO - [2023-12-27T22:18:03.551+0000] {dag.py:3033} INFO - Sync 1 DAGs
[2023-12-27T22:18:03.571+0000] {logging_mixin.py:188} INFO - [2023-12-27T22:18:03.571+0000] {dag.py:3820} INFO - Setting next_dagrun for tutorial_taskflow_api to None, run_after=None
[2023-12-27T22:18:03.604+0000] {processor.py:183} INFO - Processing /home/airflow/.local/lib/python3.8/site-packages/airflow/example_dags/tutorial_taskflow_api.py took 0.101 seconds
